[2024-10-06T04:30:13.260+0000] {processor.py:186} INFO - Started process (PID=677) to work on /opt/airflow/dags/hello_world.py
[2024-10-06T04:30:13.260+0000] {processor.py:914} INFO - Processing file /opt/airflow/dags/hello_world.py for tasks to queue
[2024-10-06T04:30:13.262+0000] {logging_mixin.py:190} INFO - [2024-10-06T04:30:13.262+0000] {dagbag.py:588} INFO - Filling up the DagBag from /opt/airflow/dags/hello_world.py
[2024-10-06T04:30:13.269+0000] {processor.py:925} INFO - DAG(s) 'hello_world' retrieved from /opt/airflow/dags/hello_world.py
[2024-10-06T04:30:13.356+0000] {logging_mixin.py:190} INFO - [2024-10-06T04:30:13.355+0000] {override.py:1900} INFO - Created Permission View: can edit on DAG:hello_world
[2024-10-06T04:30:13.368+0000] {logging_mixin.py:190} INFO - [2024-10-06T04:30:13.367+0000] {override.py:1900} INFO - Created Permission View: can delete on DAG:hello_world
[2024-10-06T04:30:13.377+0000] {logging_mixin.py:190} INFO - [2024-10-06T04:30:13.376+0000] {override.py:1900} INFO - Created Permission View: can read on DAG:hello_world
[2024-10-06T04:30:13.391+0000] {logging_mixin.py:190} INFO - [2024-10-06T04:30:13.390+0000] {override.py:1900} INFO - Created Permission View: can delete on DAG Run:hello_world
[2024-10-06T04:30:13.399+0000] {logging_mixin.py:190} INFO - [2024-10-06T04:30:13.399+0000] {override.py:1900} INFO - Created Permission View: can create on DAG Run:hello_world
[2024-10-06T04:30:13.407+0000] {logging_mixin.py:190} INFO - [2024-10-06T04:30:13.407+0000] {override.py:1900} INFO - Created Permission View: menu access on DAG Run:hello_world
[2024-10-06T04:30:13.416+0000] {logging_mixin.py:190} INFO - [2024-10-06T04:30:13.415+0000] {override.py:1900} INFO - Created Permission View: can read on DAG Run:hello_world
[2024-10-06T04:30:13.416+0000] {logging_mixin.py:190} INFO - [2024-10-06T04:30:13.416+0000] {dag.py:3239} INFO - Sync 1 DAGs
[2024-10-06T04:30:13.425+0000] {logging_mixin.py:190} INFO - [2024-10-06T04:30:13.425+0000] {dag.py:3262} INFO - Creating ORM DAG for hello_world
[2024-10-06T04:30:13.433+0000] {logging_mixin.py:190} INFO - [2024-10-06T04:30:13.433+0000] {dag.py:4180} INFO - Setting next_dagrun for hello_world to 2024-10-05 00:00:00+00:00, run_after=2024-10-06 00:00:00+00:00
[2024-10-06T04:30:13.450+0000] {processor.py:208} INFO - Processing /opt/airflow/dags/hello_world.py took 0.194 seconds
[2024-10-06T04:30:43.503+0000] {processor.py:186} INFO - Started process (PID=740) to work on /opt/airflow/dags/hello_world.py
[2024-10-06T04:30:43.504+0000] {processor.py:914} INFO - Processing file /opt/airflow/dags/hello_world.py for tasks to queue
[2024-10-06T04:30:43.506+0000] {logging_mixin.py:190} INFO - [2024-10-06T04:30:43.505+0000] {dagbag.py:588} INFO - Filling up the DagBag from /opt/airflow/dags/hello_world.py
[2024-10-06T04:30:43.512+0000] {processor.py:925} INFO - DAG(s) 'hello_world' retrieved from /opt/airflow/dags/hello_world.py
[2024-10-06T04:30:43.526+0000] {logging_mixin.py:190} INFO - [2024-10-06T04:30:43.526+0000] {dag.py:3239} INFO - Sync 1 DAGs
[2024-10-06T04:30:43.544+0000] {logging_mixin.py:190} INFO - [2024-10-06T04:30:43.544+0000] {dag.py:4180} INFO - Setting next_dagrun for hello_world to 2024-10-05 00:00:00+00:00, run_after=2024-10-06 00:00:00+00:00
[2024-10-06T04:30:43.560+0000] {processor.py:208} INFO - Processing /opt/airflow/dags/hello_world.py took 0.063 seconds
[2024-10-06T04:31:13.778+0000] {processor.py:186} INFO - Started process (PID=803) to work on /opt/airflow/dags/hello_world.py
[2024-10-06T04:31:13.778+0000] {processor.py:914} INFO - Processing file /opt/airflow/dags/hello_world.py for tasks to queue
[2024-10-06T04:31:13.780+0000] {logging_mixin.py:190} INFO - [2024-10-06T04:31:13.780+0000] {dagbag.py:588} INFO - Filling up the DagBag from /opt/airflow/dags/hello_world.py
[2024-10-06T04:31:13.787+0000] {processor.py:925} INFO - DAG(s) 'hello_world' retrieved from /opt/airflow/dags/hello_world.py
[2024-10-06T04:31:13.801+0000] {logging_mixin.py:190} INFO - [2024-10-06T04:31:13.801+0000] {dag.py:3239} INFO - Sync 1 DAGs
[2024-10-06T04:31:13.819+0000] {logging_mixin.py:190} INFO - [2024-10-06T04:31:13.819+0000] {dag.py:4180} INFO - Setting next_dagrun for hello_world to 2024-10-05 00:00:00+00:00, run_after=2024-10-06 00:00:00+00:00
[2024-10-06T04:31:13.837+0000] {processor.py:208} INFO - Processing /opt/airflow/dags/hello_world.py took 0.064 seconds
[2024-10-06T04:31:44.013+0000] {processor.py:186} INFO - Started process (PID=866) to work on /opt/airflow/dags/hello_world.py
[2024-10-06T04:31:44.014+0000] {processor.py:914} INFO - Processing file /opt/airflow/dags/hello_world.py for tasks to queue
[2024-10-06T04:31:44.015+0000] {logging_mixin.py:190} INFO - [2024-10-06T04:31:44.015+0000] {dagbag.py:588} INFO - Filling up the DagBag from /opt/airflow/dags/hello_world.py
[2024-10-06T04:31:44.022+0000] {processor.py:925} INFO - DAG(s) 'hello_world' retrieved from /opt/airflow/dags/hello_world.py
[2024-10-06T04:31:44.038+0000] {logging_mixin.py:190} INFO - [2024-10-06T04:31:44.038+0000] {dag.py:3239} INFO - Sync 1 DAGs
[2024-10-06T04:31:44.062+0000] {logging_mixin.py:190} INFO - [2024-10-06T04:31:44.062+0000] {dag.py:4180} INFO - Setting next_dagrun for hello_world to 2024-10-05 00:00:00+00:00, run_after=2024-10-06 00:00:00+00:00
[2024-10-06T04:31:44.083+0000] {processor.py:208} INFO - Processing /opt/airflow/dags/hello_world.py took 0.075 seconds
[2024-10-06T04:32:14.363+0000] {processor.py:186} INFO - Started process (PID=929) to work on /opt/airflow/dags/hello_world.py
[2024-10-06T04:32:14.363+0000] {processor.py:914} INFO - Processing file /opt/airflow/dags/hello_world.py for tasks to queue
[2024-10-06T04:32:14.365+0000] {logging_mixin.py:190} INFO - [2024-10-06T04:32:14.365+0000] {dagbag.py:588} INFO - Filling up the DagBag from /opt/airflow/dags/hello_world.py
[2024-10-06T04:32:14.372+0000] {processor.py:925} INFO - DAG(s) 'hello_world' retrieved from /opt/airflow/dags/hello_world.py
[2024-10-06T04:32:14.389+0000] {logging_mixin.py:190} INFO - [2024-10-06T04:32:14.388+0000] {dag.py:3239} INFO - Sync 1 DAGs
[2024-10-06T04:32:14.415+0000] {logging_mixin.py:190} INFO - [2024-10-06T04:32:14.414+0000] {dag.py:4180} INFO - Setting next_dagrun for hello_world to 2024-10-05 00:00:00+00:00, run_after=2024-10-06 00:00:00+00:00
[2024-10-06T04:32:14.435+0000] {processor.py:208} INFO - Processing /opt/airflow/dags/hello_world.py took 0.077 seconds
[2024-10-06T04:32:44.567+0000] {processor.py:186} INFO - Started process (PID=992) to work on /opt/airflow/dags/hello_world.py
[2024-10-06T04:32:44.567+0000] {processor.py:914} INFO - Processing file /opt/airflow/dags/hello_world.py for tasks to queue
[2024-10-06T04:32:44.569+0000] {logging_mixin.py:190} INFO - [2024-10-06T04:32:44.569+0000] {dagbag.py:588} INFO - Filling up the DagBag from /opt/airflow/dags/hello_world.py
[2024-10-06T04:32:44.575+0000] {processor.py:925} INFO - DAG(s) 'hello_world' retrieved from /opt/airflow/dags/hello_world.py
[2024-10-06T04:32:44.588+0000] {logging_mixin.py:190} INFO - [2024-10-06T04:32:44.588+0000] {dag.py:3239} INFO - Sync 1 DAGs
[2024-10-06T04:32:44.606+0000] {logging_mixin.py:190} INFO - [2024-10-06T04:32:44.606+0000] {dag.py:4180} INFO - Setting next_dagrun for hello_world to 2024-10-05 00:00:00+00:00, run_after=2024-10-06 00:00:00+00:00
[2024-10-06T04:32:44.623+0000] {processor.py:208} INFO - Processing /opt/airflow/dags/hello_world.py took 0.061 seconds
[2024-10-06T04:33:14.712+0000] {processor.py:186} INFO - Started process (PID=1055) to work on /opt/airflow/dags/hello_world.py
[2024-10-06T04:33:14.713+0000] {processor.py:914} INFO - Processing file /opt/airflow/dags/hello_world.py for tasks to queue
[2024-10-06T04:33:14.714+0000] {logging_mixin.py:190} INFO - [2024-10-06T04:33:14.714+0000] {dagbag.py:588} INFO - Filling up the DagBag from /opt/airflow/dags/hello_world.py
[2024-10-06T04:33:14.721+0000] {processor.py:925} INFO - DAG(s) 'hello_world' retrieved from /opt/airflow/dags/hello_world.py
[2024-10-06T04:33:14.735+0000] {logging_mixin.py:190} INFO - [2024-10-06T04:33:14.735+0000] {dag.py:3239} INFO - Sync 1 DAGs
[2024-10-06T04:33:14.754+0000] {logging_mixin.py:190} INFO - [2024-10-06T04:33:14.754+0000] {dag.py:4180} INFO - Setting next_dagrun for hello_world to 2024-10-05 00:00:00+00:00, run_after=2024-10-06 00:00:00+00:00
[2024-10-06T04:33:14.791+0000] {processor.py:208} INFO - Processing /opt/airflow/dags/hello_world.py took 0.084 seconds
[2024-10-06T04:33:44.952+0000] {processor.py:186} INFO - Started process (PID=1118) to work on /opt/airflow/dags/hello_world.py
[2024-10-06T04:33:44.953+0000] {processor.py:914} INFO - Processing file /opt/airflow/dags/hello_world.py for tasks to queue
[2024-10-06T04:33:44.954+0000] {logging_mixin.py:190} INFO - [2024-10-06T04:33:44.954+0000] {dagbag.py:588} INFO - Filling up the DagBag from /opt/airflow/dags/hello_world.py
[2024-10-06T04:33:44.961+0000] {processor.py:925} INFO - DAG(s) 'hello_world' retrieved from /opt/airflow/dags/hello_world.py
[2024-10-06T04:33:44.974+0000] {logging_mixin.py:190} INFO - [2024-10-06T04:33:44.973+0000] {dag.py:3239} INFO - Sync 1 DAGs
[2024-10-06T04:33:44.991+0000] {logging_mixin.py:190} INFO - [2024-10-06T04:33:44.991+0000] {dag.py:4180} INFO - Setting next_dagrun for hello_world to 2024-10-05 00:00:00+00:00, run_after=2024-10-06 00:00:00+00:00
[2024-10-06T04:33:45.009+0000] {processor.py:208} INFO - Processing /opt/airflow/dags/hello_world.py took 0.063 seconds
[2024-10-06T04:34:15.230+0000] {processor.py:186} INFO - Started process (PID=1181) to work on /opt/airflow/dags/hello_world.py
[2024-10-06T04:34:15.230+0000] {processor.py:914} INFO - Processing file /opt/airflow/dags/hello_world.py for tasks to queue
[2024-10-06T04:34:15.232+0000] {logging_mixin.py:190} INFO - [2024-10-06T04:34:15.232+0000] {dagbag.py:588} INFO - Filling up the DagBag from /opt/airflow/dags/hello_world.py
[2024-10-06T04:34:15.238+0000] {processor.py:925} INFO - DAG(s) 'hello_world' retrieved from /opt/airflow/dags/hello_world.py
[2024-10-06T04:34:15.251+0000] {logging_mixin.py:190} INFO - [2024-10-06T04:34:15.251+0000] {dag.py:3239} INFO - Sync 1 DAGs
[2024-10-06T04:34:15.269+0000] {logging_mixin.py:190} INFO - [2024-10-06T04:34:15.269+0000] {dag.py:4180} INFO - Setting next_dagrun for hello_world to 2024-10-05 00:00:00+00:00, run_after=2024-10-06 00:00:00+00:00
[2024-10-06T04:34:15.293+0000] {processor.py:208} INFO - Processing /opt/airflow/dags/hello_world.py took 0.067 seconds
[2024-10-06T04:34:45.823+0000] {processor.py:186} INFO - Started process (PID=1244) to work on /opt/airflow/dags/hello_world.py
[2024-10-06T04:34:45.823+0000] {processor.py:914} INFO - Processing file /opt/airflow/dags/hello_world.py for tasks to queue
[2024-10-06T04:34:45.825+0000] {logging_mixin.py:190} INFO - [2024-10-06T04:34:45.825+0000] {dagbag.py:588} INFO - Filling up the DagBag from /opt/airflow/dags/hello_world.py
[2024-10-06T04:34:45.831+0000] {processor.py:925} INFO - DAG(s) 'hello_world' retrieved from /opt/airflow/dags/hello_world.py
[2024-10-06T04:34:45.844+0000] {logging_mixin.py:190} INFO - [2024-10-06T04:34:45.844+0000] {dag.py:3239} INFO - Sync 1 DAGs
[2024-10-06T04:34:45.862+0000] {logging_mixin.py:190} INFO - [2024-10-06T04:34:45.862+0000] {dag.py:4180} INFO - Setting next_dagrun for hello_world to 2024-10-05 00:00:00+00:00, run_after=2024-10-06 00:00:00+00:00
[2024-10-06T04:34:45.877+0000] {processor.py:208} INFO - Processing /opt/airflow/dags/hello_world.py took 0.058 seconds
[2024-10-06T04:35:16.234+0000] {processor.py:186} INFO - Started process (PID=1307) to work on /opt/airflow/dags/hello_world.py
[2024-10-06T04:35:16.235+0000] {processor.py:914} INFO - Processing file /opt/airflow/dags/hello_world.py for tasks to queue
[2024-10-06T04:35:16.236+0000] {logging_mixin.py:190} INFO - [2024-10-06T04:35:16.236+0000] {dagbag.py:588} INFO - Filling up the DagBag from /opt/airflow/dags/hello_world.py
[2024-10-06T04:35:16.243+0000] {processor.py:925} INFO - DAG(s) 'hello_world' retrieved from /opt/airflow/dags/hello_world.py
[2024-10-06T04:35:16.257+0000] {logging_mixin.py:190} INFO - [2024-10-06T04:35:16.257+0000] {dag.py:3239} INFO - Sync 1 DAGs
[2024-10-06T04:35:16.275+0000] {logging_mixin.py:190} INFO - [2024-10-06T04:35:16.275+0000] {dag.py:4180} INFO - Setting next_dagrun for hello_world to 2024-10-05 00:00:00+00:00, run_after=2024-10-06 00:00:00+00:00
[2024-10-06T04:35:16.292+0000] {processor.py:208} INFO - Processing /opt/airflow/dags/hello_world.py took 0.063 seconds
[2024-10-06T04:35:46.590+0000] {processor.py:186} INFO - Started process (PID=1370) to work on /opt/airflow/dags/hello_world.py
[2024-10-06T04:35:46.590+0000] {processor.py:914} INFO - Processing file /opt/airflow/dags/hello_world.py for tasks to queue
[2024-10-06T04:35:46.592+0000] {logging_mixin.py:190} INFO - [2024-10-06T04:35:46.592+0000] {dagbag.py:588} INFO - Filling up the DagBag from /opt/airflow/dags/hello_world.py
[2024-10-06T04:35:46.599+0000] {processor.py:925} INFO - DAG(s) 'hello_world' retrieved from /opt/airflow/dags/hello_world.py
[2024-10-06T04:35:46.612+0000] {logging_mixin.py:190} INFO - [2024-10-06T04:35:46.612+0000] {dag.py:3239} INFO - Sync 1 DAGs
[2024-10-06T04:35:46.630+0000] {logging_mixin.py:190} INFO - [2024-10-06T04:35:46.630+0000] {dag.py:4180} INFO - Setting next_dagrun for hello_world to 2024-10-05 00:00:00+00:00, run_after=2024-10-06 00:00:00+00:00
[2024-10-06T04:35:46.648+0000] {processor.py:208} INFO - Processing /opt/airflow/dags/hello_world.py took 0.062 seconds
[2024-10-06T04:36:16.780+0000] {processor.py:186} INFO - Started process (PID=1433) to work on /opt/airflow/dags/hello_world.py
[2024-10-06T04:36:16.780+0000] {processor.py:914} INFO - Processing file /opt/airflow/dags/hello_world.py for tasks to queue
[2024-10-06T04:36:16.782+0000] {logging_mixin.py:190} INFO - [2024-10-06T04:36:16.782+0000] {dagbag.py:588} INFO - Filling up the DagBag from /opt/airflow/dags/hello_world.py
[2024-10-06T04:36:16.789+0000] {processor.py:925} INFO - DAG(s) 'hello_world' retrieved from /opt/airflow/dags/hello_world.py
[2024-10-06T04:36:16.802+0000] {logging_mixin.py:190} INFO - [2024-10-06T04:36:16.802+0000] {dag.py:3239} INFO - Sync 1 DAGs
[2024-10-06T04:36:16.820+0000] {logging_mixin.py:190} INFO - [2024-10-06T04:36:16.820+0000] {dag.py:4180} INFO - Setting next_dagrun for hello_world to 2024-10-05 00:00:00+00:00, run_after=2024-10-06 00:00:00+00:00
[2024-10-06T04:36:16.837+0000] {processor.py:208} INFO - Processing /opt/airflow/dags/hello_world.py took 0.062 seconds
[2024-10-06T04:36:46.942+0000] {processor.py:186} INFO - Started process (PID=1497) to work on /opt/airflow/dags/hello_world.py
[2024-10-06T04:36:46.943+0000] {processor.py:914} INFO - Processing file /opt/airflow/dags/hello_world.py for tasks to queue
[2024-10-06T04:36:46.944+0000] {logging_mixin.py:190} INFO - [2024-10-06T04:36:46.944+0000] {dagbag.py:588} INFO - Filling up the DagBag from /opt/airflow/dags/hello_world.py
[2024-10-06T04:36:46.951+0000] {processor.py:925} INFO - DAG(s) 'hello_world' retrieved from /opt/airflow/dags/hello_world.py
[2024-10-06T04:36:46.965+0000] {logging_mixin.py:190} INFO - [2024-10-06T04:36:46.964+0000] {dag.py:3239} INFO - Sync 1 DAGs
[2024-10-06T04:36:46.984+0000] {logging_mixin.py:190} INFO - [2024-10-06T04:36:46.984+0000] {dag.py:4180} INFO - Setting next_dagrun for hello_world to 2024-10-05 00:00:00+00:00, run_after=2024-10-06 00:00:00+00:00
[2024-10-06T04:36:47.001+0000] {processor.py:208} INFO - Processing /opt/airflow/dags/hello_world.py took 0.064 seconds
[2024-10-06T04:36:48.963+0000] {processor.py:186} INFO - Started process (PID=1504) to work on /opt/airflow/dags/hello_world.py
[2024-10-06T04:36:48.964+0000] {processor.py:914} INFO - Processing file /opt/airflow/dags/hello_world.py for tasks to queue
[2024-10-06T04:36:48.965+0000] {logging_mixin.py:190} INFO - [2024-10-06T04:36:48.965+0000] {dagbag.py:588} INFO - Filling up the DagBag from /opt/airflow/dags/hello_world.py
[2024-10-06T04:36:48.973+0000] {processor.py:925} INFO - DAG(s) 'hello_world_darma' retrieved from /opt/airflow/dags/hello_world.py
[2024-10-06T04:36:49.063+0000] {logging_mixin.py:190} INFO - [2024-10-06T04:36:49.062+0000] {override.py:1900} INFO - Created Permission View: can edit on DAG:hello_world_darma
[2024-10-06T04:36:49.074+0000] {logging_mixin.py:190} INFO - [2024-10-06T04:36:49.074+0000] {override.py:1900} INFO - Created Permission View: can delete on DAG:hello_world_darma
[2024-10-06T04:36:49.083+0000] {logging_mixin.py:190} INFO - [2024-10-06T04:36:49.083+0000] {override.py:1900} INFO - Created Permission View: can read on DAG:hello_world_darma
[2024-10-06T04:36:49.095+0000] {logging_mixin.py:190} INFO - [2024-10-06T04:36:49.095+0000] {override.py:1900} INFO - Created Permission View: can delete on DAG Run:hello_world_darma
[2024-10-06T04:36:49.103+0000] {logging_mixin.py:190} INFO - [2024-10-06T04:36:49.103+0000] {override.py:1900} INFO - Created Permission View: can create on DAG Run:hello_world_darma
[2024-10-06T04:36:49.111+0000] {logging_mixin.py:190} INFO - [2024-10-06T04:36:49.111+0000] {override.py:1900} INFO - Created Permission View: menu access on DAG Run:hello_world_darma
[2024-10-06T04:36:49.119+0000] {logging_mixin.py:190} INFO - [2024-10-06T04:36:49.119+0000] {override.py:1900} INFO - Created Permission View: can read on DAG Run:hello_world_darma
[2024-10-06T04:36:49.119+0000] {logging_mixin.py:190} INFO - [2024-10-06T04:36:49.119+0000] {dag.py:3239} INFO - Sync 1 DAGs
[2024-10-06T04:36:49.130+0000] {logging_mixin.py:190} INFO - [2024-10-06T04:36:49.129+0000] {dag.py:3262} INFO - Creating ORM DAG for hello_world_darma
[2024-10-06T04:36:49.138+0000] {logging_mixin.py:190} INFO - [2024-10-06T04:36:49.138+0000] {dag.py:4180} INFO - Setting next_dagrun for hello_world_darma to 2024-10-06 00:00:00+00:00, run_after=2024-10-07 00:00:00+00:00
[2024-10-06T04:36:49.153+0000] {processor.py:208} INFO - Processing /opt/airflow/dags/hello_world.py took 0.194 seconds
[2024-10-06T04:36:55.660+0000] {processor.py:186} INFO - Started process (PID=1517) to work on /opt/airflow/dags/hello_world.py
[2024-10-06T04:36:55.662+0000] {processor.py:914} INFO - Processing file /opt/airflow/dags/hello_world.py for tasks to queue
[2024-10-06T04:36:55.664+0000] {logging_mixin.py:190} INFO - [2024-10-06T04:36:55.664+0000] {dagbag.py:588} INFO - Filling up the DagBag from /opt/airflow/dags/hello_world.py
[2024-10-06T04:36:55.673+0000] {processor.py:925} INFO - DAG(s) 'hello_world_darma' retrieved from /opt/airflow/dags/hello_world.py
[2024-10-06T04:36:55.684+0000] {logging_mixin.py:190} INFO - [2024-10-06T04:36:55.683+0000] {dag.py:3239} INFO - Sync 1 DAGs
[2024-10-06T04:36:55.712+0000] {logging_mixin.py:190} INFO - [2024-10-06T04:36:55.712+0000] {dag.py:4180} INFO - Setting next_dagrun for hello_world_darma to 2024-10-06 00:00:00+00:00, run_after=2024-10-07 00:00:00+00:00
[2024-10-06T04:36:55.732+0000] {processor.py:208} INFO - Processing /opt/airflow/dags/hello_world.py took 0.078 seconds
[2024-10-06T04:37:17.526+0000] {processor.py:186} INFO - Started process (PID=1568) to work on /opt/airflow/dags/hello_world.py
[2024-10-06T04:37:17.526+0000] {processor.py:914} INFO - Processing file /opt/airflow/dags/hello_world.py for tasks to queue
[2024-10-06T04:37:17.528+0000] {logging_mixin.py:190} INFO - [2024-10-06T04:37:17.527+0000] {dagbag.py:588} INFO - Filling up the DagBag from /opt/airflow/dags/hello_world.py
[2024-10-06T04:37:17.535+0000] {processor.py:925} INFO - DAG(s) 'hello_world_darma' retrieved from /opt/airflow/dags/hello_world.py
[2024-10-06T04:37:17.543+0000] {logging_mixin.py:190} INFO - [2024-10-06T04:37:17.543+0000] {dag.py:3239} INFO - Sync 1 DAGs
[2024-10-06T04:37:17.561+0000] {logging_mixin.py:190} INFO - [2024-10-06T04:37:17.561+0000] {dag.py:4180} INFO - Setting next_dagrun for hello_world_darma to 2024-10-06 00:00:00+00:00, run_after=2024-10-07 00:00:00+00:00
[2024-10-06T04:37:17.582+0000] {processor.py:208} INFO - Processing /opt/airflow/dags/hello_world.py took 0.061 seconds
[2024-10-06T04:37:47.856+0000] {processor.py:186} INFO - Started process (PID=1631) to work on /opt/airflow/dags/hello_world.py
[2024-10-06T04:37:47.857+0000] {processor.py:914} INFO - Processing file /opt/airflow/dags/hello_world.py for tasks to queue
[2024-10-06T04:37:47.859+0000] {logging_mixin.py:190} INFO - [2024-10-06T04:37:47.858+0000] {dagbag.py:588} INFO - Filling up the DagBag from /opt/airflow/dags/hello_world.py
[2024-10-06T04:37:47.865+0000] {processor.py:925} INFO - DAG(s) 'hello_world_darma' retrieved from /opt/airflow/dags/hello_world.py
[2024-10-06T04:37:47.878+0000] {logging_mixin.py:190} INFO - [2024-10-06T04:37:47.878+0000] {dag.py:3239} INFO - Sync 1 DAGs
[2024-10-06T04:37:47.896+0000] {logging_mixin.py:190} INFO - [2024-10-06T04:37:47.896+0000] {dag.py:4180} INFO - Setting next_dagrun for hello_world_darma to 2024-10-06 00:00:00+00:00, run_after=2024-10-07 00:00:00+00:00
[2024-10-06T04:37:47.916+0000] {processor.py:208} INFO - Processing /opt/airflow/dags/hello_world.py took 0.064 seconds
[2024-10-06T04:38:18.362+0000] {processor.py:186} INFO - Started process (PID=1694) to work on /opt/airflow/dags/hello_world.py
[2024-10-06T04:38:18.362+0000] {processor.py:914} INFO - Processing file /opt/airflow/dags/hello_world.py for tasks to queue
[2024-10-06T04:38:18.364+0000] {logging_mixin.py:190} INFO - [2024-10-06T04:38:18.364+0000] {dagbag.py:588} INFO - Filling up the DagBag from /opt/airflow/dags/hello_world.py
[2024-10-06T04:38:18.370+0000] {processor.py:925} INFO - DAG(s) 'hello_world_darma' retrieved from /opt/airflow/dags/hello_world.py
[2024-10-06T04:38:18.383+0000] {logging_mixin.py:190} INFO - [2024-10-06T04:38:18.383+0000] {dag.py:3239} INFO - Sync 1 DAGs
[2024-10-06T04:38:18.401+0000] {logging_mixin.py:190} INFO - [2024-10-06T04:38:18.401+0000] {dag.py:4180} INFO - Setting next_dagrun for hello_world_darma to 2024-10-06 00:00:00+00:00, run_after=2024-10-07 00:00:00+00:00
[2024-10-06T04:38:18.425+0000] {processor.py:208} INFO - Processing /opt/airflow/dags/hello_world.py took 0.068 seconds
[2024-10-06T04:38:48.715+0000] {processor.py:186} INFO - Started process (PID=1757) to work on /opt/airflow/dags/hello_world.py
[2024-10-06T04:38:48.715+0000] {processor.py:914} INFO - Processing file /opt/airflow/dags/hello_world.py for tasks to queue
[2024-10-06T04:38:48.716+0000] {logging_mixin.py:190} INFO - [2024-10-06T04:38:48.716+0000] {dagbag.py:588} INFO - Filling up the DagBag from /opt/airflow/dags/hello_world.py
[2024-10-06T04:38:48.723+0000] {processor.py:925} INFO - DAG(s) 'hello_world_darma' retrieved from /opt/airflow/dags/hello_world.py
[2024-10-06T04:38:48.738+0000] {logging_mixin.py:190} INFO - [2024-10-06T04:38:48.738+0000] {dag.py:3239} INFO - Sync 1 DAGs
[2024-10-06T04:38:48.765+0000] {logging_mixin.py:190} INFO - [2024-10-06T04:38:48.765+0000] {dag.py:4180} INFO - Setting next_dagrun for hello_world_darma to 2024-10-06 00:00:00+00:00, run_after=2024-10-07 00:00:00+00:00
[2024-10-06T04:38:48.789+0000] {processor.py:208} INFO - Processing /opt/airflow/dags/hello_world.py took 0.080 seconds
[2024-10-06T04:39:19.576+0000] {processor.py:186} INFO - Started process (PID=1820) to work on /opt/airflow/dags/hello_world.py
[2024-10-06T04:39:19.576+0000] {processor.py:914} INFO - Processing file /opt/airflow/dags/hello_world.py for tasks to queue
[2024-10-06T04:39:19.577+0000] {logging_mixin.py:190} INFO - [2024-10-06T04:39:19.577+0000] {dagbag.py:588} INFO - Filling up the DagBag from /opt/airflow/dags/hello_world.py
[2024-10-06T04:39:19.586+0000] {processor.py:925} INFO - DAG(s) 'hello_world_darma' retrieved from /opt/airflow/dags/hello_world.py
[2024-10-06T04:39:19.605+0000] {logging_mixin.py:190} INFO - [2024-10-06T04:39:19.604+0000] {dag.py:3239} INFO - Sync 1 DAGs
[2024-10-06T04:39:19.633+0000] {logging_mixin.py:190} INFO - [2024-10-06T04:39:19.633+0000] {dag.py:4180} INFO - Setting next_dagrun for hello_world_darma to 2024-10-06 00:00:00+00:00, run_after=2024-10-07 00:00:00+00:00
[2024-10-06T04:39:19.659+0000] {processor.py:208} INFO - Processing /opt/airflow/dags/hello_world.py took 0.089 seconds
[2024-10-06T04:39:49.868+0000] {processor.py:186} INFO - Started process (PID=1883) to work on /opt/airflow/dags/hello_world.py
[2024-10-06T04:39:49.868+0000] {processor.py:914} INFO - Processing file /opt/airflow/dags/hello_world.py for tasks to queue
[2024-10-06T04:39:49.869+0000] {logging_mixin.py:190} INFO - [2024-10-06T04:39:49.869+0000] {dagbag.py:588} INFO - Filling up the DagBag from /opt/airflow/dags/hello_world.py
[2024-10-06T04:39:49.875+0000] {processor.py:925} INFO - DAG(s) 'hello_world_darma' retrieved from /opt/airflow/dags/hello_world.py
[2024-10-06T04:39:49.888+0000] {logging_mixin.py:190} INFO - [2024-10-06T04:39:49.888+0000] {dag.py:3239} INFO - Sync 1 DAGs
[2024-10-06T04:39:49.907+0000] {logging_mixin.py:190} INFO - [2024-10-06T04:39:49.906+0000] {dag.py:4180} INFO - Setting next_dagrun for hello_world_darma to 2024-10-06 00:00:00+00:00, run_after=2024-10-07 00:00:00+00:00
[2024-10-06T04:39:49.924+0000] {processor.py:208} INFO - Processing /opt/airflow/dags/hello_world.py took 0.061 seconds
[2024-10-06T04:40:20.000+0000] {processor.py:186} INFO - Started process (PID=1946) to work on /opt/airflow/dags/hello_world.py
[2024-10-06T04:40:20.000+0000] {processor.py:914} INFO - Processing file /opt/airflow/dags/hello_world.py for tasks to queue
[2024-10-06T04:40:20.001+0000] {logging_mixin.py:190} INFO - [2024-10-06T04:40:20.001+0000] {dagbag.py:588} INFO - Filling up the DagBag from /opt/airflow/dags/hello_world.py
[2024-10-06T04:40:20.008+0000] {processor.py:925} INFO - DAG(s) 'hello_world_darma' retrieved from /opt/airflow/dags/hello_world.py
[2024-10-06T04:40:20.021+0000] {logging_mixin.py:190} INFO - [2024-10-06T04:40:20.021+0000] {dag.py:3239} INFO - Sync 1 DAGs
[2024-10-06T04:40:20.040+0000] {logging_mixin.py:190} INFO - [2024-10-06T04:40:20.040+0000] {dag.py:4180} INFO - Setting next_dagrun for hello_world_darma to 2024-10-06 00:00:00+00:00, run_after=2024-10-07 00:00:00+00:00
[2024-10-06T04:40:20.061+0000] {processor.py:208} INFO - Processing /opt/airflow/dags/hello_world.py took 0.066 seconds
[2024-10-06T04:40:50.316+0000] {processor.py:186} INFO - Started process (PID=2009) to work on /opt/airflow/dags/hello_world.py
[2024-10-06T04:40:50.316+0000] {processor.py:914} INFO - Processing file /opt/airflow/dags/hello_world.py for tasks to queue
[2024-10-06T04:40:50.317+0000] {logging_mixin.py:190} INFO - [2024-10-06T04:40:50.317+0000] {dagbag.py:588} INFO - Filling up the DagBag from /opt/airflow/dags/hello_world.py
[2024-10-06T04:40:50.324+0000] {processor.py:925} INFO - DAG(s) 'hello_world_darma' retrieved from /opt/airflow/dags/hello_world.py
[2024-10-06T04:40:50.337+0000] {logging_mixin.py:190} INFO - [2024-10-06T04:40:50.337+0000] {dag.py:3239} INFO - Sync 1 DAGs
[2024-10-06T04:40:50.357+0000] {logging_mixin.py:190} INFO - [2024-10-06T04:40:50.357+0000] {dag.py:4180} INFO - Setting next_dagrun for hello_world_darma to 2024-10-06 00:00:00+00:00, run_after=2024-10-07 00:00:00+00:00
[2024-10-06T04:40:50.378+0000] {processor.py:208} INFO - Processing /opt/airflow/dags/hello_world.py took 0.068 seconds
[2024-10-06T04:41:21.228+0000] {processor.py:186} INFO - Started process (PID=2072) to work on /opt/airflow/dags/hello_world.py
[2024-10-06T04:41:21.228+0000] {processor.py:914} INFO - Processing file /opt/airflow/dags/hello_world.py for tasks to queue
[2024-10-06T04:41:21.229+0000] {logging_mixin.py:190} INFO - [2024-10-06T04:41:21.229+0000] {dagbag.py:588} INFO - Filling up the DagBag from /opt/airflow/dags/hello_world.py
[2024-10-06T04:41:21.235+0000] {processor.py:925} INFO - DAG(s) 'hello_world_darma' retrieved from /opt/airflow/dags/hello_world.py
[2024-10-06T04:41:21.248+0000] {logging_mixin.py:190} INFO - [2024-10-06T04:41:21.248+0000] {dag.py:3239} INFO - Sync 1 DAGs
[2024-10-06T04:41:21.268+0000] {logging_mixin.py:190} INFO - [2024-10-06T04:41:21.268+0000] {dag.py:4180} INFO - Setting next_dagrun for hello_world_darma to 2024-10-06 00:00:00+00:00, run_after=2024-10-07 00:00:00+00:00
[2024-10-06T04:41:21.295+0000] {processor.py:208} INFO - Processing /opt/airflow/dags/hello_world.py took 0.072 seconds
[2024-10-06T04:41:52.121+0000] {processor.py:186} INFO - Started process (PID=2136) to work on /opt/airflow/dags/hello_world.py
[2024-10-06T04:41:52.122+0000] {processor.py:914} INFO - Processing file /opt/airflow/dags/hello_world.py for tasks to queue
[2024-10-06T04:41:52.123+0000] {logging_mixin.py:190} INFO - [2024-10-06T04:41:52.122+0000] {dagbag.py:588} INFO - Filling up the DagBag from /opt/airflow/dags/hello_world.py
[2024-10-06T04:41:52.129+0000] {processor.py:925} INFO - DAG(s) 'hello_world_darma' retrieved from /opt/airflow/dags/hello_world.py
[2024-10-06T04:41:52.143+0000] {logging_mixin.py:190} INFO - [2024-10-06T04:41:52.143+0000] {dag.py:3239} INFO - Sync 1 DAGs
[2024-10-06T04:41:52.165+0000] {logging_mixin.py:190} INFO - [2024-10-06T04:41:52.165+0000] {dag.py:4180} INFO - Setting next_dagrun for hello_world_darma to 2024-10-06 00:00:00+00:00, run_after=2024-10-07 00:00:00+00:00
[2024-10-06T04:41:52.186+0000] {processor.py:208} INFO - Processing /opt/airflow/dags/hello_world.py took 0.069 seconds
[2024-10-06T04:42:22.885+0000] {processor.py:186} INFO - Started process (PID=2199) to work on /opt/airflow/dags/hello_world.py
[2024-10-06T04:42:22.886+0000] {processor.py:914} INFO - Processing file /opt/airflow/dags/hello_world.py for tasks to queue
[2024-10-06T04:42:22.886+0000] {logging_mixin.py:190} INFO - [2024-10-06T04:42:22.886+0000] {dagbag.py:588} INFO - Filling up the DagBag from /opt/airflow/dags/hello_world.py
[2024-10-06T04:42:22.893+0000] {processor.py:925} INFO - DAG(s) 'hello_world_darma' retrieved from /opt/airflow/dags/hello_world.py
[2024-10-06T04:42:22.907+0000] {logging_mixin.py:190} INFO - [2024-10-06T04:42:22.907+0000] {dag.py:3239} INFO - Sync 1 DAGs
[2024-10-06T04:42:22.926+0000] {logging_mixin.py:190} INFO - [2024-10-06T04:42:22.926+0000] {dag.py:4180} INFO - Setting next_dagrun for hello_world_darma to 2024-10-06 00:00:00+00:00, run_after=2024-10-07 00:00:00+00:00
[2024-10-06T04:42:22.954+0000] {processor.py:208} INFO - Processing /opt/airflow/dags/hello_world.py took 0.074 seconds
[2024-10-06T04:42:53.736+0000] {processor.py:186} INFO - Started process (PID=2262) to work on /opt/airflow/dags/hello_world.py
[2024-10-06T04:42:53.736+0000] {processor.py:914} INFO - Processing file /opt/airflow/dags/hello_world.py for tasks to queue
[2024-10-06T04:42:53.737+0000] {logging_mixin.py:190} INFO - [2024-10-06T04:42:53.737+0000] {dagbag.py:588} INFO - Filling up the DagBag from /opt/airflow/dags/hello_world.py
[2024-10-06T04:42:53.744+0000] {processor.py:925} INFO - DAG(s) 'hello_world_darma' retrieved from /opt/airflow/dags/hello_world.py
[2024-10-06T04:42:53.758+0000] {logging_mixin.py:190} INFO - [2024-10-06T04:42:53.758+0000] {dag.py:3239} INFO - Sync 1 DAGs
[2024-10-06T04:42:53.778+0000] {logging_mixin.py:190} INFO - [2024-10-06T04:42:53.777+0000] {dag.py:4180} INFO - Setting next_dagrun for hello_world_darma to 2024-10-06 00:00:00+00:00, run_after=2024-10-07 00:00:00+00:00
[2024-10-06T04:42:53.796+0000] {processor.py:208} INFO - Processing /opt/airflow/dags/hello_world.py took 0.065 seconds
[2024-10-06T04:43:24.505+0000] {processor.py:186} INFO - Started process (PID=2325) to work on /opt/airflow/dags/hello_world.py
[2024-10-06T04:43:24.505+0000] {processor.py:914} INFO - Processing file /opt/airflow/dags/hello_world.py for tasks to queue
[2024-10-06T04:43:24.506+0000] {logging_mixin.py:190} INFO - [2024-10-06T04:43:24.506+0000] {dagbag.py:588} INFO - Filling up the DagBag from /opt/airflow/dags/hello_world.py
[2024-10-06T04:43:24.513+0000] {processor.py:925} INFO - DAG(s) 'hello_world_darma' retrieved from /opt/airflow/dags/hello_world.py
[2024-10-06T04:43:24.526+0000] {logging_mixin.py:190} INFO - [2024-10-06T04:43:24.526+0000] {dag.py:3239} INFO - Sync 1 DAGs
[2024-10-06T04:43:24.544+0000] {logging_mixin.py:190} INFO - [2024-10-06T04:43:24.544+0000] {dag.py:4180} INFO - Setting next_dagrun for hello_world_darma to 2024-10-06 00:00:00+00:00, run_after=2024-10-07 00:00:00+00:00
[2024-10-06T04:43:24.561+0000] {processor.py:208} INFO - Processing /opt/airflow/dags/hello_world.py took 0.060 seconds
[2024-10-06T04:43:55.160+0000] {processor.py:186} INFO - Started process (PID=2389) to work on /opt/airflow/dags/hello_world.py
[2024-10-06T04:43:55.161+0000] {processor.py:914} INFO - Processing file /opt/airflow/dags/hello_world.py for tasks to queue
[2024-10-06T04:43:55.162+0000] {logging_mixin.py:190} INFO - [2024-10-06T04:43:55.162+0000] {dagbag.py:588} INFO - Filling up the DagBag from /opt/airflow/dags/hello_world.py
[2024-10-06T04:43:55.170+0000] {processor.py:925} INFO - DAG(s) 'hello_world_darma' retrieved from /opt/airflow/dags/hello_world.py
[2024-10-06T04:43:55.187+0000] {logging_mixin.py:190} INFO - [2024-10-06T04:43:55.187+0000] {dag.py:3239} INFO - Sync 1 DAGs
[2024-10-06T04:43:55.210+0000] {logging_mixin.py:190} INFO - [2024-10-06T04:43:55.210+0000] {dag.py:4180} INFO - Setting next_dagrun for hello_world_darma to 2024-10-06 00:00:00+00:00, run_after=2024-10-07 00:00:00+00:00
[2024-10-06T04:43:56.871+0000] {processor.py:208} INFO - Processing /opt/airflow/dags/hello_world.py took 1.716 seconds
[2024-10-06T04:44:27.593+0000] {processor.py:186} INFO - Started process (PID=2453) to work on /opt/airflow/dags/hello_world.py
[2024-10-06T04:44:27.594+0000] {processor.py:914} INFO - Processing file /opt/airflow/dags/hello_world.py for tasks to queue
[2024-10-06T04:44:27.595+0000] {logging_mixin.py:190} INFO - [2024-10-06T04:44:27.595+0000] {dagbag.py:588} INFO - Filling up the DagBag from /opt/airflow/dags/hello_world.py
[2024-10-06T04:44:27.601+0000] {processor.py:925} INFO - DAG(s) 'hello_world_darma' retrieved from /opt/airflow/dags/hello_world.py
[2024-10-06T04:44:27.614+0000] {logging_mixin.py:190} INFO - [2024-10-06T04:44:27.614+0000] {dag.py:3239} INFO - Sync 1 DAGs
[2024-10-06T04:44:27.633+0000] {logging_mixin.py:190} INFO - [2024-10-06T04:44:27.632+0000] {dag.py:4180} INFO - Setting next_dagrun for hello_world_darma to 2024-10-06 00:00:00+00:00, run_after=2024-10-07 00:00:00+00:00
[2024-10-06T04:44:27.651+0000] {processor.py:208} INFO - Processing /opt/airflow/dags/hello_world.py took 0.062 seconds
[2024-10-06T04:44:58.299+0000] {processor.py:186} INFO - Started process (PID=2516) to work on /opt/airflow/dags/hello_world.py
[2024-10-06T04:44:58.300+0000] {processor.py:914} INFO - Processing file /opt/airflow/dags/hello_world.py for tasks to queue
[2024-10-06T04:44:58.300+0000] {logging_mixin.py:190} INFO - [2024-10-06T04:44:58.300+0000] {dagbag.py:588} INFO - Filling up the DagBag from /opt/airflow/dags/hello_world.py
[2024-10-06T04:44:58.307+0000] {processor.py:925} INFO - DAG(s) 'hello_world_darma' retrieved from /opt/airflow/dags/hello_world.py
[2024-10-06T04:44:58.321+0000] {logging_mixin.py:190} INFO - [2024-10-06T04:44:58.321+0000] {dag.py:3239} INFO - Sync 1 DAGs
[2024-10-06T04:44:58.340+0000] {logging_mixin.py:190} INFO - [2024-10-06T04:44:58.339+0000] {dag.py:4180} INFO - Setting next_dagrun for hello_world_darma to 2024-10-06 00:00:00+00:00, run_after=2024-10-07 00:00:00+00:00
[2024-10-06T04:44:58.357+0000] {processor.py:208} INFO - Processing /opt/airflow/dags/hello_world.py took 0.062 seconds
[2024-10-06T04:45:28.899+0000] {processor.py:186} INFO - Started process (PID=2579) to work on /opt/airflow/dags/hello_world.py
[2024-10-06T04:45:28.900+0000] {processor.py:914} INFO - Processing file /opt/airflow/dags/hello_world.py for tasks to queue
[2024-10-06T04:45:28.900+0000] {logging_mixin.py:190} INFO - [2024-10-06T04:45:28.900+0000] {dagbag.py:588} INFO - Filling up the DagBag from /opt/airflow/dags/hello_world.py
[2024-10-06T04:45:28.907+0000] {processor.py:925} INFO - DAG(s) 'hello_world_darma' retrieved from /opt/airflow/dags/hello_world.py
[2024-10-06T04:45:28.920+0000] {logging_mixin.py:190} INFO - [2024-10-06T04:45:28.920+0000] {dag.py:3239} INFO - Sync 1 DAGs
[2024-10-06T04:45:28.939+0000] {logging_mixin.py:190} INFO - [2024-10-06T04:45:28.938+0000] {dag.py:4180} INFO - Setting next_dagrun for hello_world_darma to 2024-10-06 00:00:00+00:00, run_after=2024-10-07 00:00:00+00:00
[2024-10-06T04:45:29.112+0000] {processor.py:208} INFO - Processing /opt/airflow/dags/hello_world.py took 0.217 seconds
[2024-10-06T04:45:59.747+0000] {processor.py:186} INFO - Started process (PID=2642) to work on /opt/airflow/dags/hello_world.py
[2024-10-06T04:45:59.747+0000] {processor.py:914} INFO - Processing file /opt/airflow/dags/hello_world.py for tasks to queue
[2024-10-06T04:45:59.748+0000] {logging_mixin.py:190} INFO - [2024-10-06T04:45:59.748+0000] {dagbag.py:588} INFO - Filling up the DagBag from /opt/airflow/dags/hello_world.py
[2024-10-06T04:45:59.755+0000] {processor.py:925} INFO - DAG(s) 'hello_world_darma' retrieved from /opt/airflow/dags/hello_world.py
[2024-10-06T04:45:59.768+0000] {logging_mixin.py:190} INFO - [2024-10-06T04:45:59.768+0000] {dag.py:3239} INFO - Sync 1 DAGs
[2024-10-06T04:45:59.788+0000] {logging_mixin.py:190} INFO - [2024-10-06T04:45:59.788+0000] {dag.py:4180} INFO - Setting next_dagrun for hello_world_darma to 2024-10-06 00:00:00+00:00, run_after=2024-10-07 00:00:00+00:00
[2024-10-06T04:45:59.950+0000] {processor.py:208} INFO - Processing /opt/airflow/dags/hello_world.py took 0.207 seconds
[2024-10-06T04:46:30.360+0000] {processor.py:186} INFO - Started process (PID=2705) to work on /opt/airflow/dags/hello_world.py
[2024-10-06T04:46:30.360+0000] {processor.py:914} INFO - Processing file /opt/airflow/dags/hello_world.py for tasks to queue
[2024-10-06T04:46:30.361+0000] {logging_mixin.py:190} INFO - [2024-10-06T04:46:30.361+0000] {dagbag.py:588} INFO - Filling up the DagBag from /opt/airflow/dags/hello_world.py
[2024-10-06T04:46:30.369+0000] {processor.py:925} INFO - DAG(s) 'hello_world_darma' retrieved from /opt/airflow/dags/hello_world.py
[2024-10-06T04:46:30.388+0000] {logging_mixin.py:190} INFO - [2024-10-06T04:46:30.388+0000] {dag.py:3239} INFO - Sync 1 DAGs
[2024-10-06T04:46:30.415+0000] {logging_mixin.py:190} INFO - [2024-10-06T04:46:30.414+0000] {dag.py:4180} INFO - Setting next_dagrun for hello_world_darma to 2024-10-06 00:00:00+00:00, run_after=2024-10-07 00:00:00+00:00
[2024-10-06T04:46:30.571+0000] {processor.py:208} INFO - Processing /opt/airflow/dags/hello_world.py took 0.216 seconds
[2024-10-06T04:47:01.213+0000] {processor.py:186} INFO - Started process (PID=2768) to work on /opt/airflow/dags/hello_world.py
[2024-10-06T04:47:01.213+0000] {processor.py:914} INFO - Processing file /opt/airflow/dags/hello_world.py for tasks to queue
[2024-10-06T04:47:01.214+0000] {logging_mixin.py:190} INFO - [2024-10-06T04:47:01.214+0000] {dagbag.py:588} INFO - Filling up the DagBag from /opt/airflow/dags/hello_world.py
[2024-10-06T04:47:01.221+0000] {processor.py:925} INFO - DAG(s) 'hello_world_darma' retrieved from /opt/airflow/dags/hello_world.py
[2024-10-06T04:47:01.234+0000] {logging_mixin.py:190} INFO - [2024-10-06T04:47:01.234+0000] {dag.py:3239} INFO - Sync 1 DAGs
[2024-10-06T04:47:01.253+0000] {logging_mixin.py:190} INFO - [2024-10-06T04:47:01.253+0000] {dag.py:4180} INFO - Setting next_dagrun for hello_world_darma to 2024-10-06 00:00:00+00:00, run_after=2024-10-07 00:00:00+00:00
[2024-10-06T04:47:01.405+0000] {processor.py:208} INFO - Processing /opt/airflow/dags/hello_world.py took 0.196 seconds
[2024-10-06T04:47:31.497+0000] {processor.py:186} INFO - Started process (PID=2831) to work on /opt/airflow/dags/hello_world.py
[2024-10-06T04:47:31.498+0000] {processor.py:914} INFO - Processing file /opt/airflow/dags/hello_world.py for tasks to queue
[2024-10-06T04:47:31.499+0000] {logging_mixin.py:190} INFO - [2024-10-06T04:47:31.499+0000] {dagbag.py:588} INFO - Filling up the DagBag from /opt/airflow/dags/hello_world.py
[2024-10-06T04:47:31.509+0000] {processor.py:925} INFO - DAG(s) 'hello_world_darma' retrieved from /opt/airflow/dags/hello_world.py
[2024-10-06T04:47:31.528+0000] {logging_mixin.py:190} INFO - [2024-10-06T04:47:31.528+0000] {dag.py:3239} INFO - Sync 1 DAGs
[2024-10-06T04:47:31.559+0000] {logging_mixin.py:190} INFO - [2024-10-06T04:47:31.558+0000] {dag.py:4180} INFO - Setting next_dagrun for hello_world_darma to 2024-10-06 00:00:00+00:00, run_after=2024-10-07 00:00:00+00:00
[2024-10-06T04:47:31.769+0000] {processor.py:208} INFO - Processing /opt/airflow/dags/hello_world.py took 0.278 seconds
[2024-10-06T04:48:02.778+0000] {processor.py:186} INFO - Started process (PID=2894) to work on /opt/airflow/dags/hello_world.py
[2024-10-06T04:48:02.778+0000] {processor.py:914} INFO - Processing file /opt/airflow/dags/hello_world.py for tasks to queue
[2024-10-06T04:48:02.779+0000] {logging_mixin.py:190} INFO - [2024-10-06T04:48:02.779+0000] {dagbag.py:588} INFO - Filling up the DagBag from /opt/airflow/dags/hello_world.py
[2024-10-06T04:48:02.786+0000] {processor.py:925} INFO - DAG(s) 'hello_world_darma' retrieved from /opt/airflow/dags/hello_world.py
[2024-10-06T04:48:02.799+0000] {logging_mixin.py:190} INFO - [2024-10-06T04:48:02.799+0000] {dag.py:3239} INFO - Sync 1 DAGs
[2024-10-06T04:48:02.818+0000] {logging_mixin.py:190} INFO - [2024-10-06T04:48:02.818+0000] {dag.py:4180} INFO - Setting next_dagrun for hello_world_darma to 2024-10-06 00:00:00+00:00, run_after=2024-10-07 00:00:00+00:00
[2024-10-06T04:48:02.840+0000] {processor.py:208} INFO - Processing /opt/airflow/dags/hello_world.py took 0.067 seconds
[2024-10-06T04:48:32.955+0000] {processor.py:186} INFO - Started process (PID=2957) to work on /opt/airflow/dags/hello_world.py
[2024-10-06T04:48:32.956+0000] {processor.py:914} INFO - Processing file /opt/airflow/dags/hello_world.py for tasks to queue
[2024-10-06T04:48:32.957+0000] {logging_mixin.py:190} INFO - [2024-10-06T04:48:32.957+0000] {dagbag.py:588} INFO - Filling up the DagBag from /opt/airflow/dags/hello_world.py
[2024-10-06T04:48:32.963+0000] {processor.py:925} INFO - DAG(s) 'hello_world_darma' retrieved from /opt/airflow/dags/hello_world.py
[2024-10-06T04:48:32.976+0000] {logging_mixin.py:190} INFO - [2024-10-06T04:48:32.976+0000] {dag.py:3239} INFO - Sync 1 DAGs
[2024-10-06T04:48:32.995+0000] {logging_mixin.py:190} INFO - [2024-10-06T04:48:32.994+0000] {dag.py:4180} INFO - Setting next_dagrun for hello_world_darma to 2024-10-06 00:00:00+00:00, run_after=2024-10-07 00:00:00+00:00
[2024-10-06T04:48:33.011+0000] {processor.py:208} INFO - Processing /opt/airflow/dags/hello_world.py took 0.061 seconds
[2024-10-06T04:49:03.438+0000] {processor.py:186} INFO - Started process (PID=3021) to work on /opt/airflow/dags/hello_world.py
[2024-10-06T04:49:03.439+0000] {processor.py:914} INFO - Processing file /opt/airflow/dags/hello_world.py for tasks to queue
[2024-10-06T04:49:03.440+0000] {logging_mixin.py:190} INFO - [2024-10-06T04:49:03.440+0000] {dagbag.py:588} INFO - Filling up the DagBag from /opt/airflow/dags/hello_world.py
[2024-10-06T04:49:03.446+0000] {processor.py:925} INFO - DAG(s) 'hello_world_darma' retrieved from /opt/airflow/dags/hello_world.py
[2024-10-06T04:49:03.459+0000] {logging_mixin.py:190} INFO - [2024-10-06T04:49:03.459+0000] {dag.py:3239} INFO - Sync 1 DAGs
[2024-10-06T04:49:03.478+0000] {logging_mixin.py:190} INFO - [2024-10-06T04:49:03.477+0000] {dag.py:4180} INFO - Setting next_dagrun for hello_world_darma to 2024-10-06 00:00:00+00:00, run_after=2024-10-07 00:00:00+00:00
[2024-10-06T04:49:03.501+0000] {processor.py:208} INFO - Processing /opt/airflow/dags/hello_world.py took 0.067 seconds
[2024-10-06T04:49:34.074+0000] {processor.py:186} INFO - Started process (PID=3084) to work on /opt/airflow/dags/hello_world.py
[2024-10-06T04:49:34.075+0000] {processor.py:914} INFO - Processing file /opt/airflow/dags/hello_world.py for tasks to queue
[2024-10-06T04:49:34.075+0000] {logging_mixin.py:190} INFO - [2024-10-06T04:49:34.075+0000] {dagbag.py:588} INFO - Filling up the DagBag from /opt/airflow/dags/hello_world.py
[2024-10-06T04:49:34.082+0000] {processor.py:925} INFO - DAG(s) 'hello_world_darma' retrieved from /opt/airflow/dags/hello_world.py
[2024-10-06T04:49:34.096+0000] {logging_mixin.py:190} INFO - [2024-10-06T04:49:34.096+0000] {dag.py:3239} INFO - Sync 1 DAGs
[2024-10-06T04:49:34.114+0000] {logging_mixin.py:190} INFO - [2024-10-06T04:49:34.114+0000] {dag.py:4180} INFO - Setting next_dagrun for hello_world_darma to 2024-10-06 00:00:00+00:00, run_after=2024-10-07 00:00:00+00:00
[2024-10-06T04:49:34.145+0000] {processor.py:208} INFO - Processing /opt/airflow/dags/hello_world.py took 0.077 seconds
[2024-10-06T04:50:04.545+0000] {processor.py:186} INFO - Started process (PID=3147) to work on /opt/airflow/dags/hello_world.py
[2024-10-06T04:50:04.545+0000] {processor.py:914} INFO - Processing file /opt/airflow/dags/hello_world.py for tasks to queue
[2024-10-06T04:50:04.546+0000] {logging_mixin.py:190} INFO - [2024-10-06T04:50:04.546+0000] {dagbag.py:588} INFO - Filling up the DagBag from /opt/airflow/dags/hello_world.py
[2024-10-06T04:50:04.553+0000] {processor.py:925} INFO - DAG(s) 'hello_world_darma' retrieved from /opt/airflow/dags/hello_world.py
[2024-10-06T04:50:04.566+0000] {logging_mixin.py:190} INFO - [2024-10-06T04:50:04.566+0000] {dag.py:3239} INFO - Sync 1 DAGs
[2024-10-06T04:50:04.584+0000] {logging_mixin.py:190} INFO - [2024-10-06T04:50:04.584+0000] {dag.py:4180} INFO - Setting next_dagrun for hello_world_darma to 2024-10-06 00:00:00+00:00, run_after=2024-10-07 00:00:00+00:00
[2024-10-06T04:50:04.602+0000] {processor.py:208} INFO - Processing /opt/airflow/dags/hello_world.py took 0.061 seconds
[2024-10-06T04:50:34.939+0000] {processor.py:186} INFO - Started process (PID=3209) to work on /opt/airflow/dags/hello_world.py
[2024-10-06T04:50:34.940+0000] {processor.py:914} INFO - Processing file /opt/airflow/dags/hello_world.py for tasks to queue
[2024-10-06T04:50:34.940+0000] {logging_mixin.py:190} INFO - [2024-10-06T04:50:34.940+0000] {dagbag.py:588} INFO - Filling up the DagBag from /opt/airflow/dags/hello_world.py
[2024-10-06T04:50:34.947+0000] {processor.py:925} INFO - DAG(s) 'hello_world_darma' retrieved from /opt/airflow/dags/hello_world.py
[2024-10-06T04:50:34.961+0000] {logging_mixin.py:190} INFO - [2024-10-06T04:50:34.960+0000] {dag.py:3239} INFO - Sync 1 DAGs
[2024-10-06T04:50:34.980+0000] {logging_mixin.py:190} INFO - [2024-10-06T04:50:34.980+0000] {dag.py:4180} INFO - Setting next_dagrun for hello_world_darma to 2024-10-06 00:00:00+00:00, run_after=2024-10-07 00:00:00+00:00
[2024-10-06T04:50:35.022+0000] {processor.py:208} INFO - Processing /opt/airflow/dags/hello_world.py took 0.087 seconds
[2024-10-06T04:51:05.513+0000] {processor.py:186} INFO - Started process (PID=3272) to work on /opt/airflow/dags/hello_world.py
[2024-10-06T04:51:05.514+0000] {processor.py:914} INFO - Processing file /opt/airflow/dags/hello_world.py for tasks to queue
[2024-10-06T04:51:05.515+0000] {logging_mixin.py:190} INFO - [2024-10-06T04:51:05.514+0000] {dagbag.py:588} INFO - Filling up the DagBag from /opt/airflow/dags/hello_world.py
[2024-10-06T04:51:05.522+0000] {processor.py:925} INFO - DAG(s) 'hello_world_darma' retrieved from /opt/airflow/dags/hello_world.py
[2024-10-06T04:51:05.540+0000] {logging_mixin.py:190} INFO - [2024-10-06T04:51:05.540+0000] {dag.py:3239} INFO - Sync 1 DAGs
[2024-10-06T04:51:05.560+0000] {logging_mixin.py:190} INFO - [2024-10-06T04:51:05.560+0000] {dag.py:4180} INFO - Setting next_dagrun for hello_world_darma to 2024-10-06 00:00:00+00:00, run_after=2024-10-07 00:00:00+00:00
[2024-10-06T04:51:05.579+0000] {processor.py:208} INFO - Processing /opt/airflow/dags/hello_world.py took 0.070 seconds
[2024-10-06T04:51:35.786+0000] {processor.py:186} INFO - Started process (PID=3335) to work on /opt/airflow/dags/hello_world.py
[2024-10-06T04:51:35.787+0000] {processor.py:914} INFO - Processing file /opt/airflow/dags/hello_world.py for tasks to queue
[2024-10-06T04:51:35.787+0000] {logging_mixin.py:190} INFO - [2024-10-06T04:51:35.787+0000] {dagbag.py:588} INFO - Filling up the DagBag from /opt/airflow/dags/hello_world.py
[2024-10-06T04:51:35.794+0000] {processor.py:925} INFO - DAG(s) 'hello_world_darma' retrieved from /opt/airflow/dags/hello_world.py
[2024-10-06T04:51:35.807+0000] {logging_mixin.py:190} INFO - [2024-10-06T04:51:35.807+0000] {dag.py:3239} INFO - Sync 1 DAGs
[2024-10-06T04:51:35.825+0000] {logging_mixin.py:190} INFO - [2024-10-06T04:51:35.825+0000] {dag.py:4180} INFO - Setting next_dagrun for hello_world_darma to 2024-10-06 00:00:00+00:00, run_after=2024-10-07 00:00:00+00:00
[2024-10-06T04:51:35.850+0000] {processor.py:208} INFO - Processing /opt/airflow/dags/hello_world.py took 0.068 seconds
[2024-10-06T04:52:06.087+0000] {processor.py:186} INFO - Started process (PID=3398) to work on /opt/airflow/dags/hello_world.py
[2024-10-06T04:52:06.087+0000] {processor.py:914} INFO - Processing file /opt/airflow/dags/hello_world.py for tasks to queue
[2024-10-06T04:52:06.088+0000] {logging_mixin.py:190} INFO - [2024-10-06T04:52:06.088+0000] {dagbag.py:588} INFO - Filling up the DagBag from /opt/airflow/dags/hello_world.py
[2024-10-06T04:52:06.095+0000] {processor.py:925} INFO - DAG(s) 'hello_world_darma' retrieved from /opt/airflow/dags/hello_world.py
[2024-10-06T04:52:06.109+0000] {logging_mixin.py:190} INFO - [2024-10-06T04:52:06.109+0000] {dag.py:3239} INFO - Sync 1 DAGs
[2024-10-06T04:52:06.128+0000] {logging_mixin.py:190} INFO - [2024-10-06T04:52:06.128+0000] {dag.py:4180} INFO - Setting next_dagrun for hello_world_darma to 2024-10-06 00:00:00+00:00, run_after=2024-10-07 00:00:00+00:00
[2024-10-06T04:52:06.145+0000] {processor.py:208} INFO - Processing /opt/airflow/dags/hello_world.py took 0.062 seconds
[2024-10-06T04:52:36.375+0000] {processor.py:186} INFO - Started process (PID=3462) to work on /opt/airflow/dags/hello_world.py
[2024-10-06T04:52:36.375+0000] {processor.py:914} INFO - Processing file /opt/airflow/dags/hello_world.py for tasks to queue
[2024-10-06T04:52:36.376+0000] {logging_mixin.py:190} INFO - [2024-10-06T04:52:36.376+0000] {dagbag.py:588} INFO - Filling up the DagBag from /opt/airflow/dags/hello_world.py
[2024-10-06T04:52:36.383+0000] {processor.py:925} INFO - DAG(s) 'hello_world_darma' retrieved from /opt/airflow/dags/hello_world.py
[2024-10-06T04:52:36.398+0000] {logging_mixin.py:190} INFO - [2024-10-06T04:52:36.397+0000] {dag.py:3239} INFO - Sync 1 DAGs
[2024-10-06T04:52:36.418+0000] {logging_mixin.py:190} INFO - [2024-10-06T04:52:36.418+0000] {dag.py:4180} INFO - Setting next_dagrun for hello_world_darma to 2024-10-06 00:00:00+00:00, run_after=2024-10-07 00:00:00+00:00
[2024-10-06T04:52:36.437+0000] {processor.py:208} INFO - Processing /opt/airflow/dags/hello_world.py took 0.067 seconds
[2024-10-06T04:53:06.589+0000] {processor.py:186} INFO - Started process (PID=3525) to work on /opt/airflow/dags/hello_world.py
[2024-10-06T04:53:06.589+0000] {processor.py:914} INFO - Processing file /opt/airflow/dags/hello_world.py for tasks to queue
[2024-10-06T04:53:06.590+0000] {logging_mixin.py:190} INFO - [2024-10-06T04:53:06.590+0000] {dagbag.py:588} INFO - Filling up the DagBag from /opt/airflow/dags/hello_world.py
[2024-10-06T04:53:06.596+0000] {processor.py:925} INFO - DAG(s) 'hello_world_darma' retrieved from /opt/airflow/dags/hello_world.py
[2024-10-06T04:53:06.610+0000] {logging_mixin.py:190} INFO - [2024-10-06T04:53:06.609+0000] {dag.py:3239} INFO - Sync 1 DAGs
[2024-10-06T04:53:06.628+0000] {logging_mixin.py:190} INFO - [2024-10-06T04:53:06.628+0000] {dag.py:4180} INFO - Setting next_dagrun for hello_world_darma to 2024-10-06 00:00:00+00:00, run_after=2024-10-07 00:00:00+00:00
[2024-10-06T04:53:06.648+0000] {processor.py:208} INFO - Processing /opt/airflow/dags/hello_world.py took 0.063 seconds
[2024-10-06T04:53:37.016+0000] {processor.py:186} INFO - Started process (PID=3588) to work on /opt/airflow/dags/hello_world.py
[2024-10-06T04:53:37.017+0000] {processor.py:914} INFO - Processing file /opt/airflow/dags/hello_world.py for tasks to queue
[2024-10-06T04:53:37.018+0000] {logging_mixin.py:190} INFO - [2024-10-06T04:53:37.017+0000] {dagbag.py:588} INFO - Filling up the DagBag from /opt/airflow/dags/hello_world.py
[2024-10-06T04:53:37.024+0000] {processor.py:925} INFO - DAG(s) 'hello_world_darma' retrieved from /opt/airflow/dags/hello_world.py
[2024-10-06T04:53:37.037+0000] {logging_mixin.py:190} INFO - [2024-10-06T04:53:37.037+0000] {dag.py:3239} INFO - Sync 1 DAGs
[2024-10-06T04:53:37.055+0000] {logging_mixin.py:190} INFO - [2024-10-06T04:53:37.055+0000] {dag.py:4180} INFO - Setting next_dagrun for hello_world_darma to 2024-10-06 00:00:00+00:00, run_after=2024-10-07 00:00:00+00:00
[2024-10-06T04:53:37.073+0000] {processor.py:208} INFO - Processing /opt/airflow/dags/hello_world.py took 0.061 seconds
[2024-10-06T04:54:07.307+0000] {processor.py:186} INFO - Started process (PID=3651) to work on /opt/airflow/dags/hello_world.py
[2024-10-06T04:54:07.307+0000] {processor.py:914} INFO - Processing file /opt/airflow/dags/hello_world.py for tasks to queue
[2024-10-06T04:54:07.308+0000] {logging_mixin.py:190} INFO - [2024-10-06T04:54:07.308+0000] {dagbag.py:588} INFO - Filling up the DagBag from /opt/airflow/dags/hello_world.py
[2024-10-06T04:54:07.315+0000] {processor.py:925} INFO - DAG(s) 'hello_world_darma' retrieved from /opt/airflow/dags/hello_world.py
[2024-10-06T04:54:07.328+0000] {logging_mixin.py:190} INFO - [2024-10-06T04:54:07.328+0000] {dag.py:3239} INFO - Sync 1 DAGs
[2024-10-06T04:54:07.348+0000] {logging_mixin.py:190} INFO - [2024-10-06T04:54:07.348+0000] {dag.py:4180} INFO - Setting next_dagrun for hello_world_darma to 2024-10-06 00:00:00+00:00, run_after=2024-10-07 00:00:00+00:00
[2024-10-06T04:54:07.373+0000] {processor.py:208} INFO - Processing /opt/airflow/dags/hello_world.py took 0.070 seconds
[2024-10-06T04:54:38.343+0000] {processor.py:186} INFO - Started process (PID=3714) to work on /opt/airflow/dags/hello_world.py
[2024-10-06T04:54:38.344+0000] {processor.py:914} INFO - Processing file /opt/airflow/dags/hello_world.py for tasks to queue
[2024-10-06T04:54:38.345+0000] {logging_mixin.py:190} INFO - [2024-10-06T04:54:38.344+0000] {dagbag.py:588} INFO - Filling up the DagBag from /opt/airflow/dags/hello_world.py
[2024-10-06T04:54:38.352+0000] {processor.py:925} INFO - DAG(s) 'hello_world_darma' retrieved from /opt/airflow/dags/hello_world.py
[2024-10-06T04:54:38.365+0000] {logging_mixin.py:190} INFO - [2024-10-06T04:54:38.365+0000] {dag.py:3239} INFO - Sync 1 DAGs
[2024-10-06T04:54:38.384+0000] {logging_mixin.py:190} INFO - [2024-10-06T04:54:38.384+0000] {dag.py:4180} INFO - Setting next_dagrun for hello_world_darma to 2024-10-06 00:00:00+00:00, run_after=2024-10-07 00:00:00+00:00
[2024-10-06T04:54:38.402+0000] {processor.py:208} INFO - Processing /opt/airflow/dags/hello_world.py took 0.064 seconds
[2024-10-06T04:55:08.691+0000] {processor.py:186} INFO - Started process (PID=3778) to work on /opt/airflow/dags/hello_world.py
[2024-10-06T04:55:08.691+0000] {processor.py:914} INFO - Processing file /opt/airflow/dags/hello_world.py for tasks to queue
[2024-10-06T04:55:08.692+0000] {logging_mixin.py:190} INFO - [2024-10-06T04:55:08.692+0000] {dagbag.py:588} INFO - Filling up the DagBag from /opt/airflow/dags/hello_world.py
[2024-10-06T04:55:08.699+0000] {processor.py:925} INFO - DAG(s) 'hello_world_darma' retrieved from /opt/airflow/dags/hello_world.py
[2024-10-06T04:55:08.712+0000] {logging_mixin.py:190} INFO - [2024-10-06T04:55:08.712+0000] {dag.py:3239} INFO - Sync 1 DAGs
[2024-10-06T04:55:08.730+0000] {logging_mixin.py:190} INFO - [2024-10-06T04:55:08.730+0000] {dag.py:4180} INFO - Setting next_dagrun for hello_world_darma to 2024-10-06 00:00:00+00:00, run_after=2024-10-07 00:00:00+00:00
[2024-10-06T04:55:08.749+0000] {processor.py:208} INFO - Processing /opt/airflow/dags/hello_world.py took 0.063 seconds
[2024-10-06T04:55:39.080+0000] {processor.py:186} INFO - Started process (PID=3841) to work on /opt/airflow/dags/hello_world.py
[2024-10-06T04:55:39.081+0000] {processor.py:914} INFO - Processing file /opt/airflow/dags/hello_world.py for tasks to queue
[2024-10-06T04:55:39.083+0000] {logging_mixin.py:190} INFO - [2024-10-06T04:55:39.082+0000] {dagbag.py:588} INFO - Filling up the DagBag from /opt/airflow/dags/hello_world.py
[2024-10-06T04:55:39.094+0000] {processor.py:925} INFO - DAG(s) 'hello_world_darma' retrieved from /opt/airflow/dags/hello_world.py
[2024-10-06T04:55:39.114+0000] {logging_mixin.py:190} INFO - [2024-10-06T04:55:39.113+0000] {dag.py:3239} INFO - Sync 1 DAGs
[2024-10-06T04:55:39.145+0000] {logging_mixin.py:190} INFO - [2024-10-06T04:55:39.145+0000] {dag.py:4180} INFO - Setting next_dagrun for hello_world_darma to 2024-10-06 00:00:00+00:00, run_after=2024-10-07 00:00:00+00:00
[2024-10-06T04:55:39.167+0000] {processor.py:208} INFO - Processing /opt/airflow/dags/hello_world.py took 0.093 seconds
[2024-10-06T04:56:09.667+0000] {processor.py:186} INFO - Started process (PID=3905) to work on /opt/airflow/dags/hello_world.py
[2024-10-06T04:56:09.667+0000] {processor.py:914} INFO - Processing file /opt/airflow/dags/hello_world.py for tasks to queue
[2024-10-06T04:56:09.668+0000] {logging_mixin.py:190} INFO - [2024-10-06T04:56:09.668+0000] {dagbag.py:588} INFO - Filling up the DagBag from /opt/airflow/dags/hello_world.py
[2024-10-06T04:56:09.676+0000] {processor.py:925} INFO - DAG(s) 'hello_world_darma' retrieved from /opt/airflow/dags/hello_world.py
[2024-10-06T04:56:09.689+0000] {logging_mixin.py:190} INFO - [2024-10-06T04:56:09.689+0000] {dag.py:3239} INFO - Sync 1 DAGs
[2024-10-06T04:56:09.708+0000] {logging_mixin.py:190} INFO - [2024-10-06T04:56:09.708+0000] {dag.py:4180} INFO - Setting next_dagrun for hello_world_darma to 2024-10-06 00:00:00+00:00, run_after=2024-10-07 00:00:00+00:00
[2024-10-06T04:56:09.731+0000] {processor.py:208} INFO - Processing /opt/airflow/dags/hello_world.py took 0.069 seconds
[2024-10-06T04:56:40.010+0000] {processor.py:186} INFO - Started process (PID=3969) to work on /opt/airflow/dags/hello_world.py
[2024-10-06T04:56:40.011+0000] {processor.py:914} INFO - Processing file /opt/airflow/dags/hello_world.py for tasks to queue
[2024-10-06T04:56:40.012+0000] {logging_mixin.py:190} INFO - [2024-10-06T04:56:40.012+0000] {dagbag.py:588} INFO - Filling up the DagBag from /opt/airflow/dags/hello_world.py
[2024-10-06T04:56:40.018+0000] {processor.py:925} INFO - DAG(s) 'hello_world_darma' retrieved from /opt/airflow/dags/hello_world.py
[2024-10-06T04:56:40.031+0000] {logging_mixin.py:190} INFO - [2024-10-06T04:56:40.031+0000] {dag.py:3239} INFO - Sync 1 DAGs
[2024-10-06T04:56:40.050+0000] {logging_mixin.py:190} INFO - [2024-10-06T04:56:40.050+0000] {dag.py:4180} INFO - Setting next_dagrun for hello_world_darma to 2024-10-06 00:00:00+00:00, run_after=2024-10-07 00:00:00+00:00
[2024-10-06T04:56:40.069+0000] {processor.py:208} INFO - Processing /opt/airflow/dags/hello_world.py took 0.063 seconds
[2024-10-06T04:57:10.654+0000] {processor.py:186} INFO - Started process (PID=4033) to work on /opt/airflow/dags/hello_world.py
[2024-10-06T04:57:10.655+0000] {processor.py:914} INFO - Processing file /opt/airflow/dags/hello_world.py for tasks to queue
[2024-10-06T04:57:10.656+0000] {logging_mixin.py:190} INFO - [2024-10-06T04:57:10.655+0000] {dagbag.py:588} INFO - Filling up the DagBag from /opt/airflow/dags/hello_world.py
[2024-10-06T04:57:10.662+0000] {processor.py:925} INFO - DAG(s) 'hello_world_darma' retrieved from /opt/airflow/dags/hello_world.py
[2024-10-06T04:57:10.676+0000] {logging_mixin.py:190} INFO - [2024-10-06T04:57:10.675+0000] {dag.py:3239} INFO - Sync 1 DAGs
[2024-10-06T04:57:10.694+0000] {logging_mixin.py:190} INFO - [2024-10-06T04:57:10.694+0000] {dag.py:4180} INFO - Setting next_dagrun for hello_world_darma to 2024-10-06 00:00:00+00:00, run_after=2024-10-07 00:00:00+00:00
[2024-10-06T04:57:10.711+0000] {processor.py:208} INFO - Processing /opt/airflow/dags/hello_world.py took 0.062 seconds
[2024-10-06T04:57:41.106+0000] {processor.py:186} INFO - Started process (PID=4097) to work on /opt/airflow/dags/hello_world.py
[2024-10-06T04:57:41.107+0000] {processor.py:914} INFO - Processing file /opt/airflow/dags/hello_world.py for tasks to queue
[2024-10-06T04:57:41.108+0000] {logging_mixin.py:190} INFO - [2024-10-06T04:57:41.107+0000] {dagbag.py:588} INFO - Filling up the DagBag from /opt/airflow/dags/hello_world.py
[2024-10-06T04:57:41.115+0000] {processor.py:925} INFO - DAG(s) 'hello_world_darma' retrieved from /opt/airflow/dags/hello_world.py
[2024-10-06T04:57:41.129+0000] {logging_mixin.py:190} INFO - [2024-10-06T04:57:41.128+0000] {dag.py:3239} INFO - Sync 1 DAGs
[2024-10-06T04:57:41.148+0000] {logging_mixin.py:190} INFO - [2024-10-06T04:57:41.148+0000] {dag.py:4180} INFO - Setting next_dagrun for hello_world_darma to 2024-10-06 00:00:00+00:00, run_after=2024-10-07 00:00:00+00:00
[2024-10-06T04:57:41.164+0000] {processor.py:208} INFO - Processing /opt/airflow/dags/hello_world.py took 0.063 seconds
