[2024-10-06T04:25:22.657+0000] {processor.py:186} INFO - Started process (PID=100) to work on /home/airflow/.local/lib/python3.12/site-packages/airflow/example_dags/example_branch_labels.py
[2024-10-06T04:25:22.658+0000] {processor.py:914} INFO - Processing file /home/airflow/.local/lib/python3.12/site-packages/airflow/example_dags/example_branch_labels.py for tasks to queue
[2024-10-06T04:25:22.660+0000] {logging_mixin.py:190} INFO - [2024-10-06T04:25:22.659+0000] {dagbag.py:588} INFO - Filling up the DagBag from /home/airflow/.local/lib/python3.12/site-packages/airflow/example_dags/example_branch_labels.py
[2024-10-06T04:25:22.669+0000] {processor.py:925} INFO - DAG(s) 'example_branch_labels' retrieved from /home/airflow/.local/lib/python3.12/site-packages/airflow/example_dags/example_branch_labels.py
[2024-10-06T04:25:22.768+0000] {logging_mixin.py:190} INFO - [2024-10-06T04:25:22.768+0000] {override.py:1900} INFO - Created Permission View: can edit on DAG:example_branch_labels
[2024-10-06T04:25:22.780+0000] {logging_mixin.py:190} INFO - [2024-10-06T04:25:22.780+0000] {override.py:1900} INFO - Created Permission View: can delete on DAG:example_branch_labels
[2024-10-06T04:25:22.790+0000] {logging_mixin.py:190} INFO - [2024-10-06T04:25:22.790+0000] {override.py:1900} INFO - Created Permission View: can read on DAG:example_branch_labels
[2024-10-06T04:25:22.805+0000] {logging_mixin.py:190} INFO - [2024-10-06T04:25:22.805+0000] {override.py:1900} INFO - Created Permission View: can delete on DAG Run:example_branch_labels
[2024-10-06T04:25:22.816+0000] {logging_mixin.py:190} INFO - [2024-10-06T04:25:22.816+0000] {override.py:1900} INFO - Created Permission View: can create on DAG Run:example_branch_labels
[2024-10-06T04:25:22.824+0000] {logging_mixin.py:190} INFO - [2024-10-06T04:25:22.824+0000] {override.py:1900} INFO - Created Permission View: menu access on DAG Run:example_branch_labels
[2024-10-06T04:25:22.840+0000] {logging_mixin.py:190} INFO - [2024-10-06T04:25:22.840+0000] {override.py:1900} INFO - Created Permission View: can read on DAG Run:example_branch_labels
[2024-10-06T04:25:22.840+0000] {logging_mixin.py:190} INFO - [2024-10-06T04:25:22.840+0000] {dag.py:3239} INFO - Sync 1 DAGs
[2024-10-06T04:25:22.852+0000] {logging_mixin.py:190} INFO - [2024-10-06T04:25:22.852+0000] {dag.py:3262} INFO - Creating ORM DAG for example_branch_labels
[2024-10-06T04:25:22.861+0000] {logging_mixin.py:190} INFO - [2024-10-06T04:25:22.861+0000] {dag.py:4180} INFO - Setting next_dagrun for example_branch_labels to 2024-10-05 00:00:00+00:00, run_after=2024-10-06 00:00:00+00:00
[2024-10-06T04:25:22.882+0000] {processor.py:208} INFO - Processing /home/airflow/.local/lib/python3.12/site-packages/airflow/example_dags/example_branch_labels.py took 0.229 seconds
[2024-10-06T04:25:53.069+0000] {processor.py:186} INFO - Started process (PID=163) to work on /home/airflow/.local/lib/python3.12/site-packages/airflow/example_dags/example_branch_labels.py
[2024-10-06T04:25:53.069+0000] {processor.py:914} INFO - Processing file /home/airflow/.local/lib/python3.12/site-packages/airflow/example_dags/example_branch_labels.py for tasks to queue
[2024-10-06T04:25:53.071+0000] {logging_mixin.py:190} INFO - [2024-10-06T04:25:53.070+0000] {dagbag.py:588} INFO - Filling up the DagBag from /home/airflow/.local/lib/python3.12/site-packages/airflow/example_dags/example_branch_labels.py
[2024-10-06T04:25:53.078+0000] {processor.py:925} INFO - DAG(s) 'example_branch_labels' retrieved from /home/airflow/.local/lib/python3.12/site-packages/airflow/example_dags/example_branch_labels.py
[2024-10-06T04:25:53.093+0000] {logging_mixin.py:190} INFO - [2024-10-06T04:25:53.093+0000] {dag.py:3239} INFO - Sync 1 DAGs
[2024-10-06T04:25:53.114+0000] {logging_mixin.py:190} INFO - [2024-10-06T04:25:53.114+0000] {dag.py:4180} INFO - Setting next_dagrun for example_branch_labels to 2024-10-05 00:00:00+00:00, run_after=2024-10-06 00:00:00+00:00
[2024-10-06T04:25:53.129+0000] {processor.py:208} INFO - Processing /home/airflow/.local/lib/python3.12/site-packages/airflow/example_dags/example_branch_labels.py took 0.065 seconds
[2024-10-06T04:26:23.327+0000] {processor.py:186} INFO - Started process (PID=225) to work on /home/airflow/.local/lib/python3.12/site-packages/airflow/example_dags/example_branch_labels.py
[2024-10-06T04:26:23.328+0000] {processor.py:914} INFO - Processing file /home/airflow/.local/lib/python3.12/site-packages/airflow/example_dags/example_branch_labels.py for tasks to queue
[2024-10-06T04:26:23.330+0000] {logging_mixin.py:190} INFO - [2024-10-06T04:26:23.329+0000] {dagbag.py:588} INFO - Filling up the DagBag from /home/airflow/.local/lib/python3.12/site-packages/airflow/example_dags/example_branch_labels.py
[2024-10-06T04:26:23.338+0000] {processor.py:925} INFO - DAG(s) 'example_branch_labels' retrieved from /home/airflow/.local/lib/python3.12/site-packages/airflow/example_dags/example_branch_labels.py
[2024-10-06T04:26:23.355+0000] {logging_mixin.py:190} INFO - [2024-10-06T04:26:23.355+0000] {dag.py:3239} INFO - Sync 1 DAGs
[2024-10-06T04:26:23.373+0000] {logging_mixin.py:190} INFO - [2024-10-06T04:26:23.373+0000] {dag.py:4180} INFO - Setting next_dagrun for example_branch_labels to 2024-10-05 00:00:00+00:00, run_after=2024-10-06 00:00:00+00:00
[2024-10-06T04:26:23.389+0000] {processor.py:208} INFO - Processing /home/airflow/.local/lib/python3.12/site-packages/airflow/example_dags/example_branch_labels.py took 0.066 seconds
[2024-10-06T04:26:53.556+0000] {processor.py:186} INFO - Started process (PID=287) to work on /home/airflow/.local/lib/python3.12/site-packages/airflow/example_dags/example_branch_labels.py
[2024-10-06T04:26:53.557+0000] {processor.py:914} INFO - Processing file /home/airflow/.local/lib/python3.12/site-packages/airflow/example_dags/example_branch_labels.py for tasks to queue
[2024-10-06T04:26:53.559+0000] {logging_mixin.py:190} INFO - [2024-10-06T04:26:53.558+0000] {dagbag.py:588} INFO - Filling up the DagBag from /home/airflow/.local/lib/python3.12/site-packages/airflow/example_dags/example_branch_labels.py
[2024-10-06T04:26:53.566+0000] {processor.py:925} INFO - DAG(s) 'example_branch_labels' retrieved from /home/airflow/.local/lib/python3.12/site-packages/airflow/example_dags/example_branch_labels.py
[2024-10-06T04:26:53.585+0000] {logging_mixin.py:190} INFO - [2024-10-06T04:26:53.585+0000] {dag.py:3239} INFO - Sync 1 DAGs
[2024-10-06T04:26:53.609+0000] {logging_mixin.py:190} INFO - [2024-10-06T04:26:53.609+0000] {dag.py:4180} INFO - Setting next_dagrun for example_branch_labels to 2024-10-05 00:00:00+00:00, run_after=2024-10-06 00:00:00+00:00
[2024-10-06T04:26:53.626+0000] {processor.py:208} INFO - Processing /home/airflow/.local/lib/python3.12/site-packages/airflow/example_dags/example_branch_labels.py took 0.076 seconds
[2024-10-06T04:27:24.166+0000] {processor.py:186} INFO - Started process (PID=349) to work on /home/airflow/.local/lib/python3.12/site-packages/airflow/example_dags/example_branch_labels.py
[2024-10-06T04:27:24.167+0000] {processor.py:914} INFO - Processing file /home/airflow/.local/lib/python3.12/site-packages/airflow/example_dags/example_branch_labels.py for tasks to queue
[2024-10-06T04:27:24.169+0000] {logging_mixin.py:190} INFO - [2024-10-06T04:27:24.169+0000] {dagbag.py:588} INFO - Filling up the DagBag from /home/airflow/.local/lib/python3.12/site-packages/airflow/example_dags/example_branch_labels.py
[2024-10-06T04:27:24.180+0000] {processor.py:925} INFO - DAG(s) 'example_branch_labels' retrieved from /home/airflow/.local/lib/python3.12/site-packages/airflow/example_dags/example_branch_labels.py
[2024-10-06T04:27:24.201+0000] {logging_mixin.py:190} INFO - [2024-10-06T04:27:24.201+0000] {dag.py:3239} INFO - Sync 1 DAGs
[2024-10-06T04:27:24.235+0000] {logging_mixin.py:190} INFO - [2024-10-06T04:27:24.235+0000] {dag.py:4180} INFO - Setting next_dagrun for example_branch_labels to 2024-10-05 00:00:00+00:00, run_after=2024-10-06 00:00:00+00:00
[2024-10-06T04:27:24.267+0000] {processor.py:208} INFO - Processing /home/airflow/.local/lib/python3.12/site-packages/airflow/example_dags/example_branch_labels.py took 0.108 seconds
[2024-10-06T04:27:54.539+0000] {processor.py:186} INFO - Started process (PID=411) to work on /home/airflow/.local/lib/python3.12/site-packages/airflow/example_dags/example_branch_labels.py
[2024-10-06T04:27:54.540+0000] {processor.py:914} INFO - Processing file /home/airflow/.local/lib/python3.12/site-packages/airflow/example_dags/example_branch_labels.py for tasks to queue
[2024-10-06T04:27:54.541+0000] {logging_mixin.py:190} INFO - [2024-10-06T04:27:54.541+0000] {dagbag.py:588} INFO - Filling up the DagBag from /home/airflow/.local/lib/python3.12/site-packages/airflow/example_dags/example_branch_labels.py
[2024-10-06T04:27:54.549+0000] {processor.py:925} INFO - DAG(s) 'example_branch_labels' retrieved from /home/airflow/.local/lib/python3.12/site-packages/airflow/example_dags/example_branch_labels.py
[2024-10-06T04:27:54.565+0000] {logging_mixin.py:190} INFO - [2024-10-06T04:27:54.564+0000] {dag.py:3239} INFO - Sync 1 DAGs
[2024-10-06T04:27:54.584+0000] {logging_mixin.py:190} INFO - [2024-10-06T04:27:54.584+0000] {dag.py:4180} INFO - Setting next_dagrun for example_branch_labels to 2024-10-05 00:00:00+00:00, run_after=2024-10-06 00:00:00+00:00
[2024-10-06T04:27:54.602+0000] {processor.py:208} INFO - Processing /home/airflow/.local/lib/python3.12/site-packages/airflow/example_dags/example_branch_labels.py took 0.069 seconds
[2024-10-06T04:28:24.792+0000] {processor.py:186} INFO - Started process (PID=474) to work on /home/airflow/.local/lib/python3.12/site-packages/airflow/example_dags/example_branch_labels.py
[2024-10-06T04:28:24.792+0000] {processor.py:914} INFO - Processing file /home/airflow/.local/lib/python3.12/site-packages/airflow/example_dags/example_branch_labels.py for tasks to queue
[2024-10-06T04:28:24.794+0000] {logging_mixin.py:190} INFO - [2024-10-06T04:28:24.794+0000] {dagbag.py:588} INFO - Filling up the DagBag from /home/airflow/.local/lib/python3.12/site-packages/airflow/example_dags/example_branch_labels.py
[2024-10-06T04:28:24.801+0000] {processor.py:925} INFO - DAG(s) 'example_branch_labels' retrieved from /home/airflow/.local/lib/python3.12/site-packages/airflow/example_dags/example_branch_labels.py
[2024-10-06T04:28:24.816+0000] {logging_mixin.py:190} INFO - [2024-10-06T04:28:24.816+0000] {dag.py:3239} INFO - Sync 1 DAGs
[2024-10-06T04:28:24.835+0000] {logging_mixin.py:190} INFO - [2024-10-06T04:28:24.834+0000] {dag.py:4180} INFO - Setting next_dagrun for example_branch_labels to 2024-10-05 00:00:00+00:00, run_after=2024-10-06 00:00:00+00:00
[2024-10-06T04:28:24.852+0000] {processor.py:208} INFO - Processing /home/airflow/.local/lib/python3.12/site-packages/airflow/example_dags/example_branch_labels.py took 0.066 seconds
[2024-10-06T04:28:55.098+0000] {processor.py:186} INFO - Started process (PID=536) to work on /home/airflow/.local/lib/python3.12/site-packages/airflow/example_dags/example_branch_labels.py
[2024-10-06T04:28:55.098+0000] {processor.py:914} INFO - Processing file /home/airflow/.local/lib/python3.12/site-packages/airflow/example_dags/example_branch_labels.py for tasks to queue
[2024-10-06T04:28:55.100+0000] {logging_mixin.py:190} INFO - [2024-10-06T04:28:55.100+0000] {dagbag.py:588} INFO - Filling up the DagBag from /home/airflow/.local/lib/python3.12/site-packages/airflow/example_dags/example_branch_labels.py
[2024-10-06T04:28:55.108+0000] {processor.py:925} INFO - DAG(s) 'example_branch_labels' retrieved from /home/airflow/.local/lib/python3.12/site-packages/airflow/example_dags/example_branch_labels.py
[2024-10-06T04:28:55.123+0000] {logging_mixin.py:190} INFO - [2024-10-06T04:28:55.123+0000] {dag.py:3239} INFO - Sync 1 DAGs
[2024-10-06T04:28:55.141+0000] {logging_mixin.py:190} INFO - [2024-10-06T04:28:55.141+0000] {dag.py:4180} INFO - Setting next_dagrun for example_branch_labels to 2024-10-05 00:00:00+00:00, run_after=2024-10-06 00:00:00+00:00
[2024-10-06T04:28:55.157+0000] {processor.py:208} INFO - Processing /home/airflow/.local/lib/python3.12/site-packages/airflow/example_dags/example_branch_labels.py took 0.063 seconds
[2024-10-06T04:29:25.295+0000] {processor.py:186} INFO - Started process (PID=598) to work on /home/airflow/.local/lib/python3.12/site-packages/airflow/example_dags/example_branch_labels.py
[2024-10-06T04:29:25.295+0000] {processor.py:914} INFO - Processing file /home/airflow/.local/lib/python3.12/site-packages/airflow/example_dags/example_branch_labels.py for tasks to queue
[2024-10-06T04:29:25.298+0000] {logging_mixin.py:190} INFO - [2024-10-06T04:29:25.297+0000] {dagbag.py:588} INFO - Filling up the DagBag from /home/airflow/.local/lib/python3.12/site-packages/airflow/example_dags/example_branch_labels.py
[2024-10-06T04:29:25.307+0000] {processor.py:925} INFO - DAG(s) 'example_branch_labels' retrieved from /home/airflow/.local/lib/python3.12/site-packages/airflow/example_dags/example_branch_labels.py
[2024-10-06T04:29:25.323+0000] {logging_mixin.py:190} INFO - [2024-10-06T04:29:25.323+0000] {dag.py:3239} INFO - Sync 1 DAGs
[2024-10-06T04:29:25.342+0000] {logging_mixin.py:190} INFO - [2024-10-06T04:29:25.342+0000] {dag.py:4180} INFO - Setting next_dagrun for example_branch_labels to 2024-10-05 00:00:00+00:00, run_after=2024-10-06 00:00:00+00:00
[2024-10-06T04:29:25.357+0000] {processor.py:208} INFO - Processing /home/airflow/.local/lib/python3.12/site-packages/airflow/example_dags/example_branch_labels.py took 0.067 seconds
[2024-10-06T04:29:55.510+0000] {processor.py:186} INFO - Started process (PID=660) to work on /home/airflow/.local/lib/python3.12/site-packages/airflow/example_dags/example_branch_labels.py
[2024-10-06T04:29:55.511+0000] {processor.py:914} INFO - Processing file /home/airflow/.local/lib/python3.12/site-packages/airflow/example_dags/example_branch_labels.py for tasks to queue
[2024-10-06T04:29:55.513+0000] {logging_mixin.py:190} INFO - [2024-10-06T04:29:55.512+0000] {dagbag.py:588} INFO - Filling up the DagBag from /home/airflow/.local/lib/python3.12/site-packages/airflow/example_dags/example_branch_labels.py
[2024-10-06T04:29:55.520+0000] {processor.py:925} INFO - DAG(s) 'example_branch_labels' retrieved from /home/airflow/.local/lib/python3.12/site-packages/airflow/example_dags/example_branch_labels.py
[2024-10-06T04:29:55.536+0000] {logging_mixin.py:190} INFO - [2024-10-06T04:29:55.536+0000] {dag.py:3239} INFO - Sync 1 DAGs
[2024-10-06T04:29:55.555+0000] {logging_mixin.py:190} INFO - [2024-10-06T04:29:55.554+0000] {dag.py:4180} INFO - Setting next_dagrun for example_branch_labels to 2024-10-05 00:00:00+00:00, run_after=2024-10-06 00:00:00+00:00
[2024-10-06T04:29:55.572+0000] {processor.py:208} INFO - Processing /home/airflow/.local/lib/python3.12/site-packages/airflow/example_dags/example_branch_labels.py took 0.066 seconds
[2024-10-06T04:30:25.761+0000] {processor.py:186} INFO - Started process (PID=723) to work on /home/airflow/.local/lib/python3.12/site-packages/airflow/example_dags/example_branch_labels.py
[2024-10-06T04:30:25.762+0000] {processor.py:914} INFO - Processing file /home/airflow/.local/lib/python3.12/site-packages/airflow/example_dags/example_branch_labels.py for tasks to queue
[2024-10-06T04:30:25.764+0000] {logging_mixin.py:190} INFO - [2024-10-06T04:30:25.763+0000] {dagbag.py:588} INFO - Filling up the DagBag from /home/airflow/.local/lib/python3.12/site-packages/airflow/example_dags/example_branch_labels.py
[2024-10-06T04:30:25.771+0000] {processor.py:925} INFO - DAG(s) 'example_branch_labels' retrieved from /home/airflow/.local/lib/python3.12/site-packages/airflow/example_dags/example_branch_labels.py
[2024-10-06T04:30:25.787+0000] {logging_mixin.py:190} INFO - [2024-10-06T04:30:25.787+0000] {dag.py:3239} INFO - Sync 1 DAGs
[2024-10-06T04:30:25.806+0000] {logging_mixin.py:190} INFO - [2024-10-06T04:30:25.806+0000] {dag.py:4180} INFO - Setting next_dagrun for example_branch_labels to 2024-10-05 00:00:00+00:00, run_after=2024-10-06 00:00:00+00:00
[2024-10-06T04:30:25.824+0000] {processor.py:208} INFO - Processing /home/airflow/.local/lib/python3.12/site-packages/airflow/example_dags/example_branch_labels.py took 0.067 seconds
[2024-10-06T04:30:55.976+0000] {processor.py:186} INFO - Started process (PID=786) to work on /home/airflow/.local/lib/python3.12/site-packages/airflow/example_dags/example_branch_labels.py
[2024-10-06T04:30:55.976+0000] {processor.py:914} INFO - Processing file /home/airflow/.local/lib/python3.12/site-packages/airflow/example_dags/example_branch_labels.py for tasks to queue
[2024-10-06T04:30:55.978+0000] {logging_mixin.py:190} INFO - [2024-10-06T04:30:55.978+0000] {dagbag.py:588} INFO - Filling up the DagBag from /home/airflow/.local/lib/python3.12/site-packages/airflow/example_dags/example_branch_labels.py
[2024-10-06T04:30:55.986+0000] {processor.py:925} INFO - DAG(s) 'example_branch_labels' retrieved from /home/airflow/.local/lib/python3.12/site-packages/airflow/example_dags/example_branch_labels.py
[2024-10-06T04:30:56.000+0000] {logging_mixin.py:190} INFO - [2024-10-06T04:30:56.000+0000] {dag.py:3239} INFO - Sync 1 DAGs
[2024-10-06T04:30:56.019+0000] {logging_mixin.py:190} INFO - [2024-10-06T04:30:56.019+0000] {dag.py:4180} INFO - Setting next_dagrun for example_branch_labels to 2024-10-05 00:00:00+00:00, run_after=2024-10-06 00:00:00+00:00
[2024-10-06T04:30:56.036+0000] {processor.py:208} INFO - Processing /home/airflow/.local/lib/python3.12/site-packages/airflow/example_dags/example_branch_labels.py took 0.065 seconds
[2024-10-06T04:31:26.279+0000] {processor.py:186} INFO - Started process (PID=849) to work on /home/airflow/.local/lib/python3.12/site-packages/airflow/example_dags/example_branch_labels.py
[2024-10-06T04:31:26.280+0000] {processor.py:914} INFO - Processing file /home/airflow/.local/lib/python3.12/site-packages/airflow/example_dags/example_branch_labels.py for tasks to queue
[2024-10-06T04:31:26.282+0000] {logging_mixin.py:190} INFO - [2024-10-06T04:31:26.281+0000] {dagbag.py:588} INFO - Filling up the DagBag from /home/airflow/.local/lib/python3.12/site-packages/airflow/example_dags/example_branch_labels.py
[2024-10-06T04:31:26.289+0000] {processor.py:925} INFO - DAG(s) 'example_branch_labels' retrieved from /home/airflow/.local/lib/python3.12/site-packages/airflow/example_dags/example_branch_labels.py
[2024-10-06T04:31:26.304+0000] {logging_mixin.py:190} INFO - [2024-10-06T04:31:26.304+0000] {dag.py:3239} INFO - Sync 1 DAGs
[2024-10-06T04:31:26.322+0000] {logging_mixin.py:190} INFO - [2024-10-06T04:31:26.322+0000] {dag.py:4180} INFO - Setting next_dagrun for example_branch_labels to 2024-10-05 00:00:00+00:00, run_after=2024-10-06 00:00:00+00:00
[2024-10-06T04:31:26.357+0000] {processor.py:208} INFO - Processing /home/airflow/.local/lib/python3.12/site-packages/airflow/example_dags/example_branch_labels.py took 0.083 seconds
[2024-10-06T04:31:56.517+0000] {processor.py:186} INFO - Started process (PID=912) to work on /home/airflow/.local/lib/python3.12/site-packages/airflow/example_dags/example_branch_labels.py
[2024-10-06T04:31:56.518+0000] {processor.py:914} INFO - Processing file /home/airflow/.local/lib/python3.12/site-packages/airflow/example_dags/example_branch_labels.py for tasks to queue
[2024-10-06T04:31:56.520+0000] {logging_mixin.py:190} INFO - [2024-10-06T04:31:56.520+0000] {dagbag.py:588} INFO - Filling up the DagBag from /home/airflow/.local/lib/python3.12/site-packages/airflow/example_dags/example_branch_labels.py
[2024-10-06T04:31:56.528+0000] {processor.py:925} INFO - DAG(s) 'example_branch_labels' retrieved from /home/airflow/.local/lib/python3.12/site-packages/airflow/example_dags/example_branch_labels.py
[2024-10-06T04:31:56.545+0000] {logging_mixin.py:190} INFO - [2024-10-06T04:31:56.545+0000] {dag.py:3239} INFO - Sync 1 DAGs
[2024-10-06T04:31:56.564+0000] {logging_mixin.py:190} INFO - [2024-10-06T04:31:56.564+0000] {dag.py:4180} INFO - Setting next_dagrun for example_branch_labels to 2024-10-05 00:00:00+00:00, run_after=2024-10-06 00:00:00+00:00
[2024-10-06T04:31:56.591+0000] {processor.py:208} INFO - Processing /home/airflow/.local/lib/python3.12/site-packages/airflow/example_dags/example_branch_labels.py took 0.079 seconds
[2024-10-06T04:32:26.680+0000] {processor.py:186} INFO - Started process (PID=975) to work on /home/airflow/.local/lib/python3.12/site-packages/airflow/example_dags/example_branch_labels.py
[2024-10-06T04:32:26.681+0000] {processor.py:914} INFO - Processing file /home/airflow/.local/lib/python3.12/site-packages/airflow/example_dags/example_branch_labels.py for tasks to queue
[2024-10-06T04:32:26.682+0000] {logging_mixin.py:190} INFO - [2024-10-06T04:32:26.682+0000] {dagbag.py:588} INFO - Filling up the DagBag from /home/airflow/.local/lib/python3.12/site-packages/airflow/example_dags/example_branch_labels.py
[2024-10-06T04:32:26.690+0000] {processor.py:925} INFO - DAG(s) 'example_branch_labels' retrieved from /home/airflow/.local/lib/python3.12/site-packages/airflow/example_dags/example_branch_labels.py
[2024-10-06T04:32:26.711+0000] {logging_mixin.py:190} INFO - [2024-10-06T04:32:26.710+0000] {dag.py:3239} INFO - Sync 1 DAGs
[2024-10-06T04:32:26.736+0000] {logging_mixin.py:190} INFO - [2024-10-06T04:32:26.736+0000] {dag.py:4180} INFO - Setting next_dagrun for example_branch_labels to 2024-10-05 00:00:00+00:00, run_after=2024-10-06 00:00:00+00:00
[2024-10-06T04:32:26.759+0000] {processor.py:208} INFO - Processing /home/airflow/.local/lib/python3.12/site-packages/airflow/example_dags/example_branch_labels.py took 0.084 seconds
[2024-10-06T04:32:56.858+0000] {processor.py:186} INFO - Started process (PID=1037) to work on /home/airflow/.local/lib/python3.12/site-packages/airflow/example_dags/example_branch_labels.py
[2024-10-06T04:32:56.859+0000] {processor.py:914} INFO - Processing file /home/airflow/.local/lib/python3.12/site-packages/airflow/example_dags/example_branch_labels.py for tasks to queue
[2024-10-06T04:32:56.861+0000] {logging_mixin.py:190} INFO - [2024-10-06T04:32:56.860+0000] {dagbag.py:588} INFO - Filling up the DagBag from /home/airflow/.local/lib/python3.12/site-packages/airflow/example_dags/example_branch_labels.py
[2024-10-06T04:32:56.869+0000] {processor.py:925} INFO - DAG(s) 'example_branch_labels' retrieved from /home/airflow/.local/lib/python3.12/site-packages/airflow/example_dags/example_branch_labels.py
[2024-10-06T04:32:56.885+0000] {logging_mixin.py:190} INFO - [2024-10-06T04:32:56.885+0000] {dag.py:3239} INFO - Sync 1 DAGs
[2024-10-06T04:32:56.904+0000] {logging_mixin.py:190} INFO - [2024-10-06T04:32:56.904+0000] {dag.py:4180} INFO - Setting next_dagrun for example_branch_labels to 2024-10-05 00:00:00+00:00, run_after=2024-10-06 00:00:00+00:00
[2024-10-06T04:32:56.921+0000] {processor.py:208} INFO - Processing /home/airflow/.local/lib/python3.12/site-packages/airflow/example_dags/example_branch_labels.py took 0.068 seconds
[2024-10-06T04:33:27.051+0000] {processor.py:186} INFO - Started process (PID=1100) to work on /home/airflow/.local/lib/python3.12/site-packages/airflow/example_dags/example_branch_labels.py
[2024-10-06T04:33:27.052+0000] {processor.py:914} INFO - Processing file /home/airflow/.local/lib/python3.12/site-packages/airflow/example_dags/example_branch_labels.py for tasks to queue
[2024-10-06T04:33:27.054+0000] {logging_mixin.py:190} INFO - [2024-10-06T04:33:27.053+0000] {dagbag.py:588} INFO - Filling up the DagBag from /home/airflow/.local/lib/python3.12/site-packages/airflow/example_dags/example_branch_labels.py
[2024-10-06T04:33:27.061+0000] {processor.py:925} INFO - DAG(s) 'example_branch_labels' retrieved from /home/airflow/.local/lib/python3.12/site-packages/airflow/example_dags/example_branch_labels.py
[2024-10-06T04:33:27.078+0000] {logging_mixin.py:190} INFO - [2024-10-06T04:33:27.078+0000] {dag.py:3239} INFO - Sync 1 DAGs
[2024-10-06T04:33:27.101+0000] {logging_mixin.py:190} INFO - [2024-10-06T04:33:27.101+0000] {dag.py:4180} INFO - Setting next_dagrun for example_branch_labels to 2024-10-05 00:00:00+00:00, run_after=2024-10-06 00:00:00+00:00
[2024-10-06T04:33:27.124+0000] {processor.py:208} INFO - Processing /home/airflow/.local/lib/python3.12/site-packages/airflow/example_dags/example_branch_labels.py took 0.077 seconds
[2024-10-06T04:33:57.398+0000] {processor.py:186} INFO - Started process (PID=1163) to work on /home/airflow/.local/lib/python3.12/site-packages/airflow/example_dags/example_branch_labels.py
[2024-10-06T04:33:57.399+0000] {processor.py:914} INFO - Processing file /home/airflow/.local/lib/python3.12/site-packages/airflow/example_dags/example_branch_labels.py for tasks to queue
[2024-10-06T04:33:57.401+0000] {logging_mixin.py:190} INFO - [2024-10-06T04:33:57.400+0000] {dagbag.py:588} INFO - Filling up the DagBag from /home/airflow/.local/lib/python3.12/site-packages/airflow/example_dags/example_branch_labels.py
[2024-10-06T04:33:57.408+0000] {processor.py:925} INFO - DAG(s) 'example_branch_labels' retrieved from /home/airflow/.local/lib/python3.12/site-packages/airflow/example_dags/example_branch_labels.py
[2024-10-06T04:33:57.424+0000] {logging_mixin.py:190} INFO - [2024-10-06T04:33:57.424+0000] {dag.py:3239} INFO - Sync 1 DAGs
[2024-10-06T04:33:57.442+0000] {logging_mixin.py:190} INFO - [2024-10-06T04:33:57.442+0000] {dag.py:4180} INFO - Setting next_dagrun for example_branch_labels to 2024-10-05 00:00:00+00:00, run_after=2024-10-06 00:00:00+00:00
[2024-10-06T04:33:57.470+0000] {processor.py:208} INFO - Processing /home/airflow/.local/lib/python3.12/site-packages/airflow/example_dags/example_branch_labels.py took 0.076 seconds
[2024-10-06T04:34:27.969+0000] {processor.py:186} INFO - Started process (PID=1226) to work on /home/airflow/.local/lib/python3.12/site-packages/airflow/example_dags/example_branch_labels.py
[2024-10-06T04:34:27.970+0000] {processor.py:914} INFO - Processing file /home/airflow/.local/lib/python3.12/site-packages/airflow/example_dags/example_branch_labels.py for tasks to queue
[2024-10-06T04:34:27.972+0000] {logging_mixin.py:190} INFO - [2024-10-06T04:34:27.972+0000] {dagbag.py:588} INFO - Filling up the DagBag from /home/airflow/.local/lib/python3.12/site-packages/airflow/example_dags/example_branch_labels.py
[2024-10-06T04:34:27.980+0000] {processor.py:925} INFO - DAG(s) 'example_branch_labels' retrieved from /home/airflow/.local/lib/python3.12/site-packages/airflow/example_dags/example_branch_labels.py
[2024-10-06T04:34:27.996+0000] {logging_mixin.py:190} INFO - [2024-10-06T04:34:27.996+0000] {dag.py:3239} INFO - Sync 1 DAGs
[2024-10-06T04:34:28.016+0000] {logging_mixin.py:190} INFO - [2024-10-06T04:34:28.015+0000] {dag.py:4180} INFO - Setting next_dagrun for example_branch_labels to 2024-10-05 00:00:00+00:00, run_after=2024-10-06 00:00:00+00:00
[2024-10-06T04:34:28.034+0000] {processor.py:208} INFO - Processing /home/airflow/.local/lib/python3.12/site-packages/airflow/example_dags/example_branch_labels.py took 0.069 seconds
[2024-10-06T04:34:58.289+0000] {processor.py:186} INFO - Started process (PID=1289) to work on /home/airflow/.local/lib/python3.12/site-packages/airflow/example_dags/example_branch_labels.py
[2024-10-06T04:34:58.290+0000] {processor.py:914} INFO - Processing file /home/airflow/.local/lib/python3.12/site-packages/airflow/example_dags/example_branch_labels.py for tasks to queue
[2024-10-06T04:34:58.292+0000] {logging_mixin.py:190} INFO - [2024-10-06T04:34:58.292+0000] {dagbag.py:588} INFO - Filling up the DagBag from /home/airflow/.local/lib/python3.12/site-packages/airflow/example_dags/example_branch_labels.py
[2024-10-06T04:34:58.302+0000] {processor.py:925} INFO - DAG(s) 'example_branch_labels' retrieved from /home/airflow/.local/lib/python3.12/site-packages/airflow/example_dags/example_branch_labels.py
[2024-10-06T04:34:58.318+0000] {logging_mixin.py:190} INFO - [2024-10-06T04:34:58.318+0000] {dag.py:3239} INFO - Sync 1 DAGs
[2024-10-06T04:34:58.335+0000] {logging_mixin.py:190} INFO - [2024-10-06T04:34:58.335+0000] {dag.py:4180} INFO - Setting next_dagrun for example_branch_labels to 2024-10-05 00:00:00+00:00, run_after=2024-10-06 00:00:00+00:00
[2024-10-06T04:34:58.354+0000] {processor.py:208} INFO - Processing /home/airflow/.local/lib/python3.12/site-packages/airflow/example_dags/example_branch_labels.py took 0.071 seconds
[2024-10-06T04:35:28.519+0000] {processor.py:186} INFO - Started process (PID=1352) to work on /home/airflow/.local/lib/python3.12/site-packages/airflow/example_dags/example_branch_labels.py
[2024-10-06T04:35:28.520+0000] {processor.py:914} INFO - Processing file /home/airflow/.local/lib/python3.12/site-packages/airflow/example_dags/example_branch_labels.py for tasks to queue
[2024-10-06T04:35:28.522+0000] {logging_mixin.py:190} INFO - [2024-10-06T04:35:28.522+0000] {dagbag.py:588} INFO - Filling up the DagBag from /home/airflow/.local/lib/python3.12/site-packages/airflow/example_dags/example_branch_labels.py
[2024-10-06T04:35:28.531+0000] {processor.py:925} INFO - DAG(s) 'example_branch_labels' retrieved from /home/airflow/.local/lib/python3.12/site-packages/airflow/example_dags/example_branch_labels.py
[2024-10-06T04:35:28.546+0000] {logging_mixin.py:190} INFO - [2024-10-06T04:35:28.546+0000] {dag.py:3239} INFO - Sync 1 DAGs
[2024-10-06T04:35:28.564+0000] {logging_mixin.py:190} INFO - [2024-10-06T04:35:28.564+0000] {dag.py:4180} INFO - Setting next_dagrun for example_branch_labels to 2024-10-05 00:00:00+00:00, run_after=2024-10-06 00:00:00+00:00
[2024-10-06T04:35:28.581+0000] {processor.py:208} INFO - Processing /home/airflow/.local/lib/python3.12/site-packages/airflow/example_dags/example_branch_labels.py took 0.068 seconds
[2024-10-06T04:35:58.861+0000] {processor.py:186} INFO - Started process (PID=1415) to work on /home/airflow/.local/lib/python3.12/site-packages/airflow/example_dags/example_branch_labels.py
[2024-10-06T04:35:58.861+0000] {processor.py:914} INFO - Processing file /home/airflow/.local/lib/python3.12/site-packages/airflow/example_dags/example_branch_labels.py for tasks to queue
[2024-10-06T04:35:58.863+0000] {logging_mixin.py:190} INFO - [2024-10-06T04:35:58.863+0000] {dagbag.py:588} INFO - Filling up the DagBag from /home/airflow/.local/lib/python3.12/site-packages/airflow/example_dags/example_branch_labels.py
[2024-10-06T04:35:58.871+0000] {processor.py:925} INFO - DAG(s) 'example_branch_labels' retrieved from /home/airflow/.local/lib/python3.12/site-packages/airflow/example_dags/example_branch_labels.py
[2024-10-06T04:35:58.886+0000] {logging_mixin.py:190} INFO - [2024-10-06T04:35:58.886+0000] {dag.py:3239} INFO - Sync 1 DAGs
[2024-10-06T04:35:58.905+0000] {logging_mixin.py:190} INFO - [2024-10-06T04:35:58.905+0000] {dag.py:4180} INFO - Setting next_dagrun for example_branch_labels to 2024-10-05 00:00:00+00:00, run_after=2024-10-06 00:00:00+00:00
[2024-10-06T04:35:58.921+0000] {processor.py:208} INFO - Processing /home/airflow/.local/lib/python3.12/site-packages/airflow/example_dags/example_branch_labels.py took 0.065 seconds
[2024-10-06T04:36:29.054+0000] {processor.py:186} INFO - Started process (PID=1479) to work on /home/airflow/.local/lib/python3.12/site-packages/airflow/example_dags/example_branch_labels.py
[2024-10-06T04:36:29.055+0000] {processor.py:914} INFO - Processing file /home/airflow/.local/lib/python3.12/site-packages/airflow/example_dags/example_branch_labels.py for tasks to queue
[2024-10-06T04:36:29.056+0000] {logging_mixin.py:190} INFO - [2024-10-06T04:36:29.056+0000] {dagbag.py:588} INFO - Filling up the DagBag from /home/airflow/.local/lib/python3.12/site-packages/airflow/example_dags/example_branch_labels.py
[2024-10-06T04:36:29.064+0000] {processor.py:925} INFO - DAG(s) 'example_branch_labels' retrieved from /home/airflow/.local/lib/python3.12/site-packages/airflow/example_dags/example_branch_labels.py
[2024-10-06T04:36:29.080+0000] {logging_mixin.py:190} INFO - [2024-10-06T04:36:29.079+0000] {dag.py:3239} INFO - Sync 1 DAGs
[2024-10-06T04:36:29.098+0000] {logging_mixin.py:190} INFO - [2024-10-06T04:36:29.098+0000] {dag.py:4180} INFO - Setting next_dagrun for example_branch_labels to 2024-10-05 00:00:00+00:00, run_after=2024-10-06 00:00:00+00:00
[2024-10-06T04:36:29.115+0000] {processor.py:208} INFO - Processing /home/airflow/.local/lib/python3.12/site-packages/airflow/example_dags/example_branch_labels.py took 0.066 seconds
[2024-10-06T04:36:59.474+0000] {processor.py:186} INFO - Started process (PID=1544) to work on /home/airflow/.local/lib/python3.12/site-packages/airflow/example_dags/example_branch_labels.py
[2024-10-06T04:36:59.475+0000] {processor.py:914} INFO - Processing file /home/airflow/.local/lib/python3.12/site-packages/airflow/example_dags/example_branch_labels.py for tasks to queue
[2024-10-06T04:36:59.477+0000] {logging_mixin.py:190} INFO - [2024-10-06T04:36:59.476+0000] {dagbag.py:588} INFO - Filling up the DagBag from /home/airflow/.local/lib/python3.12/site-packages/airflow/example_dags/example_branch_labels.py
[2024-10-06T04:36:59.484+0000] {processor.py:925} INFO - DAG(s) 'example_branch_labels' retrieved from /home/airflow/.local/lib/python3.12/site-packages/airflow/example_dags/example_branch_labels.py
[2024-10-06T04:36:59.502+0000] {logging_mixin.py:190} INFO - [2024-10-06T04:36:59.502+0000] {dag.py:3239} INFO - Sync 1 DAGs
[2024-10-06T04:36:59.527+0000] {logging_mixin.py:190} INFO - [2024-10-06T04:36:59.527+0000] {dag.py:4180} INFO - Setting next_dagrun for example_branch_labels to 2024-10-05 00:00:00+00:00, run_after=2024-10-06 00:00:00+00:00
[2024-10-06T04:36:59.546+0000] {processor.py:208} INFO - Processing /home/airflow/.local/lib/python3.12/site-packages/airflow/example_dags/example_branch_labels.py took 0.076 seconds
[2024-10-06T04:37:29.797+0000] {processor.py:186} INFO - Started process (PID=1606) to work on /home/airflow/.local/lib/python3.12/site-packages/airflow/example_dags/example_branch_labels.py
[2024-10-06T04:37:29.798+0000] {processor.py:914} INFO - Processing file /home/airflow/.local/lib/python3.12/site-packages/airflow/example_dags/example_branch_labels.py for tasks to queue
[2024-10-06T04:37:29.800+0000] {logging_mixin.py:190} INFO - [2024-10-06T04:37:29.799+0000] {dagbag.py:588} INFO - Filling up the DagBag from /home/airflow/.local/lib/python3.12/site-packages/airflow/example_dags/example_branch_labels.py
[2024-10-06T04:37:29.808+0000] {processor.py:925} INFO - DAG(s) 'example_branch_labels' retrieved from /home/airflow/.local/lib/python3.12/site-packages/airflow/example_dags/example_branch_labels.py
[2024-10-06T04:37:29.825+0000] {logging_mixin.py:190} INFO - [2024-10-06T04:37:29.825+0000] {dag.py:3239} INFO - Sync 1 DAGs
[2024-10-06T04:37:29.845+0000] {logging_mixin.py:190} INFO - [2024-10-06T04:37:29.845+0000] {dag.py:4180} INFO - Setting next_dagrun for example_branch_labels to 2024-10-05 00:00:00+00:00, run_after=2024-10-06 00:00:00+00:00
[2024-10-06T04:37:29.873+0000] {processor.py:208} INFO - Processing /home/airflow/.local/lib/python3.12/site-packages/airflow/example_dags/example_branch_labels.py took 0.081 seconds
[2024-10-06T04:38:00.199+0000] {processor.py:186} INFO - Started process (PID=1669) to work on /home/airflow/.local/lib/python3.12/site-packages/airflow/example_dags/example_branch_labels.py
[2024-10-06T04:38:00.200+0000] {processor.py:914} INFO - Processing file /home/airflow/.local/lib/python3.12/site-packages/airflow/example_dags/example_branch_labels.py for tasks to queue
[2024-10-06T04:38:00.202+0000] {logging_mixin.py:190} INFO - [2024-10-06T04:38:00.201+0000] {dagbag.py:588} INFO - Filling up the DagBag from /home/airflow/.local/lib/python3.12/site-packages/airflow/example_dags/example_branch_labels.py
[2024-10-06T04:38:00.209+0000] {processor.py:925} INFO - DAG(s) 'example_branch_labels' retrieved from /home/airflow/.local/lib/python3.12/site-packages/airflow/example_dags/example_branch_labels.py
[2024-10-06T04:38:00.226+0000] {logging_mixin.py:190} INFO - [2024-10-06T04:38:00.225+0000] {dag.py:3239} INFO - Sync 1 DAGs
[2024-10-06T04:38:00.246+0000] {logging_mixin.py:190} INFO - [2024-10-06T04:38:00.246+0000] {dag.py:4180} INFO - Setting next_dagrun for example_branch_labels to 2024-10-05 00:00:00+00:00, run_after=2024-10-06 00:00:00+00:00
[2024-10-06T04:38:00.264+0000] {processor.py:208} INFO - Processing /home/airflow/.local/lib/python3.12/site-packages/airflow/example_dags/example_branch_labels.py took 0.070 seconds
[2024-10-06T04:38:30.758+0000] {processor.py:186} INFO - Started process (PID=1732) to work on /home/airflow/.local/lib/python3.12/site-packages/airflow/example_dags/example_branch_labels.py
[2024-10-06T04:38:30.759+0000] {processor.py:914} INFO - Processing file /home/airflow/.local/lib/python3.12/site-packages/airflow/example_dags/example_branch_labels.py for tasks to queue
[2024-10-06T04:38:30.760+0000] {logging_mixin.py:190} INFO - [2024-10-06T04:38:30.759+0000] {dagbag.py:588} INFO - Filling up the DagBag from /home/airflow/.local/lib/python3.12/site-packages/airflow/example_dags/example_branch_labels.py
[2024-10-06T04:38:30.767+0000] {processor.py:925} INFO - DAG(s) 'example_branch_labels' retrieved from /home/airflow/.local/lib/python3.12/site-packages/airflow/example_dags/example_branch_labels.py
[2024-10-06T04:38:30.786+0000] {logging_mixin.py:190} INFO - [2024-10-06T04:38:30.786+0000] {dag.py:3239} INFO - Sync 1 DAGs
[2024-10-06T04:38:30.812+0000] {logging_mixin.py:190} INFO - [2024-10-06T04:38:30.812+0000] {dag.py:4180} INFO - Setting next_dagrun for example_branch_labels to 2024-10-05 00:00:00+00:00, run_after=2024-10-06 00:00:00+00:00
[2024-10-06T04:38:30.831+0000] {processor.py:208} INFO - Processing /home/airflow/.local/lib/python3.12/site-packages/airflow/example_dags/example_branch_labels.py took 0.077 seconds
[2024-10-06T04:39:01.758+0000] {processor.py:186} INFO - Started process (PID=1796) to work on /home/airflow/.local/lib/python3.12/site-packages/airflow/example_dags/example_branch_labels.py
[2024-10-06T04:39:01.758+0000] {processor.py:914} INFO - Processing file /home/airflow/.local/lib/python3.12/site-packages/airflow/example_dags/example_branch_labels.py for tasks to queue
[2024-10-06T04:39:01.759+0000] {logging_mixin.py:190} INFO - [2024-10-06T04:39:01.759+0000] {dagbag.py:588} INFO - Filling up the DagBag from /home/airflow/.local/lib/python3.12/site-packages/airflow/example_dags/example_branch_labels.py
[2024-10-06T04:39:01.766+0000] {processor.py:925} INFO - DAG(s) 'example_branch_labels' retrieved from /home/airflow/.local/lib/python3.12/site-packages/airflow/example_dags/example_branch_labels.py
[2024-10-06T04:39:01.782+0000] {logging_mixin.py:190} INFO - [2024-10-06T04:39:01.782+0000] {dag.py:3239} INFO - Sync 1 DAGs
[2024-10-06T04:39:01.805+0000] {logging_mixin.py:190} INFO - [2024-10-06T04:39:01.805+0000] {dag.py:4180} INFO - Setting next_dagrun for example_branch_labels to 2024-10-05 00:00:00+00:00, run_after=2024-10-06 00:00:00+00:00
[2024-10-06T04:39:01.823+0000] {processor.py:208} INFO - Processing /home/airflow/.local/lib/python3.12/site-packages/airflow/example_dags/example_branch_labels.py took 0.070 seconds
[2024-10-06T04:39:32.046+0000] {processor.py:186} INFO - Started process (PID=1859) to work on /home/airflow/.local/lib/python3.12/site-packages/airflow/example_dags/example_branch_labels.py
[2024-10-06T04:39:32.047+0000] {processor.py:914} INFO - Processing file /home/airflow/.local/lib/python3.12/site-packages/airflow/example_dags/example_branch_labels.py for tasks to queue
[2024-10-06T04:39:32.048+0000] {logging_mixin.py:190} INFO - [2024-10-06T04:39:32.048+0000] {dagbag.py:588} INFO - Filling up the DagBag from /home/airflow/.local/lib/python3.12/site-packages/airflow/example_dags/example_branch_labels.py
[2024-10-06T04:39:32.056+0000] {processor.py:925} INFO - DAG(s) 'example_branch_labels' retrieved from /home/airflow/.local/lib/python3.12/site-packages/airflow/example_dags/example_branch_labels.py
[2024-10-06T04:39:32.072+0000] {logging_mixin.py:190} INFO - [2024-10-06T04:39:32.072+0000] {dag.py:3239} INFO - Sync 1 DAGs
[2024-10-06T04:39:32.092+0000] {logging_mixin.py:190} INFO - [2024-10-06T04:39:32.091+0000] {dag.py:4180} INFO - Setting next_dagrun for example_branch_labels to 2024-10-05 00:00:00+00:00, run_after=2024-10-06 00:00:00+00:00
[2024-10-06T04:39:32.109+0000] {processor.py:208} INFO - Processing /home/airflow/.local/lib/python3.12/site-packages/airflow/example_dags/example_branch_labels.py took 0.067 seconds
[2024-10-06T04:40:03.113+0000] {processor.py:186} INFO - Started process (PID=1922) to work on /home/airflow/.local/lib/python3.12/site-packages/airflow/example_dags/example_branch_labels.py
[2024-10-06T04:40:03.114+0000] {processor.py:914} INFO - Processing file /home/airflow/.local/lib/python3.12/site-packages/airflow/example_dags/example_branch_labels.py for tasks to queue
[2024-10-06T04:40:03.114+0000] {logging_mixin.py:190} INFO - [2024-10-06T04:40:03.114+0000] {dagbag.py:588} INFO - Filling up the DagBag from /home/airflow/.local/lib/python3.12/site-packages/airflow/example_dags/example_branch_labels.py
[2024-10-06T04:40:03.121+0000] {processor.py:925} INFO - DAG(s) 'example_branch_labels' retrieved from /home/airflow/.local/lib/python3.12/site-packages/airflow/example_dags/example_branch_labels.py
[2024-10-06T04:40:03.137+0000] {logging_mixin.py:190} INFO - [2024-10-06T04:40:03.137+0000] {dag.py:3239} INFO - Sync 1 DAGs
[2024-10-06T04:40:03.156+0000] {logging_mixin.py:190} INFO - [2024-10-06T04:40:03.155+0000] {dag.py:4180} INFO - Setting next_dagrun for example_branch_labels to 2024-10-05 00:00:00+00:00, run_after=2024-10-06 00:00:00+00:00
[2024-10-06T04:40:03.174+0000] {processor.py:208} INFO - Processing /home/airflow/.local/lib/python3.12/site-packages/airflow/example_dags/example_branch_labels.py took 0.065 seconds
[2024-10-06T04:40:33.463+0000] {processor.py:186} INFO - Started process (PID=1985) to work on /home/airflow/.local/lib/python3.12/site-packages/airflow/example_dags/example_branch_labels.py
[2024-10-06T04:40:33.463+0000] {processor.py:914} INFO - Processing file /home/airflow/.local/lib/python3.12/site-packages/airflow/example_dags/example_branch_labels.py for tasks to queue
[2024-10-06T04:40:33.464+0000] {logging_mixin.py:190} INFO - [2024-10-06T04:40:33.464+0000] {dagbag.py:588} INFO - Filling up the DagBag from /home/airflow/.local/lib/python3.12/site-packages/airflow/example_dags/example_branch_labels.py
[2024-10-06T04:40:33.472+0000] {processor.py:925} INFO - DAG(s) 'example_branch_labels' retrieved from /home/airflow/.local/lib/python3.12/site-packages/airflow/example_dags/example_branch_labels.py
[2024-10-06T04:40:33.487+0000] {logging_mixin.py:190} INFO - [2024-10-06T04:40:33.487+0000] {dag.py:3239} INFO - Sync 1 DAGs
[2024-10-06T04:40:33.506+0000] {logging_mixin.py:190} INFO - [2024-10-06T04:40:33.505+0000] {dag.py:4180} INFO - Setting next_dagrun for example_branch_labels to 2024-10-05 00:00:00+00:00, run_after=2024-10-06 00:00:00+00:00
[2024-10-06T04:40:33.521+0000] {processor.py:208} INFO - Processing /home/airflow/.local/lib/python3.12/site-packages/airflow/example_dags/example_branch_labels.py took 0.064 seconds
[2024-10-06T04:41:04.190+0000] {processor.py:186} INFO - Started process (PID=2048) to work on /home/airflow/.local/lib/python3.12/site-packages/airflow/example_dags/example_branch_labels.py
[2024-10-06T04:41:04.191+0000] {processor.py:914} INFO - Processing file /home/airflow/.local/lib/python3.12/site-packages/airflow/example_dags/example_branch_labels.py for tasks to queue
[2024-10-06T04:41:04.192+0000] {logging_mixin.py:190} INFO - [2024-10-06T04:41:04.192+0000] {dagbag.py:588} INFO - Filling up the DagBag from /home/airflow/.local/lib/python3.12/site-packages/airflow/example_dags/example_branch_labels.py
[2024-10-06T04:41:04.200+0000] {processor.py:925} INFO - DAG(s) 'example_branch_labels' retrieved from /home/airflow/.local/lib/python3.12/site-packages/airflow/example_dags/example_branch_labels.py
[2024-10-06T04:41:04.216+0000] {logging_mixin.py:190} INFO - [2024-10-06T04:41:04.216+0000] {dag.py:3239} INFO - Sync 1 DAGs
[2024-10-06T04:41:04.237+0000] {logging_mixin.py:190} INFO - [2024-10-06T04:41:04.237+0000] {dag.py:4180} INFO - Setting next_dagrun for example_branch_labels to 2024-10-05 00:00:00+00:00, run_after=2024-10-06 00:00:00+00:00
[2024-10-06T04:41:04.254+0000] {processor.py:208} INFO - Processing /home/airflow/.local/lib/python3.12/site-packages/airflow/example_dags/example_branch_labels.py took 0.068 seconds
[2024-10-06T04:41:35.193+0000] {processor.py:186} INFO - Started process (PID=2111) to work on /home/airflow/.local/lib/python3.12/site-packages/airflow/example_dags/example_branch_labels.py
[2024-10-06T04:41:35.195+0000] {processor.py:914} INFO - Processing file /home/airflow/.local/lib/python3.12/site-packages/airflow/example_dags/example_branch_labels.py for tasks to queue
[2024-10-06T04:41:35.196+0000] {logging_mixin.py:190} INFO - [2024-10-06T04:41:35.195+0000] {dagbag.py:588} INFO - Filling up the DagBag from /home/airflow/.local/lib/python3.12/site-packages/airflow/example_dags/example_branch_labels.py
[2024-10-06T04:41:35.207+0000] {processor.py:925} INFO - DAG(s) 'example_branch_labels' retrieved from /home/airflow/.local/lib/python3.12/site-packages/airflow/example_dags/example_branch_labels.py
[2024-10-06T04:41:35.230+0000] {logging_mixin.py:190} INFO - [2024-10-06T04:41:35.229+0000] {dag.py:3239} INFO - Sync 1 DAGs
[2024-10-06T04:41:35.249+0000] {logging_mixin.py:190} INFO - [2024-10-06T04:41:35.249+0000] {dag.py:4180} INFO - Setting next_dagrun for example_branch_labels to 2024-10-05 00:00:00+00:00, run_after=2024-10-06 00:00:00+00:00
[2024-10-06T04:41:35.266+0000] {processor.py:208} INFO - Processing /home/airflow/.local/lib/python3.12/site-packages/airflow/example_dags/example_branch_labels.py took 0.079 seconds
[2024-10-06T04:42:05.967+0000] {processor.py:186} INFO - Started process (PID=2175) to work on /home/airflow/.local/lib/python3.12/site-packages/airflow/example_dags/example_branch_labels.py
[2024-10-06T04:42:05.968+0000] {processor.py:914} INFO - Processing file /home/airflow/.local/lib/python3.12/site-packages/airflow/example_dags/example_branch_labels.py for tasks to queue
[2024-10-06T04:42:05.969+0000] {logging_mixin.py:190} INFO - [2024-10-06T04:42:05.969+0000] {dagbag.py:588} INFO - Filling up the DagBag from /home/airflow/.local/lib/python3.12/site-packages/airflow/example_dags/example_branch_labels.py
[2024-10-06T04:42:05.979+0000] {processor.py:925} INFO - DAG(s) 'example_branch_labels' retrieved from /home/airflow/.local/lib/python3.12/site-packages/airflow/example_dags/example_branch_labels.py
[2024-10-06T04:42:06.000+0000] {logging_mixin.py:190} INFO - [2024-10-06T04:42:06.000+0000] {dag.py:3239} INFO - Sync 1 DAGs
[2024-10-06T04:42:06.023+0000] {logging_mixin.py:190} INFO - [2024-10-06T04:42:06.023+0000] {dag.py:4180} INFO - Setting next_dagrun for example_branch_labels to 2024-10-05 00:00:00+00:00, run_after=2024-10-06 00:00:00+00:00
[2024-10-06T04:42:06.041+0000] {processor.py:208} INFO - Processing /home/airflow/.local/lib/python3.12/site-packages/airflow/example_dags/example_branch_labels.py took 0.080 seconds
[2024-10-06T04:42:36.746+0000] {processor.py:186} INFO - Started process (PID=2238) to work on /home/airflow/.local/lib/python3.12/site-packages/airflow/example_dags/example_branch_labels.py
[2024-10-06T04:42:36.746+0000] {processor.py:914} INFO - Processing file /home/airflow/.local/lib/python3.12/site-packages/airflow/example_dags/example_branch_labels.py for tasks to queue
[2024-10-06T04:42:36.747+0000] {logging_mixin.py:190} INFO - [2024-10-06T04:42:36.747+0000] {dagbag.py:588} INFO - Filling up the DagBag from /home/airflow/.local/lib/python3.12/site-packages/airflow/example_dags/example_branch_labels.py
[2024-10-06T04:42:36.757+0000] {processor.py:925} INFO - DAG(s) 'example_branch_labels' retrieved from /home/airflow/.local/lib/python3.12/site-packages/airflow/example_dags/example_branch_labels.py
[2024-10-06T04:42:36.779+0000] {logging_mixin.py:190} INFO - [2024-10-06T04:42:36.778+0000] {dag.py:3239} INFO - Sync 1 DAGs
[2024-10-06T04:42:36.807+0000] {logging_mixin.py:190} INFO - [2024-10-06T04:42:36.807+0000] {dag.py:4180} INFO - Setting next_dagrun for example_branch_labels to 2024-10-05 00:00:00+00:00, run_after=2024-10-06 00:00:00+00:00
[2024-10-06T04:42:36.839+0000] {processor.py:208} INFO - Processing /home/airflow/.local/lib/python3.12/site-packages/airflow/example_dags/example_branch_labels.py took 0.099 seconds
[2024-10-06T04:43:07.248+0000] {processor.py:186} INFO - Started process (PID=2301) to work on /home/airflow/.local/lib/python3.12/site-packages/airflow/example_dags/example_branch_labels.py
[2024-10-06T04:43:07.248+0000] {processor.py:914} INFO - Processing file /home/airflow/.local/lib/python3.12/site-packages/airflow/example_dags/example_branch_labels.py for tasks to queue
[2024-10-06T04:43:07.249+0000] {logging_mixin.py:190} INFO - [2024-10-06T04:43:07.249+0000] {dagbag.py:588} INFO - Filling up the DagBag from /home/airflow/.local/lib/python3.12/site-packages/airflow/example_dags/example_branch_labels.py
[2024-10-06T04:43:07.256+0000] {processor.py:925} INFO - DAG(s) 'example_branch_labels' retrieved from /home/airflow/.local/lib/python3.12/site-packages/airflow/example_dags/example_branch_labels.py
[2024-10-06T04:43:07.272+0000] {logging_mixin.py:190} INFO - [2024-10-06T04:43:07.272+0000] {dag.py:3239} INFO - Sync 1 DAGs
[2024-10-06T04:43:07.292+0000] {logging_mixin.py:190} INFO - [2024-10-06T04:43:07.292+0000] {dag.py:4180} INFO - Setting next_dagrun for example_branch_labels to 2024-10-05 00:00:00+00:00, run_after=2024-10-06 00:00:00+00:00
[2024-10-06T04:43:07.309+0000] {processor.py:208} INFO - Processing /home/airflow/.local/lib/python3.12/site-packages/airflow/example_dags/example_branch_labels.py took 0.066 seconds
[2024-10-06T04:43:38.179+0000] {processor.py:186} INFO - Started process (PID=2364) to work on /home/airflow/.local/lib/python3.12/site-packages/airflow/example_dags/example_branch_labels.py
[2024-10-06T04:43:38.180+0000] {processor.py:914} INFO - Processing file /home/airflow/.local/lib/python3.12/site-packages/airflow/example_dags/example_branch_labels.py for tasks to queue
[2024-10-06T04:43:38.181+0000] {logging_mixin.py:190} INFO - [2024-10-06T04:43:38.181+0000] {dagbag.py:588} INFO - Filling up the DagBag from /home/airflow/.local/lib/python3.12/site-packages/airflow/example_dags/example_branch_labels.py
[2024-10-06T04:43:38.192+0000] {processor.py:925} INFO - DAG(s) 'example_branch_labels' retrieved from /home/airflow/.local/lib/python3.12/site-packages/airflow/example_dags/example_branch_labels.py
[2024-10-06T04:43:38.213+0000] {logging_mixin.py:190} INFO - [2024-10-06T04:43:38.213+0000] {dag.py:3239} INFO - Sync 1 DAGs
[2024-10-06T04:43:38.241+0000] {logging_mixin.py:190} INFO - [2024-10-06T04:43:38.241+0000] {dag.py:4180} INFO - Setting next_dagrun for example_branch_labels to 2024-10-05 00:00:00+00:00, run_after=2024-10-06 00:00:00+00:00
[2024-10-06T04:43:38.262+0000] {processor.py:208} INFO - Processing /home/airflow/.local/lib/python3.12/site-packages/airflow/example_dags/example_branch_labels.py took 0.088 seconds
[2024-10-06T04:44:08.591+0000] {processor.py:186} INFO - Started process (PID=2428) to work on /home/airflow/.local/lib/python3.12/site-packages/airflow/example_dags/example_branch_labels.py
[2024-10-06T04:44:08.592+0000] {processor.py:914} INFO - Processing file /home/airflow/.local/lib/python3.12/site-packages/airflow/example_dags/example_branch_labels.py for tasks to queue
[2024-10-06T04:44:08.592+0000] {logging_mixin.py:190} INFO - [2024-10-06T04:44:08.592+0000] {dagbag.py:588} INFO - Filling up the DagBag from /home/airflow/.local/lib/python3.12/site-packages/airflow/example_dags/example_branch_labels.py
[2024-10-06T04:44:08.600+0000] {processor.py:925} INFO - DAG(s) 'example_branch_labels' retrieved from /home/airflow/.local/lib/python3.12/site-packages/airflow/example_dags/example_branch_labels.py
[2024-10-06T04:44:08.615+0000] {logging_mixin.py:190} INFO - [2024-10-06T04:44:08.615+0000] {dag.py:3239} INFO - Sync 1 DAGs
[2024-10-06T04:44:08.634+0000] {logging_mixin.py:190} INFO - [2024-10-06T04:44:08.634+0000] {dag.py:4180} INFO - Setting next_dagrun for example_branch_labels to 2024-10-05 00:00:00+00:00, run_after=2024-10-06 00:00:00+00:00
[2024-10-06T04:44:08.649+0000] {processor.py:208} INFO - Processing /home/airflow/.local/lib/python3.12/site-packages/airflow/example_dags/example_branch_labels.py took 0.062 seconds
[2024-10-06T04:44:39.296+0000] {processor.py:186} INFO - Started process (PID=2492) to work on /home/airflow/.local/lib/python3.12/site-packages/airflow/example_dags/example_branch_labels.py
[2024-10-06T04:44:39.296+0000] {processor.py:914} INFO - Processing file /home/airflow/.local/lib/python3.12/site-packages/airflow/example_dags/example_branch_labels.py for tasks to queue
[2024-10-06T04:44:39.298+0000] {logging_mixin.py:190} INFO - [2024-10-06T04:44:39.297+0000] {dagbag.py:588} INFO - Filling up the DagBag from /home/airflow/.local/lib/python3.12/site-packages/airflow/example_dags/example_branch_labels.py
[2024-10-06T04:44:39.308+0000] {processor.py:925} INFO - DAG(s) 'example_branch_labels' retrieved from /home/airflow/.local/lib/python3.12/site-packages/airflow/example_dags/example_branch_labels.py
[2024-10-06T04:44:39.326+0000] {logging_mixin.py:190} INFO - [2024-10-06T04:44:39.326+0000] {dag.py:3239} INFO - Sync 1 DAGs
[2024-10-06T04:44:39.348+0000] {logging_mixin.py:190} INFO - [2024-10-06T04:44:39.348+0000] {dag.py:4180} INFO - Setting next_dagrun for example_branch_labels to 2024-10-05 00:00:00+00:00, run_after=2024-10-06 00:00:00+00:00
[2024-10-06T04:44:39.369+0000] {processor.py:208} INFO - Processing /home/airflow/.local/lib/python3.12/site-packages/airflow/example_dags/example_branch_labels.py took 0.079 seconds
[2024-10-06T04:45:09.867+0000] {processor.py:186} INFO - Started process (PID=2555) to work on /home/airflow/.local/lib/python3.12/site-packages/airflow/example_dags/example_branch_labels.py
[2024-10-06T04:45:09.868+0000] {processor.py:914} INFO - Processing file /home/airflow/.local/lib/python3.12/site-packages/airflow/example_dags/example_branch_labels.py for tasks to queue
[2024-10-06T04:45:09.869+0000] {logging_mixin.py:190} INFO - [2024-10-06T04:45:09.869+0000] {dagbag.py:588} INFO - Filling up the DagBag from /home/airflow/.local/lib/python3.12/site-packages/airflow/example_dags/example_branch_labels.py
[2024-10-06T04:45:09.876+0000] {processor.py:925} INFO - DAG(s) 'example_branch_labels' retrieved from /home/airflow/.local/lib/python3.12/site-packages/airflow/example_dags/example_branch_labels.py
[2024-10-06T04:45:09.892+0000] {logging_mixin.py:190} INFO - [2024-10-06T04:45:09.892+0000] {dag.py:3239} INFO - Sync 1 DAGs
[2024-10-06T04:45:09.911+0000] {logging_mixin.py:190} INFO - [2024-10-06T04:45:09.911+0000] {dag.py:4180} INFO - Setting next_dagrun for example_branch_labels to 2024-10-05 00:00:00+00:00, run_after=2024-10-06 00:00:00+00:00
[2024-10-06T04:45:09.931+0000] {processor.py:208} INFO - Processing /home/airflow/.local/lib/python3.12/site-packages/airflow/example_dags/example_branch_labels.py took 0.068 seconds
[2024-10-06T04:45:40.550+0000] {processor.py:186} INFO - Started process (PID=2618) to work on /home/airflow/.local/lib/python3.12/site-packages/airflow/example_dags/example_branch_labels.py
[2024-10-06T04:45:40.550+0000] {processor.py:914} INFO - Processing file /home/airflow/.local/lib/python3.12/site-packages/airflow/example_dags/example_branch_labels.py for tasks to queue
[2024-10-06T04:45:40.551+0000] {logging_mixin.py:190} INFO - [2024-10-06T04:45:40.551+0000] {dagbag.py:588} INFO - Filling up the DagBag from /home/airflow/.local/lib/python3.12/site-packages/airflow/example_dags/example_branch_labels.py
[2024-10-06T04:45:40.559+0000] {processor.py:925} INFO - DAG(s) 'example_branch_labels' retrieved from /home/airflow/.local/lib/python3.12/site-packages/airflow/example_dags/example_branch_labels.py
[2024-10-06T04:45:40.576+0000] {logging_mixin.py:190} INFO - [2024-10-06T04:45:40.576+0000] {dag.py:3239} INFO - Sync 1 DAGs
[2024-10-06T04:45:40.596+0000] {logging_mixin.py:190} INFO - [2024-10-06T04:45:40.596+0000] {dag.py:4180} INFO - Setting next_dagrun for example_branch_labels to 2024-10-05 00:00:00+00:00, run_after=2024-10-06 00:00:00+00:00
[2024-10-06T04:45:40.613+0000] {processor.py:208} INFO - Processing /home/airflow/.local/lib/python3.12/site-packages/airflow/example_dags/example_branch_labels.py took 0.068 seconds
[2024-10-06T04:46:11.244+0000] {processor.py:186} INFO - Started process (PID=2681) to work on /home/airflow/.local/lib/python3.12/site-packages/airflow/example_dags/example_branch_labels.py
[2024-10-06T04:46:11.244+0000] {processor.py:914} INFO - Processing file /home/airflow/.local/lib/python3.12/site-packages/airflow/example_dags/example_branch_labels.py for tasks to queue
[2024-10-06T04:46:11.245+0000] {logging_mixin.py:190} INFO - [2024-10-06T04:46:11.245+0000] {dagbag.py:588} INFO - Filling up the DagBag from /home/airflow/.local/lib/python3.12/site-packages/airflow/example_dags/example_branch_labels.py
[2024-10-06T04:46:11.253+0000] {processor.py:925} INFO - DAG(s) 'example_branch_labels' retrieved from /home/airflow/.local/lib/python3.12/site-packages/airflow/example_dags/example_branch_labels.py
[2024-10-06T04:46:11.269+0000] {logging_mixin.py:190} INFO - [2024-10-06T04:46:11.269+0000] {dag.py:3239} INFO - Sync 1 DAGs
[2024-10-06T04:46:11.293+0000] {logging_mixin.py:190} INFO - [2024-10-06T04:46:11.293+0000] {dag.py:4180} INFO - Setting next_dagrun for example_branch_labels to 2024-10-05 00:00:00+00:00, run_after=2024-10-06 00:00:00+00:00
[2024-10-06T04:46:11.318+0000] {processor.py:208} INFO - Processing /home/airflow/.local/lib/python3.12/site-packages/airflow/example_dags/example_branch_labels.py took 0.078 seconds
[2024-10-06T04:46:41.983+0000] {processor.py:186} INFO - Started process (PID=2744) to work on /home/airflow/.local/lib/python3.12/site-packages/airflow/example_dags/example_branch_labels.py
[2024-10-06T04:46:41.984+0000] {processor.py:914} INFO - Processing file /home/airflow/.local/lib/python3.12/site-packages/airflow/example_dags/example_branch_labels.py for tasks to queue
[2024-10-06T04:46:41.985+0000] {logging_mixin.py:190} INFO - [2024-10-06T04:46:41.984+0000] {dagbag.py:588} INFO - Filling up the DagBag from /home/airflow/.local/lib/python3.12/site-packages/airflow/example_dags/example_branch_labels.py
[2024-10-06T04:46:41.993+0000] {processor.py:925} INFO - DAG(s) 'example_branch_labels' retrieved from /home/airflow/.local/lib/python3.12/site-packages/airflow/example_dags/example_branch_labels.py
[2024-10-06T04:46:42.014+0000] {logging_mixin.py:190} INFO - [2024-10-06T04:46:42.013+0000] {dag.py:3239} INFO - Sync 1 DAGs
[2024-10-06T04:46:42.036+0000] {logging_mixin.py:190} INFO - [2024-10-06T04:46:42.036+0000] {dag.py:4180} INFO - Setting next_dagrun for example_branch_labels to 2024-10-05 00:00:00+00:00, run_after=2024-10-06 00:00:00+00:00
[2024-10-06T04:46:42.056+0000] {processor.py:208} INFO - Processing /home/airflow/.local/lib/python3.12/site-packages/airflow/example_dags/example_branch_labels.py took 0.078 seconds
[2024-10-06T04:47:12.455+0000] {processor.py:186} INFO - Started process (PID=2807) to work on /home/airflow/.local/lib/python3.12/site-packages/airflow/example_dags/example_branch_labels.py
[2024-10-06T04:47:12.456+0000] {processor.py:914} INFO - Processing file /home/airflow/.local/lib/python3.12/site-packages/airflow/example_dags/example_branch_labels.py for tasks to queue
[2024-10-06T04:47:12.457+0000] {logging_mixin.py:190} INFO - [2024-10-06T04:47:12.456+0000] {dagbag.py:588} INFO - Filling up the DagBag from /home/airflow/.local/lib/python3.12/site-packages/airflow/example_dags/example_branch_labels.py
[2024-10-06T04:47:12.466+0000] {processor.py:925} INFO - DAG(s) 'example_branch_labels' retrieved from /home/airflow/.local/lib/python3.12/site-packages/airflow/example_dags/example_branch_labels.py
[2024-10-06T04:47:12.486+0000] {logging_mixin.py:190} INFO - [2024-10-06T04:47:12.485+0000] {dag.py:3239} INFO - Sync 1 DAGs
[2024-10-06T04:47:12.509+0000] {logging_mixin.py:190} INFO - [2024-10-06T04:47:12.509+0000] {dag.py:4180} INFO - Setting next_dagrun for example_branch_labels to 2024-10-05 00:00:00+00:00, run_after=2024-10-06 00:00:00+00:00
[2024-10-06T04:47:12.528+0000] {processor.py:208} INFO - Processing /home/airflow/.local/lib/python3.12/site-packages/airflow/example_dags/example_branch_labels.py took 0.077 seconds
[2024-10-06T04:47:43.537+0000] {processor.py:186} INFO - Started process (PID=2870) to work on /home/airflow/.local/lib/python3.12/site-packages/airflow/example_dags/example_branch_labels.py
[2024-10-06T04:47:43.537+0000] {processor.py:914} INFO - Processing file /home/airflow/.local/lib/python3.12/site-packages/airflow/example_dags/example_branch_labels.py for tasks to queue
[2024-10-06T04:47:43.538+0000] {logging_mixin.py:190} INFO - [2024-10-06T04:47:43.538+0000] {dagbag.py:588} INFO - Filling up the DagBag from /home/airflow/.local/lib/python3.12/site-packages/airflow/example_dags/example_branch_labels.py
[2024-10-06T04:47:43.546+0000] {processor.py:925} INFO - DAG(s) 'example_branch_labels' retrieved from /home/airflow/.local/lib/python3.12/site-packages/airflow/example_dags/example_branch_labels.py
[2024-10-06T04:47:43.561+0000] {logging_mixin.py:190} INFO - [2024-10-06T04:47:43.561+0000] {dag.py:3239} INFO - Sync 1 DAGs
[2024-10-06T04:47:43.580+0000] {logging_mixin.py:190} INFO - [2024-10-06T04:47:43.580+0000] {dag.py:4180} INFO - Setting next_dagrun for example_branch_labels to 2024-10-05 00:00:00+00:00, run_after=2024-10-06 00:00:00+00:00
[2024-10-06T04:47:43.596+0000] {processor.py:208} INFO - Processing /home/airflow/.local/lib/python3.12/site-packages/airflow/example_dags/example_branch_labels.py took 0.064 seconds
[2024-10-06T04:48:13.994+0000] {processor.py:186} INFO - Started process (PID=2933) to work on /home/airflow/.local/lib/python3.12/site-packages/airflow/example_dags/example_branch_labels.py
[2024-10-06T04:48:13.995+0000] {processor.py:914} INFO - Processing file /home/airflow/.local/lib/python3.12/site-packages/airflow/example_dags/example_branch_labels.py for tasks to queue
[2024-10-06T04:48:13.996+0000] {logging_mixin.py:190} INFO - [2024-10-06T04:48:13.995+0000] {dagbag.py:588} INFO - Filling up the DagBag from /home/airflow/.local/lib/python3.12/site-packages/airflow/example_dags/example_branch_labels.py
[2024-10-06T04:48:14.004+0000] {processor.py:925} INFO - DAG(s) 'example_branch_labels' retrieved from /home/airflow/.local/lib/python3.12/site-packages/airflow/example_dags/example_branch_labels.py
[2024-10-06T04:48:14.024+0000] {logging_mixin.py:190} INFO - [2024-10-06T04:48:14.024+0000] {dag.py:3239} INFO - Sync 1 DAGs
[2024-10-06T04:48:14.044+0000] {logging_mixin.py:190} INFO - [2024-10-06T04:48:14.044+0000] {dag.py:4180} INFO - Setting next_dagrun for example_branch_labels to 2024-10-05 00:00:00+00:00, run_after=2024-10-06 00:00:00+00:00
[2024-10-06T04:48:14.062+0000] {processor.py:208} INFO - Processing /home/airflow/.local/lib/python3.12/site-packages/airflow/example_dags/example_branch_labels.py took 0.073 seconds
[2024-10-06T04:48:44.428+0000] {processor.py:186} INFO - Started process (PID=2996) to work on /home/airflow/.local/lib/python3.12/site-packages/airflow/example_dags/example_branch_labels.py
[2024-10-06T04:48:44.429+0000] {processor.py:914} INFO - Processing file /home/airflow/.local/lib/python3.12/site-packages/airflow/example_dags/example_branch_labels.py for tasks to queue
[2024-10-06T04:48:44.430+0000] {logging_mixin.py:190} INFO - [2024-10-06T04:48:44.430+0000] {dagbag.py:588} INFO - Filling up the DagBag from /home/airflow/.local/lib/python3.12/site-packages/airflow/example_dags/example_branch_labels.py
[2024-10-06T04:48:44.441+0000] {processor.py:925} INFO - DAG(s) 'example_branch_labels' retrieved from /home/airflow/.local/lib/python3.12/site-packages/airflow/example_dags/example_branch_labels.py
[2024-10-06T04:48:44.457+0000] {logging_mixin.py:190} INFO - [2024-10-06T04:48:44.457+0000] {dag.py:3239} INFO - Sync 1 DAGs
[2024-10-06T04:48:44.477+0000] {logging_mixin.py:190} INFO - [2024-10-06T04:48:44.477+0000] {dag.py:4180} INFO - Setting next_dagrun for example_branch_labels to 2024-10-05 00:00:00+00:00, run_after=2024-10-06 00:00:00+00:00
[2024-10-06T04:48:44.494+0000] {processor.py:208} INFO - Processing /home/airflow/.local/lib/python3.12/site-packages/airflow/example_dags/example_branch_labels.py took 0.071 seconds
[2024-10-06T04:49:15.090+0000] {processor.py:186} INFO - Started process (PID=3060) to work on /home/airflow/.local/lib/python3.12/site-packages/airflow/example_dags/example_branch_labels.py
[2024-10-06T04:49:15.091+0000] {processor.py:914} INFO - Processing file /home/airflow/.local/lib/python3.12/site-packages/airflow/example_dags/example_branch_labels.py for tasks to queue
[2024-10-06T04:49:15.092+0000] {logging_mixin.py:190} INFO - [2024-10-06T04:49:15.091+0000] {dagbag.py:588} INFO - Filling up the DagBag from /home/airflow/.local/lib/python3.12/site-packages/airflow/example_dags/example_branch_labels.py
[2024-10-06T04:49:15.100+0000] {processor.py:925} INFO - DAG(s) 'example_branch_labels' retrieved from /home/airflow/.local/lib/python3.12/site-packages/airflow/example_dags/example_branch_labels.py
[2024-10-06T04:49:15.115+0000] {logging_mixin.py:190} INFO - [2024-10-06T04:49:15.115+0000] {dag.py:3239} INFO - Sync 1 DAGs
[2024-10-06T04:49:15.134+0000] {logging_mixin.py:190} INFO - [2024-10-06T04:49:15.134+0000] {dag.py:4180} INFO - Setting next_dagrun for example_branch_labels to 2024-10-05 00:00:00+00:00, run_after=2024-10-06 00:00:00+00:00
[2024-10-06T04:49:15.150+0000] {processor.py:208} INFO - Processing /home/airflow/.local/lib/python3.12/site-packages/airflow/example_dags/example_branch_labels.py took 0.064 seconds
[2024-10-06T04:49:45.654+0000] {processor.py:186} INFO - Started process (PID=3123) to work on /home/airflow/.local/lib/python3.12/site-packages/airflow/example_dags/example_branch_labels.py
[2024-10-06T04:49:45.654+0000] {processor.py:914} INFO - Processing file /home/airflow/.local/lib/python3.12/site-packages/airflow/example_dags/example_branch_labels.py for tasks to queue
[2024-10-06T04:49:45.656+0000] {logging_mixin.py:190} INFO - [2024-10-06T04:49:45.655+0000] {dagbag.py:588} INFO - Filling up the DagBag from /home/airflow/.local/lib/python3.12/site-packages/airflow/example_dags/example_branch_labels.py
[2024-10-06T04:49:45.666+0000] {processor.py:925} INFO - DAG(s) 'example_branch_labels' retrieved from /home/airflow/.local/lib/python3.12/site-packages/airflow/example_dags/example_branch_labels.py
[2024-10-06T04:49:45.683+0000] {logging_mixin.py:190} INFO - [2024-10-06T04:49:45.683+0000] {dag.py:3239} INFO - Sync 1 DAGs
[2024-10-06T04:49:45.706+0000] {logging_mixin.py:190} INFO - [2024-10-06T04:49:45.706+0000] {dag.py:4180} INFO - Setting next_dagrun for example_branch_labels to 2024-10-05 00:00:00+00:00, run_after=2024-10-06 00:00:00+00:00
[2024-10-06T04:49:45.728+0000] {processor.py:208} INFO - Processing /home/airflow/.local/lib/python3.12/site-packages/airflow/example_dags/example_branch_labels.py took 0.079 seconds
[2024-10-06T04:50:16.016+0000] {processor.py:186} INFO - Started process (PID=3186) to work on /home/airflow/.local/lib/python3.12/site-packages/airflow/example_dags/example_branch_labels.py
[2024-10-06T04:50:16.018+0000] {processor.py:914} INFO - Processing file /home/airflow/.local/lib/python3.12/site-packages/airflow/example_dags/example_branch_labels.py for tasks to queue
[2024-10-06T04:50:16.019+0000] {logging_mixin.py:190} INFO - [2024-10-06T04:50:16.019+0000] {dagbag.py:588} INFO - Filling up the DagBag from /home/airflow/.local/lib/python3.12/site-packages/airflow/example_dags/example_branch_labels.py
[2024-10-06T04:50:16.031+0000] {processor.py:925} INFO - DAG(s) 'example_branch_labels' retrieved from /home/airflow/.local/lib/python3.12/site-packages/airflow/example_dags/example_branch_labels.py
[2024-10-06T04:50:16.049+0000] {logging_mixin.py:190} INFO - [2024-10-06T04:50:16.049+0000] {dag.py:3239} INFO - Sync 1 DAGs
[2024-10-06T04:50:16.074+0000] {logging_mixin.py:190} INFO - [2024-10-06T04:50:16.074+0000] {dag.py:4180} INFO - Setting next_dagrun for example_branch_labels to 2024-10-05 00:00:00+00:00, run_after=2024-10-06 00:00:00+00:00
[2024-10-06T04:50:16.102+0000] {processor.py:208} INFO - Processing /home/airflow/.local/lib/python3.12/site-packages/airflow/example_dags/example_branch_labels.py took 0.095 seconds
[2024-10-06T04:50:46.259+0000] {processor.py:186} INFO - Started process (PID=3248) to work on /home/airflow/.local/lib/python3.12/site-packages/airflow/example_dags/example_branch_labels.py
[2024-10-06T04:50:46.260+0000] {processor.py:914} INFO - Processing file /home/airflow/.local/lib/python3.12/site-packages/airflow/example_dags/example_branch_labels.py for tasks to queue
[2024-10-06T04:50:46.261+0000] {logging_mixin.py:190} INFO - [2024-10-06T04:50:46.261+0000] {dagbag.py:588} INFO - Filling up the DagBag from /home/airflow/.local/lib/python3.12/site-packages/airflow/example_dags/example_branch_labels.py
[2024-10-06T04:50:46.273+0000] {processor.py:925} INFO - DAG(s) 'example_branch_labels' retrieved from /home/airflow/.local/lib/python3.12/site-packages/airflow/example_dags/example_branch_labels.py
[2024-10-06T04:50:46.295+0000] {logging_mixin.py:190} INFO - [2024-10-06T04:50:46.295+0000] {dag.py:3239} INFO - Sync 1 DAGs
[2024-10-06T04:50:46.327+0000] {logging_mixin.py:190} INFO - [2024-10-06T04:50:46.327+0000] {dag.py:4180} INFO - Setting next_dagrun for example_branch_labels to 2024-10-05 00:00:00+00:00, run_after=2024-10-06 00:00:00+00:00
[2024-10-06T04:50:46.351+0000] {processor.py:208} INFO - Processing /home/airflow/.local/lib/python3.12/site-packages/airflow/example_dags/example_branch_labels.py took 0.097 seconds
[2024-10-06T04:51:16.769+0000] {processor.py:186} INFO - Started process (PID=3311) to work on /home/airflow/.local/lib/python3.12/site-packages/airflow/example_dags/example_branch_labels.py
[2024-10-06T04:51:16.770+0000] {processor.py:914} INFO - Processing file /home/airflow/.local/lib/python3.12/site-packages/airflow/example_dags/example_branch_labels.py for tasks to queue
[2024-10-06T04:51:16.771+0000] {logging_mixin.py:190} INFO - [2024-10-06T04:51:16.770+0000] {dagbag.py:588} INFO - Filling up the DagBag from /home/airflow/.local/lib/python3.12/site-packages/airflow/example_dags/example_branch_labels.py
[2024-10-06T04:51:16.781+0000] {processor.py:925} INFO - DAG(s) 'example_branch_labels' retrieved from /home/airflow/.local/lib/python3.12/site-packages/airflow/example_dags/example_branch_labels.py
[2024-10-06T04:51:16.802+0000] {logging_mixin.py:190} INFO - [2024-10-06T04:51:16.802+0000] {dag.py:3239} INFO - Sync 1 DAGs
[2024-10-06T04:51:16.824+0000] {logging_mixin.py:190} INFO - [2024-10-06T04:51:16.824+0000] {dag.py:4180} INFO - Setting next_dagrun for example_branch_labels to 2024-10-05 00:00:00+00:00, run_after=2024-10-06 00:00:00+00:00
[2024-10-06T04:51:16.851+0000] {processor.py:208} INFO - Processing /home/airflow/.local/lib/python3.12/site-packages/airflow/example_dags/example_branch_labels.py took 0.089 seconds
[2024-10-06T04:51:47.034+0000] {processor.py:186} INFO - Started process (PID=3374) to work on /home/airflow/.local/lib/python3.12/site-packages/airflow/example_dags/example_branch_labels.py
[2024-10-06T04:51:47.034+0000] {processor.py:914} INFO - Processing file /home/airflow/.local/lib/python3.12/site-packages/airflow/example_dags/example_branch_labels.py for tasks to queue
[2024-10-06T04:51:47.035+0000] {logging_mixin.py:190} INFO - [2024-10-06T04:51:47.035+0000] {dagbag.py:588} INFO - Filling up the DagBag from /home/airflow/.local/lib/python3.12/site-packages/airflow/example_dags/example_branch_labels.py
[2024-10-06T04:51:47.043+0000] {processor.py:925} INFO - DAG(s) 'example_branch_labels' retrieved from /home/airflow/.local/lib/python3.12/site-packages/airflow/example_dags/example_branch_labels.py
[2024-10-06T04:51:47.063+0000] {logging_mixin.py:190} INFO - [2024-10-06T04:51:47.063+0000] {dag.py:3239} INFO - Sync 1 DAGs
[2024-10-06T04:51:47.085+0000] {logging_mixin.py:190} INFO - [2024-10-06T04:51:47.085+0000] {dag.py:4180} INFO - Setting next_dagrun for example_branch_labels to 2024-10-05 00:00:00+00:00, run_after=2024-10-06 00:00:00+00:00
[2024-10-06T04:51:47.102+0000] {processor.py:208} INFO - Processing /home/airflow/.local/lib/python3.12/site-packages/airflow/example_dags/example_branch_labels.py took 0.073 seconds
[2024-10-06T04:52:17.394+0000] {processor.py:186} INFO - Started process (PID=3437) to work on /home/airflow/.local/lib/python3.12/site-packages/airflow/example_dags/example_branch_labels.py
[2024-10-06T04:52:17.394+0000] {processor.py:914} INFO - Processing file /home/airflow/.local/lib/python3.12/site-packages/airflow/example_dags/example_branch_labels.py for tasks to queue
[2024-10-06T04:52:17.395+0000] {logging_mixin.py:190} INFO - [2024-10-06T04:52:17.395+0000] {dagbag.py:588} INFO - Filling up the DagBag from /home/airflow/.local/lib/python3.12/site-packages/airflow/example_dags/example_branch_labels.py
[2024-10-06T04:52:17.403+0000] {processor.py:925} INFO - DAG(s) 'example_branch_labels' retrieved from /home/airflow/.local/lib/python3.12/site-packages/airflow/example_dags/example_branch_labels.py
[2024-10-06T04:52:17.419+0000] {logging_mixin.py:190} INFO - [2024-10-06T04:52:17.418+0000] {dag.py:3239} INFO - Sync 1 DAGs
[2024-10-06T04:52:17.437+0000] {logging_mixin.py:190} INFO - [2024-10-06T04:52:17.437+0000] {dag.py:4180} INFO - Setting next_dagrun for example_branch_labels to 2024-10-05 00:00:00+00:00, run_after=2024-10-06 00:00:00+00:00
[2024-10-06T04:52:17.455+0000] {processor.py:208} INFO - Processing /home/airflow/.local/lib/python3.12/site-packages/airflow/example_dags/example_branch_labels.py took 0.068 seconds
[2024-10-06T04:52:47.644+0000] {processor.py:186} INFO - Started process (PID=3501) to work on /home/airflow/.local/lib/python3.12/site-packages/airflow/example_dags/example_branch_labels.py
[2024-10-06T04:52:47.644+0000] {processor.py:914} INFO - Processing file /home/airflow/.local/lib/python3.12/site-packages/airflow/example_dags/example_branch_labels.py for tasks to queue
[2024-10-06T04:52:47.645+0000] {logging_mixin.py:190} INFO - [2024-10-06T04:52:47.645+0000] {dagbag.py:588} INFO - Filling up the DagBag from /home/airflow/.local/lib/python3.12/site-packages/airflow/example_dags/example_branch_labels.py
[2024-10-06T04:52:47.653+0000] {processor.py:925} INFO - DAG(s) 'example_branch_labels' retrieved from /home/airflow/.local/lib/python3.12/site-packages/airflow/example_dags/example_branch_labels.py
[2024-10-06T04:52:47.669+0000] {logging_mixin.py:190} INFO - [2024-10-06T04:52:47.669+0000] {dag.py:3239} INFO - Sync 1 DAGs
[2024-10-06T04:52:47.690+0000] {logging_mixin.py:190} INFO - [2024-10-06T04:52:47.690+0000] {dag.py:4180} INFO - Setting next_dagrun for example_branch_labels to 2024-10-05 00:00:00+00:00, run_after=2024-10-06 00:00:00+00:00
[2024-10-06T04:52:47.721+0000] {processor.py:208} INFO - Processing /home/airflow/.local/lib/python3.12/site-packages/airflow/example_dags/example_branch_labels.py took 0.082 seconds
[2024-10-06T04:53:18.076+0000] {processor.py:186} INFO - Started process (PID=3564) to work on /home/airflow/.local/lib/python3.12/site-packages/airflow/example_dags/example_branch_labels.py
[2024-10-06T04:53:18.077+0000] {processor.py:914} INFO - Processing file /home/airflow/.local/lib/python3.12/site-packages/airflow/example_dags/example_branch_labels.py for tasks to queue
[2024-10-06T04:53:18.078+0000] {logging_mixin.py:190} INFO - [2024-10-06T04:53:18.077+0000] {dagbag.py:588} INFO - Filling up the DagBag from /home/airflow/.local/lib/python3.12/site-packages/airflow/example_dags/example_branch_labels.py
[2024-10-06T04:53:18.087+0000] {processor.py:925} INFO - DAG(s) 'example_branch_labels' retrieved from /home/airflow/.local/lib/python3.12/site-packages/airflow/example_dags/example_branch_labels.py
[2024-10-06T04:53:18.103+0000] {logging_mixin.py:190} INFO - [2024-10-06T04:53:18.103+0000] {dag.py:3239} INFO - Sync 1 DAGs
[2024-10-06T04:53:18.126+0000] {logging_mixin.py:190} INFO - [2024-10-06T04:53:18.126+0000] {dag.py:4180} INFO - Setting next_dagrun for example_branch_labels to 2024-10-05 00:00:00+00:00, run_after=2024-10-06 00:00:00+00:00
[2024-10-06T04:53:18.145+0000] {processor.py:208} INFO - Processing /home/airflow/.local/lib/python3.12/site-packages/airflow/example_dags/example_branch_labels.py took 0.074 seconds
[2024-10-06T04:53:48.376+0000] {processor.py:186} INFO - Started process (PID=3627) to work on /home/airflow/.local/lib/python3.12/site-packages/airflow/example_dags/example_branch_labels.py
[2024-10-06T04:53:48.377+0000] {processor.py:914} INFO - Processing file /home/airflow/.local/lib/python3.12/site-packages/airflow/example_dags/example_branch_labels.py for tasks to queue
[2024-10-06T04:53:48.378+0000] {logging_mixin.py:190} INFO - [2024-10-06T04:53:48.378+0000] {dagbag.py:588} INFO - Filling up the DagBag from /home/airflow/.local/lib/python3.12/site-packages/airflow/example_dags/example_branch_labels.py
[2024-10-06T04:53:48.386+0000] {processor.py:925} INFO - DAG(s) 'example_branch_labels' retrieved from /home/airflow/.local/lib/python3.12/site-packages/airflow/example_dags/example_branch_labels.py
[2024-10-06T04:53:48.402+0000] {logging_mixin.py:190} INFO - [2024-10-06T04:53:48.402+0000] {dag.py:3239} INFO - Sync 1 DAGs
[2024-10-06T04:53:48.421+0000] {logging_mixin.py:190} INFO - [2024-10-06T04:53:48.421+0000] {dag.py:4180} INFO - Setting next_dagrun for example_branch_labels to 2024-10-05 00:00:00+00:00, run_after=2024-10-06 00:00:00+00:00
[2024-10-06T04:53:48.439+0000] {processor.py:208} INFO - Processing /home/airflow/.local/lib/python3.12/site-packages/airflow/example_dags/example_branch_labels.py took 0.069 seconds
[2024-10-06T04:54:19.395+0000] {processor.py:186} INFO - Started process (PID=3690) to work on /home/airflow/.local/lib/python3.12/site-packages/airflow/example_dags/example_branch_labels.py
[2024-10-06T04:54:19.396+0000] {processor.py:914} INFO - Processing file /home/airflow/.local/lib/python3.12/site-packages/airflow/example_dags/example_branch_labels.py for tasks to queue
[2024-10-06T04:54:19.396+0000] {logging_mixin.py:190} INFO - [2024-10-06T04:54:19.396+0000] {dagbag.py:588} INFO - Filling up the DagBag from /home/airflow/.local/lib/python3.12/site-packages/airflow/example_dags/example_branch_labels.py
[2024-10-06T04:54:19.404+0000] {processor.py:925} INFO - DAG(s) 'example_branch_labels' retrieved from /home/airflow/.local/lib/python3.12/site-packages/airflow/example_dags/example_branch_labels.py
[2024-10-06T04:54:19.421+0000] {logging_mixin.py:190} INFO - [2024-10-06T04:54:19.421+0000] {dag.py:3239} INFO - Sync 1 DAGs
[2024-10-06T04:54:19.440+0000] {logging_mixin.py:190} INFO - [2024-10-06T04:54:19.440+0000] {dag.py:4180} INFO - Setting next_dagrun for example_branch_labels to 2024-10-05 00:00:00+00:00, run_after=2024-10-06 00:00:00+00:00
[2024-10-06T04:54:19.461+0000] {processor.py:208} INFO - Processing /home/airflow/.local/lib/python3.12/site-packages/airflow/example_dags/example_branch_labels.py took 0.070 seconds
[2024-10-06T04:54:49.789+0000] {processor.py:186} INFO - Started process (PID=3760) to work on /home/airflow/.local/lib/python3.12/site-packages/airflow/example_dags/example_branch_labels.py
[2024-10-06T04:54:49.789+0000] {processor.py:914} INFO - Processing file /home/airflow/.local/lib/python3.12/site-packages/airflow/example_dags/example_branch_labels.py for tasks to queue
[2024-10-06T04:54:49.790+0000] {logging_mixin.py:190} INFO - [2024-10-06T04:54:49.790+0000] {dagbag.py:588} INFO - Filling up the DagBag from /home/airflow/.local/lib/python3.12/site-packages/airflow/example_dags/example_branch_labels.py
[2024-10-06T04:54:49.798+0000] {processor.py:925} INFO - DAG(s) 'example_branch_labels' retrieved from /home/airflow/.local/lib/python3.12/site-packages/airflow/example_dags/example_branch_labels.py
[2024-10-06T04:54:49.817+0000] {logging_mixin.py:190} INFO - [2024-10-06T04:54:49.816+0000] {dag.py:3239} INFO - Sync 1 DAGs
[2024-10-06T04:54:49.837+0000] {logging_mixin.py:190} INFO - [2024-10-06T04:54:49.837+0000] {dag.py:4180} INFO - Setting next_dagrun for example_branch_labels to 2024-10-05 00:00:00+00:00, run_after=2024-10-06 00:00:00+00:00
[2024-10-06T04:54:49.853+0000] {processor.py:208} INFO - Processing /home/airflow/.local/lib/python3.12/site-packages/airflow/example_dags/example_branch_labels.py took 0.069 seconds
[2024-10-06T04:55:20.175+0000] {processor.py:186} INFO - Started process (PID=3823) to work on /home/airflow/.local/lib/python3.12/site-packages/airflow/example_dags/example_branch_labels.py
[2024-10-06T04:55:20.175+0000] {processor.py:914} INFO - Processing file /home/airflow/.local/lib/python3.12/site-packages/airflow/example_dags/example_branch_labels.py for tasks to queue
[2024-10-06T04:55:20.176+0000] {logging_mixin.py:190} INFO - [2024-10-06T04:55:20.176+0000] {dagbag.py:588} INFO - Filling up the DagBag from /home/airflow/.local/lib/python3.12/site-packages/airflow/example_dags/example_branch_labels.py
[2024-10-06T04:55:20.184+0000] {processor.py:925} INFO - DAG(s) 'example_branch_labels' retrieved from /home/airflow/.local/lib/python3.12/site-packages/airflow/example_dags/example_branch_labels.py
[2024-10-06T04:55:20.204+0000] {logging_mixin.py:190} INFO - [2024-10-06T04:55:20.204+0000] {dag.py:3239} INFO - Sync 1 DAGs
[2024-10-06T04:55:20.226+0000] {logging_mixin.py:190} INFO - [2024-10-06T04:55:20.226+0000] {dag.py:4180} INFO - Setting next_dagrun for example_branch_labels to 2024-10-05 00:00:00+00:00, run_after=2024-10-06 00:00:00+00:00
[2024-10-06T04:55:20.246+0000] {processor.py:208} INFO - Processing /home/airflow/.local/lib/python3.12/site-packages/airflow/example_dags/example_branch_labels.py took 0.076 seconds
[2024-10-06T04:55:50.725+0000] {processor.py:186} INFO - Started process (PID=3887) to work on /home/airflow/.local/lib/python3.12/site-packages/airflow/example_dags/example_branch_labels.py
[2024-10-06T04:55:50.725+0000] {processor.py:914} INFO - Processing file /home/airflow/.local/lib/python3.12/site-packages/airflow/example_dags/example_branch_labels.py for tasks to queue
[2024-10-06T04:55:50.727+0000] {logging_mixin.py:190} INFO - [2024-10-06T04:55:50.726+0000] {dagbag.py:588} INFO - Filling up the DagBag from /home/airflow/.local/lib/python3.12/site-packages/airflow/example_dags/example_branch_labels.py
[2024-10-06T04:55:50.736+0000] {processor.py:925} INFO - DAG(s) 'example_branch_labels' retrieved from /home/airflow/.local/lib/python3.12/site-packages/airflow/example_dags/example_branch_labels.py
[2024-10-06T04:55:50.758+0000] {logging_mixin.py:190} INFO - [2024-10-06T04:55:50.758+0000] {dag.py:3239} INFO - Sync 1 DAGs
[2024-10-06T04:55:50.781+0000] {logging_mixin.py:190} INFO - [2024-10-06T04:55:50.781+0000] {dag.py:4180} INFO - Setting next_dagrun for example_branch_labels to 2024-10-05 00:00:00+00:00, run_after=2024-10-06 00:00:00+00:00
[2024-10-06T04:55:50.804+0000] {processor.py:208} INFO - Processing /home/airflow/.local/lib/python3.12/site-packages/airflow/example_dags/example_branch_labels.py took 0.084 seconds
[2024-10-06T04:56:21.056+0000] {processor.py:186} INFO - Started process (PID=3951) to work on /home/airflow/.local/lib/python3.12/site-packages/airflow/example_dags/example_branch_labels.py
[2024-10-06T04:56:21.057+0000] {processor.py:914} INFO - Processing file /home/airflow/.local/lib/python3.12/site-packages/airflow/example_dags/example_branch_labels.py for tasks to queue
[2024-10-06T04:56:21.058+0000] {logging_mixin.py:190} INFO - [2024-10-06T04:56:21.058+0000] {dagbag.py:588} INFO - Filling up the DagBag from /home/airflow/.local/lib/python3.12/site-packages/airflow/example_dags/example_branch_labels.py
[2024-10-06T04:56:21.067+0000] {processor.py:925} INFO - DAG(s) 'example_branch_labels' retrieved from /home/airflow/.local/lib/python3.12/site-packages/airflow/example_dags/example_branch_labels.py
[2024-10-06T04:56:21.100+0000] {logging_mixin.py:190} INFO - [2024-10-06T04:56:21.100+0000] {dag.py:3239} INFO - Sync 1 DAGs
[2024-10-06T04:56:21.126+0000] {logging_mixin.py:190} INFO - [2024-10-06T04:56:21.126+0000] {dag.py:4180} INFO - Setting next_dagrun for example_branch_labels to 2024-10-05 00:00:00+00:00, run_after=2024-10-06 00:00:00+00:00
[2024-10-06T04:56:21.145+0000] {processor.py:208} INFO - Processing /home/airflow/.local/lib/python3.12/site-packages/airflow/example_dags/example_branch_labels.py took 0.094 seconds
[2024-10-06T04:56:51.548+0000] {processor.py:186} INFO - Started process (PID=4015) to work on /home/airflow/.local/lib/python3.12/site-packages/airflow/example_dags/example_branch_labels.py
[2024-10-06T04:56:51.549+0000] {processor.py:914} INFO - Processing file /home/airflow/.local/lib/python3.12/site-packages/airflow/example_dags/example_branch_labels.py for tasks to queue
[2024-10-06T04:56:51.550+0000] {logging_mixin.py:190} INFO - [2024-10-06T04:56:51.549+0000] {dagbag.py:588} INFO - Filling up the DagBag from /home/airflow/.local/lib/python3.12/site-packages/airflow/example_dags/example_branch_labels.py
[2024-10-06T04:56:51.558+0000] {processor.py:925} INFO - DAG(s) 'example_branch_labels' retrieved from /home/airflow/.local/lib/python3.12/site-packages/airflow/example_dags/example_branch_labels.py
[2024-10-06T04:56:51.574+0000] {logging_mixin.py:190} INFO - [2024-10-06T04:56:51.574+0000] {dag.py:3239} INFO - Sync 1 DAGs
[2024-10-06T04:56:51.595+0000] {logging_mixin.py:190} INFO - [2024-10-06T04:56:51.595+0000] {dag.py:4180} INFO - Setting next_dagrun for example_branch_labels to 2024-10-05 00:00:00+00:00, run_after=2024-10-06 00:00:00+00:00
[2024-10-06T04:56:51.614+0000] {processor.py:208} INFO - Processing /home/airflow/.local/lib/python3.12/site-packages/airflow/example_dags/example_branch_labels.py took 0.070 seconds
[2024-10-06T04:57:22.130+0000] {processor.py:186} INFO - Started process (PID=4079) to work on /home/airflow/.local/lib/python3.12/site-packages/airflow/example_dags/example_branch_labels.py
[2024-10-06T04:57:22.131+0000] {processor.py:914} INFO - Processing file /home/airflow/.local/lib/python3.12/site-packages/airflow/example_dags/example_branch_labels.py for tasks to queue
[2024-10-06T04:57:22.132+0000] {logging_mixin.py:190} INFO - [2024-10-06T04:57:22.132+0000] {dagbag.py:588} INFO - Filling up the DagBag from /home/airflow/.local/lib/python3.12/site-packages/airflow/example_dags/example_branch_labels.py
[2024-10-06T04:57:22.141+0000] {processor.py:925} INFO - DAG(s) 'example_branch_labels' retrieved from /home/airflow/.local/lib/python3.12/site-packages/airflow/example_dags/example_branch_labels.py
[2024-10-06T04:57:22.163+0000] {logging_mixin.py:190} INFO - [2024-10-06T04:57:22.163+0000] {dag.py:3239} INFO - Sync 1 DAGs
[2024-10-06T04:57:22.191+0000] {logging_mixin.py:190} INFO - [2024-10-06T04:57:22.191+0000] {dag.py:4180} INFO - Setting next_dagrun for example_branch_labels to 2024-10-05 00:00:00+00:00, run_after=2024-10-06 00:00:00+00:00
[2024-10-06T04:57:22.217+0000] {processor.py:208} INFO - Processing /home/airflow/.local/lib/python3.12/site-packages/airflow/example_dags/example_branch_labels.py took 0.091 seconds
[2024-10-06T04:57:52.569+0000] {processor.py:186} INFO - Started process (PID=4143) to work on /home/airflow/.local/lib/python3.12/site-packages/airflow/example_dags/example_branch_labels.py
[2024-10-06T04:57:52.570+0000] {processor.py:914} INFO - Processing file /home/airflow/.local/lib/python3.12/site-packages/airflow/example_dags/example_branch_labels.py for tasks to queue
[2024-10-06T04:57:52.571+0000] {logging_mixin.py:190} INFO - [2024-10-06T04:57:52.570+0000] {dagbag.py:588} INFO - Filling up the DagBag from /home/airflow/.local/lib/python3.12/site-packages/airflow/example_dags/example_branch_labels.py
[2024-10-06T04:57:52.580+0000] {processor.py:925} INFO - DAG(s) 'example_branch_labels' retrieved from /home/airflow/.local/lib/python3.12/site-packages/airflow/example_dags/example_branch_labels.py
[2024-10-06T04:57:52.600+0000] {logging_mixin.py:190} INFO - [2024-10-06T04:57:52.600+0000] {dag.py:3239} INFO - Sync 1 DAGs
[2024-10-06T04:57:52.629+0000] {logging_mixin.py:190} INFO - [2024-10-06T04:57:52.628+0000] {dag.py:4180} INFO - Setting next_dagrun for example_branch_labels to 2024-10-05 00:00:00+00:00, run_after=2024-10-06 00:00:00+00:00
[2024-10-06T04:57:52.652+0000] {processor.py:208} INFO - Processing /home/airflow/.local/lib/python3.12/site-packages/airflow/example_dags/example_branch_labels.py took 0.089 seconds
