[2024-10-06T04:25:22.910+0000] {processor.py:186} INFO - Started process (PID=101) to work on /home/airflow/.local/lib/python3.12/site-packages/airflow/example_dags/example_sla_dag.py
[2024-10-06T04:25:22.911+0000] {processor.py:914} INFO - Processing file /home/airflow/.local/lib/python3.12/site-packages/airflow/example_dags/example_sla_dag.py for tasks to queue
[2024-10-06T04:25:22.913+0000] {logging_mixin.py:190} INFO - [2024-10-06T04:25:22.913+0000] {dagbag.py:588} INFO - Filling up the DagBag from /home/airflow/.local/lib/python3.12/site-packages/airflow/example_dags/example_sla_dag.py
[2024-10-06T04:25:22.924+0000] {processor.py:925} INFO - DAG(s) 'example_sla_dag' retrieved from /home/airflow/.local/lib/python3.12/site-packages/airflow/example_dags/example_sla_dag.py
[2024-10-06T04:25:23.037+0000] {logging_mixin.py:190} INFO - [2024-10-06T04:25:23.036+0000] {override.py:1900} INFO - Created Permission View: can edit on DAG:example_sla_dag
[2024-10-06T04:25:23.049+0000] {logging_mixin.py:190} INFO - [2024-10-06T04:25:23.048+0000] {override.py:1900} INFO - Created Permission View: can delete on DAG:example_sla_dag
[2024-10-06T04:25:23.060+0000] {logging_mixin.py:190} INFO - [2024-10-06T04:25:23.060+0000] {override.py:1900} INFO - Created Permission View: can read on DAG:example_sla_dag
[2024-10-06T04:25:23.078+0000] {logging_mixin.py:190} INFO - [2024-10-06T04:25:23.078+0000] {override.py:1900} INFO - Created Permission View: can delete on DAG Run:example_sla_dag
[2024-10-06T04:25:23.087+0000] {logging_mixin.py:190} INFO - [2024-10-06T04:25:23.087+0000] {override.py:1900} INFO - Created Permission View: can create on DAG Run:example_sla_dag
[2024-10-06T04:25:23.104+0000] {logging_mixin.py:190} INFO - [2024-10-06T04:25:23.104+0000] {override.py:1900} INFO - Created Permission View: menu access on DAG Run:example_sla_dag
[2024-10-06T04:25:23.115+0000] {logging_mixin.py:190} INFO - [2024-10-06T04:25:23.115+0000] {override.py:1900} INFO - Created Permission View: can read on DAG Run:example_sla_dag
[2024-10-06T04:25:23.116+0000] {logging_mixin.py:190} INFO - [2024-10-06T04:25:23.115+0000] {dag.py:3239} INFO - Sync 1 DAGs
[2024-10-06T04:25:23.129+0000] {logging_mixin.py:190} INFO - [2024-10-06T04:25:23.129+0000] {dag.py:3262} INFO - Creating ORM DAG for example_sla_dag
[2024-10-06T04:25:23.141+0000] {logging_mixin.py:190} INFO - [2024-10-06T04:25:23.141+0000] {dag.py:4180} INFO - Setting next_dagrun for example_sla_dag to 2024-10-06 04:22:00+00:00, run_after=2024-10-06 04:24:00+00:00
[2024-10-06T04:25:23.172+0000] {processor.py:208} INFO - Processing /home/airflow/.local/lib/python3.12/site-packages/airflow/example_dags/example_sla_dag.py took 0.266 seconds
[2024-10-06T04:25:54.102+0000] {processor.py:186} INFO - Started process (PID=164) to work on /home/airflow/.local/lib/python3.12/site-packages/airflow/example_dags/example_sla_dag.py
[2024-10-06T04:25:54.102+0000] {processor.py:914} INFO - Processing file /home/airflow/.local/lib/python3.12/site-packages/airflow/example_dags/example_sla_dag.py for tasks to queue
[2024-10-06T04:25:54.104+0000] {logging_mixin.py:190} INFO - [2024-10-06T04:25:54.104+0000] {dagbag.py:588} INFO - Filling up the DagBag from /home/airflow/.local/lib/python3.12/site-packages/airflow/example_dags/example_sla_dag.py
[2024-10-06T04:25:54.112+0000] {processor.py:925} INFO - DAG(s) 'example_sla_dag' retrieved from /home/airflow/.local/lib/python3.12/site-packages/airflow/example_dags/example_sla_dag.py
[2024-10-06T04:25:54.128+0000] {logging_mixin.py:190} INFO - [2024-10-06T04:25:54.128+0000] {dag.py:3239} INFO - Sync 1 DAGs
[2024-10-06T04:25:54.152+0000] {logging_mixin.py:190} INFO - [2024-10-06T04:25:54.152+0000] {dag.py:4180} INFO - Setting next_dagrun for example_sla_dag to 2024-10-06 04:22:00+00:00, run_after=2024-10-06 04:24:00+00:00
[2024-10-06T04:25:54.175+0000] {processor.py:208} INFO - Processing /home/airflow/.local/lib/python3.12/site-packages/airflow/example_dags/example_sla_dag.py took 0.077 seconds
[2024-10-06T04:26:24.369+0000] {processor.py:186} INFO - Started process (PID=226) to work on /home/airflow/.local/lib/python3.12/site-packages/airflow/example_dags/example_sla_dag.py
[2024-10-06T04:26:24.370+0000] {processor.py:914} INFO - Processing file /home/airflow/.local/lib/python3.12/site-packages/airflow/example_dags/example_sla_dag.py for tasks to queue
[2024-10-06T04:26:24.372+0000] {logging_mixin.py:190} INFO - [2024-10-06T04:26:24.371+0000] {dagbag.py:588} INFO - Filling up the DagBag from /home/airflow/.local/lib/python3.12/site-packages/airflow/example_dags/example_sla_dag.py
[2024-10-06T04:26:24.379+0000] {processor.py:925} INFO - DAG(s) 'example_sla_dag' retrieved from /home/airflow/.local/lib/python3.12/site-packages/airflow/example_dags/example_sla_dag.py
[2024-10-06T04:26:24.396+0000] {logging_mixin.py:190} INFO - [2024-10-06T04:26:24.395+0000] {dag.py:3239} INFO - Sync 1 DAGs
[2024-10-06T04:26:24.422+0000] {logging_mixin.py:190} INFO - [2024-10-06T04:26:24.422+0000] {dag.py:4180} INFO - Setting next_dagrun for example_sla_dag to 2024-10-06 04:24:00+00:00, run_after=2024-10-06 04:26:00+00:00
[2024-10-06T04:26:24.442+0000] {processor.py:208} INFO - Processing /home/airflow/.local/lib/python3.12/site-packages/airflow/example_dags/example_sla_dag.py took 0.078 seconds
[2024-10-06T04:26:54.577+0000] {processor.py:186} INFO - Started process (PID=288) to work on /home/airflow/.local/lib/python3.12/site-packages/airflow/example_dags/example_sla_dag.py
[2024-10-06T04:26:54.577+0000] {processor.py:914} INFO - Processing file /home/airflow/.local/lib/python3.12/site-packages/airflow/example_dags/example_sla_dag.py for tasks to queue
[2024-10-06T04:26:54.580+0000] {logging_mixin.py:190} INFO - [2024-10-06T04:26:54.579+0000] {dagbag.py:588} INFO - Filling up the DagBag from /home/airflow/.local/lib/python3.12/site-packages/airflow/example_dags/example_sla_dag.py
[2024-10-06T04:26:54.590+0000] {processor.py:925} INFO - DAG(s) 'example_sla_dag' retrieved from /home/airflow/.local/lib/python3.12/site-packages/airflow/example_dags/example_sla_dag.py
[2024-10-06T04:26:54.626+0000] {logging_mixin.py:190} INFO - [2024-10-06T04:26:54.626+0000] {dag.py:3239} INFO - Sync 1 DAGs
[2024-10-06T04:26:54.672+0000] {logging_mixin.py:190} INFO - [2024-10-06T04:26:54.671+0000] {dag.py:4180} INFO - Setting next_dagrun for example_sla_dag to 2024-10-06 04:24:00+00:00, run_after=2024-10-06 04:26:00+00:00
[2024-10-06T04:26:54.719+0000] {processor.py:208} INFO - Processing /home/airflow/.local/lib/python3.12/site-packages/airflow/example_dags/example_sla_dag.py took 0.148 seconds
[2024-10-06T04:27:25.271+0000] {processor.py:186} INFO - Started process (PID=350) to work on /home/airflow/.local/lib/python3.12/site-packages/airflow/example_dags/example_sla_dag.py
[2024-10-06T04:27:25.272+0000] {processor.py:914} INFO - Processing file /home/airflow/.local/lib/python3.12/site-packages/airflow/example_dags/example_sla_dag.py for tasks to queue
[2024-10-06T04:27:25.275+0000] {logging_mixin.py:190} INFO - [2024-10-06T04:27:25.274+0000] {dagbag.py:588} INFO - Filling up the DagBag from /home/airflow/.local/lib/python3.12/site-packages/airflow/example_dags/example_sla_dag.py
[2024-10-06T04:27:25.282+0000] {processor.py:925} INFO - DAG(s) 'example_sla_dag' retrieved from /home/airflow/.local/lib/python3.12/site-packages/airflow/example_dags/example_sla_dag.py
[2024-10-06T04:27:25.305+0000] {logging_mixin.py:190} INFO - [2024-10-06T04:27:25.304+0000] {dag.py:3239} INFO - Sync 1 DAGs
[2024-10-06T04:27:25.335+0000] {logging_mixin.py:190} INFO - [2024-10-06T04:27:25.334+0000] {dag.py:4180} INFO - Setting next_dagrun for example_sla_dag to 2024-10-06 04:24:00+00:00, run_after=2024-10-06 04:26:00+00:00
[2024-10-06T04:27:25.359+0000] {processor.py:208} INFO - Processing /home/airflow/.local/lib/python3.12/site-packages/airflow/example_dags/example_sla_dag.py took 0.093 seconds
[2024-10-06T04:27:55.549+0000] {processor.py:186} INFO - Started process (PID=412) to work on /home/airflow/.local/lib/python3.12/site-packages/airflow/example_dags/example_sla_dag.py
[2024-10-06T04:27:55.549+0000] {processor.py:914} INFO - Processing file /home/airflow/.local/lib/python3.12/site-packages/airflow/example_dags/example_sla_dag.py for tasks to queue
[2024-10-06T04:27:55.551+0000] {logging_mixin.py:190} INFO - [2024-10-06T04:27:55.551+0000] {dagbag.py:588} INFO - Filling up the DagBag from /home/airflow/.local/lib/python3.12/site-packages/airflow/example_dags/example_sla_dag.py
[2024-10-06T04:27:55.558+0000] {processor.py:925} INFO - DAG(s) 'example_sla_dag' retrieved from /home/airflow/.local/lib/python3.12/site-packages/airflow/example_dags/example_sla_dag.py
[2024-10-06T04:27:55.573+0000] {logging_mixin.py:190} INFO - [2024-10-06T04:27:55.573+0000] {dag.py:3239} INFO - Sync 1 DAGs
[2024-10-06T04:27:55.596+0000] {logging_mixin.py:190} INFO - [2024-10-06T04:27:55.596+0000] {dag.py:4180} INFO - Setting next_dagrun for example_sla_dag to 2024-10-06 04:24:00+00:00, run_after=2024-10-06 04:26:00+00:00
[2024-10-06T04:27:55.618+0000] {processor.py:208} INFO - Processing /home/airflow/.local/lib/python3.12/site-packages/airflow/example_dags/example_sla_dag.py took 0.073 seconds
[2024-10-06T04:28:25.820+0000] {processor.py:186} INFO - Started process (PID=475) to work on /home/airflow/.local/lib/python3.12/site-packages/airflow/example_dags/example_sla_dag.py
[2024-10-06T04:28:25.821+0000] {processor.py:914} INFO - Processing file /home/airflow/.local/lib/python3.12/site-packages/airflow/example_dags/example_sla_dag.py for tasks to queue
[2024-10-06T04:28:25.824+0000] {logging_mixin.py:190} INFO - [2024-10-06T04:28:25.824+0000] {dagbag.py:588} INFO - Filling up the DagBag from /home/airflow/.local/lib/python3.12/site-packages/airflow/example_dags/example_sla_dag.py
[2024-10-06T04:28:25.835+0000] {processor.py:925} INFO - DAG(s) 'example_sla_dag' retrieved from /home/airflow/.local/lib/python3.12/site-packages/airflow/example_dags/example_sla_dag.py
[2024-10-06T04:28:25.859+0000] {logging_mixin.py:190} INFO - [2024-10-06T04:28:25.859+0000] {dag.py:3239} INFO - Sync 1 DAGs
[2024-10-06T04:28:25.895+0000] {logging_mixin.py:190} INFO - [2024-10-06T04:28:25.895+0000] {dag.py:4180} INFO - Setting next_dagrun for example_sla_dag to 2024-10-06 04:26:00+00:00, run_after=2024-10-06 04:28:00+00:00
[2024-10-06T04:28:25.929+0000] {processor.py:208} INFO - Processing /home/airflow/.local/lib/python3.12/site-packages/airflow/example_dags/example_sla_dag.py took 0.115 seconds
[2024-10-06T04:28:56.109+0000] {processor.py:186} INFO - Started process (PID=537) to work on /home/airflow/.local/lib/python3.12/site-packages/airflow/example_dags/example_sla_dag.py
[2024-10-06T04:28:56.109+0000] {processor.py:914} INFO - Processing file /home/airflow/.local/lib/python3.12/site-packages/airflow/example_dags/example_sla_dag.py for tasks to queue
[2024-10-06T04:28:56.111+0000] {logging_mixin.py:190} INFO - [2024-10-06T04:28:56.111+0000] {dagbag.py:588} INFO - Filling up the DagBag from /home/airflow/.local/lib/python3.12/site-packages/airflow/example_dags/example_sla_dag.py
[2024-10-06T04:28:56.119+0000] {processor.py:925} INFO - DAG(s) 'example_sla_dag' retrieved from /home/airflow/.local/lib/python3.12/site-packages/airflow/example_dags/example_sla_dag.py
[2024-10-06T04:28:56.135+0000] {logging_mixin.py:190} INFO - [2024-10-06T04:28:56.135+0000] {dag.py:3239} INFO - Sync 1 DAGs
[2024-10-06T04:28:56.155+0000] {logging_mixin.py:190} INFO - [2024-10-06T04:28:56.155+0000] {dag.py:4180} INFO - Setting next_dagrun for example_sla_dag to 2024-10-06 04:26:00+00:00, run_after=2024-10-06 04:28:00+00:00
[2024-10-06T04:28:56.183+0000] {processor.py:208} INFO - Processing /home/airflow/.local/lib/python3.12/site-packages/airflow/example_dags/example_sla_dag.py took 0.078 seconds
[2024-10-06T04:29:26.333+0000] {processor.py:186} INFO - Started process (PID=599) to work on /home/airflow/.local/lib/python3.12/site-packages/airflow/example_dags/example_sla_dag.py
[2024-10-06T04:29:26.334+0000] {processor.py:914} INFO - Processing file /home/airflow/.local/lib/python3.12/site-packages/airflow/example_dags/example_sla_dag.py for tasks to queue
[2024-10-06T04:29:26.336+0000] {logging_mixin.py:190} INFO - [2024-10-06T04:29:26.335+0000] {dagbag.py:588} INFO - Filling up the DagBag from /home/airflow/.local/lib/python3.12/site-packages/airflow/example_dags/example_sla_dag.py
[2024-10-06T04:29:26.343+0000] {processor.py:925} INFO - DAG(s) 'example_sla_dag' retrieved from /home/airflow/.local/lib/python3.12/site-packages/airflow/example_dags/example_sla_dag.py
[2024-10-06T04:29:26.358+0000] {logging_mixin.py:190} INFO - [2024-10-06T04:29:26.358+0000] {dag.py:3239} INFO - Sync 1 DAGs
[2024-10-06T04:29:26.378+0000] {logging_mixin.py:190} INFO - [2024-10-06T04:29:26.378+0000] {dag.py:4180} INFO - Setting next_dagrun for example_sla_dag to 2024-10-06 04:26:00+00:00, run_after=2024-10-06 04:28:00+00:00
[2024-10-06T04:29:26.394+0000] {processor.py:208} INFO - Processing /home/airflow/.local/lib/python3.12/site-packages/airflow/example_dags/example_sla_dag.py took 0.066 seconds
[2024-10-06T04:29:56.522+0000] {processor.py:186} INFO - Started process (PID=661) to work on /home/airflow/.local/lib/python3.12/site-packages/airflow/example_dags/example_sla_dag.py
[2024-10-06T04:29:56.522+0000] {processor.py:914} INFO - Processing file /home/airflow/.local/lib/python3.12/site-packages/airflow/example_dags/example_sla_dag.py for tasks to queue
[2024-10-06T04:29:56.524+0000] {logging_mixin.py:190} INFO - [2024-10-06T04:29:56.524+0000] {dagbag.py:588} INFO - Filling up the DagBag from /home/airflow/.local/lib/python3.12/site-packages/airflow/example_dags/example_sla_dag.py
[2024-10-06T04:29:56.532+0000] {processor.py:925} INFO - DAG(s) 'example_sla_dag' retrieved from /home/airflow/.local/lib/python3.12/site-packages/airflow/example_dags/example_sla_dag.py
[2024-10-06T04:29:56.548+0000] {logging_mixin.py:190} INFO - [2024-10-06T04:29:56.548+0000] {dag.py:3239} INFO - Sync 1 DAGs
[2024-10-06T04:29:56.575+0000] {logging_mixin.py:190} INFO - [2024-10-06T04:29:56.575+0000] {dag.py:4180} INFO - Setting next_dagrun for example_sla_dag to 2024-10-06 04:26:00+00:00, run_after=2024-10-06 04:28:00+00:00
[2024-10-06T04:29:56.593+0000] {processor.py:208} INFO - Processing /home/airflow/.local/lib/python3.12/site-packages/airflow/example_dags/example_sla_dag.py took 0.076 seconds
[2024-10-06T04:30:26.773+0000] {processor.py:186} INFO - Started process (PID=724) to work on /home/airflow/.local/lib/python3.12/site-packages/airflow/example_dags/example_sla_dag.py
[2024-10-06T04:30:26.774+0000] {processor.py:914} INFO - Processing file /home/airflow/.local/lib/python3.12/site-packages/airflow/example_dags/example_sla_dag.py for tasks to queue
[2024-10-06T04:30:26.777+0000] {logging_mixin.py:190} INFO - [2024-10-06T04:30:26.776+0000] {dagbag.py:588} INFO - Filling up the DagBag from /home/airflow/.local/lib/python3.12/site-packages/airflow/example_dags/example_sla_dag.py
[2024-10-06T04:30:26.788+0000] {processor.py:925} INFO - DAG(s) 'example_sla_dag' retrieved from /home/airflow/.local/lib/python3.12/site-packages/airflow/example_dags/example_sla_dag.py
[2024-10-06T04:30:26.811+0000] {logging_mixin.py:190} INFO - [2024-10-06T04:30:26.810+0000] {dag.py:3239} INFO - Sync 1 DAGs
[2024-10-06T04:30:26.837+0000] {logging_mixin.py:190} INFO - [2024-10-06T04:30:26.837+0000] {dag.py:4180} INFO - Setting next_dagrun for example_sla_dag to 2024-10-06 04:28:00+00:00, run_after=2024-10-06 04:30:00+00:00
[2024-10-06T04:30:26.856+0000] {processor.py:208} INFO - Processing /home/airflow/.local/lib/python3.12/site-packages/airflow/example_dags/example_sla_dag.py took 0.088 seconds
[2024-10-06T04:30:56.994+0000] {processor.py:186} INFO - Started process (PID=787) to work on /home/airflow/.local/lib/python3.12/site-packages/airflow/example_dags/example_sla_dag.py
[2024-10-06T04:30:56.995+0000] {processor.py:914} INFO - Processing file /home/airflow/.local/lib/python3.12/site-packages/airflow/example_dags/example_sla_dag.py for tasks to queue
[2024-10-06T04:30:56.997+0000] {logging_mixin.py:190} INFO - [2024-10-06T04:30:56.997+0000] {dagbag.py:588} INFO - Filling up the DagBag from /home/airflow/.local/lib/python3.12/site-packages/airflow/example_dags/example_sla_dag.py
[2024-10-06T04:30:57.005+0000] {processor.py:925} INFO - DAG(s) 'example_sla_dag' retrieved from /home/airflow/.local/lib/python3.12/site-packages/airflow/example_dags/example_sla_dag.py
[2024-10-06T04:30:57.022+0000] {logging_mixin.py:190} INFO - [2024-10-06T04:30:57.022+0000] {dag.py:3239} INFO - Sync 1 DAGs
[2024-10-06T04:30:57.049+0000] {logging_mixin.py:190} INFO - [2024-10-06T04:30:57.049+0000] {dag.py:4180} INFO - Setting next_dagrun for example_sla_dag to 2024-10-06 04:28:00+00:00, run_after=2024-10-06 04:30:00+00:00
[2024-10-06T04:30:57.069+0000] {processor.py:208} INFO - Processing /home/airflow/.local/lib/python3.12/site-packages/airflow/example_dags/example_sla_dag.py took 0.079 seconds
[2024-10-06T04:31:27.307+0000] {processor.py:186} INFO - Started process (PID=850) to work on /home/airflow/.local/lib/python3.12/site-packages/airflow/example_dags/example_sla_dag.py
[2024-10-06T04:31:27.308+0000] {processor.py:914} INFO - Processing file /home/airflow/.local/lib/python3.12/site-packages/airflow/example_dags/example_sla_dag.py for tasks to queue
[2024-10-06T04:31:27.310+0000] {logging_mixin.py:190} INFO - [2024-10-06T04:31:27.310+0000] {dagbag.py:588} INFO - Filling up the DagBag from /home/airflow/.local/lib/python3.12/site-packages/airflow/example_dags/example_sla_dag.py
[2024-10-06T04:31:27.320+0000] {processor.py:925} INFO - DAG(s) 'example_sla_dag' retrieved from /home/airflow/.local/lib/python3.12/site-packages/airflow/example_dags/example_sla_dag.py
[2024-10-06T04:31:27.341+0000] {logging_mixin.py:190} INFO - [2024-10-06T04:31:27.340+0000] {dag.py:3239} INFO - Sync 1 DAGs
[2024-10-06T04:31:27.369+0000] {logging_mixin.py:190} INFO - [2024-10-06T04:31:27.369+0000] {dag.py:4180} INFO - Setting next_dagrun for example_sla_dag to 2024-10-06 04:28:00+00:00, run_after=2024-10-06 04:30:00+00:00
[2024-10-06T04:31:27.401+0000] {processor.py:208} INFO - Processing /home/airflow/.local/lib/python3.12/site-packages/airflow/example_dags/example_sla_dag.py took 0.100 seconds
[2024-10-06T04:31:57.555+0000] {processor.py:186} INFO - Started process (PID=913) to work on /home/airflow/.local/lib/python3.12/site-packages/airflow/example_dags/example_sla_dag.py
[2024-10-06T04:31:57.555+0000] {processor.py:914} INFO - Processing file /home/airflow/.local/lib/python3.12/site-packages/airflow/example_dags/example_sla_dag.py for tasks to queue
[2024-10-06T04:31:57.557+0000] {logging_mixin.py:190} INFO - [2024-10-06T04:31:57.557+0000] {dagbag.py:588} INFO - Filling up the DagBag from /home/airflow/.local/lib/python3.12/site-packages/airflow/example_dags/example_sla_dag.py
[2024-10-06T04:31:57.565+0000] {processor.py:925} INFO - DAG(s) 'example_sla_dag' retrieved from /home/airflow/.local/lib/python3.12/site-packages/airflow/example_dags/example_sla_dag.py
[2024-10-06T04:31:57.582+0000] {logging_mixin.py:190} INFO - [2024-10-06T04:31:57.582+0000] {dag.py:3239} INFO - Sync 1 DAGs
[2024-10-06T04:31:57.609+0000] {logging_mixin.py:190} INFO - [2024-10-06T04:31:57.609+0000] {dag.py:4180} INFO - Setting next_dagrun for example_sla_dag to 2024-10-06 04:28:00+00:00, run_after=2024-10-06 04:30:00+00:00
[2024-10-06T04:31:57.628+0000] {processor.py:208} INFO - Processing /home/airflow/.local/lib/python3.12/site-packages/airflow/example_dags/example_sla_dag.py took 0.077 seconds
[2024-10-06T04:32:27.792+0000] {processor.py:186} INFO - Started process (PID=976) to work on /home/airflow/.local/lib/python3.12/site-packages/airflow/example_dags/example_sla_dag.py
[2024-10-06T04:32:27.793+0000] {processor.py:914} INFO - Processing file /home/airflow/.local/lib/python3.12/site-packages/airflow/example_dags/example_sla_dag.py for tasks to queue
[2024-10-06T04:32:27.794+0000] {logging_mixin.py:190} INFO - [2024-10-06T04:32:27.794+0000] {dagbag.py:588} INFO - Filling up the DagBag from /home/airflow/.local/lib/python3.12/site-packages/airflow/example_dags/example_sla_dag.py
[2024-10-06T04:32:27.802+0000] {processor.py:925} INFO - DAG(s) 'example_sla_dag' retrieved from /home/airflow/.local/lib/python3.12/site-packages/airflow/example_dags/example_sla_dag.py
[2024-10-06T04:32:27.818+0000] {logging_mixin.py:190} INFO - [2024-10-06T04:32:27.818+0000] {dag.py:3239} INFO - Sync 1 DAGs
[2024-10-06T04:32:27.845+0000] {logging_mixin.py:190} INFO - [2024-10-06T04:32:27.845+0000] {dag.py:4180} INFO - Setting next_dagrun for example_sla_dag to 2024-10-06 04:30:00+00:00, run_after=2024-10-06 04:32:00+00:00
[2024-10-06T04:32:27.865+0000] {processor.py:208} INFO - Processing /home/airflow/.local/lib/python3.12/site-packages/airflow/example_dags/example_sla_dag.py took 0.078 seconds
[2024-10-06T04:32:57.956+0000] {processor.py:186} INFO - Started process (PID=1039) to work on /home/airflow/.local/lib/python3.12/site-packages/airflow/example_dags/example_sla_dag.py
[2024-10-06T04:32:57.957+0000] {processor.py:914} INFO - Processing file /home/airflow/.local/lib/python3.12/site-packages/airflow/example_dags/example_sla_dag.py for tasks to queue
[2024-10-06T04:32:57.959+0000] {logging_mixin.py:190} INFO - [2024-10-06T04:32:57.959+0000] {dagbag.py:588} INFO - Filling up the DagBag from /home/airflow/.local/lib/python3.12/site-packages/airflow/example_dags/example_sla_dag.py
[2024-10-06T04:32:57.966+0000] {processor.py:925} INFO - DAG(s) 'example_sla_dag' retrieved from /home/airflow/.local/lib/python3.12/site-packages/airflow/example_dags/example_sla_dag.py
[2024-10-06T04:32:57.983+0000] {logging_mixin.py:190} INFO - [2024-10-06T04:32:57.983+0000] {dag.py:3239} INFO - Sync 1 DAGs
[2024-10-06T04:32:58.004+0000] {logging_mixin.py:190} INFO - [2024-10-06T04:32:58.004+0000] {dag.py:4180} INFO - Setting next_dagrun for example_sla_dag to 2024-10-06 04:30:00+00:00, run_after=2024-10-06 04:32:00+00:00
[2024-10-06T04:32:58.032+0000] {processor.py:208} INFO - Processing /home/airflow/.local/lib/python3.12/site-packages/airflow/example_dags/example_sla_dag.py took 0.080 seconds
[2024-10-06T04:33:28.124+0000] {processor.py:186} INFO - Started process (PID=1102) to work on /home/airflow/.local/lib/python3.12/site-packages/airflow/example_dags/example_sla_dag.py
[2024-10-06T04:33:28.124+0000] {processor.py:914} INFO - Processing file /home/airflow/.local/lib/python3.12/site-packages/airflow/example_dags/example_sla_dag.py for tasks to queue
[2024-10-06T04:33:28.126+0000] {logging_mixin.py:190} INFO - [2024-10-06T04:33:28.126+0000] {dagbag.py:588} INFO - Filling up the DagBag from /home/airflow/.local/lib/python3.12/site-packages/airflow/example_dags/example_sla_dag.py
[2024-10-06T04:33:28.133+0000] {processor.py:925} INFO - DAG(s) 'example_sla_dag' retrieved from /home/airflow/.local/lib/python3.12/site-packages/airflow/example_dags/example_sla_dag.py
[2024-10-06T04:33:28.149+0000] {logging_mixin.py:190} INFO - [2024-10-06T04:33:28.149+0000] {dag.py:3239} INFO - Sync 1 DAGs
[2024-10-06T04:33:28.169+0000] {logging_mixin.py:190} INFO - [2024-10-06T04:33:28.169+0000] {dag.py:4180} INFO - Setting next_dagrun for example_sla_dag to 2024-10-06 04:30:00+00:00, run_after=2024-10-06 04:32:00+00:00
[2024-10-06T04:33:28.185+0000] {processor.py:208} INFO - Processing /home/airflow/.local/lib/python3.12/site-packages/airflow/example_dags/example_sla_dag.py took 0.066 seconds
[2024-10-06T04:33:58.426+0000] {processor.py:186} INFO - Started process (PID=1165) to work on /home/airflow/.local/lib/python3.12/site-packages/airflow/example_dags/example_sla_dag.py
[2024-10-06T04:33:58.426+0000] {processor.py:914} INFO - Processing file /home/airflow/.local/lib/python3.12/site-packages/airflow/example_dags/example_sla_dag.py for tasks to queue
[2024-10-06T04:33:58.428+0000] {logging_mixin.py:190} INFO - [2024-10-06T04:33:58.428+0000] {dagbag.py:588} INFO - Filling up the DagBag from /home/airflow/.local/lib/python3.12/site-packages/airflow/example_dags/example_sla_dag.py
[2024-10-06T04:33:58.436+0000] {processor.py:925} INFO - DAG(s) 'example_sla_dag' retrieved from /home/airflow/.local/lib/python3.12/site-packages/airflow/example_dags/example_sla_dag.py
[2024-10-06T04:33:58.450+0000] {logging_mixin.py:190} INFO - [2024-10-06T04:33:58.450+0000] {dag.py:3239} INFO - Sync 1 DAGs
[2024-10-06T04:33:58.469+0000] {logging_mixin.py:190} INFO - [2024-10-06T04:33:58.469+0000] {dag.py:4180} INFO - Setting next_dagrun for example_sla_dag to 2024-10-06 04:30:00+00:00, run_after=2024-10-06 04:32:00+00:00
[2024-10-06T04:33:58.486+0000] {processor.py:208} INFO - Processing /home/airflow/.local/lib/python3.12/site-packages/airflow/example_dags/example_sla_dag.py took 0.067 seconds
[2024-10-06T04:34:28.985+0000] {processor.py:186} INFO - Started process (PID=1228) to work on /home/airflow/.local/lib/python3.12/site-packages/airflow/example_dags/example_sla_dag.py
[2024-10-06T04:34:28.986+0000] {processor.py:914} INFO - Processing file /home/airflow/.local/lib/python3.12/site-packages/airflow/example_dags/example_sla_dag.py for tasks to queue
[2024-10-06T04:34:28.988+0000] {logging_mixin.py:190} INFO - [2024-10-06T04:34:28.988+0000] {dagbag.py:588} INFO - Filling up the DagBag from /home/airflow/.local/lib/python3.12/site-packages/airflow/example_dags/example_sla_dag.py
[2024-10-06T04:34:28.995+0000] {processor.py:925} INFO - DAG(s) 'example_sla_dag' retrieved from /home/airflow/.local/lib/python3.12/site-packages/airflow/example_dags/example_sla_dag.py
[2024-10-06T04:34:29.013+0000] {logging_mixin.py:190} INFO - [2024-10-06T04:34:29.013+0000] {dag.py:3239} INFO - Sync 1 DAGs
[2024-10-06T04:34:29.037+0000] {logging_mixin.py:190} INFO - [2024-10-06T04:34:29.037+0000] {dag.py:4180} INFO - Setting next_dagrun for example_sla_dag to 2024-10-06 04:32:00+00:00, run_after=2024-10-06 04:34:00+00:00
[2024-10-06T04:34:29.054+0000] {processor.py:208} INFO - Processing /home/airflow/.local/lib/python3.12/site-packages/airflow/example_dags/example_sla_dag.py took 0.073 seconds
[2024-10-06T04:34:59.321+0000] {processor.py:186} INFO - Started process (PID=1291) to work on /home/airflow/.local/lib/python3.12/site-packages/airflow/example_dags/example_sla_dag.py
[2024-10-06T04:34:59.322+0000] {processor.py:914} INFO - Processing file /home/airflow/.local/lib/python3.12/site-packages/airflow/example_dags/example_sla_dag.py for tasks to queue
[2024-10-06T04:34:59.324+0000] {logging_mixin.py:190} INFO - [2024-10-06T04:34:59.324+0000] {dagbag.py:588} INFO - Filling up the DagBag from /home/airflow/.local/lib/python3.12/site-packages/airflow/example_dags/example_sla_dag.py
[2024-10-06T04:34:59.335+0000] {processor.py:925} INFO - DAG(s) 'example_sla_dag' retrieved from /home/airflow/.local/lib/python3.12/site-packages/airflow/example_dags/example_sla_dag.py
[2024-10-06T04:34:59.357+0000] {logging_mixin.py:190} INFO - [2024-10-06T04:34:59.356+0000] {dag.py:3239} INFO - Sync 1 DAGs
[2024-10-06T04:34:59.386+0000] {logging_mixin.py:190} INFO - [2024-10-06T04:34:59.386+0000] {dag.py:4180} INFO - Setting next_dagrun for example_sla_dag to 2024-10-06 04:32:00+00:00, run_after=2024-10-06 04:34:00+00:00
[2024-10-06T04:34:59.407+0000] {processor.py:208} INFO - Processing /home/airflow/.local/lib/python3.12/site-packages/airflow/example_dags/example_sla_dag.py took 0.092 seconds
[2024-10-06T04:35:29.553+0000] {processor.py:186} INFO - Started process (PID=1353) to work on /home/airflow/.local/lib/python3.12/site-packages/airflow/example_dags/example_sla_dag.py
[2024-10-06T04:35:29.553+0000] {processor.py:914} INFO - Processing file /home/airflow/.local/lib/python3.12/site-packages/airflow/example_dags/example_sla_dag.py for tasks to queue
[2024-10-06T04:35:29.556+0000] {logging_mixin.py:190} INFO - [2024-10-06T04:35:29.555+0000] {dagbag.py:588} INFO - Filling up the DagBag from /home/airflow/.local/lib/python3.12/site-packages/airflow/example_dags/example_sla_dag.py
[2024-10-06T04:35:29.563+0000] {processor.py:925} INFO - DAG(s) 'example_sla_dag' retrieved from /home/airflow/.local/lib/python3.12/site-packages/airflow/example_dags/example_sla_dag.py
[2024-10-06T04:35:29.578+0000] {logging_mixin.py:190} INFO - [2024-10-06T04:35:29.578+0000] {dag.py:3239} INFO - Sync 1 DAGs
[2024-10-06T04:35:29.605+0000] {logging_mixin.py:190} INFO - [2024-10-06T04:35:29.605+0000] {dag.py:4180} INFO - Setting next_dagrun for example_sla_dag to 2024-10-06 04:32:00+00:00, run_after=2024-10-06 04:34:00+00:00
[2024-10-06T04:35:29.627+0000] {processor.py:208} INFO - Processing /home/airflow/.local/lib/python3.12/site-packages/airflow/example_dags/example_sla_dag.py took 0.080 seconds
[2024-10-06T04:35:59.871+0000] {processor.py:186} INFO - Started process (PID=1416) to work on /home/airflow/.local/lib/python3.12/site-packages/airflow/example_dags/example_sla_dag.py
[2024-10-06T04:35:59.872+0000] {processor.py:914} INFO - Processing file /home/airflow/.local/lib/python3.12/site-packages/airflow/example_dags/example_sla_dag.py for tasks to queue
[2024-10-06T04:35:59.874+0000] {logging_mixin.py:190} INFO - [2024-10-06T04:35:59.873+0000] {dagbag.py:588} INFO - Filling up the DagBag from /home/airflow/.local/lib/python3.12/site-packages/airflow/example_dags/example_sla_dag.py
[2024-10-06T04:35:59.882+0000] {processor.py:925} INFO - DAG(s) 'example_sla_dag' retrieved from /home/airflow/.local/lib/python3.12/site-packages/airflow/example_dags/example_sla_dag.py
[2024-10-06T04:35:59.899+0000] {logging_mixin.py:190} INFO - [2024-10-06T04:35:59.899+0000] {dag.py:3239} INFO - Sync 1 DAGs
[2024-10-06T04:35:59.919+0000] {logging_mixin.py:190} INFO - [2024-10-06T04:35:59.919+0000] {dag.py:4180} INFO - Setting next_dagrun for example_sla_dag to 2024-10-06 04:32:00+00:00, run_after=2024-10-06 04:34:00+00:00
[2024-10-06T04:35:59.942+0000] {processor.py:208} INFO - Processing /home/airflow/.local/lib/python3.12/site-packages/airflow/example_dags/example_sla_dag.py took 0.075 seconds
[2024-10-06T04:36:30.065+0000] {processor.py:186} INFO - Started process (PID=1480) to work on /home/airflow/.local/lib/python3.12/site-packages/airflow/example_dags/example_sla_dag.py
[2024-10-06T04:36:30.066+0000] {processor.py:914} INFO - Processing file /home/airflow/.local/lib/python3.12/site-packages/airflow/example_dags/example_sla_dag.py for tasks to queue
[2024-10-06T04:36:30.067+0000] {logging_mixin.py:190} INFO - [2024-10-06T04:36:30.067+0000] {dagbag.py:588} INFO - Filling up the DagBag from /home/airflow/.local/lib/python3.12/site-packages/airflow/example_dags/example_sla_dag.py
[2024-10-06T04:36:30.075+0000] {processor.py:925} INFO - DAG(s) 'example_sla_dag' retrieved from /home/airflow/.local/lib/python3.12/site-packages/airflow/example_dags/example_sla_dag.py
[2024-10-06T04:36:30.092+0000] {logging_mixin.py:190} INFO - [2024-10-06T04:36:30.092+0000] {dag.py:3239} INFO - Sync 1 DAGs
[2024-10-06T04:36:30.119+0000] {logging_mixin.py:190} INFO - [2024-10-06T04:36:30.118+0000] {dag.py:4180} INFO - Setting next_dagrun for example_sla_dag to 2024-10-06 04:34:00+00:00, run_after=2024-10-06 04:36:00+00:00
[2024-10-06T04:36:30.139+0000] {processor.py:208} INFO - Processing /home/airflow/.local/lib/python3.12/site-packages/airflow/example_dags/example_sla_dag.py took 0.078 seconds
[2024-10-06T04:37:00.576+0000] {processor.py:186} INFO - Started process (PID=1545) to work on /home/airflow/.local/lib/python3.12/site-packages/airflow/example_dags/example_sla_dag.py
[2024-10-06T04:37:00.577+0000] {processor.py:914} INFO - Processing file /home/airflow/.local/lib/python3.12/site-packages/airflow/example_dags/example_sla_dag.py for tasks to queue
[2024-10-06T04:37:00.579+0000] {logging_mixin.py:190} INFO - [2024-10-06T04:37:00.578+0000] {dagbag.py:588} INFO - Filling up the DagBag from /home/airflow/.local/lib/python3.12/site-packages/airflow/example_dags/example_sla_dag.py
[2024-10-06T04:37:00.586+0000] {processor.py:925} INFO - DAG(s) 'example_sla_dag' retrieved from /home/airflow/.local/lib/python3.12/site-packages/airflow/example_dags/example_sla_dag.py
[2024-10-06T04:37:00.602+0000] {logging_mixin.py:190} INFO - [2024-10-06T04:37:00.602+0000] {dag.py:3239} INFO - Sync 1 DAGs
[2024-10-06T04:37:00.623+0000] {logging_mixin.py:190} INFO - [2024-10-06T04:37:00.623+0000] {dag.py:4180} INFO - Setting next_dagrun for example_sla_dag to 2024-10-06 04:34:00+00:00, run_after=2024-10-06 04:36:00+00:00
[2024-10-06T04:37:00.646+0000] {processor.py:208} INFO - Processing /home/airflow/.local/lib/python3.12/site-packages/airflow/example_dags/example_sla_dag.py took 0.074 seconds
[2024-10-06T04:37:30.909+0000] {processor.py:186} INFO - Started process (PID=1608) to work on /home/airflow/.local/lib/python3.12/site-packages/airflow/example_dags/example_sla_dag.py
[2024-10-06T04:37:30.910+0000] {processor.py:914} INFO - Processing file /home/airflow/.local/lib/python3.12/site-packages/airflow/example_dags/example_sla_dag.py for tasks to queue
[2024-10-06T04:37:30.912+0000] {logging_mixin.py:190} INFO - [2024-10-06T04:37:30.912+0000] {dagbag.py:588} INFO - Filling up the DagBag from /home/airflow/.local/lib/python3.12/site-packages/airflow/example_dags/example_sla_dag.py
[2024-10-06T04:37:30.924+0000] {processor.py:925} INFO - DAG(s) 'example_sla_dag' retrieved from /home/airflow/.local/lib/python3.12/site-packages/airflow/example_dags/example_sla_dag.py
[2024-10-06T04:37:30.943+0000] {logging_mixin.py:190} INFO - [2024-10-06T04:37:30.943+0000] {dag.py:3239} INFO - Sync 1 DAGs
[2024-10-06T04:37:30.964+0000] {logging_mixin.py:190} INFO - [2024-10-06T04:37:30.964+0000] {dag.py:4180} INFO - Setting next_dagrun for example_sla_dag to 2024-10-06 04:34:00+00:00, run_after=2024-10-06 04:36:00+00:00
[2024-10-06T04:37:30.981+0000] {processor.py:208} INFO - Processing /home/airflow/.local/lib/python3.12/site-packages/airflow/example_dags/example_sla_dag.py took 0.077 seconds
[2024-10-06T04:38:01.294+0000] {processor.py:186} INFO - Started process (PID=1671) to work on /home/airflow/.local/lib/python3.12/site-packages/airflow/example_dags/example_sla_dag.py
[2024-10-06T04:38:01.294+0000] {processor.py:914} INFO - Processing file /home/airflow/.local/lib/python3.12/site-packages/airflow/example_dags/example_sla_dag.py for tasks to queue
[2024-10-06T04:38:01.296+0000] {logging_mixin.py:190} INFO - [2024-10-06T04:38:01.296+0000] {dagbag.py:588} INFO - Filling up the DagBag from /home/airflow/.local/lib/python3.12/site-packages/airflow/example_dags/example_sla_dag.py
[2024-10-06T04:38:01.304+0000] {processor.py:925} INFO - DAG(s) 'example_sla_dag' retrieved from /home/airflow/.local/lib/python3.12/site-packages/airflow/example_dags/example_sla_dag.py
[2024-10-06T04:38:01.320+0000] {logging_mixin.py:190} INFO - [2024-10-06T04:38:01.320+0000] {dag.py:3239} INFO - Sync 1 DAGs
[2024-10-06T04:38:01.347+0000] {logging_mixin.py:190} INFO - [2024-10-06T04:38:01.347+0000] {dag.py:4180} INFO - Setting next_dagrun for example_sla_dag to 2024-10-06 04:36:00+00:00, run_after=2024-10-06 04:38:00+00:00
[2024-10-06T04:38:01.379+0000] {processor.py:208} INFO - Processing /home/airflow/.local/lib/python3.12/site-packages/airflow/example_dags/example_sla_dag.py took 0.090 seconds
[2024-10-06T04:38:31.863+0000] {processor.py:186} INFO - Started process (PID=1734) to work on /home/airflow/.local/lib/python3.12/site-packages/airflow/example_dags/example_sla_dag.py
[2024-10-06T04:38:31.863+0000] {processor.py:914} INFO - Processing file /home/airflow/.local/lib/python3.12/site-packages/airflow/example_dags/example_sla_dag.py for tasks to queue
[2024-10-06T04:38:31.864+0000] {logging_mixin.py:190} INFO - [2024-10-06T04:38:31.864+0000] {dagbag.py:588} INFO - Filling up the DagBag from /home/airflow/.local/lib/python3.12/site-packages/airflow/example_dags/example_sla_dag.py
[2024-10-06T04:38:31.872+0000] {processor.py:925} INFO - DAG(s) 'example_sla_dag' retrieved from /home/airflow/.local/lib/python3.12/site-packages/airflow/example_dags/example_sla_dag.py
[2024-10-06T04:38:31.890+0000] {logging_mixin.py:190} INFO - [2024-10-06T04:38:31.889+0000] {dag.py:3239} INFO - Sync 1 DAGs
[2024-10-06T04:38:31.917+0000] {logging_mixin.py:190} INFO - [2024-10-06T04:38:31.917+0000] {dag.py:4180} INFO - Setting next_dagrun for example_sla_dag to 2024-10-06 04:36:00+00:00, run_after=2024-10-06 04:38:00+00:00
[2024-10-06T04:38:31.935+0000] {processor.py:208} INFO - Processing /home/airflow/.local/lib/python3.12/site-packages/airflow/example_dags/example_sla_dag.py took 0.077 seconds
[2024-10-06T04:39:02.833+0000] {processor.py:186} INFO - Started process (PID=1797) to work on /home/airflow/.local/lib/python3.12/site-packages/airflow/example_dags/example_sla_dag.py
[2024-10-06T04:39:02.834+0000] {processor.py:914} INFO - Processing file /home/airflow/.local/lib/python3.12/site-packages/airflow/example_dags/example_sla_dag.py for tasks to queue
[2024-10-06T04:39:02.835+0000] {logging_mixin.py:190} INFO - [2024-10-06T04:39:02.834+0000] {dagbag.py:588} INFO - Filling up the DagBag from /home/airflow/.local/lib/python3.12/site-packages/airflow/example_dags/example_sla_dag.py
[2024-10-06T04:39:02.845+0000] {processor.py:925} INFO - DAG(s) 'example_sla_dag' retrieved from /home/airflow/.local/lib/python3.12/site-packages/airflow/example_dags/example_sla_dag.py
[2024-10-06T04:39:02.863+0000] {logging_mixin.py:190} INFO - [2024-10-06T04:39:02.863+0000] {dag.py:3239} INFO - Sync 1 DAGs
[2024-10-06T04:39:02.888+0000] {logging_mixin.py:190} INFO - [2024-10-06T04:39:02.887+0000] {dag.py:4180} INFO - Setting next_dagrun for example_sla_dag to 2024-10-06 04:36:00+00:00, run_after=2024-10-06 04:38:00+00:00
[2024-10-06T04:39:02.910+0000] {processor.py:208} INFO - Processing /home/airflow/.local/lib/python3.12/site-packages/airflow/example_dags/example_sla_dag.py took 0.083 seconds
[2024-10-06T04:39:33.116+0000] {processor.py:186} INFO - Started process (PID=1860) to work on /home/airflow/.local/lib/python3.12/site-packages/airflow/example_dags/example_sla_dag.py
[2024-10-06T04:39:33.116+0000] {processor.py:914} INFO - Processing file /home/airflow/.local/lib/python3.12/site-packages/airflow/example_dags/example_sla_dag.py for tasks to queue
[2024-10-06T04:39:33.117+0000] {logging_mixin.py:190} INFO - [2024-10-06T04:39:33.117+0000] {dagbag.py:588} INFO - Filling up the DagBag from /home/airflow/.local/lib/python3.12/site-packages/airflow/example_dags/example_sla_dag.py
[2024-10-06T04:39:33.125+0000] {processor.py:925} INFO - DAG(s) 'example_sla_dag' retrieved from /home/airflow/.local/lib/python3.12/site-packages/airflow/example_dags/example_sla_dag.py
[2024-10-06T04:39:33.141+0000] {logging_mixin.py:190} INFO - [2024-10-06T04:39:33.141+0000] {dag.py:3239} INFO - Sync 1 DAGs
[2024-10-06T04:39:33.169+0000] {logging_mixin.py:190} INFO - [2024-10-06T04:39:33.168+0000] {dag.py:4180} INFO - Setting next_dagrun for example_sla_dag to 2024-10-06 04:36:00+00:00, run_after=2024-10-06 04:38:00+00:00
[2024-10-06T04:39:33.188+0000] {processor.py:208} INFO - Processing /home/airflow/.local/lib/python3.12/site-packages/airflow/example_dags/example_sla_dag.py took 0.077 seconds
[2024-10-06T04:40:04.124+0000] {processor.py:186} INFO - Started process (PID=1923) to work on /home/airflow/.local/lib/python3.12/site-packages/airflow/example_dags/example_sla_dag.py
[2024-10-06T04:40:04.125+0000] {processor.py:914} INFO - Processing file /home/airflow/.local/lib/python3.12/site-packages/airflow/example_dags/example_sla_dag.py for tasks to queue
[2024-10-06T04:40:04.125+0000] {logging_mixin.py:190} INFO - [2024-10-06T04:40:04.125+0000] {dagbag.py:588} INFO - Filling up the DagBag from /home/airflow/.local/lib/python3.12/site-packages/airflow/example_dags/example_sla_dag.py
[2024-10-06T04:40:04.133+0000] {processor.py:925} INFO - DAG(s) 'example_sla_dag' retrieved from /home/airflow/.local/lib/python3.12/site-packages/airflow/example_dags/example_sla_dag.py
[2024-10-06T04:40:04.149+0000] {logging_mixin.py:190} INFO - [2024-10-06T04:40:04.149+0000] {dag.py:3239} INFO - Sync 1 DAGs
[2024-10-06T04:40:04.169+0000] {logging_mixin.py:190} INFO - [2024-10-06T04:40:04.169+0000] {dag.py:4180} INFO - Setting next_dagrun for example_sla_dag to 2024-10-06 04:38:00+00:00, run_after=2024-10-06 04:40:00+00:00
[2024-10-06T04:40:04.189+0000] {processor.py:208} INFO - Processing /home/airflow/.local/lib/python3.12/site-packages/airflow/example_dags/example_sla_dag.py took 0.069 seconds
[2024-10-06T04:40:34.485+0000] {processor.py:186} INFO - Started process (PID=1986) to work on /home/airflow/.local/lib/python3.12/site-packages/airflow/example_dags/example_sla_dag.py
[2024-10-06T04:40:34.486+0000] {processor.py:914} INFO - Processing file /home/airflow/.local/lib/python3.12/site-packages/airflow/example_dags/example_sla_dag.py for tasks to queue
[2024-10-06T04:40:34.487+0000] {logging_mixin.py:190} INFO - [2024-10-06T04:40:34.487+0000] {dagbag.py:588} INFO - Filling up the DagBag from /home/airflow/.local/lib/python3.12/site-packages/airflow/example_dags/example_sla_dag.py
[2024-10-06T04:40:34.495+0000] {processor.py:925} INFO - DAG(s) 'example_sla_dag' retrieved from /home/airflow/.local/lib/python3.12/site-packages/airflow/example_dags/example_sla_dag.py
[2024-10-06T04:40:34.510+0000] {logging_mixin.py:190} INFO - [2024-10-06T04:40:34.510+0000] {dag.py:3239} INFO - Sync 1 DAGs
[2024-10-06T04:40:34.530+0000] {logging_mixin.py:190} INFO - [2024-10-06T04:40:34.529+0000] {dag.py:4180} INFO - Setting next_dagrun for example_sla_dag to 2024-10-06 04:38:00+00:00, run_after=2024-10-06 04:40:00+00:00
[2024-10-06T04:40:34.549+0000] {processor.py:208} INFO - Processing /home/airflow/.local/lib/python3.12/site-packages/airflow/example_dags/example_sla_dag.py took 0.069 seconds
[2024-10-06T04:41:05.260+0000] {processor.py:186} INFO - Started process (PID=2049) to work on /home/airflow/.local/lib/python3.12/site-packages/airflow/example_dags/example_sla_dag.py
[2024-10-06T04:41:05.260+0000] {processor.py:914} INFO - Processing file /home/airflow/.local/lib/python3.12/site-packages/airflow/example_dags/example_sla_dag.py for tasks to queue
[2024-10-06T04:41:05.261+0000] {logging_mixin.py:190} INFO - [2024-10-06T04:41:05.261+0000] {dagbag.py:588} INFO - Filling up the DagBag from /home/airflow/.local/lib/python3.12/site-packages/airflow/example_dags/example_sla_dag.py
[2024-10-06T04:41:05.269+0000] {processor.py:925} INFO - DAG(s) 'example_sla_dag' retrieved from /home/airflow/.local/lib/python3.12/site-packages/airflow/example_dags/example_sla_dag.py
[2024-10-06T04:41:05.284+0000] {logging_mixin.py:190} INFO - [2024-10-06T04:41:05.284+0000] {dag.py:3239} INFO - Sync 1 DAGs
[2024-10-06T04:41:05.304+0000] {logging_mixin.py:190} INFO - [2024-10-06T04:41:05.304+0000] {dag.py:4180} INFO - Setting next_dagrun for example_sla_dag to 2024-10-06 04:38:00+00:00, run_after=2024-10-06 04:40:00+00:00
[2024-10-06T04:41:05.326+0000] {processor.py:208} INFO - Processing /home/airflow/.local/lib/python3.12/site-packages/airflow/example_dags/example_sla_dag.py took 0.070 seconds
[2024-10-06T04:41:36.274+0000] {processor.py:186} INFO - Started process (PID=2112) to work on /home/airflow/.local/lib/python3.12/site-packages/airflow/example_dags/example_sla_dag.py
[2024-10-06T04:41:36.275+0000] {processor.py:914} INFO - Processing file /home/airflow/.local/lib/python3.12/site-packages/airflow/example_dags/example_sla_dag.py for tasks to queue
[2024-10-06T04:41:36.275+0000] {logging_mixin.py:190} INFO - [2024-10-06T04:41:36.275+0000] {dagbag.py:588} INFO - Filling up the DagBag from /home/airflow/.local/lib/python3.12/site-packages/airflow/example_dags/example_sla_dag.py
[2024-10-06T04:41:36.284+0000] {processor.py:925} INFO - DAG(s) 'example_sla_dag' retrieved from /home/airflow/.local/lib/python3.12/site-packages/airflow/example_dags/example_sla_dag.py
[2024-10-06T04:41:36.299+0000] {logging_mixin.py:190} INFO - [2024-10-06T04:41:36.299+0000] {dag.py:3239} INFO - Sync 1 DAGs
[2024-10-06T04:41:36.320+0000] {logging_mixin.py:190} INFO - [2024-10-06T04:41:36.320+0000] {dag.py:4180} INFO - Setting next_dagrun for example_sla_dag to 2024-10-06 04:38:00+00:00, run_after=2024-10-06 04:40:00+00:00
[2024-10-06T04:41:36.339+0000] {processor.py:208} INFO - Processing /home/airflow/.local/lib/python3.12/site-packages/airflow/example_dags/example_sla_dag.py took 0.069 seconds
[2024-10-06T04:42:06.981+0000] {processor.py:186} INFO - Started process (PID=2176) to work on /home/airflow/.local/lib/python3.12/site-packages/airflow/example_dags/example_sla_dag.py
[2024-10-06T04:42:06.982+0000] {processor.py:914} INFO - Processing file /home/airflow/.local/lib/python3.12/site-packages/airflow/example_dags/example_sla_dag.py for tasks to queue
[2024-10-06T04:42:06.983+0000] {logging_mixin.py:190} INFO - [2024-10-06T04:42:06.983+0000] {dagbag.py:588} INFO - Filling up the DagBag from /home/airflow/.local/lib/python3.12/site-packages/airflow/example_dags/example_sla_dag.py
[2024-10-06T04:42:06.991+0000] {processor.py:925} INFO - DAG(s) 'example_sla_dag' retrieved from /home/airflow/.local/lib/python3.12/site-packages/airflow/example_dags/example_sla_dag.py
[2024-10-06T04:42:07.008+0000] {logging_mixin.py:190} INFO - [2024-10-06T04:42:07.008+0000] {dag.py:3239} INFO - Sync 1 DAGs
[2024-10-06T04:42:07.030+0000] {logging_mixin.py:190} INFO - [2024-10-06T04:42:07.030+0000] {dag.py:4180} INFO - Setting next_dagrun for example_sla_dag to 2024-10-06 04:40:00+00:00, run_after=2024-10-06 04:42:00+00:00
[2024-10-06T04:42:07.053+0000] {processor.py:208} INFO - Processing /home/airflow/.local/lib/python3.12/site-packages/airflow/example_dags/example_sla_dag.py took 0.076 seconds
[2024-10-06T04:42:37.759+0000] {processor.py:186} INFO - Started process (PID=2239) to work on /home/airflow/.local/lib/python3.12/site-packages/airflow/example_dags/example_sla_dag.py
[2024-10-06T04:42:37.760+0000] {processor.py:914} INFO - Processing file /home/airflow/.local/lib/python3.12/site-packages/airflow/example_dags/example_sla_dag.py for tasks to queue
[2024-10-06T04:42:37.761+0000] {logging_mixin.py:190} INFO - [2024-10-06T04:42:37.761+0000] {dagbag.py:588} INFO - Filling up the DagBag from /home/airflow/.local/lib/python3.12/site-packages/airflow/example_dags/example_sla_dag.py
[2024-10-06T04:42:37.772+0000] {processor.py:925} INFO - DAG(s) 'example_sla_dag' retrieved from /home/airflow/.local/lib/python3.12/site-packages/airflow/example_dags/example_sla_dag.py
[2024-10-06T04:42:37.797+0000] {logging_mixin.py:190} INFO - [2024-10-06T04:42:37.797+0000] {dag.py:3239} INFO - Sync 1 DAGs
[2024-10-06T04:42:37.829+0000] {logging_mixin.py:190} INFO - [2024-10-06T04:42:37.829+0000] {dag.py:4180} INFO - Setting next_dagrun for example_sla_dag to 2024-10-06 04:40:00+00:00, run_after=2024-10-06 04:42:00+00:00
[2024-10-06T04:42:37.850+0000] {processor.py:208} INFO - Processing /home/airflow/.local/lib/python3.12/site-packages/airflow/example_dags/example_sla_dag.py took 0.097 seconds
[2024-10-06T04:43:08.258+0000] {processor.py:186} INFO - Started process (PID=2302) to work on /home/airflow/.local/lib/python3.12/site-packages/airflow/example_dags/example_sla_dag.py
[2024-10-06T04:43:08.259+0000] {processor.py:914} INFO - Processing file /home/airflow/.local/lib/python3.12/site-packages/airflow/example_dags/example_sla_dag.py for tasks to queue
[2024-10-06T04:43:08.260+0000] {logging_mixin.py:190} INFO - [2024-10-06T04:43:08.260+0000] {dagbag.py:588} INFO - Filling up the DagBag from /home/airflow/.local/lib/python3.12/site-packages/airflow/example_dags/example_sla_dag.py
[2024-10-06T04:43:08.268+0000] {processor.py:925} INFO - DAG(s) 'example_sla_dag' retrieved from /home/airflow/.local/lib/python3.12/site-packages/airflow/example_dags/example_sla_dag.py
[2024-10-06T04:43:08.285+0000] {logging_mixin.py:190} INFO - [2024-10-06T04:43:08.284+0000] {dag.py:3239} INFO - Sync 1 DAGs
[2024-10-06T04:43:08.306+0000] {logging_mixin.py:190} INFO - [2024-10-06T04:43:08.306+0000] {dag.py:4180} INFO - Setting next_dagrun for example_sla_dag to 2024-10-06 04:40:00+00:00, run_after=2024-10-06 04:42:00+00:00
[2024-10-06T04:43:08.328+0000] {processor.py:208} INFO - Processing /home/airflow/.local/lib/python3.12/site-packages/airflow/example_dags/example_sla_dag.py took 0.074 seconds
[2024-10-06T04:43:39.293+0000] {processor.py:186} INFO - Started process (PID=2365) to work on /home/airflow/.local/lib/python3.12/site-packages/airflow/example_dags/example_sla_dag.py
[2024-10-06T04:43:39.294+0000] {processor.py:914} INFO - Processing file /home/airflow/.local/lib/python3.12/site-packages/airflow/example_dags/example_sla_dag.py for tasks to queue
[2024-10-06T04:43:39.295+0000] {logging_mixin.py:190} INFO - [2024-10-06T04:43:39.295+0000] {dagbag.py:588} INFO - Filling up the DagBag from /home/airflow/.local/lib/python3.12/site-packages/airflow/example_dags/example_sla_dag.py
[2024-10-06T04:43:39.304+0000] {processor.py:925} INFO - DAG(s) 'example_sla_dag' retrieved from /home/airflow/.local/lib/python3.12/site-packages/airflow/example_dags/example_sla_dag.py
[2024-10-06T04:43:39.320+0000] {logging_mixin.py:190} INFO - [2024-10-06T04:43:39.320+0000] {dag.py:3239} INFO - Sync 1 DAGs
[2024-10-06T04:43:39.340+0000] {logging_mixin.py:190} INFO - [2024-10-06T04:43:39.340+0000] {dag.py:4180} INFO - Setting next_dagrun for example_sla_dag to 2024-10-06 04:40:00+00:00, run_after=2024-10-06 04:42:00+00:00
[2024-10-06T04:43:39.361+0000] {processor.py:208} INFO - Processing /home/airflow/.local/lib/python3.12/site-packages/airflow/example_dags/example_sla_dag.py took 0.073 seconds
[2024-10-06T04:44:09.602+0000] {processor.py:186} INFO - Started process (PID=2429) to work on /home/airflow/.local/lib/python3.12/site-packages/airflow/example_dags/example_sla_dag.py
[2024-10-06T04:44:09.602+0000] {processor.py:914} INFO - Processing file /home/airflow/.local/lib/python3.12/site-packages/airflow/example_dags/example_sla_dag.py for tasks to queue
[2024-10-06T04:44:09.603+0000] {logging_mixin.py:190} INFO - [2024-10-06T04:44:09.603+0000] {dagbag.py:588} INFO - Filling up the DagBag from /home/airflow/.local/lib/python3.12/site-packages/airflow/example_dags/example_sla_dag.py
[2024-10-06T04:44:09.611+0000] {processor.py:925} INFO - DAG(s) 'example_sla_dag' retrieved from /home/airflow/.local/lib/python3.12/site-packages/airflow/example_dags/example_sla_dag.py
[2024-10-06T04:44:09.628+0000] {logging_mixin.py:190} INFO - [2024-10-06T04:44:09.628+0000] {dag.py:3239} INFO - Sync 1 DAGs
[2024-10-06T04:44:09.649+0000] {logging_mixin.py:190} INFO - [2024-10-06T04:44:09.649+0000] {dag.py:4180} INFO - Setting next_dagrun for example_sla_dag to 2024-10-06 04:42:00+00:00, run_after=2024-10-06 04:44:00+00:00
[2024-10-06T04:44:09.671+0000] {processor.py:208} INFO - Processing /home/airflow/.local/lib/python3.12/site-packages/airflow/example_dags/example_sla_dag.py took 0.073 seconds
[2024-10-06T04:44:40.370+0000] {processor.py:186} INFO - Started process (PID=2493) to work on /home/airflow/.local/lib/python3.12/site-packages/airflow/example_dags/example_sla_dag.py
[2024-10-06T04:44:40.370+0000] {processor.py:914} INFO - Processing file /home/airflow/.local/lib/python3.12/site-packages/airflow/example_dags/example_sla_dag.py for tasks to queue
[2024-10-06T04:44:40.371+0000] {logging_mixin.py:190} INFO - [2024-10-06T04:44:40.371+0000] {dagbag.py:588} INFO - Filling up the DagBag from /home/airflow/.local/lib/python3.12/site-packages/airflow/example_dags/example_sla_dag.py
[2024-10-06T04:44:40.379+0000] {processor.py:925} INFO - DAG(s) 'example_sla_dag' retrieved from /home/airflow/.local/lib/python3.12/site-packages/airflow/example_dags/example_sla_dag.py
[2024-10-06T04:44:40.395+0000] {logging_mixin.py:190} INFO - [2024-10-06T04:44:40.395+0000] {dag.py:3239} INFO - Sync 1 DAGs
[2024-10-06T04:44:40.414+0000] {logging_mixin.py:190} INFO - [2024-10-06T04:44:40.414+0000] {dag.py:4180} INFO - Setting next_dagrun for example_sla_dag to 2024-10-06 04:42:00+00:00, run_after=2024-10-06 04:44:00+00:00
[2024-10-06T04:44:40.436+0000] {processor.py:208} INFO - Processing /home/airflow/.local/lib/python3.12/site-packages/airflow/example_dags/example_sla_dag.py took 0.070 seconds
[2024-10-06T04:45:10.961+0000] {processor.py:186} INFO - Started process (PID=2556) to work on /home/airflow/.local/lib/python3.12/site-packages/airflow/example_dags/example_sla_dag.py
[2024-10-06T04:45:10.961+0000] {processor.py:914} INFO - Processing file /home/airflow/.local/lib/python3.12/site-packages/airflow/example_dags/example_sla_dag.py for tasks to queue
[2024-10-06T04:45:10.962+0000] {logging_mixin.py:190} INFO - [2024-10-06T04:45:10.962+0000] {dagbag.py:588} INFO - Filling up the DagBag from /home/airflow/.local/lib/python3.12/site-packages/airflow/example_dags/example_sla_dag.py
[2024-10-06T04:45:10.970+0000] {processor.py:925} INFO - DAG(s) 'example_sla_dag' retrieved from /home/airflow/.local/lib/python3.12/site-packages/airflow/example_dags/example_sla_dag.py
[2024-10-06T04:45:10.985+0000] {logging_mixin.py:190} INFO - [2024-10-06T04:45:10.985+0000] {dag.py:3239} INFO - Sync 1 DAGs
[2024-10-06T04:45:11.012+0000] {logging_mixin.py:190} INFO - [2024-10-06T04:45:11.012+0000] {dag.py:4180} INFO - Setting next_dagrun for example_sla_dag to 2024-10-06 04:42:00+00:00, run_after=2024-10-06 04:44:00+00:00
[2024-10-06T04:45:11.030+0000] {processor.py:208} INFO - Processing /home/airflow/.local/lib/python3.12/site-packages/airflow/example_dags/example_sla_dag.py took 0.074 seconds
[2024-10-06T04:45:41.617+0000] {processor.py:186} INFO - Started process (PID=2619) to work on /home/airflow/.local/lib/python3.12/site-packages/airflow/example_dags/example_sla_dag.py
[2024-10-06T04:45:41.617+0000] {processor.py:914} INFO - Processing file /home/airflow/.local/lib/python3.12/site-packages/airflow/example_dags/example_sla_dag.py for tasks to queue
[2024-10-06T04:45:41.618+0000] {logging_mixin.py:190} INFO - [2024-10-06T04:45:41.618+0000] {dagbag.py:588} INFO - Filling up the DagBag from /home/airflow/.local/lib/python3.12/site-packages/airflow/example_dags/example_sla_dag.py
[2024-10-06T04:45:41.626+0000] {processor.py:925} INFO - DAG(s) 'example_sla_dag' retrieved from /home/airflow/.local/lib/python3.12/site-packages/airflow/example_dags/example_sla_dag.py
[2024-10-06T04:45:41.642+0000] {logging_mixin.py:190} INFO - [2024-10-06T04:45:41.642+0000] {dag.py:3239} INFO - Sync 1 DAGs
[2024-10-06T04:45:41.669+0000] {logging_mixin.py:190} INFO - [2024-10-06T04:45:41.669+0000] {dag.py:4180} INFO - Setting next_dagrun for example_sla_dag to 2024-10-06 04:42:00+00:00, run_after=2024-10-06 04:44:00+00:00
[2024-10-06T04:45:41.693+0000] {processor.py:208} INFO - Processing /home/airflow/.local/lib/python3.12/site-packages/airflow/example_dags/example_sla_dag.py took 0.081 seconds
[2024-10-06T04:46:12.309+0000] {processor.py:186} INFO - Started process (PID=2682) to work on /home/airflow/.local/lib/python3.12/site-packages/airflow/example_dags/example_sla_dag.py
[2024-10-06T04:46:12.309+0000] {processor.py:914} INFO - Processing file /home/airflow/.local/lib/python3.12/site-packages/airflow/example_dags/example_sla_dag.py for tasks to queue
[2024-10-06T04:46:12.310+0000] {logging_mixin.py:190} INFO - [2024-10-06T04:46:12.310+0000] {dagbag.py:588} INFO - Filling up the DagBag from /home/airflow/.local/lib/python3.12/site-packages/airflow/example_dags/example_sla_dag.py
[2024-10-06T04:46:12.318+0000] {processor.py:925} INFO - DAG(s) 'example_sla_dag' retrieved from /home/airflow/.local/lib/python3.12/site-packages/airflow/example_dags/example_sla_dag.py
[2024-10-06T04:46:12.334+0000] {logging_mixin.py:190} INFO - [2024-10-06T04:46:12.333+0000] {dag.py:3239} INFO - Sync 1 DAGs
[2024-10-06T04:46:12.353+0000] {logging_mixin.py:190} INFO - [2024-10-06T04:46:12.353+0000] {dag.py:4180} INFO - Setting next_dagrun for example_sla_dag to 2024-10-06 04:44:00+00:00, run_after=2024-10-06 04:46:00+00:00
[2024-10-06T04:46:12.374+0000] {processor.py:208} INFO - Processing /home/airflow/.local/lib/python3.12/site-packages/airflow/example_dags/example_sla_dag.py took 0.070 seconds
[2024-10-06T04:46:43.055+0000] {processor.py:186} INFO - Started process (PID=2745) to work on /home/airflow/.local/lib/python3.12/site-packages/airflow/example_dags/example_sla_dag.py
[2024-10-06T04:46:43.056+0000] {processor.py:914} INFO - Processing file /home/airflow/.local/lib/python3.12/site-packages/airflow/example_dags/example_sla_dag.py for tasks to queue
[2024-10-06T04:46:43.057+0000] {logging_mixin.py:190} INFO - [2024-10-06T04:46:43.057+0000] {dagbag.py:588} INFO - Filling up the DagBag from /home/airflow/.local/lib/python3.12/site-packages/airflow/example_dags/example_sla_dag.py
[2024-10-06T04:46:43.065+0000] {processor.py:925} INFO - DAG(s) 'example_sla_dag' retrieved from /home/airflow/.local/lib/python3.12/site-packages/airflow/example_dags/example_sla_dag.py
[2024-10-06T04:46:43.082+0000] {logging_mixin.py:190} INFO - [2024-10-06T04:46:43.081+0000] {dag.py:3239} INFO - Sync 1 DAGs
[2024-10-06T04:46:43.109+0000] {logging_mixin.py:190} INFO - [2024-10-06T04:46:43.109+0000] {dag.py:4180} INFO - Setting next_dagrun for example_sla_dag to 2024-10-06 04:44:00+00:00, run_after=2024-10-06 04:46:00+00:00
[2024-10-06T04:46:43.144+0000] {processor.py:208} INFO - Processing /home/airflow/.local/lib/python3.12/site-packages/airflow/example_dags/example_sla_dag.py took 0.093 seconds
[2024-10-06T04:47:13.527+0000] {processor.py:186} INFO - Started process (PID=2808) to work on /home/airflow/.local/lib/python3.12/site-packages/airflow/example_dags/example_sla_dag.py
[2024-10-06T04:47:13.527+0000] {processor.py:914} INFO - Processing file /home/airflow/.local/lib/python3.12/site-packages/airflow/example_dags/example_sla_dag.py for tasks to queue
[2024-10-06T04:47:13.528+0000] {logging_mixin.py:190} INFO - [2024-10-06T04:47:13.528+0000] {dagbag.py:588} INFO - Filling up the DagBag from /home/airflow/.local/lib/python3.12/site-packages/airflow/example_dags/example_sla_dag.py
[2024-10-06T04:47:13.536+0000] {processor.py:925} INFO - DAG(s) 'example_sla_dag' retrieved from /home/airflow/.local/lib/python3.12/site-packages/airflow/example_dags/example_sla_dag.py
[2024-10-06T04:47:13.552+0000] {logging_mixin.py:190} INFO - [2024-10-06T04:47:13.552+0000] {dag.py:3239} INFO - Sync 1 DAGs
[2024-10-06T04:47:13.578+0000] {logging_mixin.py:190} INFO - [2024-10-06T04:47:13.578+0000] {dag.py:4180} INFO - Setting next_dagrun for example_sla_dag to 2024-10-06 04:44:00+00:00, run_after=2024-10-06 04:46:00+00:00
[2024-10-06T04:47:13.597+0000] {processor.py:208} INFO - Processing /home/airflow/.local/lib/python3.12/site-packages/airflow/example_dags/example_sla_dag.py took 0.075 seconds
[2024-10-06T04:47:43.620+0000] {processor.py:186} INFO - Started process (PID=2871) to work on /home/airflow/.local/lib/python3.12/site-packages/airflow/example_dags/example_sla_dag.py
[2024-10-06T04:47:43.621+0000] {processor.py:914} INFO - Processing file /home/airflow/.local/lib/python3.12/site-packages/airflow/example_dags/example_sla_dag.py for tasks to queue
[2024-10-06T04:47:43.621+0000] {logging_mixin.py:190} INFO - [2024-10-06T04:47:43.621+0000] {dagbag.py:588} INFO - Filling up the DagBag from /home/airflow/.local/lib/python3.12/site-packages/airflow/example_dags/example_sla_dag.py
[2024-10-06T04:47:43.629+0000] {processor.py:925} INFO - DAG(s) 'example_sla_dag' retrieved from /home/airflow/.local/lib/python3.12/site-packages/airflow/example_dags/example_sla_dag.py
[2024-10-06T04:47:43.643+0000] {logging_mixin.py:190} INFO - [2024-10-06T04:47:43.643+0000] {dag.py:3239} INFO - Sync 1 DAGs
[2024-10-06T04:47:43.663+0000] {logging_mixin.py:190} INFO - [2024-10-06T04:47:43.663+0000] {dag.py:4180} INFO - Setting next_dagrun for example_sla_dag to 2024-10-06 04:44:00+00:00, run_after=2024-10-06 04:46:00+00:00
[2024-10-06T04:47:43.680+0000] {processor.py:208} INFO - Processing /home/airflow/.local/lib/python3.12/site-packages/airflow/example_dags/example_sla_dag.py took 0.065 seconds
[2024-10-06T04:48:14.061+0000] {processor.py:186} INFO - Started process (PID=2934) to work on /home/airflow/.local/lib/python3.12/site-packages/airflow/example_dags/example_sla_dag.py
[2024-10-06T04:48:14.062+0000] {processor.py:914} INFO - Processing file /home/airflow/.local/lib/python3.12/site-packages/airflow/example_dags/example_sla_dag.py for tasks to queue
[2024-10-06T04:48:14.063+0000] {logging_mixin.py:190} INFO - [2024-10-06T04:48:14.062+0000] {dagbag.py:588} INFO - Filling up the DagBag from /home/airflow/.local/lib/python3.12/site-packages/airflow/example_dags/example_sla_dag.py
[2024-10-06T04:48:14.071+0000] {processor.py:925} INFO - DAG(s) 'example_sla_dag' retrieved from /home/airflow/.local/lib/python3.12/site-packages/airflow/example_dags/example_sla_dag.py
[2024-10-06T04:48:14.086+0000] {logging_mixin.py:190} INFO - [2024-10-06T04:48:14.086+0000] {dag.py:3239} INFO - Sync 1 DAGs
[2024-10-06T04:48:14.110+0000] {logging_mixin.py:190} INFO - [2024-10-06T04:48:14.110+0000] {dag.py:4180} INFO - Setting next_dagrun for example_sla_dag to 2024-10-06 04:46:00+00:00, run_after=2024-10-06 04:48:00+00:00
[2024-10-06T04:48:14.131+0000] {processor.py:208} INFO - Processing /home/airflow/.local/lib/python3.12/site-packages/airflow/example_dags/example_sla_dag.py took 0.075 seconds
[2024-10-06T04:48:44.512+0000] {processor.py:186} INFO - Started process (PID=2997) to work on /home/airflow/.local/lib/python3.12/site-packages/airflow/example_dags/example_sla_dag.py
[2024-10-06T04:48:44.512+0000] {processor.py:914} INFO - Processing file /home/airflow/.local/lib/python3.12/site-packages/airflow/example_dags/example_sla_dag.py for tasks to queue
[2024-10-06T04:48:44.513+0000] {logging_mixin.py:190} INFO - [2024-10-06T04:48:44.513+0000] {dagbag.py:588} INFO - Filling up the DagBag from /home/airflow/.local/lib/python3.12/site-packages/airflow/example_dags/example_sla_dag.py
[2024-10-06T04:48:44.521+0000] {processor.py:925} INFO - DAG(s) 'example_sla_dag' retrieved from /home/airflow/.local/lib/python3.12/site-packages/airflow/example_dags/example_sla_dag.py
[2024-10-06T04:48:44.535+0000] {logging_mixin.py:190} INFO - [2024-10-06T04:48:44.535+0000] {dag.py:3239} INFO - Sync 1 DAGs
[2024-10-06T04:48:44.554+0000] {logging_mixin.py:190} INFO - [2024-10-06T04:48:44.554+0000] {dag.py:4180} INFO - Setting next_dagrun for example_sla_dag to 2024-10-06 04:46:00+00:00, run_after=2024-10-06 04:48:00+00:00
[2024-10-06T04:48:44.575+0000] {processor.py:208} INFO - Processing /home/airflow/.local/lib/python3.12/site-packages/airflow/example_dags/example_sla_dag.py took 0.068 seconds
[2024-10-06T04:49:15.174+0000] {processor.py:186} INFO - Started process (PID=3061) to work on /home/airflow/.local/lib/python3.12/site-packages/airflow/example_dags/example_sla_dag.py
[2024-10-06T04:49:15.175+0000] {processor.py:914} INFO - Processing file /home/airflow/.local/lib/python3.12/site-packages/airflow/example_dags/example_sla_dag.py for tasks to queue
[2024-10-06T04:49:15.176+0000] {logging_mixin.py:190} INFO - [2024-10-06T04:49:15.175+0000] {dagbag.py:588} INFO - Filling up the DagBag from /home/airflow/.local/lib/python3.12/site-packages/airflow/example_dags/example_sla_dag.py
[2024-10-06T04:49:15.184+0000] {processor.py:925} INFO - DAG(s) 'example_sla_dag' retrieved from /home/airflow/.local/lib/python3.12/site-packages/airflow/example_dags/example_sla_dag.py
[2024-10-06T04:49:15.198+0000] {logging_mixin.py:190} INFO - [2024-10-06T04:49:15.198+0000] {dag.py:3239} INFO - Sync 1 DAGs
[2024-10-06T04:49:15.218+0000] {logging_mixin.py:190} INFO - [2024-10-06T04:49:15.218+0000] {dag.py:4180} INFO - Setting next_dagrun for example_sla_dag to 2024-10-06 04:46:00+00:00, run_after=2024-10-06 04:48:00+00:00
[2024-10-06T04:49:15.233+0000] {processor.py:208} INFO - Processing /home/airflow/.local/lib/python3.12/site-packages/airflow/example_dags/example_sla_dag.py took 0.064 seconds
[2024-10-06T04:49:45.671+0000] {processor.py:186} INFO - Started process (PID=3124) to work on /home/airflow/.local/lib/python3.12/site-packages/airflow/example_dags/example_sla_dag.py
[2024-10-06T04:49:45.672+0000] {processor.py:914} INFO - Processing file /home/airflow/.local/lib/python3.12/site-packages/airflow/example_dags/example_sla_dag.py for tasks to queue
[2024-10-06T04:49:45.673+0000] {logging_mixin.py:190} INFO - [2024-10-06T04:49:45.673+0000] {dagbag.py:588} INFO - Filling up the DagBag from /home/airflow/.local/lib/python3.12/site-packages/airflow/example_dags/example_sla_dag.py
[2024-10-06T04:49:45.683+0000] {processor.py:925} INFO - DAG(s) 'example_sla_dag' retrieved from /home/airflow/.local/lib/python3.12/site-packages/airflow/example_dags/example_sla_dag.py
[2024-10-06T04:49:45.699+0000] {logging_mixin.py:190} INFO - [2024-10-06T04:49:45.699+0000] {dag.py:3239} INFO - Sync 1 DAGs
[2024-10-06T04:49:45.723+0000] {logging_mixin.py:190} INFO - [2024-10-06T04:49:45.723+0000] {dag.py:4180} INFO - Setting next_dagrun for example_sla_dag to 2024-10-06 04:46:00+00:00, run_after=2024-10-06 04:48:00+00:00
[2024-10-06T04:49:45.742+0000] {processor.py:208} INFO - Processing /home/airflow/.local/lib/python3.12/site-packages/airflow/example_dags/example_sla_dag.py took 0.076 seconds
[2024-10-06T04:50:16.102+0000] {processor.py:186} INFO - Started process (PID=3187) to work on /home/airflow/.local/lib/python3.12/site-packages/airflow/example_dags/example_sla_dag.py
[2024-10-06T04:50:16.102+0000] {processor.py:914} INFO - Processing file /home/airflow/.local/lib/python3.12/site-packages/airflow/example_dags/example_sla_dag.py for tasks to queue
[2024-10-06T04:50:16.104+0000] {logging_mixin.py:190} INFO - [2024-10-06T04:50:16.103+0000] {dagbag.py:588} INFO - Filling up the DagBag from /home/airflow/.local/lib/python3.12/site-packages/airflow/example_dags/example_sla_dag.py
[2024-10-06T04:50:16.114+0000] {processor.py:925} INFO - DAG(s) 'example_sla_dag' retrieved from /home/airflow/.local/lib/python3.12/site-packages/airflow/example_dags/example_sla_dag.py
[2024-10-06T04:50:16.130+0000] {logging_mixin.py:190} INFO - [2024-10-06T04:50:16.130+0000] {dag.py:3239} INFO - Sync 1 DAGs
[2024-10-06T04:50:16.159+0000] {logging_mixin.py:190} INFO - [2024-10-06T04:50:16.158+0000] {dag.py:4180} INFO - Setting next_dagrun for example_sla_dag to 2024-10-06 04:48:00+00:00, run_after=2024-10-06 04:50:00+00:00
[2024-10-06T04:50:16.194+0000] {processor.py:208} INFO - Processing /home/airflow/.local/lib/python3.12/site-packages/airflow/example_dags/example_sla_dag.py took 0.099 seconds
[2024-10-06T04:50:46.317+0000] {processor.py:186} INFO - Started process (PID=3249) to work on /home/airflow/.local/lib/python3.12/site-packages/airflow/example_dags/example_sla_dag.py
[2024-10-06T04:50:46.318+0000] {processor.py:914} INFO - Processing file /home/airflow/.local/lib/python3.12/site-packages/airflow/example_dags/example_sla_dag.py for tasks to queue
[2024-10-06T04:50:46.319+0000] {logging_mixin.py:190} INFO - [2024-10-06T04:50:46.319+0000] {dagbag.py:588} INFO - Filling up the DagBag from /home/airflow/.local/lib/python3.12/site-packages/airflow/example_dags/example_sla_dag.py
[2024-10-06T04:50:46.328+0000] {processor.py:925} INFO - DAG(s) 'example_sla_dag' retrieved from /home/airflow/.local/lib/python3.12/site-packages/airflow/example_dags/example_sla_dag.py
[2024-10-06T04:50:46.344+0000] {logging_mixin.py:190} INFO - [2024-10-06T04:50:46.343+0000] {dag.py:3239} INFO - Sync 1 DAGs
[2024-10-06T04:50:46.367+0000] {logging_mixin.py:190} INFO - [2024-10-06T04:50:46.367+0000] {dag.py:4180} INFO - Setting next_dagrun for example_sla_dag to 2024-10-06 04:48:00+00:00, run_after=2024-10-06 04:50:00+00:00
[2024-10-06T04:50:46.389+0000] {processor.py:208} INFO - Processing /home/airflow/.local/lib/python3.12/site-packages/airflow/example_dags/example_sla_dag.py took 0.077 seconds
[2024-10-06T04:51:16.848+0000] {processor.py:186} INFO - Started process (PID=3312) to work on /home/airflow/.local/lib/python3.12/site-packages/airflow/example_dags/example_sla_dag.py
[2024-10-06T04:51:16.849+0000] {processor.py:914} INFO - Processing file /home/airflow/.local/lib/python3.12/site-packages/airflow/example_dags/example_sla_dag.py for tasks to queue
[2024-10-06T04:51:16.850+0000] {logging_mixin.py:190} INFO - [2024-10-06T04:51:16.850+0000] {dagbag.py:588} INFO - Filling up the DagBag from /home/airflow/.local/lib/python3.12/site-packages/airflow/example_dags/example_sla_dag.py
[2024-10-06T04:51:16.860+0000] {processor.py:925} INFO - DAG(s) 'example_sla_dag' retrieved from /home/airflow/.local/lib/python3.12/site-packages/airflow/example_dags/example_sla_dag.py
[2024-10-06T04:51:16.876+0000] {logging_mixin.py:190} INFO - [2024-10-06T04:51:16.876+0000] {dag.py:3239} INFO - Sync 1 DAGs
[2024-10-06T04:51:16.898+0000] {logging_mixin.py:190} INFO - [2024-10-06T04:51:16.898+0000] {dag.py:4180} INFO - Setting next_dagrun for example_sla_dag to 2024-10-06 04:48:00+00:00, run_after=2024-10-06 04:50:00+00:00
[2024-10-06T04:51:16.919+0000] {processor.py:208} INFO - Processing /home/airflow/.local/lib/python3.12/site-packages/airflow/example_dags/example_sla_dag.py took 0.076 seconds
[2024-10-06T04:51:47.106+0000] {processor.py:186} INFO - Started process (PID=3375) to work on /home/airflow/.local/lib/python3.12/site-packages/airflow/example_dags/example_sla_dag.py
[2024-10-06T04:51:47.107+0000] {processor.py:914} INFO - Processing file /home/airflow/.local/lib/python3.12/site-packages/airflow/example_dags/example_sla_dag.py for tasks to queue
[2024-10-06T04:51:47.108+0000] {logging_mixin.py:190} INFO - [2024-10-06T04:51:47.108+0000] {dagbag.py:588} INFO - Filling up the DagBag from /home/airflow/.local/lib/python3.12/site-packages/airflow/example_dags/example_sla_dag.py
[2024-10-06T04:51:47.116+0000] {processor.py:925} INFO - DAG(s) 'example_sla_dag' retrieved from /home/airflow/.local/lib/python3.12/site-packages/airflow/example_dags/example_sla_dag.py
[2024-10-06T04:51:47.131+0000] {logging_mixin.py:190} INFO - [2024-10-06T04:51:47.131+0000] {dag.py:3239} INFO - Sync 1 DAGs
[2024-10-06T04:51:47.152+0000] {logging_mixin.py:190} INFO - [2024-10-06T04:51:47.152+0000] {dag.py:4180} INFO - Setting next_dagrun for example_sla_dag to 2024-10-06 04:48:00+00:00, run_after=2024-10-06 04:50:00+00:00
[2024-10-06T04:51:47.170+0000] {processor.py:208} INFO - Processing /home/airflow/.local/lib/python3.12/site-packages/airflow/example_dags/example_sla_dag.py took 0.069 seconds
[2024-10-06T04:52:17.458+0000] {processor.py:186} INFO - Started process (PID=3438) to work on /home/airflow/.local/lib/python3.12/site-packages/airflow/example_dags/example_sla_dag.py
[2024-10-06T04:52:17.459+0000] {processor.py:914} INFO - Processing file /home/airflow/.local/lib/python3.12/site-packages/airflow/example_dags/example_sla_dag.py for tasks to queue
[2024-10-06T04:52:17.460+0000] {logging_mixin.py:190} INFO - [2024-10-06T04:52:17.460+0000] {dagbag.py:588} INFO - Filling up the DagBag from /home/airflow/.local/lib/python3.12/site-packages/airflow/example_dags/example_sla_dag.py
[2024-10-06T04:52:17.470+0000] {processor.py:925} INFO - DAG(s) 'example_sla_dag' retrieved from /home/airflow/.local/lib/python3.12/site-packages/airflow/example_dags/example_sla_dag.py
[2024-10-06T04:52:17.484+0000] {logging_mixin.py:190} INFO - [2024-10-06T04:52:17.484+0000] {dag.py:3239} INFO - Sync 1 DAGs
[2024-10-06T04:52:17.511+0000] {logging_mixin.py:190} INFO - [2024-10-06T04:52:17.511+0000] {dag.py:4180} INFO - Setting next_dagrun for example_sla_dag to 2024-10-06 04:50:00+00:00, run_after=2024-10-06 04:52:00+00:00
[2024-10-06T04:52:17.531+0000] {processor.py:208} INFO - Processing /home/airflow/.local/lib/python3.12/site-packages/airflow/example_dags/example_sla_dag.py took 0.077 seconds
[2024-10-06T04:52:47.746+0000] {processor.py:186} INFO - Started process (PID=3502) to work on /home/airflow/.local/lib/python3.12/site-packages/airflow/example_dags/example_sla_dag.py
[2024-10-06T04:52:47.746+0000] {processor.py:914} INFO - Processing file /home/airflow/.local/lib/python3.12/site-packages/airflow/example_dags/example_sla_dag.py for tasks to queue
[2024-10-06T04:52:47.747+0000] {logging_mixin.py:190} INFO - [2024-10-06T04:52:47.747+0000] {dagbag.py:588} INFO - Filling up the DagBag from /home/airflow/.local/lib/python3.12/site-packages/airflow/example_dags/example_sla_dag.py
[2024-10-06T04:52:47.755+0000] {processor.py:925} INFO - DAG(s) 'example_sla_dag' retrieved from /home/airflow/.local/lib/python3.12/site-packages/airflow/example_dags/example_sla_dag.py
[2024-10-06T04:52:47.770+0000] {logging_mixin.py:190} INFO - [2024-10-06T04:52:47.769+0000] {dag.py:3239} INFO - Sync 1 DAGs
[2024-10-06T04:52:47.790+0000] {logging_mixin.py:190} INFO - [2024-10-06T04:52:47.790+0000] {dag.py:4180} INFO - Setting next_dagrun for example_sla_dag to 2024-10-06 04:50:00+00:00, run_after=2024-10-06 04:52:00+00:00
[2024-10-06T04:52:47.805+0000] {processor.py:208} INFO - Processing /home/airflow/.local/lib/python3.12/site-packages/airflow/example_dags/example_sla_dag.py took 0.064 seconds
[2024-10-06T04:53:18.097+0000] {processor.py:186} INFO - Started process (PID=3565) to work on /home/airflow/.local/lib/python3.12/site-packages/airflow/example_dags/example_sla_dag.py
[2024-10-06T04:53:18.097+0000] {processor.py:914} INFO - Processing file /home/airflow/.local/lib/python3.12/site-packages/airflow/example_dags/example_sla_dag.py for tasks to queue
[2024-10-06T04:53:18.098+0000] {logging_mixin.py:190} INFO - [2024-10-06T04:53:18.098+0000] {dagbag.py:588} INFO - Filling up the DagBag from /home/airflow/.local/lib/python3.12/site-packages/airflow/example_dags/example_sla_dag.py
[2024-10-06T04:53:18.106+0000] {processor.py:925} INFO - DAG(s) 'example_sla_dag' retrieved from /home/airflow/.local/lib/python3.12/site-packages/airflow/example_dags/example_sla_dag.py
[2024-10-06T04:53:18.123+0000] {logging_mixin.py:190} INFO - [2024-10-06T04:53:18.122+0000] {dag.py:3239} INFO - Sync 1 DAGs
[2024-10-06T04:53:18.148+0000] {logging_mixin.py:190} INFO - [2024-10-06T04:53:18.147+0000] {dag.py:4180} INFO - Setting next_dagrun for example_sla_dag to 2024-10-06 04:50:00+00:00, run_after=2024-10-06 04:52:00+00:00
[2024-10-06T04:53:18.168+0000] {processor.py:208} INFO - Processing /home/airflow/.local/lib/python3.12/site-packages/airflow/example_dags/example_sla_dag.py took 0.075 seconds
[2024-10-06T04:53:48.438+0000] {processor.py:186} INFO - Started process (PID=3628) to work on /home/airflow/.local/lib/python3.12/site-packages/airflow/example_dags/example_sla_dag.py
[2024-10-06T04:53:48.439+0000] {processor.py:914} INFO - Processing file /home/airflow/.local/lib/python3.12/site-packages/airflow/example_dags/example_sla_dag.py for tasks to queue
[2024-10-06T04:53:48.440+0000] {logging_mixin.py:190} INFO - [2024-10-06T04:53:48.440+0000] {dagbag.py:588} INFO - Filling up the DagBag from /home/airflow/.local/lib/python3.12/site-packages/airflow/example_dags/example_sla_dag.py
[2024-10-06T04:53:48.449+0000] {processor.py:925} INFO - DAG(s) 'example_sla_dag' retrieved from /home/airflow/.local/lib/python3.12/site-packages/airflow/example_dags/example_sla_dag.py
[2024-10-06T04:53:48.466+0000] {logging_mixin.py:190} INFO - [2024-10-06T04:53:48.465+0000] {dag.py:3239} INFO - Sync 1 DAGs
[2024-10-06T04:53:48.489+0000] {logging_mixin.py:190} INFO - [2024-10-06T04:53:48.489+0000] {dag.py:4180} INFO - Setting next_dagrun for example_sla_dag to 2024-10-06 04:50:00+00:00, run_after=2024-10-06 04:52:00+00:00
[2024-10-06T04:53:48.509+0000] {processor.py:208} INFO - Processing /home/airflow/.local/lib/python3.12/site-packages/airflow/example_dags/example_sla_dag.py took 0.076 seconds
[2024-10-06T04:54:19.456+0000] {processor.py:186} INFO - Started process (PID=3691) to work on /home/airflow/.local/lib/python3.12/site-packages/airflow/example_dags/example_sla_dag.py
[2024-10-06T04:54:19.456+0000] {processor.py:914} INFO - Processing file /home/airflow/.local/lib/python3.12/site-packages/airflow/example_dags/example_sla_dag.py for tasks to queue
[2024-10-06T04:54:19.457+0000] {logging_mixin.py:190} INFO - [2024-10-06T04:54:19.457+0000] {dagbag.py:588} INFO - Filling up the DagBag from /home/airflow/.local/lib/python3.12/site-packages/airflow/example_dags/example_sla_dag.py
[2024-10-06T04:54:19.465+0000] {processor.py:925} INFO - DAG(s) 'example_sla_dag' retrieved from /home/airflow/.local/lib/python3.12/site-packages/airflow/example_dags/example_sla_dag.py
[2024-10-06T04:54:19.481+0000] {logging_mixin.py:190} INFO - [2024-10-06T04:54:19.480+0000] {dag.py:3239} INFO - Sync 1 DAGs
[2024-10-06T04:54:19.501+0000] {logging_mixin.py:190} INFO - [2024-10-06T04:54:19.501+0000] {dag.py:4180} INFO - Setting next_dagrun for example_sla_dag to 2024-10-06 04:52:00+00:00, run_after=2024-10-06 04:54:00+00:00
[2024-10-06T04:54:19.521+0000] {processor.py:208} INFO - Processing /home/airflow/.local/lib/python3.12/site-packages/airflow/example_dags/example_sla_dag.py took 0.070 seconds
[2024-10-06T04:54:49.795+0000] {processor.py:186} INFO - Started process (PID=3761) to work on /home/airflow/.local/lib/python3.12/site-packages/airflow/example_dags/example_sla_dag.py
[2024-10-06T04:54:49.795+0000] {processor.py:914} INFO - Processing file /home/airflow/.local/lib/python3.12/site-packages/airflow/example_dags/example_sla_dag.py for tasks to queue
[2024-10-06T04:54:49.796+0000] {logging_mixin.py:190} INFO - [2024-10-06T04:54:49.796+0000] {dagbag.py:588} INFO - Filling up the DagBag from /home/airflow/.local/lib/python3.12/site-packages/airflow/example_dags/example_sla_dag.py
[2024-10-06T04:54:49.805+0000] {processor.py:925} INFO - DAG(s) 'example_sla_dag' retrieved from /home/airflow/.local/lib/python3.12/site-packages/airflow/example_dags/example_sla_dag.py
[2024-10-06T04:54:49.822+0000] {logging_mixin.py:190} INFO - [2024-10-06T04:54:49.822+0000] {dag.py:3239} INFO - Sync 1 DAGs
[2024-10-06T04:54:49.843+0000] {logging_mixin.py:190} INFO - [2024-10-06T04:54:49.843+0000] {dag.py:4180} INFO - Setting next_dagrun for example_sla_dag to 2024-10-06 04:52:00+00:00, run_after=2024-10-06 04:54:00+00:00
[2024-10-06T04:54:49.862+0000] {processor.py:208} INFO - Processing /home/airflow/.local/lib/python3.12/site-packages/airflow/example_dags/example_sla_dag.py took 0.072 seconds
[2024-10-06T04:55:20.249+0000] {processor.py:186} INFO - Started process (PID=3824) to work on /home/airflow/.local/lib/python3.12/site-packages/airflow/example_dags/example_sla_dag.py
[2024-10-06T04:55:20.250+0000] {processor.py:914} INFO - Processing file /home/airflow/.local/lib/python3.12/site-packages/airflow/example_dags/example_sla_dag.py for tasks to queue
[2024-10-06T04:55:20.251+0000] {logging_mixin.py:190} INFO - [2024-10-06T04:55:20.250+0000] {dagbag.py:588} INFO - Filling up the DagBag from /home/airflow/.local/lib/python3.12/site-packages/airflow/example_dags/example_sla_dag.py
[2024-10-06T04:55:20.260+0000] {processor.py:925} INFO - DAG(s) 'example_sla_dag' retrieved from /home/airflow/.local/lib/python3.12/site-packages/airflow/example_dags/example_sla_dag.py
[2024-10-06T04:55:20.281+0000] {logging_mixin.py:190} INFO - [2024-10-06T04:55:20.281+0000] {dag.py:3239} INFO - Sync 1 DAGs
[2024-10-06T04:55:20.304+0000] {logging_mixin.py:190} INFO - [2024-10-06T04:55:20.304+0000] {dag.py:4180} INFO - Setting next_dagrun for example_sla_dag to 2024-10-06 04:52:00+00:00, run_after=2024-10-06 04:54:00+00:00
[2024-10-06T04:55:20.336+0000] {processor.py:208} INFO - Processing /home/airflow/.local/lib/python3.12/site-packages/airflow/example_dags/example_sla_dag.py took 0.093 seconds
[2024-10-06T04:55:50.809+0000] {processor.py:186} INFO - Started process (PID=3888) to work on /home/airflow/.local/lib/python3.12/site-packages/airflow/example_dags/example_sla_dag.py
[2024-10-06T04:55:50.810+0000] {processor.py:914} INFO - Processing file /home/airflow/.local/lib/python3.12/site-packages/airflow/example_dags/example_sla_dag.py for tasks to queue
[2024-10-06T04:55:50.811+0000] {logging_mixin.py:190} INFO - [2024-10-06T04:55:50.811+0000] {dagbag.py:588} INFO - Filling up the DagBag from /home/airflow/.local/lib/python3.12/site-packages/airflow/example_dags/example_sla_dag.py
[2024-10-06T04:55:50.822+0000] {processor.py:925} INFO - DAG(s) 'example_sla_dag' retrieved from /home/airflow/.local/lib/python3.12/site-packages/airflow/example_dags/example_sla_dag.py
[2024-10-06T04:55:50.840+0000] {logging_mixin.py:190} INFO - [2024-10-06T04:55:50.840+0000] {dag.py:3239} INFO - Sync 1 DAGs
[2024-10-06T04:55:50.861+0000] {logging_mixin.py:190} INFO - [2024-10-06T04:55:50.861+0000] {dag.py:4180} INFO - Setting next_dagrun for example_sla_dag to 2024-10-06 04:52:00+00:00, run_after=2024-10-06 04:54:00+00:00
[2024-10-06T04:55:50.882+0000] {processor.py:208} INFO - Processing /home/airflow/.local/lib/python3.12/site-packages/airflow/example_dags/example_sla_dag.py took 0.079 seconds
[2024-10-06T04:56:21.139+0000] {processor.py:186} INFO - Started process (PID=3952) to work on /home/airflow/.local/lib/python3.12/site-packages/airflow/example_dags/example_sla_dag.py
[2024-10-06T04:56:21.140+0000] {processor.py:914} INFO - Processing file /home/airflow/.local/lib/python3.12/site-packages/airflow/example_dags/example_sla_dag.py for tasks to queue
[2024-10-06T04:56:21.141+0000] {logging_mixin.py:190} INFO - [2024-10-06T04:56:21.140+0000] {dagbag.py:588} INFO - Filling up the DagBag from /home/airflow/.local/lib/python3.12/site-packages/airflow/example_dags/example_sla_dag.py
[2024-10-06T04:56:21.151+0000] {processor.py:925} INFO - DAG(s) 'example_sla_dag' retrieved from /home/airflow/.local/lib/python3.12/site-packages/airflow/example_dags/example_sla_dag.py
[2024-10-06T04:56:21.167+0000] {logging_mixin.py:190} INFO - [2024-10-06T04:56:21.167+0000] {dag.py:3239} INFO - Sync 1 DAGs
[2024-10-06T04:56:21.189+0000] {logging_mixin.py:190} INFO - [2024-10-06T04:56:21.189+0000] {dag.py:4180} INFO - Setting next_dagrun for example_sla_dag to 2024-10-06 04:54:00+00:00, run_after=2024-10-06 04:56:00+00:00
[2024-10-06T04:56:21.209+0000] {processor.py:208} INFO - Processing /home/airflow/.local/lib/python3.12/site-packages/airflow/example_dags/example_sla_dag.py took 0.075 seconds
[2024-10-06T04:56:51.638+0000] {processor.py:186} INFO - Started process (PID=4016) to work on /home/airflow/.local/lib/python3.12/site-packages/airflow/example_dags/example_sla_dag.py
[2024-10-06T04:56:51.639+0000] {processor.py:914} INFO - Processing file /home/airflow/.local/lib/python3.12/site-packages/airflow/example_dags/example_sla_dag.py for tasks to queue
[2024-10-06T04:56:51.640+0000] {logging_mixin.py:190} INFO - [2024-10-06T04:56:51.639+0000] {dagbag.py:588} INFO - Filling up the DagBag from /home/airflow/.local/lib/python3.12/site-packages/airflow/example_dags/example_sla_dag.py
[2024-10-06T04:56:51.648+0000] {processor.py:925} INFO - DAG(s) 'example_sla_dag' retrieved from /home/airflow/.local/lib/python3.12/site-packages/airflow/example_dags/example_sla_dag.py
[2024-10-06T04:56:51.663+0000] {logging_mixin.py:190} INFO - [2024-10-06T04:56:51.662+0000] {dag.py:3239} INFO - Sync 1 DAGs
[2024-10-06T04:56:51.683+0000] {logging_mixin.py:190} INFO - [2024-10-06T04:56:51.683+0000] {dag.py:4180} INFO - Setting next_dagrun for example_sla_dag to 2024-10-06 04:54:00+00:00, run_after=2024-10-06 04:56:00+00:00
[2024-10-06T04:56:51.700+0000] {processor.py:208} INFO - Processing /home/airflow/.local/lib/python3.12/site-packages/airflow/example_dags/example_sla_dag.py took 0.066 seconds
[2024-10-06T04:57:22.164+0000] {processor.py:186} INFO - Started process (PID=4080) to work on /home/airflow/.local/lib/python3.12/site-packages/airflow/example_dags/example_sla_dag.py
[2024-10-06T04:57:22.164+0000] {processor.py:914} INFO - Processing file /home/airflow/.local/lib/python3.12/site-packages/airflow/example_dags/example_sla_dag.py for tasks to queue
[2024-10-06T04:57:22.165+0000] {logging_mixin.py:190} INFO - [2024-10-06T04:57:22.165+0000] {dagbag.py:588} INFO - Filling up the DagBag from /home/airflow/.local/lib/python3.12/site-packages/airflow/example_dags/example_sla_dag.py
[2024-10-06T04:57:22.173+0000] {processor.py:925} INFO - DAG(s) 'example_sla_dag' retrieved from /home/airflow/.local/lib/python3.12/site-packages/airflow/example_dags/example_sla_dag.py
[2024-10-06T04:57:22.194+0000] {logging_mixin.py:190} INFO - [2024-10-06T04:57:22.194+0000] {dag.py:3239} INFO - Sync 1 DAGs
[2024-10-06T04:57:22.225+0000] {logging_mixin.py:190} INFO - [2024-10-06T04:57:22.224+0000] {dag.py:4180} INFO - Setting next_dagrun for example_sla_dag to 2024-10-06 04:54:00+00:00, run_after=2024-10-06 04:56:00+00:00
[2024-10-06T04:57:22.246+0000] {processor.py:208} INFO - Processing /home/airflow/.local/lib/python3.12/site-packages/airflow/example_dags/example_sla_dag.py took 0.086 seconds
[2024-10-06T04:57:52.582+0000] {processor.py:186} INFO - Started process (PID=4144) to work on /home/airflow/.local/lib/python3.12/site-packages/airflow/example_dags/example_sla_dag.py
[2024-10-06T04:57:52.583+0000] {processor.py:914} INFO - Processing file /home/airflow/.local/lib/python3.12/site-packages/airflow/example_dags/example_sla_dag.py for tasks to queue
[2024-10-06T04:57:52.584+0000] {logging_mixin.py:190} INFO - [2024-10-06T04:57:52.584+0000] {dagbag.py:588} INFO - Filling up the DagBag from /home/airflow/.local/lib/python3.12/site-packages/airflow/example_dags/example_sla_dag.py
[2024-10-06T04:57:52.594+0000] {processor.py:925} INFO - DAG(s) 'example_sla_dag' retrieved from /home/airflow/.local/lib/python3.12/site-packages/airflow/example_dags/example_sla_dag.py
[2024-10-06T04:57:52.614+0000] {logging_mixin.py:190} INFO - [2024-10-06T04:57:52.613+0000] {dag.py:3239} INFO - Sync 1 DAGs
[2024-10-06T04:57:52.641+0000] {logging_mixin.py:190} INFO - [2024-10-06T04:57:52.641+0000] {dag.py:4180} INFO - Setting next_dagrun for example_sla_dag to 2024-10-06 04:54:00+00:00, run_after=2024-10-06 04:56:00+00:00
[2024-10-06T04:57:52.657+0000] {processor.py:208} INFO - Processing /home/airflow/.local/lib/python3.12/site-packages/airflow/example_dags/example_sla_dag.py took 0.079 seconds
