[2024-10-06T04:25:16.386+0000] {processor.py:186} INFO - Started process (PID=68) to work on /home/airflow/.local/lib/python3.12/site-packages/airflow/example_dags/example_sensors.py
[2024-10-06T04:25:16.387+0000] {processor.py:914} INFO - Processing file /home/airflow/.local/lib/python3.12/site-packages/airflow/example_dags/example_sensors.py for tasks to queue
[2024-10-06T04:25:16.389+0000] {logging_mixin.py:190} INFO - [2024-10-06T04:25:16.389+0000] {dagbag.py:588} INFO - Filling up the DagBag from /home/airflow/.local/lib/python3.12/site-packages/airflow/example_dags/example_sensors.py
[2024-10-06T04:25:16.403+0000] {processor.py:925} INFO - DAG(s) 'example_sensors' retrieved from /home/airflow/.local/lib/python3.12/site-packages/airflow/example_dags/example_sensors.py
[2024-10-06T04:25:16.565+0000] {logging_mixin.py:190} INFO - [2024-10-06T04:25:16.564+0000] {override.py:1900} INFO - Created Permission View: can edit on DAG:example_sensors
[2024-10-06T04:25:16.584+0000] {logging_mixin.py:190} INFO - [2024-10-06T04:25:16.584+0000] {override.py:1900} INFO - Created Permission View: can delete on DAG:example_sensors
[2024-10-06T04:25:16.602+0000] {logging_mixin.py:190} INFO - [2024-10-06T04:25:16.602+0000] {override.py:1900} INFO - Created Permission View: can read on DAG:example_sensors
[2024-10-06T04:25:16.656+0000] {logging_mixin.py:190} INFO - [2024-10-06T04:25:16.655+0000] {override.py:1900} INFO - Created Permission View: can delete on DAG Run:example_sensors
[2024-10-06T04:25:16.678+0000] {logging_mixin.py:190} INFO - [2024-10-06T04:25:16.677+0000] {override.py:1900} INFO - Created Permission View: can create on DAG Run:example_sensors
[2024-10-06T04:25:16.691+0000] {logging_mixin.py:190} INFO - [2024-10-06T04:25:16.690+0000] {override.py:1900} INFO - Created Permission View: menu access on DAG Run:example_sensors
[2024-10-06T04:25:16.700+0000] {logging_mixin.py:190} INFO - [2024-10-06T04:25:16.700+0000] {override.py:1900} INFO - Created Permission View: can read on DAG Run:example_sensors
[2024-10-06T04:25:16.701+0000] {logging_mixin.py:190} INFO - [2024-10-06T04:25:16.701+0000] {dag.py:3239} INFO - Sync 1 DAGs
[2024-10-06T04:25:16.714+0000] {logging_mixin.py:190} INFO - [2024-10-06T04:25:16.713+0000] {dag.py:3262} INFO - Creating ORM DAG for example_sensors
[2024-10-06T04:25:16.714+0000] {logging_mixin.py:190} INFO - [2024-10-06T04:25:16.714+0000] {dag.py:4180} INFO - Setting next_dagrun for example_sensors to None, run_after=None
[2024-10-06T04:25:16.736+0000] {processor.py:208} INFO - Processing /home/airflow/.local/lib/python3.12/site-packages/airflow/example_dags/example_sensors.py took 0.356 seconds
[2024-10-06T04:25:46.853+0000] {processor.py:186} INFO - Started process (PID=131) to work on /home/airflow/.local/lib/python3.12/site-packages/airflow/example_dags/example_sensors.py
[2024-10-06T04:25:46.854+0000] {processor.py:914} INFO - Processing file /home/airflow/.local/lib/python3.12/site-packages/airflow/example_dags/example_sensors.py for tasks to queue
[2024-10-06T04:25:46.855+0000] {logging_mixin.py:190} INFO - [2024-10-06T04:25:46.855+0000] {dagbag.py:588} INFO - Filling up the DagBag from /home/airflow/.local/lib/python3.12/site-packages/airflow/example_dags/example_sensors.py
[2024-10-06T04:25:46.864+0000] {processor.py:925} INFO - DAG(s) 'example_sensors' retrieved from /home/airflow/.local/lib/python3.12/site-packages/airflow/example_dags/example_sensors.py
[2024-10-06T04:25:46.890+0000] {logging_mixin.py:190} INFO - [2024-10-06T04:25:46.890+0000] {dag.py:3239} INFO - Sync 1 DAGs
[2024-10-06T04:25:46.906+0000] {logging_mixin.py:190} INFO - [2024-10-06T04:25:46.905+0000] {dag.py:4180} INFO - Setting next_dagrun for example_sensors to None, run_after=None
[2024-10-06T04:25:46.927+0000] {processor.py:208} INFO - Processing /home/airflow/.local/lib/python3.12/site-packages/airflow/example_dags/example_sensors.py took 0.078 seconds
[2024-10-06T04:26:17.215+0000] {processor.py:186} INFO - Started process (PID=193) to work on /home/airflow/.local/lib/python3.12/site-packages/airflow/example_dags/example_sensors.py
[2024-10-06T04:26:17.216+0000] {processor.py:914} INFO - Processing file /home/airflow/.local/lib/python3.12/site-packages/airflow/example_dags/example_sensors.py for tasks to queue
[2024-10-06T04:26:17.218+0000] {logging_mixin.py:190} INFO - [2024-10-06T04:26:17.218+0000] {dagbag.py:588} INFO - Filling up the DagBag from /home/airflow/.local/lib/python3.12/site-packages/airflow/example_dags/example_sensors.py
[2024-10-06T04:26:17.229+0000] {processor.py:925} INFO - DAG(s) 'example_sensors' retrieved from /home/airflow/.local/lib/python3.12/site-packages/airflow/example_dags/example_sensors.py
[2024-10-06T04:26:17.256+0000] {logging_mixin.py:190} INFO - [2024-10-06T04:26:17.256+0000] {dag.py:3239} INFO - Sync 1 DAGs
[2024-10-06T04:26:17.267+0000] {logging_mixin.py:190} INFO - [2024-10-06T04:26:17.267+0000] {dag.py:4180} INFO - Setting next_dagrun for example_sensors to None, run_after=None
[2024-10-06T04:26:17.285+0000] {processor.py:208} INFO - Processing /home/airflow/.local/lib/python3.12/site-packages/airflow/example_dags/example_sensors.py took 0.075 seconds
[2024-10-06T04:26:47.691+0000] {processor.py:186} INFO - Started process (PID=255) to work on /home/airflow/.local/lib/python3.12/site-packages/airflow/example_dags/example_sensors.py
[2024-10-06T04:26:47.691+0000] {processor.py:914} INFO - Processing file /home/airflow/.local/lib/python3.12/site-packages/airflow/example_dags/example_sensors.py for tasks to queue
[2024-10-06T04:26:47.693+0000] {logging_mixin.py:190} INFO - [2024-10-06T04:26:47.692+0000] {dagbag.py:588} INFO - Filling up the DagBag from /home/airflow/.local/lib/python3.12/site-packages/airflow/example_dags/example_sensors.py
[2024-10-06T04:26:47.701+0000] {processor.py:925} INFO - DAG(s) 'example_sensors' retrieved from /home/airflow/.local/lib/python3.12/site-packages/airflow/example_dags/example_sensors.py
[2024-10-06T04:26:47.729+0000] {logging_mixin.py:190} INFO - [2024-10-06T04:26:47.728+0000] {dag.py:3239} INFO - Sync 1 DAGs
[2024-10-06T04:26:47.745+0000] {logging_mixin.py:190} INFO - [2024-10-06T04:26:47.745+0000] {dag.py:4180} INFO - Setting next_dagrun for example_sensors to None, run_after=None
[2024-10-06T04:26:47.771+0000] {processor.py:208} INFO - Processing /home/airflow/.local/lib/python3.12/site-packages/airflow/example_dags/example_sensors.py took 0.085 seconds
[2024-10-06T04:27:18.010+0000] {processor.py:186} INFO - Started process (PID=317) to work on /home/airflow/.local/lib/python3.12/site-packages/airflow/example_dags/example_sensors.py
[2024-10-06T04:27:18.011+0000] {processor.py:914} INFO - Processing file /home/airflow/.local/lib/python3.12/site-packages/airflow/example_dags/example_sensors.py for tasks to queue
[2024-10-06T04:27:18.012+0000] {logging_mixin.py:190} INFO - [2024-10-06T04:27:18.012+0000] {dagbag.py:588} INFO - Filling up the DagBag from /home/airflow/.local/lib/python3.12/site-packages/airflow/example_dags/example_sensors.py
[2024-10-06T04:27:18.022+0000] {processor.py:925} INFO - DAG(s) 'example_sensors' retrieved from /home/airflow/.local/lib/python3.12/site-packages/airflow/example_dags/example_sensors.py
[2024-10-06T04:27:18.051+0000] {logging_mixin.py:190} INFO - [2024-10-06T04:27:18.051+0000] {dag.py:3239} INFO - Sync 1 DAGs
[2024-10-06T04:27:18.066+0000] {logging_mixin.py:190} INFO - [2024-10-06T04:27:18.066+0000] {dag.py:4180} INFO - Setting next_dagrun for example_sensors to None, run_after=None
[2024-10-06T04:27:18.095+0000] {processor.py:208} INFO - Processing /home/airflow/.local/lib/python3.12/site-packages/airflow/example_dags/example_sensors.py took 0.089 seconds
[2024-10-06T04:27:48.680+0000] {processor.py:186} INFO - Started process (PID=379) to work on /home/airflow/.local/lib/python3.12/site-packages/airflow/example_dags/example_sensors.py
[2024-10-06T04:27:48.681+0000] {processor.py:914} INFO - Processing file /home/airflow/.local/lib/python3.12/site-packages/airflow/example_dags/example_sensors.py for tasks to queue
[2024-10-06T04:27:48.682+0000] {logging_mixin.py:190} INFO - [2024-10-06T04:27:48.682+0000] {dagbag.py:588} INFO - Filling up the DagBag from /home/airflow/.local/lib/python3.12/site-packages/airflow/example_dags/example_sensors.py
[2024-10-06T04:27:48.691+0000] {processor.py:925} INFO - DAG(s) 'example_sensors' retrieved from /home/airflow/.local/lib/python3.12/site-packages/airflow/example_dags/example_sensors.py
[2024-10-06T04:27:48.711+0000] {logging_mixin.py:190} INFO - [2024-10-06T04:27:48.711+0000] {dag.py:3239} INFO - Sync 1 DAGs
[2024-10-06T04:27:48.724+0000] {logging_mixin.py:190} INFO - [2024-10-06T04:27:48.724+0000] {dag.py:4180} INFO - Setting next_dagrun for example_sensors to None, run_after=None
[2024-10-06T04:27:48.741+0000] {processor.py:208} INFO - Processing /home/airflow/.local/lib/python3.12/site-packages/airflow/example_dags/example_sensors.py took 0.066 seconds
[2024-10-06T04:28:18.830+0000] {processor.py:186} INFO - Started process (PID=442) to work on /home/airflow/.local/lib/python3.12/site-packages/airflow/example_dags/example_sensors.py
[2024-10-06T04:28:18.831+0000] {processor.py:914} INFO - Processing file /home/airflow/.local/lib/python3.12/site-packages/airflow/example_dags/example_sensors.py for tasks to queue
[2024-10-06T04:28:18.832+0000] {logging_mixin.py:190} INFO - [2024-10-06T04:28:18.832+0000] {dagbag.py:588} INFO - Filling up the DagBag from /home/airflow/.local/lib/python3.12/site-packages/airflow/example_dags/example_sensors.py
[2024-10-06T04:28:18.840+0000] {processor.py:925} INFO - DAG(s) 'example_sensors' retrieved from /home/airflow/.local/lib/python3.12/site-packages/airflow/example_dags/example_sensors.py
[2024-10-06T04:28:18.861+0000] {logging_mixin.py:190} INFO - [2024-10-06T04:28:18.860+0000] {dag.py:3239} INFO - Sync 1 DAGs
[2024-10-06T04:28:18.871+0000] {logging_mixin.py:190} INFO - [2024-10-06T04:28:18.871+0000] {dag.py:4180} INFO - Setting next_dagrun for example_sensors to None, run_after=None
[2024-10-06T04:28:18.890+0000] {processor.py:208} INFO - Processing /home/airflow/.local/lib/python3.12/site-packages/airflow/example_dags/example_sensors.py took 0.064 seconds
[2024-10-06T04:28:49.122+0000] {processor.py:186} INFO - Started process (PID=504) to work on /home/airflow/.local/lib/python3.12/site-packages/airflow/example_dags/example_sensors.py
[2024-10-06T04:28:49.122+0000] {processor.py:914} INFO - Processing file /home/airflow/.local/lib/python3.12/site-packages/airflow/example_dags/example_sensors.py for tasks to queue
[2024-10-06T04:28:49.124+0000] {logging_mixin.py:190} INFO - [2024-10-06T04:28:49.124+0000] {dagbag.py:588} INFO - Filling up the DagBag from /home/airflow/.local/lib/python3.12/site-packages/airflow/example_dags/example_sensors.py
[2024-10-06T04:28:49.135+0000] {processor.py:925} INFO - DAG(s) 'example_sensors' retrieved from /home/airflow/.local/lib/python3.12/site-packages/airflow/example_dags/example_sensors.py
[2024-10-06T04:28:49.162+0000] {logging_mixin.py:190} INFO - [2024-10-06T04:28:49.162+0000] {dag.py:3239} INFO - Sync 1 DAGs
[2024-10-06T04:28:49.178+0000] {logging_mixin.py:190} INFO - [2024-10-06T04:28:49.178+0000] {dag.py:4180} INFO - Setting next_dagrun for example_sensors to None, run_after=None
[2024-10-06T04:28:49.199+0000] {processor.py:208} INFO - Processing /home/airflow/.local/lib/python3.12/site-packages/airflow/example_dags/example_sensors.py took 0.082 seconds
[2024-10-06T04:29:20.184+0000] {processor.py:186} INFO - Started process (PID=566) to work on /home/airflow/.local/lib/python3.12/site-packages/airflow/example_dags/example_sensors.py
[2024-10-06T04:29:20.184+0000] {processor.py:914} INFO - Processing file /home/airflow/.local/lib/python3.12/site-packages/airflow/example_dags/example_sensors.py for tasks to queue
[2024-10-06T04:29:20.186+0000] {logging_mixin.py:190} INFO - [2024-10-06T04:29:20.185+0000] {dagbag.py:588} INFO - Filling up the DagBag from /home/airflow/.local/lib/python3.12/site-packages/airflow/example_dags/example_sensors.py
[2024-10-06T04:29:20.193+0000] {processor.py:925} INFO - DAG(s) 'example_sensors' retrieved from /home/airflow/.local/lib/python3.12/site-packages/airflow/example_dags/example_sensors.py
[2024-10-06T04:29:20.214+0000] {logging_mixin.py:190} INFO - [2024-10-06T04:29:20.214+0000] {dag.py:3239} INFO - Sync 1 DAGs
[2024-10-06T04:29:20.226+0000] {logging_mixin.py:190} INFO - [2024-10-06T04:29:20.225+0000] {dag.py:4180} INFO - Setting next_dagrun for example_sensors to None, run_after=None
[2024-10-06T04:29:20.244+0000] {processor.py:208} INFO - Processing /home/airflow/.local/lib/python3.12/site-packages/airflow/example_dags/example_sensors.py took 0.065 seconds
[2024-10-06T04:29:50.461+0000] {processor.py:186} INFO - Started process (PID=628) to work on /home/airflow/.local/lib/python3.12/site-packages/airflow/example_dags/example_sensors.py
[2024-10-06T04:29:50.461+0000] {processor.py:914} INFO - Processing file /home/airflow/.local/lib/python3.12/site-packages/airflow/example_dags/example_sensors.py for tasks to queue
[2024-10-06T04:29:50.464+0000] {logging_mixin.py:190} INFO - [2024-10-06T04:29:50.464+0000] {dagbag.py:588} INFO - Filling up the DagBag from /home/airflow/.local/lib/python3.12/site-packages/airflow/example_dags/example_sensors.py
[2024-10-06T04:29:50.475+0000] {processor.py:925} INFO - DAG(s) 'example_sensors' retrieved from /home/airflow/.local/lib/python3.12/site-packages/airflow/example_dags/example_sensors.py
[2024-10-06T04:29:50.502+0000] {logging_mixin.py:190} INFO - [2024-10-06T04:29:50.501+0000] {dag.py:3239} INFO - Sync 1 DAGs
[2024-10-06T04:29:50.514+0000] {logging_mixin.py:190} INFO - [2024-10-06T04:29:50.514+0000] {dag.py:4180} INFO - Setting next_dagrun for example_sensors to None, run_after=None
[2024-10-06T04:29:50.533+0000] {processor.py:208} INFO - Processing /home/airflow/.local/lib/python3.12/site-packages/airflow/example_dags/example_sensors.py took 0.079 seconds
[2024-10-06T04:30:20.609+0000] {processor.py:186} INFO - Started process (PID=690) to work on /home/airflow/.local/lib/python3.12/site-packages/airflow/example_dags/example_sensors.py
[2024-10-06T04:30:20.609+0000] {processor.py:914} INFO - Processing file /home/airflow/.local/lib/python3.12/site-packages/airflow/example_dags/example_sensors.py for tasks to queue
[2024-10-06T04:30:20.611+0000] {logging_mixin.py:190} INFO - [2024-10-06T04:30:20.611+0000] {dagbag.py:588} INFO - Filling up the DagBag from /home/airflow/.local/lib/python3.12/site-packages/airflow/example_dags/example_sensors.py
[2024-10-06T04:30:20.619+0000] {processor.py:925} INFO - DAG(s) 'example_sensors' retrieved from /home/airflow/.local/lib/python3.12/site-packages/airflow/example_dags/example_sensors.py
[2024-10-06T04:30:20.638+0000] {logging_mixin.py:190} INFO - [2024-10-06T04:30:20.638+0000] {dag.py:3239} INFO - Sync 1 DAGs
[2024-10-06T04:30:20.649+0000] {logging_mixin.py:190} INFO - [2024-10-06T04:30:20.649+0000] {dag.py:4180} INFO - Setting next_dagrun for example_sensors to None, run_after=None
[2024-10-06T04:30:20.665+0000] {processor.py:208} INFO - Processing /home/airflow/.local/lib/python3.12/site-packages/airflow/example_dags/example_sensors.py took 0.061 seconds
[2024-10-06T04:30:50.900+0000] {processor.py:186} INFO - Started process (PID=753) to work on /home/airflow/.local/lib/python3.12/site-packages/airflow/example_dags/example_sensors.py
[2024-10-06T04:30:50.902+0000] {processor.py:914} INFO - Processing file /home/airflow/.local/lib/python3.12/site-packages/airflow/example_dags/example_sensors.py for tasks to queue
[2024-10-06T04:30:50.904+0000] {logging_mixin.py:190} INFO - [2024-10-06T04:30:50.904+0000] {dagbag.py:588} INFO - Filling up the DagBag from /home/airflow/.local/lib/python3.12/site-packages/airflow/example_dags/example_sensors.py
[2024-10-06T04:30:50.921+0000] {processor.py:925} INFO - DAG(s) 'example_sensors' retrieved from /home/airflow/.local/lib/python3.12/site-packages/airflow/example_dags/example_sensors.py
[2024-10-06T04:30:50.949+0000] {logging_mixin.py:190} INFO - [2024-10-06T04:30:50.949+0000] {dag.py:3239} INFO - Sync 1 DAGs
[2024-10-06T04:30:50.965+0000] {logging_mixin.py:190} INFO - [2024-10-06T04:30:50.965+0000] {dag.py:4180} INFO - Setting next_dagrun for example_sensors to None, run_after=None
[2024-10-06T04:30:50.986+0000] {processor.py:208} INFO - Processing /home/airflow/.local/lib/python3.12/site-packages/airflow/example_dags/example_sensors.py took 0.091 seconds
[2024-10-06T04:31:21.201+0000] {processor.py:186} INFO - Started process (PID=816) to work on /home/airflow/.local/lib/python3.12/site-packages/airflow/example_dags/example_sensors.py
[2024-10-06T04:31:21.202+0000] {processor.py:914} INFO - Processing file /home/airflow/.local/lib/python3.12/site-packages/airflow/example_dags/example_sensors.py for tasks to queue
[2024-10-06T04:31:21.204+0000] {logging_mixin.py:190} INFO - [2024-10-06T04:31:21.203+0000] {dagbag.py:588} INFO - Filling up the DagBag from /home/airflow/.local/lib/python3.12/site-packages/airflow/example_dags/example_sensors.py
[2024-10-06T04:31:21.212+0000] {processor.py:925} INFO - DAG(s) 'example_sensors' retrieved from /home/airflow/.local/lib/python3.12/site-packages/airflow/example_dags/example_sensors.py
[2024-10-06T04:31:21.236+0000] {logging_mixin.py:190} INFO - [2024-10-06T04:31:21.235+0000] {dag.py:3239} INFO - Sync 1 DAGs
[2024-10-06T04:31:21.248+0000] {logging_mixin.py:190} INFO - [2024-10-06T04:31:21.248+0000] {dag.py:4180} INFO - Setting next_dagrun for example_sensors to None, run_after=None
[2024-10-06T04:31:21.279+0000] {processor.py:208} INFO - Processing /home/airflow/.local/lib/python3.12/site-packages/airflow/example_dags/example_sensors.py took 0.082 seconds
[2024-10-06T04:31:51.459+0000] {processor.py:186} INFO - Started process (PID=879) to work on /home/airflow/.local/lib/python3.12/site-packages/airflow/example_dags/example_sensors.py
[2024-10-06T04:31:51.459+0000] {processor.py:914} INFO - Processing file /home/airflow/.local/lib/python3.12/site-packages/airflow/example_dags/example_sensors.py for tasks to queue
[2024-10-06T04:31:51.461+0000] {logging_mixin.py:190} INFO - [2024-10-06T04:31:51.461+0000] {dagbag.py:588} INFO - Filling up the DagBag from /home/airflow/.local/lib/python3.12/site-packages/airflow/example_dags/example_sensors.py
[2024-10-06T04:31:51.469+0000] {processor.py:925} INFO - DAG(s) 'example_sensors' retrieved from /home/airflow/.local/lib/python3.12/site-packages/airflow/example_dags/example_sensors.py
[2024-10-06T04:31:51.494+0000] {logging_mixin.py:190} INFO - [2024-10-06T04:31:51.493+0000] {dag.py:3239} INFO - Sync 1 DAGs
[2024-10-06T04:31:51.508+0000] {logging_mixin.py:190} INFO - [2024-10-06T04:31:51.508+0000] {dag.py:4180} INFO - Setting next_dagrun for example_sensors to None, run_after=None
[2024-10-06T04:31:51.534+0000] {processor.py:208} INFO - Processing /home/airflow/.local/lib/python3.12/site-packages/airflow/example_dags/example_sensors.py took 0.079 seconds
[2024-10-06T04:32:21.748+0000] {processor.py:186} INFO - Started process (PID=942) to work on /home/airflow/.local/lib/python3.12/site-packages/airflow/example_dags/example_sensors.py
[2024-10-06T04:32:21.748+0000] {processor.py:914} INFO - Processing file /home/airflow/.local/lib/python3.12/site-packages/airflow/example_dags/example_sensors.py for tasks to queue
[2024-10-06T04:32:21.751+0000] {logging_mixin.py:190} INFO - [2024-10-06T04:32:21.750+0000] {dagbag.py:588} INFO - Filling up the DagBag from /home/airflow/.local/lib/python3.12/site-packages/airflow/example_dags/example_sensors.py
[2024-10-06T04:32:21.762+0000] {processor.py:925} INFO - DAG(s) 'example_sensors' retrieved from /home/airflow/.local/lib/python3.12/site-packages/airflow/example_dags/example_sensors.py
[2024-10-06T04:32:21.787+0000] {logging_mixin.py:190} INFO - [2024-10-06T04:32:21.786+0000] {dag.py:3239} INFO - Sync 1 DAGs
[2024-10-06T04:32:21.799+0000] {logging_mixin.py:190} INFO - [2024-10-06T04:32:21.798+0000] {dag.py:4180} INFO - Setting next_dagrun for example_sensors to None, run_after=None
[2024-10-06T04:32:21.817+0000] {processor.py:208} INFO - Processing /home/airflow/.local/lib/python3.12/site-packages/airflow/example_dags/example_sensors.py took 0.074 seconds
[2024-10-06T04:32:51.995+0000] {processor.py:186} INFO - Started process (PID=1005) to work on /home/airflow/.local/lib/python3.12/site-packages/airflow/example_dags/example_sensors.py
[2024-10-06T04:32:51.996+0000] {processor.py:914} INFO - Processing file /home/airflow/.local/lib/python3.12/site-packages/airflow/example_dags/example_sensors.py for tasks to queue
[2024-10-06T04:32:51.998+0000] {logging_mixin.py:190} INFO - [2024-10-06T04:32:51.998+0000] {dagbag.py:588} INFO - Filling up the DagBag from /home/airflow/.local/lib/python3.12/site-packages/airflow/example_dags/example_sensors.py
[2024-10-06T04:32:52.010+0000] {processor.py:925} INFO - DAG(s) 'example_sensors' retrieved from /home/airflow/.local/lib/python3.12/site-packages/airflow/example_dags/example_sensors.py
[2024-10-06T04:32:52.032+0000] {logging_mixin.py:190} INFO - [2024-10-06T04:32:52.032+0000] {dag.py:3239} INFO - Sync 1 DAGs
[2024-10-06T04:32:52.044+0000] {logging_mixin.py:190} INFO - [2024-10-06T04:32:52.044+0000] {dag.py:4180} INFO - Setting next_dagrun for example_sensors to None, run_after=None
[2024-10-06T04:32:52.062+0000] {processor.py:208} INFO - Processing /home/airflow/.local/lib/python3.12/site-packages/airflow/example_dags/example_sensors.py took 0.073 seconds
[2024-10-06T04:33:22.196+0000] {processor.py:186} INFO - Started process (PID=1068) to work on /home/airflow/.local/lib/python3.12/site-packages/airflow/example_dags/example_sensors.py
[2024-10-06T04:33:22.197+0000] {processor.py:914} INFO - Processing file /home/airflow/.local/lib/python3.12/site-packages/airflow/example_dags/example_sensors.py for tasks to queue
[2024-10-06T04:33:22.199+0000] {logging_mixin.py:190} INFO - [2024-10-06T04:33:22.198+0000] {dagbag.py:588} INFO - Filling up the DagBag from /home/airflow/.local/lib/python3.12/site-packages/airflow/example_dags/example_sensors.py
[2024-10-06T04:33:22.206+0000] {processor.py:925} INFO - DAG(s) 'example_sensors' retrieved from /home/airflow/.local/lib/python3.12/site-packages/airflow/example_dags/example_sensors.py
[2024-10-06T04:33:22.227+0000] {logging_mixin.py:190} INFO - [2024-10-06T04:33:22.227+0000] {dag.py:3239} INFO - Sync 1 DAGs
[2024-10-06T04:33:22.241+0000] {logging_mixin.py:190} INFO - [2024-10-06T04:33:22.241+0000] {dag.py:4180} INFO - Setting next_dagrun for example_sensors to None, run_after=None
[2024-10-06T04:33:22.264+0000] {processor.py:208} INFO - Processing /home/airflow/.local/lib/python3.12/site-packages/airflow/example_dags/example_sensors.py took 0.073 seconds
[2024-10-06T04:33:52.436+0000] {processor.py:186} INFO - Started process (PID=1131) to work on /home/airflow/.local/lib/python3.12/site-packages/airflow/example_dags/example_sensors.py
[2024-10-06T04:33:52.437+0000] {processor.py:914} INFO - Processing file /home/airflow/.local/lib/python3.12/site-packages/airflow/example_dags/example_sensors.py for tasks to queue
[2024-10-06T04:33:52.439+0000] {logging_mixin.py:190} INFO - [2024-10-06T04:33:52.438+0000] {dagbag.py:588} INFO - Filling up the DagBag from /home/airflow/.local/lib/python3.12/site-packages/airflow/example_dags/example_sensors.py
[2024-10-06T04:33:52.450+0000] {processor.py:925} INFO - DAG(s) 'example_sensors' retrieved from /home/airflow/.local/lib/python3.12/site-packages/airflow/example_dags/example_sensors.py
[2024-10-06T04:33:52.480+0000] {logging_mixin.py:190} INFO - [2024-10-06T04:33:52.480+0000] {dag.py:3239} INFO - Sync 1 DAGs
[2024-10-06T04:33:52.496+0000] {logging_mixin.py:190} INFO - [2024-10-06T04:33:52.496+0000] {dag.py:4180} INFO - Setting next_dagrun for example_sensors to None, run_after=None
[2024-10-06T04:33:52.519+0000] {processor.py:208} INFO - Processing /home/airflow/.local/lib/python3.12/site-packages/airflow/example_dags/example_sensors.py took 0.087 seconds
[2024-10-06T04:34:22.616+0000] {processor.py:186} INFO - Started process (PID=1194) to work on /home/airflow/.local/lib/python3.12/site-packages/airflow/example_dags/example_sensors.py
[2024-10-06T04:34:22.617+0000] {processor.py:914} INFO - Processing file /home/airflow/.local/lib/python3.12/site-packages/airflow/example_dags/example_sensors.py for tasks to queue
[2024-10-06T04:34:22.618+0000] {logging_mixin.py:190} INFO - [2024-10-06T04:34:22.618+0000] {dagbag.py:588} INFO - Filling up the DagBag from /home/airflow/.local/lib/python3.12/site-packages/airflow/example_dags/example_sensors.py
[2024-10-06T04:34:22.626+0000] {processor.py:925} INFO - DAG(s) 'example_sensors' retrieved from /home/airflow/.local/lib/python3.12/site-packages/airflow/example_dags/example_sensors.py
[2024-10-06T04:34:22.650+0000] {logging_mixin.py:190} INFO - [2024-10-06T04:34:22.650+0000] {dag.py:3239} INFO - Sync 1 DAGs
[2024-10-06T04:34:22.665+0000] {logging_mixin.py:190} INFO - [2024-10-06T04:34:22.665+0000] {dag.py:4180} INFO - Setting next_dagrun for example_sensors to None, run_after=None
[2024-10-06T04:34:22.685+0000] {processor.py:208} INFO - Processing /home/airflow/.local/lib/python3.12/site-packages/airflow/example_dags/example_sensors.py took 0.073 seconds
[2024-10-06T04:34:53.248+0000] {processor.py:186} INFO - Started process (PID=1257) to work on /home/airflow/.local/lib/python3.12/site-packages/airflow/example_dags/example_sensors.py
[2024-10-06T04:34:53.248+0000] {processor.py:914} INFO - Processing file /home/airflow/.local/lib/python3.12/site-packages/airflow/example_dags/example_sensors.py for tasks to queue
[2024-10-06T04:34:53.250+0000] {logging_mixin.py:190} INFO - [2024-10-06T04:34:53.250+0000] {dagbag.py:588} INFO - Filling up the DagBag from /home/airflow/.local/lib/python3.12/site-packages/airflow/example_dags/example_sensors.py
[2024-10-06T04:34:53.259+0000] {processor.py:925} INFO - DAG(s) 'example_sensors' retrieved from /home/airflow/.local/lib/python3.12/site-packages/airflow/example_dags/example_sensors.py
[2024-10-06T04:34:53.283+0000] {logging_mixin.py:190} INFO - [2024-10-06T04:34:53.282+0000] {dag.py:3239} INFO - Sync 1 DAGs
[2024-10-06T04:34:53.293+0000] {logging_mixin.py:190} INFO - [2024-10-06T04:34:53.293+0000] {dag.py:4180} INFO - Setting next_dagrun for example_sensors to None, run_after=None
[2024-10-06T04:34:53.315+0000] {processor.py:208} INFO - Processing /home/airflow/.local/lib/python3.12/site-packages/airflow/example_dags/example_sensors.py took 0.071 seconds
[2024-10-06T04:35:23.671+0000] {processor.py:186} INFO - Started process (PID=1320) to work on /home/airflow/.local/lib/python3.12/site-packages/airflow/example_dags/example_sensors.py
[2024-10-06T04:35:23.671+0000] {processor.py:914} INFO - Processing file /home/airflow/.local/lib/python3.12/site-packages/airflow/example_dags/example_sensors.py for tasks to queue
[2024-10-06T04:35:23.673+0000] {logging_mixin.py:190} INFO - [2024-10-06T04:35:23.673+0000] {dagbag.py:588} INFO - Filling up the DagBag from /home/airflow/.local/lib/python3.12/site-packages/airflow/example_dags/example_sensors.py
[2024-10-06T04:35:23.681+0000] {processor.py:925} INFO - DAG(s) 'example_sensors' retrieved from /home/airflow/.local/lib/python3.12/site-packages/airflow/example_dags/example_sensors.py
[2024-10-06T04:35:23.701+0000] {logging_mixin.py:190} INFO - [2024-10-06T04:35:23.701+0000] {dag.py:3239} INFO - Sync 1 DAGs
[2024-10-06T04:35:23.713+0000] {logging_mixin.py:190} INFO - [2024-10-06T04:35:23.712+0000] {dag.py:4180} INFO - Setting next_dagrun for example_sensors to None, run_after=None
[2024-10-06T04:35:23.734+0000] {processor.py:208} INFO - Processing /home/airflow/.local/lib/python3.12/site-packages/airflow/example_dags/example_sensors.py took 0.068 seconds
[2024-10-06T04:35:54.009+0000] {processor.py:186} INFO - Started process (PID=1383) to work on /home/airflow/.local/lib/python3.12/site-packages/airflow/example_dags/example_sensors.py
[2024-10-06T04:35:54.010+0000] {processor.py:914} INFO - Processing file /home/airflow/.local/lib/python3.12/site-packages/airflow/example_dags/example_sensors.py for tasks to queue
[2024-10-06T04:35:54.012+0000] {logging_mixin.py:190} INFO - [2024-10-06T04:35:54.012+0000] {dagbag.py:588} INFO - Filling up the DagBag from /home/airflow/.local/lib/python3.12/site-packages/airflow/example_dags/example_sensors.py
[2024-10-06T04:35:54.024+0000] {processor.py:925} INFO - DAG(s) 'example_sensors' retrieved from /home/airflow/.local/lib/python3.12/site-packages/airflow/example_dags/example_sensors.py
[2024-10-06T04:35:54.049+0000] {logging_mixin.py:190} INFO - [2024-10-06T04:35:54.049+0000] {dag.py:3239} INFO - Sync 1 DAGs
[2024-10-06T04:35:54.065+0000] {logging_mixin.py:190} INFO - [2024-10-06T04:35:54.064+0000] {dag.py:4180} INFO - Setting next_dagrun for example_sensors to None, run_after=None
[2024-10-06T04:35:54.084+0000] {processor.py:208} INFO - Processing /home/airflow/.local/lib/python3.12/site-packages/airflow/example_dags/example_sensors.py took 0.079 seconds
[2024-10-06T04:36:24.114+0000] {processor.py:186} INFO - Started process (PID=1447) to work on /home/airflow/.local/lib/python3.12/site-packages/airflow/example_dags/example_sensors.py
[2024-10-06T04:36:24.115+0000] {processor.py:914} INFO - Processing file /home/airflow/.local/lib/python3.12/site-packages/airflow/example_dags/example_sensors.py for tasks to queue
[2024-10-06T04:36:24.116+0000] {logging_mixin.py:190} INFO - [2024-10-06T04:36:24.116+0000] {dagbag.py:588} INFO - Filling up the DagBag from /home/airflow/.local/lib/python3.12/site-packages/airflow/example_dags/example_sensors.py
[2024-10-06T04:36:24.124+0000] {processor.py:925} INFO - DAG(s) 'example_sensors' retrieved from /home/airflow/.local/lib/python3.12/site-packages/airflow/example_dags/example_sensors.py
[2024-10-06T04:36:24.144+0000] {logging_mixin.py:190} INFO - [2024-10-06T04:36:24.144+0000] {dag.py:3239} INFO - Sync 1 DAGs
[2024-10-06T04:36:24.155+0000] {logging_mixin.py:190} INFO - [2024-10-06T04:36:24.154+0000] {dag.py:4180} INFO - Setting next_dagrun for example_sensors to None, run_after=None
[2024-10-06T04:36:24.174+0000] {processor.py:208} INFO - Processing /home/airflow/.local/lib/python3.12/site-packages/airflow/example_dags/example_sensors.py took 0.064 seconds
[2024-10-06T04:36:54.365+0000] {processor.py:186} INFO - Started process (PID=1511) to work on /home/airflow/.local/lib/python3.12/site-packages/airflow/example_dags/example_sensors.py
[2024-10-06T04:36:54.366+0000] {processor.py:914} INFO - Processing file /home/airflow/.local/lib/python3.12/site-packages/airflow/example_dags/example_sensors.py for tasks to queue
[2024-10-06T04:36:54.367+0000] {logging_mixin.py:190} INFO - [2024-10-06T04:36:54.367+0000] {dagbag.py:588} INFO - Filling up the DagBag from /home/airflow/.local/lib/python3.12/site-packages/airflow/example_dags/example_sensors.py
[2024-10-06T04:36:54.376+0000] {processor.py:925} INFO - DAG(s) 'example_sensors' retrieved from /home/airflow/.local/lib/python3.12/site-packages/airflow/example_dags/example_sensors.py
[2024-10-06T04:36:54.395+0000] {logging_mixin.py:190} INFO - [2024-10-06T04:36:54.395+0000] {dag.py:3239} INFO - Sync 1 DAGs
[2024-10-06T04:36:54.407+0000] {logging_mixin.py:190} INFO - [2024-10-06T04:36:54.407+0000] {dag.py:4180} INFO - Setting next_dagrun for example_sensors to None, run_after=None
[2024-10-06T04:36:54.426+0000] {processor.py:208} INFO - Processing /home/airflow/.local/lib/python3.12/site-packages/airflow/example_dags/example_sensors.py took 0.065 seconds
[2024-10-06T04:37:24.923+0000] {processor.py:186} INFO - Started process (PID=1575) to work on /home/airflow/.local/lib/python3.12/site-packages/airflow/example_dags/example_sensors.py
[2024-10-06T04:37:24.924+0000] {processor.py:914} INFO - Processing file /home/airflow/.local/lib/python3.12/site-packages/airflow/example_dags/example_sensors.py for tasks to queue
[2024-10-06T04:37:24.926+0000] {logging_mixin.py:190} INFO - [2024-10-06T04:37:24.925+0000] {dagbag.py:588} INFO - Filling up the DagBag from /home/airflow/.local/lib/python3.12/site-packages/airflow/example_dags/example_sensors.py
[2024-10-06T04:37:24.934+0000] {processor.py:925} INFO - DAG(s) 'example_sensors' retrieved from /home/airflow/.local/lib/python3.12/site-packages/airflow/example_dags/example_sensors.py
[2024-10-06T04:37:24.959+0000] {logging_mixin.py:190} INFO - [2024-10-06T04:37:24.959+0000] {dag.py:3239} INFO - Sync 1 DAGs
[2024-10-06T04:37:24.976+0000] {logging_mixin.py:190} INFO - [2024-10-06T04:37:24.976+0000] {dag.py:4180} INFO - Setting next_dagrun for example_sensors to None, run_after=None
[2024-10-06T04:37:25.004+0000] {processor.py:208} INFO - Processing /home/airflow/.local/lib/python3.12/site-packages/airflow/example_dags/example_sensors.py took 0.085 seconds
[2024-10-06T04:37:55.250+0000] {processor.py:186} INFO - Started process (PID=1638) to work on /home/airflow/.local/lib/python3.12/site-packages/airflow/example_dags/example_sensors.py
[2024-10-06T04:37:55.251+0000] {processor.py:914} INFO - Processing file /home/airflow/.local/lib/python3.12/site-packages/airflow/example_dags/example_sensors.py for tasks to queue
[2024-10-06T04:37:55.253+0000] {logging_mixin.py:190} INFO - [2024-10-06T04:37:55.252+0000] {dagbag.py:588} INFO - Filling up the DagBag from /home/airflow/.local/lib/python3.12/site-packages/airflow/example_dags/example_sensors.py
[2024-10-06T04:37:55.263+0000] {processor.py:925} INFO - DAG(s) 'example_sensors' retrieved from /home/airflow/.local/lib/python3.12/site-packages/airflow/example_dags/example_sensors.py
[2024-10-06T04:37:55.283+0000] {logging_mixin.py:190} INFO - [2024-10-06T04:37:55.283+0000] {dag.py:3239} INFO - Sync 1 DAGs
[2024-10-06T04:37:55.297+0000] {logging_mixin.py:190} INFO - [2024-10-06T04:37:55.297+0000] {dag.py:4180} INFO - Setting next_dagrun for example_sensors to None, run_after=None
[2024-10-06T04:37:55.315+0000] {processor.py:208} INFO - Processing /home/airflow/.local/lib/python3.12/site-packages/airflow/example_dags/example_sensors.py took 0.069 seconds
[2024-10-06T04:38:25.785+0000] {processor.py:186} INFO - Started process (PID=1701) to work on /home/airflow/.local/lib/python3.12/site-packages/airflow/example_dags/example_sensors.py
[2024-10-06T04:38:25.785+0000] {processor.py:914} INFO - Processing file /home/airflow/.local/lib/python3.12/site-packages/airflow/example_dags/example_sensors.py for tasks to queue
[2024-10-06T04:38:25.786+0000] {logging_mixin.py:190} INFO - [2024-10-06T04:38:25.786+0000] {dagbag.py:588} INFO - Filling up the DagBag from /home/airflow/.local/lib/python3.12/site-packages/airflow/example_dags/example_sensors.py
[2024-10-06T04:38:25.795+0000] {processor.py:925} INFO - DAG(s) 'example_sensors' retrieved from /home/airflow/.local/lib/python3.12/site-packages/airflow/example_dags/example_sensors.py
[2024-10-06T04:38:25.817+0000] {logging_mixin.py:190} INFO - [2024-10-06T04:38:25.816+0000] {dag.py:3239} INFO - Sync 1 DAGs
[2024-10-06T04:38:25.828+0000] {logging_mixin.py:190} INFO - [2024-10-06T04:38:25.828+0000] {dag.py:4180} INFO - Setting next_dagrun for example_sensors to None, run_after=None
[2024-10-06T04:38:25.846+0000] {processor.py:208} INFO - Processing /home/airflow/.local/lib/python3.12/site-packages/airflow/example_dags/example_sensors.py took 0.065 seconds
[2024-10-06T04:38:56.046+0000] {processor.py:186} INFO - Started process (PID=1764) to work on /home/airflow/.local/lib/python3.12/site-packages/airflow/example_dags/example_sensors.py
[2024-10-06T04:38:56.047+0000] {processor.py:914} INFO - Processing file /home/airflow/.local/lib/python3.12/site-packages/airflow/example_dags/example_sensors.py for tasks to queue
[2024-10-06T04:38:56.047+0000] {logging_mixin.py:190} INFO - [2024-10-06T04:38:56.047+0000] {dagbag.py:588} INFO - Filling up the DagBag from /home/airflow/.local/lib/python3.12/site-packages/airflow/example_dags/example_sensors.py
[2024-10-06T04:38:56.057+0000] {processor.py:925} INFO - DAG(s) 'example_sensors' retrieved from /home/airflow/.local/lib/python3.12/site-packages/airflow/example_dags/example_sensors.py
[2024-10-06T04:38:56.077+0000] {logging_mixin.py:190} INFO - [2024-10-06T04:38:56.076+0000] {dag.py:3239} INFO - Sync 1 DAGs
[2024-10-06T04:38:56.087+0000] {logging_mixin.py:190} INFO - [2024-10-06T04:38:56.087+0000] {dag.py:4180} INFO - Setting next_dagrun for example_sensors to None, run_after=None
[2024-10-06T04:38:56.106+0000] {processor.py:208} INFO - Processing /home/airflow/.local/lib/python3.12/site-packages/airflow/example_dags/example_sensors.py took 0.065 seconds
[2024-10-06T04:39:27.026+0000] {processor.py:186} INFO - Started process (PID=1827) to work on /home/airflow/.local/lib/python3.12/site-packages/airflow/example_dags/example_sensors.py
[2024-10-06T04:39:27.027+0000] {processor.py:914} INFO - Processing file /home/airflow/.local/lib/python3.12/site-packages/airflow/example_dags/example_sensors.py for tasks to queue
[2024-10-06T04:39:27.028+0000] {logging_mixin.py:190} INFO - [2024-10-06T04:39:27.028+0000] {dagbag.py:588} INFO - Filling up the DagBag from /home/airflow/.local/lib/python3.12/site-packages/airflow/example_dags/example_sensors.py
[2024-10-06T04:39:27.041+0000] {processor.py:925} INFO - DAG(s) 'example_sensors' retrieved from /home/airflow/.local/lib/python3.12/site-packages/airflow/example_dags/example_sensors.py
[2024-10-06T04:39:27.070+0000] {logging_mixin.py:190} INFO - [2024-10-06T04:39:27.070+0000] {dag.py:3239} INFO - Sync 1 DAGs
[2024-10-06T04:39:27.092+0000] {logging_mixin.py:190} INFO - [2024-10-06T04:39:27.092+0000] {dag.py:4180} INFO - Setting next_dagrun for example_sensors to None, run_after=None
[2024-10-06T04:39:27.118+0000] {processor.py:208} INFO - Processing /home/airflow/.local/lib/python3.12/site-packages/airflow/example_dags/example_sensors.py took 0.097 seconds
[2024-10-06T04:39:57.263+0000] {processor.py:186} INFO - Started process (PID=1890) to work on /home/airflow/.local/lib/python3.12/site-packages/airflow/example_dags/example_sensors.py
[2024-10-06T04:39:57.264+0000] {processor.py:914} INFO - Processing file /home/airflow/.local/lib/python3.12/site-packages/airflow/example_dags/example_sensors.py for tasks to queue
[2024-10-06T04:39:57.265+0000] {logging_mixin.py:190} INFO - [2024-10-06T04:39:57.264+0000] {dagbag.py:588} INFO - Filling up the DagBag from /home/airflow/.local/lib/python3.12/site-packages/airflow/example_dags/example_sensors.py
[2024-10-06T04:39:57.273+0000] {processor.py:925} INFO - DAG(s) 'example_sensors' retrieved from /home/airflow/.local/lib/python3.12/site-packages/airflow/example_dags/example_sensors.py
[2024-10-06T04:39:57.293+0000] {logging_mixin.py:190} INFO - [2024-10-06T04:39:57.293+0000] {dag.py:3239} INFO - Sync 1 DAGs
[2024-10-06T04:39:57.308+0000] {logging_mixin.py:190} INFO - [2024-10-06T04:39:57.308+0000] {dag.py:4180} INFO - Setting next_dagrun for example_sensors to None, run_after=None
[2024-10-06T04:39:57.331+0000] {processor.py:208} INFO - Processing /home/airflow/.local/lib/python3.12/site-packages/airflow/example_dags/example_sensors.py took 0.072 seconds
[2024-10-06T04:40:27.423+0000] {processor.py:186} INFO - Started process (PID=1953) to work on /home/airflow/.local/lib/python3.12/site-packages/airflow/example_dags/example_sensors.py
[2024-10-06T04:40:27.424+0000] {processor.py:914} INFO - Processing file /home/airflow/.local/lib/python3.12/site-packages/airflow/example_dags/example_sensors.py for tasks to queue
[2024-10-06T04:40:27.424+0000] {logging_mixin.py:190} INFO - [2024-10-06T04:40:27.424+0000] {dagbag.py:588} INFO - Filling up the DagBag from /home/airflow/.local/lib/python3.12/site-packages/airflow/example_dags/example_sensors.py
[2024-10-06T04:40:27.433+0000] {processor.py:925} INFO - DAG(s) 'example_sensors' retrieved from /home/airflow/.local/lib/python3.12/site-packages/airflow/example_dags/example_sensors.py
[2024-10-06T04:40:27.459+0000] {logging_mixin.py:190} INFO - [2024-10-06T04:40:27.459+0000] {dag.py:3239} INFO - Sync 1 DAGs
[2024-10-06T04:40:27.474+0000] {logging_mixin.py:190} INFO - [2024-10-06T04:40:27.473+0000] {dag.py:4180} INFO - Setting next_dagrun for example_sensors to None, run_after=None
[2024-10-06T04:40:27.507+0000] {processor.py:208} INFO - Processing /home/airflow/.local/lib/python3.12/site-packages/airflow/example_dags/example_sensors.py took 0.088 seconds
[2024-10-06T04:40:57.669+0000] {processor.py:186} INFO - Started process (PID=2015) to work on /home/airflow/.local/lib/python3.12/site-packages/airflow/example_dags/example_sensors.py
[2024-10-06T04:40:57.672+0000] {processor.py:914} INFO - Processing file /home/airflow/.local/lib/python3.12/site-packages/airflow/example_dags/example_sensors.py for tasks to queue
[2024-10-06T04:40:57.673+0000] {logging_mixin.py:190} INFO - [2024-10-06T04:40:57.673+0000] {dagbag.py:588} INFO - Filling up the DagBag from /home/airflow/.local/lib/python3.12/site-packages/airflow/example_dags/example_sensors.py
[2024-10-06T04:40:57.687+0000] {processor.py:925} INFO - DAG(s) 'example_sensors' retrieved from /home/airflow/.local/lib/python3.12/site-packages/airflow/example_dags/example_sensors.py
[2024-10-06T04:40:57.722+0000] {logging_mixin.py:190} INFO - [2024-10-06T04:40:57.722+0000] {dag.py:3239} INFO - Sync 1 DAGs
[2024-10-06T04:40:57.745+0000] {logging_mixin.py:190} INFO - [2024-10-06T04:40:57.744+0000] {dag.py:4180} INFO - Setting next_dagrun for example_sensors to None, run_after=None
[2024-10-06T04:40:57.770+0000] {processor.py:208} INFO - Processing /home/airflow/.local/lib/python3.12/site-packages/airflow/example_dags/example_sensors.py took 0.111 seconds
[2024-10-06T04:41:28.536+0000] {processor.py:186} INFO - Started process (PID=2079) to work on /home/airflow/.local/lib/python3.12/site-packages/airflow/example_dags/example_sensors.py
[2024-10-06T04:41:28.537+0000] {processor.py:914} INFO - Processing file /home/airflow/.local/lib/python3.12/site-packages/airflow/example_dags/example_sensors.py for tasks to queue
[2024-10-06T04:41:28.538+0000] {logging_mixin.py:190} INFO - [2024-10-06T04:41:28.537+0000] {dagbag.py:588} INFO - Filling up the DagBag from /home/airflow/.local/lib/python3.12/site-packages/airflow/example_dags/example_sensors.py
[2024-10-06T04:41:28.546+0000] {processor.py:925} INFO - DAG(s) 'example_sensors' retrieved from /home/airflow/.local/lib/python3.12/site-packages/airflow/example_dags/example_sensors.py
[2024-10-06T04:41:28.566+0000] {logging_mixin.py:190} INFO - [2024-10-06T04:41:28.566+0000] {dag.py:3239} INFO - Sync 1 DAGs
[2024-10-06T04:41:28.577+0000] {logging_mixin.py:190} INFO - [2024-10-06T04:41:28.576+0000] {dag.py:4180} INFO - Setting next_dagrun for example_sensors to None, run_after=None
[2024-10-06T04:41:28.598+0000] {processor.py:208} INFO - Processing /home/airflow/.local/lib/python3.12/site-packages/airflow/example_dags/example_sensors.py took 0.066 seconds
[2024-10-06T04:41:59.432+0000] {processor.py:186} INFO - Started process (PID=2143) to work on /home/airflow/.local/lib/python3.12/site-packages/airflow/example_dags/example_sensors.py
[2024-10-06T04:41:59.432+0000] {processor.py:914} INFO - Processing file /home/airflow/.local/lib/python3.12/site-packages/airflow/example_dags/example_sensors.py for tasks to queue
[2024-10-06T04:41:59.433+0000] {logging_mixin.py:190} INFO - [2024-10-06T04:41:59.433+0000] {dagbag.py:588} INFO - Filling up the DagBag from /home/airflow/.local/lib/python3.12/site-packages/airflow/example_dags/example_sensors.py
[2024-10-06T04:41:59.441+0000] {processor.py:925} INFO - DAG(s) 'example_sensors' retrieved from /home/airflow/.local/lib/python3.12/site-packages/airflow/example_dags/example_sensors.py
[2024-10-06T04:41:59.461+0000] {logging_mixin.py:190} INFO - [2024-10-06T04:41:59.461+0000] {dag.py:3239} INFO - Sync 1 DAGs
[2024-10-06T04:41:59.472+0000] {logging_mixin.py:190} INFO - [2024-10-06T04:41:59.472+0000] {dag.py:4180} INFO - Setting next_dagrun for example_sensors to None, run_after=None
[2024-10-06T04:41:59.490+0000] {processor.py:208} INFO - Processing /home/airflow/.local/lib/python3.12/site-packages/airflow/example_dags/example_sensors.py took 0.062 seconds
[2024-10-06T04:42:30.202+0000] {processor.py:186} INFO - Started process (PID=2206) to work on /home/airflow/.local/lib/python3.12/site-packages/airflow/example_dags/example_sensors.py
[2024-10-06T04:42:30.203+0000] {processor.py:914} INFO - Processing file /home/airflow/.local/lib/python3.12/site-packages/airflow/example_dags/example_sensors.py for tasks to queue
[2024-10-06T04:42:30.204+0000] {logging_mixin.py:190} INFO - [2024-10-06T04:42:30.203+0000] {dagbag.py:588} INFO - Filling up the DagBag from /home/airflow/.local/lib/python3.12/site-packages/airflow/example_dags/example_sensors.py
[2024-10-06T04:42:30.212+0000] {processor.py:925} INFO - DAG(s) 'example_sensors' retrieved from /home/airflow/.local/lib/python3.12/site-packages/airflow/example_dags/example_sensors.py
[2024-10-06T04:42:30.239+0000] {logging_mixin.py:190} INFO - [2024-10-06T04:42:30.239+0000] {dag.py:3239} INFO - Sync 1 DAGs
[2024-10-06T04:42:30.254+0000] {logging_mixin.py:190} INFO - [2024-10-06T04:42:30.254+0000] {dag.py:4180} INFO - Setting next_dagrun for example_sensors to None, run_after=None
[2024-10-06T04:42:30.275+0000] {processor.py:208} INFO - Processing /home/airflow/.local/lib/python3.12/site-packages/airflow/example_dags/example_sensors.py took 0.077 seconds
[2024-10-06T04:43:01.045+0000] {processor.py:186} INFO - Started process (PID=2269) to work on /home/airflow/.local/lib/python3.12/site-packages/airflow/example_dags/example_sensors.py
[2024-10-06T04:43:01.045+0000] {processor.py:914} INFO - Processing file /home/airflow/.local/lib/python3.12/site-packages/airflow/example_dags/example_sensors.py for tasks to queue
[2024-10-06T04:43:01.046+0000] {logging_mixin.py:190} INFO - [2024-10-06T04:43:01.046+0000] {dagbag.py:588} INFO - Filling up the DagBag from /home/airflow/.local/lib/python3.12/site-packages/airflow/example_dags/example_sensors.py
[2024-10-06T04:43:01.054+0000] {processor.py:925} INFO - DAG(s) 'example_sensors' retrieved from /home/airflow/.local/lib/python3.12/site-packages/airflow/example_dags/example_sensors.py
[2024-10-06T04:43:01.074+0000] {logging_mixin.py:190} INFO - [2024-10-06T04:43:01.074+0000] {dag.py:3239} INFO - Sync 1 DAGs
[2024-10-06T04:43:01.084+0000] {logging_mixin.py:190} INFO - [2024-10-06T04:43:01.084+0000] {dag.py:4180} INFO - Setting next_dagrun for example_sensors to None, run_after=None
[2024-10-06T04:43:01.101+0000] {processor.py:208} INFO - Processing /home/airflow/.local/lib/python3.12/site-packages/airflow/example_dags/example_sensors.py took 0.061 seconds
[2024-10-06T04:43:31.793+0000] {processor.py:186} INFO - Started process (PID=2332) to work on /home/airflow/.local/lib/python3.12/site-packages/airflow/example_dags/example_sensors.py
[2024-10-06T04:43:31.794+0000] {processor.py:914} INFO - Processing file /home/airflow/.local/lib/python3.12/site-packages/airflow/example_dags/example_sensors.py for tasks to queue
[2024-10-06T04:43:31.795+0000] {logging_mixin.py:190} INFO - [2024-10-06T04:43:31.795+0000] {dagbag.py:588} INFO - Filling up the DagBag from /home/airflow/.local/lib/python3.12/site-packages/airflow/example_dags/example_sensors.py
[2024-10-06T04:43:31.803+0000] {processor.py:925} INFO - DAG(s) 'example_sensors' retrieved from /home/airflow/.local/lib/python3.12/site-packages/airflow/example_dags/example_sensors.py
[2024-10-06T04:43:31.823+0000] {logging_mixin.py:190} INFO - [2024-10-06T04:43:31.823+0000] {dag.py:3239} INFO - Sync 1 DAGs
[2024-10-06T04:43:31.834+0000] {logging_mixin.py:190} INFO - [2024-10-06T04:43:31.834+0000] {dag.py:4180} INFO - Setting next_dagrun for example_sensors to None, run_after=None
[2024-10-06T04:43:31.853+0000] {processor.py:208} INFO - Processing /home/airflow/.local/lib/python3.12/site-packages/airflow/example_dags/example_sensors.py took 0.064 seconds
[2024-10-06T04:44:02.142+0000] {processor.py:186} INFO - Started process (PID=2395) to work on /home/airflow/.local/lib/python3.12/site-packages/airflow/example_dags/example_sensors.py
[2024-10-06T04:44:02.143+0000] {processor.py:914} INFO - Processing file /home/airflow/.local/lib/python3.12/site-packages/airflow/example_dags/example_sensors.py for tasks to queue
[2024-10-06T04:44:02.144+0000] {logging_mixin.py:190} INFO - [2024-10-06T04:44:02.144+0000] {dagbag.py:588} INFO - Filling up the DagBag from /home/airflow/.local/lib/python3.12/site-packages/airflow/example_dags/example_sensors.py
[2024-10-06T04:44:02.153+0000] {processor.py:925} INFO - DAG(s) 'example_sensors' retrieved from /home/airflow/.local/lib/python3.12/site-packages/airflow/example_dags/example_sensors.py
[2024-10-06T04:44:02.179+0000] {logging_mixin.py:190} INFO - [2024-10-06T04:44:02.179+0000] {dag.py:3239} INFO - Sync 1 DAGs
[2024-10-06T04:44:02.194+0000] {logging_mixin.py:190} INFO - [2024-10-06T04:44:02.194+0000] {dag.py:4180} INFO - Setting next_dagrun for example_sensors to None, run_after=None
[2024-10-06T04:44:02.222+0000] {processor.py:208} INFO - Processing /home/airflow/.local/lib/python3.12/site-packages/airflow/example_dags/example_sensors.py took 0.084 seconds
[2024-10-06T04:44:32.900+0000] {processor.py:186} INFO - Started process (PID=2460) to work on /home/airflow/.local/lib/python3.12/site-packages/airflow/example_dags/example_sensors.py
[2024-10-06T04:44:32.900+0000] {processor.py:914} INFO - Processing file /home/airflow/.local/lib/python3.12/site-packages/airflow/example_dags/example_sensors.py for tasks to queue
[2024-10-06T04:44:32.901+0000] {logging_mixin.py:190} INFO - [2024-10-06T04:44:32.901+0000] {dagbag.py:588} INFO - Filling up the DagBag from /home/airflow/.local/lib/python3.12/site-packages/airflow/example_dags/example_sensors.py
[2024-10-06T04:44:32.910+0000] {processor.py:925} INFO - DAG(s) 'example_sensors' retrieved from /home/airflow/.local/lib/python3.12/site-packages/airflow/example_dags/example_sensors.py
[2024-10-06T04:44:32.929+0000] {logging_mixin.py:190} INFO - [2024-10-06T04:44:32.929+0000] {dag.py:3239} INFO - Sync 1 DAGs
[2024-10-06T04:44:32.940+0000] {logging_mixin.py:190} INFO - [2024-10-06T04:44:32.940+0000] {dag.py:4180} INFO - Setting next_dagrun for example_sensors to None, run_after=None
[2024-10-06T04:44:32.959+0000] {processor.py:208} INFO - Processing /home/airflow/.local/lib/python3.12/site-packages/airflow/example_dags/example_sensors.py took 0.063 seconds
[2024-10-06T04:45:03.589+0000] {processor.py:186} INFO - Started process (PID=2523) to work on /home/airflow/.local/lib/python3.12/site-packages/airflow/example_dags/example_sensors.py
[2024-10-06T04:45:03.590+0000] {processor.py:914} INFO - Processing file /home/airflow/.local/lib/python3.12/site-packages/airflow/example_dags/example_sensors.py for tasks to queue
[2024-10-06T04:45:03.590+0000] {logging_mixin.py:190} INFO - [2024-10-06T04:45:03.590+0000] {dagbag.py:588} INFO - Filling up the DagBag from /home/airflow/.local/lib/python3.12/site-packages/airflow/example_dags/example_sensors.py
[2024-10-06T04:45:03.599+0000] {processor.py:925} INFO - DAG(s) 'example_sensors' retrieved from /home/airflow/.local/lib/python3.12/site-packages/airflow/example_dags/example_sensors.py
[2024-10-06T04:45:03.619+0000] {logging_mixin.py:190} INFO - [2024-10-06T04:45:03.618+0000] {dag.py:3239} INFO - Sync 1 DAGs
[2024-10-06T04:45:03.629+0000] {logging_mixin.py:190} INFO - [2024-10-06T04:45:03.629+0000] {dag.py:4180} INFO - Setting next_dagrun for example_sensors to None, run_after=None
[2024-10-06T04:45:03.655+0000] {processor.py:208} INFO - Processing /home/airflow/.local/lib/python3.12/site-packages/airflow/example_dags/example_sensors.py took 0.071 seconds
[2024-10-06T04:45:34.213+0000] {processor.py:186} INFO - Started process (PID=2586) to work on /home/airflow/.local/lib/python3.12/site-packages/airflow/example_dags/example_sensors.py
[2024-10-06T04:45:34.213+0000] {processor.py:914} INFO - Processing file /home/airflow/.local/lib/python3.12/site-packages/airflow/example_dags/example_sensors.py for tasks to queue
[2024-10-06T04:45:34.214+0000] {logging_mixin.py:190} INFO - [2024-10-06T04:45:34.214+0000] {dagbag.py:588} INFO - Filling up the DagBag from /home/airflow/.local/lib/python3.12/site-packages/airflow/example_dags/example_sensors.py
[2024-10-06T04:45:34.224+0000] {processor.py:925} INFO - DAG(s) 'example_sensors' retrieved from /home/airflow/.local/lib/python3.12/site-packages/airflow/example_dags/example_sensors.py
[2024-10-06T04:45:34.244+0000] {logging_mixin.py:190} INFO - [2024-10-06T04:45:34.244+0000] {dag.py:3239} INFO - Sync 1 DAGs
[2024-10-06T04:45:34.256+0000] {logging_mixin.py:190} INFO - [2024-10-06T04:45:34.255+0000] {dag.py:4180} INFO - Setting next_dagrun for example_sensors to None, run_after=None
[2024-10-06T04:45:34.275+0000] {processor.py:208} INFO - Processing /home/airflow/.local/lib/python3.12/site-packages/airflow/example_dags/example_sensors.py took 0.067 seconds
[2024-10-06T04:46:04.594+0000] {processor.py:186} INFO - Started process (PID=2648) to work on /home/airflow/.local/lib/python3.12/site-packages/airflow/example_dags/example_sensors.py
[2024-10-06T04:46:04.594+0000] {processor.py:914} INFO - Processing file /home/airflow/.local/lib/python3.12/site-packages/airflow/example_dags/example_sensors.py for tasks to queue
[2024-10-06T04:46:04.595+0000] {logging_mixin.py:190} INFO - [2024-10-06T04:46:04.595+0000] {dagbag.py:588} INFO - Filling up the DagBag from /home/airflow/.local/lib/python3.12/site-packages/airflow/example_dags/example_sensors.py
[2024-10-06T04:46:04.604+0000] {processor.py:925} INFO - DAG(s) 'example_sensors' retrieved from /home/airflow/.local/lib/python3.12/site-packages/airflow/example_dags/example_sensors.py
[2024-10-06T04:46:04.629+0000] {logging_mixin.py:190} INFO - [2024-10-06T04:46:04.629+0000] {dag.py:3239} INFO - Sync 1 DAGs
[2024-10-06T04:46:04.821+0000] {logging_mixin.py:190} INFO - [2024-10-06T04:46:04.821+0000] {dag.py:4180} INFO - Setting next_dagrun for example_sensors to None, run_after=None
[2024-10-06T04:46:04.838+0000] {processor.py:208} INFO - Processing /home/airflow/.local/lib/python3.12/site-packages/airflow/example_dags/example_sensors.py took 0.248 seconds
[2024-10-06T04:46:34.985+0000] {processor.py:186} INFO - Started process (PID=2711) to work on /home/airflow/.local/lib/python3.12/site-packages/airflow/example_dags/example_sensors.py
[2024-10-06T04:46:34.986+0000] {processor.py:914} INFO - Processing file /home/airflow/.local/lib/python3.12/site-packages/airflow/example_dags/example_sensors.py for tasks to queue
[2024-10-06T04:46:34.987+0000] {logging_mixin.py:190} INFO - [2024-10-06T04:46:34.986+0000] {dagbag.py:588} INFO - Filling up the DagBag from /home/airflow/.local/lib/python3.12/site-packages/airflow/example_dags/example_sensors.py
[2024-10-06T04:46:34.996+0000] {processor.py:925} INFO - DAG(s) 'example_sensors' retrieved from /home/airflow/.local/lib/python3.12/site-packages/airflow/example_dags/example_sensors.py
[2024-10-06T04:46:35.017+0000] {logging_mixin.py:190} INFO - [2024-10-06T04:46:35.017+0000] {dag.py:3239} INFO - Sync 1 DAGs
[2024-10-06T04:46:35.180+0000] {logging_mixin.py:190} INFO - [2024-10-06T04:46:35.180+0000] {dag.py:4180} INFO - Setting next_dagrun for example_sensors to None, run_after=None
[2024-10-06T04:46:35.203+0000] {processor.py:208} INFO - Processing /home/airflow/.local/lib/python3.12/site-packages/airflow/example_dags/example_sensors.py took 0.222 seconds
[2024-10-06T04:47:05.973+0000] {processor.py:186} INFO - Started process (PID=2774) to work on /home/airflow/.local/lib/python3.12/site-packages/airflow/example_dags/example_sensors.py
[2024-10-06T04:47:05.974+0000] {processor.py:914} INFO - Processing file /home/airflow/.local/lib/python3.12/site-packages/airflow/example_dags/example_sensors.py for tasks to queue
[2024-10-06T04:47:05.975+0000] {logging_mixin.py:190} INFO - [2024-10-06T04:47:05.974+0000] {dagbag.py:588} INFO - Filling up the DagBag from /home/airflow/.local/lib/python3.12/site-packages/airflow/example_dags/example_sensors.py
[2024-10-06T04:47:05.985+0000] {processor.py:925} INFO - DAG(s) 'example_sensors' retrieved from /home/airflow/.local/lib/python3.12/site-packages/airflow/example_dags/example_sensors.py
[2024-10-06T04:47:06.011+0000] {logging_mixin.py:190} INFO - [2024-10-06T04:47:06.011+0000] {dag.py:3239} INFO - Sync 1 DAGs
[2024-10-06T04:47:06.204+0000] {logging_mixin.py:190} INFO - [2024-10-06T04:47:06.204+0000] {dag.py:4180} INFO - Setting next_dagrun for example_sensors to None, run_after=None
[2024-10-06T04:47:06.228+0000] {processor.py:208} INFO - Processing /home/airflow/.local/lib/python3.12/site-packages/airflow/example_dags/example_sensors.py took 0.260 seconds
[2024-10-06T04:47:37.286+0000] {processor.py:186} INFO - Started process (PID=2838) to work on /home/airflow/.local/lib/python3.12/site-packages/airflow/example_dags/example_sensors.py
[2024-10-06T04:47:37.287+0000] {processor.py:914} INFO - Processing file /home/airflow/.local/lib/python3.12/site-packages/airflow/example_dags/example_sensors.py for tasks to queue
[2024-10-06T04:47:37.288+0000] {logging_mixin.py:190} INFO - [2024-10-06T04:47:37.288+0000] {dagbag.py:588} INFO - Filling up the DagBag from /home/airflow/.local/lib/python3.12/site-packages/airflow/example_dags/example_sensors.py
[2024-10-06T04:47:37.297+0000] {processor.py:925} INFO - DAG(s) 'example_sensors' retrieved from /home/airflow/.local/lib/python3.12/site-packages/airflow/example_dags/example_sensors.py
[2024-10-06T04:47:37.318+0000] {logging_mixin.py:190} INFO - [2024-10-06T04:47:37.318+0000] {dag.py:3239} INFO - Sync 1 DAGs
[2024-10-06T04:47:37.491+0000] {logging_mixin.py:190} INFO - [2024-10-06T04:47:37.491+0000] {dag.py:4180} INFO - Setting next_dagrun for example_sensors to None, run_after=None
[2024-10-06T04:47:37.509+0000] {processor.py:208} INFO - Processing /home/airflow/.local/lib/python3.12/site-packages/airflow/example_dags/example_sensors.py took 0.227 seconds
[2024-10-06T04:48:08.114+0000] {processor.py:186} INFO - Started process (PID=2901) to work on /home/airflow/.local/lib/python3.12/site-packages/airflow/example_dags/example_sensors.py
[2024-10-06T04:48:08.115+0000] {processor.py:914} INFO - Processing file /home/airflow/.local/lib/python3.12/site-packages/airflow/example_dags/example_sensors.py for tasks to queue
[2024-10-06T04:48:08.116+0000] {logging_mixin.py:190} INFO - [2024-10-06T04:48:08.116+0000] {dagbag.py:588} INFO - Filling up the DagBag from /home/airflow/.local/lib/python3.12/site-packages/airflow/example_dags/example_sensors.py
[2024-10-06T04:48:08.130+0000] {processor.py:925} INFO - DAG(s) 'example_sensors' retrieved from /home/airflow/.local/lib/python3.12/site-packages/airflow/example_dags/example_sensors.py
[2024-10-06T04:48:08.157+0000] {logging_mixin.py:190} INFO - [2024-10-06T04:48:08.157+0000] {dag.py:3239} INFO - Sync 1 DAGs
[2024-10-06T04:48:08.169+0000] {logging_mixin.py:190} INFO - [2024-10-06T04:48:08.169+0000] {dag.py:4180} INFO - Setting next_dagrun for example_sensors to None, run_after=None
[2024-10-06T04:48:08.187+0000] {processor.py:208} INFO - Processing /home/airflow/.local/lib/python3.12/site-packages/airflow/example_dags/example_sensors.py took 0.080 seconds
[2024-10-06T04:48:38.380+0000] {processor.py:186} INFO - Started process (PID=2964) to work on /home/airflow/.local/lib/python3.12/site-packages/airflow/example_dags/example_sensors.py
[2024-10-06T04:48:38.381+0000] {processor.py:914} INFO - Processing file /home/airflow/.local/lib/python3.12/site-packages/airflow/example_dags/example_sensors.py for tasks to queue
[2024-10-06T04:48:38.382+0000] {logging_mixin.py:190} INFO - [2024-10-06T04:48:38.382+0000] {dagbag.py:588} INFO - Filling up the DagBag from /home/airflow/.local/lib/python3.12/site-packages/airflow/example_dags/example_sensors.py
[2024-10-06T04:48:38.395+0000] {processor.py:925} INFO - DAG(s) 'example_sensors' retrieved from /home/airflow/.local/lib/python3.12/site-packages/airflow/example_dags/example_sensors.py
[2024-10-06T04:48:38.423+0000] {logging_mixin.py:190} INFO - [2024-10-06T04:48:38.423+0000] {dag.py:3239} INFO - Sync 1 DAGs
[2024-10-06T04:48:38.438+0000] {logging_mixin.py:190} INFO - [2024-10-06T04:48:38.438+0000] {dag.py:4180} INFO - Setting next_dagrun for example_sensors to None, run_after=None
[2024-10-06T04:48:38.461+0000] {processor.py:208} INFO - Processing /home/airflow/.local/lib/python3.12/site-packages/airflow/example_dags/example_sensors.py took 0.087 seconds
[2024-10-06T04:49:08.809+0000] {processor.py:186} INFO - Started process (PID=3028) to work on /home/airflow/.local/lib/python3.12/site-packages/airflow/example_dags/example_sensors.py
[2024-10-06T04:49:08.809+0000] {processor.py:914} INFO - Processing file /home/airflow/.local/lib/python3.12/site-packages/airflow/example_dags/example_sensors.py for tasks to queue
[2024-10-06T04:49:08.811+0000] {logging_mixin.py:190} INFO - [2024-10-06T04:49:08.810+0000] {dagbag.py:588} INFO - Filling up the DagBag from /home/airflow/.local/lib/python3.12/site-packages/airflow/example_dags/example_sensors.py
[2024-10-06T04:49:08.827+0000] {processor.py:925} INFO - DAG(s) 'example_sensors' retrieved from /home/airflow/.local/lib/python3.12/site-packages/airflow/example_dags/example_sensors.py
[2024-10-06T04:49:08.863+0000] {logging_mixin.py:190} INFO - [2024-10-06T04:49:08.863+0000] {dag.py:3239} INFO - Sync 1 DAGs
[2024-10-06T04:49:08.883+0000] {logging_mixin.py:190} INFO - [2024-10-06T04:49:08.883+0000] {dag.py:4180} INFO - Setting next_dagrun for example_sensors to None, run_after=None
[2024-10-06T04:49:08.903+0000] {processor.py:208} INFO - Processing /home/airflow/.local/lib/python3.12/site-packages/airflow/example_dags/example_sensors.py took 0.103 seconds
[2024-10-06T04:49:39.322+0000] {processor.py:186} INFO - Started process (PID=3091) to work on /home/airflow/.local/lib/python3.12/site-packages/airflow/example_dags/example_sensors.py
[2024-10-06T04:49:39.322+0000] {processor.py:914} INFO - Processing file /home/airflow/.local/lib/python3.12/site-packages/airflow/example_dags/example_sensors.py for tasks to queue
[2024-10-06T04:49:39.323+0000] {logging_mixin.py:190} INFO - [2024-10-06T04:49:39.323+0000] {dagbag.py:588} INFO - Filling up the DagBag from /home/airflow/.local/lib/python3.12/site-packages/airflow/example_dags/example_sensors.py
[2024-10-06T04:49:39.332+0000] {processor.py:925} INFO - DAG(s) 'example_sensors' retrieved from /home/airflow/.local/lib/python3.12/site-packages/airflow/example_dags/example_sensors.py
[2024-10-06T04:49:39.360+0000] {logging_mixin.py:190} INFO - [2024-10-06T04:49:39.359+0000] {dag.py:3239} INFO - Sync 1 DAGs
[2024-10-06T04:49:39.372+0000] {logging_mixin.py:190} INFO - [2024-10-06T04:49:39.372+0000] {dag.py:4180} INFO - Setting next_dagrun for example_sensors to None, run_after=None
[2024-10-06T04:49:39.395+0000] {processor.py:208} INFO - Processing /home/airflow/.local/lib/python3.12/site-packages/airflow/example_dags/example_sensors.py took 0.077 seconds
[2024-10-06T04:50:09.849+0000] {processor.py:186} INFO - Started process (PID=3154) to work on /home/airflow/.local/lib/python3.12/site-packages/airflow/example_dags/example_sensors.py
[2024-10-06T04:50:09.850+0000] {processor.py:914} INFO - Processing file /home/airflow/.local/lib/python3.12/site-packages/airflow/example_dags/example_sensors.py for tasks to queue
[2024-10-06T04:50:09.851+0000] {logging_mixin.py:190} INFO - [2024-10-06T04:50:09.850+0000] {dagbag.py:588} INFO - Filling up the DagBag from /home/airflow/.local/lib/python3.12/site-packages/airflow/example_dags/example_sensors.py
[2024-10-06T04:50:09.863+0000] {processor.py:925} INFO - DAG(s) 'example_sensors' retrieved from /home/airflow/.local/lib/python3.12/site-packages/airflow/example_dags/example_sensors.py
[2024-10-06T04:50:09.890+0000] {logging_mixin.py:190} INFO - [2024-10-06T04:50:09.890+0000] {dag.py:3239} INFO - Sync 1 DAGs
[2024-10-06T04:50:09.904+0000] {logging_mixin.py:190} INFO - [2024-10-06T04:50:09.904+0000] {dag.py:4180} INFO - Setting next_dagrun for example_sensors to None, run_after=None
[2024-10-06T04:50:09.929+0000] {processor.py:208} INFO - Processing /home/airflow/.local/lib/python3.12/site-packages/airflow/example_dags/example_sensors.py took 0.086 seconds
[2024-10-06T04:50:40.202+0000] {processor.py:186} INFO - Started process (PID=3216) to work on /home/airflow/.local/lib/python3.12/site-packages/airflow/example_dags/example_sensors.py
[2024-10-06T04:50:40.203+0000] {processor.py:914} INFO - Processing file /home/airflow/.local/lib/python3.12/site-packages/airflow/example_dags/example_sensors.py for tasks to queue
[2024-10-06T04:50:40.204+0000] {logging_mixin.py:190} INFO - [2024-10-06T04:50:40.204+0000] {dagbag.py:588} INFO - Filling up the DagBag from /home/airflow/.local/lib/python3.12/site-packages/airflow/example_dags/example_sensors.py
[2024-10-06T04:50:40.213+0000] {processor.py:925} INFO - DAG(s) 'example_sensors' retrieved from /home/airflow/.local/lib/python3.12/site-packages/airflow/example_dags/example_sensors.py
[2024-10-06T04:50:40.244+0000] {logging_mixin.py:190} INFO - [2024-10-06T04:50:40.243+0000] {dag.py:3239} INFO - Sync 1 DAGs
[2024-10-06T04:50:40.259+0000] {logging_mixin.py:190} INFO - [2024-10-06T04:50:40.258+0000] {dag.py:4180} INFO - Setting next_dagrun for example_sensors to None, run_after=None
[2024-10-06T04:50:40.280+0000] {processor.py:208} INFO - Processing /home/airflow/.local/lib/python3.12/site-packages/airflow/example_dags/example_sensors.py took 0.083 seconds
[2024-10-06T04:51:10.768+0000] {processor.py:186} INFO - Started process (PID=3279) to work on /home/airflow/.local/lib/python3.12/site-packages/airflow/example_dags/example_sensors.py
[2024-10-06T04:51:10.769+0000] {processor.py:914} INFO - Processing file /home/airflow/.local/lib/python3.12/site-packages/airflow/example_dags/example_sensors.py for tasks to queue
[2024-10-06T04:51:10.772+0000] {logging_mixin.py:190} INFO - [2024-10-06T04:51:10.771+0000] {dagbag.py:588} INFO - Filling up the DagBag from /home/airflow/.local/lib/python3.12/site-packages/airflow/example_dags/example_sensors.py
[2024-10-06T04:51:10.785+0000] {processor.py:925} INFO - DAG(s) 'example_sensors' retrieved from /home/airflow/.local/lib/python3.12/site-packages/airflow/example_dags/example_sensors.py
[2024-10-06T04:51:10.814+0000] {logging_mixin.py:190} INFO - [2024-10-06T04:51:10.814+0000] {dag.py:3239} INFO - Sync 1 DAGs
[2024-10-06T04:51:10.826+0000] {logging_mixin.py:190} INFO - [2024-10-06T04:51:10.826+0000] {dag.py:4180} INFO - Setting next_dagrun for example_sensors to None, run_after=None
[2024-10-06T04:51:10.844+0000] {processor.py:208} INFO - Processing /home/airflow/.local/lib/python3.12/site-packages/airflow/example_dags/example_sensors.py took 0.084 seconds
[2024-10-06T04:51:41.106+0000] {processor.py:186} INFO - Started process (PID=3342) to work on /home/airflow/.local/lib/python3.12/site-packages/airflow/example_dags/example_sensors.py
[2024-10-06T04:51:41.106+0000] {processor.py:914} INFO - Processing file /home/airflow/.local/lib/python3.12/site-packages/airflow/example_dags/example_sensors.py for tasks to queue
[2024-10-06T04:51:41.107+0000] {logging_mixin.py:190} INFO - [2024-10-06T04:51:41.107+0000] {dagbag.py:588} INFO - Filling up the DagBag from /home/airflow/.local/lib/python3.12/site-packages/airflow/example_dags/example_sensors.py
[2024-10-06T04:51:41.116+0000] {processor.py:925} INFO - DAG(s) 'example_sensors' retrieved from /home/airflow/.local/lib/python3.12/site-packages/airflow/example_dags/example_sensors.py
[2024-10-06T04:51:41.142+0000] {logging_mixin.py:190} INFO - [2024-10-06T04:51:41.142+0000] {dag.py:3239} INFO - Sync 1 DAGs
[2024-10-06T04:51:41.158+0000] {logging_mixin.py:190} INFO - [2024-10-06T04:51:41.157+0000] {dag.py:4180} INFO - Setting next_dagrun for example_sensors to None, run_after=None
[2024-10-06T04:51:41.176+0000] {processor.py:208} INFO - Processing /home/airflow/.local/lib/python3.12/site-packages/airflow/example_dags/example_sensors.py took 0.075 seconds
[2024-10-06T04:52:11.395+0000] {processor.py:186} INFO - Started process (PID=3405) to work on /home/airflow/.local/lib/python3.12/site-packages/airflow/example_dags/example_sensors.py
[2024-10-06T04:52:11.396+0000] {processor.py:914} INFO - Processing file /home/airflow/.local/lib/python3.12/site-packages/airflow/example_dags/example_sensors.py for tasks to queue
[2024-10-06T04:52:11.396+0000] {logging_mixin.py:190} INFO - [2024-10-06T04:52:11.396+0000] {dagbag.py:588} INFO - Filling up the DagBag from /home/airflow/.local/lib/python3.12/site-packages/airflow/example_dags/example_sensors.py
[2024-10-06T04:52:11.408+0000] {processor.py:925} INFO - DAG(s) 'example_sensors' retrieved from /home/airflow/.local/lib/python3.12/site-packages/airflow/example_dags/example_sensors.py
[2024-10-06T04:52:11.428+0000] {logging_mixin.py:190} INFO - [2024-10-06T04:52:11.428+0000] {dag.py:3239} INFO - Sync 1 DAGs
[2024-10-06T04:52:11.438+0000] {logging_mixin.py:190} INFO - [2024-10-06T04:52:11.438+0000] {dag.py:4180} INFO - Setting next_dagrun for example_sensors to None, run_after=None
[2024-10-06T04:52:11.455+0000] {processor.py:208} INFO - Processing /home/airflow/.local/lib/python3.12/site-packages/airflow/example_dags/example_sensors.py took 0.065 seconds
[2024-10-06T04:52:41.701+0000] {processor.py:186} INFO - Started process (PID=3469) to work on /home/airflow/.local/lib/python3.12/site-packages/airflow/example_dags/example_sensors.py
[2024-10-06T04:52:41.701+0000] {processor.py:914} INFO - Processing file /home/airflow/.local/lib/python3.12/site-packages/airflow/example_dags/example_sensors.py for tasks to queue
[2024-10-06T04:52:41.703+0000] {logging_mixin.py:190} INFO - [2024-10-06T04:52:41.702+0000] {dagbag.py:588} INFO - Filling up the DagBag from /home/airflow/.local/lib/python3.12/site-packages/airflow/example_dags/example_sensors.py
[2024-10-06T04:52:41.715+0000] {processor.py:925} INFO - DAG(s) 'example_sensors' retrieved from /home/airflow/.local/lib/python3.12/site-packages/airflow/example_dags/example_sensors.py
[2024-10-06T04:52:41.744+0000] {logging_mixin.py:190} INFO - [2024-10-06T04:52:41.744+0000] {dag.py:3239} INFO - Sync 1 DAGs
[2024-10-06T04:52:41.756+0000] {logging_mixin.py:190} INFO - [2024-10-06T04:52:41.755+0000] {dag.py:4180} INFO - Setting next_dagrun for example_sensors to None, run_after=None
[2024-10-06T04:52:41.774+0000] {processor.py:208} INFO - Processing /home/airflow/.local/lib/python3.12/site-packages/airflow/example_dags/example_sensors.py took 0.080 seconds
[2024-10-06T04:53:11.830+0000] {processor.py:186} INFO - Started process (PID=3531) to work on /home/airflow/.local/lib/python3.12/site-packages/airflow/example_dags/example_sensors.py
[2024-10-06T04:53:11.830+0000] {processor.py:914} INFO - Processing file /home/airflow/.local/lib/python3.12/site-packages/airflow/example_dags/example_sensors.py for tasks to queue
[2024-10-06T04:53:11.831+0000] {logging_mixin.py:190} INFO - [2024-10-06T04:53:11.831+0000] {dagbag.py:588} INFO - Filling up the DagBag from /home/airflow/.local/lib/python3.12/site-packages/airflow/example_dags/example_sensors.py
[2024-10-06T04:53:11.842+0000] {processor.py:925} INFO - DAG(s) 'example_sensors' retrieved from /home/airflow/.local/lib/python3.12/site-packages/airflow/example_dags/example_sensors.py
[2024-10-06T04:53:11.869+0000] {logging_mixin.py:190} INFO - [2024-10-06T04:53:11.869+0000] {dag.py:3239} INFO - Sync 1 DAGs
[2024-10-06T04:53:11.884+0000] {logging_mixin.py:190} INFO - [2024-10-06T04:53:11.884+0000] {dag.py:4180} INFO - Setting next_dagrun for example_sensors to None, run_after=None
[2024-10-06T04:53:11.904+0000] {processor.py:208} INFO - Processing /home/airflow/.local/lib/python3.12/site-packages/airflow/example_dags/example_sensors.py took 0.079 seconds
[2024-10-06T04:53:42.325+0000] {processor.py:186} INFO - Started process (PID=3595) to work on /home/airflow/.local/lib/python3.12/site-packages/airflow/example_dags/example_sensors.py
[2024-10-06T04:53:42.326+0000] {processor.py:914} INFO - Processing file /home/airflow/.local/lib/python3.12/site-packages/airflow/example_dags/example_sensors.py for tasks to queue
[2024-10-06T04:53:42.327+0000] {logging_mixin.py:190} INFO - [2024-10-06T04:53:42.326+0000] {dagbag.py:588} INFO - Filling up the DagBag from /home/airflow/.local/lib/python3.12/site-packages/airflow/example_dags/example_sensors.py
[2024-10-06T04:53:42.336+0000] {processor.py:925} INFO - DAG(s) 'example_sensors' retrieved from /home/airflow/.local/lib/python3.12/site-packages/airflow/example_dags/example_sensors.py
[2024-10-06T04:53:42.356+0000] {logging_mixin.py:190} INFO - [2024-10-06T04:53:42.356+0000] {dag.py:3239} INFO - Sync 1 DAGs
[2024-10-06T04:53:42.369+0000] {logging_mixin.py:190} INFO - [2024-10-06T04:53:42.369+0000] {dag.py:4180} INFO - Setting next_dagrun for example_sensors to None, run_after=None
[2024-10-06T04:53:42.395+0000] {processor.py:208} INFO - Processing /home/airflow/.local/lib/python3.12/site-packages/airflow/example_dags/example_sensors.py took 0.074 seconds
[2024-10-06T04:54:12.546+0000] {processor.py:186} INFO - Started process (PID=3658) to work on /home/airflow/.local/lib/python3.12/site-packages/airflow/example_dags/example_sensors.py
[2024-10-06T04:54:12.547+0000] {processor.py:914} INFO - Processing file /home/airflow/.local/lib/python3.12/site-packages/airflow/example_dags/example_sensors.py for tasks to queue
[2024-10-06T04:54:12.548+0000] {logging_mixin.py:190} INFO - [2024-10-06T04:54:12.547+0000] {dagbag.py:588} INFO - Filling up the DagBag from /home/airflow/.local/lib/python3.12/site-packages/airflow/example_dags/example_sensors.py
[2024-10-06T04:54:12.556+0000] {processor.py:925} INFO - DAG(s) 'example_sensors' retrieved from /home/airflow/.local/lib/python3.12/site-packages/airflow/example_dags/example_sensors.py
[2024-10-06T04:54:12.577+0000] {logging_mixin.py:190} INFO - [2024-10-06T04:54:12.577+0000] {dag.py:3239} INFO - Sync 1 DAGs
[2024-10-06T04:54:12.590+0000] {logging_mixin.py:190} INFO - [2024-10-06T04:54:12.589+0000] {dag.py:4180} INFO - Setting next_dagrun for example_sensors to None, run_after=None
[2024-10-06T04:54:12.608+0000] {processor.py:208} INFO - Processing /home/airflow/.local/lib/python3.12/site-packages/airflow/example_dags/example_sensors.py took 0.066 seconds
[2024-10-06T04:54:42.642+0000] {processor.py:186} INFO - Started process (PID=3720) to work on /home/airflow/.local/lib/python3.12/site-packages/airflow/example_dags/example_sensors.py
[2024-10-06T04:54:42.642+0000] {processor.py:914} INFO - Processing file /home/airflow/.local/lib/python3.12/site-packages/airflow/example_dags/example_sensors.py for tasks to queue
[2024-10-06T04:54:42.643+0000] {logging_mixin.py:190} INFO - [2024-10-06T04:54:42.643+0000] {dagbag.py:588} INFO - Filling up the DagBag from /home/airflow/.local/lib/python3.12/site-packages/airflow/example_dags/example_sensors.py
[2024-10-06T04:54:42.652+0000] {processor.py:925} INFO - DAG(s) 'example_sensors' retrieved from /home/airflow/.local/lib/python3.12/site-packages/airflow/example_dags/example_sensors.py
[2024-10-06T04:54:42.672+0000] {logging_mixin.py:190} INFO - [2024-10-06T04:54:42.672+0000] {dag.py:3239} INFO - Sync 1 DAGs
[2024-10-06T04:54:42.683+0000] {logging_mixin.py:190} INFO - [2024-10-06T04:54:42.682+0000] {dag.py:4180} INFO - Setting next_dagrun for example_sensors to None, run_after=None
[2024-10-06T04:54:42.700+0000] {processor.py:208} INFO - Processing /home/airflow/.local/lib/python3.12/site-packages/airflow/example_dags/example_sensors.py took 0.063 seconds
[2024-10-06T04:55:12.952+0000] {processor.py:186} INFO - Started process (PID=3784) to work on /home/airflow/.local/lib/python3.12/site-packages/airflow/example_dags/example_sensors.py
[2024-10-06T04:55:12.953+0000] {processor.py:914} INFO - Processing file /home/airflow/.local/lib/python3.12/site-packages/airflow/example_dags/example_sensors.py for tasks to queue
[2024-10-06T04:55:12.954+0000] {logging_mixin.py:190} INFO - [2024-10-06T04:55:12.954+0000] {dagbag.py:588} INFO - Filling up the DagBag from /home/airflow/.local/lib/python3.12/site-packages/airflow/example_dags/example_sensors.py
[2024-10-06T04:55:12.967+0000] {processor.py:925} INFO - DAG(s) 'example_sensors' retrieved from /home/airflow/.local/lib/python3.12/site-packages/airflow/example_dags/example_sensors.py
[2024-10-06T04:55:13.000+0000] {logging_mixin.py:190} INFO - [2024-10-06T04:55:13.000+0000] {dag.py:3239} INFO - Sync 1 DAGs
[2024-10-06T04:55:13.018+0000] {logging_mixin.py:190} INFO - [2024-10-06T04:55:13.017+0000] {dag.py:4180} INFO - Setting next_dagrun for example_sensors to None, run_after=None
[2024-10-06T04:55:13.052+0000] {processor.py:208} INFO - Processing /home/airflow/.local/lib/python3.12/site-packages/airflow/example_dags/example_sensors.py took 0.110 seconds
[2024-10-06T04:55:43.294+0000] {processor.py:186} INFO - Started process (PID=3847) to work on /home/airflow/.local/lib/python3.12/site-packages/airflow/example_dags/example_sensors.py
[2024-10-06T04:55:43.295+0000] {processor.py:914} INFO - Processing file /home/airflow/.local/lib/python3.12/site-packages/airflow/example_dags/example_sensors.py for tasks to queue
[2024-10-06T04:55:43.297+0000] {logging_mixin.py:190} INFO - [2024-10-06T04:55:43.296+0000] {dagbag.py:588} INFO - Filling up the DagBag from /home/airflow/.local/lib/python3.12/site-packages/airflow/example_dags/example_sensors.py
[2024-10-06T04:55:43.307+0000] {processor.py:925} INFO - DAG(s) 'example_sensors' retrieved from /home/airflow/.local/lib/python3.12/site-packages/airflow/example_dags/example_sensors.py
[2024-10-06T04:55:43.327+0000] {logging_mixin.py:190} INFO - [2024-10-06T04:55:43.327+0000] {dag.py:3239} INFO - Sync 1 DAGs
[2024-10-06T04:55:43.340+0000] {logging_mixin.py:190} INFO - [2024-10-06T04:55:43.339+0000] {dag.py:4180} INFO - Setting next_dagrun for example_sensors to None, run_after=None
[2024-10-06T04:55:43.373+0000] {processor.py:208} INFO - Processing /home/airflow/.local/lib/python3.12/site-packages/airflow/example_dags/example_sensors.py took 0.085 seconds
[2024-10-06T04:56:13.950+0000] {processor.py:186} INFO - Started process (PID=3912) to work on /home/airflow/.local/lib/python3.12/site-packages/airflow/example_dags/example_sensors.py
[2024-10-06T04:56:13.951+0000] {processor.py:914} INFO - Processing file /home/airflow/.local/lib/python3.12/site-packages/airflow/example_dags/example_sensors.py for tasks to queue
[2024-10-06T04:56:13.952+0000] {logging_mixin.py:190} INFO - [2024-10-06T04:56:13.952+0000] {dagbag.py:588} INFO - Filling up the DagBag from /home/airflow/.local/lib/python3.12/site-packages/airflow/example_dags/example_sensors.py
[2024-10-06T04:56:13.962+0000] {processor.py:925} INFO - DAG(s) 'example_sensors' retrieved from /home/airflow/.local/lib/python3.12/site-packages/airflow/example_dags/example_sensors.py
[2024-10-06T04:56:13.988+0000] {logging_mixin.py:190} INFO - [2024-10-06T04:56:13.987+0000] {dag.py:3239} INFO - Sync 1 DAGs
[2024-10-06T04:56:13.999+0000] {logging_mixin.py:190} INFO - [2024-10-06T04:56:13.999+0000] {dag.py:4180} INFO - Setting next_dagrun for example_sensors to None, run_after=None
[2024-10-06T04:56:14.018+0000] {processor.py:208} INFO - Processing /home/airflow/.local/lib/python3.12/site-packages/airflow/example_dags/example_sensors.py took 0.073 seconds
[2024-10-06T04:56:44.341+0000] {processor.py:186} INFO - Started process (PID=3976) to work on /home/airflow/.local/lib/python3.12/site-packages/airflow/example_dags/example_sensors.py
[2024-10-06T04:56:44.342+0000] {processor.py:914} INFO - Processing file /home/airflow/.local/lib/python3.12/site-packages/airflow/example_dags/example_sensors.py for tasks to queue
[2024-10-06T04:56:44.343+0000] {logging_mixin.py:190} INFO - [2024-10-06T04:56:44.343+0000] {dagbag.py:588} INFO - Filling up the DagBag from /home/airflow/.local/lib/python3.12/site-packages/airflow/example_dags/example_sensors.py
[2024-10-06T04:56:44.352+0000] {processor.py:925} INFO - DAG(s) 'example_sensors' retrieved from /home/airflow/.local/lib/python3.12/site-packages/airflow/example_dags/example_sensors.py
[2024-10-06T04:56:44.374+0000] {logging_mixin.py:190} INFO - [2024-10-06T04:56:44.374+0000] {dag.py:3239} INFO - Sync 1 DAGs
[2024-10-06T04:56:44.387+0000] {logging_mixin.py:190} INFO - [2024-10-06T04:56:44.387+0000] {dag.py:4180} INFO - Setting next_dagrun for example_sensors to None, run_after=None
[2024-10-06T04:56:44.424+0000] {processor.py:208} INFO - Processing /home/airflow/.local/lib/python3.12/site-packages/airflow/example_dags/example_sensors.py took 0.087 seconds
[2024-10-06T04:57:14.976+0000] {processor.py:186} INFO - Started process (PID=4040) to work on /home/airflow/.local/lib/python3.12/site-packages/airflow/example_dags/example_sensors.py
[2024-10-06T04:57:14.977+0000] {processor.py:914} INFO - Processing file /home/airflow/.local/lib/python3.12/site-packages/airflow/example_dags/example_sensors.py for tasks to queue
[2024-10-06T04:57:14.978+0000] {logging_mixin.py:190} INFO - [2024-10-06T04:57:14.978+0000] {dagbag.py:588} INFO - Filling up the DagBag from /home/airflow/.local/lib/python3.12/site-packages/airflow/example_dags/example_sensors.py
[2024-10-06T04:57:14.987+0000] {processor.py:925} INFO - DAG(s) 'example_sensors' retrieved from /home/airflow/.local/lib/python3.12/site-packages/airflow/example_dags/example_sensors.py
[2024-10-06T04:57:15.015+0000] {logging_mixin.py:190} INFO - [2024-10-06T04:57:15.015+0000] {dag.py:3239} INFO - Sync 1 DAGs
[2024-10-06T04:57:15.028+0000] {logging_mixin.py:190} INFO - [2024-10-06T04:57:15.028+0000] {dag.py:4180} INFO - Setting next_dagrun for example_sensors to None, run_after=None
[2024-10-06T04:57:15.050+0000] {processor.py:208} INFO - Processing /home/airflow/.local/lib/python3.12/site-packages/airflow/example_dags/example_sensors.py took 0.078 seconds
[2024-10-06T04:57:45.407+0000] {processor.py:186} INFO - Started process (PID=4104) to work on /home/airflow/.local/lib/python3.12/site-packages/airflow/example_dags/example_sensors.py
[2024-10-06T04:57:45.408+0000] {processor.py:914} INFO - Processing file /home/airflow/.local/lib/python3.12/site-packages/airflow/example_dags/example_sensors.py for tasks to queue
[2024-10-06T04:57:45.409+0000] {logging_mixin.py:190} INFO - [2024-10-06T04:57:45.409+0000] {dagbag.py:588} INFO - Filling up the DagBag from /home/airflow/.local/lib/python3.12/site-packages/airflow/example_dags/example_sensors.py
[2024-10-06T04:57:45.418+0000] {processor.py:925} INFO - DAG(s) 'example_sensors' retrieved from /home/airflow/.local/lib/python3.12/site-packages/airflow/example_dags/example_sensors.py
[2024-10-06T04:57:45.438+0000] {logging_mixin.py:190} INFO - [2024-10-06T04:57:45.438+0000] {dag.py:3239} INFO - Sync 1 DAGs
[2024-10-06T04:57:45.451+0000] {logging_mixin.py:190} INFO - [2024-10-06T04:57:45.451+0000] {dag.py:4180} INFO - Setting next_dagrun for example_sensors to None, run_after=None
[2024-10-06T04:57:45.469+0000] {processor.py:208} INFO - Processing /home/airflow/.local/lib/python3.12/site-packages/airflow/example_dags/example_sensors.py took 0.066 seconds
