[2024-10-06T04:25:18.057+0000] {processor.py:186} INFO - Started process (PID=75) to work on /home/airflow/.local/lib/python3.12/site-packages/airflow/example_dags/example_python_operator.py
[2024-10-06T04:25:18.058+0000] {processor.py:914} INFO - Processing file /home/airflow/.local/lib/python3.12/site-packages/airflow/example_dags/example_python_operator.py for tasks to queue
[2024-10-06T04:25:18.060+0000] {logging_mixin.py:190} INFO - [2024-10-06T04:25:18.059+0000] {dagbag.py:588} INFO - Filling up the DagBag from /home/airflow/.local/lib/python3.12/site-packages/airflow/example_dags/example_python_operator.py
[2024-10-06T04:25:18.073+0000] {processor.py:925} INFO - DAG(s) 'example_python_operator' retrieved from /home/airflow/.local/lib/python3.12/site-packages/airflow/example_dags/example_python_operator.py
[2024-10-06T04:25:18.226+0000] {logging_mixin.py:190} INFO - [2024-10-06T04:25:18.226+0000] {override.py:1900} INFO - Created Permission View: can edit on DAG:example_python_operator
[2024-10-06T04:25:18.239+0000] {logging_mixin.py:190} INFO - [2024-10-06T04:25:18.239+0000] {override.py:1900} INFO - Created Permission View: can delete on DAG:example_python_operator
[2024-10-06T04:25:18.248+0000] {logging_mixin.py:190} INFO - [2024-10-06T04:25:18.247+0000] {override.py:1900} INFO - Created Permission View: can read on DAG:example_python_operator
[2024-10-06T04:25:18.263+0000] {logging_mixin.py:190} INFO - [2024-10-06T04:25:18.262+0000] {override.py:1900} INFO - Created Permission View: can delete on DAG Run:example_python_operator
[2024-10-06T04:25:18.272+0000] {logging_mixin.py:190} INFO - [2024-10-06T04:25:18.272+0000] {override.py:1900} INFO - Created Permission View: can create on DAG Run:example_python_operator
[2024-10-06T04:25:18.283+0000] {logging_mixin.py:190} INFO - [2024-10-06T04:25:18.282+0000] {override.py:1900} INFO - Created Permission View: menu access on DAG Run:example_python_operator
[2024-10-06T04:25:18.293+0000] {logging_mixin.py:190} INFO - [2024-10-06T04:25:18.293+0000] {override.py:1900} INFO - Created Permission View: can read on DAG Run:example_python_operator
[2024-10-06T04:25:18.294+0000] {logging_mixin.py:190} INFO - [2024-10-06T04:25:18.293+0000] {dag.py:3239} INFO - Sync 1 DAGs
[2024-10-06T04:25:18.327+0000] {logging_mixin.py:190} INFO - [2024-10-06T04:25:18.327+0000] {dag.py:3262} INFO - Creating ORM DAG for example_python_operator
[2024-10-06T04:25:18.328+0000] {logging_mixin.py:190} INFO - [2024-10-06T04:25:18.328+0000] {dag.py:4180} INFO - Setting next_dagrun for example_python_operator to None, run_after=None
[2024-10-06T04:25:18.359+0000] {processor.py:208} INFO - Processing /home/airflow/.local/lib/python3.12/site-packages/airflow/example_dags/example_python_operator.py took 0.314 seconds
[2024-10-06T04:25:49.077+0000] {processor.py:186} INFO - Started process (PID=138) to work on /home/airflow/.local/lib/python3.12/site-packages/airflow/example_dags/example_python_operator.py
[2024-10-06T04:25:49.077+0000] {processor.py:914} INFO - Processing file /home/airflow/.local/lib/python3.12/site-packages/airflow/example_dags/example_python_operator.py for tasks to queue
[2024-10-06T04:25:49.079+0000] {logging_mixin.py:190} INFO - [2024-10-06T04:25:49.079+0000] {dagbag.py:588} INFO - Filling up the DagBag from /home/airflow/.local/lib/python3.12/site-packages/airflow/example_dags/example_python_operator.py
[2024-10-06T04:25:49.088+0000] {processor.py:925} INFO - DAG(s) 'example_python_operator' retrieved from /home/airflow/.local/lib/python3.12/site-packages/airflow/example_dags/example_python_operator.py
[2024-10-06T04:25:49.109+0000] {logging_mixin.py:190} INFO - [2024-10-06T04:25:49.109+0000] {dag.py:3239} INFO - Sync 1 DAGs
[2024-10-06T04:25:49.124+0000] {logging_mixin.py:190} INFO - [2024-10-06T04:25:49.124+0000] {dag.py:4180} INFO - Setting next_dagrun for example_python_operator to None, run_after=None
[2024-10-06T04:25:49.143+0000] {processor.py:208} INFO - Processing /home/airflow/.local/lib/python3.12/site-packages/airflow/example_dags/example_python_operator.py took 0.071 seconds
[2024-10-06T04:26:19.593+0000] {processor.py:186} INFO - Started process (PID=200) to work on /home/airflow/.local/lib/python3.12/site-packages/airflow/example_dags/example_python_operator.py
[2024-10-06T04:26:19.594+0000] {processor.py:914} INFO - Processing file /home/airflow/.local/lib/python3.12/site-packages/airflow/example_dags/example_python_operator.py for tasks to queue
[2024-10-06T04:26:19.596+0000] {logging_mixin.py:190} INFO - [2024-10-06T04:26:19.596+0000] {dagbag.py:588} INFO - Filling up the DagBag from /home/airflow/.local/lib/python3.12/site-packages/airflow/example_dags/example_python_operator.py
[2024-10-06T04:26:19.609+0000] {processor.py:925} INFO - DAG(s) 'example_python_operator' retrieved from /home/airflow/.local/lib/python3.12/site-packages/airflow/example_dags/example_python_operator.py
[2024-10-06T04:26:19.632+0000] {logging_mixin.py:190} INFO - [2024-10-06T04:26:19.632+0000] {dag.py:3239} INFO - Sync 1 DAGs
[2024-10-06T04:26:19.648+0000] {logging_mixin.py:190} INFO - [2024-10-06T04:26:19.648+0000] {dag.py:4180} INFO - Setting next_dagrun for example_python_operator to None, run_after=None
[2024-10-06T04:26:19.685+0000] {processor.py:208} INFO - Processing /home/airflow/.local/lib/python3.12/site-packages/airflow/example_dags/example_python_operator.py took 0.098 seconds
[2024-10-06T04:26:49.914+0000] {processor.py:186} INFO - Started process (PID=262) to work on /home/airflow/.local/lib/python3.12/site-packages/airflow/example_dags/example_python_operator.py
[2024-10-06T04:26:49.914+0000] {processor.py:914} INFO - Processing file /home/airflow/.local/lib/python3.12/site-packages/airflow/example_dags/example_python_operator.py for tasks to queue
[2024-10-06T04:26:49.916+0000] {logging_mixin.py:190} INFO - [2024-10-06T04:26:49.916+0000] {dagbag.py:588} INFO - Filling up the DagBag from /home/airflow/.local/lib/python3.12/site-packages/airflow/example_dags/example_python_operator.py
[2024-10-06T04:26:49.926+0000] {processor.py:925} INFO - DAG(s) 'example_python_operator' retrieved from /home/airflow/.local/lib/python3.12/site-packages/airflow/example_dags/example_python_operator.py
[2024-10-06T04:26:49.947+0000] {logging_mixin.py:190} INFO - [2024-10-06T04:26:49.947+0000] {dag.py:3239} INFO - Sync 1 DAGs
[2024-10-06T04:26:49.962+0000] {logging_mixin.py:190} INFO - [2024-10-06T04:26:49.962+0000] {dag.py:4180} INFO - Setting next_dagrun for example_python_operator to None, run_after=None
[2024-10-06T04:26:49.983+0000] {processor.py:208} INFO - Processing /home/airflow/.local/lib/python3.12/site-packages/airflow/example_dags/example_python_operator.py took 0.073 seconds
[2024-10-06T04:27:20.279+0000] {processor.py:186} INFO - Started process (PID=324) to work on /home/airflow/.local/lib/python3.12/site-packages/airflow/example_dags/example_python_operator.py
[2024-10-06T04:27:20.280+0000] {processor.py:914} INFO - Processing file /home/airflow/.local/lib/python3.12/site-packages/airflow/example_dags/example_python_operator.py for tasks to queue
[2024-10-06T04:27:20.282+0000] {logging_mixin.py:190} INFO - [2024-10-06T04:27:20.282+0000] {dagbag.py:588} INFO - Filling up the DagBag from /home/airflow/.local/lib/python3.12/site-packages/airflow/example_dags/example_python_operator.py
[2024-10-06T04:27:20.292+0000] {processor.py:925} INFO - DAG(s) 'example_python_operator' retrieved from /home/airflow/.local/lib/python3.12/site-packages/airflow/example_dags/example_python_operator.py
[2024-10-06T04:27:20.308+0000] {logging_mixin.py:190} INFO - [2024-10-06T04:27:20.308+0000] {dag.py:3239} INFO - Sync 1 DAGs
[2024-10-06T04:27:20.323+0000] {logging_mixin.py:190} INFO - [2024-10-06T04:27:20.323+0000] {dag.py:4180} INFO - Setting next_dagrun for example_python_operator to None, run_after=None
[2024-10-06T04:27:20.347+0000] {processor.py:208} INFO - Processing /home/airflow/.local/lib/python3.12/site-packages/airflow/example_dags/example_python_operator.py took 0.074 seconds
[2024-10-06T04:27:50.908+0000] {processor.py:186} INFO - Started process (PID=386) to work on /home/airflow/.local/lib/python3.12/site-packages/airflow/example_dags/example_python_operator.py
[2024-10-06T04:27:50.908+0000] {processor.py:914} INFO - Processing file /home/airflow/.local/lib/python3.12/site-packages/airflow/example_dags/example_python_operator.py for tasks to queue
[2024-10-06T04:27:50.910+0000] {logging_mixin.py:190} INFO - [2024-10-06T04:27:50.909+0000] {dagbag.py:588} INFO - Filling up the DagBag from /home/airflow/.local/lib/python3.12/site-packages/airflow/example_dags/example_python_operator.py
[2024-10-06T04:27:50.919+0000] {processor.py:925} INFO - DAG(s) 'example_python_operator' retrieved from /home/airflow/.local/lib/python3.12/site-packages/airflow/example_dags/example_python_operator.py
[2024-10-06T04:27:50.935+0000] {logging_mixin.py:190} INFO - [2024-10-06T04:27:50.935+0000] {dag.py:3239} INFO - Sync 1 DAGs
[2024-10-06T04:27:50.947+0000] {logging_mixin.py:190} INFO - [2024-10-06T04:27:50.947+0000] {dag.py:4180} INFO - Setting next_dagrun for example_python_operator to None, run_after=None
[2024-10-06T04:27:50.961+0000] {processor.py:208} INFO - Processing /home/airflow/.local/lib/python3.12/site-packages/airflow/example_dags/example_python_operator.py took 0.058 seconds
[2024-10-06T04:28:21.108+0000] {processor.py:186} INFO - Started process (PID=449) to work on /home/airflow/.local/lib/python3.12/site-packages/airflow/example_dags/example_python_operator.py
[2024-10-06T04:28:21.109+0000] {processor.py:914} INFO - Processing file /home/airflow/.local/lib/python3.12/site-packages/airflow/example_dags/example_python_operator.py for tasks to queue
[2024-10-06T04:28:21.110+0000] {logging_mixin.py:190} INFO - [2024-10-06T04:28:21.110+0000] {dagbag.py:588} INFO - Filling up the DagBag from /home/airflow/.local/lib/python3.12/site-packages/airflow/example_dags/example_python_operator.py
[2024-10-06T04:28:21.120+0000] {processor.py:925} INFO - DAG(s) 'example_python_operator' retrieved from /home/airflow/.local/lib/python3.12/site-packages/airflow/example_dags/example_python_operator.py
[2024-10-06T04:28:21.142+0000] {logging_mixin.py:190} INFO - [2024-10-06T04:28:21.141+0000] {dag.py:3239} INFO - Sync 1 DAGs
[2024-10-06T04:28:21.157+0000] {logging_mixin.py:190} INFO - [2024-10-06T04:28:21.157+0000] {dag.py:4180} INFO - Setting next_dagrun for example_python_operator to None, run_after=None
[2024-10-06T04:28:21.181+0000] {processor.py:208} INFO - Processing /home/airflow/.local/lib/python3.12/site-packages/airflow/example_dags/example_python_operator.py took 0.078 seconds
[2024-10-06T04:28:51.448+0000] {processor.py:186} INFO - Started process (PID=511) to work on /home/airflow/.local/lib/python3.12/site-packages/airflow/example_dags/example_python_operator.py
[2024-10-06T04:28:51.448+0000] {processor.py:914} INFO - Processing file /home/airflow/.local/lib/python3.12/site-packages/airflow/example_dags/example_python_operator.py for tasks to queue
[2024-10-06T04:28:51.450+0000] {logging_mixin.py:190} INFO - [2024-10-06T04:28:51.450+0000] {dagbag.py:588} INFO - Filling up the DagBag from /home/airflow/.local/lib/python3.12/site-packages/airflow/example_dags/example_python_operator.py
[2024-10-06T04:28:51.459+0000] {processor.py:925} INFO - DAG(s) 'example_python_operator' retrieved from /home/airflow/.local/lib/python3.12/site-packages/airflow/example_dags/example_python_operator.py
[2024-10-06T04:28:51.480+0000] {logging_mixin.py:190} INFO - [2024-10-06T04:28:51.480+0000] {dag.py:3239} INFO - Sync 1 DAGs
[2024-10-06T04:28:51.491+0000] {logging_mixin.py:190} INFO - [2024-10-06T04:28:51.491+0000] {dag.py:4180} INFO - Setting next_dagrun for example_python_operator to None, run_after=None
[2024-10-06T04:28:51.511+0000] {processor.py:208} INFO - Processing /home/airflow/.local/lib/python3.12/site-packages/airflow/example_dags/example_python_operator.py took 0.067 seconds
[2024-10-06T04:29:21.644+0000] {processor.py:186} INFO - Started process (PID=573) to work on /home/airflow/.local/lib/python3.12/site-packages/airflow/example_dags/example_python_operator.py
[2024-10-06T04:29:21.645+0000] {processor.py:914} INFO - Processing file /home/airflow/.local/lib/python3.12/site-packages/airflow/example_dags/example_python_operator.py for tasks to queue
[2024-10-06T04:29:21.646+0000] {logging_mixin.py:190} INFO - [2024-10-06T04:29:21.646+0000] {dagbag.py:588} INFO - Filling up the DagBag from /home/airflow/.local/lib/python3.12/site-packages/airflow/example_dags/example_python_operator.py
[2024-10-06T04:29:21.656+0000] {processor.py:925} INFO - DAG(s) 'example_python_operator' retrieved from /home/airflow/.local/lib/python3.12/site-packages/airflow/example_dags/example_python_operator.py
[2024-10-06T04:29:21.678+0000] {logging_mixin.py:190} INFO - [2024-10-06T04:29:21.677+0000] {dag.py:3239} INFO - Sync 1 DAGs
[2024-10-06T04:29:21.689+0000] {logging_mixin.py:190} INFO - [2024-10-06T04:29:21.688+0000] {dag.py:4180} INFO - Setting next_dagrun for example_python_operator to None, run_after=None
[2024-10-06T04:29:21.705+0000] {processor.py:208} INFO - Processing /home/airflow/.local/lib/python3.12/site-packages/airflow/example_dags/example_python_operator.py took 0.065 seconds
[2024-10-06T04:29:51.845+0000] {processor.py:186} INFO - Started process (PID=635) to work on /home/airflow/.local/lib/python3.12/site-packages/airflow/example_dags/example_python_operator.py
[2024-10-06T04:29:51.846+0000] {processor.py:914} INFO - Processing file /home/airflow/.local/lib/python3.12/site-packages/airflow/example_dags/example_python_operator.py for tasks to queue
[2024-10-06T04:29:51.847+0000] {logging_mixin.py:190} INFO - [2024-10-06T04:29:51.847+0000] {dagbag.py:588} INFO - Filling up the DagBag from /home/airflow/.local/lib/python3.12/site-packages/airflow/example_dags/example_python_operator.py
[2024-10-06T04:29:51.856+0000] {processor.py:925} INFO - DAG(s) 'example_python_operator' retrieved from /home/airflow/.local/lib/python3.12/site-packages/airflow/example_dags/example_python_operator.py
[2024-10-06T04:29:51.881+0000] {logging_mixin.py:190} INFO - [2024-10-06T04:29:51.881+0000] {dag.py:3239} INFO - Sync 1 DAGs
[2024-10-06T04:29:51.897+0000] {logging_mixin.py:190} INFO - [2024-10-06T04:29:51.897+0000] {dag.py:4180} INFO - Setting next_dagrun for example_python_operator to None, run_after=None
[2024-10-06T04:29:51.920+0000] {processor.py:208} INFO - Processing /home/airflow/.local/lib/python3.12/site-packages/airflow/example_dags/example_python_operator.py took 0.079 seconds
[2024-10-06T04:30:22.071+0000] {processor.py:186} INFO - Started process (PID=698) to work on /home/airflow/.local/lib/python3.12/site-packages/airflow/example_dags/example_python_operator.py
[2024-10-06T04:30:22.071+0000] {processor.py:914} INFO - Processing file /home/airflow/.local/lib/python3.12/site-packages/airflow/example_dags/example_python_operator.py for tasks to queue
[2024-10-06T04:30:22.073+0000] {logging_mixin.py:190} INFO - [2024-10-06T04:30:22.073+0000] {dagbag.py:588} INFO - Filling up the DagBag from /home/airflow/.local/lib/python3.12/site-packages/airflow/example_dags/example_python_operator.py
[2024-10-06T04:30:22.083+0000] {processor.py:925} INFO - DAG(s) 'example_python_operator' retrieved from /home/airflow/.local/lib/python3.12/site-packages/airflow/example_dags/example_python_operator.py
[2024-10-06T04:30:22.105+0000] {logging_mixin.py:190} INFO - [2024-10-06T04:30:22.104+0000] {dag.py:3239} INFO - Sync 1 DAGs
[2024-10-06T04:30:22.120+0000] {logging_mixin.py:190} INFO - [2024-10-06T04:30:22.120+0000] {dag.py:4180} INFO - Setting next_dagrun for example_python_operator to None, run_after=None
[2024-10-06T04:30:22.143+0000] {processor.py:208} INFO - Processing /home/airflow/.local/lib/python3.12/site-packages/airflow/example_dags/example_python_operator.py took 0.076 seconds
[2024-10-06T04:30:52.462+0000] {processor.py:186} INFO - Started process (PID=761) to work on /home/airflow/.local/lib/python3.12/site-packages/airflow/example_dags/example_python_operator.py
[2024-10-06T04:30:52.463+0000] {processor.py:914} INFO - Processing file /home/airflow/.local/lib/python3.12/site-packages/airflow/example_dags/example_python_operator.py for tasks to queue
[2024-10-06T04:30:52.464+0000] {logging_mixin.py:190} INFO - [2024-10-06T04:30:52.464+0000] {dagbag.py:588} INFO - Filling up the DagBag from /home/airflow/.local/lib/python3.12/site-packages/airflow/example_dags/example_python_operator.py
[2024-10-06T04:30:52.473+0000] {processor.py:925} INFO - DAG(s) 'example_python_operator' retrieved from /home/airflow/.local/lib/python3.12/site-packages/airflow/example_dags/example_python_operator.py
[2024-10-06T04:30:52.490+0000] {logging_mixin.py:190} INFO - [2024-10-06T04:30:52.490+0000] {dag.py:3239} INFO - Sync 1 DAGs
[2024-10-06T04:30:52.501+0000] {logging_mixin.py:190} INFO - [2024-10-06T04:30:52.501+0000] {dag.py:4180} INFO - Setting next_dagrun for example_python_operator to None, run_after=None
[2024-10-06T04:30:52.530+0000] {processor.py:208} INFO - Processing /home/airflow/.local/lib/python3.12/site-packages/airflow/example_dags/example_python_operator.py took 0.072 seconds
[2024-10-06T04:31:22.639+0000] {processor.py:186} INFO - Started process (PID=824) to work on /home/airflow/.local/lib/python3.12/site-packages/airflow/example_dags/example_python_operator.py
[2024-10-06T04:31:22.640+0000] {processor.py:914} INFO - Processing file /home/airflow/.local/lib/python3.12/site-packages/airflow/example_dags/example_python_operator.py for tasks to queue
[2024-10-06T04:31:22.641+0000] {logging_mixin.py:190} INFO - [2024-10-06T04:31:22.641+0000] {dagbag.py:588} INFO - Filling up the DagBag from /home/airflow/.local/lib/python3.12/site-packages/airflow/example_dags/example_python_operator.py
[2024-10-06T04:31:22.650+0000] {processor.py:925} INFO - DAG(s) 'example_python_operator' retrieved from /home/airflow/.local/lib/python3.12/site-packages/airflow/example_dags/example_python_operator.py
[2024-10-06T04:31:22.667+0000] {logging_mixin.py:190} INFO - [2024-10-06T04:31:22.667+0000] {dag.py:3239} INFO - Sync 1 DAGs
[2024-10-06T04:31:22.679+0000] {logging_mixin.py:190} INFO - [2024-10-06T04:31:22.679+0000] {dag.py:4180} INFO - Setting next_dagrun for example_python_operator to None, run_after=None
[2024-10-06T04:31:22.699+0000] {processor.py:208} INFO - Processing /home/airflow/.local/lib/python3.12/site-packages/airflow/example_dags/example_python_operator.py took 0.065 seconds
[2024-10-06T04:31:52.750+0000] {processor.py:186} INFO - Started process (PID=886) to work on /home/airflow/.local/lib/python3.12/site-packages/airflow/example_dags/example_python_operator.py
[2024-10-06T04:31:52.750+0000] {processor.py:914} INFO - Processing file /home/airflow/.local/lib/python3.12/site-packages/airflow/example_dags/example_python_operator.py for tasks to queue
[2024-10-06T04:31:52.752+0000] {logging_mixin.py:190} INFO - [2024-10-06T04:31:52.752+0000] {dagbag.py:588} INFO - Filling up the DagBag from /home/airflow/.local/lib/python3.12/site-packages/airflow/example_dags/example_python_operator.py
[2024-10-06T04:31:52.761+0000] {processor.py:925} INFO - DAG(s) 'example_python_operator' retrieved from /home/airflow/.local/lib/python3.12/site-packages/airflow/example_dags/example_python_operator.py
[2024-10-06T04:31:52.778+0000] {logging_mixin.py:190} INFO - [2024-10-06T04:31:52.778+0000] {dag.py:3239} INFO - Sync 1 DAGs
[2024-10-06T04:31:52.788+0000] {logging_mixin.py:190} INFO - [2024-10-06T04:31:52.788+0000] {dag.py:4180} INFO - Setting next_dagrun for example_python_operator to None, run_after=None
[2024-10-06T04:31:52.814+0000] {processor.py:208} INFO - Processing /home/airflow/.local/lib/python3.12/site-packages/airflow/example_dags/example_python_operator.py took 0.069 seconds
[2024-10-06T04:32:23.053+0000] {processor.py:186} INFO - Started process (PID=950) to work on /home/airflow/.local/lib/python3.12/site-packages/airflow/example_dags/example_python_operator.py
[2024-10-06T04:32:23.054+0000] {processor.py:914} INFO - Processing file /home/airflow/.local/lib/python3.12/site-packages/airflow/example_dags/example_python_operator.py for tasks to queue
[2024-10-06T04:32:23.056+0000] {logging_mixin.py:190} INFO - [2024-10-06T04:32:23.055+0000] {dagbag.py:588} INFO - Filling up the DagBag from /home/airflow/.local/lib/python3.12/site-packages/airflow/example_dags/example_python_operator.py
[2024-10-06T04:32:23.068+0000] {processor.py:925} INFO - DAG(s) 'example_python_operator' retrieved from /home/airflow/.local/lib/python3.12/site-packages/airflow/example_dags/example_python_operator.py
[2024-10-06T04:32:23.092+0000] {logging_mixin.py:190} INFO - [2024-10-06T04:32:23.091+0000] {dag.py:3239} INFO - Sync 1 DAGs
[2024-10-06T04:32:23.106+0000] {logging_mixin.py:190} INFO - [2024-10-06T04:32:23.106+0000] {dag.py:4180} INFO - Setting next_dagrun for example_python_operator to None, run_after=None
[2024-10-06T04:32:23.128+0000] {processor.py:208} INFO - Processing /home/airflow/.local/lib/python3.12/site-packages/airflow/example_dags/example_python_operator.py took 0.081 seconds
[2024-10-06T04:32:53.474+0000] {processor.py:186} INFO - Started process (PID=1013) to work on /home/airflow/.local/lib/python3.12/site-packages/airflow/example_dags/example_python_operator.py
[2024-10-06T04:32:53.476+0000] {processor.py:914} INFO - Processing file /home/airflow/.local/lib/python3.12/site-packages/airflow/example_dags/example_python_operator.py for tasks to queue
[2024-10-06T04:32:53.478+0000] {logging_mixin.py:190} INFO - [2024-10-06T04:32:53.477+0000] {dagbag.py:588} INFO - Filling up the DagBag from /home/airflow/.local/lib/python3.12/site-packages/airflow/example_dags/example_python_operator.py
[2024-10-06T04:32:53.491+0000] {processor.py:925} INFO - DAG(s) 'example_python_operator' retrieved from /home/airflow/.local/lib/python3.12/site-packages/airflow/example_dags/example_python_operator.py
[2024-10-06T04:32:53.515+0000] {logging_mixin.py:190} INFO - [2024-10-06T04:32:53.514+0000] {dag.py:3239} INFO - Sync 1 DAGs
[2024-10-06T04:32:53.526+0000] {logging_mixin.py:190} INFO - [2024-10-06T04:32:53.526+0000] {dag.py:4180} INFO - Setting next_dagrun for example_python_operator to None, run_after=None
[2024-10-06T04:32:53.548+0000] {processor.py:208} INFO - Processing /home/airflow/.local/lib/python3.12/site-packages/airflow/example_dags/example_python_operator.py took 0.080 seconds
[2024-10-06T04:33:23.649+0000] {processor.py:186} INFO - Started process (PID=1076) to work on /home/airflow/.local/lib/python3.12/site-packages/airflow/example_dags/example_python_operator.py
[2024-10-06T04:33:23.649+0000] {processor.py:914} INFO - Processing file /home/airflow/.local/lib/python3.12/site-packages/airflow/example_dags/example_python_operator.py for tasks to queue
[2024-10-06T04:33:23.651+0000] {logging_mixin.py:190} INFO - [2024-10-06T04:33:23.651+0000] {dagbag.py:588} INFO - Filling up the DagBag from /home/airflow/.local/lib/python3.12/site-packages/airflow/example_dags/example_python_operator.py
[2024-10-06T04:33:23.662+0000] {processor.py:925} INFO - DAG(s) 'example_python_operator' retrieved from /home/airflow/.local/lib/python3.12/site-packages/airflow/example_dags/example_python_operator.py
[2024-10-06T04:33:23.681+0000] {logging_mixin.py:190} INFO - [2024-10-06T04:33:23.681+0000] {dag.py:3239} INFO - Sync 1 DAGs
[2024-10-06T04:33:23.694+0000] {logging_mixin.py:190} INFO - [2024-10-06T04:33:23.694+0000] {dag.py:4180} INFO - Setting next_dagrun for example_python_operator to None, run_after=None
[2024-10-06T04:33:23.720+0000] {processor.py:208} INFO - Processing /home/airflow/.local/lib/python3.12/site-packages/airflow/example_dags/example_python_operator.py took 0.076 seconds
[2024-10-06T04:33:53.762+0000] {processor.py:186} INFO - Started process (PID=1138) to work on /home/airflow/.local/lib/python3.12/site-packages/airflow/example_dags/example_python_operator.py
[2024-10-06T04:33:53.763+0000] {processor.py:914} INFO - Processing file /home/airflow/.local/lib/python3.12/site-packages/airflow/example_dags/example_python_operator.py for tasks to queue
[2024-10-06T04:33:53.764+0000] {logging_mixin.py:190} INFO - [2024-10-06T04:33:53.764+0000] {dagbag.py:588} INFO - Filling up the DagBag from /home/airflow/.local/lib/python3.12/site-packages/airflow/example_dags/example_python_operator.py
[2024-10-06T04:33:53.774+0000] {processor.py:925} INFO - DAG(s) 'example_python_operator' retrieved from /home/airflow/.local/lib/python3.12/site-packages/airflow/example_dags/example_python_operator.py
[2024-10-06T04:33:53.796+0000] {logging_mixin.py:190} INFO - [2024-10-06T04:33:53.795+0000] {dag.py:3239} INFO - Sync 1 DAGs
[2024-10-06T04:33:53.812+0000] {logging_mixin.py:190} INFO - [2024-10-06T04:33:53.812+0000] {dag.py:4180} INFO - Setting next_dagrun for example_python_operator to None, run_after=None
[2024-10-06T04:33:53.834+0000] {processor.py:208} INFO - Processing /home/airflow/.local/lib/python3.12/site-packages/airflow/example_dags/example_python_operator.py took 0.077 seconds
[2024-10-06T04:34:23.889+0000] {processor.py:186} INFO - Started process (PID=1200) to work on /home/airflow/.local/lib/python3.12/site-packages/airflow/example_dags/example_python_operator.py
[2024-10-06T04:34:23.890+0000] {processor.py:914} INFO - Processing file /home/airflow/.local/lib/python3.12/site-packages/airflow/example_dags/example_python_operator.py for tasks to queue
[2024-10-06T04:34:23.892+0000] {logging_mixin.py:190} INFO - [2024-10-06T04:34:23.891+0000] {dagbag.py:588} INFO - Filling up the DagBag from /home/airflow/.local/lib/python3.12/site-packages/airflow/example_dags/example_python_operator.py
[2024-10-06T04:34:23.900+0000] {processor.py:925} INFO - DAG(s) 'example_python_operator' retrieved from /home/airflow/.local/lib/python3.12/site-packages/airflow/example_dags/example_python_operator.py
[2024-10-06T04:34:23.917+0000] {logging_mixin.py:190} INFO - [2024-10-06T04:34:23.917+0000] {dag.py:3239} INFO - Sync 1 DAGs
[2024-10-06T04:34:23.928+0000] {logging_mixin.py:190} INFO - [2024-10-06T04:34:23.928+0000] {dag.py:4180} INFO - Setting next_dagrun for example_python_operator to None, run_after=None
[2024-10-06T04:34:23.947+0000] {processor.py:208} INFO - Processing /home/airflow/.local/lib/python3.12/site-packages/airflow/example_dags/example_python_operator.py took 0.062 seconds
[2024-10-06T04:34:54.534+0000] {processor.py:186} INFO - Started process (PID=1264) to work on /home/airflow/.local/lib/python3.12/site-packages/airflow/example_dags/example_python_operator.py
[2024-10-06T04:34:54.534+0000] {processor.py:914} INFO - Processing file /home/airflow/.local/lib/python3.12/site-packages/airflow/example_dags/example_python_operator.py for tasks to queue
[2024-10-06T04:34:54.536+0000] {logging_mixin.py:190} INFO - [2024-10-06T04:34:54.536+0000] {dagbag.py:588} INFO - Filling up the DagBag from /home/airflow/.local/lib/python3.12/site-packages/airflow/example_dags/example_python_operator.py
[2024-10-06T04:34:54.546+0000] {processor.py:925} INFO - DAG(s) 'example_python_operator' retrieved from /home/airflow/.local/lib/python3.12/site-packages/airflow/example_dags/example_python_operator.py
[2024-10-06T04:34:54.563+0000] {logging_mixin.py:190} INFO - [2024-10-06T04:34:54.563+0000] {dag.py:3239} INFO - Sync 1 DAGs
[2024-10-06T04:34:54.578+0000] {logging_mixin.py:190} INFO - [2024-10-06T04:34:54.577+0000] {dag.py:4180} INFO - Setting next_dagrun for example_python_operator to None, run_after=None
[2024-10-06T04:34:54.598+0000] {processor.py:208} INFO - Processing /home/airflow/.local/lib/python3.12/site-packages/airflow/example_dags/example_python_operator.py took 0.069 seconds
[2024-10-06T04:35:24.877+0000] {processor.py:186} INFO - Started process (PID=1327) to work on /home/airflow/.local/lib/python3.12/site-packages/airflow/example_dags/example_python_operator.py
[2024-10-06T04:35:24.878+0000] {processor.py:914} INFO - Processing file /home/airflow/.local/lib/python3.12/site-packages/airflow/example_dags/example_python_operator.py for tasks to queue
[2024-10-06T04:35:24.880+0000] {logging_mixin.py:190} INFO - [2024-10-06T04:35:24.879+0000] {dagbag.py:588} INFO - Filling up the DagBag from /home/airflow/.local/lib/python3.12/site-packages/airflow/example_dags/example_python_operator.py
[2024-10-06T04:35:24.889+0000] {processor.py:925} INFO - DAG(s) 'example_python_operator' retrieved from /home/airflow/.local/lib/python3.12/site-packages/airflow/example_dags/example_python_operator.py
[2024-10-06T04:35:24.911+0000] {logging_mixin.py:190} INFO - [2024-10-06T04:35:24.911+0000] {dag.py:3239} INFO - Sync 1 DAGs
[2024-10-06T04:35:24.927+0000] {logging_mixin.py:190} INFO - [2024-10-06T04:35:24.927+0000] {dag.py:4180} INFO - Setting next_dagrun for example_python_operator to None, run_after=None
[2024-10-06T04:35:24.963+0000] {processor.py:208} INFO - Processing /home/airflow/.local/lib/python3.12/site-packages/airflow/example_dags/example_python_operator.py took 0.090 seconds
[2024-10-06T04:35:55.300+0000] {processor.py:186} INFO - Started process (PID=1390) to work on /home/airflow/.local/lib/python3.12/site-packages/airflow/example_dags/example_python_operator.py
[2024-10-06T04:35:55.300+0000] {processor.py:914} INFO - Processing file /home/airflow/.local/lib/python3.12/site-packages/airflow/example_dags/example_python_operator.py for tasks to queue
[2024-10-06T04:35:55.302+0000] {logging_mixin.py:190} INFO - [2024-10-06T04:35:55.302+0000] {dagbag.py:588} INFO - Filling up the DagBag from /home/airflow/.local/lib/python3.12/site-packages/airflow/example_dags/example_python_operator.py
[2024-10-06T04:35:55.313+0000] {processor.py:925} INFO - DAG(s) 'example_python_operator' retrieved from /home/airflow/.local/lib/python3.12/site-packages/airflow/example_dags/example_python_operator.py
[2024-10-06T04:35:55.334+0000] {logging_mixin.py:190} INFO - [2024-10-06T04:35:55.334+0000] {dag.py:3239} INFO - Sync 1 DAGs
[2024-10-06T04:35:55.350+0000] {logging_mixin.py:190} INFO - [2024-10-06T04:35:55.350+0000] {dag.py:4180} INFO - Setting next_dagrun for example_python_operator to None, run_after=None
[2024-10-06T04:35:55.374+0000] {processor.py:208} INFO - Processing /home/airflow/.local/lib/python3.12/site-packages/airflow/example_dags/example_python_operator.py took 0.080 seconds
[2024-10-06T04:36:25.439+0000] {processor.py:186} INFO - Started process (PID=1453) to work on /home/airflow/.local/lib/python3.12/site-packages/airflow/example_dags/example_python_operator.py
[2024-10-06T04:36:25.439+0000] {processor.py:914} INFO - Processing file /home/airflow/.local/lib/python3.12/site-packages/airflow/example_dags/example_python_operator.py for tasks to queue
[2024-10-06T04:36:25.441+0000] {logging_mixin.py:190} INFO - [2024-10-06T04:36:25.441+0000] {dagbag.py:588} INFO - Filling up the DagBag from /home/airflow/.local/lib/python3.12/site-packages/airflow/example_dags/example_python_operator.py
[2024-10-06T04:36:25.450+0000] {processor.py:925} INFO - DAG(s) 'example_python_operator' retrieved from /home/airflow/.local/lib/python3.12/site-packages/airflow/example_dags/example_python_operator.py
[2024-10-06T04:36:25.466+0000] {logging_mixin.py:190} INFO - [2024-10-06T04:36:25.466+0000] {dag.py:3239} INFO - Sync 1 DAGs
[2024-10-06T04:36:25.477+0000] {logging_mixin.py:190} INFO - [2024-10-06T04:36:25.477+0000] {dag.py:4180} INFO - Setting next_dagrun for example_python_operator to None, run_after=None
[2024-10-06T04:36:25.495+0000] {processor.py:208} INFO - Processing /home/airflow/.local/lib/python3.12/site-packages/airflow/example_dags/example_python_operator.py took 0.061 seconds
[2024-10-06T04:36:55.671+0000] {processor.py:186} INFO - Started process (PID=1518) to work on /home/airflow/.local/lib/python3.12/site-packages/airflow/example_dags/example_python_operator.py
[2024-10-06T04:36:55.671+0000] {processor.py:914} INFO - Processing file /home/airflow/.local/lib/python3.12/site-packages/airflow/example_dags/example_python_operator.py for tasks to queue
[2024-10-06T04:36:55.673+0000] {logging_mixin.py:190} INFO - [2024-10-06T04:36:55.673+0000] {dagbag.py:588} INFO - Filling up the DagBag from /home/airflow/.local/lib/python3.12/site-packages/airflow/example_dags/example_python_operator.py
[2024-10-06T04:36:55.685+0000] {processor.py:925} INFO - DAG(s) 'example_python_operator' retrieved from /home/airflow/.local/lib/python3.12/site-packages/airflow/example_dags/example_python_operator.py
[2024-10-06T04:36:55.708+0000] {logging_mixin.py:190} INFO - [2024-10-06T04:36:55.708+0000] {dag.py:3239} INFO - Sync 1 DAGs
[2024-10-06T04:36:55.721+0000] {logging_mixin.py:190} INFO - [2024-10-06T04:36:55.721+0000] {dag.py:4180} INFO - Setting next_dagrun for example_python_operator to None, run_after=None
[2024-10-06T04:36:55.737+0000] {processor.py:208} INFO - Processing /home/airflow/.local/lib/python3.12/site-packages/airflow/example_dags/example_python_operator.py took 0.073 seconds
[2024-10-06T04:37:26.211+0000] {processor.py:186} INFO - Started process (PID=1582) to work on /home/airflow/.local/lib/python3.12/site-packages/airflow/example_dags/example_python_operator.py
[2024-10-06T04:37:26.211+0000] {processor.py:914} INFO - Processing file /home/airflow/.local/lib/python3.12/site-packages/airflow/example_dags/example_python_operator.py for tasks to queue
[2024-10-06T04:37:26.213+0000] {logging_mixin.py:190} INFO - [2024-10-06T04:37:26.213+0000] {dagbag.py:588} INFO - Filling up the DagBag from /home/airflow/.local/lib/python3.12/site-packages/airflow/example_dags/example_python_operator.py
[2024-10-06T04:37:26.222+0000] {processor.py:925} INFO - DAG(s) 'example_python_operator' retrieved from /home/airflow/.local/lib/python3.12/site-packages/airflow/example_dags/example_python_operator.py
[2024-10-06T04:37:26.239+0000] {logging_mixin.py:190} INFO - [2024-10-06T04:37:26.239+0000] {dag.py:3239} INFO - Sync 1 DAGs
[2024-10-06T04:37:26.251+0000] {logging_mixin.py:190} INFO - [2024-10-06T04:37:26.250+0000] {dag.py:4180} INFO - Setting next_dagrun for example_python_operator to None, run_after=None
[2024-10-06T04:37:26.270+0000] {processor.py:208} INFO - Processing /home/airflow/.local/lib/python3.12/site-packages/airflow/example_dags/example_python_operator.py took 0.064 seconds
[2024-10-06T04:37:56.530+0000] {processor.py:186} INFO - Started process (PID=1645) to work on /home/airflow/.local/lib/python3.12/site-packages/airflow/example_dags/example_python_operator.py
[2024-10-06T04:37:56.530+0000] {processor.py:914} INFO - Processing file /home/airflow/.local/lib/python3.12/site-packages/airflow/example_dags/example_python_operator.py for tasks to queue
[2024-10-06T04:37:56.532+0000] {logging_mixin.py:190} INFO - [2024-10-06T04:37:56.532+0000] {dagbag.py:588} INFO - Filling up the DagBag from /home/airflow/.local/lib/python3.12/site-packages/airflow/example_dags/example_python_operator.py
[2024-10-06T04:37:56.543+0000] {processor.py:925} INFO - DAG(s) 'example_python_operator' retrieved from /home/airflow/.local/lib/python3.12/site-packages/airflow/example_dags/example_python_operator.py
[2024-10-06T04:37:56.560+0000] {logging_mixin.py:190} INFO - [2024-10-06T04:37:56.560+0000] {dag.py:3239} INFO - Sync 1 DAGs
[2024-10-06T04:37:56.571+0000] {logging_mixin.py:190} INFO - [2024-10-06T04:37:56.571+0000] {dag.py:4180} INFO - Setting next_dagrun for example_python_operator to None, run_after=None
[2024-10-06T04:37:56.590+0000] {processor.py:208} INFO - Processing /home/airflow/.local/lib/python3.12/site-packages/airflow/example_dags/example_python_operator.py took 0.066 seconds
[2024-10-06T04:38:27.060+0000] {processor.py:186} INFO - Started process (PID=1708) to work on /home/airflow/.local/lib/python3.12/site-packages/airflow/example_dags/example_python_operator.py
[2024-10-06T04:38:27.061+0000] {processor.py:914} INFO - Processing file /home/airflow/.local/lib/python3.12/site-packages/airflow/example_dags/example_python_operator.py for tasks to queue
[2024-10-06T04:38:27.062+0000] {logging_mixin.py:190} INFO - [2024-10-06T04:38:27.061+0000] {dagbag.py:588} INFO - Filling up the DagBag from /home/airflow/.local/lib/python3.12/site-packages/airflow/example_dags/example_python_operator.py
[2024-10-06T04:38:27.072+0000] {processor.py:925} INFO - DAG(s) 'example_python_operator' retrieved from /home/airflow/.local/lib/python3.12/site-packages/airflow/example_dags/example_python_operator.py
[2024-10-06T04:38:27.093+0000] {logging_mixin.py:190} INFO - [2024-10-06T04:38:27.093+0000] {dag.py:3239} INFO - Sync 1 DAGs
[2024-10-06T04:38:27.107+0000] {logging_mixin.py:190} INFO - [2024-10-06T04:38:27.107+0000] {dag.py:4180} INFO - Setting next_dagrun for example_python_operator to None, run_after=None
[2024-10-06T04:38:27.128+0000] {processor.py:208} INFO - Processing /home/airflow/.local/lib/python3.12/site-packages/airflow/example_dags/example_python_operator.py took 0.073 seconds
[2024-10-06T04:38:57.320+0000] {processor.py:186} INFO - Started process (PID=1771) to work on /home/airflow/.local/lib/python3.12/site-packages/airflow/example_dags/example_python_operator.py
[2024-10-06T04:38:57.321+0000] {processor.py:914} INFO - Processing file /home/airflow/.local/lib/python3.12/site-packages/airflow/example_dags/example_python_operator.py for tasks to queue
[2024-10-06T04:38:57.322+0000] {logging_mixin.py:190} INFO - [2024-10-06T04:38:57.321+0000] {dagbag.py:588} INFO - Filling up the DagBag from /home/airflow/.local/lib/python3.12/site-packages/airflow/example_dags/example_python_operator.py
[2024-10-06T04:38:57.333+0000] {processor.py:925} INFO - DAG(s) 'example_python_operator' retrieved from /home/airflow/.local/lib/python3.12/site-packages/airflow/example_dags/example_python_operator.py
[2024-10-06T04:38:57.353+0000] {logging_mixin.py:190} INFO - [2024-10-06T04:38:57.353+0000] {dag.py:3239} INFO - Sync 1 DAGs
[2024-10-06T04:38:57.375+0000] {logging_mixin.py:190} INFO - [2024-10-06T04:38:57.375+0000] {dag.py:4180} INFO - Setting next_dagrun for example_python_operator to None, run_after=None
[2024-10-06T04:38:57.395+0000] {processor.py:208} INFO - Processing /home/airflow/.local/lib/python3.12/site-packages/airflow/example_dags/example_python_operator.py took 0.080 seconds
[2024-10-06T04:39:28.332+0000] {processor.py:186} INFO - Started process (PID=1834) to work on /home/airflow/.local/lib/python3.12/site-packages/airflow/example_dags/example_python_operator.py
[2024-10-06T04:39:28.333+0000] {processor.py:914} INFO - Processing file /home/airflow/.local/lib/python3.12/site-packages/airflow/example_dags/example_python_operator.py for tasks to queue
[2024-10-06T04:39:28.333+0000] {logging_mixin.py:190} INFO - [2024-10-06T04:39:28.333+0000] {dagbag.py:588} INFO - Filling up the DagBag from /home/airflow/.local/lib/python3.12/site-packages/airflow/example_dags/example_python_operator.py
[2024-10-06T04:39:28.344+0000] {processor.py:925} INFO - DAG(s) 'example_python_operator' retrieved from /home/airflow/.local/lib/python3.12/site-packages/airflow/example_dags/example_python_operator.py
[2024-10-06T04:39:28.365+0000] {logging_mixin.py:190} INFO - [2024-10-06T04:39:28.364+0000] {dag.py:3239} INFO - Sync 1 DAGs
[2024-10-06T04:39:28.380+0000] {logging_mixin.py:190} INFO - [2024-10-06T04:39:28.380+0000] {dag.py:4180} INFO - Setting next_dagrun for example_python_operator to None, run_after=None
[2024-10-06T04:39:28.404+0000] {processor.py:208} INFO - Processing /home/airflow/.local/lib/python3.12/site-packages/airflow/example_dags/example_python_operator.py took 0.077 seconds
[2024-10-06T04:39:58.488+0000] {processor.py:186} INFO - Started process (PID=1896) to work on /home/airflow/.local/lib/python3.12/site-packages/airflow/example_dags/example_python_operator.py
[2024-10-06T04:39:58.489+0000] {processor.py:914} INFO - Processing file /home/airflow/.local/lib/python3.12/site-packages/airflow/example_dags/example_python_operator.py for tasks to queue
[2024-10-06T04:39:58.490+0000] {logging_mixin.py:190} INFO - [2024-10-06T04:39:58.489+0000] {dagbag.py:588} INFO - Filling up the DagBag from /home/airflow/.local/lib/python3.12/site-packages/airflow/example_dags/example_python_operator.py
[2024-10-06T04:39:58.499+0000] {processor.py:925} INFO - DAG(s) 'example_python_operator' retrieved from /home/airflow/.local/lib/python3.12/site-packages/airflow/example_dags/example_python_operator.py
[2024-10-06T04:39:58.515+0000] {logging_mixin.py:190} INFO - [2024-10-06T04:39:58.515+0000] {dag.py:3239} INFO - Sync 1 DAGs
[2024-10-06T04:39:58.526+0000] {logging_mixin.py:190} INFO - [2024-10-06T04:39:58.526+0000] {dag.py:4180} INFO - Setting next_dagrun for example_python_operator to None, run_after=None
[2024-10-06T04:39:58.546+0000] {processor.py:208} INFO - Processing /home/airflow/.local/lib/python3.12/site-packages/airflow/example_dags/example_python_operator.py took 0.062 seconds
[2024-10-06T04:40:28.809+0000] {processor.py:186} INFO - Started process (PID=1960) to work on /home/airflow/.local/lib/python3.12/site-packages/airflow/example_dags/example_python_operator.py
[2024-10-06T04:40:28.810+0000] {processor.py:914} INFO - Processing file /home/airflow/.local/lib/python3.12/site-packages/airflow/example_dags/example_python_operator.py for tasks to queue
[2024-10-06T04:40:28.810+0000] {logging_mixin.py:190} INFO - [2024-10-06T04:40:28.810+0000] {dagbag.py:588} INFO - Filling up the DagBag from /home/airflow/.local/lib/python3.12/site-packages/airflow/example_dags/example_python_operator.py
[2024-10-06T04:40:28.820+0000] {processor.py:925} INFO - DAG(s) 'example_python_operator' retrieved from /home/airflow/.local/lib/python3.12/site-packages/airflow/example_dags/example_python_operator.py
[2024-10-06T04:40:28.838+0000] {logging_mixin.py:190} INFO - [2024-10-06T04:40:28.838+0000] {dag.py:3239} INFO - Sync 1 DAGs
[2024-10-06T04:40:28.850+0000] {logging_mixin.py:190} INFO - [2024-10-06T04:40:28.850+0000] {dag.py:4180} INFO - Setting next_dagrun for example_python_operator to None, run_after=None
[2024-10-06T04:40:28.868+0000] {processor.py:208} INFO - Processing /home/airflow/.local/lib/python3.12/site-packages/airflow/example_dags/example_python_operator.py took 0.063 seconds
[2024-10-06T04:40:59.388+0000] {processor.py:186} INFO - Started process (PID=2023) to work on /home/airflow/.local/lib/python3.12/site-packages/airflow/example_dags/example_python_operator.py
[2024-10-06T04:40:59.389+0000] {processor.py:914} INFO - Processing file /home/airflow/.local/lib/python3.12/site-packages/airflow/example_dags/example_python_operator.py for tasks to queue
[2024-10-06T04:40:59.390+0000] {logging_mixin.py:190} INFO - [2024-10-06T04:40:59.390+0000] {dagbag.py:588} INFO - Filling up the DagBag from /home/airflow/.local/lib/python3.12/site-packages/airflow/example_dags/example_python_operator.py
[2024-10-06T04:40:59.405+0000] {processor.py:925} INFO - DAG(s) 'example_python_operator' retrieved from /home/airflow/.local/lib/python3.12/site-packages/airflow/example_dags/example_python_operator.py
[2024-10-06T04:40:59.432+0000] {logging_mixin.py:190} INFO - [2024-10-06T04:40:59.432+0000] {dag.py:3239} INFO - Sync 1 DAGs
[2024-10-06T04:40:59.449+0000] {logging_mixin.py:190} INFO - [2024-10-06T04:40:59.449+0000] {dag.py:4180} INFO - Setting next_dagrun for example_python_operator to None, run_after=None
[2024-10-06T04:40:59.471+0000] {processor.py:208} INFO - Processing /home/airflow/.local/lib/python3.12/site-packages/airflow/example_dags/example_python_operator.py took 0.089 seconds
[2024-10-06T04:41:30.043+0000] {processor.py:186} INFO - Started process (PID=2086) to work on /home/airflow/.local/lib/python3.12/site-packages/airflow/example_dags/example_python_operator.py
[2024-10-06T04:41:30.044+0000] {processor.py:914} INFO - Processing file /home/airflow/.local/lib/python3.12/site-packages/airflow/example_dags/example_python_operator.py for tasks to queue
[2024-10-06T04:41:30.045+0000] {logging_mixin.py:190} INFO - [2024-10-06T04:41:30.045+0000] {dagbag.py:588} INFO - Filling up the DagBag from /home/airflow/.local/lib/python3.12/site-packages/airflow/example_dags/example_python_operator.py
[2024-10-06T04:41:30.060+0000] {processor.py:925} INFO - DAG(s) 'example_python_operator' retrieved from /home/airflow/.local/lib/python3.12/site-packages/airflow/example_dags/example_python_operator.py
[2024-10-06T04:41:30.085+0000] {logging_mixin.py:190} INFO - [2024-10-06T04:41:30.084+0000] {dag.py:3239} INFO - Sync 1 DAGs
[2024-10-06T04:41:30.102+0000] {logging_mixin.py:190} INFO - [2024-10-06T04:41:30.102+0000] {dag.py:4180} INFO - Setting next_dagrun for example_python_operator to None, run_after=None
[2024-10-06T04:41:30.124+0000] {processor.py:208} INFO - Processing /home/airflow/.local/lib/python3.12/site-packages/airflow/example_dags/example_python_operator.py took 0.087 seconds
[2024-10-06T04:42:00.830+0000] {processor.py:186} INFO - Started process (PID=2150) to work on /home/airflow/.local/lib/python3.12/site-packages/airflow/example_dags/example_python_operator.py
[2024-10-06T04:42:00.831+0000] {processor.py:914} INFO - Processing file /home/airflow/.local/lib/python3.12/site-packages/airflow/example_dags/example_python_operator.py for tasks to queue
[2024-10-06T04:42:00.832+0000] {logging_mixin.py:190} INFO - [2024-10-06T04:42:00.831+0000] {dagbag.py:588} INFO - Filling up the DagBag from /home/airflow/.local/lib/python3.12/site-packages/airflow/example_dags/example_python_operator.py
[2024-10-06T04:42:00.844+0000] {processor.py:925} INFO - DAG(s) 'example_python_operator' retrieved from /home/airflow/.local/lib/python3.12/site-packages/airflow/example_dags/example_python_operator.py
[2024-10-06T04:42:00.865+0000] {logging_mixin.py:190} INFO - [2024-10-06T04:42:00.865+0000] {dag.py:3239} INFO - Sync 1 DAGs
[2024-10-06T04:42:00.885+0000] {logging_mixin.py:190} INFO - [2024-10-06T04:42:00.885+0000] {dag.py:4180} INFO - Setting next_dagrun for example_python_operator to None, run_after=None
[2024-10-06T04:42:00.907+0000] {processor.py:208} INFO - Processing /home/airflow/.local/lib/python3.12/site-packages/airflow/example_dags/example_python_operator.py took 0.084 seconds
[2024-10-06T04:42:31.703+0000] {processor.py:186} INFO - Started process (PID=2213) to work on /home/airflow/.local/lib/python3.12/site-packages/airflow/example_dags/example_python_operator.py
[2024-10-06T04:42:31.703+0000] {processor.py:914} INFO - Processing file /home/airflow/.local/lib/python3.12/site-packages/airflow/example_dags/example_python_operator.py for tasks to queue
[2024-10-06T04:42:31.704+0000] {logging_mixin.py:190} INFO - [2024-10-06T04:42:31.704+0000] {dagbag.py:588} INFO - Filling up the DagBag from /home/airflow/.local/lib/python3.12/site-packages/airflow/example_dags/example_python_operator.py
[2024-10-06T04:42:31.715+0000] {processor.py:925} INFO - DAG(s) 'example_python_operator' retrieved from /home/airflow/.local/lib/python3.12/site-packages/airflow/example_dags/example_python_operator.py
[2024-10-06T04:42:31.737+0000] {logging_mixin.py:190} INFO - [2024-10-06T04:42:31.737+0000] {dag.py:3239} INFO - Sync 1 DAGs
[2024-10-06T04:42:31.753+0000] {logging_mixin.py:190} INFO - [2024-10-06T04:42:31.753+0000] {dag.py:4180} INFO - Setting next_dagrun for example_python_operator to None, run_after=None
[2024-10-06T04:42:31.774+0000] {processor.py:208} INFO - Processing /home/airflow/.local/lib/python3.12/site-packages/airflow/example_dags/example_python_operator.py took 0.075 seconds
[2024-10-06T04:43:02.444+0000] {processor.py:186} INFO - Started process (PID=2276) to work on /home/airflow/.local/lib/python3.12/site-packages/airflow/example_dags/example_python_operator.py
[2024-10-06T04:43:02.445+0000] {processor.py:914} INFO - Processing file /home/airflow/.local/lib/python3.12/site-packages/airflow/example_dags/example_python_operator.py for tasks to queue
[2024-10-06T04:43:02.446+0000] {logging_mixin.py:190} INFO - [2024-10-06T04:43:02.445+0000] {dagbag.py:588} INFO - Filling up the DagBag from /home/airflow/.local/lib/python3.12/site-packages/airflow/example_dags/example_python_operator.py
[2024-10-06T04:43:02.456+0000] {processor.py:925} INFO - DAG(s) 'example_python_operator' retrieved from /home/airflow/.local/lib/python3.12/site-packages/airflow/example_dags/example_python_operator.py
[2024-10-06T04:43:02.477+0000] {logging_mixin.py:190} INFO - [2024-10-06T04:43:02.477+0000] {dag.py:3239} INFO - Sync 1 DAGs
[2024-10-06T04:43:02.493+0000] {logging_mixin.py:190} INFO - [2024-10-06T04:43:02.493+0000] {dag.py:4180} INFO - Setting next_dagrun for example_python_operator to None, run_after=None
[2024-10-06T04:43:02.515+0000] {processor.py:208} INFO - Processing /home/airflow/.local/lib/python3.12/site-packages/airflow/example_dags/example_python_operator.py took 0.076 seconds
[2024-10-06T04:43:33.292+0000] {processor.py:186} INFO - Started process (PID=2339) to work on /home/airflow/.local/lib/python3.12/site-packages/airflow/example_dags/example_python_operator.py
[2024-10-06T04:43:33.293+0000] {processor.py:914} INFO - Processing file /home/airflow/.local/lib/python3.12/site-packages/airflow/example_dags/example_python_operator.py for tasks to queue
[2024-10-06T04:43:33.293+0000] {logging_mixin.py:190} INFO - [2024-10-06T04:43:33.293+0000] {dagbag.py:588} INFO - Filling up the DagBag from /home/airflow/.local/lib/python3.12/site-packages/airflow/example_dags/example_python_operator.py
[2024-10-06T04:43:33.303+0000] {processor.py:925} INFO - DAG(s) 'example_python_operator' retrieved from /home/airflow/.local/lib/python3.12/site-packages/airflow/example_dags/example_python_operator.py
[2024-10-06T04:43:33.321+0000] {logging_mixin.py:190} INFO - [2024-10-06T04:43:33.321+0000] {dag.py:3239} INFO - Sync 1 DAGs
[2024-10-06T04:43:33.337+0000] {logging_mixin.py:190} INFO - [2024-10-06T04:43:33.337+0000] {dag.py:4180} INFO - Setting next_dagrun for example_python_operator to None, run_after=None
[2024-10-06T04:43:33.360+0000] {processor.py:208} INFO - Processing /home/airflow/.local/lib/python3.12/site-packages/airflow/example_dags/example_python_operator.py took 0.072 seconds
[2024-10-06T04:44:03.648+0000] {processor.py:186} INFO - Started process (PID=2403) to work on /home/airflow/.local/lib/python3.12/site-packages/airflow/example_dags/example_python_operator.py
[2024-10-06T04:44:03.649+0000] {processor.py:914} INFO - Processing file /home/airflow/.local/lib/python3.12/site-packages/airflow/example_dags/example_python_operator.py for tasks to queue
[2024-10-06T04:44:03.650+0000] {logging_mixin.py:190} INFO - [2024-10-06T04:44:03.649+0000] {dagbag.py:588} INFO - Filling up the DagBag from /home/airflow/.local/lib/python3.12/site-packages/airflow/example_dags/example_python_operator.py
[2024-10-06T04:44:03.660+0000] {processor.py:925} INFO - DAG(s) 'example_python_operator' retrieved from /home/airflow/.local/lib/python3.12/site-packages/airflow/example_dags/example_python_operator.py
[2024-10-06T04:44:03.680+0000] {logging_mixin.py:190} INFO - [2024-10-06T04:44:03.680+0000] {dag.py:3239} INFO - Sync 1 DAGs
[2024-10-06T04:44:03.693+0000] {logging_mixin.py:190} INFO - [2024-10-06T04:44:03.693+0000] {dag.py:4180} INFO - Setting next_dagrun for example_python_operator to None, run_after=None
[2024-10-06T04:44:03.712+0000] {processor.py:208} INFO - Processing /home/airflow/.local/lib/python3.12/site-packages/airflow/example_dags/example_python_operator.py took 0.068 seconds
[2024-10-06T04:44:34.459+0000] {processor.py:186} INFO - Started process (PID=2467) to work on /home/airflow/.local/lib/python3.12/site-packages/airflow/example_dags/example_python_operator.py
[2024-10-06T04:44:34.460+0000] {processor.py:914} INFO - Processing file /home/airflow/.local/lib/python3.12/site-packages/airflow/example_dags/example_python_operator.py for tasks to queue
[2024-10-06T04:44:34.460+0000] {logging_mixin.py:190} INFO - [2024-10-06T04:44:34.460+0000] {dagbag.py:588} INFO - Filling up the DagBag from /home/airflow/.local/lib/python3.12/site-packages/airflow/example_dags/example_python_operator.py
[2024-10-06T04:44:34.470+0000] {processor.py:925} INFO - DAG(s) 'example_python_operator' retrieved from /home/airflow/.local/lib/python3.12/site-packages/airflow/example_dags/example_python_operator.py
[2024-10-06T04:44:34.487+0000] {logging_mixin.py:190} INFO - [2024-10-06T04:44:34.486+0000] {dag.py:3239} INFO - Sync 1 DAGs
[2024-10-06T04:44:34.500+0000] {logging_mixin.py:190} INFO - [2024-10-06T04:44:34.500+0000] {dag.py:4180} INFO - Setting next_dagrun for example_python_operator to None, run_after=None
[2024-10-06T04:44:34.542+0000] {processor.py:208} INFO - Processing /home/airflow/.local/lib/python3.12/site-packages/airflow/example_dags/example_python_operator.py took 0.087 seconds
[2024-10-06T04:45:04.994+0000] {processor.py:186} INFO - Started process (PID=2530) to work on /home/airflow/.local/lib/python3.12/site-packages/airflow/example_dags/example_python_operator.py
[2024-10-06T04:45:04.995+0000] {processor.py:914} INFO - Processing file /home/airflow/.local/lib/python3.12/site-packages/airflow/example_dags/example_python_operator.py for tasks to queue
[2024-10-06T04:45:04.996+0000] {logging_mixin.py:190} INFO - [2024-10-06T04:45:04.995+0000] {dagbag.py:588} INFO - Filling up the DagBag from /home/airflow/.local/lib/python3.12/site-packages/airflow/example_dags/example_python_operator.py
[2024-10-06T04:45:05.006+0000] {processor.py:925} INFO - DAG(s) 'example_python_operator' retrieved from /home/airflow/.local/lib/python3.12/site-packages/airflow/example_dags/example_python_operator.py
[2024-10-06T04:45:05.027+0000] {logging_mixin.py:190} INFO - [2024-10-06T04:45:05.027+0000] {dag.py:3239} INFO - Sync 1 DAGs
[2024-10-06T04:45:05.044+0000] {logging_mixin.py:190} INFO - [2024-10-06T04:45:05.043+0000] {dag.py:4180} INFO - Setting next_dagrun for example_python_operator to None, run_after=None
[2024-10-06T04:45:05.067+0000] {processor.py:208} INFO - Processing /home/airflow/.local/lib/python3.12/site-packages/airflow/example_dags/example_python_operator.py took 0.077 seconds
[2024-10-06T04:45:35.711+0000] {processor.py:186} INFO - Started process (PID=2593) to work on /home/airflow/.local/lib/python3.12/site-packages/airflow/example_dags/example_python_operator.py
[2024-10-06T04:45:35.711+0000] {processor.py:914} INFO - Processing file /home/airflow/.local/lib/python3.12/site-packages/airflow/example_dags/example_python_operator.py for tasks to queue
[2024-10-06T04:45:35.712+0000] {logging_mixin.py:190} INFO - [2024-10-06T04:45:35.712+0000] {dagbag.py:588} INFO - Filling up the DagBag from /home/airflow/.local/lib/python3.12/site-packages/airflow/example_dags/example_python_operator.py
[2024-10-06T04:45:35.722+0000] {processor.py:925} INFO - DAG(s) 'example_python_operator' retrieved from /home/airflow/.local/lib/python3.12/site-packages/airflow/example_dags/example_python_operator.py
[2024-10-06T04:45:35.742+0000] {logging_mixin.py:190} INFO - [2024-10-06T04:45:35.742+0000] {dag.py:3239} INFO - Sync 1 DAGs
[2024-10-06T04:45:35.759+0000] {logging_mixin.py:190} INFO - [2024-10-06T04:45:35.758+0000] {dag.py:4180} INFO - Setting next_dagrun for example_python_operator to None, run_after=None
[2024-10-06T04:45:35.783+0000] {processor.py:208} INFO - Processing /home/airflow/.local/lib/python3.12/site-packages/airflow/example_dags/example_python_operator.py took 0.076 seconds
[2024-10-06T04:46:06.399+0000] {processor.py:186} INFO - Started process (PID=2656) to work on /home/airflow/.local/lib/python3.12/site-packages/airflow/example_dags/example_python_operator.py
[2024-10-06T04:46:06.400+0000] {processor.py:914} INFO - Processing file /home/airflow/.local/lib/python3.12/site-packages/airflow/example_dags/example_python_operator.py for tasks to queue
[2024-10-06T04:46:06.401+0000] {logging_mixin.py:190} INFO - [2024-10-06T04:46:06.400+0000] {dagbag.py:588} INFO - Filling up the DagBag from /home/airflow/.local/lib/python3.12/site-packages/airflow/example_dags/example_python_operator.py
[2024-10-06T04:46:06.410+0000] {processor.py:925} INFO - DAG(s) 'example_python_operator' retrieved from /home/airflow/.local/lib/python3.12/site-packages/airflow/example_dags/example_python_operator.py
[2024-10-06T04:46:06.431+0000] {logging_mixin.py:190} INFO - [2024-10-06T04:46:06.430+0000] {dag.py:3239} INFO - Sync 1 DAGs
[2024-10-06T04:46:06.446+0000] {logging_mixin.py:190} INFO - [2024-10-06T04:46:06.446+0000] {dag.py:4180} INFO - Setting next_dagrun for example_python_operator to None, run_after=None
[2024-10-06T04:46:06.466+0000] {processor.py:208} INFO - Processing /home/airflow/.local/lib/python3.12/site-packages/airflow/example_dags/example_python_operator.py took 0.071 seconds
[2024-10-06T04:46:37.021+0000] {processor.py:186} INFO - Started process (PID=2719) to work on /home/airflow/.local/lib/python3.12/site-packages/airflow/example_dags/example_python_operator.py
[2024-10-06T04:46:37.021+0000] {processor.py:914} INFO - Processing file /home/airflow/.local/lib/python3.12/site-packages/airflow/example_dags/example_python_operator.py for tasks to queue
[2024-10-06T04:46:37.022+0000] {logging_mixin.py:190} INFO - [2024-10-06T04:46:37.022+0000] {dagbag.py:588} INFO - Filling up the DagBag from /home/airflow/.local/lib/python3.12/site-packages/airflow/example_dags/example_python_operator.py
[2024-10-06T04:46:37.032+0000] {processor.py:925} INFO - DAG(s) 'example_python_operator' retrieved from /home/airflow/.local/lib/python3.12/site-packages/airflow/example_dags/example_python_operator.py
[2024-10-06T04:46:37.050+0000] {logging_mixin.py:190} INFO - [2024-10-06T04:46:37.050+0000] {dag.py:3239} INFO - Sync 1 DAGs
[2024-10-06T04:46:37.205+0000] {logging_mixin.py:190} INFO - [2024-10-06T04:46:37.205+0000] {dag.py:4180} INFO - Setting next_dagrun for example_python_operator to None, run_after=None
[2024-10-06T04:46:37.226+0000] {processor.py:208} INFO - Processing /home/airflow/.local/lib/python3.12/site-packages/airflow/example_dags/example_python_operator.py took 0.210 seconds
[2024-10-06T04:47:07.283+0000] {processor.py:186} INFO - Started process (PID=2781) to work on /home/airflow/.local/lib/python3.12/site-packages/airflow/example_dags/example_python_operator.py
[2024-10-06T04:47:07.284+0000] {processor.py:914} INFO - Processing file /home/airflow/.local/lib/python3.12/site-packages/airflow/example_dags/example_python_operator.py for tasks to queue
[2024-10-06T04:47:07.285+0000] {logging_mixin.py:190} INFO - [2024-10-06T04:47:07.284+0000] {dagbag.py:588} INFO - Filling up the DagBag from /home/airflow/.local/lib/python3.12/site-packages/airflow/example_dags/example_python_operator.py
[2024-10-06T04:47:07.294+0000] {processor.py:925} INFO - DAG(s) 'example_python_operator' retrieved from /home/airflow/.local/lib/python3.12/site-packages/airflow/example_dags/example_python_operator.py
[2024-10-06T04:47:07.310+0000] {logging_mixin.py:190} INFO - [2024-10-06T04:47:07.310+0000] {dag.py:3239} INFO - Sync 1 DAGs
[2024-10-06T04:47:07.466+0000] {logging_mixin.py:190} INFO - [2024-10-06T04:47:07.466+0000] {dag.py:4180} INFO - Setting next_dagrun for example_python_operator to None, run_after=None
[2024-10-06T04:47:07.483+0000] {processor.py:208} INFO - Processing /home/airflow/.local/lib/python3.12/site-packages/airflow/example_dags/example_python_operator.py took 0.204 seconds
[2024-10-06T04:47:38.048+0000] {processor.py:186} INFO - Started process (PID=2844) to work on /home/airflow/.local/lib/python3.12/site-packages/airflow/example_dags/example_python_operator.py
[2024-10-06T04:47:38.049+0000] {processor.py:914} INFO - Processing file /home/airflow/.local/lib/python3.12/site-packages/airflow/example_dags/example_python_operator.py for tasks to queue
[2024-10-06T04:47:38.050+0000] {logging_mixin.py:190} INFO - [2024-10-06T04:47:38.049+0000] {dagbag.py:588} INFO - Filling up the DagBag from /home/airflow/.local/lib/python3.12/site-packages/airflow/example_dags/example_python_operator.py
[2024-10-06T04:47:38.059+0000] {processor.py:925} INFO - DAG(s) 'example_python_operator' retrieved from /home/airflow/.local/lib/python3.12/site-packages/airflow/example_dags/example_python_operator.py
[2024-10-06T04:47:38.081+0000] {logging_mixin.py:190} INFO - [2024-10-06T04:47:38.081+0000] {dag.py:3239} INFO - Sync 1 DAGs
[2024-10-06T04:47:38.271+0000] {logging_mixin.py:190} INFO - [2024-10-06T04:47:38.270+0000] {dag.py:4180} INFO - Setting next_dagrun for example_python_operator to None, run_after=None
[2024-10-06T04:47:38.295+0000] {processor.py:208} INFO - Processing /home/airflow/.local/lib/python3.12/site-packages/airflow/example_dags/example_python_operator.py took 0.251 seconds
[2024-10-06T04:48:08.436+0000] {processor.py:186} INFO - Started process (PID=2907) to work on /home/airflow/.local/lib/python3.12/site-packages/airflow/example_dags/example_python_operator.py
[2024-10-06T04:48:08.437+0000] {processor.py:914} INFO - Processing file /home/airflow/.local/lib/python3.12/site-packages/airflow/example_dags/example_python_operator.py for tasks to queue
[2024-10-06T04:48:08.438+0000] {logging_mixin.py:190} INFO - [2024-10-06T04:48:08.438+0000] {dagbag.py:588} INFO - Filling up the DagBag from /home/airflow/.local/lib/python3.12/site-packages/airflow/example_dags/example_python_operator.py
[2024-10-06T04:48:08.447+0000] {processor.py:925} INFO - DAG(s) 'example_python_operator' retrieved from /home/airflow/.local/lib/python3.12/site-packages/airflow/example_dags/example_python_operator.py
[2024-10-06T04:48:08.464+0000] {logging_mixin.py:190} INFO - [2024-10-06T04:48:08.464+0000] {dag.py:3239} INFO - Sync 1 DAGs
[2024-10-06T04:48:08.475+0000] {logging_mixin.py:190} INFO - [2024-10-06T04:48:08.475+0000] {dag.py:4180} INFO - Setting next_dagrun for example_python_operator to None, run_after=None
[2024-10-06T04:48:08.493+0000] {processor.py:208} INFO - Processing /home/airflow/.local/lib/python3.12/site-packages/airflow/example_dags/example_python_operator.py took 0.061 seconds
[2024-10-06T04:48:38.806+0000] {processor.py:186} INFO - Started process (PID=2970) to work on /home/airflow/.local/lib/python3.12/site-packages/airflow/example_dags/example_python_operator.py
[2024-10-06T04:48:38.807+0000] {processor.py:914} INFO - Processing file /home/airflow/.local/lib/python3.12/site-packages/airflow/example_dags/example_python_operator.py for tasks to queue
[2024-10-06T04:48:38.808+0000] {logging_mixin.py:190} INFO - [2024-10-06T04:48:38.807+0000] {dagbag.py:588} INFO - Filling up the DagBag from /home/airflow/.local/lib/python3.12/site-packages/airflow/example_dags/example_python_operator.py
[2024-10-06T04:48:38.817+0000] {processor.py:925} INFO - DAG(s) 'example_python_operator' retrieved from /home/airflow/.local/lib/python3.12/site-packages/airflow/example_dags/example_python_operator.py
[2024-10-06T04:48:38.838+0000] {logging_mixin.py:190} INFO - [2024-10-06T04:48:38.837+0000] {dag.py:3239} INFO - Sync 1 DAGs
[2024-10-06T04:48:38.851+0000] {logging_mixin.py:190} INFO - [2024-10-06T04:48:38.851+0000] {dag.py:4180} INFO - Setting next_dagrun for example_python_operator to None, run_after=None
[2024-10-06T04:48:38.872+0000] {processor.py:208} INFO - Processing /home/airflow/.local/lib/python3.12/site-packages/airflow/example_dags/example_python_operator.py took 0.070 seconds
[2024-10-06T04:49:09.332+0000] {processor.py:186} INFO - Started process (PID=3034) to work on /home/airflow/.local/lib/python3.12/site-packages/airflow/example_dags/example_python_operator.py
[2024-10-06T04:49:09.333+0000] {processor.py:914} INFO - Processing file /home/airflow/.local/lib/python3.12/site-packages/airflow/example_dags/example_python_operator.py for tasks to queue
[2024-10-06T04:49:09.334+0000] {logging_mixin.py:190} INFO - [2024-10-06T04:49:09.333+0000] {dagbag.py:588} INFO - Filling up the DagBag from /home/airflow/.local/lib/python3.12/site-packages/airflow/example_dags/example_python_operator.py
[2024-10-06T04:49:09.349+0000] {processor.py:925} INFO - DAG(s) 'example_python_operator' retrieved from /home/airflow/.local/lib/python3.12/site-packages/airflow/example_dags/example_python_operator.py
[2024-10-06T04:49:09.374+0000] {logging_mixin.py:190} INFO - [2024-10-06T04:49:09.373+0000] {dag.py:3239} INFO - Sync 1 DAGs
[2024-10-06T04:49:09.390+0000] {logging_mixin.py:190} INFO - [2024-10-06T04:49:09.390+0000] {dag.py:4180} INFO - Setting next_dagrun for example_python_operator to None, run_after=None
[2024-10-06T04:49:09.418+0000] {processor.py:208} INFO - Processing /home/airflow/.local/lib/python3.12/site-packages/airflow/example_dags/example_python_operator.py took 0.093 seconds
[2024-10-06T04:49:39.693+0000] {processor.py:186} INFO - Started process (PID=3097) to work on /home/airflow/.local/lib/python3.12/site-packages/airflow/example_dags/example_python_operator.py
[2024-10-06T04:49:39.694+0000] {processor.py:914} INFO - Processing file /home/airflow/.local/lib/python3.12/site-packages/airflow/example_dags/example_python_operator.py for tasks to queue
[2024-10-06T04:49:39.695+0000] {logging_mixin.py:190} INFO - [2024-10-06T04:49:39.695+0000] {dagbag.py:588} INFO - Filling up the DagBag from /home/airflow/.local/lib/python3.12/site-packages/airflow/example_dags/example_python_operator.py
[2024-10-06T04:49:39.705+0000] {processor.py:925} INFO - DAG(s) 'example_python_operator' retrieved from /home/airflow/.local/lib/python3.12/site-packages/airflow/example_dags/example_python_operator.py
[2024-10-06T04:49:39.723+0000] {logging_mixin.py:190} INFO - [2024-10-06T04:49:39.723+0000] {dag.py:3239} INFO - Sync 1 DAGs
[2024-10-06T04:49:39.735+0000] {logging_mixin.py:190} INFO - [2024-10-06T04:49:39.735+0000] {dag.py:4180} INFO - Setting next_dagrun for example_python_operator to None, run_after=None
[2024-10-06T04:49:39.753+0000] {processor.py:208} INFO - Processing /home/airflow/.local/lib/python3.12/site-packages/airflow/example_dags/example_python_operator.py took 0.064 seconds
[2024-10-06T04:50:10.236+0000] {processor.py:186} INFO - Started process (PID=3160) to work on /home/airflow/.local/lib/python3.12/site-packages/airflow/example_dags/example_python_operator.py
[2024-10-06T04:50:10.236+0000] {processor.py:914} INFO - Processing file /home/airflow/.local/lib/python3.12/site-packages/airflow/example_dags/example_python_operator.py for tasks to queue
[2024-10-06T04:50:10.237+0000] {logging_mixin.py:190} INFO - [2024-10-06T04:50:10.237+0000] {dagbag.py:588} INFO - Filling up the DagBag from /home/airflow/.local/lib/python3.12/site-packages/airflow/example_dags/example_python_operator.py
[2024-10-06T04:50:10.246+0000] {processor.py:925} INFO - DAG(s) 'example_python_operator' retrieved from /home/airflow/.local/lib/python3.12/site-packages/airflow/example_dags/example_python_operator.py
[2024-10-06T04:50:10.263+0000] {logging_mixin.py:190} INFO - [2024-10-06T04:50:10.263+0000] {dag.py:3239} INFO - Sync 1 DAGs
[2024-10-06T04:50:10.275+0000] {logging_mixin.py:190} INFO - [2024-10-06T04:50:10.274+0000] {dag.py:4180} INFO - Setting next_dagrun for example_python_operator to None, run_after=None
[2024-10-06T04:50:10.296+0000] {processor.py:208} INFO - Processing /home/airflow/.local/lib/python3.12/site-packages/airflow/example_dags/example_python_operator.py took 0.064 seconds
[2024-10-06T04:50:40.532+0000] {processor.py:186} INFO - Started process (PID=3222) to work on /home/airflow/.local/lib/python3.12/site-packages/airflow/example_dags/example_python_operator.py
[2024-10-06T04:50:40.532+0000] {processor.py:914} INFO - Processing file /home/airflow/.local/lib/python3.12/site-packages/airflow/example_dags/example_python_operator.py for tasks to queue
[2024-10-06T04:50:40.533+0000] {logging_mixin.py:190} INFO - [2024-10-06T04:50:40.533+0000] {dagbag.py:588} INFO - Filling up the DagBag from /home/airflow/.local/lib/python3.12/site-packages/airflow/example_dags/example_python_operator.py
[2024-10-06T04:50:40.543+0000] {processor.py:925} INFO - DAG(s) 'example_python_operator' retrieved from /home/airflow/.local/lib/python3.12/site-packages/airflow/example_dags/example_python_operator.py
[2024-10-06T04:50:40.563+0000] {logging_mixin.py:190} INFO - [2024-10-06T04:50:40.563+0000] {dag.py:3239} INFO - Sync 1 DAGs
[2024-10-06T04:50:40.577+0000] {logging_mixin.py:190} INFO - [2024-10-06T04:50:40.577+0000] {dag.py:4180} INFO - Setting next_dagrun for example_python_operator to None, run_after=None
[2024-10-06T04:50:40.593+0000] {processor.py:208} INFO - Processing /home/airflow/.local/lib/python3.12/site-packages/airflow/example_dags/example_python_operator.py took 0.067 seconds
[2024-10-06T04:51:11.197+0000] {processor.py:186} INFO - Started process (PID=3285) to work on /home/airflow/.local/lib/python3.12/site-packages/airflow/example_dags/example_python_operator.py
[2024-10-06T04:51:11.198+0000] {processor.py:914} INFO - Processing file /home/airflow/.local/lib/python3.12/site-packages/airflow/example_dags/example_python_operator.py for tasks to queue
[2024-10-06T04:51:11.199+0000] {logging_mixin.py:190} INFO - [2024-10-06T04:51:11.198+0000] {dagbag.py:588} INFO - Filling up the DagBag from /home/airflow/.local/lib/python3.12/site-packages/airflow/example_dags/example_python_operator.py
[2024-10-06T04:51:11.208+0000] {processor.py:925} INFO - DAG(s) 'example_python_operator' retrieved from /home/airflow/.local/lib/python3.12/site-packages/airflow/example_dags/example_python_operator.py
[2024-10-06T04:51:11.225+0000] {logging_mixin.py:190} INFO - [2024-10-06T04:51:11.225+0000] {dag.py:3239} INFO - Sync 1 DAGs
[2024-10-06T04:51:11.237+0000] {logging_mixin.py:190} INFO - [2024-10-06T04:51:11.237+0000] {dag.py:4180} INFO - Setting next_dagrun for example_python_operator to None, run_after=None
[2024-10-06T04:51:11.254+0000] {processor.py:208} INFO - Processing /home/airflow/.local/lib/python3.12/site-packages/airflow/example_dags/example_python_operator.py took 0.061 seconds
[2024-10-06T04:51:41.431+0000] {processor.py:186} INFO - Started process (PID=3348) to work on /home/airflow/.local/lib/python3.12/site-packages/airflow/example_dags/example_python_operator.py
[2024-10-06T04:51:41.432+0000] {processor.py:914} INFO - Processing file /home/airflow/.local/lib/python3.12/site-packages/airflow/example_dags/example_python_operator.py for tasks to queue
[2024-10-06T04:51:41.433+0000] {logging_mixin.py:190} INFO - [2024-10-06T04:51:41.432+0000] {dagbag.py:588} INFO - Filling up the DagBag from /home/airflow/.local/lib/python3.12/site-packages/airflow/example_dags/example_python_operator.py
[2024-10-06T04:51:41.444+0000] {processor.py:925} INFO - DAG(s) 'example_python_operator' retrieved from /home/airflow/.local/lib/python3.12/site-packages/airflow/example_dags/example_python_operator.py
[2024-10-06T04:51:41.460+0000] {logging_mixin.py:190} INFO - [2024-10-06T04:51:41.460+0000] {dag.py:3239} INFO - Sync 1 DAGs
[2024-10-06T04:51:41.472+0000] {logging_mixin.py:190} INFO - [2024-10-06T04:51:41.472+0000] {dag.py:4180} INFO - Setting next_dagrun for example_python_operator to None, run_after=None
[2024-10-06T04:51:41.492+0000] {processor.py:208} INFO - Processing /home/airflow/.local/lib/python3.12/site-packages/airflow/example_dags/example_python_operator.py took 0.066 seconds
[2024-10-06T04:52:11.721+0000] {processor.py:186} INFO - Started process (PID=3411) to work on /home/airflow/.local/lib/python3.12/site-packages/airflow/example_dags/example_python_operator.py
[2024-10-06T04:52:11.722+0000] {processor.py:914} INFO - Processing file /home/airflow/.local/lib/python3.12/site-packages/airflow/example_dags/example_python_operator.py for tasks to queue
[2024-10-06T04:52:11.723+0000] {logging_mixin.py:190} INFO - [2024-10-06T04:52:11.723+0000] {dagbag.py:588} INFO - Filling up the DagBag from /home/airflow/.local/lib/python3.12/site-packages/airflow/example_dags/example_python_operator.py
[2024-10-06T04:52:11.734+0000] {processor.py:925} INFO - DAG(s) 'example_python_operator' retrieved from /home/airflow/.local/lib/python3.12/site-packages/airflow/example_dags/example_python_operator.py
[2024-10-06T04:52:11.750+0000] {logging_mixin.py:190} INFO - [2024-10-06T04:52:11.750+0000] {dag.py:3239} INFO - Sync 1 DAGs
[2024-10-06T04:52:11.762+0000] {logging_mixin.py:190} INFO - [2024-10-06T04:52:11.761+0000] {dag.py:4180} INFO - Setting next_dagrun for example_python_operator to None, run_after=None
[2024-10-06T04:52:11.779+0000] {processor.py:208} INFO - Processing /home/airflow/.local/lib/python3.12/site-packages/airflow/example_dags/example_python_operator.py took 0.063 seconds
[2024-10-06T04:52:42.032+0000] {processor.py:186} INFO - Started process (PID=3475) to work on /home/airflow/.local/lib/python3.12/site-packages/airflow/example_dags/example_python_operator.py
[2024-10-06T04:52:42.032+0000] {processor.py:914} INFO - Processing file /home/airflow/.local/lib/python3.12/site-packages/airflow/example_dags/example_python_operator.py for tasks to queue
[2024-10-06T04:52:42.033+0000] {logging_mixin.py:190} INFO - [2024-10-06T04:52:42.033+0000] {dagbag.py:588} INFO - Filling up the DagBag from /home/airflow/.local/lib/python3.12/site-packages/airflow/example_dags/example_python_operator.py
[2024-10-06T04:52:42.043+0000] {processor.py:925} INFO - DAG(s) 'example_python_operator' retrieved from /home/airflow/.local/lib/python3.12/site-packages/airflow/example_dags/example_python_operator.py
[2024-10-06T04:52:42.058+0000] {logging_mixin.py:190} INFO - [2024-10-06T04:52:42.058+0000] {dag.py:3239} INFO - Sync 1 DAGs
[2024-10-06T04:52:42.070+0000] {logging_mixin.py:190} INFO - [2024-10-06T04:52:42.070+0000] {dag.py:4180} INFO - Setting next_dagrun for example_python_operator to None, run_after=None
[2024-10-06T04:52:42.089+0000] {processor.py:208} INFO - Processing /home/airflow/.local/lib/python3.12/site-packages/airflow/example_dags/example_python_operator.py took 0.062 seconds
[2024-10-06T04:53:12.396+0000] {processor.py:186} INFO - Started process (PID=3538) to work on /home/airflow/.local/lib/python3.12/site-packages/airflow/example_dags/example_python_operator.py
[2024-10-06T04:53:12.397+0000] {processor.py:914} INFO - Processing file /home/airflow/.local/lib/python3.12/site-packages/airflow/example_dags/example_python_operator.py for tasks to queue
[2024-10-06T04:53:12.398+0000] {logging_mixin.py:190} INFO - [2024-10-06T04:53:12.398+0000] {dagbag.py:588} INFO - Filling up the DagBag from /home/airflow/.local/lib/python3.12/site-packages/airflow/example_dags/example_python_operator.py
[2024-10-06T04:53:12.407+0000] {processor.py:925} INFO - DAG(s) 'example_python_operator' retrieved from /home/airflow/.local/lib/python3.12/site-packages/airflow/example_dags/example_python_operator.py
[2024-10-06T04:53:12.424+0000] {logging_mixin.py:190} INFO - [2024-10-06T04:53:12.424+0000] {dag.py:3239} INFO - Sync 1 DAGs
[2024-10-06T04:53:12.435+0000] {logging_mixin.py:190} INFO - [2024-10-06T04:53:12.435+0000] {dag.py:4180} INFO - Setting next_dagrun for example_python_operator to None, run_after=None
[2024-10-06T04:53:12.453+0000] {processor.py:208} INFO - Processing /home/airflow/.local/lib/python3.12/site-packages/airflow/example_dags/example_python_operator.py took 0.061 seconds
[2024-10-06T04:53:42.640+0000] {processor.py:186} INFO - Started process (PID=3601) to work on /home/airflow/.local/lib/python3.12/site-packages/airflow/example_dags/example_python_operator.py
[2024-10-06T04:53:42.641+0000] {processor.py:914} INFO - Processing file /home/airflow/.local/lib/python3.12/site-packages/airflow/example_dags/example_python_operator.py for tasks to queue
[2024-10-06T04:53:42.642+0000] {logging_mixin.py:190} INFO - [2024-10-06T04:53:42.642+0000] {dagbag.py:588} INFO - Filling up the DagBag from /home/airflow/.local/lib/python3.12/site-packages/airflow/example_dags/example_python_operator.py
[2024-10-06T04:53:42.653+0000] {processor.py:925} INFO - DAG(s) 'example_python_operator' retrieved from /home/airflow/.local/lib/python3.12/site-packages/airflow/example_dags/example_python_operator.py
[2024-10-06T04:53:42.669+0000] {logging_mixin.py:190} INFO - [2024-10-06T04:53:42.669+0000] {dag.py:3239} INFO - Sync 1 DAGs
[2024-10-06T04:53:42.681+0000] {logging_mixin.py:190} INFO - [2024-10-06T04:53:42.680+0000] {dag.py:4180} INFO - Setting next_dagrun for example_python_operator to None, run_after=None
[2024-10-06T04:53:42.701+0000] {processor.py:208} INFO - Processing /home/airflow/.local/lib/python3.12/site-packages/airflow/example_dags/example_python_operator.py took 0.067 seconds
[2024-10-06T04:54:12.908+0000] {processor.py:186} INFO - Started process (PID=3664) to work on /home/airflow/.local/lib/python3.12/site-packages/airflow/example_dags/example_python_operator.py
[2024-10-06T04:54:12.909+0000] {processor.py:914} INFO - Processing file /home/airflow/.local/lib/python3.12/site-packages/airflow/example_dags/example_python_operator.py for tasks to queue
[2024-10-06T04:54:12.910+0000] {logging_mixin.py:190} INFO - [2024-10-06T04:54:12.909+0000] {dagbag.py:588} INFO - Filling up the DagBag from /home/airflow/.local/lib/python3.12/site-packages/airflow/example_dags/example_python_operator.py
[2024-10-06T04:54:12.919+0000] {processor.py:925} INFO - DAG(s) 'example_python_operator' retrieved from /home/airflow/.local/lib/python3.12/site-packages/airflow/example_dags/example_python_operator.py
[2024-10-06T04:54:12.935+0000] {logging_mixin.py:190} INFO - [2024-10-06T04:54:12.935+0000] {dag.py:3239} INFO - Sync 1 DAGs
[2024-10-06T04:54:12.947+0000] {logging_mixin.py:190} INFO - [2024-10-06T04:54:12.947+0000] {dag.py:4180} INFO - Setting next_dagrun for example_python_operator to None, run_after=None
[2024-10-06T04:54:12.965+0000] {processor.py:208} INFO - Processing /home/airflow/.local/lib/python3.12/site-packages/airflow/example_dags/example_python_operator.py took 0.061 seconds
[2024-10-06T04:54:43.153+0000] {processor.py:186} INFO - Started process (PID=3727) to work on /home/airflow/.local/lib/python3.12/site-packages/airflow/example_dags/example_python_operator.py
[2024-10-06T04:54:43.154+0000] {processor.py:914} INFO - Processing file /home/airflow/.local/lib/python3.12/site-packages/airflow/example_dags/example_python_operator.py for tasks to queue
[2024-10-06T04:54:43.155+0000] {logging_mixin.py:190} INFO - [2024-10-06T04:54:43.154+0000] {dagbag.py:588} INFO - Filling up the DagBag from /home/airflow/.local/lib/python3.12/site-packages/airflow/example_dags/example_python_operator.py
[2024-10-06T04:54:43.164+0000] {processor.py:925} INFO - DAG(s) 'example_python_operator' retrieved from /home/airflow/.local/lib/python3.12/site-packages/airflow/example_dags/example_python_operator.py
[2024-10-06T04:54:43.181+0000] {logging_mixin.py:190} INFO - [2024-10-06T04:54:43.181+0000] {dag.py:3239} INFO - Sync 1 DAGs
[2024-10-06T04:54:43.192+0000] {logging_mixin.py:190} INFO - [2024-10-06T04:54:43.192+0000] {dag.py:4180} INFO - Setting next_dagrun for example_python_operator to None, run_after=None
[2024-10-06T04:54:43.211+0000] {processor.py:208} INFO - Processing /home/airflow/.local/lib/python3.12/site-packages/airflow/example_dags/example_python_operator.py took 0.062 seconds
[2024-10-06T04:55:13.568+0000] {processor.py:186} INFO - Started process (PID=3791) to work on /home/airflow/.local/lib/python3.12/site-packages/airflow/example_dags/example_python_operator.py
[2024-10-06T04:55:13.569+0000] {processor.py:914} INFO - Processing file /home/airflow/.local/lib/python3.12/site-packages/airflow/example_dags/example_python_operator.py for tasks to queue
[2024-10-06T04:55:13.570+0000] {logging_mixin.py:190} INFO - [2024-10-06T04:55:13.570+0000] {dagbag.py:588} INFO - Filling up the DagBag from /home/airflow/.local/lib/python3.12/site-packages/airflow/example_dags/example_python_operator.py
[2024-10-06T04:55:13.580+0000] {processor.py:925} INFO - DAG(s) 'example_python_operator' retrieved from /home/airflow/.local/lib/python3.12/site-packages/airflow/example_dags/example_python_operator.py
[2024-10-06T04:55:13.600+0000] {logging_mixin.py:190} INFO - [2024-10-06T04:55:13.600+0000] {dag.py:3239} INFO - Sync 1 DAGs
[2024-10-06T04:55:13.611+0000] {logging_mixin.py:190} INFO - [2024-10-06T04:55:13.611+0000] {dag.py:4180} INFO - Setting next_dagrun for example_python_operator to None, run_after=None
[2024-10-06T04:55:13.629+0000] {processor.py:208} INFO - Processing /home/airflow/.local/lib/python3.12/site-packages/airflow/example_dags/example_python_operator.py took 0.066 seconds
[2024-10-06T04:55:43.924+0000] {processor.py:186} INFO - Started process (PID=3854) to work on /home/airflow/.local/lib/python3.12/site-packages/airflow/example_dags/example_python_operator.py
[2024-10-06T04:55:43.925+0000] {processor.py:914} INFO - Processing file /home/airflow/.local/lib/python3.12/site-packages/airflow/example_dags/example_python_operator.py for tasks to queue
[2024-10-06T04:55:43.926+0000] {logging_mixin.py:190} INFO - [2024-10-06T04:55:43.925+0000] {dagbag.py:588} INFO - Filling up the DagBag from /home/airflow/.local/lib/python3.12/site-packages/airflow/example_dags/example_python_operator.py
[2024-10-06T04:55:43.935+0000] {processor.py:925} INFO - DAG(s) 'example_python_operator' retrieved from /home/airflow/.local/lib/python3.12/site-packages/airflow/example_dags/example_python_operator.py
[2024-10-06T04:55:43.953+0000] {logging_mixin.py:190} INFO - [2024-10-06T04:55:43.953+0000] {dag.py:3239} INFO - Sync 1 DAGs
[2024-10-06T04:55:43.965+0000] {logging_mixin.py:190} INFO - [2024-10-06T04:55:43.965+0000] {dag.py:4180} INFO - Setting next_dagrun for example_python_operator to None, run_after=None
[2024-10-06T04:55:43.996+0000] {processor.py:208} INFO - Processing /home/airflow/.local/lib/python3.12/site-packages/airflow/example_dags/example_python_operator.py took 0.076 seconds
[2024-10-06T04:56:14.256+0000] {processor.py:186} INFO - Started process (PID=3918) to work on /home/airflow/.local/lib/python3.12/site-packages/airflow/example_dags/example_python_operator.py
[2024-10-06T04:56:14.257+0000] {processor.py:914} INFO - Processing file /home/airflow/.local/lib/python3.12/site-packages/airflow/example_dags/example_python_operator.py for tasks to queue
[2024-10-06T04:56:14.258+0000] {logging_mixin.py:190} INFO - [2024-10-06T04:56:14.258+0000] {dagbag.py:588} INFO - Filling up the DagBag from /home/airflow/.local/lib/python3.12/site-packages/airflow/example_dags/example_python_operator.py
[2024-10-06T04:56:14.271+0000] {processor.py:925} INFO - DAG(s) 'example_python_operator' retrieved from /home/airflow/.local/lib/python3.12/site-packages/airflow/example_dags/example_python_operator.py
[2024-10-06T04:56:14.292+0000] {logging_mixin.py:190} INFO - [2024-10-06T04:56:14.292+0000] {dag.py:3239} INFO - Sync 1 DAGs
[2024-10-06T04:56:14.307+0000] {logging_mixin.py:190} INFO - [2024-10-06T04:56:14.307+0000] {dag.py:4180} INFO - Setting next_dagrun for example_python_operator to None, run_after=None
[2024-10-06T04:56:14.326+0000] {processor.py:208} INFO - Processing /home/airflow/.local/lib/python3.12/site-packages/airflow/example_dags/example_python_operator.py took 0.075 seconds
[2024-10-06T04:56:44.747+0000] {processor.py:186} INFO - Started process (PID=3982) to work on /home/airflow/.local/lib/python3.12/site-packages/airflow/example_dags/example_python_operator.py
[2024-10-06T04:56:44.748+0000] {processor.py:914} INFO - Processing file /home/airflow/.local/lib/python3.12/site-packages/airflow/example_dags/example_python_operator.py for tasks to queue
[2024-10-06T04:56:44.749+0000] {logging_mixin.py:190} INFO - [2024-10-06T04:56:44.749+0000] {dagbag.py:588} INFO - Filling up the DagBag from /home/airflow/.local/lib/python3.12/site-packages/airflow/example_dags/example_python_operator.py
[2024-10-06T04:56:44.763+0000] {processor.py:925} INFO - DAG(s) 'example_python_operator' retrieved from /home/airflow/.local/lib/python3.12/site-packages/airflow/example_dags/example_python_operator.py
[2024-10-06T04:56:44.786+0000] {logging_mixin.py:190} INFO - [2024-10-06T04:56:44.786+0000] {dag.py:3239} INFO - Sync 1 DAGs
[2024-10-06T04:56:44.805+0000] {logging_mixin.py:190} INFO - [2024-10-06T04:56:44.805+0000] {dag.py:4180} INFO - Setting next_dagrun for example_python_operator to None, run_after=None
[2024-10-06T04:56:44.826+0000] {processor.py:208} INFO - Processing /home/airflow/.local/lib/python3.12/site-packages/airflow/example_dags/example_python_operator.py took 0.088 seconds
[2024-10-06T04:57:15.376+0000] {processor.py:186} INFO - Started process (PID=4046) to work on /home/airflow/.local/lib/python3.12/site-packages/airflow/example_dags/example_python_operator.py
[2024-10-06T04:57:15.376+0000] {processor.py:914} INFO - Processing file /home/airflow/.local/lib/python3.12/site-packages/airflow/example_dags/example_python_operator.py for tasks to queue
[2024-10-06T04:57:15.377+0000] {logging_mixin.py:190} INFO - [2024-10-06T04:57:15.377+0000] {dagbag.py:588} INFO - Filling up the DagBag from /home/airflow/.local/lib/python3.12/site-packages/airflow/example_dags/example_python_operator.py
[2024-10-06T04:57:15.387+0000] {processor.py:925} INFO - DAG(s) 'example_python_operator' retrieved from /home/airflow/.local/lib/python3.12/site-packages/airflow/example_dags/example_python_operator.py
[2024-10-06T04:57:15.404+0000] {logging_mixin.py:190} INFO - [2024-10-06T04:57:15.404+0000] {dag.py:3239} INFO - Sync 1 DAGs
[2024-10-06T04:57:15.416+0000] {logging_mixin.py:190} INFO - [2024-10-06T04:57:15.415+0000] {dag.py:4180} INFO - Setting next_dagrun for example_python_operator to None, run_after=None
[2024-10-06T04:57:15.434+0000] {processor.py:208} INFO - Processing /home/airflow/.local/lib/python3.12/site-packages/airflow/example_dags/example_python_operator.py took 0.063 seconds
[2024-10-06T04:57:45.761+0000] {processor.py:186} INFO - Started process (PID=4110) to work on /home/airflow/.local/lib/python3.12/site-packages/airflow/example_dags/example_python_operator.py
[2024-10-06T04:57:45.761+0000] {processor.py:914} INFO - Processing file /home/airflow/.local/lib/python3.12/site-packages/airflow/example_dags/example_python_operator.py for tasks to queue
[2024-10-06T04:57:45.762+0000] {logging_mixin.py:190} INFO - [2024-10-06T04:57:45.762+0000] {dagbag.py:588} INFO - Filling up the DagBag from /home/airflow/.local/lib/python3.12/site-packages/airflow/example_dags/example_python_operator.py
[2024-10-06T04:57:45.772+0000] {processor.py:925} INFO - DAG(s) 'example_python_operator' retrieved from /home/airflow/.local/lib/python3.12/site-packages/airflow/example_dags/example_python_operator.py
[2024-10-06T04:57:45.789+0000] {logging_mixin.py:190} INFO - [2024-10-06T04:57:45.789+0000] {dag.py:3239} INFO - Sync 1 DAGs
[2024-10-06T04:57:45.800+0000] {logging_mixin.py:190} INFO - [2024-10-06T04:57:45.800+0000] {dag.py:4180} INFO - Setting next_dagrun for example_python_operator to None, run_after=None
[2024-10-06T04:57:45.818+0000] {processor.py:208} INFO - Processing /home/airflow/.local/lib/python3.12/site-packages/airflow/example_dags/example_python_operator.py took 0.062 seconds
