[2024-10-06T04:25:23.514+0000] {processor.py:186} INFO - Started process (PID=106) to work on /home/airflow/.local/lib/python3.12/site-packages/airflow/example_dags/example_latest_only.py
[2024-10-06T04:25:23.515+0000] {processor.py:914} INFO - Processing file /home/airflow/.local/lib/python3.12/site-packages/airflow/example_dags/example_latest_only.py for tasks to queue
[2024-10-06T04:25:23.518+0000] {logging_mixin.py:190} INFO - [2024-10-06T04:25:23.517+0000] {dagbag.py:588} INFO - Filling up the DagBag from /home/airflow/.local/lib/python3.12/site-packages/airflow/example_dags/example_latest_only.py
[2024-10-06T04:25:23.526+0000] {processor.py:925} INFO - DAG(s) 'latest_only' retrieved from /home/airflow/.local/lib/python3.12/site-packages/airflow/example_dags/example_latest_only.py
[2024-10-06T04:25:23.661+0000] {logging_mixin.py:190} INFO - [2024-10-06T04:25:23.660+0000] {override.py:1900} INFO - Created Permission View: can edit on DAG:latest_only
[2024-10-06T04:25:23.672+0000] {logging_mixin.py:190} INFO - [2024-10-06T04:25:23.672+0000] {override.py:1900} INFO - Created Permission View: can delete on DAG:latest_only
[2024-10-06T04:25:23.680+0000] {logging_mixin.py:190} INFO - [2024-10-06T04:25:23.679+0000] {override.py:1900} INFO - Created Permission View: can read on DAG:latest_only
[2024-10-06T04:25:23.697+0000] {logging_mixin.py:190} INFO - [2024-10-06T04:25:23.696+0000] {override.py:1900} INFO - Created Permission View: can delete on DAG Run:latest_only
[2024-10-06T04:25:23.707+0000] {logging_mixin.py:190} INFO - [2024-10-06T04:25:23.707+0000] {override.py:1900} INFO - Created Permission View: can create on DAG Run:latest_only
[2024-10-06T04:25:23.719+0000] {logging_mixin.py:190} INFO - [2024-10-06T04:25:23.718+0000] {override.py:1900} INFO - Created Permission View: menu access on DAG Run:latest_only
[2024-10-06T04:25:23.732+0000] {logging_mixin.py:190} INFO - [2024-10-06T04:25:23.731+0000] {override.py:1900} INFO - Created Permission View: can read on DAG Run:latest_only
[2024-10-06T04:25:23.732+0000] {logging_mixin.py:190} INFO - [2024-10-06T04:25:23.732+0000] {dag.py:3239} INFO - Sync 1 DAGs
[2024-10-06T04:25:23.749+0000] {logging_mixin.py:190} INFO - [2024-10-06T04:25:23.748+0000] {dag.py:3262} INFO - Creating ORM DAG for latest_only
[2024-10-06T04:25:23.758+0000] {logging_mixin.py:190} INFO - [2024-10-06T04:25:23.758+0000] {dag.py:4180} INFO - Setting next_dagrun for latest_only to 2024-10-06 00:00:00+00:00, run_after=2024-10-06 04:00:00+00:00
[2024-10-06T04:25:23.781+0000] {processor.py:208} INFO - Processing /home/airflow/.local/lib/python3.12/site-packages/airflow/example_dags/example_latest_only.py took 0.275 seconds
[2024-10-06T04:25:54.373+0000] {processor.py:186} INFO - Started process (PID=169) to work on /home/airflow/.local/lib/python3.12/site-packages/airflow/example_dags/example_latest_only.py
[2024-10-06T04:25:54.374+0000] {processor.py:914} INFO - Processing file /home/airflow/.local/lib/python3.12/site-packages/airflow/example_dags/example_latest_only.py for tasks to queue
[2024-10-06T04:25:54.376+0000] {logging_mixin.py:190} INFO - [2024-10-06T04:25:54.375+0000] {dagbag.py:588} INFO - Filling up the DagBag from /home/airflow/.local/lib/python3.12/site-packages/airflow/example_dags/example_latest_only.py
[2024-10-06T04:25:54.381+0000] {processor.py:925} INFO - DAG(s) 'latest_only' retrieved from /home/airflow/.local/lib/python3.12/site-packages/airflow/example_dags/example_latest_only.py
[2024-10-06T04:25:54.398+0000] {logging_mixin.py:190} INFO - [2024-10-06T04:25:54.398+0000] {dag.py:3239} INFO - Sync 1 DAGs
[2024-10-06T04:25:54.417+0000] {logging_mixin.py:190} INFO - [2024-10-06T04:25:54.416+0000] {dag.py:4180} INFO - Setting next_dagrun for latest_only to 2024-10-06 00:00:00+00:00, run_after=2024-10-06 04:00:00+00:00
[2024-10-06T04:25:54.436+0000] {processor.py:208} INFO - Processing /home/airflow/.local/lib/python3.12/site-packages/airflow/example_dags/example_latest_only.py took 0.067 seconds
[2024-10-06T04:26:24.645+0000] {processor.py:186} INFO - Started process (PID=231) to work on /home/airflow/.local/lib/python3.12/site-packages/airflow/example_dags/example_latest_only.py
[2024-10-06T04:26:24.645+0000] {processor.py:914} INFO - Processing file /home/airflow/.local/lib/python3.12/site-packages/airflow/example_dags/example_latest_only.py for tasks to queue
[2024-10-06T04:26:24.648+0000] {logging_mixin.py:190} INFO - [2024-10-06T04:26:24.648+0000] {dagbag.py:588} INFO - Filling up the DagBag from /home/airflow/.local/lib/python3.12/site-packages/airflow/example_dags/example_latest_only.py
[2024-10-06T04:26:24.654+0000] {processor.py:925} INFO - DAG(s) 'latest_only' retrieved from /home/airflow/.local/lib/python3.12/site-packages/airflow/example_dags/example_latest_only.py
[2024-10-06T04:26:24.670+0000] {logging_mixin.py:190} INFO - [2024-10-06T04:26:24.670+0000] {dag.py:3239} INFO - Sync 1 DAGs
[2024-10-06T04:26:24.691+0000] {logging_mixin.py:190} INFO - [2024-10-06T04:26:24.691+0000] {dag.py:4180} INFO - Setting next_dagrun for latest_only to 2024-10-06 00:00:00+00:00, run_after=2024-10-06 04:00:00+00:00
[2024-10-06T04:26:24.711+0000] {processor.py:208} INFO - Processing /home/airflow/.local/lib/python3.12/site-packages/airflow/example_dags/example_latest_only.py took 0.073 seconds
[2024-10-06T04:26:54.912+0000] {processor.py:186} INFO - Started process (PID=293) to work on /home/airflow/.local/lib/python3.12/site-packages/airflow/example_dags/example_latest_only.py
[2024-10-06T04:26:54.912+0000] {processor.py:914} INFO - Processing file /home/airflow/.local/lib/python3.12/site-packages/airflow/example_dags/example_latest_only.py for tasks to queue
[2024-10-06T04:26:54.915+0000] {logging_mixin.py:190} INFO - [2024-10-06T04:26:54.914+0000] {dagbag.py:588} INFO - Filling up the DagBag from /home/airflow/.local/lib/python3.12/site-packages/airflow/example_dags/example_latest_only.py
[2024-10-06T04:26:54.921+0000] {processor.py:925} INFO - DAG(s) 'latest_only' retrieved from /home/airflow/.local/lib/python3.12/site-packages/airflow/example_dags/example_latest_only.py
[2024-10-06T04:26:54.937+0000] {logging_mixin.py:190} INFO - [2024-10-06T04:26:54.937+0000] {dag.py:3239} INFO - Sync 1 DAGs
[2024-10-06T04:26:54.954+0000] {logging_mixin.py:190} INFO - [2024-10-06T04:26:54.954+0000] {dag.py:4180} INFO - Setting next_dagrun for latest_only to 2024-10-06 00:00:00+00:00, run_after=2024-10-06 04:00:00+00:00
[2024-10-06T04:26:54.972+0000] {processor.py:208} INFO - Processing /home/airflow/.local/lib/python3.12/site-packages/airflow/example_dags/example_latest_only.py took 0.066 seconds
[2024-10-06T04:27:25.559+0000] {processor.py:186} INFO - Started process (PID=355) to work on /home/airflow/.local/lib/python3.12/site-packages/airflow/example_dags/example_latest_only.py
[2024-10-06T04:27:25.560+0000] {processor.py:914} INFO - Processing file /home/airflow/.local/lib/python3.12/site-packages/airflow/example_dags/example_latest_only.py for tasks to queue
[2024-10-06T04:27:25.563+0000] {logging_mixin.py:190} INFO - [2024-10-06T04:27:25.563+0000] {dagbag.py:588} INFO - Filling up the DagBag from /home/airflow/.local/lib/python3.12/site-packages/airflow/example_dags/example_latest_only.py
[2024-10-06T04:27:25.570+0000] {processor.py:925} INFO - DAG(s) 'latest_only' retrieved from /home/airflow/.local/lib/python3.12/site-packages/airflow/example_dags/example_latest_only.py
[2024-10-06T04:27:25.587+0000] {logging_mixin.py:190} INFO - [2024-10-06T04:27:25.587+0000] {dag.py:3239} INFO - Sync 1 DAGs
[2024-10-06T04:27:25.608+0000] {logging_mixin.py:190} INFO - [2024-10-06T04:27:25.608+0000] {dag.py:4180} INFO - Setting next_dagrun for latest_only to 2024-10-06 00:00:00+00:00, run_after=2024-10-06 04:00:00+00:00
[2024-10-06T04:27:25.629+0000] {processor.py:208} INFO - Processing /home/airflow/.local/lib/python3.12/site-packages/airflow/example_dags/example_latest_only.py took 0.076 seconds
[2024-10-06T04:27:55.806+0000] {processor.py:186} INFO - Started process (PID=417) to work on /home/airflow/.local/lib/python3.12/site-packages/airflow/example_dags/example_latest_only.py
[2024-10-06T04:27:55.807+0000] {processor.py:914} INFO - Processing file /home/airflow/.local/lib/python3.12/site-packages/airflow/example_dags/example_latest_only.py for tasks to queue
[2024-10-06T04:27:55.809+0000] {logging_mixin.py:190} INFO - [2024-10-06T04:27:55.809+0000] {dagbag.py:588} INFO - Filling up the DagBag from /home/airflow/.local/lib/python3.12/site-packages/airflow/example_dags/example_latest_only.py
[2024-10-06T04:27:55.814+0000] {processor.py:925} INFO - DAG(s) 'latest_only' retrieved from /home/airflow/.local/lib/python3.12/site-packages/airflow/example_dags/example_latest_only.py
[2024-10-06T04:27:55.828+0000] {logging_mixin.py:190} INFO - [2024-10-06T04:27:55.828+0000] {dag.py:3239} INFO - Sync 1 DAGs
[2024-10-06T04:27:55.846+0000] {logging_mixin.py:190} INFO - [2024-10-06T04:27:55.846+0000] {dag.py:4180} INFO - Setting next_dagrun for latest_only to 2024-10-06 00:00:00+00:00, run_after=2024-10-06 04:00:00+00:00
[2024-10-06T04:27:55.862+0000] {processor.py:208} INFO - Processing /home/airflow/.local/lib/python3.12/site-packages/airflow/example_dags/example_latest_only.py took 0.060 seconds
[2024-10-06T04:28:26.140+0000] {processor.py:186} INFO - Started process (PID=480) to work on /home/airflow/.local/lib/python3.12/site-packages/airflow/example_dags/example_latest_only.py
[2024-10-06T04:28:26.141+0000] {processor.py:914} INFO - Processing file /home/airflow/.local/lib/python3.12/site-packages/airflow/example_dags/example_latest_only.py for tasks to queue
[2024-10-06T04:28:26.144+0000] {logging_mixin.py:190} INFO - [2024-10-06T04:28:26.143+0000] {dagbag.py:588} INFO - Filling up the DagBag from /home/airflow/.local/lib/python3.12/site-packages/airflow/example_dags/example_latest_only.py
[2024-10-06T04:28:26.149+0000] {processor.py:925} INFO - DAG(s) 'latest_only' retrieved from /home/airflow/.local/lib/python3.12/site-packages/airflow/example_dags/example_latest_only.py
[2024-10-06T04:28:26.169+0000] {logging_mixin.py:190} INFO - [2024-10-06T04:28:26.169+0000] {dag.py:3239} INFO - Sync 1 DAGs
[2024-10-06T04:28:26.189+0000] {logging_mixin.py:190} INFO - [2024-10-06T04:28:26.189+0000] {dag.py:4180} INFO - Setting next_dagrun for latest_only to 2024-10-06 00:00:00+00:00, run_after=2024-10-06 04:00:00+00:00
[2024-10-06T04:28:26.207+0000] {processor.py:208} INFO - Processing /home/airflow/.local/lib/python3.12/site-packages/airflow/example_dags/example_latest_only.py took 0.073 seconds
[2024-10-06T04:28:56.307+0000] {processor.py:186} INFO - Started process (PID=542) to work on /home/airflow/.local/lib/python3.12/site-packages/airflow/example_dags/example_latest_only.py
[2024-10-06T04:28:56.308+0000] {processor.py:914} INFO - Processing file /home/airflow/.local/lib/python3.12/site-packages/airflow/example_dags/example_latest_only.py for tasks to queue
[2024-10-06T04:28:56.310+0000] {logging_mixin.py:190} INFO - [2024-10-06T04:28:56.309+0000] {dagbag.py:588} INFO - Filling up the DagBag from /home/airflow/.local/lib/python3.12/site-packages/airflow/example_dags/example_latest_only.py
[2024-10-06T04:28:56.316+0000] {processor.py:925} INFO - DAG(s) 'latest_only' retrieved from /home/airflow/.local/lib/python3.12/site-packages/airflow/example_dags/example_latest_only.py
[2024-10-06T04:28:56.334+0000] {logging_mixin.py:190} INFO - [2024-10-06T04:28:56.333+0000] {dag.py:3239} INFO - Sync 1 DAGs
[2024-10-06T04:28:56.356+0000] {logging_mixin.py:190} INFO - [2024-10-06T04:28:56.355+0000] {dag.py:4180} INFO - Setting next_dagrun for latest_only to 2024-10-06 00:00:00+00:00, run_after=2024-10-06 04:00:00+00:00
[2024-10-06T04:28:56.375+0000] {processor.py:208} INFO - Processing /home/airflow/.local/lib/python3.12/site-packages/airflow/example_dags/example_latest_only.py took 0.073 seconds
[2024-10-06T04:29:26.595+0000] {processor.py:186} INFO - Started process (PID=604) to work on /home/airflow/.local/lib/python3.12/site-packages/airflow/example_dags/example_latest_only.py
[2024-10-06T04:29:26.596+0000] {processor.py:914} INFO - Processing file /home/airflow/.local/lib/python3.12/site-packages/airflow/example_dags/example_latest_only.py for tasks to queue
[2024-10-06T04:29:26.598+0000] {logging_mixin.py:190} INFO - [2024-10-06T04:29:26.598+0000] {dagbag.py:588} INFO - Filling up the DagBag from /home/airflow/.local/lib/python3.12/site-packages/airflow/example_dags/example_latest_only.py
[2024-10-06T04:29:26.603+0000] {processor.py:925} INFO - DAG(s) 'latest_only' retrieved from /home/airflow/.local/lib/python3.12/site-packages/airflow/example_dags/example_latest_only.py
[2024-10-06T04:29:26.621+0000] {logging_mixin.py:190} INFO - [2024-10-06T04:29:26.621+0000] {dag.py:3239} INFO - Sync 1 DAGs
[2024-10-06T04:29:26.646+0000] {logging_mixin.py:190} INFO - [2024-10-06T04:29:26.645+0000] {dag.py:4180} INFO - Setting next_dagrun for latest_only to 2024-10-06 00:00:00+00:00, run_after=2024-10-06 04:00:00+00:00
[2024-10-06T04:29:26.663+0000] {processor.py:208} INFO - Processing /home/airflow/.local/lib/python3.12/site-packages/airflow/example_dags/example_latest_only.py took 0.072 seconds
[2024-10-06T04:29:56.782+0000] {processor.py:186} INFO - Started process (PID=666) to work on /home/airflow/.local/lib/python3.12/site-packages/airflow/example_dags/example_latest_only.py
[2024-10-06T04:29:56.783+0000] {processor.py:914} INFO - Processing file /home/airflow/.local/lib/python3.12/site-packages/airflow/example_dags/example_latest_only.py for tasks to queue
[2024-10-06T04:29:56.785+0000] {logging_mixin.py:190} INFO - [2024-10-06T04:29:56.785+0000] {dagbag.py:588} INFO - Filling up the DagBag from /home/airflow/.local/lib/python3.12/site-packages/airflow/example_dags/example_latest_only.py
[2024-10-06T04:29:56.791+0000] {processor.py:925} INFO - DAG(s) 'latest_only' retrieved from /home/airflow/.local/lib/python3.12/site-packages/airflow/example_dags/example_latest_only.py
[2024-10-06T04:29:56.805+0000] {logging_mixin.py:190} INFO - [2024-10-06T04:29:56.804+0000] {dag.py:3239} INFO - Sync 1 DAGs
[2024-10-06T04:29:56.823+0000] {logging_mixin.py:190} INFO - [2024-10-06T04:29:56.822+0000] {dag.py:4180} INFO - Setting next_dagrun for latest_only to 2024-10-06 00:00:00+00:00, run_after=2024-10-06 04:00:00+00:00
[2024-10-06T04:29:56.840+0000] {processor.py:208} INFO - Processing /home/airflow/.local/lib/python3.12/site-packages/airflow/example_dags/example_latest_only.py took 0.063 seconds
[2024-10-06T04:30:27.063+0000] {processor.py:186} INFO - Started process (PID=729) to work on /home/airflow/.local/lib/python3.12/site-packages/airflow/example_dags/example_latest_only.py
[2024-10-06T04:30:27.064+0000] {processor.py:914} INFO - Processing file /home/airflow/.local/lib/python3.12/site-packages/airflow/example_dags/example_latest_only.py for tasks to queue
[2024-10-06T04:30:27.066+0000] {logging_mixin.py:190} INFO - [2024-10-06T04:30:27.066+0000] {dagbag.py:588} INFO - Filling up the DagBag from /home/airflow/.local/lib/python3.12/site-packages/airflow/example_dags/example_latest_only.py
[2024-10-06T04:30:27.072+0000] {processor.py:925} INFO - DAG(s) 'latest_only' retrieved from /home/airflow/.local/lib/python3.12/site-packages/airflow/example_dags/example_latest_only.py
[2024-10-06T04:30:27.089+0000] {logging_mixin.py:190} INFO - [2024-10-06T04:30:27.089+0000] {dag.py:3239} INFO - Sync 1 DAGs
[2024-10-06T04:30:27.107+0000] {logging_mixin.py:190} INFO - [2024-10-06T04:30:27.107+0000] {dag.py:4180} INFO - Setting next_dagrun for latest_only to 2024-10-06 00:00:00+00:00, run_after=2024-10-06 04:00:00+00:00
[2024-10-06T04:30:27.124+0000] {processor.py:208} INFO - Processing /home/airflow/.local/lib/python3.12/site-packages/airflow/example_dags/example_latest_only.py took 0.065 seconds
[2024-10-06T04:30:57.280+0000] {processor.py:186} INFO - Started process (PID=792) to work on /home/airflow/.local/lib/python3.12/site-packages/airflow/example_dags/example_latest_only.py
[2024-10-06T04:30:57.281+0000] {processor.py:914} INFO - Processing file /home/airflow/.local/lib/python3.12/site-packages/airflow/example_dags/example_latest_only.py for tasks to queue
[2024-10-06T04:30:57.283+0000] {logging_mixin.py:190} INFO - [2024-10-06T04:30:57.283+0000] {dagbag.py:588} INFO - Filling up the DagBag from /home/airflow/.local/lib/python3.12/site-packages/airflow/example_dags/example_latest_only.py
[2024-10-06T04:30:57.288+0000] {processor.py:925} INFO - DAG(s) 'latest_only' retrieved from /home/airflow/.local/lib/python3.12/site-packages/airflow/example_dags/example_latest_only.py
[2024-10-06T04:30:57.302+0000] {logging_mixin.py:190} INFO - [2024-10-06T04:30:57.302+0000] {dag.py:3239} INFO - Sync 1 DAGs
[2024-10-06T04:30:57.320+0000] {logging_mixin.py:190} INFO - [2024-10-06T04:30:57.319+0000] {dag.py:4180} INFO - Setting next_dagrun for latest_only to 2024-10-06 00:00:00+00:00, run_after=2024-10-06 04:00:00+00:00
[2024-10-06T04:30:57.336+0000] {processor.py:208} INFO - Processing /home/airflow/.local/lib/python3.12/site-packages/airflow/example_dags/example_latest_only.py took 0.060 seconds
[2024-10-06T04:31:27.592+0000] {processor.py:186} INFO - Started process (PID=855) to work on /home/airflow/.local/lib/python3.12/site-packages/airflow/example_dags/example_latest_only.py
[2024-10-06T04:31:27.592+0000] {processor.py:914} INFO - Processing file /home/airflow/.local/lib/python3.12/site-packages/airflow/example_dags/example_latest_only.py for tasks to queue
[2024-10-06T04:31:27.594+0000] {logging_mixin.py:190} INFO - [2024-10-06T04:31:27.594+0000] {dagbag.py:588} INFO - Filling up the DagBag from /home/airflow/.local/lib/python3.12/site-packages/airflow/example_dags/example_latest_only.py
[2024-10-06T04:31:27.599+0000] {processor.py:925} INFO - DAG(s) 'latest_only' retrieved from /home/airflow/.local/lib/python3.12/site-packages/airflow/example_dags/example_latest_only.py
[2024-10-06T04:31:27.615+0000] {logging_mixin.py:190} INFO - [2024-10-06T04:31:27.615+0000] {dag.py:3239} INFO - Sync 1 DAGs
[2024-10-06T04:31:27.639+0000] {logging_mixin.py:190} INFO - [2024-10-06T04:31:27.639+0000] {dag.py:4180} INFO - Setting next_dagrun for latest_only to 2024-10-06 00:00:00+00:00, run_after=2024-10-06 04:00:00+00:00
[2024-10-06T04:31:27.657+0000] {processor.py:208} INFO - Processing /home/airflow/.local/lib/python3.12/site-packages/airflow/example_dags/example_latest_only.py took 0.070 seconds
[2024-10-06T04:31:57.831+0000] {processor.py:186} INFO - Started process (PID=918) to work on /home/airflow/.local/lib/python3.12/site-packages/airflow/example_dags/example_latest_only.py
[2024-10-06T04:31:57.832+0000] {processor.py:914} INFO - Processing file /home/airflow/.local/lib/python3.12/site-packages/airflow/example_dags/example_latest_only.py for tasks to queue
[2024-10-06T04:31:57.834+0000] {logging_mixin.py:190} INFO - [2024-10-06T04:31:57.833+0000] {dagbag.py:588} INFO - Filling up the DagBag from /home/airflow/.local/lib/python3.12/site-packages/airflow/example_dags/example_latest_only.py
[2024-10-06T04:31:57.838+0000] {processor.py:925} INFO - DAG(s) 'latest_only' retrieved from /home/airflow/.local/lib/python3.12/site-packages/airflow/example_dags/example_latest_only.py
[2024-10-06T04:31:57.855+0000] {logging_mixin.py:190} INFO - [2024-10-06T04:31:57.855+0000] {dag.py:3239} INFO - Sync 1 DAGs
[2024-10-06T04:31:57.878+0000] {logging_mixin.py:190} INFO - [2024-10-06T04:31:57.878+0000] {dag.py:4180} INFO - Setting next_dagrun for latest_only to 2024-10-06 00:00:00+00:00, run_after=2024-10-06 04:00:00+00:00
[2024-10-06T04:31:57.897+0000] {processor.py:208} INFO - Processing /home/airflow/.local/lib/python3.12/site-packages/airflow/example_dags/example_latest_only.py took 0.071 seconds
[2024-10-06T04:32:28.070+0000] {processor.py:186} INFO - Started process (PID=981) to work on /home/airflow/.local/lib/python3.12/site-packages/airflow/example_dags/example_latest_only.py
[2024-10-06T04:32:28.071+0000] {processor.py:914} INFO - Processing file /home/airflow/.local/lib/python3.12/site-packages/airflow/example_dags/example_latest_only.py for tasks to queue
[2024-10-06T04:32:28.073+0000] {logging_mixin.py:190} INFO - [2024-10-06T04:32:28.073+0000] {dagbag.py:588} INFO - Filling up the DagBag from /home/airflow/.local/lib/python3.12/site-packages/airflow/example_dags/example_latest_only.py
[2024-10-06T04:32:28.078+0000] {processor.py:925} INFO - DAG(s) 'latest_only' retrieved from /home/airflow/.local/lib/python3.12/site-packages/airflow/example_dags/example_latest_only.py
[2024-10-06T04:32:28.092+0000] {logging_mixin.py:190} INFO - [2024-10-06T04:32:28.092+0000] {dag.py:3239} INFO - Sync 1 DAGs
[2024-10-06T04:32:28.115+0000] {logging_mixin.py:190} INFO - [2024-10-06T04:32:28.115+0000] {dag.py:4180} INFO - Setting next_dagrun for latest_only to 2024-10-06 00:00:00+00:00, run_after=2024-10-06 04:00:00+00:00
[2024-10-06T04:32:28.133+0000] {processor.py:208} INFO - Processing /home/airflow/.local/lib/python3.12/site-packages/airflow/example_dags/example_latest_only.py took 0.067 seconds
[2024-10-06T04:32:58.218+0000] {processor.py:186} INFO - Started process (PID=1044) to work on /home/airflow/.local/lib/python3.12/site-packages/airflow/example_dags/example_latest_only.py
[2024-10-06T04:32:58.219+0000] {processor.py:914} INFO - Processing file /home/airflow/.local/lib/python3.12/site-packages/airflow/example_dags/example_latest_only.py for tasks to queue
[2024-10-06T04:32:58.221+0000] {logging_mixin.py:190} INFO - [2024-10-06T04:32:58.220+0000] {dagbag.py:588} INFO - Filling up the DagBag from /home/airflow/.local/lib/python3.12/site-packages/airflow/example_dags/example_latest_only.py
[2024-10-06T04:32:58.226+0000] {processor.py:925} INFO - DAG(s) 'latest_only' retrieved from /home/airflow/.local/lib/python3.12/site-packages/airflow/example_dags/example_latest_only.py
[2024-10-06T04:32:58.240+0000] {logging_mixin.py:190} INFO - [2024-10-06T04:32:58.240+0000] {dag.py:3239} INFO - Sync 1 DAGs
[2024-10-06T04:32:58.257+0000] {logging_mixin.py:190} INFO - [2024-10-06T04:32:58.257+0000] {dag.py:4180} INFO - Setting next_dagrun for latest_only to 2024-10-06 00:00:00+00:00, run_after=2024-10-06 04:00:00+00:00
[2024-10-06T04:32:58.278+0000] {processor.py:208} INFO - Processing /home/airflow/.local/lib/python3.12/site-packages/airflow/example_dags/example_latest_only.py took 0.064 seconds
[2024-10-06T04:33:28.449+0000] {processor.py:186} INFO - Started process (PID=1107) to work on /home/airflow/.local/lib/python3.12/site-packages/airflow/example_dags/example_latest_only.py
[2024-10-06T04:33:28.449+0000] {processor.py:914} INFO - Processing file /home/airflow/.local/lib/python3.12/site-packages/airflow/example_dags/example_latest_only.py for tasks to queue
[2024-10-06T04:33:28.451+0000] {logging_mixin.py:190} INFO - [2024-10-06T04:33:28.451+0000] {dagbag.py:588} INFO - Filling up the DagBag from /home/airflow/.local/lib/python3.12/site-packages/airflow/example_dags/example_latest_only.py
[2024-10-06T04:33:28.456+0000] {processor.py:925} INFO - DAG(s) 'latest_only' retrieved from /home/airflow/.local/lib/python3.12/site-packages/airflow/example_dags/example_latest_only.py
[2024-10-06T04:33:28.471+0000] {logging_mixin.py:190} INFO - [2024-10-06T04:33:28.471+0000] {dag.py:3239} INFO - Sync 1 DAGs
[2024-10-06T04:33:28.493+0000] {logging_mixin.py:190} INFO - [2024-10-06T04:33:28.493+0000] {dag.py:4180} INFO - Setting next_dagrun for latest_only to 2024-10-06 00:00:00+00:00, run_after=2024-10-06 04:00:00+00:00
[2024-10-06T04:33:28.515+0000] {processor.py:208} INFO - Processing /home/airflow/.local/lib/python3.12/site-packages/airflow/example_dags/example_latest_only.py took 0.070 seconds
[2024-10-06T04:33:58.737+0000] {processor.py:186} INFO - Started process (PID=1170) to work on /home/airflow/.local/lib/python3.12/site-packages/airflow/example_dags/example_latest_only.py
[2024-10-06T04:33:58.737+0000] {processor.py:914} INFO - Processing file /home/airflow/.local/lib/python3.12/site-packages/airflow/example_dags/example_latest_only.py for tasks to queue
[2024-10-06T04:33:58.740+0000] {logging_mixin.py:190} INFO - [2024-10-06T04:33:58.740+0000] {dagbag.py:588} INFO - Filling up the DagBag from /home/airflow/.local/lib/python3.12/site-packages/airflow/example_dags/example_latest_only.py
[2024-10-06T04:33:58.745+0000] {processor.py:925} INFO - DAG(s) 'latest_only' retrieved from /home/airflow/.local/lib/python3.12/site-packages/airflow/example_dags/example_latest_only.py
[2024-10-06T04:33:58.763+0000] {logging_mixin.py:190} INFO - [2024-10-06T04:33:58.763+0000] {dag.py:3239} INFO - Sync 1 DAGs
[2024-10-06T04:33:58.785+0000] {logging_mixin.py:190} INFO - [2024-10-06T04:33:58.785+0000] {dag.py:4180} INFO - Setting next_dagrun for latest_only to 2024-10-06 00:00:00+00:00, run_after=2024-10-06 04:00:00+00:00
[2024-10-06T04:33:58.807+0000] {processor.py:208} INFO - Processing /home/airflow/.local/lib/python3.12/site-packages/airflow/example_dags/example_latest_only.py took 0.075 seconds
[2024-10-06T04:34:29.298+0000] {processor.py:186} INFO - Started process (PID=1233) to work on /home/airflow/.local/lib/python3.12/site-packages/airflow/example_dags/example_latest_only.py
[2024-10-06T04:34:29.298+0000] {processor.py:914} INFO - Processing file /home/airflow/.local/lib/python3.12/site-packages/airflow/example_dags/example_latest_only.py for tasks to queue
[2024-10-06T04:34:29.301+0000] {logging_mixin.py:190} INFO - [2024-10-06T04:34:29.300+0000] {dagbag.py:588} INFO - Filling up the DagBag from /home/airflow/.local/lib/python3.12/site-packages/airflow/example_dags/example_latest_only.py
[2024-10-06T04:34:29.306+0000] {processor.py:925} INFO - DAG(s) 'latest_only' retrieved from /home/airflow/.local/lib/python3.12/site-packages/airflow/example_dags/example_latest_only.py
[2024-10-06T04:34:29.323+0000] {logging_mixin.py:190} INFO - [2024-10-06T04:34:29.322+0000] {dag.py:3239} INFO - Sync 1 DAGs
[2024-10-06T04:34:29.348+0000] {logging_mixin.py:190} INFO - [2024-10-06T04:34:29.348+0000] {dag.py:4180} INFO - Setting next_dagrun for latest_only to 2024-10-06 00:00:00+00:00, run_after=2024-10-06 04:00:00+00:00
[2024-10-06T04:34:29.367+0000] {processor.py:208} INFO - Processing /home/airflow/.local/lib/python3.12/site-packages/airflow/example_dags/example_latest_only.py took 0.075 seconds
[2024-10-06T04:34:59.708+0000] {processor.py:186} INFO - Started process (PID=1296) to work on /home/airflow/.local/lib/python3.12/site-packages/airflow/example_dags/example_latest_only.py
[2024-10-06T04:34:59.709+0000] {processor.py:914} INFO - Processing file /home/airflow/.local/lib/python3.12/site-packages/airflow/example_dags/example_latest_only.py for tasks to queue
[2024-10-06T04:34:59.711+0000] {logging_mixin.py:190} INFO - [2024-10-06T04:34:59.711+0000] {dagbag.py:588} INFO - Filling up the DagBag from /home/airflow/.local/lib/python3.12/site-packages/airflow/example_dags/example_latest_only.py
[2024-10-06T04:34:59.718+0000] {processor.py:925} INFO - DAG(s) 'latest_only' retrieved from /home/airflow/.local/lib/python3.12/site-packages/airflow/example_dags/example_latest_only.py
[2024-10-06T04:34:59.742+0000] {logging_mixin.py:190} INFO - [2024-10-06T04:34:59.742+0000] {dag.py:3239} INFO - Sync 1 DAGs
[2024-10-06T04:34:59.767+0000] {logging_mixin.py:190} INFO - [2024-10-06T04:34:59.767+0000] {dag.py:4180} INFO - Setting next_dagrun for latest_only to 2024-10-06 00:00:00+00:00, run_after=2024-10-06 04:00:00+00:00
[2024-10-06T04:34:59.789+0000] {processor.py:208} INFO - Processing /home/airflow/.local/lib/python3.12/site-packages/airflow/example_dags/example_latest_only.py took 0.088 seconds
[2024-10-06T04:35:30.094+0000] {processor.py:186} INFO - Started process (PID=1359) to work on /home/airflow/.local/lib/python3.12/site-packages/airflow/example_dags/example_latest_only.py
[2024-10-06T04:35:30.095+0000] {processor.py:914} INFO - Processing file /home/airflow/.local/lib/python3.12/site-packages/airflow/example_dags/example_latest_only.py for tasks to queue
[2024-10-06T04:35:30.097+0000] {logging_mixin.py:190} INFO - [2024-10-06T04:35:30.097+0000] {dagbag.py:588} INFO - Filling up the DagBag from /home/airflow/.local/lib/python3.12/site-packages/airflow/example_dags/example_latest_only.py
[2024-10-06T04:35:30.103+0000] {processor.py:925} INFO - DAG(s) 'latest_only' retrieved from /home/airflow/.local/lib/python3.12/site-packages/airflow/example_dags/example_latest_only.py
[2024-10-06T04:35:30.118+0000] {logging_mixin.py:190} INFO - [2024-10-06T04:35:30.117+0000] {dag.py:3239} INFO - Sync 1 DAGs
[2024-10-06T04:35:30.137+0000] {logging_mixin.py:190} INFO - [2024-10-06T04:35:30.137+0000] {dag.py:4180} INFO - Setting next_dagrun for latest_only to 2024-10-06 00:00:00+00:00, run_after=2024-10-06 04:00:00+00:00
[2024-10-06T04:35:30.164+0000] {processor.py:208} INFO - Processing /home/airflow/.local/lib/python3.12/site-packages/airflow/example_dags/example_latest_only.py took 0.075 seconds
[2024-10-06T04:36:00.337+0000] {processor.py:186} INFO - Started process (PID=1422) to work on /home/airflow/.local/lib/python3.12/site-packages/airflow/example_dags/example_latest_only.py
[2024-10-06T04:36:00.338+0000] {processor.py:914} INFO - Processing file /home/airflow/.local/lib/python3.12/site-packages/airflow/example_dags/example_latest_only.py for tasks to queue
[2024-10-06T04:36:00.340+0000] {logging_mixin.py:190} INFO - [2024-10-06T04:36:00.340+0000] {dagbag.py:588} INFO - Filling up the DagBag from /home/airflow/.local/lib/python3.12/site-packages/airflow/example_dags/example_latest_only.py
[2024-10-06T04:36:00.345+0000] {processor.py:925} INFO - DAG(s) 'latest_only' retrieved from /home/airflow/.local/lib/python3.12/site-packages/airflow/example_dags/example_latest_only.py
[2024-10-06T04:36:00.364+0000] {logging_mixin.py:190} INFO - [2024-10-06T04:36:00.363+0000] {dag.py:3239} INFO - Sync 1 DAGs
[2024-10-06T04:36:00.384+0000] {logging_mixin.py:190} INFO - [2024-10-06T04:36:00.383+0000] {dag.py:4180} INFO - Setting next_dagrun for latest_only to 2024-10-06 00:00:00+00:00, run_after=2024-10-06 04:00:00+00:00
[2024-10-06T04:36:00.403+0000] {processor.py:208} INFO - Processing /home/airflow/.local/lib/python3.12/site-packages/airflow/example_dags/example_latest_only.py took 0.069 seconds
[2024-10-06T04:36:31.400+0000] {processor.py:186} INFO - Started process (PID=1486) to work on /home/airflow/.local/lib/python3.12/site-packages/airflow/example_dags/example_latest_only.py
[2024-10-06T04:36:31.401+0000] {processor.py:914} INFO - Processing file /home/airflow/.local/lib/python3.12/site-packages/airflow/example_dags/example_latest_only.py for tasks to queue
[2024-10-06T04:36:31.403+0000] {logging_mixin.py:190} INFO - [2024-10-06T04:36:31.403+0000] {dagbag.py:588} INFO - Filling up the DagBag from /home/airflow/.local/lib/python3.12/site-packages/airflow/example_dags/example_latest_only.py
[2024-10-06T04:36:31.409+0000] {processor.py:925} INFO - DAG(s) 'latest_only' retrieved from /home/airflow/.local/lib/python3.12/site-packages/airflow/example_dags/example_latest_only.py
[2024-10-06T04:36:31.428+0000] {logging_mixin.py:190} INFO - [2024-10-06T04:36:31.427+0000] {dag.py:3239} INFO - Sync 1 DAGs
[2024-10-06T04:36:31.454+0000] {logging_mixin.py:190} INFO - [2024-10-06T04:36:31.454+0000] {dag.py:4180} INFO - Setting next_dagrun for latest_only to 2024-10-06 00:00:00+00:00, run_after=2024-10-06 04:00:00+00:00
[2024-10-06T04:36:31.475+0000] {processor.py:208} INFO - Processing /home/airflow/.local/lib/python3.12/site-packages/airflow/example_dags/example_latest_only.py took 0.081 seconds
[2024-10-06T04:37:01.928+0000] {processor.py:186} INFO - Started process (PID=1551) to work on /home/airflow/.local/lib/python3.12/site-packages/airflow/example_dags/example_latest_only.py
[2024-10-06T04:37:01.928+0000] {processor.py:914} INFO - Processing file /home/airflow/.local/lib/python3.12/site-packages/airflow/example_dags/example_latest_only.py for tasks to queue
[2024-10-06T04:37:01.931+0000] {logging_mixin.py:190} INFO - [2024-10-06T04:37:01.930+0000] {dagbag.py:588} INFO - Filling up the DagBag from /home/airflow/.local/lib/python3.12/site-packages/airflow/example_dags/example_latest_only.py
[2024-10-06T04:37:01.937+0000] {processor.py:925} INFO - DAG(s) 'latest_only' retrieved from /home/airflow/.local/lib/python3.12/site-packages/airflow/example_dags/example_latest_only.py
[2024-10-06T04:37:01.958+0000] {logging_mixin.py:190} INFO - [2024-10-06T04:37:01.958+0000] {dag.py:3239} INFO - Sync 1 DAGs
[2024-10-06T04:37:01.982+0000] {logging_mixin.py:190} INFO - [2024-10-06T04:37:01.982+0000] {dag.py:4180} INFO - Setting next_dagrun for latest_only to 2024-10-06 00:00:00+00:00, run_after=2024-10-06 04:00:00+00:00
[2024-10-06T04:37:02.002+0000] {processor.py:208} INFO - Processing /home/airflow/.local/lib/python3.12/site-packages/airflow/example_dags/example_latest_only.py took 0.080 seconds
[2024-10-06T04:37:32.096+0000] {processor.py:186} INFO - Started process (PID=1614) to work on /home/airflow/.local/lib/python3.12/site-packages/airflow/example_dags/example_latest_only.py
[2024-10-06T04:37:32.097+0000] {processor.py:914} INFO - Processing file /home/airflow/.local/lib/python3.12/site-packages/airflow/example_dags/example_latest_only.py for tasks to queue
[2024-10-06T04:37:32.099+0000] {logging_mixin.py:190} INFO - [2024-10-06T04:37:32.098+0000] {dagbag.py:588} INFO - Filling up the DagBag from /home/airflow/.local/lib/python3.12/site-packages/airflow/example_dags/example_latest_only.py
[2024-10-06T04:37:32.103+0000] {processor.py:925} INFO - DAG(s) 'latest_only' retrieved from /home/airflow/.local/lib/python3.12/site-packages/airflow/example_dags/example_latest_only.py
[2024-10-06T04:37:32.120+0000] {logging_mixin.py:190} INFO - [2024-10-06T04:37:32.120+0000] {dag.py:3239} INFO - Sync 1 DAGs
[2024-10-06T04:37:32.143+0000] {logging_mixin.py:190} INFO - [2024-10-06T04:37:32.143+0000] {dag.py:4180} INFO - Setting next_dagrun for latest_only to 2024-10-06 00:00:00+00:00, run_after=2024-10-06 04:00:00+00:00
[2024-10-06T04:37:32.165+0000] {processor.py:208} INFO - Processing /home/airflow/.local/lib/python3.12/site-packages/airflow/example_dags/example_latest_only.py took 0.073 seconds
[2024-10-06T04:38:02.402+0000] {processor.py:186} INFO - Started process (PID=1676) to work on /home/airflow/.local/lib/python3.12/site-packages/airflow/example_dags/example_latest_only.py
[2024-10-06T04:38:02.403+0000] {processor.py:914} INFO - Processing file /home/airflow/.local/lib/python3.12/site-packages/airflow/example_dags/example_latest_only.py for tasks to queue
[2024-10-06T04:38:02.405+0000] {logging_mixin.py:190} INFO - [2024-10-06T04:38:02.405+0000] {dagbag.py:588} INFO - Filling up the DagBag from /home/airflow/.local/lib/python3.12/site-packages/airflow/example_dags/example_latest_only.py
[2024-10-06T04:38:02.410+0000] {processor.py:925} INFO - DAG(s) 'latest_only' retrieved from /home/airflow/.local/lib/python3.12/site-packages/airflow/example_dags/example_latest_only.py
[2024-10-06T04:38:02.427+0000] {logging_mixin.py:190} INFO - [2024-10-06T04:38:02.426+0000] {dag.py:3239} INFO - Sync 1 DAGs
[2024-10-06T04:38:02.448+0000] {logging_mixin.py:190} INFO - [2024-10-06T04:38:02.448+0000] {dag.py:4180} INFO - Setting next_dagrun for latest_only to 2024-10-06 00:00:00+00:00, run_after=2024-10-06 04:00:00+00:00
[2024-10-06T04:38:02.467+0000] {processor.py:208} INFO - Processing /home/airflow/.local/lib/python3.12/site-packages/airflow/example_dags/example_latest_only.py took 0.070 seconds
[2024-10-06T04:38:32.978+0000] {processor.py:186} INFO - Started process (PID=1739) to work on /home/airflow/.local/lib/python3.12/site-packages/airflow/example_dags/example_latest_only.py
[2024-10-06T04:38:32.979+0000] {processor.py:914} INFO - Processing file /home/airflow/.local/lib/python3.12/site-packages/airflow/example_dags/example_latest_only.py for tasks to queue
[2024-10-06T04:38:32.980+0000] {logging_mixin.py:190} INFO - [2024-10-06T04:38:32.979+0000] {dagbag.py:588} INFO - Filling up the DagBag from /home/airflow/.local/lib/python3.12/site-packages/airflow/example_dags/example_latest_only.py
[2024-10-06T04:38:32.985+0000] {processor.py:925} INFO - DAG(s) 'latest_only' retrieved from /home/airflow/.local/lib/python3.12/site-packages/airflow/example_dags/example_latest_only.py
[2024-10-06T04:38:33.000+0000] {logging_mixin.py:190} INFO - [2024-10-06T04:38:33.000+0000] {dag.py:3239} INFO - Sync 1 DAGs
[2024-10-06T04:38:33.020+0000] {logging_mixin.py:190} INFO - [2024-10-06T04:38:33.020+0000] {dag.py:4180} INFO - Setting next_dagrun for latest_only to 2024-10-06 00:00:00+00:00, run_after=2024-10-06 04:00:00+00:00
[2024-10-06T04:38:33.037+0000] {processor.py:208} INFO - Processing /home/airflow/.local/lib/python3.12/site-packages/airflow/example_dags/example_latest_only.py took 0.064 seconds
[2024-10-06T04:39:04.086+0000] {processor.py:186} INFO - Started process (PID=1803) to work on /home/airflow/.local/lib/python3.12/site-packages/airflow/example_dags/example_latest_only.py
[2024-10-06T04:39:04.087+0000] {processor.py:914} INFO - Processing file /home/airflow/.local/lib/python3.12/site-packages/airflow/example_dags/example_latest_only.py for tasks to queue
[2024-10-06T04:39:04.088+0000] {logging_mixin.py:190} INFO - [2024-10-06T04:39:04.087+0000] {dagbag.py:588} INFO - Filling up the DagBag from /home/airflow/.local/lib/python3.12/site-packages/airflow/example_dags/example_latest_only.py
[2024-10-06T04:39:04.093+0000] {processor.py:925} INFO - DAG(s) 'latest_only' retrieved from /home/airflow/.local/lib/python3.12/site-packages/airflow/example_dags/example_latest_only.py
[2024-10-06T04:39:04.109+0000] {logging_mixin.py:190} INFO - [2024-10-06T04:39:04.108+0000] {dag.py:3239} INFO - Sync 1 DAGs
[2024-10-06T04:39:04.128+0000] {logging_mixin.py:190} INFO - [2024-10-06T04:39:04.128+0000] {dag.py:4180} INFO - Setting next_dagrun for latest_only to 2024-10-06 00:00:00+00:00, run_after=2024-10-06 04:00:00+00:00
[2024-10-06T04:39:04.146+0000] {processor.py:208} INFO - Processing /home/airflow/.local/lib/python3.12/site-packages/airflow/example_dags/example_latest_only.py took 0.065 seconds
[2024-10-06T04:39:34.385+0000] {processor.py:186} INFO - Started process (PID=1866) to work on /home/airflow/.local/lib/python3.12/site-packages/airflow/example_dags/example_latest_only.py
[2024-10-06T04:39:34.385+0000] {processor.py:914} INFO - Processing file /home/airflow/.local/lib/python3.12/site-packages/airflow/example_dags/example_latest_only.py for tasks to queue
[2024-10-06T04:39:34.387+0000] {logging_mixin.py:190} INFO - [2024-10-06T04:39:34.386+0000] {dagbag.py:588} INFO - Filling up the DagBag from /home/airflow/.local/lib/python3.12/site-packages/airflow/example_dags/example_latest_only.py
[2024-10-06T04:39:34.392+0000] {processor.py:925} INFO - DAG(s) 'latest_only' retrieved from /home/airflow/.local/lib/python3.12/site-packages/airflow/example_dags/example_latest_only.py
[2024-10-06T04:39:34.409+0000] {logging_mixin.py:190} INFO - [2024-10-06T04:39:34.409+0000] {dag.py:3239} INFO - Sync 1 DAGs
[2024-10-06T04:39:34.428+0000] {logging_mixin.py:190} INFO - [2024-10-06T04:39:34.428+0000] {dag.py:4180} INFO - Setting next_dagrun for latest_only to 2024-10-06 00:00:00+00:00, run_after=2024-10-06 04:00:00+00:00
[2024-10-06T04:39:34.450+0000] {processor.py:208} INFO - Processing /home/airflow/.local/lib/python3.12/site-packages/airflow/example_dags/example_latest_only.py took 0.069 seconds
[2024-10-06T04:40:05.454+0000] {processor.py:186} INFO - Started process (PID=1929) to work on /home/airflow/.local/lib/python3.12/site-packages/airflow/example_dags/example_latest_only.py
[2024-10-06T04:40:05.455+0000] {processor.py:914} INFO - Processing file /home/airflow/.local/lib/python3.12/site-packages/airflow/example_dags/example_latest_only.py for tasks to queue
[2024-10-06T04:40:05.455+0000] {logging_mixin.py:190} INFO - [2024-10-06T04:40:05.455+0000] {dagbag.py:588} INFO - Filling up the DagBag from /home/airflow/.local/lib/python3.12/site-packages/airflow/example_dags/example_latest_only.py
[2024-10-06T04:40:05.461+0000] {processor.py:925} INFO - DAG(s) 'latest_only' retrieved from /home/airflow/.local/lib/python3.12/site-packages/airflow/example_dags/example_latest_only.py
[2024-10-06T04:40:05.478+0000] {logging_mixin.py:190} INFO - [2024-10-06T04:40:05.478+0000] {dag.py:3239} INFO - Sync 1 DAGs
[2024-10-06T04:40:05.497+0000] {logging_mixin.py:190} INFO - [2024-10-06T04:40:05.497+0000] {dag.py:4180} INFO - Setting next_dagrun for latest_only to 2024-10-06 00:00:00+00:00, run_after=2024-10-06 04:00:00+00:00
[2024-10-06T04:40:05.513+0000] {processor.py:208} INFO - Processing /home/airflow/.local/lib/python3.12/site-packages/airflow/example_dags/example_latest_only.py took 0.065 seconds
[2024-10-06T04:40:35.786+0000] {processor.py:186} INFO - Started process (PID=1992) to work on /home/airflow/.local/lib/python3.12/site-packages/airflow/example_dags/example_latest_only.py
[2024-10-06T04:40:35.787+0000] {processor.py:914} INFO - Processing file /home/airflow/.local/lib/python3.12/site-packages/airflow/example_dags/example_latest_only.py for tasks to queue
[2024-10-06T04:40:35.788+0000] {logging_mixin.py:190} INFO - [2024-10-06T04:40:35.788+0000] {dagbag.py:588} INFO - Filling up the DagBag from /home/airflow/.local/lib/python3.12/site-packages/airflow/example_dags/example_latest_only.py
[2024-10-06T04:40:35.795+0000] {processor.py:925} INFO - DAG(s) 'latest_only' retrieved from /home/airflow/.local/lib/python3.12/site-packages/airflow/example_dags/example_latest_only.py
[2024-10-06T04:40:35.813+0000] {logging_mixin.py:190} INFO - [2024-10-06T04:40:35.813+0000] {dag.py:3239} INFO - Sync 1 DAGs
[2024-10-06T04:40:35.833+0000] {logging_mixin.py:190} INFO - [2024-10-06T04:40:35.833+0000] {dag.py:4180} INFO - Setting next_dagrun for latest_only to 2024-10-06 00:00:00+00:00, run_after=2024-10-06 04:00:00+00:00
[2024-10-06T04:40:35.850+0000] {processor.py:208} INFO - Processing /home/airflow/.local/lib/python3.12/site-packages/airflow/example_dags/example_latest_only.py took 0.068 seconds
[2024-10-06T04:41:06.647+0000] {processor.py:186} INFO - Started process (PID=2055) to work on /home/airflow/.local/lib/python3.12/site-packages/airflow/example_dags/example_latest_only.py
[2024-10-06T04:41:06.648+0000] {processor.py:914} INFO - Processing file /home/airflow/.local/lib/python3.12/site-packages/airflow/example_dags/example_latest_only.py for tasks to queue
[2024-10-06T04:41:06.649+0000] {logging_mixin.py:190} INFO - [2024-10-06T04:41:06.648+0000] {dagbag.py:588} INFO - Filling up the DagBag from /home/airflow/.local/lib/python3.12/site-packages/airflow/example_dags/example_latest_only.py
[2024-10-06T04:41:06.654+0000] {processor.py:925} INFO - DAG(s) 'latest_only' retrieved from /home/airflow/.local/lib/python3.12/site-packages/airflow/example_dags/example_latest_only.py
[2024-10-06T04:41:06.670+0000] {logging_mixin.py:190} INFO - [2024-10-06T04:41:06.669+0000] {dag.py:3239} INFO - Sync 1 DAGs
[2024-10-06T04:41:06.688+0000] {logging_mixin.py:190} INFO - [2024-10-06T04:41:06.688+0000] {dag.py:4180} INFO - Setting next_dagrun for latest_only to 2024-10-06 00:00:00+00:00, run_after=2024-10-06 04:00:00+00:00
[2024-10-06T04:41:06.705+0000] {processor.py:208} INFO - Processing /home/airflow/.local/lib/python3.12/site-packages/airflow/example_dags/example_latest_only.py took 0.066 seconds
[2024-10-06T04:41:37.557+0000] {processor.py:186} INFO - Started process (PID=2118) to work on /home/airflow/.local/lib/python3.12/site-packages/airflow/example_dags/example_latest_only.py
[2024-10-06T04:41:37.558+0000] {processor.py:914} INFO - Processing file /home/airflow/.local/lib/python3.12/site-packages/airflow/example_dags/example_latest_only.py for tasks to queue
[2024-10-06T04:41:37.559+0000] {logging_mixin.py:190} INFO - [2024-10-06T04:41:37.558+0000] {dagbag.py:588} INFO - Filling up the DagBag from /home/airflow/.local/lib/python3.12/site-packages/airflow/example_dags/example_latest_only.py
[2024-10-06T04:41:37.564+0000] {processor.py:925} INFO - DAG(s) 'latest_only' retrieved from /home/airflow/.local/lib/python3.12/site-packages/airflow/example_dags/example_latest_only.py
[2024-10-06T04:41:37.580+0000] {logging_mixin.py:190} INFO - [2024-10-06T04:41:37.580+0000] {dag.py:3239} INFO - Sync 1 DAGs
[2024-10-06T04:41:37.600+0000] {logging_mixin.py:190} INFO - [2024-10-06T04:41:37.600+0000] {dag.py:4180} INFO - Setting next_dagrun for latest_only to 2024-10-06 00:00:00+00:00, run_after=2024-10-06 04:00:00+00:00
[2024-10-06T04:41:37.617+0000] {processor.py:208} INFO - Processing /home/airflow/.local/lib/python3.12/site-packages/airflow/example_dags/example_latest_only.py took 0.065 seconds
[2024-10-06T04:42:08.364+0000] {processor.py:186} INFO - Started process (PID=2182) to work on /home/airflow/.local/lib/python3.12/site-packages/airflow/example_dags/example_latest_only.py
[2024-10-06T04:42:08.365+0000] {processor.py:914} INFO - Processing file /home/airflow/.local/lib/python3.12/site-packages/airflow/example_dags/example_latest_only.py for tasks to queue
[2024-10-06T04:42:08.366+0000] {logging_mixin.py:190} INFO - [2024-10-06T04:42:08.366+0000] {dagbag.py:588} INFO - Filling up the DagBag from /home/airflow/.local/lib/python3.12/site-packages/airflow/example_dags/example_latest_only.py
[2024-10-06T04:42:08.373+0000] {processor.py:925} INFO - DAG(s) 'latest_only' retrieved from /home/airflow/.local/lib/python3.12/site-packages/airflow/example_dags/example_latest_only.py
[2024-10-06T04:42:08.390+0000] {logging_mixin.py:190} INFO - [2024-10-06T04:42:08.390+0000] {dag.py:3239} INFO - Sync 1 DAGs
[2024-10-06T04:42:08.409+0000] {logging_mixin.py:190} INFO - [2024-10-06T04:42:08.409+0000] {dag.py:4180} INFO - Setting next_dagrun for latest_only to 2024-10-06 00:00:00+00:00, run_after=2024-10-06 04:00:00+00:00
[2024-10-06T04:42:08.427+0000] {processor.py:208} INFO - Processing /home/airflow/.local/lib/python3.12/site-packages/airflow/example_dags/example_latest_only.py took 0.068 seconds
[2024-10-06T04:42:39.149+0000] {processor.py:186} INFO - Started process (PID=2245) to work on /home/airflow/.local/lib/python3.12/site-packages/airflow/example_dags/example_latest_only.py
[2024-10-06T04:42:39.150+0000] {processor.py:914} INFO - Processing file /home/airflow/.local/lib/python3.12/site-packages/airflow/example_dags/example_latest_only.py for tasks to queue
[2024-10-06T04:42:39.151+0000] {logging_mixin.py:190} INFO - [2024-10-06T04:42:39.151+0000] {dagbag.py:588} INFO - Filling up the DagBag from /home/airflow/.local/lib/python3.12/site-packages/airflow/example_dags/example_latest_only.py
[2024-10-06T04:42:39.157+0000] {processor.py:925} INFO - DAG(s) 'latest_only' retrieved from /home/airflow/.local/lib/python3.12/site-packages/airflow/example_dags/example_latest_only.py
[2024-10-06T04:42:39.173+0000] {logging_mixin.py:190} INFO - [2024-10-06T04:42:39.173+0000] {dag.py:3239} INFO - Sync 1 DAGs
[2024-10-06T04:42:39.195+0000] {logging_mixin.py:190} INFO - [2024-10-06T04:42:39.195+0000] {dag.py:4180} INFO - Setting next_dagrun for latest_only to 2024-10-06 00:00:00+00:00, run_after=2024-10-06 04:00:00+00:00
[2024-10-06T04:42:39.216+0000] {processor.py:208} INFO - Processing /home/airflow/.local/lib/python3.12/site-packages/airflow/example_dags/example_latest_only.py took 0.072 seconds
[2024-10-06T04:43:09.752+0000] {processor.py:186} INFO - Started process (PID=2308) to work on /home/airflow/.local/lib/python3.12/site-packages/airflow/example_dags/example_latest_only.py
[2024-10-06T04:43:09.753+0000] {processor.py:914} INFO - Processing file /home/airflow/.local/lib/python3.12/site-packages/airflow/example_dags/example_latest_only.py for tasks to queue
[2024-10-06T04:43:09.754+0000] {logging_mixin.py:190} INFO - [2024-10-06T04:43:09.754+0000] {dagbag.py:588} INFO - Filling up the DagBag from /home/airflow/.local/lib/python3.12/site-packages/airflow/example_dags/example_latest_only.py
[2024-10-06T04:43:09.762+0000] {processor.py:925} INFO - DAG(s) 'latest_only' retrieved from /home/airflow/.local/lib/python3.12/site-packages/airflow/example_dags/example_latest_only.py
[2024-10-06T04:43:09.783+0000] {logging_mixin.py:190} INFO - [2024-10-06T04:43:09.783+0000] {dag.py:3239} INFO - Sync 1 DAGs
[2024-10-06T04:43:09.809+0000] {logging_mixin.py:190} INFO - [2024-10-06T04:43:09.809+0000] {dag.py:4180} INFO - Setting next_dagrun for latest_only to 2024-10-06 00:00:00+00:00, run_after=2024-10-06 04:00:00+00:00
[2024-10-06T04:43:09.831+0000] {processor.py:208} INFO - Processing /home/airflow/.local/lib/python3.12/site-packages/airflow/example_dags/example_latest_only.py took 0.086 seconds
[2024-10-06T04:43:40.589+0000] {processor.py:186} INFO - Started process (PID=2371) to work on /home/airflow/.local/lib/python3.12/site-packages/airflow/example_dags/example_latest_only.py
[2024-10-06T04:43:40.590+0000] {processor.py:914} INFO - Processing file /home/airflow/.local/lib/python3.12/site-packages/airflow/example_dags/example_latest_only.py for tasks to queue
[2024-10-06T04:43:40.591+0000] {logging_mixin.py:190} INFO - [2024-10-06T04:43:40.590+0000] {dagbag.py:588} INFO - Filling up the DagBag from /home/airflow/.local/lib/python3.12/site-packages/airflow/example_dags/example_latest_only.py
[2024-10-06T04:43:40.596+0000] {processor.py:925} INFO - DAG(s) 'latest_only' retrieved from /home/airflow/.local/lib/python3.12/site-packages/airflow/example_dags/example_latest_only.py
[2024-10-06T04:43:40.611+0000] {logging_mixin.py:190} INFO - [2024-10-06T04:43:40.611+0000] {dag.py:3239} INFO - Sync 1 DAGs
[2024-10-06T04:43:40.634+0000] {logging_mixin.py:190} INFO - [2024-10-06T04:43:40.634+0000] {dag.py:4180} INFO - Setting next_dagrun for latest_only to 2024-10-06 00:00:00+00:00, run_after=2024-10-06 04:00:00+00:00
[2024-10-06T04:43:40.656+0000] {processor.py:208} INFO - Processing /home/airflow/.local/lib/python3.12/site-packages/airflow/example_dags/example_latest_only.py took 0.072 seconds
[2024-10-06T04:44:10.857+0000] {processor.py:186} INFO - Started process (PID=2434) to work on /home/airflow/.local/lib/python3.12/site-packages/airflow/example_dags/example_latest_only.py
[2024-10-06T04:44:10.858+0000] {processor.py:914} INFO - Processing file /home/airflow/.local/lib/python3.12/site-packages/airflow/example_dags/example_latest_only.py for tasks to queue
[2024-10-06T04:44:10.859+0000] {logging_mixin.py:190} INFO - [2024-10-06T04:44:10.859+0000] {dagbag.py:588} INFO - Filling up the DagBag from /home/airflow/.local/lib/python3.12/site-packages/airflow/example_dags/example_latest_only.py
[2024-10-06T04:44:10.864+0000] {processor.py:925} INFO - DAG(s) 'latest_only' retrieved from /home/airflow/.local/lib/python3.12/site-packages/airflow/example_dags/example_latest_only.py
[2024-10-06T04:44:10.878+0000] {logging_mixin.py:190} INFO - [2024-10-06T04:44:10.878+0000] {dag.py:3239} INFO - Sync 1 DAGs
[2024-10-06T04:44:10.895+0000] {logging_mixin.py:190} INFO - [2024-10-06T04:44:10.895+0000] {dag.py:4180} INFO - Setting next_dagrun for latest_only to 2024-10-06 00:00:00+00:00, run_after=2024-10-06 04:00:00+00:00
[2024-10-06T04:44:10.913+0000] {processor.py:208} INFO - Processing /home/airflow/.local/lib/python3.12/site-packages/airflow/example_dags/example_latest_only.py took 0.060 seconds
[2024-10-06T04:44:41.679+0000] {processor.py:186} INFO - Started process (PID=2499) to work on /home/airflow/.local/lib/python3.12/site-packages/airflow/example_dags/example_latest_only.py
[2024-10-06T04:44:41.679+0000] {processor.py:914} INFO - Processing file /home/airflow/.local/lib/python3.12/site-packages/airflow/example_dags/example_latest_only.py for tasks to queue
[2024-10-06T04:44:41.680+0000] {logging_mixin.py:190} INFO - [2024-10-06T04:44:41.680+0000] {dagbag.py:588} INFO - Filling up the DagBag from /home/airflow/.local/lib/python3.12/site-packages/airflow/example_dags/example_latest_only.py
[2024-10-06T04:44:41.686+0000] {processor.py:925} INFO - DAG(s) 'latest_only' retrieved from /home/airflow/.local/lib/python3.12/site-packages/airflow/example_dags/example_latest_only.py
[2024-10-06T04:44:41.701+0000] {logging_mixin.py:190} INFO - [2024-10-06T04:44:41.701+0000] {dag.py:3239} INFO - Sync 1 DAGs
[2024-10-06T04:44:41.719+0000] {logging_mixin.py:190} INFO - [2024-10-06T04:44:41.719+0000] {dag.py:4180} INFO - Setting next_dagrun for latest_only to 2024-10-06 00:00:00+00:00, run_after=2024-10-06 04:00:00+00:00
[2024-10-06T04:44:41.739+0000] {processor.py:208} INFO - Processing /home/airflow/.local/lib/python3.12/site-packages/airflow/example_dags/example_latest_only.py took 0.065 seconds
[2024-10-06T04:45:12.280+0000] {processor.py:186} INFO - Started process (PID=2562) to work on /home/airflow/.local/lib/python3.12/site-packages/airflow/example_dags/example_latest_only.py
[2024-10-06T04:45:12.281+0000] {processor.py:914} INFO - Processing file /home/airflow/.local/lib/python3.12/site-packages/airflow/example_dags/example_latest_only.py for tasks to queue
[2024-10-06T04:45:12.282+0000] {logging_mixin.py:190} INFO - [2024-10-06T04:45:12.282+0000] {dagbag.py:588} INFO - Filling up the DagBag from /home/airflow/.local/lib/python3.12/site-packages/airflow/example_dags/example_latest_only.py
[2024-10-06T04:45:12.289+0000] {processor.py:925} INFO - DAG(s) 'latest_only' retrieved from /home/airflow/.local/lib/python3.12/site-packages/airflow/example_dags/example_latest_only.py
[2024-10-06T04:45:12.308+0000] {logging_mixin.py:190} INFO - [2024-10-06T04:45:12.308+0000] {dag.py:3239} INFO - Sync 1 DAGs
[2024-10-06T04:45:12.327+0000] {logging_mixin.py:190} INFO - [2024-10-06T04:45:12.327+0000] {dag.py:4180} INFO - Setting next_dagrun for latest_only to 2024-10-06 00:00:00+00:00, run_after=2024-10-06 04:00:00+00:00
[2024-10-06T04:45:12.347+0000] {processor.py:208} INFO - Processing /home/airflow/.local/lib/python3.12/site-packages/airflow/example_dags/example_latest_only.py took 0.073 seconds
[2024-10-06T04:45:43.022+0000] {processor.py:186} INFO - Started process (PID=2625) to work on /home/airflow/.local/lib/python3.12/site-packages/airflow/example_dags/example_latest_only.py
[2024-10-06T04:45:43.023+0000] {processor.py:914} INFO - Processing file /home/airflow/.local/lib/python3.12/site-packages/airflow/example_dags/example_latest_only.py for tasks to queue
[2024-10-06T04:45:43.024+0000] {logging_mixin.py:190} INFO - [2024-10-06T04:45:43.024+0000] {dagbag.py:588} INFO - Filling up the DagBag from /home/airflow/.local/lib/python3.12/site-packages/airflow/example_dags/example_latest_only.py
[2024-10-06T04:45:43.030+0000] {processor.py:925} INFO - DAG(s) 'latest_only' retrieved from /home/airflow/.local/lib/python3.12/site-packages/airflow/example_dags/example_latest_only.py
[2024-10-06T04:45:43.049+0000] {logging_mixin.py:190} INFO - [2024-10-06T04:45:43.048+0000] {dag.py:3239} INFO - Sync 1 DAGs
[2024-10-06T04:45:43.067+0000] {logging_mixin.py:190} INFO - [2024-10-06T04:45:43.067+0000] {dag.py:4180} INFO - Setting next_dagrun for latest_only to 2024-10-06 00:00:00+00:00, run_after=2024-10-06 04:00:00+00:00
[2024-10-06T04:45:43.086+0000] {processor.py:208} INFO - Processing /home/airflow/.local/lib/python3.12/site-packages/airflow/example_dags/example_latest_only.py took 0.069 seconds
[2024-10-06T04:46:13.618+0000] {processor.py:186} INFO - Started process (PID=2688) to work on /home/airflow/.local/lib/python3.12/site-packages/airflow/example_dags/example_latest_only.py
[2024-10-06T04:46:13.619+0000] {processor.py:914} INFO - Processing file /home/airflow/.local/lib/python3.12/site-packages/airflow/example_dags/example_latest_only.py for tasks to queue
[2024-10-06T04:46:13.620+0000] {logging_mixin.py:190} INFO - [2024-10-06T04:46:13.619+0000] {dagbag.py:588} INFO - Filling up the DagBag from /home/airflow/.local/lib/python3.12/site-packages/airflow/example_dags/example_latest_only.py
[2024-10-06T04:46:13.626+0000] {processor.py:925} INFO - DAG(s) 'latest_only' retrieved from /home/airflow/.local/lib/python3.12/site-packages/airflow/example_dags/example_latest_only.py
[2024-10-06T04:46:13.646+0000] {logging_mixin.py:190} INFO - [2024-10-06T04:46:13.645+0000] {dag.py:3239} INFO - Sync 1 DAGs
[2024-10-06T04:46:13.668+0000] {logging_mixin.py:190} INFO - [2024-10-06T04:46:13.668+0000] {dag.py:4180} INFO - Setting next_dagrun for latest_only to 2024-10-06 00:00:00+00:00, run_after=2024-10-06 04:00:00+00:00
[2024-10-06T04:46:13.688+0000] {processor.py:208} INFO - Processing /home/airflow/.local/lib/python3.12/site-packages/airflow/example_dags/example_latest_only.py took 0.074 seconds
[2024-10-06T04:46:44.453+0000] {processor.py:186} INFO - Started process (PID=2751) to work on /home/airflow/.local/lib/python3.12/site-packages/airflow/example_dags/example_latest_only.py
[2024-10-06T04:46:44.454+0000] {processor.py:914} INFO - Processing file /home/airflow/.local/lib/python3.12/site-packages/airflow/example_dags/example_latest_only.py for tasks to queue
[2024-10-06T04:46:44.455+0000] {logging_mixin.py:190} INFO - [2024-10-06T04:46:44.455+0000] {dagbag.py:588} INFO - Filling up the DagBag from /home/airflow/.local/lib/python3.12/site-packages/airflow/example_dags/example_latest_only.py
[2024-10-06T04:46:44.463+0000] {processor.py:925} INFO - DAG(s) 'latest_only' retrieved from /home/airflow/.local/lib/python3.12/site-packages/airflow/example_dags/example_latest_only.py
[2024-10-06T04:46:44.479+0000] {logging_mixin.py:190} INFO - [2024-10-06T04:46:44.479+0000] {dag.py:3239} INFO - Sync 1 DAGs
[2024-10-06T04:46:44.499+0000] {logging_mixin.py:190} INFO - [2024-10-06T04:46:44.499+0000] {dag.py:4180} INFO - Setting next_dagrun for latest_only to 2024-10-06 00:00:00+00:00, run_after=2024-10-06 04:00:00+00:00
[2024-10-06T04:46:44.517+0000] {processor.py:208} INFO - Processing /home/airflow/.local/lib/python3.12/site-packages/airflow/example_dags/example_latest_only.py took 0.071 seconds
[2024-10-06T04:47:14.876+0000] {processor.py:186} INFO - Started process (PID=2814) to work on /home/airflow/.local/lib/python3.12/site-packages/airflow/example_dags/example_latest_only.py
[2024-10-06T04:47:14.877+0000] {processor.py:914} INFO - Processing file /home/airflow/.local/lib/python3.12/site-packages/airflow/example_dags/example_latest_only.py for tasks to queue
[2024-10-06T04:47:14.877+0000] {logging_mixin.py:190} INFO - [2024-10-06T04:47:14.877+0000] {dagbag.py:588} INFO - Filling up the DagBag from /home/airflow/.local/lib/python3.12/site-packages/airflow/example_dags/example_latest_only.py
[2024-10-06T04:47:14.883+0000] {processor.py:925} INFO - DAG(s) 'latest_only' retrieved from /home/airflow/.local/lib/python3.12/site-packages/airflow/example_dags/example_latest_only.py
[2024-10-06T04:47:14.898+0000] {logging_mixin.py:190} INFO - [2024-10-06T04:47:14.897+0000] {dag.py:3239} INFO - Sync 1 DAGs
[2024-10-06T04:47:14.916+0000] {logging_mixin.py:190} INFO - [2024-10-06T04:47:14.916+0000] {dag.py:4180} INFO - Setting next_dagrun for latest_only to 2024-10-06 00:00:00+00:00, run_after=2024-10-06 04:00:00+00:00
[2024-10-06T04:47:14.934+0000] {processor.py:208} INFO - Processing /home/airflow/.local/lib/python3.12/site-packages/airflow/example_dags/example_latest_only.py took 0.063 seconds
[2024-10-06T04:47:44.960+0000] {processor.py:186} INFO - Started process (PID=2876) to work on /home/airflow/.local/lib/python3.12/site-packages/airflow/example_dags/example_latest_only.py
[2024-10-06T04:47:44.960+0000] {processor.py:914} INFO - Processing file /home/airflow/.local/lib/python3.12/site-packages/airflow/example_dags/example_latest_only.py for tasks to queue
[2024-10-06T04:47:44.961+0000] {logging_mixin.py:190} INFO - [2024-10-06T04:47:44.961+0000] {dagbag.py:588} INFO - Filling up the DagBag from /home/airflow/.local/lib/python3.12/site-packages/airflow/example_dags/example_latest_only.py
[2024-10-06T04:47:44.967+0000] {processor.py:925} INFO - DAG(s) 'latest_only' retrieved from /home/airflow/.local/lib/python3.12/site-packages/airflow/example_dags/example_latest_only.py
[2024-10-06T04:47:44.982+0000] {logging_mixin.py:190} INFO - [2024-10-06T04:47:44.982+0000] {dag.py:3239} INFO - Sync 1 DAGs
[2024-10-06T04:47:45.001+0000] {logging_mixin.py:190} INFO - [2024-10-06T04:47:45.000+0000] {dag.py:4180} INFO - Setting next_dagrun for latest_only to 2024-10-06 00:00:00+00:00, run_after=2024-10-06 04:00:00+00:00
[2024-10-06T04:47:45.017+0000] {processor.py:208} INFO - Processing /home/airflow/.local/lib/python3.12/site-packages/airflow/example_dags/example_latest_only.py took 0.063 seconds
[2024-10-06T04:48:15.328+0000] {processor.py:186} INFO - Started process (PID=2939) to work on /home/airflow/.local/lib/python3.12/site-packages/airflow/example_dags/example_latest_only.py
[2024-10-06T04:48:15.329+0000] {processor.py:914} INFO - Processing file /home/airflow/.local/lib/python3.12/site-packages/airflow/example_dags/example_latest_only.py for tasks to queue
[2024-10-06T04:48:15.330+0000] {logging_mixin.py:190} INFO - [2024-10-06T04:48:15.329+0000] {dagbag.py:588} INFO - Filling up the DagBag from /home/airflow/.local/lib/python3.12/site-packages/airflow/example_dags/example_latest_only.py
[2024-10-06T04:48:15.337+0000] {processor.py:925} INFO - DAG(s) 'latest_only' retrieved from /home/airflow/.local/lib/python3.12/site-packages/airflow/example_dags/example_latest_only.py
[2024-10-06T04:48:15.354+0000] {logging_mixin.py:190} INFO - [2024-10-06T04:48:15.354+0000] {dag.py:3239} INFO - Sync 1 DAGs
[2024-10-06T04:48:15.371+0000] {logging_mixin.py:190} INFO - [2024-10-06T04:48:15.371+0000] {dag.py:4180} INFO - Setting next_dagrun for latest_only to 2024-10-06 00:00:00+00:00, run_after=2024-10-06 04:00:00+00:00
[2024-10-06T04:48:15.391+0000] {processor.py:208} INFO - Processing /home/airflow/.local/lib/python3.12/site-packages/airflow/example_dags/example_latest_only.py took 0.068 seconds
[2024-10-06T04:48:45.769+0000] {processor.py:186} INFO - Started process (PID=3002) to work on /home/airflow/.local/lib/python3.12/site-packages/airflow/example_dags/example_latest_only.py
[2024-10-06T04:48:45.770+0000] {processor.py:914} INFO - Processing file /home/airflow/.local/lib/python3.12/site-packages/airflow/example_dags/example_latest_only.py for tasks to queue
[2024-10-06T04:48:45.771+0000] {logging_mixin.py:190} INFO - [2024-10-06T04:48:45.771+0000] {dagbag.py:588} INFO - Filling up the DagBag from /home/airflow/.local/lib/python3.12/site-packages/airflow/example_dags/example_latest_only.py
[2024-10-06T04:48:45.777+0000] {processor.py:925} INFO - DAG(s) 'latest_only' retrieved from /home/airflow/.local/lib/python3.12/site-packages/airflow/example_dags/example_latest_only.py
[2024-10-06T04:48:45.795+0000] {logging_mixin.py:190} INFO - [2024-10-06T04:48:45.795+0000] {dag.py:3239} INFO - Sync 1 DAGs
[2024-10-06T04:48:45.814+0000] {logging_mixin.py:190} INFO - [2024-10-06T04:48:45.814+0000] {dag.py:4180} INFO - Setting next_dagrun for latest_only to 2024-10-06 00:00:00+00:00, run_after=2024-10-06 04:00:00+00:00
[2024-10-06T04:48:45.833+0000] {processor.py:208} INFO - Processing /home/airflow/.local/lib/python3.12/site-packages/airflow/example_dags/example_latest_only.py took 0.069 seconds
[2024-10-06T04:49:16.495+0000] {processor.py:186} INFO - Started process (PID=3067) to work on /home/airflow/.local/lib/python3.12/site-packages/airflow/example_dags/example_latest_only.py
[2024-10-06T04:49:16.496+0000] {processor.py:914} INFO - Processing file /home/airflow/.local/lib/python3.12/site-packages/airflow/example_dags/example_latest_only.py for tasks to queue
[2024-10-06T04:49:16.497+0000] {logging_mixin.py:190} INFO - [2024-10-06T04:49:16.496+0000] {dagbag.py:588} INFO - Filling up the DagBag from /home/airflow/.local/lib/python3.12/site-packages/airflow/example_dags/example_latest_only.py
[2024-10-06T04:49:16.503+0000] {processor.py:925} INFO - DAG(s) 'latest_only' retrieved from /home/airflow/.local/lib/python3.12/site-packages/airflow/example_dags/example_latest_only.py
[2024-10-06T04:49:16.518+0000] {logging_mixin.py:190} INFO - [2024-10-06T04:49:16.517+0000] {dag.py:3239} INFO - Sync 1 DAGs
[2024-10-06T04:49:16.536+0000] {logging_mixin.py:190} INFO - [2024-10-06T04:49:16.536+0000] {dag.py:4180} INFO - Setting next_dagrun for latest_only to 2024-10-06 00:00:00+00:00, run_after=2024-10-06 04:00:00+00:00
[2024-10-06T04:49:16.558+0000] {processor.py:208} INFO - Processing /home/airflow/.local/lib/python3.12/site-packages/airflow/example_dags/example_latest_only.py took 0.068 seconds
[2024-10-06T04:49:46.988+0000] {processor.py:186} INFO - Started process (PID=3130) to work on /home/airflow/.local/lib/python3.12/site-packages/airflow/example_dags/example_latest_only.py
[2024-10-06T04:49:46.989+0000] {processor.py:914} INFO - Processing file /home/airflow/.local/lib/python3.12/site-packages/airflow/example_dags/example_latest_only.py for tasks to queue
[2024-10-06T04:49:46.990+0000] {logging_mixin.py:190} INFO - [2024-10-06T04:49:46.989+0000] {dagbag.py:588} INFO - Filling up the DagBag from /home/airflow/.local/lib/python3.12/site-packages/airflow/example_dags/example_latest_only.py
[2024-10-06T04:49:46.995+0000] {processor.py:925} INFO - DAG(s) 'latest_only' retrieved from /home/airflow/.local/lib/python3.12/site-packages/airflow/example_dags/example_latest_only.py
[2024-10-06T04:49:47.013+0000] {logging_mixin.py:190} INFO - [2024-10-06T04:49:47.013+0000] {dag.py:3239} INFO - Sync 1 DAGs
[2024-10-06T04:49:47.032+0000] {logging_mixin.py:190} INFO - [2024-10-06T04:49:47.031+0000] {dag.py:4180} INFO - Setting next_dagrun for latest_only to 2024-10-06 00:00:00+00:00, run_after=2024-10-06 04:00:00+00:00
[2024-10-06T04:49:47.053+0000] {processor.py:208} INFO - Processing /home/airflow/.local/lib/python3.12/site-packages/airflow/example_dags/example_latest_only.py took 0.069 seconds
[2024-10-06T04:50:17.416+0000] {processor.py:186} INFO - Started process (PID=3193) to work on /home/airflow/.local/lib/python3.12/site-packages/airflow/example_dags/example_latest_only.py
[2024-10-06T04:50:17.417+0000] {processor.py:914} INFO - Processing file /home/airflow/.local/lib/python3.12/site-packages/airflow/example_dags/example_latest_only.py for tasks to queue
[2024-10-06T04:50:17.418+0000] {logging_mixin.py:190} INFO - [2024-10-06T04:50:17.418+0000] {dagbag.py:588} INFO - Filling up the DagBag from /home/airflow/.local/lib/python3.12/site-packages/airflow/example_dags/example_latest_only.py
[2024-10-06T04:50:17.426+0000] {processor.py:925} INFO - DAG(s) 'latest_only' retrieved from /home/airflow/.local/lib/python3.12/site-packages/airflow/example_dags/example_latest_only.py
[2024-10-06T04:50:17.444+0000] {logging_mixin.py:190} INFO - [2024-10-06T04:50:17.443+0000] {dag.py:3239} INFO - Sync 1 DAGs
[2024-10-06T04:50:17.468+0000] {logging_mixin.py:190} INFO - [2024-10-06T04:50:17.468+0000] {dag.py:4180} INFO - Setting next_dagrun for latest_only to 2024-10-06 00:00:00+00:00, run_after=2024-10-06 04:00:00+00:00
[2024-10-06T04:50:17.494+0000] {processor.py:208} INFO - Processing /home/airflow/.local/lib/python3.12/site-packages/airflow/example_dags/example_latest_only.py took 0.084 seconds
[2024-10-06T04:50:47.718+0000] {processor.py:186} INFO - Started process (PID=3255) to work on /home/airflow/.local/lib/python3.12/site-packages/airflow/example_dags/example_latest_only.py
[2024-10-06T04:50:47.719+0000] {processor.py:914} INFO - Processing file /home/airflow/.local/lib/python3.12/site-packages/airflow/example_dags/example_latest_only.py for tasks to queue
[2024-10-06T04:50:47.722+0000] {logging_mixin.py:190} INFO - [2024-10-06T04:50:47.721+0000] {dagbag.py:588} INFO - Filling up the DagBag from /home/airflow/.local/lib/python3.12/site-packages/airflow/example_dags/example_latest_only.py
[2024-10-06T04:50:47.729+0000] {processor.py:925} INFO - DAG(s) 'latest_only' retrieved from /home/airflow/.local/lib/python3.12/site-packages/airflow/example_dags/example_latest_only.py
[2024-10-06T04:50:47.774+0000] {logging_mixin.py:190} INFO - [2024-10-06T04:50:47.773+0000] {dag.py:3239} INFO - Sync 1 DAGs
[2024-10-06T04:50:47.801+0000] {logging_mixin.py:190} INFO - [2024-10-06T04:50:47.801+0000] {dag.py:4180} INFO - Setting next_dagrun for latest_only to 2024-10-06 00:00:00+00:00, run_after=2024-10-06 04:00:00+00:00
[2024-10-06T04:50:47.829+0000] {processor.py:208} INFO - Processing /home/airflow/.local/lib/python3.12/site-packages/airflow/example_dags/example_latest_only.py took 0.124 seconds
[2024-10-06T04:51:18.225+0000] {processor.py:186} INFO - Started process (PID=3318) to work on /home/airflow/.local/lib/python3.12/site-packages/airflow/example_dags/example_latest_only.py
[2024-10-06T04:51:18.225+0000] {processor.py:914} INFO - Processing file /home/airflow/.local/lib/python3.12/site-packages/airflow/example_dags/example_latest_only.py for tasks to queue
[2024-10-06T04:51:18.227+0000] {logging_mixin.py:190} INFO - [2024-10-06T04:51:18.227+0000] {dagbag.py:588} INFO - Filling up the DagBag from /home/airflow/.local/lib/python3.12/site-packages/airflow/example_dags/example_latest_only.py
[2024-10-06T04:51:18.234+0000] {processor.py:925} INFO - DAG(s) 'latest_only' retrieved from /home/airflow/.local/lib/python3.12/site-packages/airflow/example_dags/example_latest_only.py
[2024-10-06T04:51:18.249+0000] {logging_mixin.py:190} INFO - [2024-10-06T04:51:18.248+0000] {dag.py:3239} INFO - Sync 1 DAGs
[2024-10-06T04:51:18.267+0000] {logging_mixin.py:190} INFO - [2024-10-06T04:51:18.266+0000] {dag.py:4180} INFO - Setting next_dagrun for latest_only to 2024-10-06 00:00:00+00:00, run_after=2024-10-06 04:00:00+00:00
[2024-10-06T04:51:18.286+0000] {processor.py:208} INFO - Processing /home/airflow/.local/lib/python3.12/site-packages/airflow/example_dags/example_latest_only.py took 0.066 seconds
[2024-10-06T04:51:48.570+0000] {processor.py:186} INFO - Started process (PID=3381) to work on /home/airflow/.local/lib/python3.12/site-packages/airflow/example_dags/example_latest_only.py
[2024-10-06T04:51:48.571+0000] {processor.py:914} INFO - Processing file /home/airflow/.local/lib/python3.12/site-packages/airflow/example_dags/example_latest_only.py for tasks to queue
[2024-10-06T04:51:48.572+0000] {logging_mixin.py:190} INFO - [2024-10-06T04:51:48.572+0000] {dagbag.py:588} INFO - Filling up the DagBag from /home/airflow/.local/lib/python3.12/site-packages/airflow/example_dags/example_latest_only.py
[2024-10-06T04:51:48.578+0000] {processor.py:925} INFO - DAG(s) 'latest_only' retrieved from /home/airflow/.local/lib/python3.12/site-packages/airflow/example_dags/example_latest_only.py
[2024-10-06T04:51:48.593+0000] {logging_mixin.py:190} INFO - [2024-10-06T04:51:48.593+0000] {dag.py:3239} INFO - Sync 1 DAGs
[2024-10-06T04:51:48.616+0000] {logging_mixin.py:190} INFO - [2024-10-06T04:51:48.616+0000] {dag.py:4180} INFO - Setting next_dagrun for latest_only to 2024-10-06 00:00:00+00:00, run_after=2024-10-06 04:00:00+00:00
[2024-10-06T04:51:48.637+0000] {processor.py:208} INFO - Processing /home/airflow/.local/lib/python3.12/site-packages/airflow/example_dags/example_latest_only.py took 0.071 seconds
[2024-10-06T04:52:18.791+0000] {processor.py:186} INFO - Started process (PID=3444) to work on /home/airflow/.local/lib/python3.12/site-packages/airflow/example_dags/example_latest_only.py
[2024-10-06T04:52:18.792+0000] {processor.py:914} INFO - Processing file /home/airflow/.local/lib/python3.12/site-packages/airflow/example_dags/example_latest_only.py for tasks to queue
[2024-10-06T04:52:18.793+0000] {logging_mixin.py:190} INFO - [2024-10-06T04:52:18.792+0000] {dagbag.py:588} INFO - Filling up the DagBag from /home/airflow/.local/lib/python3.12/site-packages/airflow/example_dags/example_latest_only.py
[2024-10-06T04:52:18.799+0000] {processor.py:925} INFO - DAG(s) 'latest_only' retrieved from /home/airflow/.local/lib/python3.12/site-packages/airflow/example_dags/example_latest_only.py
[2024-10-06T04:52:18.813+0000] {logging_mixin.py:190} INFO - [2024-10-06T04:52:18.813+0000] {dag.py:3239} INFO - Sync 1 DAGs
[2024-10-06T04:52:18.833+0000] {logging_mixin.py:190} INFO - [2024-10-06T04:52:18.833+0000] {dag.py:4180} INFO - Setting next_dagrun for latest_only to 2024-10-06 00:00:00+00:00, run_after=2024-10-06 04:00:00+00:00
[2024-10-06T04:52:18.850+0000] {processor.py:208} INFO - Processing /home/airflow/.local/lib/python3.12/site-packages/airflow/example_dags/example_latest_only.py took 0.065 seconds
[2024-10-06T04:52:49.077+0000] {processor.py:186} INFO - Started process (PID=3508) to work on /home/airflow/.local/lib/python3.12/site-packages/airflow/example_dags/example_latest_only.py
[2024-10-06T04:52:49.077+0000] {processor.py:914} INFO - Processing file /home/airflow/.local/lib/python3.12/site-packages/airflow/example_dags/example_latest_only.py for tasks to queue
[2024-10-06T04:52:49.079+0000] {logging_mixin.py:190} INFO - [2024-10-06T04:52:49.078+0000] {dagbag.py:588} INFO - Filling up the DagBag from /home/airflow/.local/lib/python3.12/site-packages/airflow/example_dags/example_latest_only.py
[2024-10-06T04:52:49.085+0000] {processor.py:925} INFO - DAG(s) 'latest_only' retrieved from /home/airflow/.local/lib/python3.12/site-packages/airflow/example_dags/example_latest_only.py
[2024-10-06T04:52:49.102+0000] {logging_mixin.py:190} INFO - [2024-10-06T04:52:49.101+0000] {dag.py:3239} INFO - Sync 1 DAGs
[2024-10-06T04:52:49.124+0000] {logging_mixin.py:190} INFO - [2024-10-06T04:52:49.123+0000] {dag.py:4180} INFO - Setting next_dagrun for latest_only to 2024-10-06 00:00:00+00:00, run_after=2024-10-06 04:00:00+00:00
[2024-10-06T04:52:49.144+0000] {processor.py:208} INFO - Processing /home/airflow/.local/lib/python3.12/site-packages/airflow/example_dags/example_latest_only.py took 0.071 seconds
[2024-10-06T04:53:19.434+0000] {processor.py:186} INFO - Started process (PID=3572) to work on /home/airflow/.local/lib/python3.12/site-packages/airflow/example_dags/example_latest_only.py
[2024-10-06T04:53:19.435+0000] {processor.py:914} INFO - Processing file /home/airflow/.local/lib/python3.12/site-packages/airflow/example_dags/example_latest_only.py for tasks to queue
[2024-10-06T04:53:19.436+0000] {logging_mixin.py:190} INFO - [2024-10-06T04:53:19.435+0000] {dagbag.py:588} INFO - Filling up the DagBag from /home/airflow/.local/lib/python3.12/site-packages/airflow/example_dags/example_latest_only.py
[2024-10-06T04:53:19.443+0000] {processor.py:925} INFO - DAG(s) 'latest_only' retrieved from /home/airflow/.local/lib/python3.12/site-packages/airflow/example_dags/example_latest_only.py
[2024-10-06T04:53:19.461+0000] {logging_mixin.py:190} INFO - [2024-10-06T04:53:19.461+0000] {dag.py:3239} INFO - Sync 1 DAGs
[2024-10-06T04:53:19.487+0000] {logging_mixin.py:190} INFO - [2024-10-06T04:53:19.486+0000] {dag.py:4180} INFO - Setting next_dagrun for latest_only to 2024-10-06 00:00:00+00:00, run_after=2024-10-06 04:00:00+00:00
[2024-10-06T04:53:19.505+0000] {processor.py:208} INFO - Processing /home/airflow/.local/lib/python3.12/site-packages/airflow/example_dags/example_latest_only.py took 0.077 seconds
[2024-10-06T04:53:49.790+0000] {processor.py:186} INFO - Started process (PID=3640) to work on /home/airflow/.local/lib/python3.12/site-packages/airflow/example_dags/example_latest_only.py
[2024-10-06T04:53:49.790+0000] {processor.py:914} INFO - Processing file /home/airflow/.local/lib/python3.12/site-packages/airflow/example_dags/example_latest_only.py for tasks to queue
[2024-10-06T04:53:49.791+0000] {logging_mixin.py:190} INFO - [2024-10-06T04:53:49.791+0000] {dagbag.py:588} INFO - Filling up the DagBag from /home/airflow/.local/lib/python3.12/site-packages/airflow/example_dags/example_latest_only.py
[2024-10-06T04:53:49.798+0000] {processor.py:925} INFO - DAG(s) 'latest_only' retrieved from /home/airflow/.local/lib/python3.12/site-packages/airflow/example_dags/example_latest_only.py
[2024-10-06T04:53:49.817+0000] {logging_mixin.py:190} INFO - [2024-10-06T04:53:49.817+0000] {dag.py:3239} INFO - Sync 1 DAGs
[2024-10-06T04:53:49.838+0000] {logging_mixin.py:190} INFO - [2024-10-06T04:53:49.838+0000] {dag.py:4180} INFO - Setting next_dagrun for latest_only to 2024-10-06 00:00:00+00:00, run_after=2024-10-06 04:00:00+00:00
[2024-10-06T04:53:49.858+0000] {processor.py:208} INFO - Processing /home/airflow/.local/lib/python3.12/site-packages/airflow/example_dags/example_latest_only.py took 0.075 seconds
[2024-10-06T04:54:20.784+0000] {processor.py:186} INFO - Started process (PID=3703) to work on /home/airflow/.local/lib/python3.12/site-packages/airflow/example_dags/example_latest_only.py
[2024-10-06T04:54:20.785+0000] {processor.py:914} INFO - Processing file /home/airflow/.local/lib/python3.12/site-packages/airflow/example_dags/example_latest_only.py for tasks to queue
[2024-10-06T04:54:20.786+0000] {logging_mixin.py:190} INFO - [2024-10-06T04:54:20.786+0000] {dagbag.py:588} INFO - Filling up the DagBag from /home/airflow/.local/lib/python3.12/site-packages/airflow/example_dags/example_latest_only.py
[2024-10-06T04:54:20.793+0000] {processor.py:925} INFO - DAG(s) 'latest_only' retrieved from /home/airflow/.local/lib/python3.12/site-packages/airflow/example_dags/example_latest_only.py
[2024-10-06T04:54:20.809+0000] {logging_mixin.py:190} INFO - [2024-10-06T04:54:20.809+0000] {dag.py:3239} INFO - Sync 1 DAGs
[2024-10-06T04:54:20.829+0000] {logging_mixin.py:190} INFO - [2024-10-06T04:54:20.828+0000] {dag.py:4180} INFO - Setting next_dagrun for latest_only to 2024-10-06 00:00:00+00:00, run_after=2024-10-06 04:00:00+00:00
[2024-10-06T04:54:20.849+0000] {processor.py:208} INFO - Processing /home/airflow/.local/lib/python3.12/site-packages/airflow/example_dags/example_latest_only.py took 0.069 seconds
[2024-10-06T04:54:51.111+0000] {processor.py:186} INFO - Started process (PID=3767) to work on /home/airflow/.local/lib/python3.12/site-packages/airflow/example_dags/example_latest_only.py
[2024-10-06T04:54:51.111+0000] {processor.py:914} INFO - Processing file /home/airflow/.local/lib/python3.12/site-packages/airflow/example_dags/example_latest_only.py for tasks to queue
[2024-10-06T04:54:51.113+0000] {logging_mixin.py:190} INFO - [2024-10-06T04:54:51.112+0000] {dagbag.py:588} INFO - Filling up the DagBag from /home/airflow/.local/lib/python3.12/site-packages/airflow/example_dags/example_latest_only.py
[2024-10-06T04:54:51.119+0000] {processor.py:925} INFO - DAG(s) 'latest_only' retrieved from /home/airflow/.local/lib/python3.12/site-packages/airflow/example_dags/example_latest_only.py
[2024-10-06T04:54:51.134+0000] {logging_mixin.py:190} INFO - [2024-10-06T04:54:51.134+0000] {dag.py:3239} INFO - Sync 1 DAGs
[2024-10-06T04:54:51.154+0000] {logging_mixin.py:190} INFO - [2024-10-06T04:54:51.154+0000] {dag.py:4180} INFO - Setting next_dagrun for latest_only to 2024-10-06 00:00:00+00:00, run_after=2024-10-06 04:00:00+00:00
[2024-10-06T04:54:51.172+0000] {processor.py:208} INFO - Processing /home/airflow/.local/lib/python3.12/site-packages/airflow/example_dags/example_latest_only.py took 0.066 seconds
[2024-10-06T04:55:21.549+0000] {processor.py:186} INFO - Started process (PID=3830) to work on /home/airflow/.local/lib/python3.12/site-packages/airflow/example_dags/example_latest_only.py
[2024-10-06T04:55:21.550+0000] {processor.py:914} INFO - Processing file /home/airflow/.local/lib/python3.12/site-packages/airflow/example_dags/example_latest_only.py for tasks to queue
[2024-10-06T04:55:21.551+0000] {logging_mixin.py:190} INFO - [2024-10-06T04:55:21.551+0000] {dagbag.py:588} INFO - Filling up the DagBag from /home/airflow/.local/lib/python3.12/site-packages/airflow/example_dags/example_latest_only.py
[2024-10-06T04:55:21.557+0000] {processor.py:925} INFO - DAG(s) 'latest_only' retrieved from /home/airflow/.local/lib/python3.12/site-packages/airflow/example_dags/example_latest_only.py
[2024-10-06T04:55:21.571+0000] {logging_mixin.py:190} INFO - [2024-10-06T04:55:21.571+0000] {dag.py:3239} INFO - Sync 1 DAGs
[2024-10-06T04:55:21.590+0000] {logging_mixin.py:190} INFO - [2024-10-06T04:55:21.590+0000] {dag.py:4180} INFO - Setting next_dagrun for latest_only to 2024-10-06 00:00:00+00:00, run_after=2024-10-06 04:00:00+00:00
[2024-10-06T04:55:21.614+0000] {processor.py:208} INFO - Processing /home/airflow/.local/lib/python3.12/site-packages/airflow/example_dags/example_latest_only.py took 0.070 seconds
[2024-10-06T04:55:52.147+0000] {processor.py:186} INFO - Started process (PID=3894) to work on /home/airflow/.local/lib/python3.12/site-packages/airflow/example_dags/example_latest_only.py
[2024-10-06T04:55:52.147+0000] {processor.py:914} INFO - Processing file /home/airflow/.local/lib/python3.12/site-packages/airflow/example_dags/example_latest_only.py for tasks to queue
[2024-10-06T04:55:52.148+0000] {logging_mixin.py:190} INFO - [2024-10-06T04:55:52.148+0000] {dagbag.py:588} INFO - Filling up the DagBag from /home/airflow/.local/lib/python3.12/site-packages/airflow/example_dags/example_latest_only.py
[2024-10-06T04:55:52.154+0000] {processor.py:925} INFO - DAG(s) 'latest_only' retrieved from /home/airflow/.local/lib/python3.12/site-packages/airflow/example_dags/example_latest_only.py
[2024-10-06T04:55:52.169+0000] {logging_mixin.py:190} INFO - [2024-10-06T04:55:52.169+0000] {dag.py:3239} INFO - Sync 1 DAGs
[2024-10-06T04:55:52.190+0000] {logging_mixin.py:190} INFO - [2024-10-06T04:55:52.190+0000] {dag.py:4180} INFO - Setting next_dagrun for latest_only to 2024-10-06 00:00:00+00:00, run_after=2024-10-06 04:00:00+00:00
[2024-10-06T04:55:52.207+0000] {processor.py:208} INFO - Processing /home/airflow/.local/lib/python3.12/site-packages/airflow/example_dags/example_latest_only.py took 0.066 seconds
[2024-10-06T04:56:22.494+0000] {processor.py:186} INFO - Started process (PID=3958) to work on /home/airflow/.local/lib/python3.12/site-packages/airflow/example_dags/example_latest_only.py
[2024-10-06T04:56:22.494+0000] {processor.py:914} INFO - Processing file /home/airflow/.local/lib/python3.12/site-packages/airflow/example_dags/example_latest_only.py for tasks to queue
[2024-10-06T04:56:22.496+0000] {logging_mixin.py:190} INFO - [2024-10-06T04:56:22.495+0000] {dagbag.py:588} INFO - Filling up the DagBag from /home/airflow/.local/lib/python3.12/site-packages/airflow/example_dags/example_latest_only.py
[2024-10-06T04:56:22.503+0000] {processor.py:925} INFO - DAG(s) 'latest_only' retrieved from /home/airflow/.local/lib/python3.12/site-packages/airflow/example_dags/example_latest_only.py
[2024-10-06T04:56:22.520+0000] {logging_mixin.py:190} INFO - [2024-10-06T04:56:22.520+0000] {dag.py:3239} INFO - Sync 1 DAGs
[2024-10-06T04:56:22.540+0000] {logging_mixin.py:190} INFO - [2024-10-06T04:56:22.540+0000] {dag.py:4180} INFO - Setting next_dagrun for latest_only to 2024-10-06 00:00:00+00:00, run_after=2024-10-06 04:00:00+00:00
[2024-10-06T04:56:22.560+0000] {processor.py:208} INFO - Processing /home/airflow/.local/lib/python3.12/site-packages/airflow/example_dags/example_latest_only.py took 0.072 seconds
[2024-10-06T04:56:53.001+0000] {processor.py:186} INFO - Started process (PID=4022) to work on /home/airflow/.local/lib/python3.12/site-packages/airflow/example_dags/example_latest_only.py
[2024-10-06T04:56:53.001+0000] {processor.py:914} INFO - Processing file /home/airflow/.local/lib/python3.12/site-packages/airflow/example_dags/example_latest_only.py for tasks to queue
[2024-10-06T04:56:53.003+0000] {logging_mixin.py:190} INFO - [2024-10-06T04:56:53.002+0000] {dagbag.py:588} INFO - Filling up the DagBag from /home/airflow/.local/lib/python3.12/site-packages/airflow/example_dags/example_latest_only.py
[2024-10-06T04:56:53.011+0000] {processor.py:925} INFO - DAG(s) 'latest_only' retrieved from /home/airflow/.local/lib/python3.12/site-packages/airflow/example_dags/example_latest_only.py
[2024-10-06T04:56:53.032+0000] {logging_mixin.py:190} INFO - [2024-10-06T04:56:53.032+0000] {dag.py:3239} INFO - Sync 1 DAGs
[2024-10-06T04:56:53.057+0000] {logging_mixin.py:190} INFO - [2024-10-06T04:56:53.057+0000] {dag.py:4180} INFO - Setting next_dagrun for latest_only to 2024-10-06 00:00:00+00:00, run_after=2024-10-06 04:00:00+00:00
[2024-10-06T04:56:53.081+0000] {processor.py:208} INFO - Processing /home/airflow/.local/lib/python3.12/site-packages/airflow/example_dags/example_latest_only.py took 0.088 seconds
[2024-10-06T04:57:23.571+0000] {processor.py:186} INFO - Started process (PID=4086) to work on /home/airflow/.local/lib/python3.12/site-packages/airflow/example_dags/example_latest_only.py
[2024-10-06T04:57:23.571+0000] {processor.py:914} INFO - Processing file /home/airflow/.local/lib/python3.12/site-packages/airflow/example_dags/example_latest_only.py for tasks to queue
[2024-10-06T04:57:23.573+0000] {logging_mixin.py:190} INFO - [2024-10-06T04:57:23.572+0000] {dagbag.py:588} INFO - Filling up the DagBag from /home/airflow/.local/lib/python3.12/site-packages/airflow/example_dags/example_latest_only.py
[2024-10-06T04:57:23.579+0000] {processor.py:925} INFO - DAG(s) 'latest_only' retrieved from /home/airflow/.local/lib/python3.12/site-packages/airflow/example_dags/example_latest_only.py
[2024-10-06T04:57:23.598+0000] {logging_mixin.py:190} INFO - [2024-10-06T04:57:23.597+0000] {dag.py:3239} INFO - Sync 1 DAGs
[2024-10-06T04:57:23.624+0000] {logging_mixin.py:190} INFO - [2024-10-06T04:57:23.624+0000] {dag.py:4180} INFO - Setting next_dagrun for latest_only to 2024-10-06 00:00:00+00:00, run_after=2024-10-06 04:00:00+00:00
[2024-10-06T04:57:23.648+0000] {processor.py:208} INFO - Processing /home/airflow/.local/lib/python3.12/site-packages/airflow/example_dags/example_latest_only.py took 0.083 seconds
