[2024-10-06T04:25:22.004+0000] {processor.py:186} INFO - Started process (PID=97) to work on /home/airflow/.local/lib/python3.12/site-packages/airflow/example_dags/example_latest_only_with_trigger.py
[2024-10-06T04:25:22.005+0000] {processor.py:914} INFO - Processing file /home/airflow/.local/lib/python3.12/site-packages/airflow/example_dags/example_latest_only_with_trigger.py for tasks to queue
[2024-10-06T04:25:22.007+0000] {logging_mixin.py:190} INFO - [2024-10-06T04:25:22.007+0000] {dagbag.py:588} INFO - Filling up the DagBag from /home/airflow/.local/lib/python3.12/site-packages/airflow/example_dags/example_latest_only_with_trigger.py
[2024-10-06T04:25:22.016+0000] {processor.py:925} INFO - DAG(s) 'latest_only_with_trigger' retrieved from /home/airflow/.local/lib/python3.12/site-packages/airflow/example_dags/example_latest_only_with_trigger.py
[2024-10-06T04:25:22.169+0000] {logging_mixin.py:190} INFO - [2024-10-06T04:25:22.168+0000] {override.py:1900} INFO - Created Permission View: can edit on DAG:latest_only_with_trigger
[2024-10-06T04:25:22.186+0000] {logging_mixin.py:190} INFO - [2024-10-06T04:25:22.186+0000] {override.py:1900} INFO - Created Permission View: can delete on DAG:latest_only_with_trigger
[2024-10-06T04:25:22.196+0000] {logging_mixin.py:190} INFO - [2024-10-06T04:25:22.195+0000] {override.py:1900} INFO - Created Permission View: can read on DAG:latest_only_with_trigger
[2024-10-06T04:25:22.243+0000] {logging_mixin.py:190} INFO - [2024-10-06T04:25:22.242+0000] {override.py:1900} INFO - Created Permission View: can delete on DAG Run:latest_only_with_trigger
[2024-10-06T04:25:22.256+0000] {logging_mixin.py:190} INFO - [2024-10-06T04:25:22.255+0000] {override.py:1900} INFO - Created Permission View: can create on DAG Run:latest_only_with_trigger
[2024-10-06T04:25:22.267+0000] {logging_mixin.py:190} INFO - [2024-10-06T04:25:22.266+0000] {override.py:1900} INFO - Created Permission View: menu access on DAG Run:latest_only_with_trigger
[2024-10-06T04:25:22.277+0000] {logging_mixin.py:190} INFO - [2024-10-06T04:25:22.276+0000] {override.py:1900} INFO - Created Permission View: can read on DAG Run:latest_only_with_trigger
[2024-10-06T04:25:22.277+0000] {logging_mixin.py:190} INFO - [2024-10-06T04:25:22.277+0000] {dag.py:3239} INFO - Sync 1 DAGs
[2024-10-06T04:25:22.292+0000] {logging_mixin.py:190} INFO - [2024-10-06T04:25:22.292+0000] {dag.py:3262} INFO - Creating ORM DAG for latest_only_with_trigger
[2024-10-06T04:25:22.309+0000] {logging_mixin.py:190} INFO - [2024-10-06T04:25:22.309+0000] {dag.py:4180} INFO - Setting next_dagrun for latest_only_with_trigger to 2024-10-06 00:00:00+00:00, run_after=2024-10-06 04:00:00+00:00
[2024-10-06T04:25:22.329+0000] {processor.py:208} INFO - Processing /home/airflow/.local/lib/python3.12/site-packages/airflow/example_dags/example_latest_only_with_trigger.py took 0.331 seconds
[2024-10-06T04:25:52.907+0000] {processor.py:186} INFO - Started process (PID=160) to work on /home/airflow/.local/lib/python3.12/site-packages/airflow/example_dags/example_latest_only_with_trigger.py
[2024-10-06T04:25:52.909+0000] {processor.py:914} INFO - Processing file /home/airflow/.local/lib/python3.12/site-packages/airflow/example_dags/example_latest_only_with_trigger.py for tasks to queue
[2024-10-06T04:25:52.910+0000] {logging_mixin.py:190} INFO - [2024-10-06T04:25:52.910+0000] {dagbag.py:588} INFO - Filling up the DagBag from /home/airflow/.local/lib/python3.12/site-packages/airflow/example_dags/example_latest_only_with_trigger.py
[2024-10-06T04:25:52.915+0000] {processor.py:925} INFO - DAG(s) 'latest_only_with_trigger' retrieved from /home/airflow/.local/lib/python3.12/site-packages/airflow/example_dags/example_latest_only_with_trigger.py
[2024-10-06T04:25:52.931+0000] {logging_mixin.py:190} INFO - [2024-10-06T04:25:52.931+0000] {dag.py:3239} INFO - Sync 1 DAGs
[2024-10-06T04:25:52.953+0000] {logging_mixin.py:190} INFO - [2024-10-06T04:25:52.952+0000] {dag.py:4180} INFO - Setting next_dagrun for latest_only_with_trigger to 2024-10-06 00:00:00+00:00, run_after=2024-10-06 04:00:00+00:00
[2024-10-06T04:25:52.972+0000] {processor.py:208} INFO - Processing /home/airflow/.local/lib/python3.12/site-packages/airflow/example_dags/example_latest_only_with_trigger.py took 0.070 seconds
[2024-10-06T04:26:23.161+0000] {processor.py:186} INFO - Started process (PID=222) to work on /home/airflow/.local/lib/python3.12/site-packages/airflow/example_dags/example_latest_only_with_trigger.py
[2024-10-06T04:26:23.162+0000] {processor.py:914} INFO - Processing file /home/airflow/.local/lib/python3.12/site-packages/airflow/example_dags/example_latest_only_with_trigger.py for tasks to queue
[2024-10-06T04:26:23.164+0000] {logging_mixin.py:190} INFO - [2024-10-06T04:26:23.164+0000] {dagbag.py:588} INFO - Filling up the DagBag from /home/airflow/.local/lib/python3.12/site-packages/airflow/example_dags/example_latest_only_with_trigger.py
[2024-10-06T04:26:23.170+0000] {processor.py:925} INFO - DAG(s) 'latest_only_with_trigger' retrieved from /home/airflow/.local/lib/python3.12/site-packages/airflow/example_dags/example_latest_only_with_trigger.py
[2024-10-06T04:26:23.190+0000] {logging_mixin.py:190} INFO - [2024-10-06T04:26:23.190+0000] {dag.py:3239} INFO - Sync 1 DAGs
[2024-10-06T04:26:23.218+0000] {logging_mixin.py:190} INFO - [2024-10-06T04:26:23.218+0000] {dag.py:4180} INFO - Setting next_dagrun for latest_only_with_trigger to 2024-10-06 00:00:00+00:00, run_after=2024-10-06 04:00:00+00:00
[2024-10-06T04:26:23.236+0000] {processor.py:208} INFO - Processing /home/airflow/.local/lib/python3.12/site-packages/airflow/example_dags/example_latest_only_with_trigger.py took 0.081 seconds
[2024-10-06T04:26:53.375+0000] {processor.py:186} INFO - Started process (PID=284) to work on /home/airflow/.local/lib/python3.12/site-packages/airflow/example_dags/example_latest_only_with_trigger.py
[2024-10-06T04:26:53.376+0000] {processor.py:914} INFO - Processing file /home/airflow/.local/lib/python3.12/site-packages/airflow/example_dags/example_latest_only_with_trigger.py for tasks to queue
[2024-10-06T04:26:53.377+0000] {logging_mixin.py:190} INFO - [2024-10-06T04:26:53.377+0000] {dagbag.py:588} INFO - Filling up the DagBag from /home/airflow/.local/lib/python3.12/site-packages/airflow/example_dags/example_latest_only_with_trigger.py
[2024-10-06T04:26:53.383+0000] {processor.py:925} INFO - DAG(s) 'latest_only_with_trigger' retrieved from /home/airflow/.local/lib/python3.12/site-packages/airflow/example_dags/example_latest_only_with_trigger.py
[2024-10-06T04:26:53.400+0000] {logging_mixin.py:190} INFO - [2024-10-06T04:26:53.400+0000] {dag.py:3239} INFO - Sync 1 DAGs
[2024-10-06T04:26:53.421+0000] {logging_mixin.py:190} INFO - [2024-10-06T04:26:53.421+0000] {dag.py:4180} INFO - Setting next_dagrun for latest_only_with_trigger to 2024-10-06 00:00:00+00:00, run_after=2024-10-06 04:00:00+00:00
[2024-10-06T04:26:53.440+0000] {processor.py:208} INFO - Processing /home/airflow/.local/lib/python3.12/site-packages/airflow/example_dags/example_latest_only_with_trigger.py took 0.069 seconds
[2024-10-06T04:27:23.885+0000] {processor.py:186} INFO - Started process (PID=346) to work on /home/airflow/.local/lib/python3.12/site-packages/airflow/example_dags/example_latest_only_with_trigger.py
[2024-10-06T04:27:23.886+0000] {processor.py:914} INFO - Processing file /home/airflow/.local/lib/python3.12/site-packages/airflow/example_dags/example_latest_only_with_trigger.py for tasks to queue
[2024-10-06T04:27:23.889+0000] {logging_mixin.py:190} INFO - [2024-10-06T04:27:23.888+0000] {dagbag.py:588} INFO - Filling up the DagBag from /home/airflow/.local/lib/python3.12/site-packages/airflow/example_dags/example_latest_only_with_trigger.py
[2024-10-06T04:27:23.896+0000] {processor.py:925} INFO - DAG(s) 'latest_only_with_trigger' retrieved from /home/airflow/.local/lib/python3.12/site-packages/airflow/example_dags/example_latest_only_with_trigger.py
[2024-10-06T04:27:23.919+0000] {logging_mixin.py:190} INFO - [2024-10-06T04:27:23.918+0000] {dag.py:3239} INFO - Sync 1 DAGs
[2024-10-06T04:27:23.946+0000] {logging_mixin.py:190} INFO - [2024-10-06T04:27:23.946+0000] {dag.py:4180} INFO - Setting next_dagrun for latest_only_with_trigger to 2024-10-06 00:00:00+00:00, run_after=2024-10-06 04:00:00+00:00
[2024-10-06T04:27:23.977+0000] {processor.py:208} INFO - Processing /home/airflow/.local/lib/python3.12/site-packages/airflow/example_dags/example_latest_only_with_trigger.py took 0.098 seconds
[2024-10-06T04:27:54.321+0000] {processor.py:186} INFO - Started process (PID=408) to work on /home/airflow/.local/lib/python3.12/site-packages/airflow/example_dags/example_latest_only_with_trigger.py
[2024-10-06T04:27:54.322+0000] {processor.py:914} INFO - Processing file /home/airflow/.local/lib/python3.12/site-packages/airflow/example_dags/example_latest_only_with_trigger.py for tasks to queue
[2024-10-06T04:27:54.325+0000] {logging_mixin.py:190} INFO - [2024-10-06T04:27:54.324+0000] {dagbag.py:588} INFO - Filling up the DagBag from /home/airflow/.local/lib/python3.12/site-packages/airflow/example_dags/example_latest_only_with_trigger.py
[2024-10-06T04:27:54.331+0000] {processor.py:925} INFO - DAG(s) 'latest_only_with_trigger' retrieved from /home/airflow/.local/lib/python3.12/site-packages/airflow/example_dags/example_latest_only_with_trigger.py
[2024-10-06T04:27:54.348+0000] {logging_mixin.py:190} INFO - [2024-10-06T04:27:54.348+0000] {dag.py:3239} INFO - Sync 1 DAGs
[2024-10-06T04:27:54.366+0000] {logging_mixin.py:190} INFO - [2024-10-06T04:27:54.366+0000] {dag.py:4180} INFO - Setting next_dagrun for latest_only_with_trigger to 2024-10-06 00:00:00+00:00, run_after=2024-10-06 04:00:00+00:00
[2024-10-06T04:27:54.383+0000] {processor.py:208} INFO - Processing /home/airflow/.local/lib/python3.12/site-packages/airflow/example_dags/example_latest_only_with_trigger.py took 0.068 seconds
[2024-10-06T04:28:24.578+0000] {processor.py:186} INFO - Started process (PID=471) to work on /home/airflow/.local/lib/python3.12/site-packages/airflow/example_dags/example_latest_only_with_trigger.py
[2024-10-06T04:28:24.578+0000] {processor.py:914} INFO - Processing file /home/airflow/.local/lib/python3.12/site-packages/airflow/example_dags/example_latest_only_with_trigger.py for tasks to queue
[2024-10-06T04:28:24.580+0000] {logging_mixin.py:190} INFO - [2024-10-06T04:28:24.580+0000] {dagbag.py:588} INFO - Filling up the DagBag from /home/airflow/.local/lib/python3.12/site-packages/airflow/example_dags/example_latest_only_with_trigger.py
[2024-10-06T04:28:24.586+0000] {processor.py:925} INFO - DAG(s) 'latest_only_with_trigger' retrieved from /home/airflow/.local/lib/python3.12/site-packages/airflow/example_dags/example_latest_only_with_trigger.py
[2024-10-06T04:28:24.602+0000] {logging_mixin.py:190} INFO - [2024-10-06T04:28:24.602+0000] {dag.py:3239} INFO - Sync 1 DAGs
[2024-10-06T04:28:24.620+0000] {logging_mixin.py:190} INFO - [2024-10-06T04:28:24.620+0000] {dag.py:4180} INFO - Setting next_dagrun for latest_only_with_trigger to 2024-10-06 00:00:00+00:00, run_after=2024-10-06 04:00:00+00:00
[2024-10-06T04:28:24.638+0000] {processor.py:208} INFO - Processing /home/airflow/.local/lib/python3.12/site-packages/airflow/example_dags/example_latest_only_with_trigger.py took 0.065 seconds
[2024-10-06T04:28:54.897+0000] {processor.py:186} INFO - Started process (PID=533) to work on /home/airflow/.local/lib/python3.12/site-packages/airflow/example_dags/example_latest_only_with_trigger.py
[2024-10-06T04:28:54.898+0000] {processor.py:914} INFO - Processing file /home/airflow/.local/lib/python3.12/site-packages/airflow/example_dags/example_latest_only_with_trigger.py for tasks to queue
[2024-10-06T04:28:54.900+0000] {logging_mixin.py:190} INFO - [2024-10-06T04:28:54.899+0000] {dagbag.py:588} INFO - Filling up the DagBag from /home/airflow/.local/lib/python3.12/site-packages/airflow/example_dags/example_latest_only_with_trigger.py
[2024-10-06T04:28:54.906+0000] {processor.py:925} INFO - DAG(s) 'latest_only_with_trigger' retrieved from /home/airflow/.local/lib/python3.12/site-packages/airflow/example_dags/example_latest_only_with_trigger.py
[2024-10-06T04:28:54.925+0000] {logging_mixin.py:190} INFO - [2024-10-06T04:28:54.924+0000] {dag.py:3239} INFO - Sync 1 DAGs
[2024-10-06T04:28:54.948+0000] {logging_mixin.py:190} INFO - [2024-10-06T04:28:54.948+0000] {dag.py:4180} INFO - Setting next_dagrun for latest_only_with_trigger to 2024-10-06 00:00:00+00:00, run_after=2024-10-06 04:00:00+00:00
[2024-10-06T04:28:54.966+0000] {processor.py:208} INFO - Processing /home/airflow/.local/lib/python3.12/site-packages/airflow/example_dags/example_latest_only_with_trigger.py took 0.074 seconds
[2024-10-06T04:29:25.134+0000] {processor.py:186} INFO - Started process (PID=595) to work on /home/airflow/.local/lib/python3.12/site-packages/airflow/example_dags/example_latest_only_with_trigger.py
[2024-10-06T04:29:25.135+0000] {processor.py:914} INFO - Processing file /home/airflow/.local/lib/python3.12/site-packages/airflow/example_dags/example_latest_only_with_trigger.py for tasks to queue
[2024-10-06T04:29:25.136+0000] {logging_mixin.py:190} INFO - [2024-10-06T04:29:25.136+0000] {dagbag.py:588} INFO - Filling up the DagBag from /home/airflow/.local/lib/python3.12/site-packages/airflow/example_dags/example_latest_only_with_trigger.py
[2024-10-06T04:29:25.142+0000] {processor.py:925} INFO - DAG(s) 'latest_only_with_trigger' retrieved from /home/airflow/.local/lib/python3.12/site-packages/airflow/example_dags/example_latest_only_with_trigger.py
[2024-10-06T04:29:25.158+0000] {logging_mixin.py:190} INFO - [2024-10-06T04:29:25.158+0000] {dag.py:3239} INFO - Sync 1 DAGs
[2024-10-06T04:29:25.179+0000] {logging_mixin.py:190} INFO - [2024-10-06T04:29:25.179+0000] {dag.py:4180} INFO - Setting next_dagrun for latest_only_with_trigger to 2024-10-06 00:00:00+00:00, run_after=2024-10-06 04:00:00+00:00
[2024-10-06T04:29:25.198+0000] {processor.py:208} INFO - Processing /home/airflow/.local/lib/python3.12/site-packages/airflow/example_dags/example_latest_only_with_trigger.py took 0.070 seconds
[2024-10-06T04:29:55.305+0000] {processor.py:186} INFO - Started process (PID=657) to work on /home/airflow/.local/lib/python3.12/site-packages/airflow/example_dags/example_latest_only_with_trigger.py
[2024-10-06T04:29:55.306+0000] {processor.py:914} INFO - Processing file /home/airflow/.local/lib/python3.12/site-packages/airflow/example_dags/example_latest_only_with_trigger.py for tasks to queue
[2024-10-06T04:29:55.308+0000] {logging_mixin.py:190} INFO - [2024-10-06T04:29:55.307+0000] {dagbag.py:588} INFO - Filling up the DagBag from /home/airflow/.local/lib/python3.12/site-packages/airflow/example_dags/example_latest_only_with_trigger.py
[2024-10-06T04:29:55.313+0000] {processor.py:925} INFO - DAG(s) 'latest_only_with_trigger' retrieved from /home/airflow/.local/lib/python3.12/site-packages/airflow/example_dags/example_latest_only_with_trigger.py
[2024-10-06T04:29:55.331+0000] {logging_mixin.py:190} INFO - [2024-10-06T04:29:55.331+0000] {dag.py:3239} INFO - Sync 1 DAGs
[2024-10-06T04:29:55.349+0000] {logging_mixin.py:190} INFO - [2024-10-06T04:29:55.349+0000] {dag.py:4180} INFO - Setting next_dagrun for latest_only_with_trigger to 2024-10-06 00:00:00+00:00, run_after=2024-10-06 04:00:00+00:00
[2024-10-06T04:29:55.365+0000] {processor.py:208} INFO - Processing /home/airflow/.local/lib/python3.12/site-packages/airflow/example_dags/example_latest_only_with_trigger.py took 0.065 seconds
[2024-10-06T04:30:25.455+0000] {processor.py:186} INFO - Started process (PID=720) to work on /home/airflow/.local/lib/python3.12/site-packages/airflow/example_dags/example_latest_only_with_trigger.py
[2024-10-06T04:30:25.455+0000] {processor.py:914} INFO - Processing file /home/airflow/.local/lib/python3.12/site-packages/airflow/example_dags/example_latest_only_with_trigger.py for tasks to queue
[2024-10-06T04:30:25.457+0000] {logging_mixin.py:190} INFO - [2024-10-06T04:30:25.457+0000] {dagbag.py:588} INFO - Filling up the DagBag from /home/airflow/.local/lib/python3.12/site-packages/airflow/example_dags/example_latest_only_with_trigger.py
[2024-10-06T04:30:25.463+0000] {processor.py:925} INFO - DAG(s) 'latest_only_with_trigger' retrieved from /home/airflow/.local/lib/python3.12/site-packages/airflow/example_dags/example_latest_only_with_trigger.py
[2024-10-06T04:30:25.479+0000] {logging_mixin.py:190} INFO - [2024-10-06T04:30:25.479+0000] {dag.py:3239} INFO - Sync 1 DAGs
[2024-10-06T04:30:25.498+0000] {logging_mixin.py:190} INFO - [2024-10-06T04:30:25.498+0000] {dag.py:4180} INFO - Setting next_dagrun for latest_only_with_trigger to 2024-10-06 00:00:00+00:00, run_after=2024-10-06 04:00:00+00:00
[2024-10-06T04:30:25.516+0000] {processor.py:208} INFO - Processing /home/airflow/.local/lib/python3.12/site-packages/airflow/example_dags/example_latest_only_with_trigger.py took 0.066 seconds
[2024-10-06T04:30:55.669+0000] {processor.py:186} INFO - Started process (PID=782) to work on /home/airflow/.local/lib/python3.12/site-packages/airflow/example_dags/example_latest_only_with_trigger.py
[2024-10-06T04:30:55.670+0000] {processor.py:914} INFO - Processing file /home/airflow/.local/lib/python3.12/site-packages/airflow/example_dags/example_latest_only_with_trigger.py for tasks to queue
[2024-10-06T04:30:55.672+0000] {logging_mixin.py:190} INFO - [2024-10-06T04:30:55.671+0000] {dagbag.py:588} INFO - Filling up the DagBag from /home/airflow/.local/lib/python3.12/site-packages/airflow/example_dags/example_latest_only_with_trigger.py
[2024-10-06T04:30:55.678+0000] {processor.py:925} INFO - DAG(s) 'latest_only_with_trigger' retrieved from /home/airflow/.local/lib/python3.12/site-packages/airflow/example_dags/example_latest_only_with_trigger.py
[2024-10-06T04:30:55.694+0000] {logging_mixin.py:190} INFO - [2024-10-06T04:30:55.694+0000] {dag.py:3239} INFO - Sync 1 DAGs
[2024-10-06T04:30:55.712+0000] {logging_mixin.py:190} INFO - [2024-10-06T04:30:55.712+0000] {dag.py:4180} INFO - Setting next_dagrun for latest_only_with_trigger to 2024-10-06 00:00:00+00:00, run_after=2024-10-06 04:00:00+00:00
[2024-10-06T04:30:55.729+0000] {processor.py:208} INFO - Processing /home/airflow/.local/lib/python3.12/site-packages/airflow/example_dags/example_latest_only_with_trigger.py took 0.065 seconds
[2024-10-06T04:31:25.942+0000] {processor.py:186} INFO - Started process (PID=845) to work on /home/airflow/.local/lib/python3.12/site-packages/airflow/example_dags/example_latest_only_with_trigger.py
[2024-10-06T04:31:25.943+0000] {processor.py:914} INFO - Processing file /home/airflow/.local/lib/python3.12/site-packages/airflow/example_dags/example_latest_only_with_trigger.py for tasks to queue
[2024-10-06T04:31:25.945+0000] {logging_mixin.py:190} INFO - [2024-10-06T04:31:25.945+0000] {dagbag.py:588} INFO - Filling up the DagBag from /home/airflow/.local/lib/python3.12/site-packages/airflow/example_dags/example_latest_only_with_trigger.py
[2024-10-06T04:31:25.952+0000] {processor.py:925} INFO - DAG(s) 'latest_only_with_trigger' retrieved from /home/airflow/.local/lib/python3.12/site-packages/airflow/example_dags/example_latest_only_with_trigger.py
[2024-10-06T04:31:25.970+0000] {logging_mixin.py:190} INFO - [2024-10-06T04:31:25.970+0000] {dag.py:3239} INFO - Sync 1 DAGs
[2024-10-06T04:31:25.990+0000] {logging_mixin.py:190} INFO - [2024-10-06T04:31:25.990+0000] {dag.py:4180} INFO - Setting next_dagrun for latest_only_with_trigger to 2024-10-06 00:00:00+00:00, run_after=2024-10-06 04:00:00+00:00
[2024-10-06T04:31:26.012+0000] {processor.py:208} INFO - Processing /home/airflow/.local/lib/python3.12/site-packages/airflow/example_dags/example_latest_only_with_trigger.py took 0.076 seconds
[2024-10-06T04:31:56.207+0000] {processor.py:186} INFO - Started process (PID=908) to work on /home/airflow/.local/lib/python3.12/site-packages/airflow/example_dags/example_latest_only_with_trigger.py
[2024-10-06T04:31:56.208+0000] {processor.py:914} INFO - Processing file /home/airflow/.local/lib/python3.12/site-packages/airflow/example_dags/example_latest_only_with_trigger.py for tasks to queue
[2024-10-06T04:31:56.209+0000] {logging_mixin.py:190} INFO - [2024-10-06T04:31:56.209+0000] {dagbag.py:588} INFO - Filling up the DagBag from /home/airflow/.local/lib/python3.12/site-packages/airflow/example_dags/example_latest_only_with_trigger.py
[2024-10-06T04:31:56.215+0000] {processor.py:925} INFO - DAG(s) 'latest_only_with_trigger' retrieved from /home/airflow/.local/lib/python3.12/site-packages/airflow/example_dags/example_latest_only_with_trigger.py
[2024-10-06T04:31:56.234+0000] {logging_mixin.py:190} INFO - [2024-10-06T04:31:56.234+0000] {dag.py:3239} INFO - Sync 1 DAGs
[2024-10-06T04:31:56.256+0000] {logging_mixin.py:190} INFO - [2024-10-06T04:31:56.255+0000] {dag.py:4180} INFO - Setting next_dagrun for latest_only_with_trigger to 2024-10-06 00:00:00+00:00, run_after=2024-10-06 04:00:00+00:00
[2024-10-06T04:31:56.277+0000] {processor.py:208} INFO - Processing /home/airflow/.local/lib/python3.12/site-packages/airflow/example_dags/example_latest_only_with_trigger.py took 0.074 seconds
[2024-10-06T04:32:26.454+0000] {processor.py:186} INFO - Started process (PID=971) to work on /home/airflow/.local/lib/python3.12/site-packages/airflow/example_dags/example_latest_only_with_trigger.py
[2024-10-06T04:32:26.455+0000] {processor.py:914} INFO - Processing file /home/airflow/.local/lib/python3.12/site-packages/airflow/example_dags/example_latest_only_with_trigger.py for tasks to queue
[2024-10-06T04:32:26.457+0000] {logging_mixin.py:190} INFO - [2024-10-06T04:32:26.456+0000] {dagbag.py:588} INFO - Filling up the DagBag from /home/airflow/.local/lib/python3.12/site-packages/airflow/example_dags/example_latest_only_with_trigger.py
[2024-10-06T04:32:26.462+0000] {processor.py:925} INFO - DAG(s) 'latest_only_with_trigger' retrieved from /home/airflow/.local/lib/python3.12/site-packages/airflow/example_dags/example_latest_only_with_trigger.py
[2024-10-06T04:32:26.477+0000] {logging_mixin.py:190} INFO - [2024-10-06T04:32:26.477+0000] {dag.py:3239} INFO - Sync 1 DAGs
[2024-10-06T04:32:26.495+0000] {logging_mixin.py:190} INFO - [2024-10-06T04:32:26.495+0000] {dag.py:4180} INFO - Setting next_dagrun for latest_only_with_trigger to 2024-10-06 00:00:00+00:00, run_after=2024-10-06 04:00:00+00:00
[2024-10-06T04:32:26.515+0000] {processor.py:208} INFO - Processing /home/airflow/.local/lib/python3.12/site-packages/airflow/example_dags/example_latest_only_with_trigger.py took 0.065 seconds
[2024-10-06T04:32:56.641+0000] {processor.py:186} INFO - Started process (PID=1034) to work on /home/airflow/.local/lib/python3.12/site-packages/airflow/example_dags/example_latest_only_with_trigger.py
[2024-10-06T04:32:56.641+0000] {processor.py:914} INFO - Processing file /home/airflow/.local/lib/python3.12/site-packages/airflow/example_dags/example_latest_only_with_trigger.py for tasks to queue
[2024-10-06T04:32:56.643+0000] {logging_mixin.py:190} INFO - [2024-10-06T04:32:56.643+0000] {dagbag.py:588} INFO - Filling up the DagBag from /home/airflow/.local/lib/python3.12/site-packages/airflow/example_dags/example_latest_only_with_trigger.py
[2024-10-06T04:32:56.649+0000] {processor.py:925} INFO - DAG(s) 'latest_only_with_trigger' retrieved from /home/airflow/.local/lib/python3.12/site-packages/airflow/example_dags/example_latest_only_with_trigger.py
[2024-10-06T04:32:56.666+0000] {logging_mixin.py:190} INFO - [2024-10-06T04:32:56.666+0000] {dag.py:3239} INFO - Sync 1 DAGs
[2024-10-06T04:32:56.686+0000] {logging_mixin.py:190} INFO - [2024-10-06T04:32:56.686+0000] {dag.py:4180} INFO - Setting next_dagrun for latest_only_with_trigger to 2024-10-06 00:00:00+00:00, run_after=2024-10-06 04:00:00+00:00
[2024-10-06T04:32:56.707+0000] {processor.py:208} INFO - Processing /home/airflow/.local/lib/python3.12/site-packages/airflow/example_dags/example_latest_only_with_trigger.py took 0.071 seconds
[2024-10-06T04:33:26.833+0000] {processor.py:186} INFO - Started process (PID=1097) to work on /home/airflow/.local/lib/python3.12/site-packages/airflow/example_dags/example_latest_only_with_trigger.py
[2024-10-06T04:33:26.834+0000] {processor.py:914} INFO - Processing file /home/airflow/.local/lib/python3.12/site-packages/airflow/example_dags/example_latest_only_with_trigger.py for tasks to queue
[2024-10-06T04:33:26.835+0000] {logging_mixin.py:190} INFO - [2024-10-06T04:33:26.835+0000] {dagbag.py:588} INFO - Filling up the DagBag from /home/airflow/.local/lib/python3.12/site-packages/airflow/example_dags/example_latest_only_with_trigger.py
[2024-10-06T04:33:26.841+0000] {processor.py:925} INFO - DAG(s) 'latest_only_with_trigger' retrieved from /home/airflow/.local/lib/python3.12/site-packages/airflow/example_dags/example_latest_only_with_trigger.py
[2024-10-06T04:33:26.857+0000] {logging_mixin.py:190} INFO - [2024-10-06T04:33:26.857+0000] {dag.py:3239} INFO - Sync 1 DAGs
[2024-10-06T04:33:26.875+0000] {logging_mixin.py:190} INFO - [2024-10-06T04:33:26.875+0000] {dag.py:4180} INFO - Setting next_dagrun for latest_only_with_trigger to 2024-10-06 00:00:00+00:00, run_after=2024-10-06 04:00:00+00:00
[2024-10-06T04:33:26.899+0000] {processor.py:208} INFO - Processing /home/airflow/.local/lib/python3.12/site-packages/airflow/example_dags/example_latest_only_with_trigger.py took 0.071 seconds
[2024-10-06T04:33:57.190+0000] {processor.py:186} INFO - Started process (PID=1160) to work on /home/airflow/.local/lib/python3.12/site-packages/airflow/example_dags/example_latest_only_with_trigger.py
[2024-10-06T04:33:57.191+0000] {processor.py:914} INFO - Processing file /home/airflow/.local/lib/python3.12/site-packages/airflow/example_dags/example_latest_only_with_trigger.py for tasks to queue
[2024-10-06T04:33:57.192+0000] {logging_mixin.py:190} INFO - [2024-10-06T04:33:57.192+0000] {dagbag.py:588} INFO - Filling up the DagBag from /home/airflow/.local/lib/python3.12/site-packages/airflow/example_dags/example_latest_only_with_trigger.py
[2024-10-06T04:33:57.198+0000] {processor.py:925} INFO - DAG(s) 'latest_only_with_trigger' retrieved from /home/airflow/.local/lib/python3.12/site-packages/airflow/example_dags/example_latest_only_with_trigger.py
[2024-10-06T04:33:57.214+0000] {logging_mixin.py:190} INFO - [2024-10-06T04:33:57.214+0000] {dag.py:3239} INFO - Sync 1 DAGs
[2024-10-06T04:33:57.237+0000] {logging_mixin.py:190} INFO - [2024-10-06T04:33:57.237+0000] {dag.py:4180} INFO - Setting next_dagrun for latest_only_with_trigger to 2024-10-06 00:00:00+00:00, run_after=2024-10-06 04:00:00+00:00
[2024-10-06T04:33:57.262+0000] {processor.py:208} INFO - Processing /home/airflow/.local/lib/python3.12/site-packages/airflow/example_dags/example_latest_only_with_trigger.py took 0.077 seconds
[2024-10-06T04:34:27.624+0000] {processor.py:186} INFO - Started process (PID=1223) to work on /home/airflow/.local/lib/python3.12/site-packages/airflow/example_dags/example_latest_only_with_trigger.py
[2024-10-06T04:34:27.625+0000] {processor.py:914} INFO - Processing file /home/airflow/.local/lib/python3.12/site-packages/airflow/example_dags/example_latest_only_with_trigger.py for tasks to queue
[2024-10-06T04:34:27.627+0000] {logging_mixin.py:190} INFO - [2024-10-06T04:34:27.627+0000] {dagbag.py:588} INFO - Filling up the DagBag from /home/airflow/.local/lib/python3.12/site-packages/airflow/example_dags/example_latest_only_with_trigger.py
[2024-10-06T04:34:27.636+0000] {processor.py:925} INFO - DAG(s) 'latest_only_with_trigger' retrieved from /home/airflow/.local/lib/python3.12/site-packages/airflow/example_dags/example_latest_only_with_trigger.py
[2024-10-06T04:34:27.659+0000] {logging_mixin.py:190} INFO - [2024-10-06T04:34:27.659+0000] {dag.py:3239} INFO - Sync 1 DAGs
[2024-10-06T04:34:27.683+0000] {logging_mixin.py:190} INFO - [2024-10-06T04:34:27.683+0000] {dag.py:4180} INFO - Setting next_dagrun for latest_only_with_trigger to 2024-10-06 00:00:00+00:00, run_after=2024-10-06 04:00:00+00:00
[2024-10-06T04:34:27.703+0000] {processor.py:208} INFO - Processing /home/airflow/.local/lib/python3.12/site-packages/airflow/example_dags/example_latest_only_with_trigger.py took 0.086 seconds
[2024-10-06T04:34:58.041+0000] {processor.py:186} INFO - Started process (PID=1286) to work on /home/airflow/.local/lib/python3.12/site-packages/airflow/example_dags/example_latest_only_with_trigger.py
[2024-10-06T04:34:58.041+0000] {processor.py:914} INFO - Processing file /home/airflow/.local/lib/python3.12/site-packages/airflow/example_dags/example_latest_only_with_trigger.py for tasks to queue
[2024-10-06T04:34:58.044+0000] {logging_mixin.py:190} INFO - [2024-10-06T04:34:58.044+0000] {dagbag.py:588} INFO - Filling up the DagBag from /home/airflow/.local/lib/python3.12/site-packages/airflow/example_dags/example_latest_only_with_trigger.py
[2024-10-06T04:34:58.054+0000] {processor.py:925} INFO - DAG(s) 'latest_only_with_trigger' retrieved from /home/airflow/.local/lib/python3.12/site-packages/airflow/example_dags/example_latest_only_with_trigger.py
[2024-10-06T04:34:58.078+0000] {logging_mixin.py:190} INFO - [2024-10-06T04:34:58.077+0000] {dag.py:3239} INFO - Sync 1 DAGs
[2024-10-06T04:34:58.105+0000] {logging_mixin.py:190} INFO - [2024-10-06T04:34:58.105+0000] {dag.py:4180} INFO - Setting next_dagrun for latest_only_with_trigger to 2024-10-06 00:00:00+00:00, run_after=2024-10-06 04:00:00+00:00
[2024-10-06T04:34:58.121+0000] {processor.py:208} INFO - Processing /home/airflow/.local/lib/python3.12/site-packages/airflow/example_dags/example_latest_only_with_trigger.py took 0.088 seconds
[2024-10-06T04:35:28.162+0000] {processor.py:186} INFO - Started process (PID=1348) to work on /home/airflow/.local/lib/python3.12/site-packages/airflow/example_dags/example_latest_only_with_trigger.py
[2024-10-06T04:35:28.162+0000] {processor.py:914} INFO - Processing file /home/airflow/.local/lib/python3.12/site-packages/airflow/example_dags/example_latest_only_with_trigger.py for tasks to queue
[2024-10-06T04:35:28.164+0000] {logging_mixin.py:190} INFO - [2024-10-06T04:35:28.164+0000] {dagbag.py:588} INFO - Filling up the DagBag from /home/airflow/.local/lib/python3.12/site-packages/airflow/example_dags/example_latest_only_with_trigger.py
[2024-10-06T04:35:28.171+0000] {processor.py:925} INFO - DAG(s) 'latest_only_with_trigger' retrieved from /home/airflow/.local/lib/python3.12/site-packages/airflow/example_dags/example_latest_only_with_trigger.py
[2024-10-06T04:35:28.186+0000] {logging_mixin.py:190} INFO - [2024-10-06T04:35:28.186+0000] {dag.py:3239} INFO - Sync 1 DAGs
[2024-10-06T04:35:28.205+0000] {logging_mixin.py:190} INFO - [2024-10-06T04:35:28.205+0000] {dag.py:4180} INFO - Setting next_dagrun for latest_only_with_trigger to 2024-10-06 00:00:00+00:00, run_after=2024-10-06 04:00:00+00:00
[2024-10-06T04:35:28.223+0000] {processor.py:208} INFO - Processing /home/airflow/.local/lib/python3.12/site-packages/airflow/example_dags/example_latest_only_with_trigger.py took 0.067 seconds
[2024-10-06T04:35:58.569+0000] {processor.py:186} INFO - Started process (PID=1412) to work on /home/airflow/.local/lib/python3.12/site-packages/airflow/example_dags/example_latest_only_with_trigger.py
[2024-10-06T04:35:58.570+0000] {processor.py:914} INFO - Processing file /home/airflow/.local/lib/python3.12/site-packages/airflow/example_dags/example_latest_only_with_trigger.py for tasks to queue
[2024-10-06T04:35:58.571+0000] {logging_mixin.py:190} INFO - [2024-10-06T04:35:58.571+0000] {dagbag.py:588} INFO - Filling up the DagBag from /home/airflow/.local/lib/python3.12/site-packages/airflow/example_dags/example_latest_only_with_trigger.py
[2024-10-06T04:35:58.577+0000] {processor.py:925} INFO - DAG(s) 'latest_only_with_trigger' retrieved from /home/airflow/.local/lib/python3.12/site-packages/airflow/example_dags/example_latest_only_with_trigger.py
[2024-10-06T04:35:58.593+0000] {logging_mixin.py:190} INFO - [2024-10-06T04:35:58.593+0000] {dag.py:3239} INFO - Sync 1 DAGs
[2024-10-06T04:35:58.611+0000] {logging_mixin.py:190} INFO - [2024-10-06T04:35:58.611+0000] {dag.py:4180} INFO - Setting next_dagrun for latest_only_with_trigger to 2024-10-06 00:00:00+00:00, run_after=2024-10-06 04:00:00+00:00
[2024-10-06T04:35:58.629+0000] {processor.py:208} INFO - Processing /home/airflow/.local/lib/python3.12/site-packages/airflow/example_dags/example_latest_only_with_trigger.py took 0.065 seconds
[2024-10-06T04:36:28.697+0000] {processor.py:186} INFO - Started process (PID=1475) to work on /home/airflow/.local/lib/python3.12/site-packages/airflow/example_dags/example_latest_only_with_trigger.py
[2024-10-06T04:36:28.698+0000] {processor.py:914} INFO - Processing file /home/airflow/.local/lib/python3.12/site-packages/airflow/example_dags/example_latest_only_with_trigger.py for tasks to queue
[2024-10-06T04:36:28.700+0000] {logging_mixin.py:190} INFO - [2024-10-06T04:36:28.700+0000] {dagbag.py:588} INFO - Filling up the DagBag from /home/airflow/.local/lib/python3.12/site-packages/airflow/example_dags/example_latest_only_with_trigger.py
[2024-10-06T04:36:28.708+0000] {processor.py:925} INFO - DAG(s) 'latest_only_with_trigger' retrieved from /home/airflow/.local/lib/python3.12/site-packages/airflow/example_dags/example_latest_only_with_trigger.py
[2024-10-06T04:36:28.731+0000] {logging_mixin.py:190} INFO - [2024-10-06T04:36:28.731+0000] {dag.py:3239} INFO - Sync 1 DAGs
[2024-10-06T04:36:28.756+0000] {logging_mixin.py:190} INFO - [2024-10-06T04:36:28.756+0000] {dag.py:4180} INFO - Setting next_dagrun for latest_only_with_trigger to 2024-10-06 00:00:00+00:00, run_after=2024-10-06 04:00:00+00:00
[2024-10-06T04:36:28.777+0000] {processor.py:208} INFO - Processing /home/airflow/.local/lib/python3.12/site-packages/airflow/example_dags/example_latest_only_with_trigger.py took 0.086 seconds
[2024-10-06T04:36:59.147+0000] {processor.py:186} INFO - Started process (PID=1540) to work on /home/airflow/.local/lib/python3.12/site-packages/airflow/example_dags/example_latest_only_with_trigger.py
[2024-10-06T04:36:59.147+0000] {processor.py:914} INFO - Processing file /home/airflow/.local/lib/python3.12/site-packages/airflow/example_dags/example_latest_only_with_trigger.py for tasks to queue
[2024-10-06T04:36:59.149+0000] {logging_mixin.py:190} INFO - [2024-10-06T04:36:59.149+0000] {dagbag.py:588} INFO - Filling up the DagBag from /home/airflow/.local/lib/python3.12/site-packages/airflow/example_dags/example_latest_only_with_trigger.py
[2024-10-06T04:36:59.155+0000] {processor.py:925} INFO - DAG(s) 'latest_only_with_trigger' retrieved from /home/airflow/.local/lib/python3.12/site-packages/airflow/example_dags/example_latest_only_with_trigger.py
[2024-10-06T04:36:59.171+0000] {logging_mixin.py:190} INFO - [2024-10-06T04:36:59.171+0000] {dag.py:3239} INFO - Sync 1 DAGs
[2024-10-06T04:36:59.189+0000] {logging_mixin.py:190} INFO - [2024-10-06T04:36:59.188+0000] {dag.py:4180} INFO - Setting next_dagrun for latest_only_with_trigger to 2024-10-06 00:00:00+00:00, run_after=2024-10-06 04:00:00+00:00
[2024-10-06T04:36:59.207+0000] {processor.py:208} INFO - Processing /home/airflow/.local/lib/python3.12/site-packages/airflow/example_dags/example_latest_only_with_trigger.py took 0.065 seconds
[2024-10-06T04:37:29.658+0000] {processor.py:186} INFO - Started process (PID=1603) to work on /home/airflow/.local/lib/python3.12/site-packages/airflow/example_dags/example_latest_only_with_trigger.py
[2024-10-06T04:37:29.659+0000] {processor.py:914} INFO - Processing file /home/airflow/.local/lib/python3.12/site-packages/airflow/example_dags/example_latest_only_with_trigger.py for tasks to queue
[2024-10-06T04:37:29.660+0000] {logging_mixin.py:190} INFO - [2024-10-06T04:37:29.660+0000] {dagbag.py:588} INFO - Filling up the DagBag from /home/airflow/.local/lib/python3.12/site-packages/airflow/example_dags/example_latest_only_with_trigger.py
[2024-10-06T04:37:29.666+0000] {processor.py:925} INFO - DAG(s) 'latest_only_with_trigger' retrieved from /home/airflow/.local/lib/python3.12/site-packages/airflow/example_dags/example_latest_only_with_trigger.py
[2024-10-06T04:37:29.681+0000] {logging_mixin.py:190} INFO - [2024-10-06T04:37:29.681+0000] {dag.py:3239} INFO - Sync 1 DAGs
[2024-10-06T04:37:29.699+0000] {logging_mixin.py:190} INFO - [2024-10-06T04:37:29.699+0000] {dag.py:4180} INFO - Setting next_dagrun for latest_only_with_trigger to 2024-10-06 00:00:00+00:00, run_after=2024-10-06 04:00:00+00:00
[2024-10-06T04:37:29.717+0000] {processor.py:208} INFO - Processing /home/airflow/.local/lib/python3.12/site-packages/airflow/example_dags/example_latest_only_with_trigger.py took 0.063 seconds
[2024-10-06T04:37:59.898+0000] {processor.py:186} INFO - Started process (PID=1666) to work on /home/airflow/.local/lib/python3.12/site-packages/airflow/example_dags/example_latest_only_with_trigger.py
[2024-10-06T04:37:59.899+0000] {processor.py:914} INFO - Processing file /home/airflow/.local/lib/python3.12/site-packages/airflow/example_dags/example_latest_only_with_trigger.py for tasks to queue
[2024-10-06T04:37:59.901+0000] {logging_mixin.py:190} INFO - [2024-10-06T04:37:59.901+0000] {dagbag.py:588} INFO - Filling up the DagBag from /home/airflow/.local/lib/python3.12/site-packages/airflow/example_dags/example_latest_only_with_trigger.py
[2024-10-06T04:37:59.909+0000] {processor.py:925} INFO - DAG(s) 'latest_only_with_trigger' retrieved from /home/airflow/.local/lib/python3.12/site-packages/airflow/example_dags/example_latest_only_with_trigger.py
[2024-10-06T04:37:59.931+0000] {logging_mixin.py:190} INFO - [2024-10-06T04:37:59.930+0000] {dag.py:3239} INFO - Sync 1 DAGs
[2024-10-06T04:37:59.957+0000] {logging_mixin.py:190} INFO - [2024-10-06T04:37:59.957+0000] {dag.py:4180} INFO - Setting next_dagrun for latest_only_with_trigger to 2024-10-06 00:00:00+00:00, run_after=2024-10-06 04:00:00+00:00
[2024-10-06T04:37:59.977+0000] {processor.py:208} INFO - Processing /home/airflow/.local/lib/python3.12/site-packages/airflow/example_dags/example_latest_only_with_trigger.py took 0.085 seconds
[2024-10-06T04:38:30.288+0000] {processor.py:186} INFO - Started process (PID=1728) to work on /home/airflow/.local/lib/python3.12/site-packages/airflow/example_dags/example_latest_only_with_trigger.py
[2024-10-06T04:38:30.289+0000] {processor.py:914} INFO - Processing file /home/airflow/.local/lib/python3.12/site-packages/airflow/example_dags/example_latest_only_with_trigger.py for tasks to queue
[2024-10-06T04:38:30.290+0000] {logging_mixin.py:190} INFO - [2024-10-06T04:38:30.290+0000] {dagbag.py:588} INFO - Filling up the DagBag from /home/airflow/.local/lib/python3.12/site-packages/airflow/example_dags/example_latest_only_with_trigger.py
[2024-10-06T04:38:30.299+0000] {processor.py:925} INFO - DAG(s) 'latest_only_with_trigger' retrieved from /home/airflow/.local/lib/python3.12/site-packages/airflow/example_dags/example_latest_only_with_trigger.py
[2024-10-06T04:38:30.321+0000] {logging_mixin.py:190} INFO - [2024-10-06T04:38:30.321+0000] {dag.py:3239} INFO - Sync 1 DAGs
[2024-10-06T04:38:30.345+0000] {logging_mixin.py:190} INFO - [2024-10-06T04:38:30.345+0000] {dag.py:4180} INFO - Setting next_dagrun for latest_only_with_trigger to 2024-10-06 00:00:00+00:00, run_after=2024-10-06 04:00:00+00:00
[2024-10-06T04:38:30.368+0000] {processor.py:208} INFO - Processing /home/airflow/.local/lib/python3.12/site-packages/airflow/example_dags/example_latest_only_with_trigger.py took 0.087 seconds
[2024-10-06T04:39:01.633+0000] {processor.py:186} INFO - Started process (PID=1793) to work on /home/airflow/.local/lib/python3.12/site-packages/airflow/example_dags/example_latest_only_with_trigger.py
[2024-10-06T04:39:01.634+0000] {processor.py:914} INFO - Processing file /home/airflow/.local/lib/python3.12/site-packages/airflow/example_dags/example_latest_only_with_trigger.py for tasks to queue
[2024-10-06T04:39:01.635+0000] {logging_mixin.py:190} INFO - [2024-10-06T04:39:01.635+0000] {dagbag.py:588} INFO - Filling up the DagBag from /home/airflow/.local/lib/python3.12/site-packages/airflow/example_dags/example_latest_only_with_trigger.py
[2024-10-06T04:39:01.641+0000] {processor.py:925} INFO - DAG(s) 'latest_only_with_trigger' retrieved from /home/airflow/.local/lib/python3.12/site-packages/airflow/example_dags/example_latest_only_with_trigger.py
[2024-10-06T04:39:01.659+0000] {logging_mixin.py:190} INFO - [2024-10-06T04:39:01.658+0000] {dag.py:3239} INFO - Sync 1 DAGs
[2024-10-06T04:39:01.678+0000] {logging_mixin.py:190} INFO - [2024-10-06T04:39:01.678+0000] {dag.py:4180} INFO - Setting next_dagrun for latest_only_with_trigger to 2024-10-06 00:00:00+00:00, run_after=2024-10-06 04:00:00+00:00
[2024-10-06T04:39:01.696+0000] {processor.py:208} INFO - Processing /home/airflow/.local/lib/python3.12/site-packages/airflow/example_dags/example_latest_only_with_trigger.py took 0.067 seconds
[2024-10-06T04:39:31.920+0000] {processor.py:186} INFO - Started process (PID=1856) to work on /home/airflow/.local/lib/python3.12/site-packages/airflow/example_dags/example_latest_only_with_trigger.py
[2024-10-06T04:39:31.921+0000] {processor.py:914} INFO - Processing file /home/airflow/.local/lib/python3.12/site-packages/airflow/example_dags/example_latest_only_with_trigger.py for tasks to queue
[2024-10-06T04:39:31.922+0000] {logging_mixin.py:190} INFO - [2024-10-06T04:39:31.922+0000] {dagbag.py:588} INFO - Filling up the DagBag from /home/airflow/.local/lib/python3.12/site-packages/airflow/example_dags/example_latest_only_with_trigger.py
[2024-10-06T04:39:31.928+0000] {processor.py:925} INFO - DAG(s) 'latest_only_with_trigger' retrieved from /home/airflow/.local/lib/python3.12/site-packages/airflow/example_dags/example_latest_only_with_trigger.py
[2024-10-06T04:39:31.945+0000] {logging_mixin.py:190} INFO - [2024-10-06T04:39:31.944+0000] {dag.py:3239} INFO - Sync 1 DAGs
[2024-10-06T04:39:31.962+0000] {logging_mixin.py:190} INFO - [2024-10-06T04:39:31.962+0000] {dag.py:4180} INFO - Setting next_dagrun for latest_only_with_trigger to 2024-10-06 00:00:00+00:00, run_after=2024-10-06 04:00:00+00:00
[2024-10-06T04:39:31.980+0000] {processor.py:208} INFO - Processing /home/airflow/.local/lib/python3.12/site-packages/airflow/example_dags/example_latest_only_with_trigger.py took 0.064 seconds
[2024-10-06T04:40:02.899+0000] {processor.py:186} INFO - Started process (PID=1919) to work on /home/airflow/.local/lib/python3.12/site-packages/airflow/example_dags/example_latest_only_with_trigger.py
[2024-10-06T04:40:02.899+0000] {processor.py:914} INFO - Processing file /home/airflow/.local/lib/python3.12/site-packages/airflow/example_dags/example_latest_only_with_trigger.py for tasks to queue
[2024-10-06T04:40:02.900+0000] {logging_mixin.py:190} INFO - [2024-10-06T04:40:02.900+0000] {dagbag.py:588} INFO - Filling up the DagBag from /home/airflow/.local/lib/python3.12/site-packages/airflow/example_dags/example_latest_only_with_trigger.py
[2024-10-06T04:40:02.907+0000] {processor.py:925} INFO - DAG(s) 'latest_only_with_trigger' retrieved from /home/airflow/.local/lib/python3.12/site-packages/airflow/example_dags/example_latest_only_with_trigger.py
[2024-10-06T04:40:02.923+0000] {logging_mixin.py:190} INFO - [2024-10-06T04:40:02.923+0000] {dag.py:3239} INFO - Sync 1 DAGs
[2024-10-06T04:40:02.943+0000] {logging_mixin.py:190} INFO - [2024-10-06T04:40:02.942+0000] {dag.py:4180} INFO - Setting next_dagrun for latest_only_with_trigger to 2024-10-06 00:00:00+00:00, run_after=2024-10-06 04:00:00+00:00
[2024-10-06T04:40:02.963+0000] {processor.py:208} INFO - Processing /home/airflow/.local/lib/python3.12/site-packages/airflow/example_dags/example_latest_only_with_trigger.py took 0.069 seconds
[2024-10-06T04:40:33.255+0000] {processor.py:186} INFO - Started process (PID=1982) to work on /home/airflow/.local/lib/python3.12/site-packages/airflow/example_dags/example_latest_only_with_trigger.py
[2024-10-06T04:40:33.255+0000] {processor.py:914} INFO - Processing file /home/airflow/.local/lib/python3.12/site-packages/airflow/example_dags/example_latest_only_with_trigger.py for tasks to queue
[2024-10-06T04:40:33.256+0000] {logging_mixin.py:190} INFO - [2024-10-06T04:40:33.256+0000] {dagbag.py:588} INFO - Filling up the DagBag from /home/airflow/.local/lib/python3.12/site-packages/airflow/example_dags/example_latest_only_with_trigger.py
[2024-10-06T04:40:33.262+0000] {processor.py:925} INFO - DAG(s) 'latest_only_with_trigger' retrieved from /home/airflow/.local/lib/python3.12/site-packages/airflow/example_dags/example_latest_only_with_trigger.py
[2024-10-06T04:40:33.278+0000] {logging_mixin.py:190} INFO - [2024-10-06T04:40:33.278+0000] {dag.py:3239} INFO - Sync 1 DAGs
[2024-10-06T04:40:33.295+0000] {logging_mixin.py:190} INFO - [2024-10-06T04:40:33.295+0000] {dag.py:4180} INFO - Setting next_dagrun for latest_only_with_trigger to 2024-10-06 00:00:00+00:00, run_after=2024-10-06 04:00:00+00:00
[2024-10-06T04:40:33.317+0000] {processor.py:208} INFO - Processing /home/airflow/.local/lib/python3.12/site-packages/airflow/example_dags/example_latest_only_with_trigger.py took 0.066 seconds
[2024-10-06T04:41:04.069+0000] {processor.py:186} INFO - Started process (PID=2045) to work on /home/airflow/.local/lib/python3.12/site-packages/airflow/example_dags/example_latest_only_with_trigger.py
[2024-10-06T04:41:04.069+0000] {processor.py:914} INFO - Processing file /home/airflow/.local/lib/python3.12/site-packages/airflow/example_dags/example_latest_only_with_trigger.py for tasks to queue
[2024-10-06T04:41:04.070+0000] {logging_mixin.py:190} INFO - [2024-10-06T04:41:04.070+0000] {dagbag.py:588} INFO - Filling up the DagBag from /home/airflow/.local/lib/python3.12/site-packages/airflow/example_dags/example_latest_only_with_trigger.py
[2024-10-06T04:41:04.077+0000] {processor.py:925} INFO - DAG(s) 'latest_only_with_trigger' retrieved from /home/airflow/.local/lib/python3.12/site-packages/airflow/example_dags/example_latest_only_with_trigger.py
[2024-10-06T04:41:04.093+0000] {logging_mixin.py:190} INFO - [2024-10-06T04:41:04.093+0000] {dag.py:3239} INFO - Sync 1 DAGs
[2024-10-06T04:41:04.114+0000] {logging_mixin.py:190} INFO - [2024-10-06T04:41:04.114+0000] {dag.py:4180} INFO - Setting next_dagrun for latest_only_with_trigger to 2024-10-06 00:00:00+00:00, run_after=2024-10-06 04:00:00+00:00
[2024-10-06T04:41:04.135+0000] {processor.py:208} INFO - Processing /home/airflow/.local/lib/python3.12/site-packages/airflow/example_dags/example_latest_only_with_trigger.py took 0.071 seconds
[2024-10-06T04:41:35.057+0000] {processor.py:186} INFO - Started process (PID=2108) to work on /home/airflow/.local/lib/python3.12/site-packages/airflow/example_dags/example_latest_only_with_trigger.py
[2024-10-06T04:41:35.057+0000] {processor.py:914} INFO - Processing file /home/airflow/.local/lib/python3.12/site-packages/airflow/example_dags/example_latest_only_with_trigger.py for tasks to queue
[2024-10-06T04:41:35.058+0000] {logging_mixin.py:190} INFO - [2024-10-06T04:41:35.058+0000] {dagbag.py:588} INFO - Filling up the DagBag from /home/airflow/.local/lib/python3.12/site-packages/airflow/example_dags/example_latest_only_with_trigger.py
[2024-10-06T04:41:35.065+0000] {processor.py:925} INFO - DAG(s) 'latest_only_with_trigger' retrieved from /home/airflow/.local/lib/python3.12/site-packages/airflow/example_dags/example_latest_only_with_trigger.py
[2024-10-06T04:41:35.083+0000] {logging_mixin.py:190} INFO - [2024-10-06T04:41:35.083+0000] {dag.py:3239} INFO - Sync 1 DAGs
[2024-10-06T04:41:35.107+0000] {logging_mixin.py:190} INFO - [2024-10-06T04:41:35.107+0000] {dag.py:4180} INFO - Setting next_dagrun for latest_only_with_trigger to 2024-10-06 00:00:00+00:00, run_after=2024-10-06 04:00:00+00:00
[2024-10-06T04:41:35.130+0000] {processor.py:208} INFO - Processing /home/airflow/.local/lib/python3.12/site-packages/airflow/example_dags/example_latest_only_with_trigger.py took 0.078 seconds
[2024-10-06T04:42:05.777+0000] {processor.py:186} INFO - Started process (PID=2172) to work on /home/airflow/.local/lib/python3.12/site-packages/airflow/example_dags/example_latest_only_with_trigger.py
[2024-10-06T04:42:05.777+0000] {processor.py:914} INFO - Processing file /home/airflow/.local/lib/python3.12/site-packages/airflow/example_dags/example_latest_only_with_trigger.py for tasks to queue
[2024-10-06T04:42:05.778+0000] {logging_mixin.py:190} INFO - [2024-10-06T04:42:05.778+0000] {dagbag.py:588} INFO - Filling up the DagBag from /home/airflow/.local/lib/python3.12/site-packages/airflow/example_dags/example_latest_only_with_trigger.py
[2024-10-06T04:42:05.785+0000] {processor.py:925} INFO - DAG(s) 'latest_only_with_trigger' retrieved from /home/airflow/.local/lib/python3.12/site-packages/airflow/example_dags/example_latest_only_with_trigger.py
[2024-10-06T04:42:05.801+0000] {logging_mixin.py:190} INFO - [2024-10-06T04:42:05.801+0000] {dag.py:3239} INFO - Sync 1 DAGs
[2024-10-06T04:42:05.819+0000] {logging_mixin.py:190} INFO - [2024-10-06T04:42:05.819+0000] {dag.py:4180} INFO - Setting next_dagrun for latest_only_with_trigger to 2024-10-06 00:00:00+00:00, run_after=2024-10-06 04:00:00+00:00
[2024-10-06T04:42:05.840+0000] {processor.py:208} INFO - Processing /home/airflow/.local/lib/python3.12/site-packages/airflow/example_dags/example_latest_only_with_trigger.py took 0.068 seconds
[2024-10-06T04:42:36.525+0000] {processor.py:186} INFO - Started process (PID=2235) to work on /home/airflow/.local/lib/python3.12/site-packages/airflow/example_dags/example_latest_only_with_trigger.py
[2024-10-06T04:42:36.526+0000] {processor.py:914} INFO - Processing file /home/airflow/.local/lib/python3.12/site-packages/airflow/example_dags/example_latest_only_with_trigger.py for tasks to queue
[2024-10-06T04:42:36.527+0000] {logging_mixin.py:190} INFO - [2024-10-06T04:42:36.527+0000] {dagbag.py:588} INFO - Filling up the DagBag from /home/airflow/.local/lib/python3.12/site-packages/airflow/example_dags/example_latest_only_with_trigger.py
[2024-10-06T04:42:36.535+0000] {processor.py:925} INFO - DAG(s) 'latest_only_with_trigger' retrieved from /home/airflow/.local/lib/python3.12/site-packages/airflow/example_dags/example_latest_only_with_trigger.py
[2024-10-06T04:42:36.557+0000] {logging_mixin.py:190} INFO - [2024-10-06T04:42:36.556+0000] {dag.py:3239} INFO - Sync 1 DAGs
[2024-10-06T04:42:36.582+0000] {logging_mixin.py:190} INFO - [2024-10-06T04:42:36.582+0000] {dag.py:4180} INFO - Setting next_dagrun for latest_only_with_trigger to 2024-10-06 00:00:00+00:00, run_after=2024-10-06 04:00:00+00:00
[2024-10-06T04:42:36.603+0000] {processor.py:208} INFO - Processing /home/airflow/.local/lib/python3.12/site-packages/airflow/example_dags/example_latest_only_with_trigger.py took 0.083 seconds
[2024-10-06T04:43:07.047+0000] {processor.py:186} INFO - Started process (PID=2298) to work on /home/airflow/.local/lib/python3.12/site-packages/airflow/example_dags/example_latest_only_with_trigger.py
[2024-10-06T04:43:07.047+0000] {processor.py:914} INFO - Processing file /home/airflow/.local/lib/python3.12/site-packages/airflow/example_dags/example_latest_only_with_trigger.py for tasks to queue
[2024-10-06T04:43:07.048+0000] {logging_mixin.py:190} INFO - [2024-10-06T04:43:07.048+0000] {dagbag.py:588} INFO - Filling up the DagBag from /home/airflow/.local/lib/python3.12/site-packages/airflow/example_dags/example_latest_only_with_trigger.py
[2024-10-06T04:43:07.054+0000] {processor.py:925} INFO - DAG(s) 'latest_only_with_trigger' retrieved from /home/airflow/.local/lib/python3.12/site-packages/airflow/example_dags/example_latest_only_with_trigger.py
[2024-10-06T04:43:07.074+0000] {logging_mixin.py:190} INFO - [2024-10-06T04:43:07.074+0000] {dag.py:3239} INFO - Sync 1 DAGs
[2024-10-06T04:43:07.092+0000] {logging_mixin.py:190} INFO - [2024-10-06T04:43:07.092+0000] {dag.py:4180} INFO - Setting next_dagrun for latest_only_with_trigger to 2024-10-06 00:00:00+00:00, run_after=2024-10-06 04:00:00+00:00
[2024-10-06T04:43:07.117+0000] {processor.py:208} INFO - Processing /home/airflow/.local/lib/python3.12/site-packages/airflow/example_dags/example_latest_only_with_trigger.py took 0.075 seconds
[2024-10-06T04:43:37.970+0000] {processor.py:186} INFO - Started process (PID=2361) to work on /home/airflow/.local/lib/python3.12/site-packages/airflow/example_dags/example_latest_only_with_trigger.py
[2024-10-06T04:43:37.971+0000] {processor.py:914} INFO - Processing file /home/airflow/.local/lib/python3.12/site-packages/airflow/example_dags/example_latest_only_with_trigger.py for tasks to queue
[2024-10-06T04:43:37.972+0000] {logging_mixin.py:190} INFO - [2024-10-06T04:43:37.971+0000] {dagbag.py:588} INFO - Filling up the DagBag from /home/airflow/.local/lib/python3.12/site-packages/airflow/example_dags/example_latest_only_with_trigger.py
[2024-10-06T04:43:37.978+0000] {processor.py:925} INFO - DAG(s) 'latest_only_with_trigger' retrieved from /home/airflow/.local/lib/python3.12/site-packages/airflow/example_dags/example_latest_only_with_trigger.py
[2024-10-06T04:43:37.994+0000] {logging_mixin.py:190} INFO - [2024-10-06T04:43:37.994+0000] {dag.py:3239} INFO - Sync 1 DAGs
[2024-10-06T04:43:38.013+0000] {logging_mixin.py:190} INFO - [2024-10-06T04:43:38.013+0000] {dag.py:4180} INFO - Setting next_dagrun for latest_only_with_trigger to 2024-10-06 00:00:00+00:00, run_after=2024-10-06 04:00:00+00:00
[2024-10-06T04:43:38.041+0000] {processor.py:208} INFO - Processing /home/airflow/.local/lib/python3.12/site-packages/airflow/example_dags/example_latest_only_with_trigger.py took 0.075 seconds
[2024-10-06T04:44:08.389+0000] {processor.py:186} INFO - Started process (PID=2425) to work on /home/airflow/.local/lib/python3.12/site-packages/airflow/example_dags/example_latest_only_with_trigger.py
[2024-10-06T04:44:08.389+0000] {processor.py:914} INFO - Processing file /home/airflow/.local/lib/python3.12/site-packages/airflow/example_dags/example_latest_only_with_trigger.py for tasks to queue
[2024-10-06T04:44:08.390+0000] {logging_mixin.py:190} INFO - [2024-10-06T04:44:08.390+0000] {dagbag.py:588} INFO - Filling up the DagBag from /home/airflow/.local/lib/python3.12/site-packages/airflow/example_dags/example_latest_only_with_trigger.py
[2024-10-06T04:44:08.398+0000] {processor.py:925} INFO - DAG(s) 'latest_only_with_trigger' retrieved from /home/airflow/.local/lib/python3.12/site-packages/airflow/example_dags/example_latest_only_with_trigger.py
[2024-10-06T04:44:08.416+0000] {logging_mixin.py:190} INFO - [2024-10-06T04:44:08.416+0000] {dag.py:3239} INFO - Sync 1 DAGs
[2024-10-06T04:44:08.440+0000] {logging_mixin.py:190} INFO - [2024-10-06T04:44:08.439+0000] {dag.py:4180} INFO - Setting next_dagrun for latest_only_with_trigger to 2024-10-06 00:00:00+00:00, run_after=2024-10-06 04:00:00+00:00
[2024-10-06T04:44:08.459+0000] {processor.py:208} INFO - Processing /home/airflow/.local/lib/python3.12/site-packages/airflow/example_dags/example_latest_only_with_trigger.py took 0.074 seconds
[2024-10-06T04:44:39.169+0000] {processor.py:186} INFO - Started process (PID=2489) to work on /home/airflow/.local/lib/python3.12/site-packages/airflow/example_dags/example_latest_only_with_trigger.py
[2024-10-06T04:44:39.170+0000] {processor.py:914} INFO - Processing file /home/airflow/.local/lib/python3.12/site-packages/airflow/example_dags/example_latest_only_with_trigger.py for tasks to queue
[2024-10-06T04:44:39.171+0000] {logging_mixin.py:190} INFO - [2024-10-06T04:44:39.171+0000] {dagbag.py:588} INFO - Filling up the DagBag from /home/airflow/.local/lib/python3.12/site-packages/airflow/example_dags/example_latest_only_with_trigger.py
[2024-10-06T04:44:39.178+0000] {processor.py:925} INFO - DAG(s) 'latest_only_with_trigger' retrieved from /home/airflow/.local/lib/python3.12/site-packages/airflow/example_dags/example_latest_only_with_trigger.py
[2024-10-06T04:44:39.195+0000] {logging_mixin.py:190} INFO - [2024-10-06T04:44:39.195+0000] {dag.py:3239} INFO - Sync 1 DAGs
[2024-10-06T04:44:39.214+0000] {logging_mixin.py:190} INFO - [2024-10-06T04:44:39.214+0000] {dag.py:4180} INFO - Setting next_dagrun for latest_only_with_trigger to 2024-10-06 00:00:00+00:00, run_after=2024-10-06 04:00:00+00:00
[2024-10-06T04:44:39.231+0000] {processor.py:208} INFO - Processing /home/airflow/.local/lib/python3.12/site-packages/airflow/example_dags/example_latest_only_with_trigger.py took 0.067 seconds
[2024-10-06T04:45:09.638+0000] {processor.py:186} INFO - Started process (PID=2552) to work on /home/airflow/.local/lib/python3.12/site-packages/airflow/example_dags/example_latest_only_with_trigger.py
[2024-10-06T04:45:09.638+0000] {processor.py:914} INFO - Processing file /home/airflow/.local/lib/python3.12/site-packages/airflow/example_dags/example_latest_only_with_trigger.py for tasks to queue
[2024-10-06T04:45:09.639+0000] {logging_mixin.py:190} INFO - [2024-10-06T04:45:09.639+0000] {dagbag.py:588} INFO - Filling up the DagBag from /home/airflow/.local/lib/python3.12/site-packages/airflow/example_dags/example_latest_only_with_trigger.py
[2024-10-06T04:45:09.648+0000] {processor.py:925} INFO - DAG(s) 'latest_only_with_trigger' retrieved from /home/airflow/.local/lib/python3.12/site-packages/airflow/example_dags/example_latest_only_with_trigger.py
[2024-10-06T04:45:09.667+0000] {logging_mixin.py:190} INFO - [2024-10-06T04:45:09.667+0000] {dag.py:3239} INFO - Sync 1 DAGs
[2024-10-06T04:45:09.689+0000] {logging_mixin.py:190} INFO - [2024-10-06T04:45:09.689+0000] {dag.py:4180} INFO - Setting next_dagrun for latest_only_with_trigger to 2024-10-06 00:00:00+00:00, run_after=2024-10-06 04:00:00+00:00
[2024-10-06T04:45:09.720+0000] {processor.py:208} INFO - Processing /home/airflow/.local/lib/python3.12/site-packages/airflow/example_dags/example_latest_only_with_trigger.py took 0.088 seconds
[2024-10-06T04:45:40.420+0000] {processor.py:186} INFO - Started process (PID=2615) to work on /home/airflow/.local/lib/python3.12/site-packages/airflow/example_dags/example_latest_only_with_trigger.py
[2024-10-06T04:45:40.421+0000] {processor.py:914} INFO - Processing file /home/airflow/.local/lib/python3.12/site-packages/airflow/example_dags/example_latest_only_with_trigger.py for tasks to queue
[2024-10-06T04:45:40.421+0000] {logging_mixin.py:190} INFO - [2024-10-06T04:45:40.421+0000] {dagbag.py:588} INFO - Filling up the DagBag from /home/airflow/.local/lib/python3.12/site-packages/airflow/example_dags/example_latest_only_with_trigger.py
[2024-10-06T04:45:40.428+0000] {processor.py:925} INFO - DAG(s) 'latest_only_with_trigger' retrieved from /home/airflow/.local/lib/python3.12/site-packages/airflow/example_dags/example_latest_only_with_trigger.py
[2024-10-06T04:45:40.445+0000] {logging_mixin.py:190} INFO - [2024-10-06T04:45:40.445+0000] {dag.py:3239} INFO - Sync 1 DAGs
[2024-10-06T04:45:40.465+0000] {logging_mixin.py:190} INFO - [2024-10-06T04:45:40.465+0000] {dag.py:4180} INFO - Setting next_dagrun for latest_only_with_trigger to 2024-10-06 00:00:00+00:00, run_after=2024-10-06 04:00:00+00:00
[2024-10-06T04:45:40.484+0000] {processor.py:208} INFO - Processing /home/airflow/.local/lib/python3.12/site-packages/airflow/example_dags/example_latest_only_with_trigger.py took 0.068 seconds
[2024-10-06T04:46:11.114+0000] {processor.py:186} INFO - Started process (PID=2678) to work on /home/airflow/.local/lib/python3.12/site-packages/airflow/example_dags/example_latest_only_with_trigger.py
[2024-10-06T04:46:11.115+0000] {processor.py:914} INFO - Processing file /home/airflow/.local/lib/python3.12/site-packages/airflow/example_dags/example_latest_only_with_trigger.py for tasks to queue
[2024-10-06T04:46:11.116+0000] {logging_mixin.py:190} INFO - [2024-10-06T04:46:11.115+0000] {dagbag.py:588} INFO - Filling up the DagBag from /home/airflow/.local/lib/python3.12/site-packages/airflow/example_dags/example_latest_only_with_trigger.py
[2024-10-06T04:46:11.122+0000] {processor.py:925} INFO - DAG(s) 'latest_only_with_trigger' retrieved from /home/airflow/.local/lib/python3.12/site-packages/airflow/example_dags/example_latest_only_with_trigger.py
[2024-10-06T04:46:11.140+0000] {logging_mixin.py:190} INFO - [2024-10-06T04:46:11.140+0000] {dag.py:3239} INFO - Sync 1 DAGs
[2024-10-06T04:46:11.161+0000] {logging_mixin.py:190} INFO - [2024-10-06T04:46:11.161+0000] {dag.py:4180} INFO - Setting next_dagrun for latest_only_with_trigger to 2024-10-06 00:00:00+00:00, run_after=2024-10-06 04:00:00+00:00
[2024-10-06T04:46:11.177+0000] {processor.py:208} INFO - Processing /home/airflow/.local/lib/python3.12/site-packages/airflow/example_dags/example_latest_only_with_trigger.py took 0.067 seconds
[2024-10-06T04:46:41.842+0000] {processor.py:186} INFO - Started process (PID=2741) to work on /home/airflow/.local/lib/python3.12/site-packages/airflow/example_dags/example_latest_only_with_trigger.py
[2024-10-06T04:46:41.842+0000] {processor.py:914} INFO - Processing file /home/airflow/.local/lib/python3.12/site-packages/airflow/example_dags/example_latest_only_with_trigger.py for tasks to queue
[2024-10-06T04:46:41.843+0000] {logging_mixin.py:190} INFO - [2024-10-06T04:46:41.843+0000] {dagbag.py:588} INFO - Filling up the DagBag from /home/airflow/.local/lib/python3.12/site-packages/airflow/example_dags/example_latest_only_with_trigger.py
[2024-10-06T04:46:41.850+0000] {processor.py:925} INFO - DAG(s) 'latest_only_with_trigger' retrieved from /home/airflow/.local/lib/python3.12/site-packages/airflow/example_dags/example_latest_only_with_trigger.py
[2024-10-06T04:46:41.871+0000] {logging_mixin.py:190} INFO - [2024-10-06T04:46:41.870+0000] {dag.py:3239} INFO - Sync 1 DAGs
[2024-10-06T04:46:41.895+0000] {logging_mixin.py:190} INFO - [2024-10-06T04:46:41.895+0000] {dag.py:4180} INFO - Setting next_dagrun for latest_only_with_trigger to 2024-10-06 00:00:00+00:00, run_after=2024-10-06 04:00:00+00:00
[2024-10-06T04:46:41.917+0000] {processor.py:208} INFO - Processing /home/airflow/.local/lib/python3.12/site-packages/airflow/example_dags/example_latest_only_with_trigger.py took 0.080 seconds
[2024-10-06T04:47:12.321+0000] {processor.py:186} INFO - Started process (PID=2804) to work on /home/airflow/.local/lib/python3.12/site-packages/airflow/example_dags/example_latest_only_with_trigger.py
[2024-10-06T04:47:12.321+0000] {processor.py:914} INFO - Processing file /home/airflow/.local/lib/python3.12/site-packages/airflow/example_dags/example_latest_only_with_trigger.py for tasks to queue
[2024-10-06T04:47:12.322+0000] {logging_mixin.py:190} INFO - [2024-10-06T04:47:12.322+0000] {dagbag.py:588} INFO - Filling up the DagBag from /home/airflow/.local/lib/python3.12/site-packages/airflow/example_dags/example_latest_only_with_trigger.py
[2024-10-06T04:47:12.329+0000] {processor.py:925} INFO - DAG(s) 'latest_only_with_trigger' retrieved from /home/airflow/.local/lib/python3.12/site-packages/airflow/example_dags/example_latest_only_with_trigger.py
[2024-10-06T04:47:12.347+0000] {logging_mixin.py:190} INFO - [2024-10-06T04:47:12.347+0000] {dag.py:3239} INFO - Sync 1 DAGs
[2024-10-06T04:47:12.367+0000] {logging_mixin.py:190} INFO - [2024-10-06T04:47:12.366+0000] {dag.py:4180} INFO - Setting next_dagrun for latest_only_with_trigger to 2024-10-06 00:00:00+00:00, run_after=2024-10-06 04:00:00+00:00
[2024-10-06T04:47:12.386+0000] {processor.py:208} INFO - Processing /home/airflow/.local/lib/python3.12/site-packages/airflow/example_dags/example_latest_only_with_trigger.py took 0.070 seconds
[2024-10-06T04:47:43.343+0000] {processor.py:186} INFO - Started process (PID=2867) to work on /home/airflow/.local/lib/python3.12/site-packages/airflow/example_dags/example_latest_only_with_trigger.py
[2024-10-06T04:47:43.343+0000] {processor.py:914} INFO - Processing file /home/airflow/.local/lib/python3.12/site-packages/airflow/example_dags/example_latest_only_with_trigger.py for tasks to queue
[2024-10-06T04:47:43.344+0000] {logging_mixin.py:190} INFO - [2024-10-06T04:47:43.344+0000] {dagbag.py:588} INFO - Filling up the DagBag from /home/airflow/.local/lib/python3.12/site-packages/airflow/example_dags/example_latest_only_with_trigger.py
[2024-10-06T04:47:43.350+0000] {processor.py:925} INFO - DAG(s) 'latest_only_with_trigger' retrieved from /home/airflow/.local/lib/python3.12/site-packages/airflow/example_dags/example_latest_only_with_trigger.py
[2024-10-06T04:47:43.371+0000] {logging_mixin.py:190} INFO - [2024-10-06T04:47:43.370+0000] {dag.py:3239} INFO - Sync 1 DAGs
[2024-10-06T04:47:43.393+0000] {logging_mixin.py:190} INFO - [2024-10-06T04:47:43.393+0000] {dag.py:4180} INFO - Setting next_dagrun for latest_only_with_trigger to 2024-10-06 00:00:00+00:00, run_after=2024-10-06 04:00:00+00:00
[2024-10-06T04:47:43.414+0000] {processor.py:208} INFO - Processing /home/airflow/.local/lib/python3.12/site-packages/airflow/example_dags/example_latest_only_with_trigger.py took 0.076 seconds
[2024-10-06T04:48:13.873+0000] {processor.py:186} INFO - Started process (PID=2930) to work on /home/airflow/.local/lib/python3.12/site-packages/airflow/example_dags/example_latest_only_with_trigger.py
[2024-10-06T04:48:13.874+0000] {processor.py:914} INFO - Processing file /home/airflow/.local/lib/python3.12/site-packages/airflow/example_dags/example_latest_only_with_trigger.py for tasks to queue
[2024-10-06T04:48:13.875+0000] {logging_mixin.py:190} INFO - [2024-10-06T04:48:13.874+0000] {dagbag.py:588} INFO - Filling up the DagBag from /home/airflow/.local/lib/python3.12/site-packages/airflow/example_dags/example_latest_only_with_trigger.py
[2024-10-06T04:48:13.881+0000] {processor.py:925} INFO - DAG(s) 'latest_only_with_trigger' retrieved from /home/airflow/.local/lib/python3.12/site-packages/airflow/example_dags/example_latest_only_with_trigger.py
[2024-10-06T04:48:13.897+0000] {logging_mixin.py:190} INFO - [2024-10-06T04:48:13.897+0000] {dag.py:3239} INFO - Sync 1 DAGs
[2024-10-06T04:48:13.915+0000] {logging_mixin.py:190} INFO - [2024-10-06T04:48:13.915+0000] {dag.py:4180} INFO - Setting next_dagrun for latest_only_with_trigger to 2024-10-06 00:00:00+00:00, run_after=2024-10-06 04:00:00+00:00
[2024-10-06T04:48:13.933+0000] {processor.py:208} INFO - Processing /home/airflow/.local/lib/python3.12/site-packages/airflow/example_dags/example_latest_only_with_trigger.py took 0.064 seconds
[2024-10-06T04:48:44.280+0000] {processor.py:186} INFO - Started process (PID=2993) to work on /home/airflow/.local/lib/python3.12/site-packages/airflow/example_dags/example_latest_only_with_trigger.py
[2024-10-06T04:48:44.281+0000] {processor.py:914} INFO - Processing file /home/airflow/.local/lib/python3.12/site-packages/airflow/example_dags/example_latest_only_with_trigger.py for tasks to queue
[2024-10-06T04:48:44.282+0000] {logging_mixin.py:190} INFO - [2024-10-06T04:48:44.281+0000] {dagbag.py:588} INFO - Filling up the DagBag from /home/airflow/.local/lib/python3.12/site-packages/airflow/example_dags/example_latest_only_with_trigger.py
[2024-10-06T04:48:44.288+0000] {processor.py:925} INFO - DAG(s) 'latest_only_with_trigger' retrieved from /home/airflow/.local/lib/python3.12/site-packages/airflow/example_dags/example_latest_only_with_trigger.py
[2024-10-06T04:48:44.307+0000] {logging_mixin.py:190} INFO - [2024-10-06T04:48:44.307+0000] {dag.py:3239} INFO - Sync 1 DAGs
[2024-10-06T04:48:44.333+0000] {logging_mixin.py:190} INFO - [2024-10-06T04:48:44.333+0000] {dag.py:4180} INFO - Setting next_dagrun for latest_only_with_trigger to 2024-10-06 00:00:00+00:00, run_after=2024-10-06 04:00:00+00:00
[2024-10-06T04:48:44.368+0000] {processor.py:208} INFO - Processing /home/airflow/.local/lib/python3.12/site-packages/airflow/example_dags/example_latest_only_with_trigger.py took 0.092 seconds
[2024-10-06T04:49:14.896+0000] {processor.py:186} INFO - Started process (PID=3057) to work on /home/airflow/.local/lib/python3.12/site-packages/airflow/example_dags/example_latest_only_with_trigger.py
[2024-10-06T04:49:14.896+0000] {processor.py:914} INFO - Processing file /home/airflow/.local/lib/python3.12/site-packages/airflow/example_dags/example_latest_only_with_trigger.py for tasks to queue
[2024-10-06T04:49:14.897+0000] {logging_mixin.py:190} INFO - [2024-10-06T04:49:14.897+0000] {dagbag.py:588} INFO - Filling up the DagBag from /home/airflow/.local/lib/python3.12/site-packages/airflow/example_dags/example_latest_only_with_trigger.py
[2024-10-06T04:49:14.903+0000] {processor.py:925} INFO - DAG(s) 'latest_only_with_trigger' retrieved from /home/airflow/.local/lib/python3.12/site-packages/airflow/example_dags/example_latest_only_with_trigger.py
[2024-10-06T04:49:14.920+0000] {logging_mixin.py:190} INFO - [2024-10-06T04:49:14.920+0000] {dag.py:3239} INFO - Sync 1 DAGs
[2024-10-06T04:49:14.940+0000] {logging_mixin.py:190} INFO - [2024-10-06T04:49:14.939+0000] {dag.py:4180} INFO - Setting next_dagrun for latest_only_with_trigger to 2024-10-06 00:00:00+00:00, run_after=2024-10-06 04:00:00+00:00
[2024-10-06T04:49:14.958+0000] {processor.py:208} INFO - Processing /home/airflow/.local/lib/python3.12/site-packages/airflow/example_dags/example_latest_only_with_trigger.py took 0.067 seconds
[2024-10-06T04:49:45.443+0000] {processor.py:186} INFO - Started process (PID=3120) to work on /home/airflow/.local/lib/python3.12/site-packages/airflow/example_dags/example_latest_only_with_trigger.py
[2024-10-06T04:49:45.444+0000] {processor.py:914} INFO - Processing file /home/airflow/.local/lib/python3.12/site-packages/airflow/example_dags/example_latest_only_with_trigger.py for tasks to queue
[2024-10-06T04:49:45.445+0000] {logging_mixin.py:190} INFO - [2024-10-06T04:49:45.445+0000] {dagbag.py:588} INFO - Filling up the DagBag from /home/airflow/.local/lib/python3.12/site-packages/airflow/example_dags/example_latest_only_with_trigger.py
[2024-10-06T04:49:45.452+0000] {processor.py:925} INFO - DAG(s) 'latest_only_with_trigger' retrieved from /home/airflow/.local/lib/python3.12/site-packages/airflow/example_dags/example_latest_only_with_trigger.py
[2024-10-06T04:49:45.467+0000] {logging_mixin.py:190} INFO - [2024-10-06T04:49:45.467+0000] {dag.py:3239} INFO - Sync 1 DAGs
[2024-10-06T04:49:45.484+0000] {logging_mixin.py:190} INFO - [2024-10-06T04:49:45.484+0000] {dag.py:4180} INFO - Setting next_dagrun for latest_only_with_trigger to 2024-10-06 00:00:00+00:00, run_after=2024-10-06 04:00:00+00:00
[2024-10-06T04:49:45.501+0000] {processor.py:208} INFO - Processing /home/airflow/.local/lib/python3.12/site-packages/airflow/example_dags/example_latest_only_with_trigger.py took 0.062 seconds
[2024-10-06T04:50:15.846+0000] {processor.py:186} INFO - Started process (PID=3183) to work on /home/airflow/.local/lib/python3.12/site-packages/airflow/example_dags/example_latest_only_with_trigger.py
[2024-10-06T04:50:15.847+0000] {processor.py:914} INFO - Processing file /home/airflow/.local/lib/python3.12/site-packages/airflow/example_dags/example_latest_only_with_trigger.py for tasks to queue
[2024-10-06T04:50:15.848+0000] {logging_mixin.py:190} INFO - [2024-10-06T04:50:15.847+0000] {dagbag.py:588} INFO - Filling up the DagBag from /home/airflow/.local/lib/python3.12/site-packages/airflow/example_dags/example_latest_only_with_trigger.py
[2024-10-06T04:50:15.855+0000] {processor.py:925} INFO - DAG(s) 'latest_only_with_trigger' retrieved from /home/airflow/.local/lib/python3.12/site-packages/airflow/example_dags/example_latest_only_with_trigger.py
[2024-10-06T04:50:15.872+0000] {logging_mixin.py:190} INFO - [2024-10-06T04:50:15.872+0000] {dag.py:3239} INFO - Sync 1 DAGs
[2024-10-06T04:50:15.891+0000] {logging_mixin.py:190} INFO - [2024-10-06T04:50:15.890+0000] {dag.py:4180} INFO - Setting next_dagrun for latest_only_with_trigger to 2024-10-06 00:00:00+00:00, run_after=2024-10-06 04:00:00+00:00
[2024-10-06T04:50:15.915+0000] {processor.py:208} INFO - Processing /home/airflow/.local/lib/python3.12/site-packages/airflow/example_dags/example_latest_only_with_trigger.py took 0.075 seconds
[2024-10-06T04:50:46.073+0000] {processor.py:186} INFO - Started process (PID=3245) to work on /home/airflow/.local/lib/python3.12/site-packages/airflow/example_dags/example_latest_only_with_trigger.py
[2024-10-06T04:50:46.073+0000] {processor.py:914} INFO - Processing file /home/airflow/.local/lib/python3.12/site-packages/airflow/example_dags/example_latest_only_with_trigger.py for tasks to queue
[2024-10-06T04:50:46.075+0000] {logging_mixin.py:190} INFO - [2024-10-06T04:50:46.074+0000] {dagbag.py:588} INFO - Filling up the DagBag from /home/airflow/.local/lib/python3.12/site-packages/airflow/example_dags/example_latest_only_with_trigger.py
[2024-10-06T04:50:46.084+0000] {processor.py:925} INFO - DAG(s) 'latest_only_with_trigger' retrieved from /home/airflow/.local/lib/python3.12/site-packages/airflow/example_dags/example_latest_only_with_trigger.py
[2024-10-06T04:50:46.104+0000] {logging_mixin.py:190} INFO - [2024-10-06T04:50:46.104+0000] {dag.py:3239} INFO - Sync 1 DAGs
[2024-10-06T04:50:46.130+0000] {logging_mixin.py:190} INFO - [2024-10-06T04:50:46.130+0000] {dag.py:4180} INFO - Setting next_dagrun for latest_only_with_trigger to 2024-10-06 00:00:00+00:00, run_after=2024-10-06 04:00:00+00:00
[2024-10-06T04:50:46.151+0000] {processor.py:208} INFO - Processing /home/airflow/.local/lib/python3.12/site-packages/airflow/example_dags/example_latest_only_with_trigger.py took 0.084 seconds
[2024-10-06T04:51:16.610+0000] {processor.py:186} INFO - Started process (PID=3308) to work on /home/airflow/.local/lib/python3.12/site-packages/airflow/example_dags/example_latest_only_with_trigger.py
[2024-10-06T04:51:16.611+0000] {processor.py:914} INFO - Processing file /home/airflow/.local/lib/python3.12/site-packages/airflow/example_dags/example_latest_only_with_trigger.py for tasks to queue
[2024-10-06T04:51:16.612+0000] {logging_mixin.py:190} INFO - [2024-10-06T04:51:16.612+0000] {dagbag.py:588} INFO - Filling up the DagBag from /home/airflow/.local/lib/python3.12/site-packages/airflow/example_dags/example_latest_only_with_trigger.py
[2024-10-06T04:51:16.621+0000] {processor.py:925} INFO - DAG(s) 'latest_only_with_trigger' retrieved from /home/airflow/.local/lib/python3.12/site-packages/airflow/example_dags/example_latest_only_with_trigger.py
[2024-10-06T04:51:16.641+0000] {logging_mixin.py:190} INFO - [2024-10-06T04:51:16.641+0000] {dag.py:3239} INFO - Sync 1 DAGs
[2024-10-06T04:51:16.665+0000] {logging_mixin.py:190} INFO - [2024-10-06T04:51:16.665+0000] {dag.py:4180} INFO - Setting next_dagrun for latest_only_with_trigger to 2024-10-06 00:00:00+00:00, run_after=2024-10-06 04:00:00+00:00
[2024-10-06T04:51:16.689+0000] {processor.py:208} INFO - Processing /home/airflow/.local/lib/python3.12/site-packages/airflow/example_dags/example_latest_only_with_trigger.py took 0.084 seconds
[2024-10-06T04:51:46.895+0000] {processor.py:186} INFO - Started process (PID=3371) to work on /home/airflow/.local/lib/python3.12/site-packages/airflow/example_dags/example_latest_only_with_trigger.py
[2024-10-06T04:51:46.895+0000] {processor.py:914} INFO - Processing file /home/airflow/.local/lib/python3.12/site-packages/airflow/example_dags/example_latest_only_with_trigger.py for tasks to queue
[2024-10-06T04:51:46.896+0000] {logging_mixin.py:190} INFO - [2024-10-06T04:51:46.896+0000] {dagbag.py:588} INFO - Filling up the DagBag from /home/airflow/.local/lib/python3.12/site-packages/airflow/example_dags/example_latest_only_with_trigger.py
[2024-10-06T04:51:46.903+0000] {processor.py:925} INFO - DAG(s) 'latest_only_with_trigger' retrieved from /home/airflow/.local/lib/python3.12/site-packages/airflow/example_dags/example_latest_only_with_trigger.py
[2024-10-06T04:51:46.922+0000] {logging_mixin.py:190} INFO - [2024-10-06T04:51:46.922+0000] {dag.py:3239} INFO - Sync 1 DAGs
[2024-10-06T04:51:46.946+0000] {logging_mixin.py:190} INFO - [2024-10-06T04:51:46.945+0000] {dag.py:4180} INFO - Setting next_dagrun for latest_only_with_trigger to 2024-10-06 00:00:00+00:00, run_after=2024-10-06 04:00:00+00:00
[2024-10-06T04:51:46.968+0000] {processor.py:208} INFO - Processing /home/airflow/.local/lib/python3.12/site-packages/airflow/example_dags/example_latest_only_with_trigger.py took 0.077 seconds
[2024-10-06T04:52:17.254+0000] {processor.py:186} INFO - Started process (PID=3434) to work on /home/airflow/.local/lib/python3.12/site-packages/airflow/example_dags/example_latest_only_with_trigger.py
[2024-10-06T04:52:17.255+0000] {processor.py:914} INFO - Processing file /home/airflow/.local/lib/python3.12/site-packages/airflow/example_dags/example_latest_only_with_trigger.py for tasks to queue
[2024-10-06T04:52:17.256+0000] {logging_mixin.py:190} INFO - [2024-10-06T04:52:17.256+0000] {dagbag.py:588} INFO - Filling up the DagBag from /home/airflow/.local/lib/python3.12/site-packages/airflow/example_dags/example_latest_only_with_trigger.py
[2024-10-06T04:52:17.262+0000] {processor.py:925} INFO - DAG(s) 'latest_only_with_trigger' retrieved from /home/airflow/.local/lib/python3.12/site-packages/airflow/example_dags/example_latest_only_with_trigger.py
[2024-10-06T04:52:17.281+0000] {logging_mixin.py:190} INFO - [2024-10-06T04:52:17.281+0000] {dag.py:3239} INFO - Sync 1 DAGs
[2024-10-06T04:52:17.304+0000] {logging_mixin.py:190} INFO - [2024-10-06T04:52:17.304+0000] {dag.py:4180} INFO - Setting next_dagrun for latest_only_with_trigger to 2024-10-06 00:00:00+00:00, run_after=2024-10-06 04:00:00+00:00
[2024-10-06T04:52:17.327+0000] {processor.py:208} INFO - Processing /home/airflow/.local/lib/python3.12/site-packages/airflow/example_dags/example_latest_only_with_trigger.py took 0.077 seconds
[2024-10-06T04:52:47.426+0000] {processor.py:186} INFO - Started process (PID=3498) to work on /home/airflow/.local/lib/python3.12/site-packages/airflow/example_dags/example_latest_only_with_trigger.py
[2024-10-06T04:52:47.426+0000] {processor.py:914} INFO - Processing file /home/airflow/.local/lib/python3.12/site-packages/airflow/example_dags/example_latest_only_with_trigger.py for tasks to queue
[2024-10-06T04:52:47.427+0000] {logging_mixin.py:190} INFO - [2024-10-06T04:52:47.427+0000] {dagbag.py:588} INFO - Filling up the DagBag from /home/airflow/.local/lib/python3.12/site-packages/airflow/example_dags/example_latest_only_with_trigger.py
[2024-10-06T04:52:47.434+0000] {processor.py:925} INFO - DAG(s) 'latest_only_with_trigger' retrieved from /home/airflow/.local/lib/python3.12/site-packages/airflow/example_dags/example_latest_only_with_trigger.py
[2024-10-06T04:52:47.454+0000] {logging_mixin.py:190} INFO - [2024-10-06T04:52:47.454+0000] {dag.py:3239} INFO - Sync 1 DAGs
[2024-10-06T04:52:47.474+0000] {logging_mixin.py:190} INFO - [2024-10-06T04:52:47.473+0000] {dag.py:4180} INFO - Setting next_dagrun for latest_only_with_trigger to 2024-10-06 00:00:00+00:00, run_after=2024-10-06 04:00:00+00:00
[2024-10-06T04:52:47.493+0000] {processor.py:208} INFO - Processing /home/airflow/.local/lib/python3.12/site-packages/airflow/example_dags/example_latest_only_with_trigger.py took 0.071 seconds
[2024-10-06T04:53:17.873+0000] {processor.py:186} INFO - Started process (PID=3561) to work on /home/airflow/.local/lib/python3.12/site-packages/airflow/example_dags/example_latest_only_with_trigger.py
[2024-10-06T04:53:17.873+0000] {processor.py:914} INFO - Processing file /home/airflow/.local/lib/python3.12/site-packages/airflow/example_dags/example_latest_only_with_trigger.py for tasks to queue
[2024-10-06T04:53:17.874+0000] {logging_mixin.py:190} INFO - [2024-10-06T04:53:17.874+0000] {dagbag.py:588} INFO - Filling up the DagBag from /home/airflow/.local/lib/python3.12/site-packages/airflow/example_dags/example_latest_only_with_trigger.py
[2024-10-06T04:53:17.880+0000] {processor.py:925} INFO - DAG(s) 'latest_only_with_trigger' retrieved from /home/airflow/.local/lib/python3.12/site-packages/airflow/example_dags/example_latest_only_with_trigger.py
[2024-10-06T04:53:17.895+0000] {logging_mixin.py:190} INFO - [2024-10-06T04:53:17.895+0000] {dag.py:3239} INFO - Sync 1 DAGs
[2024-10-06T04:53:17.913+0000] {logging_mixin.py:190} INFO - [2024-10-06T04:53:17.913+0000] {dag.py:4180} INFO - Setting next_dagrun for latest_only_with_trigger to 2024-10-06 00:00:00+00:00, run_after=2024-10-06 04:00:00+00:00
[2024-10-06T04:53:17.931+0000] {processor.py:208} INFO - Processing /home/airflow/.local/lib/python3.12/site-packages/airflow/example_dags/example_latest_only_with_trigger.py took 0.063 seconds
[2024-10-06T04:53:48.232+0000] {processor.py:186} INFO - Started process (PID=3624) to work on /home/airflow/.local/lib/python3.12/site-packages/airflow/example_dags/example_latest_only_with_trigger.py
[2024-10-06T04:53:48.233+0000] {processor.py:914} INFO - Processing file /home/airflow/.local/lib/python3.12/site-packages/airflow/example_dags/example_latest_only_with_trigger.py for tasks to queue
[2024-10-06T04:53:48.234+0000] {logging_mixin.py:190} INFO - [2024-10-06T04:53:48.233+0000] {dagbag.py:588} INFO - Filling up the DagBag from /home/airflow/.local/lib/python3.12/site-packages/airflow/example_dags/example_latest_only_with_trigger.py
[2024-10-06T04:53:48.240+0000] {processor.py:925} INFO - DAG(s) 'latest_only_with_trigger' retrieved from /home/airflow/.local/lib/python3.12/site-packages/airflow/example_dags/example_latest_only_with_trigger.py
[2024-10-06T04:53:48.260+0000] {logging_mixin.py:190} INFO - [2024-10-06T04:53:48.260+0000] {dag.py:3239} INFO - Sync 1 DAGs
[2024-10-06T04:53:48.284+0000] {logging_mixin.py:190} INFO - [2024-10-06T04:53:48.283+0000] {dag.py:4180} INFO - Setting next_dagrun for latest_only_with_trigger to 2024-10-06 00:00:00+00:00, run_after=2024-10-06 04:00:00+00:00
[2024-10-06T04:53:48.301+0000] {processor.py:208} INFO - Processing /home/airflow/.local/lib/python3.12/site-packages/airflow/example_dags/example_latest_only_with_trigger.py took 0.074 seconds
[2024-10-06T04:54:19.258+0000] {processor.py:186} INFO - Started process (PID=3687) to work on /home/airflow/.local/lib/python3.12/site-packages/airflow/example_dags/example_latest_only_with_trigger.py
[2024-10-06T04:54:19.259+0000] {processor.py:914} INFO - Processing file /home/airflow/.local/lib/python3.12/site-packages/airflow/example_dags/example_latest_only_with_trigger.py for tasks to queue
[2024-10-06T04:54:19.260+0000] {logging_mixin.py:190} INFO - [2024-10-06T04:54:19.260+0000] {dagbag.py:588} INFO - Filling up the DagBag from /home/airflow/.local/lib/python3.12/site-packages/airflow/example_dags/example_latest_only_with_trigger.py
[2024-10-06T04:54:19.267+0000] {processor.py:925} INFO - DAG(s) 'latest_only_with_trigger' retrieved from /home/airflow/.local/lib/python3.12/site-packages/airflow/example_dags/example_latest_only_with_trigger.py
[2024-10-06T04:54:19.285+0000] {logging_mixin.py:190} INFO - [2024-10-06T04:54:19.284+0000] {dag.py:3239} INFO - Sync 1 DAGs
[2024-10-06T04:54:19.303+0000] {logging_mixin.py:190} INFO - [2024-10-06T04:54:19.303+0000] {dag.py:4180} INFO - Setting next_dagrun for latest_only_with_trigger to 2024-10-06 00:00:00+00:00, run_after=2024-10-06 04:00:00+00:00
[2024-10-06T04:54:19.324+0000] {processor.py:208} INFO - Processing /home/airflow/.local/lib/python3.12/site-packages/airflow/example_dags/example_latest_only_with_trigger.py took 0.070 seconds
[2024-10-06T04:54:49.479+0000] {processor.py:186} INFO - Started process (PID=3750) to work on /home/airflow/.local/lib/python3.12/site-packages/airflow/example_dags/example_latest_only_with_trigger.py
[2024-10-06T04:54:49.480+0000] {processor.py:914} INFO - Processing file /home/airflow/.local/lib/python3.12/site-packages/airflow/example_dags/example_latest_only_with_trigger.py for tasks to queue
[2024-10-06T04:54:49.480+0000] {logging_mixin.py:190} INFO - [2024-10-06T04:54:49.480+0000] {dagbag.py:588} INFO - Filling up the DagBag from /home/airflow/.local/lib/python3.12/site-packages/airflow/example_dags/example_latest_only_with_trigger.py
[2024-10-06T04:54:49.487+0000] {processor.py:925} INFO - DAG(s) 'latest_only_with_trigger' retrieved from /home/airflow/.local/lib/python3.12/site-packages/airflow/example_dags/example_latest_only_with_trigger.py
[2024-10-06T04:54:49.502+0000] {logging_mixin.py:190} INFO - [2024-10-06T04:54:49.502+0000] {dag.py:3239} INFO - Sync 1 DAGs
[2024-10-06T04:54:49.519+0000] {logging_mixin.py:190} INFO - [2024-10-06T04:54:49.519+0000] {dag.py:4180} INFO - Setting next_dagrun for latest_only_with_trigger to 2024-10-06 00:00:00+00:00, run_after=2024-10-06 04:00:00+00:00
[2024-10-06T04:54:49.537+0000] {processor.py:208} INFO - Processing /home/airflow/.local/lib/python3.12/site-packages/airflow/example_dags/example_latest_only_with_trigger.py took 0.063 seconds
[2024-10-06T04:55:20.033+0000] {processor.py:186} INFO - Started process (PID=3820) to work on /home/airflow/.local/lib/python3.12/site-packages/airflow/example_dags/example_latest_only_with_trigger.py
[2024-10-06T04:55:20.034+0000] {processor.py:914} INFO - Processing file /home/airflow/.local/lib/python3.12/site-packages/airflow/example_dags/example_latest_only_with_trigger.py for tasks to queue
[2024-10-06T04:55:20.034+0000] {logging_mixin.py:190} INFO - [2024-10-06T04:55:20.034+0000] {dagbag.py:588} INFO - Filling up the DagBag from /home/airflow/.local/lib/python3.12/site-packages/airflow/example_dags/example_latest_only_with_trigger.py
[2024-10-06T04:55:20.041+0000] {processor.py:925} INFO - DAG(s) 'latest_only_with_trigger' retrieved from /home/airflow/.local/lib/python3.12/site-packages/airflow/example_dags/example_latest_only_with_trigger.py
[2024-10-06T04:55:20.060+0000] {logging_mixin.py:190} INFO - [2024-10-06T04:55:20.060+0000] {dag.py:3239} INFO - Sync 1 DAGs
[2024-10-06T04:55:20.086+0000] {logging_mixin.py:190} INFO - [2024-10-06T04:55:20.085+0000] {dag.py:4180} INFO - Setting next_dagrun for latest_only_with_trigger to 2024-10-06 00:00:00+00:00, run_after=2024-10-06 04:00:00+00:00
[2024-10-06T04:55:20.106+0000] {processor.py:208} INFO - Processing /home/airflow/.local/lib/python3.12/site-packages/airflow/example_dags/example_latest_only_with_trigger.py took 0.078 seconds
[2024-10-06T04:55:50.573+0000] {processor.py:186} INFO - Started process (PID=3884) to work on /home/airflow/.local/lib/python3.12/site-packages/airflow/example_dags/example_latest_only_with_trigger.py
[2024-10-06T04:55:50.574+0000] {processor.py:914} INFO - Processing file /home/airflow/.local/lib/python3.12/site-packages/airflow/example_dags/example_latest_only_with_trigger.py for tasks to queue
[2024-10-06T04:55:50.575+0000] {logging_mixin.py:190} INFO - [2024-10-06T04:55:50.574+0000] {dagbag.py:588} INFO - Filling up the DagBag from /home/airflow/.local/lib/python3.12/site-packages/airflow/example_dags/example_latest_only_with_trigger.py
[2024-10-06T04:55:50.585+0000] {processor.py:925} INFO - DAG(s) 'latest_only_with_trigger' retrieved from /home/airflow/.local/lib/python3.12/site-packages/airflow/example_dags/example_latest_only_with_trigger.py
[2024-10-06T04:55:50.608+0000] {logging_mixin.py:190} INFO - [2024-10-06T04:55:50.608+0000] {dag.py:3239} INFO - Sync 1 DAGs
[2024-10-06T04:55:50.628+0000] {logging_mixin.py:190} INFO - [2024-10-06T04:55:50.628+0000] {dag.py:4180} INFO - Setting next_dagrun for latest_only_with_trigger to 2024-10-06 00:00:00+00:00, run_after=2024-10-06 04:00:00+00:00
[2024-10-06T04:55:50.648+0000] {processor.py:208} INFO - Processing /home/airflow/.local/lib/python3.12/site-packages/airflow/example_dags/example_latest_only_with_trigger.py took 0.081 seconds
[2024-10-06T04:56:20.914+0000] {processor.py:186} INFO - Started process (PID=3948) to work on /home/airflow/.local/lib/python3.12/site-packages/airflow/example_dags/example_latest_only_with_trigger.py
[2024-10-06T04:56:20.914+0000] {processor.py:914} INFO - Processing file /home/airflow/.local/lib/python3.12/site-packages/airflow/example_dags/example_latest_only_with_trigger.py for tasks to queue
[2024-10-06T04:56:20.915+0000] {logging_mixin.py:190} INFO - [2024-10-06T04:56:20.915+0000] {dagbag.py:588} INFO - Filling up the DagBag from /home/airflow/.local/lib/python3.12/site-packages/airflow/example_dags/example_latest_only_with_trigger.py
[2024-10-06T04:56:20.922+0000] {processor.py:925} INFO - DAG(s) 'latest_only_with_trigger' retrieved from /home/airflow/.local/lib/python3.12/site-packages/airflow/example_dags/example_latest_only_with_trigger.py
[2024-10-06T04:56:20.940+0000] {logging_mixin.py:190} INFO - [2024-10-06T04:56:20.940+0000] {dag.py:3239} INFO - Sync 1 DAGs
[2024-10-06T04:56:20.964+0000] {logging_mixin.py:190} INFO - [2024-10-06T04:56:20.964+0000] {dag.py:4180} INFO - Setting next_dagrun for latest_only_with_trigger to 2024-10-06 00:00:00+00:00, run_after=2024-10-06 04:00:00+00:00
[2024-10-06T04:56:20.986+0000] {processor.py:208} INFO - Processing /home/airflow/.local/lib/python3.12/site-packages/airflow/example_dags/example_latest_only_with_trigger.py took 0.077 seconds
[2024-10-06T04:56:51.337+0000] {processor.py:186} INFO - Started process (PID=4012) to work on /home/airflow/.local/lib/python3.12/site-packages/airflow/example_dags/example_latest_only_with_trigger.py
[2024-10-06T04:56:51.337+0000] {processor.py:914} INFO - Processing file /home/airflow/.local/lib/python3.12/site-packages/airflow/example_dags/example_latest_only_with_trigger.py for tasks to queue
[2024-10-06T04:56:51.338+0000] {logging_mixin.py:190} INFO - [2024-10-06T04:56:51.338+0000] {dagbag.py:588} INFO - Filling up the DagBag from /home/airflow/.local/lib/python3.12/site-packages/airflow/example_dags/example_latest_only_with_trigger.py
[2024-10-06T04:56:51.347+0000] {processor.py:925} INFO - DAG(s) 'latest_only_with_trigger' retrieved from /home/airflow/.local/lib/python3.12/site-packages/airflow/example_dags/example_latest_only_with_trigger.py
[2024-10-06T04:56:51.364+0000] {logging_mixin.py:190} INFO - [2024-10-06T04:56:51.364+0000] {dag.py:3239} INFO - Sync 1 DAGs
[2024-10-06T04:56:51.384+0000] {logging_mixin.py:190} INFO - [2024-10-06T04:56:51.384+0000] {dag.py:4180} INFO - Setting next_dagrun for latest_only_with_trigger to 2024-10-06 00:00:00+00:00, run_after=2024-10-06 04:00:00+00:00
[2024-10-06T04:56:51.404+0000] {processor.py:208} INFO - Processing /home/airflow/.local/lib/python3.12/site-packages/airflow/example_dags/example_latest_only_with_trigger.py took 0.072 seconds
[2024-10-06T04:57:21.928+0000] {processor.py:186} INFO - Started process (PID=4076) to work on /home/airflow/.local/lib/python3.12/site-packages/airflow/example_dags/example_latest_only_with_trigger.py
[2024-10-06T04:57:21.929+0000] {processor.py:914} INFO - Processing file /home/airflow/.local/lib/python3.12/site-packages/airflow/example_dags/example_latest_only_with_trigger.py for tasks to queue
[2024-10-06T04:57:21.930+0000] {logging_mixin.py:190} INFO - [2024-10-06T04:57:21.930+0000] {dagbag.py:588} INFO - Filling up the DagBag from /home/airflow/.local/lib/python3.12/site-packages/airflow/example_dags/example_latest_only_with_trigger.py
[2024-10-06T04:57:21.939+0000] {processor.py:925} INFO - DAG(s) 'latest_only_with_trigger' retrieved from /home/airflow/.local/lib/python3.12/site-packages/airflow/example_dags/example_latest_only_with_trigger.py
[2024-10-06T04:57:21.956+0000] {logging_mixin.py:190} INFO - [2024-10-06T04:57:21.956+0000] {dag.py:3239} INFO - Sync 1 DAGs
[2024-10-06T04:57:21.977+0000] {logging_mixin.py:190} INFO - [2024-10-06T04:57:21.977+0000] {dag.py:4180} INFO - Setting next_dagrun for latest_only_with_trigger to 2024-10-06 00:00:00+00:00, run_after=2024-10-06 04:00:00+00:00
[2024-10-06T04:57:22.001+0000] {processor.py:208} INFO - Processing /home/airflow/.local/lib/python3.12/site-packages/airflow/example_dags/example_latest_only_with_trigger.py took 0.079 seconds
[2024-10-06T04:57:52.351+0000] {processor.py:186} INFO - Started process (PID=4140) to work on /home/airflow/.local/lib/python3.12/site-packages/airflow/example_dags/example_latest_only_with_trigger.py
[2024-10-06T04:57:52.351+0000] {processor.py:914} INFO - Processing file /home/airflow/.local/lib/python3.12/site-packages/airflow/example_dags/example_latest_only_with_trigger.py for tasks to queue
[2024-10-06T04:57:52.352+0000] {logging_mixin.py:190} INFO - [2024-10-06T04:57:52.352+0000] {dagbag.py:588} INFO - Filling up the DagBag from /home/airflow/.local/lib/python3.12/site-packages/airflow/example_dags/example_latest_only_with_trigger.py
[2024-10-06T04:57:52.359+0000] {processor.py:925} INFO - DAG(s) 'latest_only_with_trigger' retrieved from /home/airflow/.local/lib/python3.12/site-packages/airflow/example_dags/example_latest_only_with_trigger.py
[2024-10-06T04:57:52.376+0000] {logging_mixin.py:190} INFO - [2024-10-06T04:57:52.376+0000] {dag.py:3239} INFO - Sync 1 DAGs
[2024-10-06T04:57:52.394+0000] {logging_mixin.py:190} INFO - [2024-10-06T04:57:52.394+0000] {dag.py:4180} INFO - Setting next_dagrun for latest_only_with_trigger to 2024-10-06 00:00:00+00:00, run_after=2024-10-06 04:00:00+00:00
[2024-10-06T04:57:52.412+0000] {processor.py:208} INFO - Processing /home/airflow/.local/lib/python3.12/site-packages/airflow/example_dags/example_latest_only_with_trigger.py took 0.066 seconds
