[2024-10-06T04:25:23.461+0000] {processor.py:186} INFO - Started process (PID=105) to work on /home/airflow/.local/lib/python3.12/site-packages/airflow/example_dags/example_setup_teardown.py
[2024-10-06T04:25:23.462+0000] {processor.py:914} INFO - Processing file /home/airflow/.local/lib/python3.12/site-packages/airflow/example_dags/example_setup_teardown.py for tasks to queue
[2024-10-06T04:25:23.464+0000] {logging_mixin.py:190} INFO - [2024-10-06T04:25:23.464+0000] {dagbag.py:588} INFO - Filling up the DagBag from /home/airflow/.local/lib/python3.12/site-packages/airflow/example_dags/example_setup_teardown.py
[2024-10-06T04:25:23.474+0000] {processor.py:925} INFO - DAG(s) 'example_setup_teardown' retrieved from /home/airflow/.local/lib/python3.12/site-packages/airflow/example_dags/example_setup_teardown.py
[2024-10-06T04:25:23.600+0000] {logging_mixin.py:190} INFO - [2024-10-06T04:25:23.599+0000] {override.py:1900} INFO - Created Permission View: can edit on DAG:example_setup_teardown
[2024-10-06T04:25:23.613+0000] {logging_mixin.py:190} INFO - [2024-10-06T04:25:23.613+0000] {override.py:1900} INFO - Created Permission View: can delete on DAG:example_setup_teardown
[2024-10-06T04:25:23.622+0000] {logging_mixin.py:190} INFO - [2024-10-06T04:25:23.622+0000] {override.py:1900} INFO - Created Permission View: can read on DAG:example_setup_teardown
[2024-10-06T04:25:23.635+0000] {logging_mixin.py:190} INFO - [2024-10-06T04:25:23.635+0000] {override.py:1900} INFO - Created Permission View: can delete on DAG Run:example_setup_teardown
[2024-10-06T04:25:23.647+0000] {logging_mixin.py:190} INFO - [2024-10-06T04:25:23.646+0000] {override.py:1900} INFO - Created Permission View: can create on DAG Run:example_setup_teardown
[2024-10-06T04:25:23.656+0000] {logging_mixin.py:190} INFO - [2024-10-06T04:25:23.656+0000] {override.py:1900} INFO - Created Permission View: menu access on DAG Run:example_setup_teardown
[2024-10-06T04:25:23.665+0000] {logging_mixin.py:190} INFO - [2024-10-06T04:25:23.665+0000] {override.py:1900} INFO - Created Permission View: can read on DAG Run:example_setup_teardown
[2024-10-06T04:25:23.666+0000] {logging_mixin.py:190} INFO - [2024-10-06T04:25:23.665+0000] {dag.py:3239} INFO - Sync 1 DAGs
[2024-10-06T04:25:23.680+0000] {logging_mixin.py:190} INFO - [2024-10-06T04:25:23.680+0000] {dag.py:3262} INFO - Creating ORM DAG for example_setup_teardown
[2024-10-06T04:25:23.681+0000] {logging_mixin.py:190} INFO - [2024-10-06T04:25:23.681+0000] {dag.py:4180} INFO - Setting next_dagrun for example_setup_teardown to None, run_after=None
[2024-10-06T04:25:23.697+0000] {processor.py:208} INFO - Processing /home/airflow/.local/lib/python3.12/site-packages/airflow/example_dags/example_setup_teardown.py took 0.242 seconds
[2024-10-06T04:25:54.295+0000] {processor.py:186} INFO - Started process (PID=168) to work on /home/airflow/.local/lib/python3.12/site-packages/airflow/example_dags/example_setup_teardown.py
[2024-10-06T04:25:54.296+0000] {processor.py:914} INFO - Processing file /home/airflow/.local/lib/python3.12/site-packages/airflow/example_dags/example_setup_teardown.py for tasks to queue
[2024-10-06T04:25:54.298+0000] {logging_mixin.py:190} INFO - [2024-10-06T04:25:54.298+0000] {dagbag.py:588} INFO - Filling up the DagBag from /home/airflow/.local/lib/python3.12/site-packages/airflow/example_dags/example_setup_teardown.py
[2024-10-06T04:25:54.305+0000] {processor.py:925} INFO - DAG(s) 'example_setup_teardown' retrieved from /home/airflow/.local/lib/python3.12/site-packages/airflow/example_dags/example_setup_teardown.py
[2024-10-06T04:25:54.323+0000] {logging_mixin.py:190} INFO - [2024-10-06T04:25:54.323+0000] {dag.py:3239} INFO - Sync 1 DAGs
[2024-10-06T04:25:54.337+0000] {logging_mixin.py:190} INFO - [2024-10-06T04:25:54.336+0000] {dag.py:4180} INFO - Setting next_dagrun for example_setup_teardown to None, run_after=None
[2024-10-06T04:25:54.354+0000] {processor.py:208} INFO - Processing /home/airflow/.local/lib/python3.12/site-packages/airflow/example_dags/example_setup_teardown.py took 0.065 seconds
[2024-10-06T04:26:24.564+0000] {processor.py:186} INFO - Started process (PID=230) to work on /home/airflow/.local/lib/python3.12/site-packages/airflow/example_dags/example_setup_teardown.py
[2024-10-06T04:26:24.565+0000] {processor.py:914} INFO - Processing file /home/airflow/.local/lib/python3.12/site-packages/airflow/example_dags/example_setup_teardown.py for tasks to queue
[2024-10-06T04:26:24.567+0000] {logging_mixin.py:190} INFO - [2024-10-06T04:26:24.567+0000] {dagbag.py:588} INFO - Filling up the DagBag from /home/airflow/.local/lib/python3.12/site-packages/airflow/example_dags/example_setup_teardown.py
[2024-10-06T04:26:24.574+0000] {processor.py:925} INFO - DAG(s) 'example_setup_teardown' retrieved from /home/airflow/.local/lib/python3.12/site-packages/airflow/example_dags/example_setup_teardown.py
[2024-10-06T04:26:24.596+0000] {logging_mixin.py:190} INFO - [2024-10-06T04:26:24.595+0000] {dag.py:3239} INFO - Sync 1 DAGs
[2024-10-06T04:26:24.607+0000] {logging_mixin.py:190} INFO - [2024-10-06T04:26:24.607+0000] {dag.py:4180} INFO - Setting next_dagrun for example_setup_teardown to None, run_after=None
[2024-10-06T04:26:24.629+0000] {processor.py:208} INFO - Processing /home/airflow/.local/lib/python3.12/site-packages/airflow/example_dags/example_setup_teardown.py took 0.069 seconds
[2024-10-06T04:26:54.831+0000] {processor.py:186} INFO - Started process (PID=292) to work on /home/airflow/.local/lib/python3.12/site-packages/airflow/example_dags/example_setup_teardown.py
[2024-10-06T04:26:54.832+0000] {processor.py:914} INFO - Processing file /home/airflow/.local/lib/python3.12/site-packages/airflow/example_dags/example_setup_teardown.py for tasks to queue
[2024-10-06T04:26:54.834+0000] {logging_mixin.py:190} INFO - [2024-10-06T04:26:54.834+0000] {dagbag.py:588} INFO - Filling up the DagBag from /home/airflow/.local/lib/python3.12/site-packages/airflow/example_dags/example_setup_teardown.py
[2024-10-06T04:26:54.841+0000] {processor.py:925} INFO - DAG(s) 'example_setup_teardown' retrieved from /home/airflow/.local/lib/python3.12/site-packages/airflow/example_dags/example_setup_teardown.py
[2024-10-06T04:26:54.858+0000] {logging_mixin.py:190} INFO - [2024-10-06T04:26:54.858+0000] {dag.py:3239} INFO - Sync 1 DAGs
[2024-10-06T04:26:54.869+0000] {logging_mixin.py:190} INFO - [2024-10-06T04:26:54.869+0000] {dag.py:4180} INFO - Setting next_dagrun for example_setup_teardown to None, run_after=None
[2024-10-06T04:26:54.885+0000] {processor.py:208} INFO - Processing /home/airflow/.local/lib/python3.12/site-packages/airflow/example_dags/example_setup_teardown.py took 0.059 seconds
[2024-10-06T04:27:25.479+0000] {processor.py:186} INFO - Started process (PID=354) to work on /home/airflow/.local/lib/python3.12/site-packages/airflow/example_dags/example_setup_teardown.py
[2024-10-06T04:27:25.480+0000] {processor.py:914} INFO - Processing file /home/airflow/.local/lib/python3.12/site-packages/airflow/example_dags/example_setup_teardown.py for tasks to queue
[2024-10-06T04:27:25.483+0000] {logging_mixin.py:190} INFO - [2024-10-06T04:27:25.483+0000] {dagbag.py:588} INFO - Filling up the DagBag from /home/airflow/.local/lib/python3.12/site-packages/airflow/example_dags/example_setup_teardown.py
[2024-10-06T04:27:25.492+0000] {processor.py:925} INFO - DAG(s) 'example_setup_teardown' retrieved from /home/airflow/.local/lib/python3.12/site-packages/airflow/example_dags/example_setup_teardown.py
[2024-10-06T04:27:25.513+0000] {logging_mixin.py:190} INFO - [2024-10-06T04:27:25.513+0000] {dag.py:3239} INFO - Sync 1 DAGs
[2024-10-06T04:27:25.528+0000] {logging_mixin.py:190} INFO - [2024-10-06T04:27:25.528+0000] {dag.py:4180} INFO - Setting next_dagrun for example_setup_teardown to None, run_after=None
[2024-10-06T04:27:25.547+0000] {processor.py:208} INFO - Processing /home/airflow/.local/lib/python3.12/site-packages/airflow/example_dags/example_setup_teardown.py took 0.074 seconds
[2024-10-06T04:27:55.732+0000] {processor.py:186} INFO - Started process (PID=416) to work on /home/airflow/.local/lib/python3.12/site-packages/airflow/example_dags/example_setup_teardown.py
[2024-10-06T04:27:55.732+0000] {processor.py:914} INFO - Processing file /home/airflow/.local/lib/python3.12/site-packages/airflow/example_dags/example_setup_teardown.py for tasks to queue
[2024-10-06T04:27:55.734+0000] {logging_mixin.py:190} INFO - [2024-10-06T04:27:55.734+0000] {dagbag.py:588} INFO - Filling up the DagBag from /home/airflow/.local/lib/python3.12/site-packages/airflow/example_dags/example_setup_teardown.py
[2024-10-06T04:27:55.740+0000] {processor.py:925} INFO - DAG(s) 'example_setup_teardown' retrieved from /home/airflow/.local/lib/python3.12/site-packages/airflow/example_dags/example_setup_teardown.py
[2024-10-06T04:27:55.756+0000] {logging_mixin.py:190} INFO - [2024-10-06T04:27:55.756+0000] {dag.py:3239} INFO - Sync 1 DAGs
[2024-10-06T04:27:55.768+0000] {logging_mixin.py:190} INFO - [2024-10-06T04:27:55.768+0000] {dag.py:4180} INFO - Setting next_dagrun for example_setup_teardown to None, run_after=None
[2024-10-06T04:27:55.785+0000] {processor.py:208} INFO - Processing /home/airflow/.local/lib/python3.12/site-packages/airflow/example_dags/example_setup_teardown.py took 0.058 seconds
[2024-10-06T04:28:26.130+0000] {processor.py:186} INFO - Started process (PID=479) to work on /home/airflow/.local/lib/python3.12/site-packages/airflow/example_dags/example_setup_teardown.py
[2024-10-06T04:28:26.131+0000] {processor.py:914} INFO - Processing file /home/airflow/.local/lib/python3.12/site-packages/airflow/example_dags/example_setup_teardown.py for tasks to queue
[2024-10-06T04:28:26.133+0000] {logging_mixin.py:190} INFO - [2024-10-06T04:28:26.133+0000] {dagbag.py:588} INFO - Filling up the DagBag from /home/airflow/.local/lib/python3.12/site-packages/airflow/example_dags/example_setup_teardown.py
[2024-10-06T04:28:26.141+0000] {processor.py:925} INFO - DAG(s) 'example_setup_teardown' retrieved from /home/airflow/.local/lib/python3.12/site-packages/airflow/example_dags/example_setup_teardown.py
[2024-10-06T04:28:26.162+0000] {logging_mixin.py:190} INFO - [2024-10-06T04:28:26.162+0000] {dag.py:3239} INFO - Sync 1 DAGs
[2024-10-06T04:28:26.178+0000] {logging_mixin.py:190} INFO - [2024-10-06T04:28:26.178+0000] {dag.py:4180} INFO - Setting next_dagrun for example_setup_teardown to None, run_after=None
[2024-10-06T04:28:26.202+0000] {processor.py:208} INFO - Processing /home/airflow/.local/lib/python3.12/site-packages/airflow/example_dags/example_setup_teardown.py took 0.076 seconds
[2024-10-06T04:28:56.296+0000] {processor.py:186} INFO - Started process (PID=541) to work on /home/airflow/.local/lib/python3.12/site-packages/airflow/example_dags/example_setup_teardown.py
[2024-10-06T04:28:56.297+0000] {processor.py:914} INFO - Processing file /home/airflow/.local/lib/python3.12/site-packages/airflow/example_dags/example_setup_teardown.py for tasks to queue
[2024-10-06T04:28:56.298+0000] {logging_mixin.py:190} INFO - [2024-10-06T04:28:56.298+0000] {dagbag.py:588} INFO - Filling up the DagBag from /home/airflow/.local/lib/python3.12/site-packages/airflow/example_dags/example_setup_teardown.py
[2024-10-06T04:28:56.304+0000] {processor.py:925} INFO - DAG(s) 'example_setup_teardown' retrieved from /home/airflow/.local/lib/python3.12/site-packages/airflow/example_dags/example_setup_teardown.py
[2024-10-06T04:28:56.322+0000] {logging_mixin.py:190} INFO - [2024-10-06T04:28:56.322+0000] {dag.py:3239} INFO - Sync 1 DAGs
[2024-10-06T04:28:56.337+0000] {logging_mixin.py:190} INFO - [2024-10-06T04:28:56.337+0000] {dag.py:4180} INFO - Setting next_dagrun for example_setup_teardown to None, run_after=None
[2024-10-06T04:28:56.358+0000] {processor.py:208} INFO - Processing /home/airflow/.local/lib/python3.12/site-packages/airflow/example_dags/example_setup_teardown.py took 0.066 seconds
[2024-10-06T04:29:26.590+0000] {processor.py:186} INFO - Started process (PID=603) to work on /home/airflow/.local/lib/python3.12/site-packages/airflow/example_dags/example_setup_teardown.py
[2024-10-06T04:29:26.591+0000] {processor.py:914} INFO - Processing file /home/airflow/.local/lib/python3.12/site-packages/airflow/example_dags/example_setup_teardown.py for tasks to queue
[2024-10-06T04:29:26.593+0000] {logging_mixin.py:190} INFO - [2024-10-06T04:29:26.592+0000] {dagbag.py:588} INFO - Filling up the DagBag from /home/airflow/.local/lib/python3.12/site-packages/airflow/example_dags/example_setup_teardown.py
[2024-10-06T04:29:26.600+0000] {processor.py:925} INFO - DAG(s) 'example_setup_teardown' retrieved from /home/airflow/.local/lib/python3.12/site-packages/airflow/example_dags/example_setup_teardown.py
[2024-10-06T04:29:26.622+0000] {logging_mixin.py:190} INFO - [2024-10-06T04:29:26.622+0000] {dag.py:3239} INFO - Sync 1 DAGs
[2024-10-06T04:29:26.637+0000] {logging_mixin.py:190} INFO - [2024-10-06T04:29:26.637+0000] {dag.py:4180} INFO - Setting next_dagrun for example_setup_teardown to None, run_after=None
[2024-10-06T04:29:26.657+0000] {processor.py:208} INFO - Processing /home/airflow/.local/lib/python3.12/site-packages/airflow/example_dags/example_setup_teardown.py took 0.072 seconds
[2024-10-06T04:29:56.705+0000] {processor.py:186} INFO - Started process (PID=665) to work on /home/airflow/.local/lib/python3.12/site-packages/airflow/example_dags/example_setup_teardown.py
[2024-10-06T04:29:56.706+0000] {processor.py:914} INFO - Processing file /home/airflow/.local/lib/python3.12/site-packages/airflow/example_dags/example_setup_teardown.py for tasks to queue
[2024-10-06T04:29:56.708+0000] {logging_mixin.py:190} INFO - [2024-10-06T04:29:56.708+0000] {dagbag.py:588} INFO - Filling up the DagBag from /home/airflow/.local/lib/python3.12/site-packages/airflow/example_dags/example_setup_teardown.py
[2024-10-06T04:29:56.714+0000] {processor.py:925} INFO - DAG(s) 'example_setup_teardown' retrieved from /home/airflow/.local/lib/python3.12/site-packages/airflow/example_dags/example_setup_teardown.py
[2024-10-06T04:29:56.733+0000] {logging_mixin.py:190} INFO - [2024-10-06T04:29:56.732+0000] {dag.py:3239} INFO - Sync 1 DAGs
[2024-10-06T04:29:56.747+0000] {logging_mixin.py:190} INFO - [2024-10-06T04:29:56.747+0000] {dag.py:4180} INFO - Setting next_dagrun for example_setup_teardown to None, run_after=None
[2024-10-06T04:29:56.766+0000] {processor.py:208} INFO - Processing /home/airflow/.local/lib/python3.12/site-packages/airflow/example_dags/example_setup_teardown.py took 0.065 seconds
[2024-10-06T04:30:26.987+0000] {processor.py:186} INFO - Started process (PID=728) to work on /home/airflow/.local/lib/python3.12/site-packages/airflow/example_dags/example_setup_teardown.py
[2024-10-06T04:30:26.988+0000] {processor.py:914} INFO - Processing file /home/airflow/.local/lib/python3.12/site-packages/airflow/example_dags/example_setup_teardown.py for tasks to queue
[2024-10-06T04:30:26.990+0000] {logging_mixin.py:190} INFO - [2024-10-06T04:30:26.989+0000] {dagbag.py:588} INFO - Filling up the DagBag from /home/airflow/.local/lib/python3.12/site-packages/airflow/example_dags/example_setup_teardown.py
[2024-10-06T04:30:26.996+0000] {processor.py:925} INFO - DAG(s) 'example_setup_teardown' retrieved from /home/airflow/.local/lib/python3.12/site-packages/airflow/example_dags/example_setup_teardown.py
[2024-10-06T04:30:27.012+0000] {logging_mixin.py:190} INFO - [2024-10-06T04:30:27.012+0000] {dag.py:3239} INFO - Sync 1 DAGs
[2024-10-06T04:30:27.024+0000] {logging_mixin.py:190} INFO - [2024-10-06T04:30:27.024+0000] {dag.py:4180} INFO - Setting next_dagrun for example_setup_teardown to None, run_after=None
[2024-10-06T04:30:27.040+0000] {processor.py:208} INFO - Processing /home/airflow/.local/lib/python3.12/site-packages/airflow/example_dags/example_setup_teardown.py took 0.058 seconds
[2024-10-06T04:30:57.275+0000] {processor.py:186} INFO - Started process (PID=791) to work on /home/airflow/.local/lib/python3.12/site-packages/airflow/example_dags/example_setup_teardown.py
[2024-10-06T04:30:57.276+0000] {processor.py:914} INFO - Processing file /home/airflow/.local/lib/python3.12/site-packages/airflow/example_dags/example_setup_teardown.py for tasks to queue
[2024-10-06T04:30:57.278+0000] {logging_mixin.py:190} INFO - [2024-10-06T04:30:57.277+0000] {dagbag.py:588} INFO - Filling up the DagBag from /home/airflow/.local/lib/python3.12/site-packages/airflow/example_dags/example_setup_teardown.py
[2024-10-06T04:30:57.284+0000] {processor.py:925} INFO - DAG(s) 'example_setup_teardown' retrieved from /home/airflow/.local/lib/python3.12/site-packages/airflow/example_dags/example_setup_teardown.py
[2024-10-06T04:30:57.300+0000] {logging_mixin.py:190} INFO - [2024-10-06T04:30:57.300+0000] {dag.py:3239} INFO - Sync 1 DAGs
[2024-10-06T04:30:57.312+0000] {logging_mixin.py:190} INFO - [2024-10-06T04:30:57.312+0000] {dag.py:4180} INFO - Setting next_dagrun for example_setup_teardown to None, run_after=None
[2024-10-06T04:30:57.330+0000] {processor.py:208} INFO - Processing /home/airflow/.local/lib/python3.12/site-packages/airflow/example_dags/example_setup_teardown.py took 0.059 seconds
[2024-10-06T04:31:27.517+0000] {processor.py:186} INFO - Started process (PID=854) to work on /home/airflow/.local/lib/python3.12/site-packages/airflow/example_dags/example_setup_teardown.py
[2024-10-06T04:31:27.518+0000] {processor.py:914} INFO - Processing file /home/airflow/.local/lib/python3.12/site-packages/airflow/example_dags/example_setup_teardown.py for tasks to queue
[2024-10-06T04:31:27.520+0000] {logging_mixin.py:190} INFO - [2024-10-06T04:31:27.519+0000] {dagbag.py:588} INFO - Filling up the DagBag from /home/airflow/.local/lib/python3.12/site-packages/airflow/example_dags/example_setup_teardown.py
[2024-10-06T04:31:27.525+0000] {processor.py:925} INFO - DAG(s) 'example_setup_teardown' retrieved from /home/airflow/.local/lib/python3.12/site-packages/airflow/example_dags/example_setup_teardown.py
[2024-10-06T04:31:27.541+0000] {logging_mixin.py:190} INFO - [2024-10-06T04:31:27.541+0000] {dag.py:3239} INFO - Sync 1 DAGs
[2024-10-06T04:31:27.552+0000] {logging_mixin.py:190} INFO - [2024-10-06T04:31:27.551+0000] {dag.py:4180} INFO - Setting next_dagrun for example_setup_teardown to None, run_after=None
[2024-10-06T04:31:27.569+0000] {processor.py:208} INFO - Processing /home/airflow/.local/lib/python3.12/site-packages/airflow/example_dags/example_setup_teardown.py took 0.056 seconds
[2024-10-06T04:31:57.826+0000] {processor.py:186} INFO - Started process (PID=917) to work on /home/airflow/.local/lib/python3.12/site-packages/airflow/example_dags/example_setup_teardown.py
[2024-10-06T04:31:57.827+0000] {processor.py:914} INFO - Processing file /home/airflow/.local/lib/python3.12/site-packages/airflow/example_dags/example_setup_teardown.py for tasks to queue
[2024-10-06T04:31:57.829+0000] {logging_mixin.py:190} INFO - [2024-10-06T04:31:57.828+0000] {dagbag.py:588} INFO - Filling up the DagBag from /home/airflow/.local/lib/python3.12/site-packages/airflow/example_dags/example_setup_teardown.py
[2024-10-06T04:31:57.835+0000] {processor.py:925} INFO - DAG(s) 'example_setup_teardown' retrieved from /home/airflow/.local/lib/python3.12/site-packages/airflow/example_dags/example_setup_teardown.py
[2024-10-06T04:31:57.854+0000] {logging_mixin.py:190} INFO - [2024-10-06T04:31:57.853+0000] {dag.py:3239} INFO - Sync 1 DAGs
[2024-10-06T04:31:57.869+0000] {logging_mixin.py:190} INFO - [2024-10-06T04:31:57.869+0000] {dag.py:4180} INFO - Setting next_dagrun for example_setup_teardown to None, run_after=None
[2024-10-06T04:31:57.888+0000] {processor.py:208} INFO - Processing /home/airflow/.local/lib/python3.12/site-packages/airflow/example_dags/example_setup_teardown.py took 0.067 seconds
[2024-10-06T04:32:27.990+0000] {processor.py:186} INFO - Started process (PID=980) to work on /home/airflow/.local/lib/python3.12/site-packages/airflow/example_dags/example_setup_teardown.py
[2024-10-06T04:32:27.991+0000] {processor.py:914} INFO - Processing file /home/airflow/.local/lib/python3.12/site-packages/airflow/example_dags/example_setup_teardown.py for tasks to queue
[2024-10-06T04:32:27.993+0000] {logging_mixin.py:190} INFO - [2024-10-06T04:32:27.993+0000] {dagbag.py:588} INFO - Filling up the DagBag from /home/airflow/.local/lib/python3.12/site-packages/airflow/example_dags/example_setup_teardown.py
[2024-10-06T04:32:27.999+0000] {processor.py:925} INFO - DAG(s) 'example_setup_teardown' retrieved from /home/airflow/.local/lib/python3.12/site-packages/airflow/example_dags/example_setup_teardown.py
[2024-10-06T04:32:28.017+0000] {logging_mixin.py:190} INFO - [2024-10-06T04:32:28.017+0000] {dag.py:3239} INFO - Sync 1 DAGs
[2024-10-06T04:32:28.032+0000] {logging_mixin.py:190} INFO - [2024-10-06T04:32:28.031+0000] {dag.py:4180} INFO - Setting next_dagrun for example_setup_teardown to None, run_after=None
[2024-10-06T04:32:28.052+0000] {processor.py:208} INFO - Processing /home/airflow/.local/lib/python3.12/site-packages/airflow/example_dags/example_setup_teardown.py took 0.066 seconds
[2024-10-06T04:32:58.144+0000] {processor.py:186} INFO - Started process (PID=1043) to work on /home/airflow/.local/lib/python3.12/site-packages/airflow/example_dags/example_setup_teardown.py
[2024-10-06T04:32:58.145+0000] {processor.py:914} INFO - Processing file /home/airflow/.local/lib/python3.12/site-packages/airflow/example_dags/example_setup_teardown.py for tasks to queue
[2024-10-06T04:32:58.147+0000] {logging_mixin.py:190} INFO - [2024-10-06T04:32:58.146+0000] {dagbag.py:588} INFO - Filling up the DagBag from /home/airflow/.local/lib/python3.12/site-packages/airflow/example_dags/example_setup_teardown.py
[2024-10-06T04:32:58.154+0000] {processor.py:925} INFO - DAG(s) 'example_setup_teardown' retrieved from /home/airflow/.local/lib/python3.12/site-packages/airflow/example_dags/example_setup_teardown.py
[2024-10-06T04:32:58.170+0000] {logging_mixin.py:190} INFO - [2024-10-06T04:32:58.170+0000] {dag.py:3239} INFO - Sync 1 DAGs
[2024-10-06T04:32:58.182+0000] {logging_mixin.py:190} INFO - [2024-10-06T04:32:58.182+0000] {dag.py:4180} INFO - Setting next_dagrun for example_setup_teardown to None, run_after=None
[2024-10-06T04:32:58.202+0000] {processor.py:208} INFO - Processing /home/airflow/.local/lib/python3.12/site-packages/airflow/example_dags/example_setup_teardown.py took 0.062 seconds
[2024-10-06T04:33:28.413+0000] {processor.py:186} INFO - Started process (PID=1106) to work on /home/airflow/.local/lib/python3.12/site-packages/airflow/example_dags/example_setup_teardown.py
[2024-10-06T04:33:28.413+0000] {processor.py:914} INFO - Processing file /home/airflow/.local/lib/python3.12/site-packages/airflow/example_dags/example_setup_teardown.py for tasks to queue
[2024-10-06T04:33:28.416+0000] {logging_mixin.py:190} INFO - [2024-10-06T04:33:28.415+0000] {dagbag.py:588} INFO - Filling up the DagBag from /home/airflow/.local/lib/python3.12/site-packages/airflow/example_dags/example_setup_teardown.py
[2024-10-06T04:33:28.423+0000] {processor.py:925} INFO - DAG(s) 'example_setup_teardown' retrieved from /home/airflow/.local/lib/python3.12/site-packages/airflow/example_dags/example_setup_teardown.py
[2024-10-06T04:33:28.440+0000] {logging_mixin.py:190} INFO - [2024-10-06T04:33:28.439+0000] {dag.py:3239} INFO - Sync 1 DAGs
[2024-10-06T04:33:28.451+0000] {logging_mixin.py:190} INFO - [2024-10-06T04:33:28.451+0000] {dag.py:4180} INFO - Setting next_dagrun for example_setup_teardown to None, run_after=None
[2024-10-06T04:33:28.480+0000] {processor.py:208} INFO - Processing /home/airflow/.local/lib/python3.12/site-packages/airflow/example_dags/example_setup_teardown.py took 0.072 seconds
[2024-10-06T04:33:58.702+0000] {processor.py:186} INFO - Started process (PID=1169) to work on /home/airflow/.local/lib/python3.12/site-packages/airflow/example_dags/example_setup_teardown.py
[2024-10-06T04:33:58.703+0000] {processor.py:914} INFO - Processing file /home/airflow/.local/lib/python3.12/site-packages/airflow/example_dags/example_setup_teardown.py for tasks to queue
[2024-10-06T04:33:58.705+0000] {logging_mixin.py:190} INFO - [2024-10-06T04:33:58.704+0000] {dagbag.py:588} INFO - Filling up the DagBag from /home/airflow/.local/lib/python3.12/site-packages/airflow/example_dags/example_setup_teardown.py
[2024-10-06T04:33:58.711+0000] {processor.py:925} INFO - DAG(s) 'example_setup_teardown' retrieved from /home/airflow/.local/lib/python3.12/site-packages/airflow/example_dags/example_setup_teardown.py
[2024-10-06T04:33:58.728+0000] {logging_mixin.py:190} INFO - [2024-10-06T04:33:58.728+0000] {dag.py:3239} INFO - Sync 1 DAGs
[2024-10-06T04:33:58.741+0000] {logging_mixin.py:190} INFO - [2024-10-06T04:33:58.740+0000] {dag.py:4180} INFO - Setting next_dagrun for example_setup_teardown to None, run_after=None
[2024-10-06T04:33:58.759+0000] {processor.py:208} INFO - Processing /home/airflow/.local/lib/python3.12/site-packages/airflow/example_dags/example_setup_teardown.py took 0.061 seconds
[2024-10-06T04:34:29.268+0000] {processor.py:186} INFO - Started process (PID=1232) to work on /home/airflow/.local/lib/python3.12/site-packages/airflow/example_dags/example_setup_teardown.py
[2024-10-06T04:34:29.269+0000] {processor.py:914} INFO - Processing file /home/airflow/.local/lib/python3.12/site-packages/airflow/example_dags/example_setup_teardown.py for tasks to queue
[2024-10-06T04:34:29.271+0000] {logging_mixin.py:190} INFO - [2024-10-06T04:34:29.271+0000] {dagbag.py:588} INFO - Filling up the DagBag from /home/airflow/.local/lib/python3.12/site-packages/airflow/example_dags/example_setup_teardown.py
[2024-10-06T04:34:29.278+0000] {processor.py:925} INFO - DAG(s) 'example_setup_teardown' retrieved from /home/airflow/.local/lib/python3.12/site-packages/airflow/example_dags/example_setup_teardown.py
[2024-10-06T04:34:29.294+0000] {logging_mixin.py:190} INFO - [2024-10-06T04:34:29.294+0000] {dag.py:3239} INFO - Sync 1 DAGs
[2024-10-06T04:34:29.306+0000] {logging_mixin.py:190} INFO - [2024-10-06T04:34:29.306+0000] {dag.py:4180} INFO - Setting next_dagrun for example_setup_teardown to None, run_after=None
[2024-10-06T04:34:29.326+0000] {processor.py:208} INFO - Processing /home/airflow/.local/lib/python3.12/site-packages/airflow/example_dags/example_setup_teardown.py took 0.063 seconds
[2024-10-06T04:34:59.659+0000] {processor.py:186} INFO - Started process (PID=1295) to work on /home/airflow/.local/lib/python3.12/site-packages/airflow/example_dags/example_setup_teardown.py
[2024-10-06T04:34:59.660+0000] {processor.py:914} INFO - Processing file /home/airflow/.local/lib/python3.12/site-packages/airflow/example_dags/example_setup_teardown.py for tasks to queue
[2024-10-06T04:34:59.663+0000] {logging_mixin.py:190} INFO - [2024-10-06T04:34:59.662+0000] {dagbag.py:588} INFO - Filling up the DagBag from /home/airflow/.local/lib/python3.12/site-packages/airflow/example_dags/example_setup_teardown.py
[2024-10-06T04:34:59.673+0000] {processor.py:925} INFO - DAG(s) 'example_setup_teardown' retrieved from /home/airflow/.local/lib/python3.12/site-packages/airflow/example_dags/example_setup_teardown.py
[2024-10-06T04:34:59.696+0000] {logging_mixin.py:190} INFO - [2024-10-06T04:34:59.696+0000] {dag.py:3239} INFO - Sync 1 DAGs
[2024-10-06T04:34:59.708+0000] {logging_mixin.py:190} INFO - [2024-10-06T04:34:59.708+0000] {dag.py:4180} INFO - Setting next_dagrun for example_setup_teardown to None, run_after=None
[2024-10-06T04:34:59.727+0000] {processor.py:208} INFO - Processing /home/airflow/.local/lib/python3.12/site-packages/airflow/example_dags/example_setup_teardown.py took 0.082 seconds
[2024-10-06T04:35:30.001+0000] {processor.py:186} INFO - Started process (PID=1358) to work on /home/airflow/.local/lib/python3.12/site-packages/airflow/example_dags/example_setup_teardown.py
[2024-10-06T04:35:30.002+0000] {processor.py:914} INFO - Processing file /home/airflow/.local/lib/python3.12/site-packages/airflow/example_dags/example_setup_teardown.py for tasks to queue
[2024-10-06T04:35:30.004+0000] {logging_mixin.py:190} INFO - [2024-10-06T04:35:30.004+0000] {dagbag.py:588} INFO - Filling up the DagBag from /home/airflow/.local/lib/python3.12/site-packages/airflow/example_dags/example_setup_teardown.py
[2024-10-06T04:35:30.010+0000] {processor.py:925} INFO - DAG(s) 'example_setup_teardown' retrieved from /home/airflow/.local/lib/python3.12/site-packages/airflow/example_dags/example_setup_teardown.py
[2024-10-06T04:35:30.030+0000] {logging_mixin.py:190} INFO - [2024-10-06T04:35:30.030+0000] {dag.py:3239} INFO - Sync 1 DAGs
[2024-10-06T04:35:30.046+0000] {logging_mixin.py:190} INFO - [2024-10-06T04:35:30.045+0000] {dag.py:4180} INFO - Setting next_dagrun for example_setup_teardown to None, run_after=None
[2024-10-06T04:35:30.067+0000] {processor.py:208} INFO - Processing /home/airflow/.local/lib/python3.12/site-packages/airflow/example_dags/example_setup_teardown.py took 0.070 seconds
[2024-10-06T04:36:00.264+0000] {processor.py:186} INFO - Started process (PID=1421) to work on /home/airflow/.local/lib/python3.12/site-packages/airflow/example_dags/example_setup_teardown.py
[2024-10-06T04:36:00.264+0000] {processor.py:914} INFO - Processing file /home/airflow/.local/lib/python3.12/site-packages/airflow/example_dags/example_setup_teardown.py for tasks to queue
[2024-10-06T04:36:00.266+0000] {logging_mixin.py:190} INFO - [2024-10-06T04:36:00.266+0000] {dagbag.py:588} INFO - Filling up the DagBag from /home/airflow/.local/lib/python3.12/site-packages/airflow/example_dags/example_setup_teardown.py
[2024-10-06T04:36:00.272+0000] {processor.py:925} INFO - DAG(s) 'example_setup_teardown' retrieved from /home/airflow/.local/lib/python3.12/site-packages/airflow/example_dags/example_setup_teardown.py
[2024-10-06T04:36:00.287+0000] {logging_mixin.py:190} INFO - [2024-10-06T04:36:00.287+0000] {dag.py:3239} INFO - Sync 1 DAGs
[2024-10-06T04:36:00.298+0000] {logging_mixin.py:190} INFO - [2024-10-06T04:36:00.298+0000] {dag.py:4180} INFO - Setting next_dagrun for example_setup_teardown to None, run_after=None
[2024-10-06T04:36:00.316+0000] {processor.py:208} INFO - Processing /home/airflow/.local/lib/python3.12/site-packages/airflow/example_dags/example_setup_teardown.py took 0.057 seconds
[2024-10-06T04:36:31.351+0000] {processor.py:186} INFO - Started process (PID=1485) to work on /home/airflow/.local/lib/python3.12/site-packages/airflow/example_dags/example_setup_teardown.py
[2024-10-06T04:36:31.352+0000] {processor.py:914} INFO - Processing file /home/airflow/.local/lib/python3.12/site-packages/airflow/example_dags/example_setup_teardown.py for tasks to queue
[2024-10-06T04:36:31.354+0000] {logging_mixin.py:190} INFO - [2024-10-06T04:36:31.354+0000] {dagbag.py:588} INFO - Filling up the DagBag from /home/airflow/.local/lib/python3.12/site-packages/airflow/example_dags/example_setup_teardown.py
[2024-10-06T04:36:31.361+0000] {processor.py:925} INFO - DAG(s) 'example_setup_teardown' retrieved from /home/airflow/.local/lib/python3.12/site-packages/airflow/example_dags/example_setup_teardown.py
[2024-10-06T04:36:31.378+0000] {logging_mixin.py:190} INFO - [2024-10-06T04:36:31.378+0000] {dag.py:3239} INFO - Sync 1 DAGs
[2024-10-06T04:36:31.390+0000] {logging_mixin.py:190} INFO - [2024-10-06T04:36:31.390+0000] {dag.py:4180} INFO - Setting next_dagrun for example_setup_teardown to None, run_after=None
[2024-10-06T04:36:31.414+0000] {processor.py:208} INFO - Processing /home/airflow/.local/lib/python3.12/site-packages/airflow/example_dags/example_setup_teardown.py took 0.068 seconds
[2024-10-06T04:37:01.799+0000] {processor.py:186} INFO - Started process (PID=1550) to work on /home/airflow/.local/lib/python3.12/site-packages/airflow/example_dags/example_setup_teardown.py
[2024-10-06T04:37:01.799+0000] {processor.py:914} INFO - Processing file /home/airflow/.local/lib/python3.12/site-packages/airflow/example_dags/example_setup_teardown.py for tasks to queue
[2024-10-06T04:37:01.801+0000] {logging_mixin.py:190} INFO - [2024-10-06T04:37:01.801+0000] {dagbag.py:588} INFO - Filling up the DagBag from /home/airflow/.local/lib/python3.12/site-packages/airflow/example_dags/example_setup_teardown.py
[2024-10-06T04:37:01.808+0000] {processor.py:925} INFO - DAG(s) 'example_setup_teardown' retrieved from /home/airflow/.local/lib/python3.12/site-packages/airflow/example_dags/example_setup_teardown.py
[2024-10-06T04:37:01.830+0000] {logging_mixin.py:190} INFO - [2024-10-06T04:37:01.830+0000] {dag.py:3239} INFO - Sync 1 DAGs
[2024-10-06T04:37:01.847+0000] {logging_mixin.py:190} INFO - [2024-10-06T04:37:01.846+0000] {dag.py:4180} INFO - Setting next_dagrun for example_setup_teardown to None, run_after=None
[2024-10-06T04:37:01.891+0000] {processor.py:208} INFO - Processing /home/airflow/.local/lib/python3.12/site-packages/airflow/example_dags/example_setup_teardown.py took 0.097 seconds
[2024-10-06T04:37:32.015+0000] {processor.py:186} INFO - Started process (PID=1612) to work on /home/airflow/.local/lib/python3.12/site-packages/airflow/example_dags/example_setup_teardown.py
[2024-10-06T04:37:32.016+0000] {processor.py:914} INFO - Processing file /home/airflow/.local/lib/python3.12/site-packages/airflow/example_dags/example_setup_teardown.py for tasks to queue
[2024-10-06T04:37:32.018+0000] {logging_mixin.py:190} INFO - [2024-10-06T04:37:32.018+0000] {dagbag.py:588} INFO - Filling up the DagBag from /home/airflow/.local/lib/python3.12/site-packages/airflow/example_dags/example_setup_teardown.py
[2024-10-06T04:37:32.024+0000] {processor.py:925} INFO - DAG(s) 'example_setup_teardown' retrieved from /home/airflow/.local/lib/python3.12/site-packages/airflow/example_dags/example_setup_teardown.py
[2024-10-06T04:37:32.039+0000] {logging_mixin.py:190} INFO - [2024-10-06T04:37:32.039+0000] {dag.py:3239} INFO - Sync 1 DAGs
[2024-10-06T04:37:32.051+0000] {logging_mixin.py:190} INFO - [2024-10-06T04:37:32.051+0000] {dag.py:4180} INFO - Setting next_dagrun for example_setup_teardown to None, run_after=None
[2024-10-06T04:37:32.069+0000] {processor.py:208} INFO - Processing /home/airflow/.local/lib/python3.12/site-packages/airflow/example_dags/example_setup_teardown.py took 0.057 seconds
[2024-10-06T04:38:02.391+0000] {processor.py:186} INFO - Started process (PID=1675) to work on /home/airflow/.local/lib/python3.12/site-packages/airflow/example_dags/example_setup_teardown.py
[2024-10-06T04:38:02.391+0000] {processor.py:914} INFO - Processing file /home/airflow/.local/lib/python3.12/site-packages/airflow/example_dags/example_setup_teardown.py for tasks to queue
[2024-10-06T04:38:02.394+0000] {logging_mixin.py:190} INFO - [2024-10-06T04:38:02.393+0000] {dagbag.py:588} INFO - Filling up the DagBag from /home/airflow/.local/lib/python3.12/site-packages/airflow/example_dags/example_setup_teardown.py
[2024-10-06T04:38:02.400+0000] {processor.py:925} INFO - DAG(s) 'example_setup_teardown' retrieved from /home/airflow/.local/lib/python3.12/site-packages/airflow/example_dags/example_setup_teardown.py
[2024-10-06T04:38:02.416+0000] {logging_mixin.py:190} INFO - [2024-10-06T04:38:02.416+0000] {dag.py:3239} INFO - Sync 1 DAGs
[2024-10-06T04:38:02.431+0000] {logging_mixin.py:190} INFO - [2024-10-06T04:38:02.431+0000] {dag.py:4180} INFO - Setting next_dagrun for example_setup_teardown to None, run_after=None
[2024-10-06T04:38:02.453+0000] {processor.py:208} INFO - Processing /home/airflow/.local/lib/python3.12/site-packages/airflow/example_dags/example_setup_teardown.py took 0.068 seconds
[2024-10-06T04:38:32.973+0000] {processor.py:186} INFO - Started process (PID=1738) to work on /home/airflow/.local/lib/python3.12/site-packages/airflow/example_dags/example_setup_teardown.py
[2024-10-06T04:38:32.974+0000] {processor.py:914} INFO - Processing file /home/airflow/.local/lib/python3.12/site-packages/airflow/example_dags/example_setup_teardown.py for tasks to queue
[2024-10-06T04:38:32.975+0000] {logging_mixin.py:190} INFO - [2024-10-06T04:38:32.975+0000] {dagbag.py:588} INFO - Filling up the DagBag from /home/airflow/.local/lib/python3.12/site-packages/airflow/example_dags/example_setup_teardown.py
[2024-10-06T04:38:32.984+0000] {processor.py:925} INFO - DAG(s) 'example_setup_teardown' retrieved from /home/airflow/.local/lib/python3.12/site-packages/airflow/example_dags/example_setup_teardown.py
[2024-10-06T04:38:33.001+0000] {logging_mixin.py:190} INFO - [2024-10-06T04:38:33.001+0000] {dag.py:3239} INFO - Sync 1 DAGs
[2024-10-06T04:38:33.014+0000] {logging_mixin.py:190} INFO - [2024-10-06T04:38:33.014+0000] {dag.py:4180} INFO - Setting next_dagrun for example_setup_teardown to None, run_after=None
[2024-10-06T04:38:33.033+0000] {processor.py:208} INFO - Processing /home/airflow/.local/lib/python3.12/site-packages/airflow/example_dags/example_setup_teardown.py took 0.065 seconds
[2024-10-06T04:39:04.039+0000] {processor.py:186} INFO - Started process (PID=1802) to work on /home/airflow/.local/lib/python3.12/site-packages/airflow/example_dags/example_setup_teardown.py
[2024-10-06T04:39:04.040+0000] {processor.py:914} INFO - Processing file /home/airflow/.local/lib/python3.12/site-packages/airflow/example_dags/example_setup_teardown.py for tasks to queue
[2024-10-06T04:39:04.041+0000] {logging_mixin.py:190} INFO - [2024-10-06T04:39:04.041+0000] {dagbag.py:588} INFO - Filling up the DagBag from /home/airflow/.local/lib/python3.12/site-packages/airflow/example_dags/example_setup_teardown.py
[2024-10-06T04:39:04.047+0000] {processor.py:925} INFO - DAG(s) 'example_setup_teardown' retrieved from /home/airflow/.local/lib/python3.12/site-packages/airflow/example_dags/example_setup_teardown.py
[2024-10-06T04:39:04.064+0000] {logging_mixin.py:190} INFO - [2024-10-06T04:39:04.064+0000] {dag.py:3239} INFO - Sync 1 DAGs
[2024-10-06T04:39:04.079+0000] {logging_mixin.py:190} INFO - [2024-10-06T04:39:04.079+0000] {dag.py:4180} INFO - Setting next_dagrun for example_setup_teardown to None, run_after=None
[2024-10-06T04:39:04.097+0000] {processor.py:208} INFO - Processing /home/airflow/.local/lib/python3.12/site-packages/airflow/example_dags/example_setup_teardown.py took 0.062 seconds
[2024-10-06T04:39:34.337+0000] {processor.py:186} INFO - Started process (PID=1865) to work on /home/airflow/.local/lib/python3.12/site-packages/airflow/example_dags/example_setup_teardown.py
[2024-10-06T04:39:34.337+0000] {processor.py:914} INFO - Processing file /home/airflow/.local/lib/python3.12/site-packages/airflow/example_dags/example_setup_teardown.py for tasks to queue
[2024-10-06T04:39:34.339+0000] {logging_mixin.py:190} INFO - [2024-10-06T04:39:34.338+0000] {dagbag.py:588} INFO - Filling up the DagBag from /home/airflow/.local/lib/python3.12/site-packages/airflow/example_dags/example_setup_teardown.py
[2024-10-06T04:39:34.345+0000] {processor.py:925} INFO - DAG(s) 'example_setup_teardown' retrieved from /home/airflow/.local/lib/python3.12/site-packages/airflow/example_dags/example_setup_teardown.py
[2024-10-06T04:39:34.361+0000] {logging_mixin.py:190} INFO - [2024-10-06T04:39:34.360+0000] {dag.py:3239} INFO - Sync 1 DAGs
[2024-10-06T04:39:34.372+0000] {logging_mixin.py:190} INFO - [2024-10-06T04:39:34.372+0000] {dag.py:4180} INFO - Setting next_dagrun for example_setup_teardown to None, run_after=None
[2024-10-06T04:39:34.389+0000] {processor.py:208} INFO - Processing /home/airflow/.local/lib/python3.12/site-packages/airflow/example_dags/example_setup_teardown.py took 0.057 seconds
[2024-10-06T04:40:05.413+0000] {processor.py:186} INFO - Started process (PID=1928) to work on /home/airflow/.local/lib/python3.12/site-packages/airflow/example_dags/example_setup_teardown.py
[2024-10-06T04:40:05.414+0000] {processor.py:914} INFO - Processing file /home/airflow/.local/lib/python3.12/site-packages/airflow/example_dags/example_setup_teardown.py for tasks to queue
[2024-10-06T04:40:05.415+0000] {logging_mixin.py:190} INFO - [2024-10-06T04:40:05.414+0000] {dagbag.py:588} INFO - Filling up the DagBag from /home/airflow/.local/lib/python3.12/site-packages/airflow/example_dags/example_setup_teardown.py
[2024-10-06T04:40:05.421+0000] {processor.py:925} INFO - DAG(s) 'example_setup_teardown' retrieved from /home/airflow/.local/lib/python3.12/site-packages/airflow/example_dags/example_setup_teardown.py
[2024-10-06T04:40:05.437+0000] {logging_mixin.py:190} INFO - [2024-10-06T04:40:05.437+0000] {dag.py:3239} INFO - Sync 1 DAGs
[2024-10-06T04:40:05.452+0000] {logging_mixin.py:190} INFO - [2024-10-06T04:40:05.452+0000] {dag.py:4180} INFO - Setting next_dagrun for example_setup_teardown to None, run_after=None
[2024-10-06T04:40:05.470+0000] {processor.py:208} INFO - Processing /home/airflow/.local/lib/python3.12/site-packages/airflow/example_dags/example_setup_teardown.py took 0.062 seconds
[2024-10-06T04:40:35.745+0000] {processor.py:186} INFO - Started process (PID=1991) to work on /home/airflow/.local/lib/python3.12/site-packages/airflow/example_dags/example_setup_teardown.py
[2024-10-06T04:40:35.745+0000] {processor.py:914} INFO - Processing file /home/airflow/.local/lib/python3.12/site-packages/airflow/example_dags/example_setup_teardown.py for tasks to queue
[2024-10-06T04:40:35.747+0000] {logging_mixin.py:190} INFO - [2024-10-06T04:40:35.746+0000] {dagbag.py:588} INFO - Filling up the DagBag from /home/airflow/.local/lib/python3.12/site-packages/airflow/example_dags/example_setup_teardown.py
[2024-10-06T04:40:35.753+0000] {processor.py:925} INFO - DAG(s) 'example_setup_teardown' retrieved from /home/airflow/.local/lib/python3.12/site-packages/airflow/example_dags/example_setup_teardown.py
[2024-10-06T04:40:35.769+0000] {logging_mixin.py:190} INFO - [2024-10-06T04:40:35.768+0000] {dag.py:3239} INFO - Sync 1 DAGs
[2024-10-06T04:40:35.781+0000] {logging_mixin.py:190} INFO - [2024-10-06T04:40:35.781+0000] {dag.py:4180} INFO - Setting next_dagrun for example_setup_teardown to None, run_after=None
[2024-10-06T04:40:35.802+0000] {processor.py:208} INFO - Processing /home/airflow/.local/lib/python3.12/site-packages/airflow/example_dags/example_setup_teardown.py took 0.062 seconds
[2024-10-06T04:41:06.544+0000] {processor.py:186} INFO - Started process (PID=2054) to work on /home/airflow/.local/lib/python3.12/site-packages/airflow/example_dags/example_setup_teardown.py
[2024-10-06T04:41:06.545+0000] {processor.py:914} INFO - Processing file /home/airflow/.local/lib/python3.12/site-packages/airflow/example_dags/example_setup_teardown.py for tasks to queue
[2024-10-06T04:41:06.545+0000] {logging_mixin.py:190} INFO - [2024-10-06T04:41:06.545+0000] {dagbag.py:588} INFO - Filling up the DagBag from /home/airflow/.local/lib/python3.12/site-packages/airflow/example_dags/example_setup_teardown.py
[2024-10-06T04:41:06.552+0000] {processor.py:925} INFO - DAG(s) 'example_setup_teardown' retrieved from /home/airflow/.local/lib/python3.12/site-packages/airflow/example_dags/example_setup_teardown.py
[2024-10-06T04:41:06.572+0000] {logging_mixin.py:190} INFO - [2024-10-06T04:41:06.572+0000] {dag.py:3239} INFO - Sync 1 DAGs
[2024-10-06T04:41:06.590+0000] {logging_mixin.py:190} INFO - [2024-10-06T04:41:06.589+0000] {dag.py:4180} INFO - Setting next_dagrun for example_setup_teardown to None, run_after=None
[2024-10-06T04:41:06.611+0000] {processor.py:208} INFO - Processing /home/airflow/.local/lib/python3.12/site-packages/airflow/example_dags/example_setup_teardown.py took 0.072 seconds
[2024-10-06T04:41:37.473+0000] {processor.py:186} INFO - Started process (PID=2117) to work on /home/airflow/.local/lib/python3.12/site-packages/airflow/example_dags/example_setup_teardown.py
[2024-10-06T04:41:37.474+0000] {processor.py:914} INFO - Processing file /home/airflow/.local/lib/python3.12/site-packages/airflow/example_dags/example_setup_teardown.py for tasks to queue
[2024-10-06T04:41:37.475+0000] {logging_mixin.py:190} INFO - [2024-10-06T04:41:37.475+0000] {dagbag.py:588} INFO - Filling up the DagBag from /home/airflow/.local/lib/python3.12/site-packages/airflow/example_dags/example_setup_teardown.py
[2024-10-06T04:41:37.482+0000] {processor.py:925} INFO - DAG(s) 'example_setup_teardown' retrieved from /home/airflow/.local/lib/python3.12/site-packages/airflow/example_dags/example_setup_teardown.py
[2024-10-06T04:41:37.498+0000] {logging_mixin.py:190} INFO - [2024-10-06T04:41:37.498+0000] {dag.py:3239} INFO - Sync 1 DAGs
[2024-10-06T04:41:37.510+0000] {logging_mixin.py:190} INFO - [2024-10-06T04:41:37.509+0000] {dag.py:4180} INFO - Setting next_dagrun for example_setup_teardown to None, run_after=None
[2024-10-06T04:41:37.530+0000] {processor.py:208} INFO - Processing /home/airflow/.local/lib/python3.12/site-packages/airflow/example_dags/example_setup_teardown.py took 0.061 seconds
[2024-10-06T04:42:08.279+0000] {processor.py:186} INFO - Started process (PID=2181) to work on /home/airflow/.local/lib/python3.12/site-packages/airflow/example_dags/example_setup_teardown.py
[2024-10-06T04:42:08.280+0000] {processor.py:914} INFO - Processing file /home/airflow/.local/lib/python3.12/site-packages/airflow/example_dags/example_setup_teardown.py for tasks to queue
[2024-10-06T04:42:08.281+0000] {logging_mixin.py:190} INFO - [2024-10-06T04:42:08.281+0000] {dagbag.py:588} INFO - Filling up the DagBag from /home/airflow/.local/lib/python3.12/site-packages/airflow/example_dags/example_setup_teardown.py
[2024-10-06T04:42:08.288+0000] {processor.py:925} INFO - DAG(s) 'example_setup_teardown' retrieved from /home/airflow/.local/lib/python3.12/site-packages/airflow/example_dags/example_setup_teardown.py
[2024-10-06T04:42:08.306+0000] {logging_mixin.py:190} INFO - [2024-10-06T04:42:08.306+0000] {dag.py:3239} INFO - Sync 1 DAGs
[2024-10-06T04:42:08.320+0000] {logging_mixin.py:190} INFO - [2024-10-06T04:42:08.320+0000] {dag.py:4180} INFO - Setting next_dagrun for example_setup_teardown to None, run_after=None
[2024-10-06T04:42:08.338+0000] {processor.py:208} INFO - Processing /home/airflow/.local/lib/python3.12/site-packages/airflow/example_dags/example_setup_teardown.py took 0.064 seconds
[2024-10-06T04:42:39.062+0000] {processor.py:186} INFO - Started process (PID=2244) to work on /home/airflow/.local/lib/python3.12/site-packages/airflow/example_dags/example_setup_teardown.py
[2024-10-06T04:42:39.062+0000] {processor.py:914} INFO - Processing file /home/airflow/.local/lib/python3.12/site-packages/airflow/example_dags/example_setup_teardown.py for tasks to queue
[2024-10-06T04:42:39.064+0000] {logging_mixin.py:190} INFO - [2024-10-06T04:42:39.063+0000] {dagbag.py:588} INFO - Filling up the DagBag from /home/airflow/.local/lib/python3.12/site-packages/airflow/example_dags/example_setup_teardown.py
[2024-10-06T04:42:39.070+0000] {processor.py:925} INFO - DAG(s) 'example_setup_teardown' retrieved from /home/airflow/.local/lib/python3.12/site-packages/airflow/example_dags/example_setup_teardown.py
[2024-10-06T04:42:39.089+0000] {logging_mixin.py:190} INFO - [2024-10-06T04:42:39.088+0000] {dag.py:3239} INFO - Sync 1 DAGs
[2024-10-06T04:42:39.103+0000] {logging_mixin.py:190} INFO - [2024-10-06T04:42:39.103+0000] {dag.py:4180} INFO - Setting next_dagrun for example_setup_teardown to None, run_after=None
[2024-10-06T04:42:39.122+0000] {processor.py:208} INFO - Processing /home/airflow/.local/lib/python3.12/site-packages/airflow/example_dags/example_setup_teardown.py took 0.065 seconds
[2024-10-06T04:43:09.624+0000] {processor.py:186} INFO - Started process (PID=2307) to work on /home/airflow/.local/lib/python3.12/site-packages/airflow/example_dags/example_setup_teardown.py
[2024-10-06T04:43:09.626+0000] {processor.py:914} INFO - Processing file /home/airflow/.local/lib/python3.12/site-packages/airflow/example_dags/example_setup_teardown.py for tasks to queue
[2024-10-06T04:43:09.627+0000] {logging_mixin.py:190} INFO - [2024-10-06T04:43:09.626+0000] {dagbag.py:588} INFO - Filling up the DagBag from /home/airflow/.local/lib/python3.12/site-packages/airflow/example_dags/example_setup_teardown.py
[2024-10-06T04:43:09.636+0000] {processor.py:925} INFO - DAG(s) 'example_setup_teardown' retrieved from /home/airflow/.local/lib/python3.12/site-packages/airflow/example_dags/example_setup_teardown.py
[2024-10-06T04:43:09.658+0000] {logging_mixin.py:190} INFO - [2024-10-06T04:43:09.658+0000] {dag.py:3239} INFO - Sync 1 DAGs
[2024-10-06T04:43:09.675+0000] {logging_mixin.py:190} INFO - [2024-10-06T04:43:09.675+0000] {dag.py:4180} INFO - Setting next_dagrun for example_setup_teardown to None, run_after=None
[2024-10-06T04:43:09.699+0000] {processor.py:208} INFO - Processing /home/airflow/.local/lib/python3.12/site-packages/airflow/example_dags/example_setup_teardown.py took 0.081 seconds
[2024-10-06T04:43:40.501+0000] {processor.py:186} INFO - Started process (PID=2370) to work on /home/airflow/.local/lib/python3.12/site-packages/airflow/example_dags/example_setup_teardown.py
[2024-10-06T04:43:40.502+0000] {processor.py:914} INFO - Processing file /home/airflow/.local/lib/python3.12/site-packages/airflow/example_dags/example_setup_teardown.py for tasks to queue
[2024-10-06T04:43:40.503+0000] {logging_mixin.py:190} INFO - [2024-10-06T04:43:40.503+0000] {dagbag.py:588} INFO - Filling up the DagBag from /home/airflow/.local/lib/python3.12/site-packages/airflow/example_dags/example_setup_teardown.py
[2024-10-06T04:43:40.510+0000] {processor.py:925} INFO - DAG(s) 'example_setup_teardown' retrieved from /home/airflow/.local/lib/python3.12/site-packages/airflow/example_dags/example_setup_teardown.py
[2024-10-06T04:43:40.527+0000] {logging_mixin.py:190} INFO - [2024-10-06T04:43:40.527+0000] {dag.py:3239} INFO - Sync 1 DAGs
[2024-10-06T04:43:40.542+0000] {logging_mixin.py:190} INFO - [2024-10-06T04:43:40.542+0000] {dag.py:4180} INFO - Setting next_dagrun for example_setup_teardown to None, run_after=None
[2024-10-06T04:43:40.562+0000] {processor.py:208} INFO - Processing /home/airflow/.local/lib/python3.12/site-packages/airflow/example_dags/example_setup_teardown.py took 0.065 seconds
[2024-10-06T04:44:10.782+0000] {processor.py:186} INFO - Started process (PID=2433) to work on /home/airflow/.local/lib/python3.12/site-packages/airflow/example_dags/example_setup_teardown.py
[2024-10-06T04:44:10.782+0000] {processor.py:914} INFO - Processing file /home/airflow/.local/lib/python3.12/site-packages/airflow/example_dags/example_setup_teardown.py for tasks to queue
[2024-10-06T04:44:10.784+0000] {logging_mixin.py:190} INFO - [2024-10-06T04:44:10.783+0000] {dagbag.py:588} INFO - Filling up the DagBag from /home/airflow/.local/lib/python3.12/site-packages/airflow/example_dags/example_setup_teardown.py
[2024-10-06T04:44:10.790+0000] {processor.py:925} INFO - DAG(s) 'example_setup_teardown' retrieved from /home/airflow/.local/lib/python3.12/site-packages/airflow/example_dags/example_setup_teardown.py
[2024-10-06T04:44:10.805+0000] {logging_mixin.py:190} INFO - [2024-10-06T04:44:10.805+0000] {dag.py:3239} INFO - Sync 1 DAGs
[2024-10-06T04:44:10.816+0000] {logging_mixin.py:190} INFO - [2024-10-06T04:44:10.816+0000] {dag.py:4180} INFO - Setting next_dagrun for example_setup_teardown to None, run_after=None
[2024-10-06T04:44:10.834+0000] {processor.py:208} INFO - Processing /home/airflow/.local/lib/python3.12/site-packages/airflow/example_dags/example_setup_teardown.py took 0.056 seconds
[2024-10-06T04:44:41.593+0000] {processor.py:186} INFO - Started process (PID=2498) to work on /home/airflow/.local/lib/python3.12/site-packages/airflow/example_dags/example_setup_teardown.py
[2024-10-06T04:44:41.593+0000] {processor.py:914} INFO - Processing file /home/airflow/.local/lib/python3.12/site-packages/airflow/example_dags/example_setup_teardown.py for tasks to queue
[2024-10-06T04:44:41.595+0000] {logging_mixin.py:190} INFO - [2024-10-06T04:44:41.594+0000] {dagbag.py:588} INFO - Filling up the DagBag from /home/airflow/.local/lib/python3.12/site-packages/airflow/example_dags/example_setup_teardown.py
[2024-10-06T04:44:41.601+0000] {processor.py:925} INFO - DAG(s) 'example_setup_teardown' retrieved from /home/airflow/.local/lib/python3.12/site-packages/airflow/example_dags/example_setup_teardown.py
[2024-10-06T04:44:41.621+0000] {logging_mixin.py:190} INFO - [2024-10-06T04:44:41.621+0000] {dag.py:3239} INFO - Sync 1 DAGs
[2024-10-06T04:44:41.636+0000] {logging_mixin.py:190} INFO - [2024-10-06T04:44:41.635+0000] {dag.py:4180} INFO - Setting next_dagrun for example_setup_teardown to None, run_after=None
[2024-10-06T04:44:41.654+0000] {processor.py:208} INFO - Processing /home/airflow/.local/lib/python3.12/site-packages/airflow/example_dags/example_setup_teardown.py took 0.066 seconds
[2024-10-06T04:45:12.185+0000] {processor.py:186} INFO - Started process (PID=2561) to work on /home/airflow/.local/lib/python3.12/site-packages/airflow/example_dags/example_setup_teardown.py
[2024-10-06T04:45:12.186+0000] {processor.py:914} INFO - Processing file /home/airflow/.local/lib/python3.12/site-packages/airflow/example_dags/example_setup_teardown.py for tasks to queue
[2024-10-06T04:45:12.187+0000] {logging_mixin.py:190} INFO - [2024-10-06T04:45:12.187+0000] {dagbag.py:588} INFO - Filling up the DagBag from /home/airflow/.local/lib/python3.12/site-packages/airflow/example_dags/example_setup_teardown.py
[2024-10-06T04:45:12.193+0000] {processor.py:925} INFO - DAG(s) 'example_setup_teardown' retrieved from /home/airflow/.local/lib/python3.12/site-packages/airflow/example_dags/example_setup_teardown.py
[2024-10-06T04:45:12.211+0000] {logging_mixin.py:190} INFO - [2024-10-06T04:45:12.211+0000] {dag.py:3239} INFO - Sync 1 DAGs
[2024-10-06T04:45:12.227+0000] {logging_mixin.py:190} INFO - [2024-10-06T04:45:12.227+0000] {dag.py:4180} INFO - Setting next_dagrun for example_setup_teardown to None, run_after=None
[2024-10-06T04:45:12.247+0000] {processor.py:208} INFO - Processing /home/airflow/.local/lib/python3.12/site-packages/airflow/example_dags/example_setup_teardown.py took 0.066 seconds
[2024-10-06T04:45:42.943+0000] {processor.py:186} INFO - Started process (PID=2624) to work on /home/airflow/.local/lib/python3.12/site-packages/airflow/example_dags/example_setup_teardown.py
[2024-10-06T04:45:42.944+0000] {processor.py:914} INFO - Processing file /home/airflow/.local/lib/python3.12/site-packages/airflow/example_dags/example_setup_teardown.py for tasks to queue
[2024-10-06T04:45:42.945+0000] {logging_mixin.py:190} INFO - [2024-10-06T04:45:42.944+0000] {dagbag.py:588} INFO - Filling up the DagBag from /home/airflow/.local/lib/python3.12/site-packages/airflow/example_dags/example_setup_teardown.py
[2024-10-06T04:45:42.951+0000] {processor.py:925} INFO - DAG(s) 'example_setup_teardown' retrieved from /home/airflow/.local/lib/python3.12/site-packages/airflow/example_dags/example_setup_teardown.py
[2024-10-06T04:45:42.967+0000] {logging_mixin.py:190} INFO - [2024-10-06T04:45:42.967+0000] {dag.py:3239} INFO - Sync 1 DAGs
[2024-10-06T04:45:42.978+0000] {logging_mixin.py:190} INFO - [2024-10-06T04:45:42.978+0000] {dag.py:4180} INFO - Setting next_dagrun for example_setup_teardown to None, run_after=None
[2024-10-06T04:45:42.997+0000] {processor.py:208} INFO - Processing /home/airflow/.local/lib/python3.12/site-packages/airflow/example_dags/example_setup_teardown.py took 0.059 seconds
[2024-10-06T04:46:13.532+0000] {processor.py:186} INFO - Started process (PID=2687) to work on /home/airflow/.local/lib/python3.12/site-packages/airflow/example_dags/example_setup_teardown.py
[2024-10-06T04:46:13.532+0000] {processor.py:914} INFO - Processing file /home/airflow/.local/lib/python3.12/site-packages/airflow/example_dags/example_setup_teardown.py for tasks to queue
[2024-10-06T04:46:13.534+0000] {logging_mixin.py:190} INFO - [2024-10-06T04:46:13.534+0000] {dagbag.py:588} INFO - Filling up the DagBag from /home/airflow/.local/lib/python3.12/site-packages/airflow/example_dags/example_setup_teardown.py
[2024-10-06T04:46:13.543+0000] {processor.py:925} INFO - DAG(s) 'example_setup_teardown' retrieved from /home/airflow/.local/lib/python3.12/site-packages/airflow/example_dags/example_setup_teardown.py
[2024-10-06T04:46:13.560+0000] {logging_mixin.py:190} INFO - [2024-10-06T04:46:13.560+0000] {dag.py:3239} INFO - Sync 1 DAGs
[2024-10-06T04:46:13.573+0000] {logging_mixin.py:190} INFO - [2024-10-06T04:46:13.573+0000] {dag.py:4180} INFO - Setting next_dagrun for example_setup_teardown to None, run_after=None
[2024-10-06T04:46:13.592+0000] {processor.py:208} INFO - Processing /home/airflow/.local/lib/python3.12/site-packages/airflow/example_dags/example_setup_teardown.py took 0.065 seconds
[2024-10-06T04:46:44.357+0000] {processor.py:186} INFO - Started process (PID=2750) to work on /home/airflow/.local/lib/python3.12/site-packages/airflow/example_dags/example_setup_teardown.py
[2024-10-06T04:46:44.358+0000] {processor.py:914} INFO - Processing file /home/airflow/.local/lib/python3.12/site-packages/airflow/example_dags/example_setup_teardown.py for tasks to queue
[2024-10-06T04:46:44.359+0000] {logging_mixin.py:190} INFO - [2024-10-06T04:46:44.358+0000] {dagbag.py:588} INFO - Filling up the DagBag from /home/airflow/.local/lib/python3.12/site-packages/airflow/example_dags/example_setup_teardown.py
[2024-10-06T04:46:44.365+0000] {processor.py:925} INFO - DAG(s) 'example_setup_teardown' retrieved from /home/airflow/.local/lib/python3.12/site-packages/airflow/example_dags/example_setup_teardown.py
[2024-10-06T04:46:44.383+0000] {logging_mixin.py:190} INFO - [2024-10-06T04:46:44.383+0000] {dag.py:3239} INFO - Sync 1 DAGs
[2024-10-06T04:46:44.397+0000] {logging_mixin.py:190} INFO - [2024-10-06T04:46:44.397+0000] {dag.py:4180} INFO - Setting next_dagrun for example_setup_teardown to None, run_after=None
[2024-10-06T04:46:44.421+0000] {processor.py:208} INFO - Processing /home/airflow/.local/lib/python3.12/site-packages/airflow/example_dags/example_setup_teardown.py took 0.069 seconds
[2024-10-06T04:47:14.799+0000] {processor.py:186} INFO - Started process (PID=2813) to work on /home/airflow/.local/lib/python3.12/site-packages/airflow/example_dags/example_setup_teardown.py
[2024-10-06T04:47:14.800+0000] {processor.py:914} INFO - Processing file /home/airflow/.local/lib/python3.12/site-packages/airflow/example_dags/example_setup_teardown.py for tasks to queue
[2024-10-06T04:47:14.801+0000] {logging_mixin.py:190} INFO - [2024-10-06T04:47:14.800+0000] {dagbag.py:588} INFO - Filling up the DagBag from /home/airflow/.local/lib/python3.12/site-packages/airflow/example_dags/example_setup_teardown.py
[2024-10-06T04:47:14.807+0000] {processor.py:925} INFO - DAG(s) 'example_setup_teardown' retrieved from /home/airflow/.local/lib/python3.12/site-packages/airflow/example_dags/example_setup_teardown.py
[2024-10-06T04:47:14.823+0000] {logging_mixin.py:190} INFO - [2024-10-06T04:47:14.823+0000] {dag.py:3239} INFO - Sync 1 DAGs
[2024-10-06T04:47:14.835+0000] {logging_mixin.py:190} INFO - [2024-10-06T04:47:14.835+0000] {dag.py:4180} INFO - Setting next_dagrun for example_setup_teardown to None, run_after=None
[2024-10-06T04:47:14.852+0000] {processor.py:208} INFO - Processing /home/airflow/.local/lib/python3.12/site-packages/airflow/example_dags/example_setup_teardown.py took 0.058 seconds
[2024-10-06T04:47:44.881+0000] {processor.py:186} INFO - Started process (PID=2875) to work on /home/airflow/.local/lib/python3.12/site-packages/airflow/example_dags/example_setup_teardown.py
[2024-10-06T04:47:44.881+0000] {processor.py:914} INFO - Processing file /home/airflow/.local/lib/python3.12/site-packages/airflow/example_dags/example_setup_teardown.py for tasks to queue
[2024-10-06T04:47:44.882+0000] {logging_mixin.py:190} INFO - [2024-10-06T04:47:44.882+0000] {dagbag.py:588} INFO - Filling up the DagBag from /home/airflow/.local/lib/python3.12/site-packages/airflow/example_dags/example_setup_teardown.py
[2024-10-06T04:47:44.889+0000] {processor.py:925} INFO - DAG(s) 'example_setup_teardown' retrieved from /home/airflow/.local/lib/python3.12/site-packages/airflow/example_dags/example_setup_teardown.py
[2024-10-06T04:47:44.908+0000] {logging_mixin.py:190} INFO - [2024-10-06T04:47:44.908+0000] {dag.py:3239} INFO - Sync 1 DAGs
[2024-10-06T04:47:44.924+0000] {logging_mixin.py:190} INFO - [2024-10-06T04:47:44.924+0000] {dag.py:4180} INFO - Setting next_dagrun for example_setup_teardown to None, run_after=None
[2024-10-06T04:47:44.947+0000] {processor.py:208} INFO - Processing /home/airflow/.local/lib/python3.12/site-packages/airflow/example_dags/example_setup_teardown.py took 0.071 seconds
[2024-10-06T04:48:15.243+0000] {processor.py:186} INFO - Started process (PID=2938) to work on /home/airflow/.local/lib/python3.12/site-packages/airflow/example_dags/example_setup_teardown.py
[2024-10-06T04:48:15.244+0000] {processor.py:914} INFO - Processing file /home/airflow/.local/lib/python3.12/site-packages/airflow/example_dags/example_setup_teardown.py for tasks to queue
[2024-10-06T04:48:15.245+0000] {logging_mixin.py:190} INFO - [2024-10-06T04:48:15.245+0000] {dagbag.py:588} INFO - Filling up the DagBag from /home/airflow/.local/lib/python3.12/site-packages/airflow/example_dags/example_setup_teardown.py
[2024-10-06T04:48:15.251+0000] {processor.py:925} INFO - DAG(s) 'example_setup_teardown' retrieved from /home/airflow/.local/lib/python3.12/site-packages/airflow/example_dags/example_setup_teardown.py
[2024-10-06T04:48:15.266+0000] {logging_mixin.py:190} INFO - [2024-10-06T04:48:15.266+0000] {dag.py:3239} INFO - Sync 1 DAGs
[2024-10-06T04:48:15.277+0000] {logging_mixin.py:190} INFO - [2024-10-06T04:48:15.277+0000] {dag.py:4180} INFO - Setting next_dagrun for example_setup_teardown to None, run_after=None
[2024-10-06T04:48:15.302+0000] {processor.py:208} INFO - Processing /home/airflow/.local/lib/python3.12/site-packages/airflow/example_dags/example_setup_teardown.py took 0.063 seconds
[2024-10-06T04:48:45.696+0000] {processor.py:186} INFO - Started process (PID=3001) to work on /home/airflow/.local/lib/python3.12/site-packages/airflow/example_dags/example_setup_teardown.py
[2024-10-06T04:48:45.697+0000] {processor.py:914} INFO - Processing file /home/airflow/.local/lib/python3.12/site-packages/airflow/example_dags/example_setup_teardown.py for tasks to queue
[2024-10-06T04:48:45.698+0000] {logging_mixin.py:190} INFO - [2024-10-06T04:48:45.698+0000] {dagbag.py:588} INFO - Filling up the DagBag from /home/airflow/.local/lib/python3.12/site-packages/airflow/example_dags/example_setup_teardown.py
[2024-10-06T04:48:45.704+0000] {processor.py:925} INFO - DAG(s) 'example_setup_teardown' retrieved from /home/airflow/.local/lib/python3.12/site-packages/airflow/example_dags/example_setup_teardown.py
[2024-10-06T04:48:45.720+0000] {logging_mixin.py:190} INFO - [2024-10-06T04:48:45.719+0000] {dag.py:3239} INFO - Sync 1 DAGs
[2024-10-06T04:48:45.731+0000] {logging_mixin.py:190} INFO - [2024-10-06T04:48:45.731+0000] {dag.py:4180} INFO - Setting next_dagrun for example_setup_teardown to None, run_after=None
[2024-10-06T04:48:45.747+0000] {processor.py:208} INFO - Processing /home/airflow/.local/lib/python3.12/site-packages/airflow/example_dags/example_setup_teardown.py took 0.055 seconds
[2024-10-06T04:49:16.439+0000] {processor.py:186} INFO - Started process (PID=3066) to work on /home/airflow/.local/lib/python3.12/site-packages/airflow/example_dags/example_setup_teardown.py
[2024-10-06T04:49:16.439+0000] {processor.py:914} INFO - Processing file /home/airflow/.local/lib/python3.12/site-packages/airflow/example_dags/example_setup_teardown.py for tasks to queue
[2024-10-06T04:49:16.441+0000] {logging_mixin.py:190} INFO - [2024-10-06T04:49:16.440+0000] {dagbag.py:588} INFO - Filling up the DagBag from /home/airflow/.local/lib/python3.12/site-packages/airflow/example_dags/example_setup_teardown.py
[2024-10-06T04:49:16.447+0000] {processor.py:925} INFO - DAG(s) 'example_setup_teardown' retrieved from /home/airflow/.local/lib/python3.12/site-packages/airflow/example_dags/example_setup_teardown.py
[2024-10-06T04:49:16.464+0000] {logging_mixin.py:190} INFO - [2024-10-06T04:49:16.464+0000] {dag.py:3239} INFO - Sync 1 DAGs
[2024-10-06T04:49:16.478+0000] {logging_mixin.py:190} INFO - [2024-10-06T04:49:16.478+0000] {dag.py:4180} INFO - Setting next_dagrun for example_setup_teardown to None, run_after=None
[2024-10-06T04:49:16.498+0000] {processor.py:208} INFO - Processing /home/airflow/.local/lib/python3.12/site-packages/airflow/example_dags/example_setup_teardown.py took 0.063 seconds
[2024-10-06T04:49:46.950+0000] {processor.py:186} INFO - Started process (PID=3129) to work on /home/airflow/.local/lib/python3.12/site-packages/airflow/example_dags/example_setup_teardown.py
[2024-10-06T04:49:46.950+0000] {processor.py:914} INFO - Processing file /home/airflow/.local/lib/python3.12/site-packages/airflow/example_dags/example_setup_teardown.py for tasks to queue
[2024-10-06T04:49:46.951+0000] {logging_mixin.py:190} INFO - [2024-10-06T04:49:46.951+0000] {dagbag.py:588} INFO - Filling up the DagBag from /home/airflow/.local/lib/python3.12/site-packages/airflow/example_dags/example_setup_teardown.py
[2024-10-06T04:49:46.957+0000] {processor.py:925} INFO - DAG(s) 'example_setup_teardown' retrieved from /home/airflow/.local/lib/python3.12/site-packages/airflow/example_dags/example_setup_teardown.py
[2024-10-06T04:49:46.973+0000] {logging_mixin.py:190} INFO - [2024-10-06T04:49:46.973+0000] {dag.py:3239} INFO - Sync 1 DAGs
[2024-10-06T04:49:46.985+0000] {logging_mixin.py:190} INFO - [2024-10-06T04:49:46.984+0000] {dag.py:4180} INFO - Setting next_dagrun for example_setup_teardown to None, run_after=None
[2024-10-06T04:49:47.002+0000] {processor.py:208} INFO - Processing /home/airflow/.local/lib/python3.12/site-packages/airflow/example_dags/example_setup_teardown.py took 0.057 seconds
[2024-10-06T04:50:17.372+0000] {processor.py:186} INFO - Started process (PID=3192) to work on /home/airflow/.local/lib/python3.12/site-packages/airflow/example_dags/example_setup_teardown.py
[2024-10-06T04:50:17.372+0000] {processor.py:914} INFO - Processing file /home/airflow/.local/lib/python3.12/site-packages/airflow/example_dags/example_setup_teardown.py for tasks to queue
[2024-10-06T04:50:17.373+0000] {logging_mixin.py:190} INFO - [2024-10-06T04:50:17.373+0000] {dagbag.py:588} INFO - Filling up the DagBag from /home/airflow/.local/lib/python3.12/site-packages/airflow/example_dags/example_setup_teardown.py
[2024-10-06T04:50:17.381+0000] {processor.py:925} INFO - DAG(s) 'example_setup_teardown' retrieved from /home/airflow/.local/lib/python3.12/site-packages/airflow/example_dags/example_setup_teardown.py
[2024-10-06T04:50:17.399+0000] {logging_mixin.py:190} INFO - [2024-10-06T04:50:17.399+0000] {dag.py:3239} INFO - Sync 1 DAGs
[2024-10-06T04:50:17.413+0000] {logging_mixin.py:190} INFO - [2024-10-06T04:50:17.413+0000] {dag.py:4180} INFO - Setting next_dagrun for example_setup_teardown to None, run_after=None
[2024-10-06T04:50:17.436+0000] {processor.py:208} INFO - Processing /home/airflow/.local/lib/python3.12/site-packages/airflow/example_dags/example_setup_teardown.py took 0.069 seconds
[2024-10-06T04:50:47.655+0000] {processor.py:186} INFO - Started process (PID=3254) to work on /home/airflow/.local/lib/python3.12/site-packages/airflow/example_dags/example_setup_teardown.py
[2024-10-06T04:50:47.655+0000] {processor.py:914} INFO - Processing file /home/airflow/.local/lib/python3.12/site-packages/airflow/example_dags/example_setup_teardown.py for tasks to queue
[2024-10-06T04:50:47.657+0000] {logging_mixin.py:190} INFO - [2024-10-06T04:50:47.656+0000] {dagbag.py:588} INFO - Filling up the DagBag from /home/airflow/.local/lib/python3.12/site-packages/airflow/example_dags/example_setup_teardown.py
[2024-10-06T04:50:47.666+0000] {processor.py:925} INFO - DAG(s) 'example_setup_teardown' retrieved from /home/airflow/.local/lib/python3.12/site-packages/airflow/example_dags/example_setup_teardown.py
[2024-10-06T04:50:47.687+0000] {logging_mixin.py:190} INFO - [2024-10-06T04:50:47.687+0000] {dag.py:3239} INFO - Sync 1 DAGs
[2024-10-06T04:50:47.713+0000] {logging_mixin.py:190} INFO - [2024-10-06T04:50:47.713+0000] {dag.py:4180} INFO - Setting next_dagrun for example_setup_teardown to None, run_after=None
[2024-10-06T04:50:47.750+0000] {processor.py:208} INFO - Processing /home/airflow/.local/lib/python3.12/site-packages/airflow/example_dags/example_setup_teardown.py took 0.102 seconds
[2024-10-06T04:51:18.155+0000] {processor.py:186} INFO - Started process (PID=3317) to work on /home/airflow/.local/lib/python3.12/site-packages/airflow/example_dags/example_setup_teardown.py
[2024-10-06T04:51:18.155+0000] {processor.py:914} INFO - Processing file /home/airflow/.local/lib/python3.12/site-packages/airflow/example_dags/example_setup_teardown.py for tasks to queue
[2024-10-06T04:51:18.157+0000] {logging_mixin.py:190} INFO - [2024-10-06T04:51:18.157+0000] {dagbag.py:588} INFO - Filling up the DagBag from /home/airflow/.local/lib/python3.12/site-packages/airflow/example_dags/example_setup_teardown.py
[2024-10-06T04:51:18.165+0000] {processor.py:925} INFO - DAG(s) 'example_setup_teardown' retrieved from /home/airflow/.local/lib/python3.12/site-packages/airflow/example_dags/example_setup_teardown.py
[2024-10-06T04:51:18.182+0000] {logging_mixin.py:190} INFO - [2024-10-06T04:51:18.182+0000] {dag.py:3239} INFO - Sync 1 DAGs
[2024-10-06T04:51:18.194+0000] {logging_mixin.py:190} INFO - [2024-10-06T04:51:18.194+0000] {dag.py:4180} INFO - Setting next_dagrun for example_setup_teardown to None, run_after=None
[2024-10-06T04:51:18.221+0000] {processor.py:208} INFO - Processing /home/airflow/.local/lib/python3.12/site-packages/airflow/example_dags/example_setup_teardown.py took 0.073 seconds
[2024-10-06T04:51:48.494+0000] {processor.py:186} INFO - Started process (PID=3380) to work on /home/airflow/.local/lib/python3.12/site-packages/airflow/example_dags/example_setup_teardown.py
[2024-10-06T04:51:48.495+0000] {processor.py:914} INFO - Processing file /home/airflow/.local/lib/python3.12/site-packages/airflow/example_dags/example_setup_teardown.py for tasks to queue
[2024-10-06T04:51:48.496+0000] {logging_mixin.py:190} INFO - [2024-10-06T04:51:48.496+0000] {dagbag.py:588} INFO - Filling up the DagBag from /home/airflow/.local/lib/python3.12/site-packages/airflow/example_dags/example_setup_teardown.py
[2024-10-06T04:51:48.502+0000] {processor.py:925} INFO - DAG(s) 'example_setup_teardown' retrieved from /home/airflow/.local/lib/python3.12/site-packages/airflow/example_dags/example_setup_teardown.py
[2024-10-06T04:51:48.518+0000] {logging_mixin.py:190} INFO - [2024-10-06T04:51:48.518+0000] {dag.py:3239} INFO - Sync 1 DAGs
[2024-10-06T04:51:48.529+0000] {logging_mixin.py:190} INFO - [2024-10-06T04:51:48.529+0000] {dag.py:4180} INFO - Setting next_dagrun for example_setup_teardown to None, run_after=None
[2024-10-06T04:51:48.547+0000] {processor.py:208} INFO - Processing /home/airflow/.local/lib/python3.12/site-packages/airflow/example_dags/example_setup_teardown.py took 0.058 seconds
[2024-10-06T04:52:18.754+0000] {processor.py:186} INFO - Started process (PID=3443) to work on /home/airflow/.local/lib/python3.12/site-packages/airflow/example_dags/example_setup_teardown.py
[2024-10-06T04:52:18.755+0000] {processor.py:914} INFO - Processing file /home/airflow/.local/lib/python3.12/site-packages/airflow/example_dags/example_setup_teardown.py for tasks to queue
[2024-10-06T04:52:18.756+0000] {logging_mixin.py:190} INFO - [2024-10-06T04:52:18.756+0000] {dagbag.py:588} INFO - Filling up the DagBag from /home/airflow/.local/lib/python3.12/site-packages/airflow/example_dags/example_setup_teardown.py
[2024-10-06T04:52:18.762+0000] {processor.py:925} INFO - DAG(s) 'example_setup_teardown' retrieved from /home/airflow/.local/lib/python3.12/site-packages/airflow/example_dags/example_setup_teardown.py
[2024-10-06T04:52:18.779+0000] {logging_mixin.py:190} INFO - [2024-10-06T04:52:18.779+0000] {dag.py:3239} INFO - Sync 1 DAGs
[2024-10-06T04:52:18.791+0000] {logging_mixin.py:190} INFO - [2024-10-06T04:52:18.791+0000] {dag.py:4180} INFO - Setting next_dagrun for example_setup_teardown to None, run_after=None
[2024-10-06T04:52:18.809+0000] {processor.py:208} INFO - Processing /home/airflow/.local/lib/python3.12/site-packages/airflow/example_dags/example_setup_teardown.py took 0.059 seconds
[2024-10-06T04:52:49.037+0000] {processor.py:186} INFO - Started process (PID=3507) to work on /home/airflow/.local/lib/python3.12/site-packages/airflow/example_dags/example_setup_teardown.py
[2024-10-06T04:52:49.038+0000] {processor.py:914} INFO - Processing file /home/airflow/.local/lib/python3.12/site-packages/airflow/example_dags/example_setup_teardown.py for tasks to queue
[2024-10-06T04:52:49.040+0000] {logging_mixin.py:190} INFO - [2024-10-06T04:52:49.039+0000] {dagbag.py:588} INFO - Filling up the DagBag from /home/airflow/.local/lib/python3.12/site-packages/airflow/example_dags/example_setup_teardown.py
[2024-10-06T04:52:49.047+0000] {processor.py:925} INFO - DAG(s) 'example_setup_teardown' retrieved from /home/airflow/.local/lib/python3.12/site-packages/airflow/example_dags/example_setup_teardown.py
[2024-10-06T04:52:49.063+0000] {logging_mixin.py:190} INFO - [2024-10-06T04:52:49.063+0000] {dag.py:3239} INFO - Sync 1 DAGs
[2024-10-06T04:52:49.074+0000] {logging_mixin.py:190} INFO - [2024-10-06T04:52:49.074+0000] {dag.py:4180} INFO - Setting next_dagrun for example_setup_teardown to None, run_after=None
[2024-10-06T04:52:49.092+0000] {processor.py:208} INFO - Processing /home/airflow/.local/lib/python3.12/site-packages/airflow/example_dags/example_setup_teardown.py took 0.060 seconds
[2024-10-06T04:53:19.379+0000] {processor.py:186} INFO - Started process (PID=3570) to work on /home/airflow/.local/lib/python3.12/site-packages/airflow/example_dags/example_setup_teardown.py
[2024-10-06T04:53:19.380+0000] {processor.py:914} INFO - Processing file /home/airflow/.local/lib/python3.12/site-packages/airflow/example_dags/example_setup_teardown.py for tasks to queue
[2024-10-06T04:53:19.381+0000] {logging_mixin.py:190} INFO - [2024-10-06T04:53:19.381+0000] {dagbag.py:588} INFO - Filling up the DagBag from /home/airflow/.local/lib/python3.12/site-packages/airflow/example_dags/example_setup_teardown.py
[2024-10-06T04:53:19.388+0000] {processor.py:925} INFO - DAG(s) 'example_setup_teardown' retrieved from /home/airflow/.local/lib/python3.12/site-packages/airflow/example_dags/example_setup_teardown.py
[2024-10-06T04:53:19.407+0000] {logging_mixin.py:190} INFO - [2024-10-06T04:53:19.407+0000] {dag.py:3239} INFO - Sync 1 DAGs
[2024-10-06T04:53:19.424+0000] {logging_mixin.py:190} INFO - [2024-10-06T04:53:19.423+0000] {dag.py:4180} INFO - Setting next_dagrun for example_setup_teardown to None, run_after=None
[2024-10-06T04:53:19.444+0000] {processor.py:208} INFO - Processing /home/airflow/.local/lib/python3.12/site-packages/airflow/example_dags/example_setup_teardown.py took 0.072 seconds
[2024-10-06T04:53:49.743+0000] {processor.py:186} INFO - Started process (PID=3639) to work on /home/airflow/.local/lib/python3.12/site-packages/airflow/example_dags/example_setup_teardown.py
[2024-10-06T04:53:49.744+0000] {processor.py:914} INFO - Processing file /home/airflow/.local/lib/python3.12/site-packages/airflow/example_dags/example_setup_teardown.py for tasks to queue
[2024-10-06T04:53:49.745+0000] {logging_mixin.py:190} INFO - [2024-10-06T04:53:49.745+0000] {dagbag.py:588} INFO - Filling up the DagBag from /home/airflow/.local/lib/python3.12/site-packages/airflow/example_dags/example_setup_teardown.py
[2024-10-06T04:53:49.751+0000] {processor.py:925} INFO - DAG(s) 'example_setup_teardown' retrieved from /home/airflow/.local/lib/python3.12/site-packages/airflow/example_dags/example_setup_teardown.py
[2024-10-06T04:53:49.768+0000] {logging_mixin.py:190} INFO - [2024-10-06T04:53:49.768+0000] {dag.py:3239} INFO - Sync 1 DAGs
[2024-10-06T04:53:49.782+0000] {logging_mixin.py:190} INFO - [2024-10-06T04:53:49.781+0000] {dag.py:4180} INFO - Setting next_dagrun for example_setup_teardown to None, run_after=None
[2024-10-06T04:53:49.802+0000] {processor.py:208} INFO - Processing /home/airflow/.local/lib/python3.12/site-packages/airflow/example_dags/example_setup_teardown.py took 0.064 seconds
[2024-10-06T04:54:20.726+0000] {processor.py:186} INFO - Started process (PID=3702) to work on /home/airflow/.local/lib/python3.12/site-packages/airflow/example_dags/example_setup_teardown.py
[2024-10-06T04:54:20.727+0000] {processor.py:914} INFO - Processing file /home/airflow/.local/lib/python3.12/site-packages/airflow/example_dags/example_setup_teardown.py for tasks to queue
[2024-10-06T04:54:20.728+0000] {logging_mixin.py:190} INFO - [2024-10-06T04:54:20.728+0000] {dagbag.py:588} INFO - Filling up the DagBag from /home/airflow/.local/lib/python3.12/site-packages/airflow/example_dags/example_setup_teardown.py
[2024-10-06T04:54:20.734+0000] {processor.py:925} INFO - DAG(s) 'example_setup_teardown' retrieved from /home/airflow/.local/lib/python3.12/site-packages/airflow/example_dags/example_setup_teardown.py
[2024-10-06T04:54:20.750+0000] {logging_mixin.py:190} INFO - [2024-10-06T04:54:20.749+0000] {dag.py:3239} INFO - Sync 1 DAGs
[2024-10-06T04:54:20.764+0000] {logging_mixin.py:190} INFO - [2024-10-06T04:54:20.764+0000] {dag.py:4180} INFO - Setting next_dagrun for example_setup_teardown to None, run_after=None
[2024-10-06T04:54:20.781+0000] {processor.py:208} INFO - Processing /home/airflow/.local/lib/python3.12/site-packages/airflow/example_dags/example_setup_teardown.py took 0.060 seconds
[2024-10-06T04:54:51.073+0000] {processor.py:186} INFO - Started process (PID=3766) to work on /home/airflow/.local/lib/python3.12/site-packages/airflow/example_dags/example_setup_teardown.py
[2024-10-06T04:54:51.074+0000] {processor.py:914} INFO - Processing file /home/airflow/.local/lib/python3.12/site-packages/airflow/example_dags/example_setup_teardown.py for tasks to queue
[2024-10-06T04:54:51.075+0000] {logging_mixin.py:190} INFO - [2024-10-06T04:54:51.075+0000] {dagbag.py:588} INFO - Filling up the DagBag from /home/airflow/.local/lib/python3.12/site-packages/airflow/example_dags/example_setup_teardown.py
[2024-10-06T04:54:51.082+0000] {processor.py:925} INFO - DAG(s) 'example_setup_teardown' retrieved from /home/airflow/.local/lib/python3.12/site-packages/airflow/example_dags/example_setup_teardown.py
[2024-10-06T04:54:51.098+0000] {logging_mixin.py:190} INFO - [2024-10-06T04:54:51.098+0000] {dag.py:3239} INFO - Sync 1 DAGs
[2024-10-06T04:54:51.111+0000] {logging_mixin.py:190} INFO - [2024-10-06T04:54:51.111+0000] {dag.py:4180} INFO - Setting next_dagrun for example_setup_teardown to None, run_after=None
[2024-10-06T04:54:51.144+0000] {processor.py:208} INFO - Processing /home/airflow/.local/lib/python3.12/site-packages/airflow/example_dags/example_setup_teardown.py took 0.075 seconds
[2024-10-06T04:55:21.530+0000] {processor.py:186} INFO - Started process (PID=3829) to work on /home/airflow/.local/lib/python3.12/site-packages/airflow/example_dags/example_setup_teardown.py
[2024-10-06T04:55:21.530+0000] {processor.py:914} INFO - Processing file /home/airflow/.local/lib/python3.12/site-packages/airflow/example_dags/example_setup_teardown.py for tasks to queue
[2024-10-06T04:55:21.532+0000] {logging_mixin.py:190} INFO - [2024-10-06T04:55:21.532+0000] {dagbag.py:588} INFO - Filling up the DagBag from /home/airflow/.local/lib/python3.12/site-packages/airflow/example_dags/example_setup_teardown.py
[2024-10-06T04:55:21.538+0000] {processor.py:925} INFO - DAG(s) 'example_setup_teardown' retrieved from /home/airflow/.local/lib/python3.12/site-packages/airflow/example_dags/example_setup_teardown.py
[2024-10-06T04:55:21.553+0000] {logging_mixin.py:190} INFO - [2024-10-06T04:55:21.553+0000] {dag.py:3239} INFO - Sync 1 DAGs
[2024-10-06T04:55:21.565+0000] {logging_mixin.py:190} INFO - [2024-10-06T04:55:21.565+0000] {dag.py:4180} INFO - Setting next_dagrun for example_setup_teardown to None, run_after=None
[2024-10-06T04:55:21.582+0000] {processor.py:208} INFO - Processing /home/airflow/.local/lib/python3.12/site-packages/airflow/example_dags/example_setup_teardown.py took 0.058 seconds
[2024-10-06T04:55:52.107+0000] {processor.py:186} INFO - Started process (PID=3893) to work on /home/airflow/.local/lib/python3.12/site-packages/airflow/example_dags/example_setup_teardown.py
[2024-10-06T04:55:52.108+0000] {processor.py:914} INFO - Processing file /home/airflow/.local/lib/python3.12/site-packages/airflow/example_dags/example_setup_teardown.py for tasks to queue
[2024-10-06T04:55:52.109+0000] {logging_mixin.py:190} INFO - [2024-10-06T04:55:52.109+0000] {dagbag.py:588} INFO - Filling up the DagBag from /home/airflow/.local/lib/python3.12/site-packages/airflow/example_dags/example_setup_teardown.py
[2024-10-06T04:55:52.115+0000] {processor.py:925} INFO - DAG(s) 'example_setup_teardown' retrieved from /home/airflow/.local/lib/python3.12/site-packages/airflow/example_dags/example_setup_teardown.py
[2024-10-06T04:55:52.134+0000] {logging_mixin.py:190} INFO - [2024-10-06T04:55:52.133+0000] {dag.py:3239} INFO - Sync 1 DAGs
[2024-10-06T04:55:52.148+0000] {logging_mixin.py:190} INFO - [2024-10-06T04:55:52.148+0000] {dag.py:4180} INFO - Setting next_dagrun for example_setup_teardown to None, run_after=None
[2024-10-06T04:55:52.166+0000] {processor.py:208} INFO - Processing /home/airflow/.local/lib/python3.12/site-packages/airflow/example_dags/example_setup_teardown.py took 0.064 seconds
[2024-10-06T04:56:22.438+0000] {processor.py:186} INFO - Started process (PID=3957) to work on /home/airflow/.local/lib/python3.12/site-packages/airflow/example_dags/example_setup_teardown.py
[2024-10-06T04:56:22.438+0000] {processor.py:914} INFO - Processing file /home/airflow/.local/lib/python3.12/site-packages/airflow/example_dags/example_setup_teardown.py for tasks to queue
[2024-10-06T04:56:22.439+0000] {logging_mixin.py:190} INFO - [2024-10-06T04:56:22.439+0000] {dagbag.py:588} INFO - Filling up the DagBag from /home/airflow/.local/lib/python3.12/site-packages/airflow/example_dags/example_setup_teardown.py
[2024-10-06T04:56:22.446+0000] {processor.py:925} INFO - DAG(s) 'example_setup_teardown' retrieved from /home/airflow/.local/lib/python3.12/site-packages/airflow/example_dags/example_setup_teardown.py
[2024-10-06T04:56:22.462+0000] {logging_mixin.py:190} INFO - [2024-10-06T04:56:22.462+0000] {dag.py:3239} INFO - Sync 1 DAGs
[2024-10-06T04:56:22.475+0000] {logging_mixin.py:190} INFO - [2024-10-06T04:56:22.475+0000] {dag.py:4180} INFO - Setting next_dagrun for example_setup_teardown to None, run_after=None
[2024-10-06T04:56:22.502+0000] {processor.py:208} INFO - Processing /home/airflow/.local/lib/python3.12/site-packages/airflow/example_dags/example_setup_teardown.py took 0.070 seconds
[2024-10-06T04:56:52.946+0000] {processor.py:186} INFO - Started process (PID=4021) to work on /home/airflow/.local/lib/python3.12/site-packages/airflow/example_dags/example_setup_teardown.py
[2024-10-06T04:56:52.946+0000] {processor.py:914} INFO - Processing file /home/airflow/.local/lib/python3.12/site-packages/airflow/example_dags/example_setup_teardown.py for tasks to queue
[2024-10-06T04:56:52.948+0000] {logging_mixin.py:190} INFO - [2024-10-06T04:56:52.947+0000] {dagbag.py:588} INFO - Filling up the DagBag from /home/airflow/.local/lib/python3.12/site-packages/airflow/example_dags/example_setup_teardown.py
[2024-10-06T04:56:52.954+0000] {processor.py:925} INFO - DAG(s) 'example_setup_teardown' retrieved from /home/airflow/.local/lib/python3.12/site-packages/airflow/example_dags/example_setup_teardown.py
[2024-10-06T04:56:52.973+0000] {logging_mixin.py:190} INFO - [2024-10-06T04:56:52.973+0000] {dag.py:3239} INFO - Sync 1 DAGs
[2024-10-06T04:56:52.988+0000] {logging_mixin.py:190} INFO - [2024-10-06T04:56:52.988+0000] {dag.py:4180} INFO - Setting next_dagrun for example_setup_teardown to None, run_after=None
[2024-10-06T04:56:53.012+0000] {processor.py:208} INFO - Processing /home/airflow/.local/lib/python3.12/site-packages/airflow/example_dags/example_setup_teardown.py took 0.072 seconds
[2024-10-06T04:57:23.504+0000] {processor.py:186} INFO - Started process (PID=4085) to work on /home/airflow/.local/lib/python3.12/site-packages/airflow/example_dags/example_setup_teardown.py
[2024-10-06T04:57:23.505+0000] {processor.py:914} INFO - Processing file /home/airflow/.local/lib/python3.12/site-packages/airflow/example_dags/example_setup_teardown.py for tasks to queue
[2024-10-06T04:57:23.506+0000] {logging_mixin.py:190} INFO - [2024-10-06T04:57:23.506+0000] {dagbag.py:588} INFO - Filling up the DagBag from /home/airflow/.local/lib/python3.12/site-packages/airflow/example_dags/example_setup_teardown.py
[2024-10-06T04:57:23.512+0000] {processor.py:925} INFO - DAG(s) 'example_setup_teardown' retrieved from /home/airflow/.local/lib/python3.12/site-packages/airflow/example_dags/example_setup_teardown.py
[2024-10-06T04:57:23.532+0000] {logging_mixin.py:190} INFO - [2024-10-06T04:57:23.532+0000] {dag.py:3239} INFO - Sync 1 DAGs
[2024-10-06T04:57:23.548+0000] {logging_mixin.py:190} INFO - [2024-10-06T04:57:23.548+0000] {dag.py:4180} INFO - Setting next_dagrun for example_setup_teardown to None, run_after=None
[2024-10-06T04:57:23.571+0000] {processor.py:208} INFO - Processing /home/airflow/.local/lib/python3.12/site-packages/airflow/example_dags/example_setup_teardown.py took 0.074 seconds
