[2024-10-06T04:25:23.205+0000] {processor.py:186} INFO - Started process (PID=103) to work on /home/airflow/.local/lib/python3.12/site-packages/airflow/example_dags/example_nested_branch_dag.py
[2024-10-06T04:25:23.206+0000] {processor.py:914} INFO - Processing file /home/airflow/.local/lib/python3.12/site-packages/airflow/example_dags/example_nested_branch_dag.py for tasks to queue
[2024-10-06T04:25:23.208+0000] {logging_mixin.py:190} INFO - [2024-10-06T04:25:23.208+0000] {dagbag.py:588} INFO - Filling up the DagBag from /home/airflow/.local/lib/python3.12/site-packages/airflow/example_dags/example_nested_branch_dag.py
[2024-10-06T04:25:23.221+0000] {processor.py:925} INFO - DAG(s) 'example_nested_branch_dag' retrieved from /home/airflow/.local/lib/python3.12/site-packages/airflow/example_dags/example_nested_branch_dag.py
[2024-10-06T04:25:23.319+0000] {logging_mixin.py:190} INFO - [2024-10-06T04:25:23.318+0000] {override.py:1900} INFO - Created Permission View: can edit on DAG:example_nested_branch_dag
[2024-10-06T04:25:23.330+0000] {logging_mixin.py:190} INFO - [2024-10-06T04:25:23.330+0000] {override.py:1900} INFO - Created Permission View: can delete on DAG:example_nested_branch_dag
[2024-10-06T04:25:23.339+0000] {logging_mixin.py:190} INFO - [2024-10-06T04:25:23.338+0000] {override.py:1900} INFO - Created Permission View: can read on DAG:example_nested_branch_dag
[2024-10-06T04:25:23.352+0000] {logging_mixin.py:190} INFO - [2024-10-06T04:25:23.351+0000] {override.py:1900} INFO - Created Permission View: can delete on DAG Run:example_nested_branch_dag
[2024-10-06T04:25:23.364+0000] {logging_mixin.py:190} INFO - [2024-10-06T04:25:23.364+0000] {override.py:1900} INFO - Created Permission View: can create on DAG Run:example_nested_branch_dag
[2024-10-06T04:25:23.371+0000] {logging_mixin.py:190} INFO - [2024-10-06T04:25:23.371+0000] {override.py:1900} INFO - Created Permission View: menu access on DAG Run:example_nested_branch_dag
[2024-10-06T04:25:23.384+0000] {logging_mixin.py:190} INFO - [2024-10-06T04:25:23.384+0000] {override.py:1900} INFO - Created Permission View: can read on DAG Run:example_nested_branch_dag
[2024-10-06T04:25:23.384+0000] {logging_mixin.py:190} INFO - [2024-10-06T04:25:23.384+0000] {dag.py:3239} INFO - Sync 1 DAGs
[2024-10-06T04:25:23.396+0000] {logging_mixin.py:190} INFO - [2024-10-06T04:25:23.396+0000] {dag.py:3262} INFO - Creating ORM DAG for example_nested_branch_dag
[2024-10-06T04:25:23.407+0000] {logging_mixin.py:190} INFO - [2024-10-06T04:25:23.406+0000] {dag.py:4180} INFO - Setting next_dagrun for example_nested_branch_dag to 2024-10-05 00:00:00+00:00, run_after=2024-10-06 00:00:00+00:00
[2024-10-06T04:25:23.425+0000] {processor.py:208} INFO - Processing /home/airflow/.local/lib/python3.12/site-packages/airflow/example_dags/example_nested_branch_dag.py took 0.224 seconds
[2024-10-06T04:25:54.199+0000] {processor.py:186} INFO - Started process (PID=166) to work on /home/airflow/.local/lib/python3.12/site-packages/airflow/example_dags/example_nested_branch_dag.py
[2024-10-06T04:25:54.200+0000] {processor.py:914} INFO - Processing file /home/airflow/.local/lib/python3.12/site-packages/airflow/example_dags/example_nested_branch_dag.py for tasks to queue
[2024-10-06T04:25:54.201+0000] {logging_mixin.py:190} INFO - [2024-10-06T04:25:54.201+0000] {dagbag.py:588} INFO - Filling up the DagBag from /home/airflow/.local/lib/python3.12/site-packages/airflow/example_dags/example_nested_branch_dag.py
[2024-10-06T04:25:54.210+0000] {processor.py:925} INFO - DAG(s) 'example_nested_branch_dag' retrieved from /home/airflow/.local/lib/python3.12/site-packages/airflow/example_dags/example_nested_branch_dag.py
[2024-10-06T04:25:54.226+0000] {logging_mixin.py:190} INFO - [2024-10-06T04:25:54.226+0000] {dag.py:3239} INFO - Sync 1 DAGs
[2024-10-06T04:25:54.245+0000] {logging_mixin.py:190} INFO - [2024-10-06T04:25:54.245+0000] {dag.py:4180} INFO - Setting next_dagrun for example_nested_branch_dag to 2024-10-05 00:00:00+00:00, run_after=2024-10-06 00:00:00+00:00
[2024-10-06T04:25:54.261+0000] {processor.py:208} INFO - Processing /home/airflow/.local/lib/python3.12/site-packages/airflow/example_dags/example_nested_branch_dag.py took 0.066 seconds
[2024-10-06T04:26:24.460+0000] {processor.py:186} INFO - Started process (PID=228) to work on /home/airflow/.local/lib/python3.12/site-packages/airflow/example_dags/example_nested_branch_dag.py
[2024-10-06T04:26:24.461+0000] {processor.py:914} INFO - Processing file /home/airflow/.local/lib/python3.12/site-packages/airflow/example_dags/example_nested_branch_dag.py for tasks to queue
[2024-10-06T04:26:24.463+0000] {logging_mixin.py:190} INFO - [2024-10-06T04:26:24.463+0000] {dagbag.py:588} INFO - Filling up the DagBag from /home/airflow/.local/lib/python3.12/site-packages/airflow/example_dags/example_nested_branch_dag.py
[2024-10-06T04:26:24.472+0000] {processor.py:925} INFO - DAG(s) 'example_nested_branch_dag' retrieved from /home/airflow/.local/lib/python3.12/site-packages/airflow/example_dags/example_nested_branch_dag.py
[2024-10-06T04:26:24.488+0000] {logging_mixin.py:190} INFO - [2024-10-06T04:26:24.488+0000] {dag.py:3239} INFO - Sync 1 DAGs
[2024-10-06T04:26:24.508+0000] {logging_mixin.py:190} INFO - [2024-10-06T04:26:24.508+0000] {dag.py:4180} INFO - Setting next_dagrun for example_nested_branch_dag to 2024-10-05 00:00:00+00:00, run_after=2024-10-06 00:00:00+00:00
[2024-10-06T04:26:24.534+0000] {processor.py:208} INFO - Processing /home/airflow/.local/lib/python3.12/site-packages/airflow/example_dags/example_nested_branch_dag.py took 0.078 seconds
[2024-10-06T04:26:54.718+0000] {processor.py:186} INFO - Started process (PID=290) to work on /home/airflow/.local/lib/python3.12/site-packages/airflow/example_dags/example_nested_branch_dag.py
[2024-10-06T04:26:54.719+0000] {processor.py:914} INFO - Processing file /home/airflow/.local/lib/python3.12/site-packages/airflow/example_dags/example_nested_branch_dag.py for tasks to queue
[2024-10-06T04:26:54.722+0000] {logging_mixin.py:190} INFO - [2024-10-06T04:26:54.722+0000] {dagbag.py:588} INFO - Filling up the DagBag from /home/airflow/.local/lib/python3.12/site-packages/airflow/example_dags/example_nested_branch_dag.py
[2024-10-06T04:26:54.733+0000] {processor.py:925} INFO - DAG(s) 'example_nested_branch_dag' retrieved from /home/airflow/.local/lib/python3.12/site-packages/airflow/example_dags/example_nested_branch_dag.py
[2024-10-06T04:26:54.752+0000] {logging_mixin.py:190} INFO - [2024-10-06T04:26:54.752+0000] {dag.py:3239} INFO - Sync 1 DAGs
[2024-10-06T04:26:54.779+0000] {logging_mixin.py:190} INFO - [2024-10-06T04:26:54.779+0000] {dag.py:4180} INFO - Setting next_dagrun for example_nested_branch_dag to 2024-10-05 00:00:00+00:00, run_after=2024-10-06 00:00:00+00:00
[2024-10-06T04:26:54.804+0000] {processor.py:208} INFO - Processing /home/airflow/.local/lib/python3.12/site-packages/airflow/example_dags/example_nested_branch_dag.py took 0.092 seconds
[2024-10-06T04:27:25.380+0000] {processor.py:186} INFO - Started process (PID=352) to work on /home/airflow/.local/lib/python3.12/site-packages/airflow/example_dags/example_nested_branch_dag.py
[2024-10-06T04:27:25.381+0000] {processor.py:914} INFO - Processing file /home/airflow/.local/lib/python3.12/site-packages/airflow/example_dags/example_nested_branch_dag.py for tasks to queue
[2024-10-06T04:27:25.383+0000] {logging_mixin.py:190} INFO - [2024-10-06T04:27:25.383+0000] {dagbag.py:588} INFO - Filling up the DagBag from /home/airflow/.local/lib/python3.12/site-packages/airflow/example_dags/example_nested_branch_dag.py
[2024-10-06T04:27:25.392+0000] {processor.py:925} INFO - DAG(s) 'example_nested_branch_dag' retrieved from /home/airflow/.local/lib/python3.12/site-packages/airflow/example_dags/example_nested_branch_dag.py
[2024-10-06T04:27:25.409+0000] {logging_mixin.py:190} INFO - [2024-10-06T04:27:25.409+0000] {dag.py:3239} INFO - Sync 1 DAGs
[2024-10-06T04:27:25.428+0000] {logging_mixin.py:190} INFO - [2024-10-06T04:27:25.427+0000] {dag.py:4180} INFO - Setting next_dagrun for example_nested_branch_dag to 2024-10-05 00:00:00+00:00, run_after=2024-10-06 00:00:00+00:00
[2024-10-06T04:27:25.445+0000] {processor.py:208} INFO - Processing /home/airflow/.local/lib/python3.12/site-packages/airflow/example_dags/example_nested_branch_dag.py took 0.069 seconds
[2024-10-06T04:27:55.640+0000] {processor.py:186} INFO - Started process (PID=414) to work on /home/airflow/.local/lib/python3.12/site-packages/airflow/example_dags/example_nested_branch_dag.py
[2024-10-06T04:27:55.640+0000] {processor.py:914} INFO - Processing file /home/airflow/.local/lib/python3.12/site-packages/airflow/example_dags/example_nested_branch_dag.py for tasks to queue
[2024-10-06T04:27:55.642+0000] {logging_mixin.py:190} INFO - [2024-10-06T04:27:55.642+0000] {dagbag.py:588} INFO - Filling up the DagBag from /home/airflow/.local/lib/python3.12/site-packages/airflow/example_dags/example_nested_branch_dag.py
[2024-10-06T04:27:55.651+0000] {processor.py:925} INFO - DAG(s) 'example_nested_branch_dag' retrieved from /home/airflow/.local/lib/python3.12/site-packages/airflow/example_dags/example_nested_branch_dag.py
[2024-10-06T04:27:55.668+0000] {logging_mixin.py:190} INFO - [2024-10-06T04:27:55.668+0000] {dag.py:3239} INFO - Sync 1 DAGs
[2024-10-06T04:27:55.686+0000] {logging_mixin.py:190} INFO - [2024-10-06T04:27:55.686+0000] {dag.py:4180} INFO - Setting next_dagrun for example_nested_branch_dag to 2024-10-05 00:00:00+00:00, run_after=2024-10-06 00:00:00+00:00
[2024-10-06T04:27:55.704+0000] {processor.py:208} INFO - Processing /home/airflow/.local/lib/python3.12/site-packages/airflow/example_dags/example_nested_branch_dag.py took 0.068 seconds
[2024-10-06T04:28:25.955+0000] {processor.py:186} INFO - Started process (PID=477) to work on /home/airflow/.local/lib/python3.12/site-packages/airflow/example_dags/example_nested_branch_dag.py
[2024-10-06T04:28:25.955+0000] {processor.py:914} INFO - Processing file /home/airflow/.local/lib/python3.12/site-packages/airflow/example_dags/example_nested_branch_dag.py for tasks to queue
[2024-10-06T04:28:25.957+0000] {logging_mixin.py:190} INFO - [2024-10-06T04:28:25.957+0000] {dagbag.py:588} INFO - Filling up the DagBag from /home/airflow/.local/lib/python3.12/site-packages/airflow/example_dags/example_nested_branch_dag.py
[2024-10-06T04:28:25.966+0000] {processor.py:925} INFO - DAG(s) 'example_nested_branch_dag' retrieved from /home/airflow/.local/lib/python3.12/site-packages/airflow/example_dags/example_nested_branch_dag.py
[2024-10-06T04:28:25.984+0000] {logging_mixin.py:190} INFO - [2024-10-06T04:28:25.984+0000] {dag.py:3239} INFO - Sync 1 DAGs
[2024-10-06T04:28:26.003+0000] {logging_mixin.py:190} INFO - [2024-10-06T04:28:26.003+0000] {dag.py:4180} INFO - Setting next_dagrun for example_nested_branch_dag to 2024-10-05 00:00:00+00:00, run_after=2024-10-06 00:00:00+00:00
[2024-10-06T04:28:26.023+0000] {processor.py:208} INFO - Processing /home/airflow/.local/lib/python3.12/site-packages/airflow/example_dags/example_nested_branch_dag.py took 0.073 seconds
[2024-10-06T04:28:56.193+0000] {processor.py:186} INFO - Started process (PID=539) to work on /home/airflow/.local/lib/python3.12/site-packages/airflow/example_dags/example_nested_branch_dag.py
[2024-10-06T04:28:56.194+0000] {processor.py:914} INFO - Processing file /home/airflow/.local/lib/python3.12/site-packages/airflow/example_dags/example_nested_branch_dag.py for tasks to queue
[2024-10-06T04:28:56.197+0000] {logging_mixin.py:190} INFO - [2024-10-06T04:28:56.196+0000] {dagbag.py:588} INFO - Filling up the DagBag from /home/airflow/.local/lib/python3.12/site-packages/airflow/example_dags/example_nested_branch_dag.py
[2024-10-06T04:28:56.207+0000] {processor.py:925} INFO - DAG(s) 'example_nested_branch_dag' retrieved from /home/airflow/.local/lib/python3.12/site-packages/airflow/example_dags/example_nested_branch_dag.py
[2024-10-06T04:28:56.225+0000] {logging_mixin.py:190} INFO - [2024-10-06T04:28:56.225+0000] {dag.py:3239} INFO - Sync 1 DAGs
[2024-10-06T04:28:56.245+0000] {logging_mixin.py:190} INFO - [2024-10-06T04:28:56.245+0000] {dag.py:4180} INFO - Setting next_dagrun for example_nested_branch_dag to 2024-10-05 00:00:00+00:00, run_after=2024-10-06 00:00:00+00:00
[2024-10-06T04:28:56.270+0000] {processor.py:208} INFO - Processing /home/airflow/.local/lib/python3.12/site-packages/airflow/example_dags/example_nested_branch_dag.py took 0.081 seconds
[2024-10-06T04:29:26.416+0000] {processor.py:186} INFO - Started process (PID=601) to work on /home/airflow/.local/lib/python3.12/site-packages/airflow/example_dags/example_nested_branch_dag.py
[2024-10-06T04:29:26.417+0000] {processor.py:914} INFO - Processing file /home/airflow/.local/lib/python3.12/site-packages/airflow/example_dags/example_nested_branch_dag.py for tasks to queue
[2024-10-06T04:29:26.418+0000] {logging_mixin.py:190} INFO - [2024-10-06T04:29:26.418+0000] {dagbag.py:588} INFO - Filling up the DagBag from /home/airflow/.local/lib/python3.12/site-packages/airflow/example_dags/example_nested_branch_dag.py
[2024-10-06T04:29:26.427+0000] {processor.py:925} INFO - DAG(s) 'example_nested_branch_dag' retrieved from /home/airflow/.local/lib/python3.12/site-packages/airflow/example_dags/example_nested_branch_dag.py
[2024-10-06T04:29:26.443+0000] {logging_mixin.py:190} INFO - [2024-10-06T04:29:26.443+0000] {dag.py:3239} INFO - Sync 1 DAGs
[2024-10-06T04:29:26.461+0000] {logging_mixin.py:190} INFO - [2024-10-06T04:29:26.461+0000] {dag.py:4180} INFO - Setting next_dagrun for example_nested_branch_dag to 2024-10-05 00:00:00+00:00, run_after=2024-10-06 00:00:00+00:00
[2024-10-06T04:29:26.486+0000] {processor.py:208} INFO - Processing /home/airflow/.local/lib/python3.12/site-packages/airflow/example_dags/example_nested_branch_dag.py took 0.074 seconds
[2024-10-06T04:29:56.615+0000] {processor.py:186} INFO - Started process (PID=663) to work on /home/airflow/.local/lib/python3.12/site-packages/airflow/example_dags/example_nested_branch_dag.py
[2024-10-06T04:29:56.616+0000] {processor.py:914} INFO - Processing file /home/airflow/.local/lib/python3.12/site-packages/airflow/example_dags/example_nested_branch_dag.py for tasks to queue
[2024-10-06T04:29:56.618+0000] {logging_mixin.py:190} INFO - [2024-10-06T04:29:56.618+0000] {dagbag.py:588} INFO - Filling up the DagBag from /home/airflow/.local/lib/python3.12/site-packages/airflow/example_dags/example_nested_branch_dag.py
[2024-10-06T04:29:56.626+0000] {processor.py:925} INFO - DAG(s) 'example_nested_branch_dag' retrieved from /home/airflow/.local/lib/python3.12/site-packages/airflow/example_dags/example_nested_branch_dag.py
[2024-10-06T04:29:56.642+0000] {logging_mixin.py:190} INFO - [2024-10-06T04:29:56.642+0000] {dag.py:3239} INFO - Sync 1 DAGs
[2024-10-06T04:29:56.660+0000] {logging_mixin.py:190} INFO - [2024-10-06T04:29:56.660+0000] {dag.py:4180} INFO - Setting next_dagrun for example_nested_branch_dag to 2024-10-05 00:00:00+00:00, run_after=2024-10-06 00:00:00+00:00
[2024-10-06T04:29:56.677+0000] {processor.py:208} INFO - Processing /home/airflow/.local/lib/python3.12/site-packages/airflow/example_dags/example_nested_branch_dag.py took 0.066 seconds
[2024-10-06T04:30:26.883+0000] {processor.py:186} INFO - Started process (PID=726) to work on /home/airflow/.local/lib/python3.12/site-packages/airflow/example_dags/example_nested_branch_dag.py
[2024-10-06T04:30:26.884+0000] {processor.py:914} INFO - Processing file /home/airflow/.local/lib/python3.12/site-packages/airflow/example_dags/example_nested_branch_dag.py for tasks to queue
[2024-10-06T04:30:26.886+0000] {logging_mixin.py:190} INFO - [2024-10-06T04:30:26.885+0000] {dagbag.py:588} INFO - Filling up the DagBag from /home/airflow/.local/lib/python3.12/site-packages/airflow/example_dags/example_nested_branch_dag.py
[2024-10-06T04:30:26.897+0000] {processor.py:925} INFO - DAG(s) 'example_nested_branch_dag' retrieved from /home/airflow/.local/lib/python3.12/site-packages/airflow/example_dags/example_nested_branch_dag.py
[2024-10-06T04:30:26.919+0000] {logging_mixin.py:190} INFO - [2024-10-06T04:30:26.919+0000] {dag.py:3239} INFO - Sync 1 DAGs
[2024-10-06T04:30:26.940+0000] {logging_mixin.py:190} INFO - [2024-10-06T04:30:26.940+0000] {dag.py:4180} INFO - Setting next_dagrun for example_nested_branch_dag to 2024-10-05 00:00:00+00:00, run_after=2024-10-06 00:00:00+00:00
[2024-10-06T04:30:26.960+0000] {processor.py:208} INFO - Processing /home/airflow/.local/lib/python3.12/site-packages/airflow/example_dags/example_nested_branch_dag.py took 0.083 seconds
[2024-10-06T04:30:57.092+0000] {processor.py:186} INFO - Started process (PID=789) to work on /home/airflow/.local/lib/python3.12/site-packages/airflow/example_dags/example_nested_branch_dag.py
[2024-10-06T04:30:57.092+0000] {processor.py:914} INFO - Processing file /home/airflow/.local/lib/python3.12/site-packages/airflow/example_dags/example_nested_branch_dag.py for tasks to queue
[2024-10-06T04:30:57.094+0000] {logging_mixin.py:190} INFO - [2024-10-06T04:30:57.094+0000] {dagbag.py:588} INFO - Filling up the DagBag from /home/airflow/.local/lib/python3.12/site-packages/airflow/example_dags/example_nested_branch_dag.py
[2024-10-06T04:30:57.103+0000] {processor.py:925} INFO - DAG(s) 'example_nested_branch_dag' retrieved from /home/airflow/.local/lib/python3.12/site-packages/airflow/example_dags/example_nested_branch_dag.py
[2024-10-06T04:30:57.123+0000] {logging_mixin.py:190} INFO - [2024-10-06T04:30:57.123+0000] {dag.py:3239} INFO - Sync 1 DAGs
[2024-10-06T04:30:57.150+0000] {logging_mixin.py:190} INFO - [2024-10-06T04:30:57.150+0000] {dag.py:4180} INFO - Setting next_dagrun for example_nested_branch_dag to 2024-10-05 00:00:00+00:00, run_after=2024-10-06 00:00:00+00:00
[2024-10-06T04:30:57.178+0000] {processor.py:208} INFO - Processing /home/airflow/.local/lib/python3.12/site-packages/airflow/example_dags/example_nested_branch_dag.py took 0.091 seconds
[2024-10-06T04:31:27.427+0000] {processor.py:186} INFO - Started process (PID=852) to work on /home/airflow/.local/lib/python3.12/site-packages/airflow/example_dags/example_nested_branch_dag.py
[2024-10-06T04:31:27.428+0000] {processor.py:914} INFO - Processing file /home/airflow/.local/lib/python3.12/site-packages/airflow/example_dags/example_nested_branch_dag.py for tasks to queue
[2024-10-06T04:31:27.430+0000] {logging_mixin.py:190} INFO - [2024-10-06T04:31:27.430+0000] {dagbag.py:588} INFO - Filling up the DagBag from /home/airflow/.local/lib/python3.12/site-packages/airflow/example_dags/example_nested_branch_dag.py
[2024-10-06T04:31:27.440+0000] {processor.py:925} INFO - DAG(s) 'example_nested_branch_dag' retrieved from /home/airflow/.local/lib/python3.12/site-packages/airflow/example_dags/example_nested_branch_dag.py
[2024-10-06T04:31:27.458+0000] {logging_mixin.py:190} INFO - [2024-10-06T04:31:27.458+0000] {dag.py:3239} INFO - Sync 1 DAGs
[2024-10-06T04:31:27.477+0000] {logging_mixin.py:190} INFO - [2024-10-06T04:31:27.477+0000] {dag.py:4180} INFO - Setting next_dagrun for example_nested_branch_dag to 2024-10-05 00:00:00+00:00, run_after=2024-10-06 00:00:00+00:00
[2024-10-06T04:31:27.496+0000] {processor.py:208} INFO - Processing /home/airflow/.local/lib/python3.12/site-packages/airflow/example_dags/example_nested_branch_dag.py took 0.075 seconds
[2024-10-06T04:31:57.653+0000] {processor.py:186} INFO - Started process (PID=915) to work on /home/airflow/.local/lib/python3.12/site-packages/airflow/example_dags/example_nested_branch_dag.py
[2024-10-06T04:31:57.654+0000] {processor.py:914} INFO - Processing file /home/airflow/.local/lib/python3.12/site-packages/airflow/example_dags/example_nested_branch_dag.py for tasks to queue
[2024-10-06T04:31:57.656+0000] {logging_mixin.py:190} INFO - [2024-10-06T04:31:57.655+0000] {dagbag.py:588} INFO - Filling up the DagBag from /home/airflow/.local/lib/python3.12/site-packages/airflow/example_dags/example_nested_branch_dag.py
[2024-10-06T04:31:57.664+0000] {processor.py:925} INFO - DAG(s) 'example_nested_branch_dag' retrieved from /home/airflow/.local/lib/python3.12/site-packages/airflow/example_dags/example_nested_branch_dag.py
[2024-10-06T04:31:57.681+0000] {logging_mixin.py:190} INFO - [2024-10-06T04:31:57.680+0000] {dag.py:3239} INFO - Sync 1 DAGs
[2024-10-06T04:31:57.702+0000] {logging_mixin.py:190} INFO - [2024-10-06T04:31:57.702+0000] {dag.py:4180} INFO - Setting next_dagrun for example_nested_branch_dag to 2024-10-05 00:00:00+00:00, run_after=2024-10-06 00:00:00+00:00
[2024-10-06T04:31:57.727+0000] {processor.py:208} INFO - Processing /home/airflow/.local/lib/python3.12/site-packages/airflow/example_dags/example_nested_branch_dag.py took 0.078 seconds
[2024-10-06T04:32:27.890+0000] {processor.py:186} INFO - Started process (PID=978) to work on /home/airflow/.local/lib/python3.12/site-packages/airflow/example_dags/example_nested_branch_dag.py
[2024-10-06T04:32:27.891+0000] {processor.py:914} INFO - Processing file /home/airflow/.local/lib/python3.12/site-packages/airflow/example_dags/example_nested_branch_dag.py for tasks to queue
[2024-10-06T04:32:27.893+0000] {logging_mixin.py:190} INFO - [2024-10-06T04:32:27.893+0000] {dagbag.py:588} INFO - Filling up the DagBag from /home/airflow/.local/lib/python3.12/site-packages/airflow/example_dags/example_nested_branch_dag.py
[2024-10-06T04:32:27.901+0000] {processor.py:925} INFO - DAG(s) 'example_nested_branch_dag' retrieved from /home/airflow/.local/lib/python3.12/site-packages/airflow/example_dags/example_nested_branch_dag.py
[2024-10-06T04:32:27.918+0000] {logging_mixin.py:190} INFO - [2024-10-06T04:32:27.917+0000] {dag.py:3239} INFO - Sync 1 DAGs
[2024-10-06T04:32:27.936+0000] {logging_mixin.py:190} INFO - [2024-10-06T04:32:27.935+0000] {dag.py:4180} INFO - Setting next_dagrun for example_nested_branch_dag to 2024-10-05 00:00:00+00:00, run_after=2024-10-06 00:00:00+00:00
[2024-10-06T04:32:27.961+0000] {processor.py:208} INFO - Processing /home/airflow/.local/lib/python3.12/site-packages/airflow/example_dags/example_nested_branch_dag.py took 0.075 seconds
[2024-10-06T04:32:58.052+0000] {processor.py:186} INFO - Started process (PID=1041) to work on /home/airflow/.local/lib/python3.12/site-packages/airflow/example_dags/example_nested_branch_dag.py
[2024-10-06T04:32:58.052+0000] {processor.py:914} INFO - Processing file /home/airflow/.local/lib/python3.12/site-packages/airflow/example_dags/example_nested_branch_dag.py for tasks to queue
[2024-10-06T04:32:58.054+0000] {logging_mixin.py:190} INFO - [2024-10-06T04:32:58.054+0000] {dagbag.py:588} INFO - Filling up the DagBag from /home/airflow/.local/lib/python3.12/site-packages/airflow/example_dags/example_nested_branch_dag.py
[2024-10-06T04:32:58.063+0000] {processor.py:925} INFO - DAG(s) 'example_nested_branch_dag' retrieved from /home/airflow/.local/lib/python3.12/site-packages/airflow/example_dags/example_nested_branch_dag.py
[2024-10-06T04:32:58.078+0000] {logging_mixin.py:190} INFO - [2024-10-06T04:32:58.078+0000] {dag.py:3239} INFO - Sync 1 DAGs
[2024-10-06T04:32:58.096+0000] {logging_mixin.py:190} INFO - [2024-10-06T04:32:58.096+0000] {dag.py:4180} INFO - Setting next_dagrun for example_nested_branch_dag to 2024-10-05 00:00:00+00:00, run_after=2024-10-06 00:00:00+00:00
[2024-10-06T04:32:58.113+0000] {processor.py:208} INFO - Processing /home/airflow/.local/lib/python3.12/site-packages/airflow/example_dags/example_nested_branch_dag.py took 0.065 seconds
[2024-10-06T04:33:28.307+0000] {processor.py:186} INFO - Started process (PID=1104) to work on /home/airflow/.local/lib/python3.12/site-packages/airflow/example_dags/example_nested_branch_dag.py
[2024-10-06T04:33:28.308+0000] {processor.py:914} INFO - Processing file /home/airflow/.local/lib/python3.12/site-packages/airflow/example_dags/example_nested_branch_dag.py for tasks to queue
[2024-10-06T04:33:28.310+0000] {logging_mixin.py:190} INFO - [2024-10-06T04:33:28.310+0000] {dagbag.py:588} INFO - Filling up the DagBag from /home/airflow/.local/lib/python3.12/site-packages/airflow/example_dags/example_nested_branch_dag.py
[2024-10-06T04:33:28.319+0000] {processor.py:925} INFO - DAG(s) 'example_nested_branch_dag' retrieved from /home/airflow/.local/lib/python3.12/site-packages/airflow/example_dags/example_nested_branch_dag.py
[2024-10-06T04:33:28.341+0000] {logging_mixin.py:190} INFO - [2024-10-06T04:33:28.341+0000] {dag.py:3239} INFO - Sync 1 DAGs
[2024-10-06T04:33:28.364+0000] {logging_mixin.py:190} INFO - [2024-10-06T04:33:28.364+0000] {dag.py:4180} INFO - Setting next_dagrun for example_nested_branch_dag to 2024-10-05 00:00:00+00:00, run_after=2024-10-06 00:00:00+00:00
[2024-10-06T04:33:28.383+0000] {processor.py:208} INFO - Processing /home/airflow/.local/lib/python3.12/site-packages/airflow/example_dags/example_nested_branch_dag.py took 0.081 seconds
[2024-10-06T04:33:58.593+0000] {processor.py:186} INFO - Started process (PID=1167) to work on /home/airflow/.local/lib/python3.12/site-packages/airflow/example_dags/example_nested_branch_dag.py
[2024-10-06T04:33:58.594+0000] {processor.py:914} INFO - Processing file /home/airflow/.local/lib/python3.12/site-packages/airflow/example_dags/example_nested_branch_dag.py for tasks to queue
[2024-10-06T04:33:58.597+0000] {logging_mixin.py:190} INFO - [2024-10-06T04:33:58.596+0000] {dagbag.py:588} INFO - Filling up the DagBag from /home/airflow/.local/lib/python3.12/site-packages/airflow/example_dags/example_nested_branch_dag.py
[2024-10-06T04:33:58.609+0000] {processor.py:925} INFO - DAG(s) 'example_nested_branch_dag' retrieved from /home/airflow/.local/lib/python3.12/site-packages/airflow/example_dags/example_nested_branch_dag.py
[2024-10-06T04:33:58.628+0000] {logging_mixin.py:190} INFO - [2024-10-06T04:33:58.628+0000] {dag.py:3239} INFO - Sync 1 DAGs
[2024-10-06T04:33:58.652+0000] {logging_mixin.py:190} INFO - [2024-10-06T04:33:58.651+0000] {dag.py:4180} INFO - Setting next_dagrun for example_nested_branch_dag to 2024-10-05 00:00:00+00:00, run_after=2024-10-06 00:00:00+00:00
[2024-10-06T04:33:58.676+0000] {processor.py:208} INFO - Processing /home/airflow/.local/lib/python3.12/site-packages/airflow/example_dags/example_nested_branch_dag.py took 0.090 seconds
[2024-10-06T04:34:29.174+0000] {processor.py:186} INFO - Started process (PID=1230) to work on /home/airflow/.local/lib/python3.12/site-packages/airflow/example_dags/example_nested_branch_dag.py
[2024-10-06T04:34:29.174+0000] {processor.py:914} INFO - Processing file /home/airflow/.local/lib/python3.12/site-packages/airflow/example_dags/example_nested_branch_dag.py for tasks to queue
[2024-10-06T04:34:29.177+0000] {logging_mixin.py:190} INFO - [2024-10-06T04:34:29.177+0000] {dagbag.py:588} INFO - Filling up the DagBag from /home/airflow/.local/lib/python3.12/site-packages/airflow/example_dags/example_nested_branch_dag.py
[2024-10-06T04:34:29.188+0000] {processor.py:925} INFO - DAG(s) 'example_nested_branch_dag' retrieved from /home/airflow/.local/lib/python3.12/site-packages/airflow/example_dags/example_nested_branch_dag.py
[2024-10-06T04:34:29.204+0000] {logging_mixin.py:190} INFO - [2024-10-06T04:34:29.204+0000] {dag.py:3239} INFO - Sync 1 DAGs
[2024-10-06T04:34:29.223+0000] {logging_mixin.py:190} INFO - [2024-10-06T04:34:29.223+0000] {dag.py:4180} INFO - Setting next_dagrun for example_nested_branch_dag to 2024-10-05 00:00:00+00:00, run_after=2024-10-06 00:00:00+00:00
[2024-10-06T04:34:29.240+0000] {processor.py:208} INFO - Processing /home/airflow/.local/lib/python3.12/site-packages/airflow/example_dags/example_nested_branch_dag.py took 0.073 seconds
[2024-10-06T04:34:59.531+0000] {processor.py:186} INFO - Started process (PID=1293) to work on /home/airflow/.local/lib/python3.12/site-packages/airflow/example_dags/example_nested_branch_dag.py
[2024-10-06T04:34:59.531+0000] {processor.py:914} INFO - Processing file /home/airflow/.local/lib/python3.12/site-packages/airflow/example_dags/example_nested_branch_dag.py for tasks to queue
[2024-10-06T04:34:59.533+0000] {logging_mixin.py:190} INFO - [2024-10-06T04:34:59.533+0000] {dagbag.py:588} INFO - Filling up the DagBag from /home/airflow/.local/lib/python3.12/site-packages/airflow/example_dags/example_nested_branch_dag.py
[2024-10-06T04:34:59.544+0000] {processor.py:925} INFO - DAG(s) 'example_nested_branch_dag' retrieved from /home/airflow/.local/lib/python3.12/site-packages/airflow/example_dags/example_nested_branch_dag.py
[2024-10-06T04:34:59.564+0000] {logging_mixin.py:190} INFO - [2024-10-06T04:34:59.564+0000] {dag.py:3239} INFO - Sync 1 DAGs
[2024-10-06T04:34:59.590+0000] {logging_mixin.py:190} INFO - [2024-10-06T04:34:59.589+0000] {dag.py:4180} INFO - Setting next_dagrun for example_nested_branch_dag to 2024-10-05 00:00:00+00:00, run_after=2024-10-06 00:00:00+00:00
[2024-10-06T04:34:59.611+0000] {processor.py:208} INFO - Processing /home/airflow/.local/lib/python3.12/site-packages/airflow/example_dags/example_nested_branch_dag.py took 0.085 seconds
[2024-10-06T04:35:29.908+0000] {processor.py:186} INFO - Started process (PID=1356) to work on /home/airflow/.local/lib/python3.12/site-packages/airflow/example_dags/example_nested_branch_dag.py
[2024-10-06T04:35:29.909+0000] {processor.py:914} INFO - Processing file /home/airflow/.local/lib/python3.12/site-packages/airflow/example_dags/example_nested_branch_dag.py for tasks to queue
[2024-10-06T04:35:29.911+0000] {logging_mixin.py:190} INFO - [2024-10-06T04:35:29.911+0000] {dagbag.py:588} INFO - Filling up the DagBag from /home/airflow/.local/lib/python3.12/site-packages/airflow/example_dags/example_nested_branch_dag.py
[2024-10-06T04:35:29.919+0000] {processor.py:925} INFO - DAG(s) 'example_nested_branch_dag' retrieved from /home/airflow/.local/lib/python3.12/site-packages/airflow/example_dags/example_nested_branch_dag.py
[2024-10-06T04:35:29.938+0000] {logging_mixin.py:190} INFO - [2024-10-06T04:35:29.938+0000] {dag.py:3239} INFO - Sync 1 DAGs
[2024-10-06T04:35:29.956+0000] {logging_mixin.py:190} INFO - [2024-10-06T04:35:29.956+0000] {dag.py:4180} INFO - Setting next_dagrun for example_nested_branch_dag to 2024-10-05 00:00:00+00:00, run_after=2024-10-06 00:00:00+00:00
[2024-10-06T04:35:29.977+0000] {processor.py:208} INFO - Processing /home/airflow/.local/lib/python3.12/site-packages/airflow/example_dags/example_nested_branch_dag.py took 0.074 seconds
[2024-10-06T04:36:00.177+0000] {processor.py:186} INFO - Started process (PID=1419) to work on /home/airflow/.local/lib/python3.12/site-packages/airflow/example_dags/example_nested_branch_dag.py
[2024-10-06T04:36:00.178+0000] {processor.py:914} INFO - Processing file /home/airflow/.local/lib/python3.12/site-packages/airflow/example_dags/example_nested_branch_dag.py for tasks to queue
[2024-10-06T04:36:00.180+0000] {logging_mixin.py:190} INFO - [2024-10-06T04:36:00.179+0000] {dagbag.py:588} INFO - Filling up the DagBag from /home/airflow/.local/lib/python3.12/site-packages/airflow/example_dags/example_nested_branch_dag.py
[2024-10-06T04:36:00.188+0000] {processor.py:925} INFO - DAG(s) 'example_nested_branch_dag' retrieved from /home/airflow/.local/lib/python3.12/site-packages/airflow/example_dags/example_nested_branch_dag.py
[2024-10-06T04:36:00.206+0000] {logging_mixin.py:190} INFO - [2024-10-06T04:36:00.205+0000] {dag.py:3239} INFO - Sync 1 DAGs
[2024-10-06T04:36:00.226+0000] {logging_mixin.py:190} INFO - [2024-10-06T04:36:00.226+0000] {dag.py:4180} INFO - Setting next_dagrun for example_nested_branch_dag to 2024-10-05 00:00:00+00:00, run_after=2024-10-06 00:00:00+00:00
[2024-10-06T04:36:00.244+0000] {processor.py:208} INFO - Processing /home/airflow/.local/lib/python3.12/site-packages/airflow/example_dags/example_nested_branch_dag.py took 0.072 seconds
[2024-10-06T04:36:31.175+0000] {processor.py:186} INFO - Started process (PID=1483) to work on /home/airflow/.local/lib/python3.12/site-packages/airflow/example_dags/example_nested_branch_dag.py
[2024-10-06T04:36:31.176+0000] {processor.py:914} INFO - Processing file /home/airflow/.local/lib/python3.12/site-packages/airflow/example_dags/example_nested_branch_dag.py for tasks to queue
[2024-10-06T04:36:31.178+0000] {logging_mixin.py:190} INFO - [2024-10-06T04:36:31.178+0000] {dagbag.py:588} INFO - Filling up the DagBag from /home/airflow/.local/lib/python3.12/site-packages/airflow/example_dags/example_nested_branch_dag.py
[2024-10-06T04:36:31.186+0000] {processor.py:925} INFO - DAG(s) 'example_nested_branch_dag' retrieved from /home/airflow/.local/lib/python3.12/site-packages/airflow/example_dags/example_nested_branch_dag.py
[2024-10-06T04:36:31.203+0000] {logging_mixin.py:190} INFO - [2024-10-06T04:36:31.202+0000] {dag.py:3239} INFO - Sync 1 DAGs
[2024-10-06T04:36:31.221+0000] {logging_mixin.py:190} INFO - [2024-10-06T04:36:31.220+0000] {dag.py:4180} INFO - Setting next_dagrun for example_nested_branch_dag to 2024-10-05 00:00:00+00:00, run_after=2024-10-06 00:00:00+00:00
[2024-10-06T04:36:31.242+0000] {processor.py:208} INFO - Processing /home/airflow/.local/lib/python3.12/site-packages/airflow/example_dags/example_nested_branch_dag.py took 0.072 seconds
[2024-10-06T04:37:01.601+0000] {processor.py:186} INFO - Started process (PID=1548) to work on /home/airflow/.local/lib/python3.12/site-packages/airflow/example_dags/example_nested_branch_dag.py
[2024-10-06T04:37:01.602+0000] {processor.py:914} INFO - Processing file /home/airflow/.local/lib/python3.12/site-packages/airflow/example_dags/example_nested_branch_dag.py for tasks to queue
[2024-10-06T04:37:01.604+0000] {logging_mixin.py:190} INFO - [2024-10-06T04:37:01.603+0000] {dagbag.py:588} INFO - Filling up the DagBag from /home/airflow/.local/lib/python3.12/site-packages/airflow/example_dags/example_nested_branch_dag.py
[2024-10-06T04:37:01.612+0000] {processor.py:925} INFO - DAG(s) 'example_nested_branch_dag' retrieved from /home/airflow/.local/lib/python3.12/site-packages/airflow/example_dags/example_nested_branch_dag.py
[2024-10-06T04:37:01.634+0000] {logging_mixin.py:190} INFO - [2024-10-06T04:37:01.634+0000] {dag.py:3239} INFO - Sync 1 DAGs
[2024-10-06T04:37:01.661+0000] {logging_mixin.py:190} INFO - [2024-10-06T04:37:01.661+0000] {dag.py:4180} INFO - Setting next_dagrun for example_nested_branch_dag to 2024-10-05 00:00:00+00:00, run_after=2024-10-06 00:00:00+00:00
[2024-10-06T04:37:01.686+0000] {processor.py:208} INFO - Processing /home/airflow/.local/lib/python3.12/site-packages/airflow/example_dags/example_nested_branch_dag.py took 0.089 seconds
[2024-10-06T04:37:31.928+0000] {processor.py:186} INFO - Started process (PID=1610) to work on /home/airflow/.local/lib/python3.12/site-packages/airflow/example_dags/example_nested_branch_dag.py
[2024-10-06T04:37:31.929+0000] {processor.py:914} INFO - Processing file /home/airflow/.local/lib/python3.12/site-packages/airflow/example_dags/example_nested_branch_dag.py for tasks to queue
[2024-10-06T04:37:31.931+0000] {logging_mixin.py:190} INFO - [2024-10-06T04:37:31.931+0000] {dagbag.py:588} INFO - Filling up the DagBag from /home/airflow/.local/lib/python3.12/site-packages/airflow/example_dags/example_nested_branch_dag.py
[2024-10-06T04:37:31.940+0000] {processor.py:925} INFO - DAG(s) 'example_nested_branch_dag' retrieved from /home/airflow/.local/lib/python3.12/site-packages/airflow/example_dags/example_nested_branch_dag.py
[2024-10-06T04:37:31.961+0000] {logging_mixin.py:190} INFO - [2024-10-06T04:37:31.961+0000] {dag.py:3239} INFO - Sync 1 DAGs
[2024-10-06T04:37:31.984+0000] {logging_mixin.py:190} INFO - [2024-10-06T04:37:31.984+0000] {dag.py:4180} INFO - Setting next_dagrun for example_nested_branch_dag to 2024-10-05 00:00:00+00:00, run_after=2024-10-06 00:00:00+00:00
[2024-10-06T04:37:32.001+0000] {processor.py:208} INFO - Processing /home/airflow/.local/lib/python3.12/site-packages/airflow/example_dags/example_nested_branch_dag.py took 0.077 seconds
[2024-10-06T04:38:02.311+0000] {processor.py:186} INFO - Started process (PID=1673) to work on /home/airflow/.local/lib/python3.12/site-packages/airflow/example_dags/example_nested_branch_dag.py
[2024-10-06T04:38:02.312+0000] {processor.py:914} INFO - Processing file /home/airflow/.local/lib/python3.12/site-packages/airflow/example_dags/example_nested_branch_dag.py for tasks to queue
[2024-10-06T04:38:02.314+0000] {logging_mixin.py:190} INFO - [2024-10-06T04:38:02.313+0000] {dagbag.py:588} INFO - Filling up the DagBag from /home/airflow/.local/lib/python3.12/site-packages/airflow/example_dags/example_nested_branch_dag.py
[2024-10-06T04:38:02.322+0000] {processor.py:925} INFO - DAG(s) 'example_nested_branch_dag' retrieved from /home/airflow/.local/lib/python3.12/site-packages/airflow/example_dags/example_nested_branch_dag.py
[2024-10-06T04:38:02.338+0000] {logging_mixin.py:190} INFO - [2024-10-06T04:38:02.338+0000] {dag.py:3239} INFO - Sync 1 DAGs
[2024-10-06T04:38:02.359+0000] {logging_mixin.py:190} INFO - [2024-10-06T04:38:02.358+0000] {dag.py:4180} INFO - Setting next_dagrun for example_nested_branch_dag to 2024-10-05 00:00:00+00:00, run_after=2024-10-06 00:00:00+00:00
[2024-10-06T04:38:02.377+0000] {processor.py:208} INFO - Processing /home/airflow/.local/lib/python3.12/site-packages/airflow/example_dags/example_nested_branch_dag.py took 0.070 seconds
[2024-10-06T04:38:32.879+0000] {processor.py:186} INFO - Started process (PID=1736) to work on /home/airflow/.local/lib/python3.12/site-packages/airflow/example_dags/example_nested_branch_dag.py
[2024-10-06T04:38:32.880+0000] {processor.py:914} INFO - Processing file /home/airflow/.local/lib/python3.12/site-packages/airflow/example_dags/example_nested_branch_dag.py for tasks to queue
[2024-10-06T04:38:32.881+0000] {logging_mixin.py:190} INFO - [2024-10-06T04:38:32.881+0000] {dagbag.py:588} INFO - Filling up the DagBag from /home/airflow/.local/lib/python3.12/site-packages/airflow/example_dags/example_nested_branch_dag.py
[2024-10-06T04:38:32.890+0000] {processor.py:925} INFO - DAG(s) 'example_nested_branch_dag' retrieved from /home/airflow/.local/lib/python3.12/site-packages/airflow/example_dags/example_nested_branch_dag.py
[2024-10-06T04:38:32.911+0000] {logging_mixin.py:190} INFO - [2024-10-06T04:38:32.910+0000] {dag.py:3239} INFO - Sync 1 DAGs
[2024-10-06T04:38:32.934+0000] {logging_mixin.py:190} INFO - [2024-10-06T04:38:32.934+0000] {dag.py:4180} INFO - Setting next_dagrun for example_nested_branch_dag to 2024-10-05 00:00:00+00:00, run_after=2024-10-06 00:00:00+00:00
[2024-10-06T04:38:32.953+0000] {processor.py:208} INFO - Processing /home/airflow/.local/lib/python3.12/site-packages/airflow/example_dags/example_nested_branch_dag.py took 0.078 seconds
[2024-10-06T04:39:03.865+0000] {processor.py:186} INFO - Started process (PID=1800) to work on /home/airflow/.local/lib/python3.12/site-packages/airflow/example_dags/example_nested_branch_dag.py
[2024-10-06T04:39:03.866+0000] {processor.py:914} INFO - Processing file /home/airflow/.local/lib/python3.12/site-packages/airflow/example_dags/example_nested_branch_dag.py for tasks to queue
[2024-10-06T04:39:03.867+0000] {logging_mixin.py:190} INFO - [2024-10-06T04:39:03.867+0000] {dagbag.py:588} INFO - Filling up the DagBag from /home/airflow/.local/lib/python3.12/site-packages/airflow/example_dags/example_nested_branch_dag.py
[2024-10-06T04:39:03.875+0000] {processor.py:925} INFO - DAG(s) 'example_nested_branch_dag' retrieved from /home/airflow/.local/lib/python3.12/site-packages/airflow/example_dags/example_nested_branch_dag.py
[2024-10-06T04:39:03.892+0000] {logging_mixin.py:190} INFO - [2024-10-06T04:39:03.891+0000] {dag.py:3239} INFO - Sync 1 DAGs
[2024-10-06T04:39:03.913+0000] {logging_mixin.py:190} INFO - [2024-10-06T04:39:03.913+0000] {dag.py:4180} INFO - Setting next_dagrun for example_nested_branch_dag to 2024-10-05 00:00:00+00:00, run_after=2024-10-06 00:00:00+00:00
[2024-10-06T04:39:03.933+0000] {processor.py:208} INFO - Processing /home/airflow/.local/lib/python3.12/site-packages/airflow/example_dags/example_nested_branch_dag.py took 0.072 seconds
[2024-10-06T04:39:34.149+0000] {processor.py:186} INFO - Started process (PID=1863) to work on /home/airflow/.local/lib/python3.12/site-packages/airflow/example_dags/example_nested_branch_dag.py
[2024-10-06T04:39:34.149+0000] {processor.py:914} INFO - Processing file /home/airflow/.local/lib/python3.12/site-packages/airflow/example_dags/example_nested_branch_dag.py for tasks to queue
[2024-10-06T04:39:34.150+0000] {logging_mixin.py:190} INFO - [2024-10-06T04:39:34.150+0000] {dagbag.py:588} INFO - Filling up the DagBag from /home/airflow/.local/lib/python3.12/site-packages/airflow/example_dags/example_nested_branch_dag.py
[2024-10-06T04:39:34.158+0000] {processor.py:925} INFO - DAG(s) 'example_nested_branch_dag' retrieved from /home/airflow/.local/lib/python3.12/site-packages/airflow/example_dags/example_nested_branch_dag.py
[2024-10-06T04:39:34.179+0000] {logging_mixin.py:190} INFO - [2024-10-06T04:39:34.179+0000] {dag.py:3239} INFO - Sync 1 DAGs
[2024-10-06T04:39:34.206+0000] {logging_mixin.py:190} INFO - [2024-10-06T04:39:34.206+0000] {dag.py:4180} INFO - Setting next_dagrun for example_nested_branch_dag to 2024-10-05 00:00:00+00:00, run_after=2024-10-06 00:00:00+00:00
[2024-10-06T04:39:34.229+0000] {processor.py:208} INFO - Processing /home/airflow/.local/lib/python3.12/site-packages/airflow/example_dags/example_nested_branch_dag.py took 0.084 seconds
[2024-10-06T04:40:05.223+0000] {processor.py:186} INFO - Started process (PID=1926) to work on /home/airflow/.local/lib/python3.12/site-packages/airflow/example_dags/example_nested_branch_dag.py
[2024-10-06T04:40:05.223+0000] {processor.py:914} INFO - Processing file /home/airflow/.local/lib/python3.12/site-packages/airflow/example_dags/example_nested_branch_dag.py for tasks to queue
[2024-10-06T04:40:05.224+0000] {logging_mixin.py:190} INFO - [2024-10-06T04:40:05.224+0000] {dagbag.py:588} INFO - Filling up the DagBag from /home/airflow/.local/lib/python3.12/site-packages/airflow/example_dags/example_nested_branch_dag.py
[2024-10-06T04:40:05.232+0000] {processor.py:925} INFO - DAG(s) 'example_nested_branch_dag' retrieved from /home/airflow/.local/lib/python3.12/site-packages/airflow/example_dags/example_nested_branch_dag.py
[2024-10-06T04:40:05.250+0000] {logging_mixin.py:190} INFO - [2024-10-06T04:40:05.250+0000] {dag.py:3239} INFO - Sync 1 DAGs
[2024-10-06T04:40:05.271+0000] {logging_mixin.py:190} INFO - [2024-10-06T04:40:05.271+0000] {dag.py:4180} INFO - Setting next_dagrun for example_nested_branch_dag to 2024-10-05 00:00:00+00:00, run_after=2024-10-06 00:00:00+00:00
[2024-10-06T04:40:05.289+0000] {processor.py:208} INFO - Processing /home/airflow/.local/lib/python3.12/site-packages/airflow/example_dags/example_nested_branch_dag.py took 0.071 seconds
[2024-10-06T04:40:35.561+0000] {processor.py:186} INFO - Started process (PID=1989) to work on /home/airflow/.local/lib/python3.12/site-packages/airflow/example_dags/example_nested_branch_dag.py
[2024-10-06T04:40:35.561+0000] {processor.py:914} INFO - Processing file /home/airflow/.local/lib/python3.12/site-packages/airflow/example_dags/example_nested_branch_dag.py for tasks to queue
[2024-10-06T04:40:35.562+0000] {logging_mixin.py:190} INFO - [2024-10-06T04:40:35.562+0000] {dagbag.py:588} INFO - Filling up the DagBag from /home/airflow/.local/lib/python3.12/site-packages/airflow/example_dags/example_nested_branch_dag.py
[2024-10-06T04:40:35.571+0000] {processor.py:925} INFO - DAG(s) 'example_nested_branch_dag' retrieved from /home/airflow/.local/lib/python3.12/site-packages/airflow/example_dags/example_nested_branch_dag.py
[2024-10-06T04:40:35.593+0000] {logging_mixin.py:190} INFO - [2024-10-06T04:40:35.592+0000] {dag.py:3239} INFO - Sync 1 DAGs
[2024-10-06T04:40:35.619+0000] {logging_mixin.py:190} INFO - [2024-10-06T04:40:35.619+0000] {dag.py:4180} INFO - Setting next_dagrun for example_nested_branch_dag to 2024-10-05 00:00:00+00:00, run_after=2024-10-06 00:00:00+00:00
[2024-10-06T04:40:35.642+0000] {processor.py:208} INFO - Processing /home/airflow/.local/lib/python3.12/site-packages/airflow/example_dags/example_nested_branch_dag.py took 0.086 seconds
[2024-10-06T04:41:06.357+0000] {processor.py:186} INFO - Started process (PID=2052) to work on /home/airflow/.local/lib/python3.12/site-packages/airflow/example_dags/example_nested_branch_dag.py
[2024-10-06T04:41:06.357+0000] {processor.py:914} INFO - Processing file /home/airflow/.local/lib/python3.12/site-packages/airflow/example_dags/example_nested_branch_dag.py for tasks to queue
[2024-10-06T04:41:06.358+0000] {logging_mixin.py:190} INFO - [2024-10-06T04:41:06.358+0000] {dagbag.py:588} INFO - Filling up the DagBag from /home/airflow/.local/lib/python3.12/site-packages/airflow/example_dags/example_nested_branch_dag.py
[2024-10-06T04:41:06.366+0000] {processor.py:925} INFO - DAG(s) 'example_nested_branch_dag' retrieved from /home/airflow/.local/lib/python3.12/site-packages/airflow/example_dags/example_nested_branch_dag.py
[2024-10-06T04:41:06.387+0000] {logging_mixin.py:190} INFO - [2024-10-06T04:41:06.387+0000] {dag.py:3239} INFO - Sync 1 DAGs
[2024-10-06T04:41:06.413+0000] {logging_mixin.py:190} INFO - [2024-10-06T04:41:06.413+0000] {dag.py:4180} INFO - Setting next_dagrun for example_nested_branch_dag to 2024-10-05 00:00:00+00:00, run_after=2024-10-06 00:00:00+00:00
[2024-10-06T04:41:06.435+0000] {processor.py:208} INFO - Processing /home/airflow/.local/lib/python3.12/site-packages/airflow/example_dags/example_nested_branch_dag.py took 0.083 seconds
[2024-10-06T04:41:37.306+0000] {processor.py:186} INFO - Started process (PID=2115) to work on /home/airflow/.local/lib/python3.12/site-packages/airflow/example_dags/example_nested_branch_dag.py
[2024-10-06T04:41:37.306+0000] {processor.py:914} INFO - Processing file /home/airflow/.local/lib/python3.12/site-packages/airflow/example_dags/example_nested_branch_dag.py for tasks to queue
[2024-10-06T04:41:37.307+0000] {logging_mixin.py:190} INFO - [2024-10-06T04:41:37.307+0000] {dagbag.py:588} INFO - Filling up the DagBag from /home/airflow/.local/lib/python3.12/site-packages/airflow/example_dags/example_nested_branch_dag.py
[2024-10-06T04:41:37.316+0000] {processor.py:925} INFO - DAG(s) 'example_nested_branch_dag' retrieved from /home/airflow/.local/lib/python3.12/site-packages/airflow/example_dags/example_nested_branch_dag.py
[2024-10-06T04:41:37.332+0000] {logging_mixin.py:190} INFO - [2024-10-06T04:41:37.332+0000] {dag.py:3239} INFO - Sync 1 DAGs
[2024-10-06T04:41:37.351+0000] {logging_mixin.py:190} INFO - [2024-10-06T04:41:37.351+0000] {dag.py:4180} INFO - Setting next_dagrun for example_nested_branch_dag to 2024-10-05 00:00:00+00:00, run_after=2024-10-06 00:00:00+00:00
[2024-10-06T04:41:37.369+0000] {processor.py:208} INFO - Processing /home/airflow/.local/lib/python3.12/site-packages/airflow/example_dags/example_nested_branch_dag.py took 0.067 seconds
[2024-10-06T04:42:08.081+0000] {processor.py:186} INFO - Started process (PID=2179) to work on /home/airflow/.local/lib/python3.12/site-packages/airflow/example_dags/example_nested_branch_dag.py
[2024-10-06T04:42:08.082+0000] {processor.py:914} INFO - Processing file /home/airflow/.local/lib/python3.12/site-packages/airflow/example_dags/example_nested_branch_dag.py for tasks to queue
[2024-10-06T04:42:08.083+0000] {logging_mixin.py:190} INFO - [2024-10-06T04:42:08.083+0000] {dagbag.py:588} INFO - Filling up the DagBag from /home/airflow/.local/lib/python3.12/site-packages/airflow/example_dags/example_nested_branch_dag.py
[2024-10-06T04:42:08.092+0000] {processor.py:925} INFO - DAG(s) 'example_nested_branch_dag' retrieved from /home/airflow/.local/lib/python3.12/site-packages/airflow/example_dags/example_nested_branch_dag.py
[2024-10-06T04:42:08.108+0000] {logging_mixin.py:190} INFO - [2024-10-06T04:42:08.108+0000] {dag.py:3239} INFO - Sync 1 DAGs
[2024-10-06T04:42:08.129+0000] {logging_mixin.py:190} INFO - [2024-10-06T04:42:08.129+0000] {dag.py:4180} INFO - Setting next_dagrun for example_nested_branch_dag to 2024-10-05 00:00:00+00:00, run_after=2024-10-06 00:00:00+00:00
[2024-10-06T04:42:08.158+0000] {processor.py:208} INFO - Processing /home/airflow/.local/lib/python3.12/site-packages/airflow/example_dags/example_nested_branch_dag.py took 0.082 seconds
[2024-10-06T04:42:38.891+0000] {processor.py:186} INFO - Started process (PID=2242) to work on /home/airflow/.local/lib/python3.12/site-packages/airflow/example_dags/example_nested_branch_dag.py
[2024-10-06T04:42:38.891+0000] {processor.py:914} INFO - Processing file /home/airflow/.local/lib/python3.12/site-packages/airflow/example_dags/example_nested_branch_dag.py for tasks to queue
[2024-10-06T04:42:38.892+0000] {logging_mixin.py:190} INFO - [2024-10-06T04:42:38.892+0000] {dagbag.py:588} INFO - Filling up the DagBag from /home/airflow/.local/lib/python3.12/site-packages/airflow/example_dags/example_nested_branch_dag.py
[2024-10-06T04:42:38.900+0000] {processor.py:925} INFO - DAG(s) 'example_nested_branch_dag' retrieved from /home/airflow/.local/lib/python3.12/site-packages/airflow/example_dags/example_nested_branch_dag.py
[2024-10-06T04:42:38.917+0000] {logging_mixin.py:190} INFO - [2024-10-06T04:42:38.916+0000] {dag.py:3239} INFO - Sync 1 DAGs
[2024-10-06T04:42:38.935+0000] {logging_mixin.py:190} INFO - [2024-10-06T04:42:38.935+0000] {dag.py:4180} INFO - Setting next_dagrun for example_nested_branch_dag to 2024-10-05 00:00:00+00:00, run_after=2024-10-06 00:00:00+00:00
[2024-10-06T04:42:38.956+0000] {processor.py:208} INFO - Processing /home/airflow/.local/lib/python3.12/site-packages/airflow/example_dags/example_nested_branch_dag.py took 0.070 seconds
[2024-10-06T04:43:09.380+0000] {processor.py:186} INFO - Started process (PID=2305) to work on /home/airflow/.local/lib/python3.12/site-packages/airflow/example_dags/example_nested_branch_dag.py
[2024-10-06T04:43:09.380+0000] {processor.py:914} INFO - Processing file /home/airflow/.local/lib/python3.12/site-packages/airflow/example_dags/example_nested_branch_dag.py for tasks to queue
[2024-10-06T04:43:09.382+0000] {logging_mixin.py:190} INFO - [2024-10-06T04:43:09.382+0000] {dagbag.py:588} INFO - Filling up the DagBag from /home/airflow/.local/lib/python3.12/site-packages/airflow/example_dags/example_nested_branch_dag.py
[2024-10-06T04:43:09.394+0000] {processor.py:925} INFO - DAG(s) 'example_nested_branch_dag' retrieved from /home/airflow/.local/lib/python3.12/site-packages/airflow/example_dags/example_nested_branch_dag.py
[2024-10-06T04:43:09.421+0000] {logging_mixin.py:190} INFO - [2024-10-06T04:43:09.421+0000] {dag.py:3239} INFO - Sync 1 DAGs
[2024-10-06T04:43:09.453+0000] {logging_mixin.py:190} INFO - [2024-10-06T04:43:09.452+0000] {dag.py:4180} INFO - Setting next_dagrun for example_nested_branch_dag to 2024-10-05 00:00:00+00:00, run_after=2024-10-06 00:00:00+00:00
[2024-10-06T04:43:09.477+0000] {processor.py:208} INFO - Processing /home/airflow/.local/lib/python3.12/site-packages/airflow/example_dags/example_nested_branch_dag.py took 0.103 seconds
[2024-10-06T04:43:40.329+0000] {processor.py:186} INFO - Started process (PID=2368) to work on /home/airflow/.local/lib/python3.12/site-packages/airflow/example_dags/example_nested_branch_dag.py
[2024-10-06T04:43:40.330+0000] {processor.py:914} INFO - Processing file /home/airflow/.local/lib/python3.12/site-packages/airflow/example_dags/example_nested_branch_dag.py for tasks to queue
[2024-10-06T04:43:40.331+0000] {logging_mixin.py:190} INFO - [2024-10-06T04:43:40.331+0000] {dagbag.py:588} INFO - Filling up the DagBag from /home/airflow/.local/lib/python3.12/site-packages/airflow/example_dags/example_nested_branch_dag.py
[2024-10-06T04:43:40.343+0000] {processor.py:925} INFO - DAG(s) 'example_nested_branch_dag' retrieved from /home/airflow/.local/lib/python3.12/site-packages/airflow/example_dags/example_nested_branch_dag.py
[2024-10-06T04:43:40.360+0000] {logging_mixin.py:190} INFO - [2024-10-06T04:43:40.360+0000] {dag.py:3239} INFO - Sync 1 DAGs
[2024-10-06T04:43:40.381+0000] {logging_mixin.py:190} INFO - [2024-10-06T04:43:40.381+0000] {dag.py:4180} INFO - Setting next_dagrun for example_nested_branch_dag to 2024-10-05 00:00:00+00:00, run_after=2024-10-06 00:00:00+00:00
[2024-10-06T04:43:40.397+0000] {processor.py:208} INFO - Processing /home/airflow/.local/lib/python3.12/site-packages/airflow/example_dags/example_nested_branch_dag.py took 0.074 seconds
[2024-10-06T04:44:10.694+0000] {processor.py:186} INFO - Started process (PID=2431) to work on /home/airflow/.local/lib/python3.12/site-packages/airflow/example_dags/example_nested_branch_dag.py
[2024-10-06T04:44:10.695+0000] {processor.py:914} INFO - Processing file /home/airflow/.local/lib/python3.12/site-packages/airflow/example_dags/example_nested_branch_dag.py for tasks to queue
[2024-10-06T04:44:10.696+0000] {logging_mixin.py:190} INFO - [2024-10-06T04:44:10.696+0000] {dagbag.py:588} INFO - Filling up the DagBag from /home/airflow/.local/lib/python3.12/site-packages/airflow/example_dags/example_nested_branch_dag.py
[2024-10-06T04:44:10.705+0000] {processor.py:925} INFO - DAG(s) 'example_nested_branch_dag' retrieved from /home/airflow/.local/lib/python3.12/site-packages/airflow/example_dags/example_nested_branch_dag.py
[2024-10-06T04:44:10.725+0000] {logging_mixin.py:190} INFO - [2024-10-06T04:44:10.725+0000] {dag.py:3239} INFO - Sync 1 DAGs
[2024-10-06T04:44:10.748+0000] {logging_mixin.py:190} INFO - [2024-10-06T04:44:10.748+0000] {dag.py:4180} INFO - Setting next_dagrun for example_nested_branch_dag to 2024-10-05 00:00:00+00:00, run_after=2024-10-06 00:00:00+00:00
[2024-10-06T04:44:10.769+0000] {processor.py:208} INFO - Processing /home/airflow/.local/lib/python3.12/site-packages/airflow/example_dags/example_nested_branch_dag.py took 0.079 seconds
[2024-10-06T04:44:41.409+0000] {processor.py:186} INFO - Started process (PID=2496) to work on /home/airflow/.local/lib/python3.12/site-packages/airflow/example_dags/example_nested_branch_dag.py
[2024-10-06T04:44:41.409+0000] {processor.py:914} INFO - Processing file /home/airflow/.local/lib/python3.12/site-packages/airflow/example_dags/example_nested_branch_dag.py for tasks to queue
[2024-10-06T04:44:41.410+0000] {logging_mixin.py:190} INFO - [2024-10-06T04:44:41.410+0000] {dagbag.py:588} INFO - Filling up the DagBag from /home/airflow/.local/lib/python3.12/site-packages/airflow/example_dags/example_nested_branch_dag.py
[2024-10-06T04:44:41.418+0000] {processor.py:925} INFO - DAG(s) 'example_nested_branch_dag' retrieved from /home/airflow/.local/lib/python3.12/site-packages/airflow/example_dags/example_nested_branch_dag.py
[2024-10-06T04:44:41.435+0000] {logging_mixin.py:190} INFO - [2024-10-06T04:44:41.435+0000] {dag.py:3239} INFO - Sync 1 DAGs
[2024-10-06T04:44:41.454+0000] {logging_mixin.py:190} INFO - [2024-10-06T04:44:41.454+0000] {dag.py:4180} INFO - Setting next_dagrun for example_nested_branch_dag to 2024-10-05 00:00:00+00:00, run_after=2024-10-06 00:00:00+00:00
[2024-10-06T04:44:41.473+0000] {processor.py:208} INFO - Processing /home/airflow/.local/lib/python3.12/site-packages/airflow/example_dags/example_nested_branch_dag.py took 0.069 seconds
[2024-10-06T04:45:11.990+0000] {processor.py:186} INFO - Started process (PID=2559) to work on /home/airflow/.local/lib/python3.12/site-packages/airflow/example_dags/example_nested_branch_dag.py
[2024-10-06T04:45:11.991+0000] {processor.py:914} INFO - Processing file /home/airflow/.local/lib/python3.12/site-packages/airflow/example_dags/example_nested_branch_dag.py for tasks to queue
[2024-10-06T04:45:11.992+0000] {logging_mixin.py:190} INFO - [2024-10-06T04:45:11.992+0000] {dagbag.py:588} INFO - Filling up the DagBag from /home/airflow/.local/lib/python3.12/site-packages/airflow/example_dags/example_nested_branch_dag.py
[2024-10-06T04:45:12.000+0000] {processor.py:925} INFO - DAG(s) 'example_nested_branch_dag' retrieved from /home/airflow/.local/lib/python3.12/site-packages/airflow/example_dags/example_nested_branch_dag.py
[2024-10-06T04:45:12.017+0000] {logging_mixin.py:190} INFO - [2024-10-06T04:45:12.017+0000] {dag.py:3239} INFO - Sync 1 DAGs
[2024-10-06T04:45:12.037+0000] {logging_mixin.py:190} INFO - [2024-10-06T04:45:12.037+0000] {dag.py:4180} INFO - Setting next_dagrun for example_nested_branch_dag to 2024-10-05 00:00:00+00:00, run_after=2024-10-06 00:00:00+00:00
[2024-10-06T04:45:12.059+0000] {processor.py:208} INFO - Processing /home/airflow/.local/lib/python3.12/site-packages/airflow/example_dags/example_nested_branch_dag.py took 0.073 seconds
[2024-10-06T04:45:42.736+0000] {processor.py:186} INFO - Started process (PID=2622) to work on /home/airflow/.local/lib/python3.12/site-packages/airflow/example_dags/example_nested_branch_dag.py
[2024-10-06T04:45:42.736+0000] {processor.py:914} INFO - Processing file /home/airflow/.local/lib/python3.12/site-packages/airflow/example_dags/example_nested_branch_dag.py for tasks to queue
[2024-10-06T04:45:42.737+0000] {logging_mixin.py:190} INFO - [2024-10-06T04:45:42.737+0000] {dagbag.py:588} INFO - Filling up the DagBag from /home/airflow/.local/lib/python3.12/site-packages/airflow/example_dags/example_nested_branch_dag.py
[2024-10-06T04:45:42.750+0000] {processor.py:925} INFO - DAG(s) 'example_nested_branch_dag' retrieved from /home/airflow/.local/lib/python3.12/site-packages/airflow/example_dags/example_nested_branch_dag.py
[2024-10-06T04:45:42.774+0000] {logging_mixin.py:190} INFO - [2024-10-06T04:45:42.774+0000] {dag.py:3239} INFO - Sync 1 DAGs
[2024-10-06T04:45:42.800+0000] {logging_mixin.py:190} INFO - [2024-10-06T04:45:42.799+0000] {dag.py:4180} INFO - Setting next_dagrun for example_nested_branch_dag to 2024-10-05 00:00:00+00:00, run_after=2024-10-06 00:00:00+00:00
[2024-10-06T04:45:42.822+0000] {processor.py:208} INFO - Processing /home/airflow/.local/lib/python3.12/site-packages/airflow/example_dags/example_nested_branch_dag.py took 0.090 seconds
[2024-10-06T04:46:13.361+0000] {processor.py:186} INFO - Started process (PID=2685) to work on /home/airflow/.local/lib/python3.12/site-packages/airflow/example_dags/example_nested_branch_dag.py
[2024-10-06T04:46:13.361+0000] {processor.py:914} INFO - Processing file /home/airflow/.local/lib/python3.12/site-packages/airflow/example_dags/example_nested_branch_dag.py for tasks to queue
[2024-10-06T04:46:13.362+0000] {logging_mixin.py:190} INFO - [2024-10-06T04:46:13.362+0000] {dagbag.py:588} INFO - Filling up the DagBag from /home/airflow/.local/lib/python3.12/site-packages/airflow/example_dags/example_nested_branch_dag.py
[2024-10-06T04:46:13.370+0000] {processor.py:925} INFO - DAG(s) 'example_nested_branch_dag' retrieved from /home/airflow/.local/lib/python3.12/site-packages/airflow/example_dags/example_nested_branch_dag.py
[2024-10-06T04:46:13.387+0000] {logging_mixin.py:190} INFO - [2024-10-06T04:46:13.387+0000] {dag.py:3239} INFO - Sync 1 DAGs
[2024-10-06T04:46:13.406+0000] {logging_mixin.py:190} INFO - [2024-10-06T04:46:13.406+0000] {dag.py:4180} INFO - Setting next_dagrun for example_nested_branch_dag to 2024-10-05 00:00:00+00:00, run_after=2024-10-06 00:00:00+00:00
[2024-10-06T04:46:13.424+0000] {processor.py:208} INFO - Processing /home/airflow/.local/lib/python3.12/site-packages/airflow/example_dags/example_nested_branch_dag.py took 0.067 seconds
[2024-10-06T04:46:44.175+0000] {processor.py:186} INFO - Started process (PID=2748) to work on /home/airflow/.local/lib/python3.12/site-packages/airflow/example_dags/example_nested_branch_dag.py
[2024-10-06T04:46:44.176+0000] {processor.py:914} INFO - Processing file /home/airflow/.local/lib/python3.12/site-packages/airflow/example_dags/example_nested_branch_dag.py for tasks to queue
[2024-10-06T04:46:44.177+0000] {logging_mixin.py:190} INFO - [2024-10-06T04:46:44.177+0000] {dagbag.py:588} INFO - Filling up the DagBag from /home/airflow/.local/lib/python3.12/site-packages/airflow/example_dags/example_nested_branch_dag.py
[2024-10-06T04:46:44.185+0000] {processor.py:925} INFO - DAG(s) 'example_nested_branch_dag' retrieved from /home/airflow/.local/lib/python3.12/site-packages/airflow/example_dags/example_nested_branch_dag.py
[2024-10-06T04:46:44.202+0000] {logging_mixin.py:190} INFO - [2024-10-06T04:46:44.202+0000] {dag.py:3239} INFO - Sync 1 DAGs
[2024-10-06T04:46:44.221+0000] {logging_mixin.py:190} INFO - [2024-10-06T04:46:44.221+0000] {dag.py:4180} INFO - Setting next_dagrun for example_nested_branch_dag to 2024-10-05 00:00:00+00:00, run_after=2024-10-06 00:00:00+00:00
[2024-10-06T04:46:44.243+0000] {processor.py:208} INFO - Processing /home/airflow/.local/lib/python3.12/site-packages/airflow/example_dags/example_nested_branch_dag.py took 0.072 seconds
[2024-10-06T04:47:14.633+0000] {processor.py:186} INFO - Started process (PID=2811) to work on /home/airflow/.local/lib/python3.12/site-packages/airflow/example_dags/example_nested_branch_dag.py
[2024-10-06T04:47:14.633+0000] {processor.py:914} INFO - Processing file /home/airflow/.local/lib/python3.12/site-packages/airflow/example_dags/example_nested_branch_dag.py for tasks to queue
[2024-10-06T04:47:14.634+0000] {logging_mixin.py:190} INFO - [2024-10-06T04:47:14.634+0000] {dagbag.py:588} INFO - Filling up the DagBag from /home/airflow/.local/lib/python3.12/site-packages/airflow/example_dags/example_nested_branch_dag.py
[2024-10-06T04:47:14.642+0000] {processor.py:925} INFO - DAG(s) 'example_nested_branch_dag' retrieved from /home/airflow/.local/lib/python3.12/site-packages/airflow/example_dags/example_nested_branch_dag.py
[2024-10-06T04:47:14.659+0000] {logging_mixin.py:190} INFO - [2024-10-06T04:47:14.659+0000] {dag.py:3239} INFO - Sync 1 DAGs
[2024-10-06T04:47:14.677+0000] {logging_mixin.py:190} INFO - [2024-10-06T04:47:14.677+0000] {dag.py:4180} INFO - Setting next_dagrun for example_nested_branch_dag to 2024-10-05 00:00:00+00:00, run_after=2024-10-06 00:00:00+00:00
[2024-10-06T04:47:14.694+0000] {processor.py:208} INFO - Processing /home/airflow/.local/lib/python3.12/site-packages/airflow/example_dags/example_nested_branch_dag.py took 0.066 seconds
[2024-10-06T04:47:44.789+0000] {processor.py:186} INFO - Started process (PID=2873) to work on /home/airflow/.local/lib/python3.12/site-packages/airflow/example_dags/example_nested_branch_dag.py
[2024-10-06T04:47:44.790+0000] {processor.py:914} INFO - Processing file /home/airflow/.local/lib/python3.12/site-packages/airflow/example_dags/example_nested_branch_dag.py for tasks to queue
[2024-10-06T04:47:44.791+0000] {logging_mixin.py:190} INFO - [2024-10-06T04:47:44.791+0000] {dagbag.py:588} INFO - Filling up the DagBag from /home/airflow/.local/lib/python3.12/site-packages/airflow/example_dags/example_nested_branch_dag.py
[2024-10-06T04:47:44.800+0000] {processor.py:925} INFO - DAG(s) 'example_nested_branch_dag' retrieved from /home/airflow/.local/lib/python3.12/site-packages/airflow/example_dags/example_nested_branch_dag.py
[2024-10-06T04:47:44.815+0000] {logging_mixin.py:190} INFO - [2024-10-06T04:47:44.815+0000] {dag.py:3239} INFO - Sync 1 DAGs
[2024-10-06T04:47:44.834+0000] {logging_mixin.py:190} INFO - [2024-10-06T04:47:44.834+0000] {dag.py:4180} INFO - Setting next_dagrun for example_nested_branch_dag to 2024-10-05 00:00:00+00:00, run_after=2024-10-06 00:00:00+00:00
[2024-10-06T04:47:44.851+0000] {processor.py:208} INFO - Processing /home/airflow/.local/lib/python3.12/site-packages/airflow/example_dags/example_nested_branch_dag.py took 0.066 seconds
[2024-10-06T04:48:15.165+0000] {processor.py:186} INFO - Started process (PID=2936) to work on /home/airflow/.local/lib/python3.12/site-packages/airflow/example_dags/example_nested_branch_dag.py
[2024-10-06T04:48:15.165+0000] {processor.py:914} INFO - Processing file /home/airflow/.local/lib/python3.12/site-packages/airflow/example_dags/example_nested_branch_dag.py for tasks to queue
[2024-10-06T04:48:15.167+0000] {logging_mixin.py:190} INFO - [2024-10-06T04:48:15.166+0000] {dagbag.py:588} INFO - Filling up the DagBag from /home/airflow/.local/lib/python3.12/site-packages/airflow/example_dags/example_nested_branch_dag.py
[2024-10-06T04:48:15.176+0000] {processor.py:925} INFO - DAG(s) 'example_nested_branch_dag' retrieved from /home/airflow/.local/lib/python3.12/site-packages/airflow/example_dags/example_nested_branch_dag.py
[2024-10-06T04:48:15.193+0000] {logging_mixin.py:190} INFO - [2024-10-06T04:48:15.192+0000] {dag.py:3239} INFO - Sync 1 DAGs
[2024-10-06T04:48:15.212+0000] {logging_mixin.py:190} INFO - [2024-10-06T04:48:15.212+0000] {dag.py:4180} INFO - Setting next_dagrun for example_nested_branch_dag to 2024-10-05 00:00:00+00:00, run_after=2024-10-06 00:00:00+00:00
[2024-10-06T04:48:15.229+0000] {processor.py:208} INFO - Processing /home/airflow/.local/lib/python3.12/site-packages/airflow/example_dags/example_nested_branch_dag.py took 0.068 seconds
[2024-10-06T04:48:45.613+0000] {processor.py:186} INFO - Started process (PID=2999) to work on /home/airflow/.local/lib/python3.12/site-packages/airflow/example_dags/example_nested_branch_dag.py
[2024-10-06T04:48:45.614+0000] {processor.py:914} INFO - Processing file /home/airflow/.local/lib/python3.12/site-packages/airflow/example_dags/example_nested_branch_dag.py for tasks to queue
[2024-10-06T04:48:45.615+0000] {logging_mixin.py:190} INFO - [2024-10-06T04:48:45.614+0000] {dagbag.py:588} INFO - Filling up the DagBag from /home/airflow/.local/lib/python3.12/site-packages/airflow/example_dags/example_nested_branch_dag.py
[2024-10-06T04:48:45.624+0000] {processor.py:925} INFO - DAG(s) 'example_nested_branch_dag' retrieved from /home/airflow/.local/lib/python3.12/site-packages/airflow/example_dags/example_nested_branch_dag.py
[2024-10-06T04:48:45.641+0000] {logging_mixin.py:190} INFO - [2024-10-06T04:48:45.640+0000] {dag.py:3239} INFO - Sync 1 DAGs
[2024-10-06T04:48:45.662+0000] {logging_mixin.py:190} INFO - [2024-10-06T04:48:45.661+0000] {dag.py:4180} INFO - Setting next_dagrun for example_nested_branch_dag to 2024-10-05 00:00:00+00:00, run_after=2024-10-06 00:00:00+00:00
[2024-10-06T04:48:45.677+0000] {processor.py:208} INFO - Processing /home/airflow/.local/lib/python3.12/site-packages/airflow/example_dags/example_nested_branch_dag.py took 0.070 seconds
[2024-10-06T04:49:16.276+0000] {processor.py:186} INFO - Started process (PID=3064) to work on /home/airflow/.local/lib/python3.12/site-packages/airflow/example_dags/example_nested_branch_dag.py
[2024-10-06T04:49:16.276+0000] {processor.py:914} INFO - Processing file /home/airflow/.local/lib/python3.12/site-packages/airflow/example_dags/example_nested_branch_dag.py for tasks to queue
[2024-10-06T04:49:16.277+0000] {logging_mixin.py:190} INFO - [2024-10-06T04:49:16.277+0000] {dagbag.py:588} INFO - Filling up the DagBag from /home/airflow/.local/lib/python3.12/site-packages/airflow/example_dags/example_nested_branch_dag.py
[2024-10-06T04:49:16.286+0000] {processor.py:925} INFO - DAG(s) 'example_nested_branch_dag' retrieved from /home/airflow/.local/lib/python3.12/site-packages/airflow/example_dags/example_nested_branch_dag.py
[2024-10-06T04:49:16.302+0000] {logging_mixin.py:190} INFO - [2024-10-06T04:49:16.302+0000] {dag.py:3239} INFO - Sync 1 DAGs
[2024-10-06T04:49:16.321+0000] {logging_mixin.py:190} INFO - [2024-10-06T04:49:16.321+0000] {dag.py:4180} INFO - Setting next_dagrun for example_nested_branch_dag to 2024-10-05 00:00:00+00:00, run_after=2024-10-06 00:00:00+00:00
[2024-10-06T04:49:16.338+0000] {processor.py:208} INFO - Processing /home/airflow/.local/lib/python3.12/site-packages/airflow/example_dags/example_nested_branch_dag.py took 0.067 seconds
[2024-10-06T04:49:46.778+0000] {processor.py:186} INFO - Started process (PID=3127) to work on /home/airflow/.local/lib/python3.12/site-packages/airflow/example_dags/example_nested_branch_dag.py
[2024-10-06T04:49:46.779+0000] {processor.py:914} INFO - Processing file /home/airflow/.local/lib/python3.12/site-packages/airflow/example_dags/example_nested_branch_dag.py for tasks to queue
[2024-10-06T04:49:46.780+0000] {logging_mixin.py:190} INFO - [2024-10-06T04:49:46.780+0000] {dagbag.py:588} INFO - Filling up the DagBag from /home/airflow/.local/lib/python3.12/site-packages/airflow/example_dags/example_nested_branch_dag.py
[2024-10-06T04:49:46.788+0000] {processor.py:925} INFO - DAG(s) 'example_nested_branch_dag' retrieved from /home/airflow/.local/lib/python3.12/site-packages/airflow/example_dags/example_nested_branch_dag.py
[2024-10-06T04:49:46.805+0000] {logging_mixin.py:190} INFO - [2024-10-06T04:49:46.805+0000] {dag.py:3239} INFO - Sync 1 DAGs
[2024-10-06T04:49:46.824+0000] {logging_mixin.py:190} INFO - [2024-10-06T04:49:46.824+0000] {dag.py:4180} INFO - Setting next_dagrun for example_nested_branch_dag to 2024-10-05 00:00:00+00:00, run_after=2024-10-06 00:00:00+00:00
[2024-10-06T04:49:46.845+0000] {processor.py:208} INFO - Processing /home/airflow/.local/lib/python3.12/site-packages/airflow/example_dags/example_nested_branch_dag.py took 0.071 seconds
[2024-10-06T04:50:17.159+0000] {processor.py:186} INFO - Started process (PID=3190) to work on /home/airflow/.local/lib/python3.12/site-packages/airflow/example_dags/example_nested_branch_dag.py
[2024-10-06T04:50:17.160+0000] {processor.py:914} INFO - Processing file /home/airflow/.local/lib/python3.12/site-packages/airflow/example_dags/example_nested_branch_dag.py for tasks to queue
[2024-10-06T04:50:17.161+0000] {logging_mixin.py:190} INFO - [2024-10-06T04:50:17.161+0000] {dagbag.py:588} INFO - Filling up the DagBag from /home/airflow/.local/lib/python3.12/site-packages/airflow/example_dags/example_nested_branch_dag.py
[2024-10-06T04:50:17.175+0000] {processor.py:925} INFO - DAG(s) 'example_nested_branch_dag' retrieved from /home/airflow/.local/lib/python3.12/site-packages/airflow/example_dags/example_nested_branch_dag.py
[2024-10-06T04:50:17.200+0000] {logging_mixin.py:190} INFO - [2024-10-06T04:50:17.199+0000] {dag.py:3239} INFO - Sync 1 DAGs
[2024-10-06T04:50:17.226+0000] {logging_mixin.py:190} INFO - [2024-10-06T04:50:17.226+0000] {dag.py:4180} INFO - Setting next_dagrun for example_nested_branch_dag to 2024-10-05 00:00:00+00:00, run_after=2024-10-06 00:00:00+00:00
[2024-10-06T04:50:17.248+0000] {processor.py:208} INFO - Processing /home/airflow/.local/lib/python3.12/site-packages/airflow/example_dags/example_nested_branch_dag.py took 0.096 seconds
[2024-10-06T04:50:47.438+0000] {processor.py:186} INFO - Started process (PID=3252) to work on /home/airflow/.local/lib/python3.12/site-packages/airflow/example_dags/example_nested_branch_dag.py
[2024-10-06T04:50:47.439+0000] {processor.py:914} INFO - Processing file /home/airflow/.local/lib/python3.12/site-packages/airflow/example_dags/example_nested_branch_dag.py for tasks to queue
[2024-10-06T04:50:47.441+0000] {logging_mixin.py:190} INFO - [2024-10-06T04:50:47.440+0000] {dagbag.py:588} INFO - Filling up the DagBag from /home/airflow/.local/lib/python3.12/site-packages/airflow/example_dags/example_nested_branch_dag.py
[2024-10-06T04:50:47.453+0000] {processor.py:925} INFO - DAG(s) 'example_nested_branch_dag' retrieved from /home/airflow/.local/lib/python3.12/site-packages/airflow/example_dags/example_nested_branch_dag.py
[2024-10-06T04:50:47.476+0000] {logging_mixin.py:190} INFO - [2024-10-06T04:50:47.476+0000] {dag.py:3239} INFO - Sync 1 DAGs
[2024-10-06T04:50:47.506+0000] {logging_mixin.py:190} INFO - [2024-10-06T04:50:47.506+0000] {dag.py:4180} INFO - Setting next_dagrun for example_nested_branch_dag to 2024-10-05 00:00:00+00:00, run_after=2024-10-06 00:00:00+00:00
[2024-10-06T04:50:47.526+0000] {processor.py:208} INFO - Processing /home/airflow/.local/lib/python3.12/site-packages/airflow/example_dags/example_nested_branch_dag.py took 0.094 seconds
[2024-10-06T04:51:17.958+0000] {processor.py:186} INFO - Started process (PID=3315) to work on /home/airflow/.local/lib/python3.12/site-packages/airflow/example_dags/example_nested_branch_dag.py
[2024-10-06T04:51:17.959+0000] {processor.py:914} INFO - Processing file /home/airflow/.local/lib/python3.12/site-packages/airflow/example_dags/example_nested_branch_dag.py for tasks to queue
[2024-10-06T04:51:17.959+0000] {logging_mixin.py:190} INFO - [2024-10-06T04:51:17.959+0000] {dagbag.py:588} INFO - Filling up the DagBag from /home/airflow/.local/lib/python3.12/site-packages/airflow/example_dags/example_nested_branch_dag.py
[2024-10-06T04:51:17.968+0000] {processor.py:925} INFO - DAG(s) 'example_nested_branch_dag' retrieved from /home/airflow/.local/lib/python3.12/site-packages/airflow/example_dags/example_nested_branch_dag.py
[2024-10-06T04:51:17.989+0000] {logging_mixin.py:190} INFO - [2024-10-06T04:51:17.989+0000] {dag.py:3239} INFO - Sync 1 DAGs
[2024-10-06T04:51:18.016+0000] {logging_mixin.py:190} INFO - [2024-10-06T04:51:18.016+0000] {dag.py:4180} INFO - Setting next_dagrun for example_nested_branch_dag to 2024-10-05 00:00:00+00:00, run_after=2024-10-06 00:00:00+00:00
[2024-10-06T04:51:18.039+0000] {processor.py:208} INFO - Processing /home/airflow/.local/lib/python3.12/site-packages/airflow/example_dags/example_nested_branch_dag.py took 0.086 seconds
[2024-10-06T04:51:48.201+0000] {processor.py:186} INFO - Started process (PID=3377) to work on /home/airflow/.local/lib/python3.12/site-packages/airflow/example_dags/example_nested_branch_dag.py
[2024-10-06T04:51:48.202+0000] {processor.py:914} INFO - Processing file /home/airflow/.local/lib/python3.12/site-packages/airflow/example_dags/example_nested_branch_dag.py for tasks to queue
[2024-10-06T04:51:48.203+0000] {logging_mixin.py:190} INFO - [2024-10-06T04:51:48.203+0000] {dagbag.py:588} INFO - Filling up the DagBag from /home/airflow/.local/lib/python3.12/site-packages/airflow/example_dags/example_nested_branch_dag.py
[2024-10-06T04:51:48.212+0000] {processor.py:925} INFO - DAG(s) 'example_nested_branch_dag' retrieved from /home/airflow/.local/lib/python3.12/site-packages/airflow/example_dags/example_nested_branch_dag.py
[2024-10-06T04:51:48.229+0000] {logging_mixin.py:190} INFO - [2024-10-06T04:51:48.229+0000] {dag.py:3239} INFO - Sync 1 DAGs
[2024-10-06T04:51:48.247+0000] {logging_mixin.py:190} INFO - [2024-10-06T04:51:48.247+0000] {dag.py:4180} INFO - Setting next_dagrun for example_nested_branch_dag to 2024-10-05 00:00:00+00:00, run_after=2024-10-06 00:00:00+00:00
[2024-10-06T04:51:48.266+0000] {processor.py:208} INFO - Processing /home/airflow/.local/lib/python3.12/site-packages/airflow/example_dags/example_nested_branch_dag.py took 0.069 seconds
[2024-10-06T04:52:18.573+0000] {processor.py:186} INFO - Started process (PID=3441) to work on /home/airflow/.local/lib/python3.12/site-packages/airflow/example_dags/example_nested_branch_dag.py
[2024-10-06T04:52:18.573+0000] {processor.py:914} INFO - Processing file /home/airflow/.local/lib/python3.12/site-packages/airflow/example_dags/example_nested_branch_dag.py for tasks to queue
[2024-10-06T04:52:18.574+0000] {logging_mixin.py:190} INFO - [2024-10-06T04:52:18.574+0000] {dagbag.py:588} INFO - Filling up the DagBag from /home/airflow/.local/lib/python3.12/site-packages/airflow/example_dags/example_nested_branch_dag.py
[2024-10-06T04:52:18.584+0000] {processor.py:925} INFO - DAG(s) 'example_nested_branch_dag' retrieved from /home/airflow/.local/lib/python3.12/site-packages/airflow/example_dags/example_nested_branch_dag.py
[2024-10-06T04:52:18.601+0000] {logging_mixin.py:190} INFO - [2024-10-06T04:52:18.601+0000] {dag.py:3239} INFO - Sync 1 DAGs
[2024-10-06T04:52:18.621+0000] {logging_mixin.py:190} INFO - [2024-10-06T04:52:18.621+0000] {dag.py:4180} INFO - Setting next_dagrun for example_nested_branch_dag to 2024-10-05 00:00:00+00:00, run_after=2024-10-06 00:00:00+00:00
[2024-10-06T04:52:18.637+0000] {processor.py:208} INFO - Processing /home/airflow/.local/lib/python3.12/site-packages/airflow/example_dags/example_nested_branch_dag.py took 0.070 seconds
[2024-10-06T04:52:48.848+0000] {processor.py:186} INFO - Started process (PID=3505) to work on /home/airflow/.local/lib/python3.12/site-packages/airflow/example_dags/example_nested_branch_dag.py
[2024-10-06T04:52:48.848+0000] {processor.py:914} INFO - Processing file /home/airflow/.local/lib/python3.12/site-packages/airflow/example_dags/example_nested_branch_dag.py for tasks to queue
[2024-10-06T04:52:48.849+0000] {logging_mixin.py:190} INFO - [2024-10-06T04:52:48.849+0000] {dagbag.py:588} INFO - Filling up the DagBag from /home/airflow/.local/lib/python3.12/site-packages/airflow/example_dags/example_nested_branch_dag.py
[2024-10-06T04:52:48.858+0000] {processor.py:925} INFO - DAG(s) 'example_nested_branch_dag' retrieved from /home/airflow/.local/lib/python3.12/site-packages/airflow/example_dags/example_nested_branch_dag.py
[2024-10-06T04:52:48.874+0000] {logging_mixin.py:190} INFO - [2024-10-06T04:52:48.874+0000] {dag.py:3239} INFO - Sync 1 DAGs
[2024-10-06T04:52:48.893+0000] {logging_mixin.py:190} INFO - [2024-10-06T04:52:48.893+0000] {dag.py:4180} INFO - Setting next_dagrun for example_nested_branch_dag to 2024-10-05 00:00:00+00:00, run_after=2024-10-06 00:00:00+00:00
[2024-10-06T04:52:48.913+0000] {processor.py:208} INFO - Processing /home/airflow/.local/lib/python3.12/site-packages/airflow/example_dags/example_nested_branch_dag.py took 0.069 seconds
[2024-10-06T04:53:19.206+0000] {processor.py:186} INFO - Started process (PID=3568) to work on /home/airflow/.local/lib/python3.12/site-packages/airflow/example_dags/example_nested_branch_dag.py
[2024-10-06T04:53:19.207+0000] {processor.py:914} INFO - Processing file /home/airflow/.local/lib/python3.12/site-packages/airflow/example_dags/example_nested_branch_dag.py for tasks to queue
[2024-10-06T04:53:19.208+0000] {logging_mixin.py:190} INFO - [2024-10-06T04:53:19.207+0000] {dagbag.py:588} INFO - Filling up the DagBag from /home/airflow/.local/lib/python3.12/site-packages/airflow/example_dags/example_nested_branch_dag.py
[2024-10-06T04:53:19.216+0000] {processor.py:925} INFO - DAG(s) 'example_nested_branch_dag' retrieved from /home/airflow/.local/lib/python3.12/site-packages/airflow/example_dags/example_nested_branch_dag.py
[2024-10-06T04:53:19.233+0000] {logging_mixin.py:190} INFO - [2024-10-06T04:53:19.233+0000] {dag.py:3239} INFO - Sync 1 DAGs
[2024-10-06T04:53:19.252+0000] {logging_mixin.py:190} INFO - [2024-10-06T04:53:19.252+0000] {dag.py:4180} INFO - Setting next_dagrun for example_nested_branch_dag to 2024-10-05 00:00:00+00:00, run_after=2024-10-06 00:00:00+00:00
[2024-10-06T04:53:19.272+0000] {processor.py:208} INFO - Processing /home/airflow/.local/lib/python3.12/site-packages/airflow/example_dags/example_nested_branch_dag.py took 0.070 seconds
[2024-10-06T04:53:49.559+0000] {processor.py:186} INFO - Started process (PID=3637) to work on /home/airflow/.local/lib/python3.12/site-packages/airflow/example_dags/example_nested_branch_dag.py
[2024-10-06T04:53:49.559+0000] {processor.py:914} INFO - Processing file /home/airflow/.local/lib/python3.12/site-packages/airflow/example_dags/example_nested_branch_dag.py for tasks to queue
[2024-10-06T04:53:49.561+0000] {logging_mixin.py:190} INFO - [2024-10-06T04:53:49.561+0000] {dagbag.py:588} INFO - Filling up the DagBag from /home/airflow/.local/lib/python3.12/site-packages/airflow/example_dags/example_nested_branch_dag.py
[2024-10-06T04:53:49.573+0000] {processor.py:925} INFO - DAG(s) 'example_nested_branch_dag' retrieved from /home/airflow/.local/lib/python3.12/site-packages/airflow/example_dags/example_nested_branch_dag.py
[2024-10-06T04:53:49.593+0000] {logging_mixin.py:190} INFO - [2024-10-06T04:53:49.593+0000] {dag.py:3239} INFO - Sync 1 DAGs
[2024-10-06T04:53:49.613+0000] {logging_mixin.py:190} INFO - [2024-10-06T04:53:49.613+0000] {dag.py:4180} INFO - Setting next_dagrun for example_nested_branch_dag to 2024-10-05 00:00:00+00:00, run_after=2024-10-06 00:00:00+00:00
[2024-10-06T04:53:49.630+0000] {processor.py:208} INFO - Processing /home/airflow/.local/lib/python3.12/site-packages/airflow/example_dags/example_nested_branch_dag.py took 0.077 seconds
[2024-10-06T04:54:20.560+0000] {processor.py:186} INFO - Started process (PID=3700) to work on /home/airflow/.local/lib/python3.12/site-packages/airflow/example_dags/example_nested_branch_dag.py
[2024-10-06T04:54:20.561+0000] {processor.py:914} INFO - Processing file /home/airflow/.local/lib/python3.12/site-packages/airflow/example_dags/example_nested_branch_dag.py for tasks to queue
[2024-10-06T04:54:20.562+0000] {logging_mixin.py:190} INFO - [2024-10-06T04:54:20.562+0000] {dagbag.py:588} INFO - Filling up the DagBag from /home/airflow/.local/lib/python3.12/site-packages/airflow/example_dags/example_nested_branch_dag.py
[2024-10-06T04:54:20.571+0000] {processor.py:925} INFO - DAG(s) 'example_nested_branch_dag' retrieved from /home/airflow/.local/lib/python3.12/site-packages/airflow/example_dags/example_nested_branch_dag.py
[2024-10-06T04:54:20.587+0000] {logging_mixin.py:190} INFO - [2024-10-06T04:54:20.587+0000] {dag.py:3239} INFO - Sync 1 DAGs
[2024-10-06T04:54:20.606+0000] {logging_mixin.py:190} INFO - [2024-10-06T04:54:20.605+0000] {dag.py:4180} INFO - Setting next_dagrun for example_nested_branch_dag to 2024-10-05 00:00:00+00:00, run_after=2024-10-06 00:00:00+00:00
[2024-10-06T04:54:20.624+0000] {processor.py:208} INFO - Processing /home/airflow/.local/lib/python3.12/site-packages/airflow/example_dags/example_nested_branch_dag.py took 0.068 seconds
[2024-10-06T04:54:50.897+0000] {processor.py:186} INFO - Started process (PID=3764) to work on /home/airflow/.local/lib/python3.12/site-packages/airflow/example_dags/example_nested_branch_dag.py
[2024-10-06T04:54:50.898+0000] {processor.py:914} INFO - Processing file /home/airflow/.local/lib/python3.12/site-packages/airflow/example_dags/example_nested_branch_dag.py for tasks to queue
[2024-10-06T04:54:50.898+0000] {logging_mixin.py:190} INFO - [2024-10-06T04:54:50.898+0000] {dagbag.py:588} INFO - Filling up the DagBag from /home/airflow/.local/lib/python3.12/site-packages/airflow/example_dags/example_nested_branch_dag.py
[2024-10-06T04:54:50.907+0000] {processor.py:925} INFO - DAG(s) 'example_nested_branch_dag' retrieved from /home/airflow/.local/lib/python3.12/site-packages/airflow/example_dags/example_nested_branch_dag.py
[2024-10-06T04:54:50.924+0000] {logging_mixin.py:190} INFO - [2024-10-06T04:54:50.923+0000] {dag.py:3239} INFO - Sync 1 DAGs
[2024-10-06T04:54:50.943+0000] {logging_mixin.py:190} INFO - [2024-10-06T04:54:50.942+0000] {dag.py:4180} INFO - Setting next_dagrun for example_nested_branch_dag to 2024-10-05 00:00:00+00:00, run_after=2024-10-06 00:00:00+00:00
[2024-10-06T04:54:50.961+0000] {processor.py:208} INFO - Processing /home/airflow/.local/lib/python3.12/site-packages/airflow/example_dags/example_nested_branch_dag.py took 0.068 seconds
[2024-10-06T04:55:21.293+0000] {processor.py:186} INFO - Started process (PID=3827) to work on /home/airflow/.local/lib/python3.12/site-packages/airflow/example_dags/example_nested_branch_dag.py
[2024-10-06T04:55:21.294+0000] {processor.py:914} INFO - Processing file /home/airflow/.local/lib/python3.12/site-packages/airflow/example_dags/example_nested_branch_dag.py for tasks to queue
[2024-10-06T04:55:21.295+0000] {logging_mixin.py:190} INFO - [2024-10-06T04:55:21.295+0000] {dagbag.py:588} INFO - Filling up the DagBag from /home/airflow/.local/lib/python3.12/site-packages/airflow/example_dags/example_nested_branch_dag.py
[2024-10-06T04:55:21.303+0000] {processor.py:925} INFO - DAG(s) 'example_nested_branch_dag' retrieved from /home/airflow/.local/lib/python3.12/site-packages/airflow/example_dags/example_nested_branch_dag.py
[2024-10-06T04:55:21.320+0000] {logging_mixin.py:190} INFO - [2024-10-06T04:55:21.320+0000] {dag.py:3239} INFO - Sync 1 DAGs
[2024-10-06T04:55:21.342+0000] {logging_mixin.py:190} INFO - [2024-10-06T04:55:21.342+0000] {dag.py:4180} INFO - Setting next_dagrun for example_nested_branch_dag to 2024-10-05 00:00:00+00:00, run_after=2024-10-06 00:00:00+00:00
[2024-10-06T04:55:21.373+0000] {processor.py:208} INFO - Processing /home/airflow/.local/lib/python3.12/site-packages/airflow/example_dags/example_nested_branch_dag.py took 0.084 seconds
[2024-10-06T04:55:51.923+0000] {processor.py:186} INFO - Started process (PID=3891) to work on /home/airflow/.local/lib/python3.12/site-packages/airflow/example_dags/example_nested_branch_dag.py
[2024-10-06T04:55:51.924+0000] {processor.py:914} INFO - Processing file /home/airflow/.local/lib/python3.12/site-packages/airflow/example_dags/example_nested_branch_dag.py for tasks to queue
[2024-10-06T04:55:51.925+0000] {logging_mixin.py:190} INFO - [2024-10-06T04:55:51.924+0000] {dagbag.py:588} INFO - Filling up the DagBag from /home/airflow/.local/lib/python3.12/site-packages/airflow/example_dags/example_nested_branch_dag.py
[2024-10-06T04:55:51.933+0000] {processor.py:925} INFO - DAG(s) 'example_nested_branch_dag' retrieved from /home/airflow/.local/lib/python3.12/site-packages/airflow/example_dags/example_nested_branch_dag.py
[2024-10-06T04:55:51.951+0000] {logging_mixin.py:190} INFO - [2024-10-06T04:55:51.951+0000] {dag.py:3239} INFO - Sync 1 DAGs
[2024-10-06T04:55:51.972+0000] {logging_mixin.py:190} INFO - [2024-10-06T04:55:51.972+0000] {dag.py:4180} INFO - Setting next_dagrun for example_nested_branch_dag to 2024-10-05 00:00:00+00:00, run_after=2024-10-06 00:00:00+00:00
[2024-10-06T04:55:51.996+0000] {processor.py:208} INFO - Processing /home/airflow/.local/lib/python3.12/site-packages/airflow/example_dags/example_nested_branch_dag.py took 0.078 seconds
[2024-10-06T04:56:22.249+0000] {processor.py:186} INFO - Started process (PID=3955) to work on /home/airflow/.local/lib/python3.12/site-packages/airflow/example_dags/example_nested_branch_dag.py
[2024-10-06T04:56:22.249+0000] {processor.py:914} INFO - Processing file /home/airflow/.local/lib/python3.12/site-packages/airflow/example_dags/example_nested_branch_dag.py for tasks to queue
[2024-10-06T04:56:22.251+0000] {logging_mixin.py:190} INFO - [2024-10-06T04:56:22.250+0000] {dagbag.py:588} INFO - Filling up the DagBag from /home/airflow/.local/lib/python3.12/site-packages/airflow/example_dags/example_nested_branch_dag.py
[2024-10-06T04:56:22.259+0000] {processor.py:925} INFO - DAG(s) 'example_nested_branch_dag' retrieved from /home/airflow/.local/lib/python3.12/site-packages/airflow/example_dags/example_nested_branch_dag.py
[2024-10-06T04:56:22.280+0000] {logging_mixin.py:190} INFO - [2024-10-06T04:56:22.280+0000] {dag.py:3239} INFO - Sync 1 DAGs
[2024-10-06T04:56:22.301+0000] {logging_mixin.py:190} INFO - [2024-10-06T04:56:22.301+0000] {dag.py:4180} INFO - Setting next_dagrun for example_nested_branch_dag to 2024-10-05 00:00:00+00:00, run_after=2024-10-06 00:00:00+00:00
[2024-10-06T04:56:22.320+0000] {processor.py:208} INFO - Processing /home/airflow/.local/lib/python3.12/site-packages/airflow/example_dags/example_nested_branch_dag.py took 0.077 seconds
[2024-10-06T04:56:52.741+0000] {processor.py:186} INFO - Started process (PID=4019) to work on /home/airflow/.local/lib/python3.12/site-packages/airflow/example_dags/example_nested_branch_dag.py
[2024-10-06T04:56:52.742+0000] {processor.py:914} INFO - Processing file /home/airflow/.local/lib/python3.12/site-packages/airflow/example_dags/example_nested_branch_dag.py for tasks to queue
[2024-10-06T04:56:52.743+0000] {logging_mixin.py:190} INFO - [2024-10-06T04:56:52.742+0000] {dagbag.py:588} INFO - Filling up the DagBag from /home/airflow/.local/lib/python3.12/site-packages/airflow/example_dags/example_nested_branch_dag.py
[2024-10-06T04:56:52.751+0000] {processor.py:925} INFO - DAG(s) 'example_nested_branch_dag' retrieved from /home/airflow/.local/lib/python3.12/site-packages/airflow/example_dags/example_nested_branch_dag.py
[2024-10-06T04:56:52.773+0000] {logging_mixin.py:190} INFO - [2024-10-06T04:56:52.773+0000] {dag.py:3239} INFO - Sync 1 DAGs
[2024-10-06T04:56:52.797+0000] {logging_mixin.py:190} INFO - [2024-10-06T04:56:52.797+0000] {dag.py:4180} INFO - Setting next_dagrun for example_nested_branch_dag to 2024-10-05 00:00:00+00:00, run_after=2024-10-06 00:00:00+00:00
[2024-10-06T04:56:52.825+0000] {processor.py:208} INFO - Processing /home/airflow/.local/lib/python3.12/site-packages/airflow/example_dags/example_nested_branch_dag.py took 0.088 seconds
[2024-10-06T04:57:23.291+0000] {processor.py:186} INFO - Started process (PID=4083) to work on /home/airflow/.local/lib/python3.12/site-packages/airflow/example_dags/example_nested_branch_dag.py
[2024-10-06T04:57:23.292+0000] {processor.py:914} INFO - Processing file /home/airflow/.local/lib/python3.12/site-packages/airflow/example_dags/example_nested_branch_dag.py for tasks to queue
[2024-10-06T04:57:23.293+0000] {logging_mixin.py:190} INFO - [2024-10-06T04:57:23.292+0000] {dagbag.py:588} INFO - Filling up the DagBag from /home/airflow/.local/lib/python3.12/site-packages/airflow/example_dags/example_nested_branch_dag.py
[2024-10-06T04:57:23.301+0000] {processor.py:925} INFO - DAG(s) 'example_nested_branch_dag' retrieved from /home/airflow/.local/lib/python3.12/site-packages/airflow/example_dags/example_nested_branch_dag.py
[2024-10-06T04:57:23.323+0000] {logging_mixin.py:190} INFO - [2024-10-06T04:57:23.323+0000] {dag.py:3239} INFO - Sync 1 DAGs
[2024-10-06T04:57:23.352+0000] {logging_mixin.py:190} INFO - [2024-10-06T04:57:23.351+0000] {dag.py:4180} INFO - Setting next_dagrun for example_nested_branch_dag to 2024-10-05 00:00:00+00:00, run_after=2024-10-06 00:00:00+00:00
[2024-10-06T04:57:23.375+0000] {processor.py:208} INFO - Processing /home/airflow/.local/lib/python3.12/site-packages/airflow/example_dags/example_nested_branch_dag.py took 0.088 seconds
