[2024-10-06T04:25:18.620+0000] {processor.py:186} INFO - Started process (PID=78) to work on /home/airflow/.local/lib/python3.12/site-packages/airflow/example_dags/example_complex.py
[2024-10-06T04:25:18.621+0000] {processor.py:914} INFO - Processing file /home/airflow/.local/lib/python3.12/site-packages/airflow/example_dags/example_complex.py for tasks to queue
[2024-10-06T04:25:18.623+0000] {logging_mixin.py:190} INFO - [2024-10-06T04:25:18.623+0000] {dagbag.py:588} INFO - Filling up the DagBag from /home/airflow/.local/lib/python3.12/site-packages/airflow/example_dags/example_complex.py
[2024-10-06T04:25:18.637+0000] {processor.py:925} INFO - DAG(s) 'example_complex' retrieved from /home/airflow/.local/lib/python3.12/site-packages/airflow/example_dags/example_complex.py
[2024-10-06T04:25:18.776+0000] {logging_mixin.py:190} INFO - [2024-10-06T04:25:18.775+0000] {override.py:1900} INFO - Created Permission View: can edit on DAG:example_complex
[2024-10-06T04:25:18.788+0000] {logging_mixin.py:190} INFO - [2024-10-06T04:25:18.788+0000] {override.py:1900} INFO - Created Permission View: can delete on DAG:example_complex
[2024-10-06T04:25:18.799+0000] {logging_mixin.py:190} INFO - [2024-10-06T04:25:18.799+0000] {override.py:1900} INFO - Created Permission View: can read on DAG:example_complex
[2024-10-06T04:25:18.814+0000] {logging_mixin.py:190} INFO - [2024-10-06T04:25:18.814+0000] {override.py:1900} INFO - Created Permission View: can delete on DAG Run:example_complex
[2024-10-06T04:25:18.822+0000] {logging_mixin.py:190} INFO - [2024-10-06T04:25:18.822+0000] {override.py:1900} INFO - Created Permission View: can create on DAG Run:example_complex
[2024-10-06T04:25:18.831+0000] {logging_mixin.py:190} INFO - [2024-10-06T04:25:18.830+0000] {override.py:1900} INFO - Created Permission View: menu access on DAG Run:example_complex
[2024-10-06T04:25:18.839+0000] {logging_mixin.py:190} INFO - [2024-10-06T04:25:18.838+0000] {override.py:1900} INFO - Created Permission View: can read on DAG Run:example_complex
[2024-10-06T04:25:18.839+0000] {logging_mixin.py:190} INFO - [2024-10-06T04:25:18.839+0000] {dag.py:3239} INFO - Sync 1 DAGs
[2024-10-06T04:25:18.853+0000] {logging_mixin.py:190} INFO - [2024-10-06T04:25:18.853+0000] {dag.py:3262} INFO - Creating ORM DAG for example_complex
[2024-10-06T04:25:18.854+0000] {logging_mixin.py:190} INFO - [2024-10-06T04:25:18.854+0000] {dag.py:4180} INFO - Setting next_dagrun for example_complex to None, run_after=None
[2024-10-06T04:25:18.908+0000] {processor.py:208} INFO - Processing /home/airflow/.local/lib/python3.12/site-packages/airflow/example_dags/example_complex.py took 0.293 seconds
[2024-10-06T04:25:49.252+0000] {processor.py:186} INFO - Started process (PID=140) to work on /home/airflow/.local/lib/python3.12/site-packages/airflow/example_dags/example_complex.py
[2024-10-06T04:25:49.253+0000] {processor.py:914} INFO - Processing file /home/airflow/.local/lib/python3.12/site-packages/airflow/example_dags/example_complex.py for tasks to queue
[2024-10-06T04:25:49.255+0000] {logging_mixin.py:190} INFO - [2024-10-06T04:25:49.254+0000] {dagbag.py:588} INFO - Filling up the DagBag from /home/airflow/.local/lib/python3.12/site-packages/airflow/example_dags/example_complex.py
[2024-10-06T04:25:49.264+0000] {processor.py:925} INFO - DAG(s) 'example_complex' retrieved from /home/airflow/.local/lib/python3.12/site-packages/airflow/example_dags/example_complex.py
[2024-10-06T04:25:49.288+0000] {logging_mixin.py:190} INFO - [2024-10-06T04:25:49.287+0000] {dag.py:3239} INFO - Sync 1 DAGs
[2024-10-06T04:25:49.299+0000] {logging_mixin.py:190} INFO - [2024-10-06T04:25:49.299+0000] {dag.py:4180} INFO - Setting next_dagrun for example_complex to None, run_after=None
[2024-10-06T04:25:49.316+0000] {processor.py:208} INFO - Processing /home/airflow/.local/lib/python3.12/site-packages/airflow/example_dags/example_complex.py took 0.070 seconds
[2024-10-06T04:26:19.770+0000] {processor.py:186} INFO - Started process (PID=202) to work on /home/airflow/.local/lib/python3.12/site-packages/airflow/example_dags/example_complex.py
[2024-10-06T04:26:19.771+0000] {processor.py:914} INFO - Processing file /home/airflow/.local/lib/python3.12/site-packages/airflow/example_dags/example_complex.py for tasks to queue
[2024-10-06T04:26:19.772+0000] {logging_mixin.py:190} INFO - [2024-10-06T04:26:19.772+0000] {dagbag.py:588} INFO - Filling up the DagBag from /home/airflow/.local/lib/python3.12/site-packages/airflow/example_dags/example_complex.py
[2024-10-06T04:26:19.782+0000] {processor.py:925} INFO - DAG(s) 'example_complex' retrieved from /home/airflow/.local/lib/python3.12/site-packages/airflow/example_dags/example_complex.py
[2024-10-06T04:26:19.807+0000] {logging_mixin.py:190} INFO - [2024-10-06T04:26:19.807+0000] {dag.py:3239} INFO - Sync 1 DAGs
[2024-10-06T04:26:19.818+0000] {logging_mixin.py:190} INFO - [2024-10-06T04:26:19.818+0000] {dag.py:4180} INFO - Setting next_dagrun for example_complex to None, run_after=None
[2024-10-06T04:26:19.838+0000] {processor.py:208} INFO - Processing /home/airflow/.local/lib/python3.12/site-packages/airflow/example_dags/example_complex.py took 0.072 seconds
[2024-10-06T04:26:50.096+0000] {processor.py:186} INFO - Started process (PID=264) to work on /home/airflow/.local/lib/python3.12/site-packages/airflow/example_dags/example_complex.py
[2024-10-06T04:26:50.096+0000] {processor.py:914} INFO - Processing file /home/airflow/.local/lib/python3.12/site-packages/airflow/example_dags/example_complex.py for tasks to queue
[2024-10-06T04:26:50.098+0000] {logging_mixin.py:190} INFO - [2024-10-06T04:26:50.098+0000] {dagbag.py:588} INFO - Filling up the DagBag from /home/airflow/.local/lib/python3.12/site-packages/airflow/example_dags/example_complex.py
[2024-10-06T04:26:50.108+0000] {processor.py:925} INFO - DAG(s) 'example_complex' retrieved from /home/airflow/.local/lib/python3.12/site-packages/airflow/example_dags/example_complex.py
[2024-10-06T04:26:50.133+0000] {logging_mixin.py:190} INFO - [2024-10-06T04:26:50.133+0000] {dag.py:3239} INFO - Sync 1 DAGs
[2024-10-06T04:26:50.145+0000] {logging_mixin.py:190} INFO - [2024-10-06T04:26:50.144+0000] {dag.py:4180} INFO - Setting next_dagrun for example_complex to None, run_after=None
[2024-10-06T04:26:50.166+0000] {processor.py:208} INFO - Processing /home/airflow/.local/lib/python3.12/site-packages/airflow/example_dags/example_complex.py took 0.075 seconds
[2024-10-06T04:27:20.472+0000] {processor.py:186} INFO - Started process (PID=326) to work on /home/airflow/.local/lib/python3.12/site-packages/airflow/example_dags/example_complex.py
[2024-10-06T04:27:20.473+0000] {processor.py:914} INFO - Processing file /home/airflow/.local/lib/python3.12/site-packages/airflow/example_dags/example_complex.py for tasks to queue
[2024-10-06T04:27:20.474+0000] {logging_mixin.py:190} INFO - [2024-10-06T04:27:20.474+0000] {dagbag.py:588} INFO - Filling up the DagBag from /home/airflow/.local/lib/python3.12/site-packages/airflow/example_dags/example_complex.py
[2024-10-06T04:27:20.484+0000] {processor.py:925} INFO - DAG(s) 'example_complex' retrieved from /home/airflow/.local/lib/python3.12/site-packages/airflow/example_dags/example_complex.py
[2024-10-06T04:27:20.518+0000] {logging_mixin.py:190} INFO - [2024-10-06T04:27:20.517+0000] {dag.py:3239} INFO - Sync 1 DAGs
[2024-10-06T04:27:20.533+0000] {logging_mixin.py:190} INFO - [2024-10-06T04:27:20.533+0000] {dag.py:4180} INFO - Setting next_dagrun for example_complex to None, run_after=None
[2024-10-06T04:27:20.555+0000] {processor.py:208} INFO - Processing /home/airflow/.local/lib/python3.12/site-packages/airflow/example_dags/example_complex.py took 0.087 seconds
[2024-10-06T04:27:51.085+0000] {processor.py:186} INFO - Started process (PID=388) to work on /home/airflow/.local/lib/python3.12/site-packages/airflow/example_dags/example_complex.py
[2024-10-06T04:27:51.086+0000] {processor.py:914} INFO - Processing file /home/airflow/.local/lib/python3.12/site-packages/airflow/example_dags/example_complex.py for tasks to queue
[2024-10-06T04:27:51.088+0000] {logging_mixin.py:190} INFO - [2024-10-06T04:27:51.087+0000] {dagbag.py:588} INFO - Filling up the DagBag from /home/airflow/.local/lib/python3.12/site-packages/airflow/example_dags/example_complex.py
[2024-10-06T04:27:51.097+0000] {processor.py:925} INFO - DAG(s) 'example_complex' retrieved from /home/airflow/.local/lib/python3.12/site-packages/airflow/example_dags/example_complex.py
[2024-10-06T04:27:51.131+0000] {logging_mixin.py:190} INFO - [2024-10-06T04:27:51.131+0000] {dag.py:3239} INFO - Sync 1 DAGs
[2024-10-06T04:27:51.147+0000] {logging_mixin.py:190} INFO - [2024-10-06T04:27:51.146+0000] {dag.py:4180} INFO - Setting next_dagrun for example_complex to None, run_after=None
[2024-10-06T04:27:51.169+0000] {processor.py:208} INFO - Processing /home/airflow/.local/lib/python3.12/site-packages/airflow/example_dags/example_complex.py took 0.090 seconds
[2024-10-06T04:28:21.286+0000] {processor.py:186} INFO - Started process (PID=451) to work on /home/airflow/.local/lib/python3.12/site-packages/airflow/example_dags/example_complex.py
[2024-10-06T04:28:21.287+0000] {processor.py:914} INFO - Processing file /home/airflow/.local/lib/python3.12/site-packages/airflow/example_dags/example_complex.py for tasks to queue
[2024-10-06T04:28:21.289+0000] {logging_mixin.py:190} INFO - [2024-10-06T04:28:21.288+0000] {dagbag.py:588} INFO - Filling up the DagBag from /home/airflow/.local/lib/python3.12/site-packages/airflow/example_dags/example_complex.py
[2024-10-06T04:28:21.300+0000] {processor.py:925} INFO - DAG(s) 'example_complex' retrieved from /home/airflow/.local/lib/python3.12/site-packages/airflow/example_dags/example_complex.py
[2024-10-06T04:28:21.327+0000] {logging_mixin.py:190} INFO - [2024-10-06T04:28:21.327+0000] {dag.py:3239} INFO - Sync 1 DAGs
[2024-10-06T04:28:21.339+0000] {logging_mixin.py:190} INFO - [2024-10-06T04:28:21.339+0000] {dag.py:4180} INFO - Setting next_dagrun for example_complex to None, run_after=None
[2024-10-06T04:28:21.358+0000] {processor.py:208} INFO - Processing /home/airflow/.local/lib/python3.12/site-packages/airflow/example_dags/example_complex.py took 0.076 seconds
[2024-10-06T04:28:51.625+0000] {processor.py:186} INFO - Started process (PID=513) to work on /home/airflow/.local/lib/python3.12/site-packages/airflow/example_dags/example_complex.py
[2024-10-06T04:28:51.626+0000] {processor.py:914} INFO - Processing file /home/airflow/.local/lib/python3.12/site-packages/airflow/example_dags/example_complex.py for tasks to queue
[2024-10-06T04:28:51.627+0000] {logging_mixin.py:190} INFO - [2024-10-06T04:28:51.627+0000] {dagbag.py:588} INFO - Filling up the DagBag from /home/airflow/.local/lib/python3.12/site-packages/airflow/example_dags/example_complex.py
[2024-10-06T04:28:51.639+0000] {processor.py:925} INFO - DAG(s) 'example_complex' retrieved from /home/airflow/.local/lib/python3.12/site-packages/airflow/example_dags/example_complex.py
[2024-10-06T04:28:51.673+0000] {logging_mixin.py:190} INFO - [2024-10-06T04:28:51.673+0000] {dag.py:3239} INFO - Sync 1 DAGs
[2024-10-06T04:28:51.688+0000] {logging_mixin.py:190} INFO - [2024-10-06T04:28:51.688+0000] {dag.py:4180} INFO - Setting next_dagrun for example_complex to None, run_after=None
[2024-10-06T04:28:51.708+0000] {processor.py:208} INFO - Processing /home/airflow/.local/lib/python3.12/site-packages/airflow/example_dags/example_complex.py took 0.088 seconds
[2024-10-06T04:29:21.815+0000] {processor.py:186} INFO - Started process (PID=575) to work on /home/airflow/.local/lib/python3.12/site-packages/airflow/example_dags/example_complex.py
[2024-10-06T04:29:21.816+0000] {processor.py:914} INFO - Processing file /home/airflow/.local/lib/python3.12/site-packages/airflow/example_dags/example_complex.py for tasks to queue
[2024-10-06T04:29:21.818+0000] {logging_mixin.py:190} INFO - [2024-10-06T04:29:21.817+0000] {dagbag.py:588} INFO - Filling up the DagBag from /home/airflow/.local/lib/python3.12/site-packages/airflow/example_dags/example_complex.py
[2024-10-06T04:29:21.827+0000] {processor.py:925} INFO - DAG(s) 'example_complex' retrieved from /home/airflow/.local/lib/python3.12/site-packages/airflow/example_dags/example_complex.py
[2024-10-06T04:29:21.854+0000] {logging_mixin.py:190} INFO - [2024-10-06T04:29:21.853+0000] {dag.py:3239} INFO - Sync 1 DAGs
[2024-10-06T04:29:21.870+0000] {logging_mixin.py:190} INFO - [2024-10-06T04:29:21.870+0000] {dag.py:4180} INFO - Setting next_dagrun for example_complex to None, run_after=None
[2024-10-06T04:29:21.890+0000] {processor.py:208} INFO - Processing /home/airflow/.local/lib/python3.12/site-packages/airflow/example_dags/example_complex.py took 0.080 seconds
[2024-10-06T04:29:52.046+0000] {processor.py:186} INFO - Started process (PID=637) to work on /home/airflow/.local/lib/python3.12/site-packages/airflow/example_dags/example_complex.py
[2024-10-06T04:29:52.046+0000] {processor.py:914} INFO - Processing file /home/airflow/.local/lib/python3.12/site-packages/airflow/example_dags/example_complex.py for tasks to queue
[2024-10-06T04:29:52.048+0000] {logging_mixin.py:190} INFO - [2024-10-06T04:29:52.048+0000] {dagbag.py:588} INFO - Filling up the DagBag from /home/airflow/.local/lib/python3.12/site-packages/airflow/example_dags/example_complex.py
[2024-10-06T04:29:52.062+0000] {processor.py:925} INFO - DAG(s) 'example_complex' retrieved from /home/airflow/.local/lib/python3.12/site-packages/airflow/example_dags/example_complex.py
[2024-10-06T04:29:52.100+0000] {logging_mixin.py:190} INFO - [2024-10-06T04:29:52.100+0000] {dag.py:3239} INFO - Sync 1 DAGs
[2024-10-06T04:29:52.115+0000] {logging_mixin.py:190} INFO - [2024-10-06T04:29:52.115+0000] {dag.py:4180} INFO - Setting next_dagrun for example_complex to None, run_after=None
[2024-10-06T04:29:52.134+0000] {processor.py:208} INFO - Processing /home/airflow/.local/lib/python3.12/site-packages/airflow/example_dags/example_complex.py took 0.094 seconds
[2024-10-06T04:30:22.247+0000] {processor.py:186} INFO - Started process (PID=700) to work on /home/airflow/.local/lib/python3.12/site-packages/airflow/example_dags/example_complex.py
[2024-10-06T04:30:22.247+0000] {processor.py:914} INFO - Processing file /home/airflow/.local/lib/python3.12/site-packages/airflow/example_dags/example_complex.py for tasks to queue
[2024-10-06T04:30:22.249+0000] {logging_mixin.py:190} INFO - [2024-10-06T04:30:22.249+0000] {dagbag.py:588} INFO - Filling up the DagBag from /home/airflow/.local/lib/python3.12/site-packages/airflow/example_dags/example_complex.py
[2024-10-06T04:30:22.259+0000] {processor.py:925} INFO - DAG(s) 'example_complex' retrieved from /home/airflow/.local/lib/python3.12/site-packages/airflow/example_dags/example_complex.py
[2024-10-06T04:30:22.286+0000] {logging_mixin.py:190} INFO - [2024-10-06T04:30:22.286+0000] {dag.py:3239} INFO - Sync 1 DAGs
[2024-10-06T04:30:22.298+0000] {logging_mixin.py:190} INFO - [2024-10-06T04:30:22.298+0000] {dag.py:4180} INFO - Setting next_dagrun for example_complex to None, run_after=None
[2024-10-06T04:30:22.317+0000] {processor.py:208} INFO - Processing /home/airflow/.local/lib/python3.12/site-packages/airflow/example_dags/example_complex.py took 0.075 seconds
[2024-10-06T04:30:52.617+0000] {processor.py:186} INFO - Started process (PID=763) to work on /home/airflow/.local/lib/python3.12/site-packages/airflow/example_dags/example_complex.py
[2024-10-06T04:30:52.618+0000] {processor.py:914} INFO - Processing file /home/airflow/.local/lib/python3.12/site-packages/airflow/example_dags/example_complex.py for tasks to queue
[2024-10-06T04:30:52.619+0000] {logging_mixin.py:190} INFO - [2024-10-06T04:30:52.619+0000] {dagbag.py:588} INFO - Filling up the DagBag from /home/airflow/.local/lib/python3.12/site-packages/airflow/example_dags/example_complex.py
[2024-10-06T04:30:52.629+0000] {processor.py:925} INFO - DAG(s) 'example_complex' retrieved from /home/airflow/.local/lib/python3.12/site-packages/airflow/example_dags/example_complex.py
[2024-10-06T04:30:52.654+0000] {logging_mixin.py:190} INFO - [2024-10-06T04:30:52.654+0000] {dag.py:3239} INFO - Sync 1 DAGs
[2024-10-06T04:30:52.669+0000] {logging_mixin.py:190} INFO - [2024-10-06T04:30:52.669+0000] {dag.py:4180} INFO - Setting next_dagrun for example_complex to None, run_after=None
[2024-10-06T04:30:52.688+0000] {processor.py:208} INFO - Processing /home/airflow/.local/lib/python3.12/site-packages/airflow/example_dags/example_complex.py took 0.075 seconds
[2024-10-06T04:31:22.802+0000] {processor.py:186} INFO - Started process (PID=826) to work on /home/airflow/.local/lib/python3.12/site-packages/airflow/example_dags/example_complex.py
[2024-10-06T04:31:22.803+0000] {processor.py:914} INFO - Processing file /home/airflow/.local/lib/python3.12/site-packages/airflow/example_dags/example_complex.py for tasks to queue
[2024-10-06T04:31:22.804+0000] {logging_mixin.py:190} INFO - [2024-10-06T04:31:22.804+0000] {dagbag.py:588} INFO - Filling up the DagBag from /home/airflow/.local/lib/python3.12/site-packages/airflow/example_dags/example_complex.py
[2024-10-06T04:31:22.814+0000] {processor.py:925} INFO - DAG(s) 'example_complex' retrieved from /home/airflow/.local/lib/python3.12/site-packages/airflow/example_dags/example_complex.py
[2024-10-06T04:31:22.840+0000] {logging_mixin.py:190} INFO - [2024-10-06T04:31:22.840+0000] {dag.py:3239} INFO - Sync 1 DAGs
[2024-10-06T04:31:22.853+0000] {logging_mixin.py:190} INFO - [2024-10-06T04:31:22.852+0000] {dag.py:4180} INFO - Setting next_dagrun for example_complex to None, run_after=None
[2024-10-06T04:31:22.875+0000] {processor.py:208} INFO - Processing /home/airflow/.local/lib/python3.12/site-packages/airflow/example_dags/example_complex.py took 0.078 seconds
[2024-10-06T04:31:53.004+0000] {processor.py:186} INFO - Started process (PID=889) to work on /home/airflow/.local/lib/python3.12/site-packages/airflow/example_dags/example_complex.py
[2024-10-06T04:31:53.005+0000] {processor.py:914} INFO - Processing file /home/airflow/.local/lib/python3.12/site-packages/airflow/example_dags/example_complex.py for tasks to queue
[2024-10-06T04:31:53.007+0000] {logging_mixin.py:190} INFO - [2024-10-06T04:31:53.007+0000] {dagbag.py:588} INFO - Filling up the DagBag from /home/airflow/.local/lib/python3.12/site-packages/airflow/example_dags/example_complex.py
[2024-10-06T04:31:53.020+0000] {processor.py:925} INFO - DAG(s) 'example_complex' retrieved from /home/airflow/.local/lib/python3.12/site-packages/airflow/example_dags/example_complex.py
[2024-10-06T04:31:53.054+0000] {logging_mixin.py:190} INFO - [2024-10-06T04:31:53.054+0000] {dag.py:3239} INFO - Sync 1 DAGs
[2024-10-06T04:31:53.068+0000] {logging_mixin.py:190} INFO - [2024-10-06T04:31:53.068+0000] {dag.py:4180} INFO - Setting next_dagrun for example_complex to None, run_after=None
[2024-10-06T04:31:53.089+0000] {processor.py:208} INFO - Processing /home/airflow/.local/lib/python3.12/site-packages/airflow/example_dags/example_complex.py took 0.090 seconds
[2024-10-06T04:32:23.225+0000] {processor.py:186} INFO - Started process (PID=952) to work on /home/airflow/.local/lib/python3.12/site-packages/airflow/example_dags/example_complex.py
[2024-10-06T04:32:23.226+0000] {processor.py:914} INFO - Processing file /home/airflow/.local/lib/python3.12/site-packages/airflow/example_dags/example_complex.py for tasks to queue
[2024-10-06T04:32:23.227+0000] {logging_mixin.py:190} INFO - [2024-10-06T04:32:23.227+0000] {dagbag.py:588} INFO - Filling up the DagBag from /home/airflow/.local/lib/python3.12/site-packages/airflow/example_dags/example_complex.py
[2024-10-06T04:32:23.237+0000] {processor.py:925} INFO - DAG(s) 'example_complex' retrieved from /home/airflow/.local/lib/python3.12/site-packages/airflow/example_dags/example_complex.py
[2024-10-06T04:32:23.262+0000] {logging_mixin.py:190} INFO - [2024-10-06T04:32:23.262+0000] {dag.py:3239} INFO - Sync 1 DAGs
[2024-10-06T04:32:23.274+0000] {logging_mixin.py:190} INFO - [2024-10-06T04:32:23.274+0000] {dag.py:4180} INFO - Setting next_dagrun for example_complex to None, run_after=None
[2024-10-06T04:32:23.295+0000] {processor.py:208} INFO - Processing /home/airflow/.local/lib/python3.12/site-packages/airflow/example_dags/example_complex.py took 0.075 seconds
[2024-10-06T04:32:53.575+0000] {processor.py:186} INFO - Started process (PID=1015) to work on /home/airflow/.local/lib/python3.12/site-packages/airflow/example_dags/example_complex.py
[2024-10-06T04:32:53.576+0000] {processor.py:914} INFO - Processing file /home/airflow/.local/lib/python3.12/site-packages/airflow/example_dags/example_complex.py for tasks to queue
[2024-10-06T04:32:53.578+0000] {logging_mixin.py:190} INFO - [2024-10-06T04:32:53.578+0000] {dagbag.py:588} INFO - Filling up the DagBag from /home/airflow/.local/lib/python3.12/site-packages/airflow/example_dags/example_complex.py
[2024-10-06T04:32:53.589+0000] {processor.py:925} INFO - DAG(s) 'example_complex' retrieved from /home/airflow/.local/lib/python3.12/site-packages/airflow/example_dags/example_complex.py
[2024-10-06T04:32:53.625+0000] {logging_mixin.py:190} INFO - [2024-10-06T04:32:53.625+0000] {dag.py:3239} INFO - Sync 1 DAGs
[2024-10-06T04:32:53.639+0000] {logging_mixin.py:190} INFO - [2024-10-06T04:32:53.639+0000] {dag.py:4180} INFO - Setting next_dagrun for example_complex to None, run_after=None
[2024-10-06T04:32:53.658+0000] {processor.py:208} INFO - Processing /home/airflow/.local/lib/python3.12/site-packages/airflow/example_dags/example_complex.py took 0.087 seconds
[2024-10-06T04:33:23.869+0000] {processor.py:186} INFO - Started process (PID=1078) to work on /home/airflow/.local/lib/python3.12/site-packages/airflow/example_dags/example_complex.py
[2024-10-06T04:33:23.869+0000] {processor.py:914} INFO - Processing file /home/airflow/.local/lib/python3.12/site-packages/airflow/example_dags/example_complex.py for tasks to queue
[2024-10-06T04:33:23.871+0000] {logging_mixin.py:190} INFO - [2024-10-06T04:33:23.871+0000] {dagbag.py:588} INFO - Filling up the DagBag from /home/airflow/.local/lib/python3.12/site-packages/airflow/example_dags/example_complex.py
[2024-10-06T04:33:23.886+0000] {processor.py:925} INFO - DAG(s) 'example_complex' retrieved from /home/airflow/.local/lib/python3.12/site-packages/airflow/example_dags/example_complex.py
[2024-10-06T04:33:23.925+0000] {logging_mixin.py:190} INFO - [2024-10-06T04:33:23.925+0000] {dag.py:3239} INFO - Sync 1 DAGs
[2024-10-06T04:33:23.939+0000] {logging_mixin.py:190} INFO - [2024-10-06T04:33:23.939+0000] {dag.py:4180} INFO - Setting next_dagrun for example_complex to None, run_after=None
[2024-10-06T04:33:23.960+0000] {processor.py:208} INFO - Processing /home/airflow/.local/lib/python3.12/site-packages/airflow/example_dags/example_complex.py took 0.096 seconds
[2024-10-06T04:33:53.992+0000] {processor.py:186} INFO - Started process (PID=1141) to work on /home/airflow/.local/lib/python3.12/site-packages/airflow/example_dags/example_complex.py
[2024-10-06T04:33:53.992+0000] {processor.py:914} INFO - Processing file /home/airflow/.local/lib/python3.12/site-packages/airflow/example_dags/example_complex.py for tasks to queue
[2024-10-06T04:33:53.994+0000] {logging_mixin.py:190} INFO - [2024-10-06T04:33:53.993+0000] {dagbag.py:588} INFO - Filling up the DagBag from /home/airflow/.local/lib/python3.12/site-packages/airflow/example_dags/example_complex.py
[2024-10-06T04:33:54.003+0000] {processor.py:925} INFO - DAG(s) 'example_complex' retrieved from /home/airflow/.local/lib/python3.12/site-packages/airflow/example_dags/example_complex.py
[2024-10-06T04:33:54.028+0000] {logging_mixin.py:190} INFO - [2024-10-06T04:33:54.028+0000] {dag.py:3239} INFO - Sync 1 DAGs
[2024-10-06T04:33:54.038+0000] {logging_mixin.py:190} INFO - [2024-10-06T04:33:54.038+0000] {dag.py:4180} INFO - Setting next_dagrun for example_complex to None, run_after=None
[2024-10-06T04:33:54.056+0000] {processor.py:208} INFO - Processing /home/airflow/.local/lib/python3.12/site-packages/airflow/example_dags/example_complex.py took 0.069 seconds
[2024-10-06T04:34:24.137+0000] {processor.py:186} INFO - Started process (PID=1203) to work on /home/airflow/.local/lib/python3.12/site-packages/airflow/example_dags/example_complex.py
[2024-10-06T04:34:24.138+0000] {processor.py:914} INFO - Processing file /home/airflow/.local/lib/python3.12/site-packages/airflow/example_dags/example_complex.py for tasks to queue
[2024-10-06T04:34:24.140+0000] {logging_mixin.py:190} INFO - [2024-10-06T04:34:24.140+0000] {dagbag.py:588} INFO - Filling up the DagBag from /home/airflow/.local/lib/python3.12/site-packages/airflow/example_dags/example_complex.py
[2024-10-06T04:34:24.155+0000] {processor.py:925} INFO - DAG(s) 'example_complex' retrieved from /home/airflow/.local/lib/python3.12/site-packages/airflow/example_dags/example_complex.py
[2024-10-06T04:34:24.194+0000] {logging_mixin.py:190} INFO - [2024-10-06T04:34:24.193+0000] {dag.py:3239} INFO - Sync 1 DAGs
[2024-10-06T04:34:24.208+0000] {logging_mixin.py:190} INFO - [2024-10-06T04:34:24.208+0000] {dag.py:4180} INFO - Setting next_dagrun for example_complex to None, run_after=None
[2024-10-06T04:34:24.229+0000] {processor.py:208} INFO - Processing /home/airflow/.local/lib/python3.12/site-packages/airflow/example_dags/example_complex.py took 0.099 seconds
[2024-10-06T04:34:54.703+0000] {processor.py:186} INFO - Started process (PID=1266) to work on /home/airflow/.local/lib/python3.12/site-packages/airflow/example_dags/example_complex.py
[2024-10-06T04:34:54.704+0000] {processor.py:914} INFO - Processing file /home/airflow/.local/lib/python3.12/site-packages/airflow/example_dags/example_complex.py for tasks to queue
[2024-10-06T04:34:54.705+0000] {logging_mixin.py:190} INFO - [2024-10-06T04:34:54.705+0000] {dagbag.py:588} INFO - Filling up the DagBag from /home/airflow/.local/lib/python3.12/site-packages/airflow/example_dags/example_complex.py
[2024-10-06T04:34:54.715+0000] {processor.py:925} INFO - DAG(s) 'example_complex' retrieved from /home/airflow/.local/lib/python3.12/site-packages/airflow/example_dags/example_complex.py
[2024-10-06T04:34:54.745+0000] {logging_mixin.py:190} INFO - [2024-10-06T04:34:54.744+0000] {dag.py:3239} INFO - Sync 1 DAGs
[2024-10-06T04:34:54.757+0000] {logging_mixin.py:190} INFO - [2024-10-06T04:34:54.757+0000] {dag.py:4180} INFO - Setting next_dagrun for example_complex to None, run_after=None
[2024-10-06T04:34:54.776+0000] {processor.py:208} INFO - Processing /home/airflow/.local/lib/python3.12/site-packages/airflow/example_dags/example_complex.py took 0.078 seconds
[2024-10-06T04:35:25.062+0000] {processor.py:186} INFO - Started process (PID=1329) to work on /home/airflow/.local/lib/python3.12/site-packages/airflow/example_dags/example_complex.py
[2024-10-06T04:35:25.063+0000] {processor.py:914} INFO - Processing file /home/airflow/.local/lib/python3.12/site-packages/airflow/example_dags/example_complex.py for tasks to queue
[2024-10-06T04:35:25.065+0000] {logging_mixin.py:190} INFO - [2024-10-06T04:35:25.064+0000] {dagbag.py:588} INFO - Filling up the DagBag from /home/airflow/.local/lib/python3.12/site-packages/airflow/example_dags/example_complex.py
[2024-10-06T04:35:25.074+0000] {processor.py:925} INFO - DAG(s) 'example_complex' retrieved from /home/airflow/.local/lib/python3.12/site-packages/airflow/example_dags/example_complex.py
[2024-10-06T04:35:25.104+0000] {logging_mixin.py:190} INFO - [2024-10-06T04:35:25.104+0000] {dag.py:3239} INFO - Sync 1 DAGs
[2024-10-06T04:35:25.117+0000] {logging_mixin.py:190} INFO - [2024-10-06T04:35:25.116+0000] {dag.py:4180} INFO - Setting next_dagrun for example_complex to None, run_after=None
[2024-10-06T04:35:25.140+0000] {processor.py:208} INFO - Processing /home/airflow/.local/lib/python3.12/site-packages/airflow/example_dags/example_complex.py took 0.084 seconds
[2024-10-06T04:35:55.488+0000] {processor.py:186} INFO - Started process (PID=1392) to work on /home/airflow/.local/lib/python3.12/site-packages/airflow/example_dags/example_complex.py
[2024-10-06T04:35:55.488+0000] {processor.py:914} INFO - Processing file /home/airflow/.local/lib/python3.12/site-packages/airflow/example_dags/example_complex.py for tasks to queue
[2024-10-06T04:35:55.490+0000] {logging_mixin.py:190} INFO - [2024-10-06T04:35:55.490+0000] {dagbag.py:588} INFO - Filling up the DagBag from /home/airflow/.local/lib/python3.12/site-packages/airflow/example_dags/example_complex.py
[2024-10-06T04:35:55.500+0000] {processor.py:925} INFO - DAG(s) 'example_complex' retrieved from /home/airflow/.local/lib/python3.12/site-packages/airflow/example_dags/example_complex.py
[2024-10-06T04:35:55.527+0000] {logging_mixin.py:190} INFO - [2024-10-06T04:35:55.526+0000] {dag.py:3239} INFO - Sync 1 DAGs
[2024-10-06T04:35:55.539+0000] {logging_mixin.py:190} INFO - [2024-10-06T04:35:55.539+0000] {dag.py:4180} INFO - Setting next_dagrun for example_complex to None, run_after=None
[2024-10-06T04:35:55.562+0000] {processor.py:208} INFO - Processing /home/airflow/.local/lib/python3.12/site-packages/airflow/example_dags/example_complex.py took 0.079 seconds
[2024-10-06T04:36:25.649+0000] {processor.py:186} INFO - Started process (PID=1456) to work on /home/airflow/.local/lib/python3.12/site-packages/airflow/example_dags/example_complex.py
[2024-10-06T04:36:25.649+0000] {processor.py:914} INFO - Processing file /home/airflow/.local/lib/python3.12/site-packages/airflow/example_dags/example_complex.py for tasks to queue
[2024-10-06T04:36:25.651+0000] {logging_mixin.py:190} INFO - [2024-10-06T04:36:25.651+0000] {dagbag.py:588} INFO - Filling up the DagBag from /home/airflow/.local/lib/python3.12/site-packages/airflow/example_dags/example_complex.py
[2024-10-06T04:36:25.661+0000] {processor.py:925} INFO - DAG(s) 'example_complex' retrieved from /home/airflow/.local/lib/python3.12/site-packages/airflow/example_dags/example_complex.py
[2024-10-06T04:36:25.689+0000] {logging_mixin.py:190} INFO - [2024-10-06T04:36:25.689+0000] {dag.py:3239} INFO - Sync 1 DAGs
[2024-10-06T04:36:25.706+0000] {logging_mixin.py:190} INFO - [2024-10-06T04:36:25.706+0000] {dag.py:4180} INFO - Setting next_dagrun for example_complex to None, run_after=None
[2024-10-06T04:36:25.725+0000] {processor.py:208} INFO - Processing /home/airflow/.local/lib/python3.12/site-packages/airflow/example_dags/example_complex.py took 0.082 seconds
[2024-10-06T04:36:55.855+0000] {processor.py:186} INFO - Started process (PID=1521) to work on /home/airflow/.local/lib/python3.12/site-packages/airflow/example_dags/example_complex.py
[2024-10-06T04:36:55.855+0000] {processor.py:914} INFO - Processing file /home/airflow/.local/lib/python3.12/site-packages/airflow/example_dags/example_complex.py for tasks to queue
[2024-10-06T04:36:55.857+0000] {logging_mixin.py:190} INFO - [2024-10-06T04:36:55.857+0000] {dagbag.py:588} INFO - Filling up the DagBag from /home/airflow/.local/lib/python3.12/site-packages/airflow/example_dags/example_complex.py
[2024-10-06T04:36:55.866+0000] {processor.py:925} INFO - DAG(s) 'example_complex' retrieved from /home/airflow/.local/lib/python3.12/site-packages/airflow/example_dags/example_complex.py
[2024-10-06T04:36:55.900+0000] {logging_mixin.py:190} INFO - [2024-10-06T04:36:55.900+0000] {dag.py:3239} INFO - Sync 1 DAGs
[2024-10-06T04:36:55.913+0000] {logging_mixin.py:190} INFO - [2024-10-06T04:36:55.912+0000] {dag.py:4180} INFO - Setting next_dagrun for example_complex to None, run_after=None
[2024-10-06T04:36:55.931+0000] {processor.py:208} INFO - Processing /home/airflow/.local/lib/python3.12/site-packages/airflow/example_dags/example_complex.py took 0.080 seconds
[2024-10-06T04:37:26.382+0000] {processor.py:186} INFO - Started process (PID=1584) to work on /home/airflow/.local/lib/python3.12/site-packages/airflow/example_dags/example_complex.py
[2024-10-06T04:37:26.383+0000] {processor.py:914} INFO - Processing file /home/airflow/.local/lib/python3.12/site-packages/airflow/example_dags/example_complex.py for tasks to queue
[2024-10-06T04:37:26.385+0000] {logging_mixin.py:190} INFO - [2024-10-06T04:37:26.385+0000] {dagbag.py:588} INFO - Filling up the DagBag from /home/airflow/.local/lib/python3.12/site-packages/airflow/example_dags/example_complex.py
[2024-10-06T04:37:26.406+0000] {processor.py:925} INFO - DAG(s) 'example_complex' retrieved from /home/airflow/.local/lib/python3.12/site-packages/airflow/example_dags/example_complex.py
[2024-10-06T04:37:26.451+0000] {logging_mixin.py:190} INFO - [2024-10-06T04:37:26.450+0000] {dag.py:3239} INFO - Sync 1 DAGs
[2024-10-06T04:37:26.469+0000] {logging_mixin.py:190} INFO - [2024-10-06T04:37:26.469+0000] {dag.py:4180} INFO - Setting next_dagrun for example_complex to None, run_after=None
[2024-10-06T04:37:26.488+0000] {processor.py:208} INFO - Processing /home/airflow/.local/lib/python3.12/site-packages/airflow/example_dags/example_complex.py took 0.113 seconds
[2024-10-06T04:37:56.715+0000] {processor.py:186} INFO - Started process (PID=1647) to work on /home/airflow/.local/lib/python3.12/site-packages/airflow/example_dags/example_complex.py
[2024-10-06T04:37:56.715+0000] {processor.py:914} INFO - Processing file /home/airflow/.local/lib/python3.12/site-packages/airflow/example_dags/example_complex.py for tasks to queue
[2024-10-06T04:37:56.718+0000] {logging_mixin.py:190} INFO - [2024-10-06T04:37:56.717+0000] {dagbag.py:588} INFO - Filling up the DagBag from /home/airflow/.local/lib/python3.12/site-packages/airflow/example_dags/example_complex.py
[2024-10-06T04:37:56.729+0000] {processor.py:925} INFO - DAG(s) 'example_complex' retrieved from /home/airflow/.local/lib/python3.12/site-packages/airflow/example_dags/example_complex.py
[2024-10-06T04:37:56.762+0000] {logging_mixin.py:190} INFO - [2024-10-06T04:37:56.761+0000] {dag.py:3239} INFO - Sync 1 DAGs
[2024-10-06T04:37:56.775+0000] {logging_mixin.py:190} INFO - [2024-10-06T04:37:56.775+0000] {dag.py:4180} INFO - Setting next_dagrun for example_complex to None, run_after=None
[2024-10-06T04:37:56.817+0000] {processor.py:208} INFO - Processing /home/airflow/.local/lib/python3.12/site-packages/airflow/example_dags/example_complex.py took 0.108 seconds
[2024-10-06T04:38:27.239+0000] {processor.py:186} INFO - Started process (PID=1710) to work on /home/airflow/.local/lib/python3.12/site-packages/airflow/example_dags/example_complex.py
[2024-10-06T04:38:27.240+0000] {processor.py:914} INFO - Processing file /home/airflow/.local/lib/python3.12/site-packages/airflow/example_dags/example_complex.py for tasks to queue
[2024-10-06T04:38:27.241+0000] {logging_mixin.py:190} INFO - [2024-10-06T04:38:27.241+0000] {dagbag.py:588} INFO - Filling up the DagBag from /home/airflow/.local/lib/python3.12/site-packages/airflow/example_dags/example_complex.py
[2024-10-06T04:38:27.251+0000] {processor.py:925} INFO - DAG(s) 'example_complex' retrieved from /home/airflow/.local/lib/python3.12/site-packages/airflow/example_dags/example_complex.py
[2024-10-06T04:38:27.277+0000] {logging_mixin.py:190} INFO - [2024-10-06T04:38:27.277+0000] {dag.py:3239} INFO - Sync 1 DAGs
[2024-10-06T04:38:27.290+0000] {logging_mixin.py:190} INFO - [2024-10-06T04:38:27.290+0000] {dag.py:4180} INFO - Setting next_dagrun for example_complex to None, run_after=None
[2024-10-06T04:38:27.307+0000] {processor.py:208} INFO - Processing /home/airflow/.local/lib/python3.12/site-packages/airflow/example_dags/example_complex.py took 0.074 seconds
[2024-10-06T04:38:57.506+0000] {processor.py:186} INFO - Started process (PID=1773) to work on /home/airflow/.local/lib/python3.12/site-packages/airflow/example_dags/example_complex.py
[2024-10-06T04:38:57.507+0000] {processor.py:914} INFO - Processing file /home/airflow/.local/lib/python3.12/site-packages/airflow/example_dags/example_complex.py for tasks to queue
[2024-10-06T04:38:57.508+0000] {logging_mixin.py:190} INFO - [2024-10-06T04:38:57.508+0000] {dagbag.py:588} INFO - Filling up the DagBag from /home/airflow/.local/lib/python3.12/site-packages/airflow/example_dags/example_complex.py
[2024-10-06T04:38:57.522+0000] {processor.py:925} INFO - DAG(s) 'example_complex' retrieved from /home/airflow/.local/lib/python3.12/site-packages/airflow/example_dags/example_complex.py
[2024-10-06T04:38:57.560+0000] {logging_mixin.py:190} INFO - [2024-10-06T04:38:57.559+0000] {dag.py:3239} INFO - Sync 1 DAGs
[2024-10-06T04:38:57.576+0000] {logging_mixin.py:190} INFO - [2024-10-06T04:38:57.576+0000] {dag.py:4180} INFO - Setting next_dagrun for example_complex to None, run_after=None
[2024-10-06T04:38:57.598+0000] {processor.py:208} INFO - Processing /home/airflow/.local/lib/python3.12/site-packages/airflow/example_dags/example_complex.py took 0.098 seconds
[2024-10-06T04:39:28.509+0000] {processor.py:186} INFO - Started process (PID=1836) to work on /home/airflow/.local/lib/python3.12/site-packages/airflow/example_dags/example_complex.py
[2024-10-06T04:39:28.509+0000] {processor.py:914} INFO - Processing file /home/airflow/.local/lib/python3.12/site-packages/airflow/example_dags/example_complex.py for tasks to queue
[2024-10-06T04:39:28.510+0000] {logging_mixin.py:190} INFO - [2024-10-06T04:39:28.510+0000] {dagbag.py:588} INFO - Filling up the DagBag from /home/airflow/.local/lib/python3.12/site-packages/airflow/example_dags/example_complex.py
[2024-10-06T04:39:28.519+0000] {processor.py:925} INFO - DAG(s) 'example_complex' retrieved from /home/airflow/.local/lib/python3.12/site-packages/airflow/example_dags/example_complex.py
[2024-10-06T04:39:28.554+0000] {logging_mixin.py:190} INFO - [2024-10-06T04:39:28.553+0000] {dag.py:3239} INFO - Sync 1 DAGs
[2024-10-06T04:39:28.566+0000] {logging_mixin.py:190} INFO - [2024-10-06T04:39:28.566+0000] {dag.py:4180} INFO - Setting next_dagrun for example_complex to None, run_after=None
[2024-10-06T04:39:28.585+0000] {processor.py:208} INFO - Processing /home/airflow/.local/lib/python3.12/site-packages/airflow/example_dags/example_complex.py took 0.081 seconds
[2024-10-06T04:39:58.685+0000] {processor.py:186} INFO - Started process (PID=1899) to work on /home/airflow/.local/lib/python3.12/site-packages/airflow/example_dags/example_complex.py
[2024-10-06T04:39:58.686+0000] {processor.py:914} INFO - Processing file /home/airflow/.local/lib/python3.12/site-packages/airflow/example_dags/example_complex.py for tasks to queue
[2024-10-06T04:39:58.686+0000] {logging_mixin.py:190} INFO - [2024-10-06T04:39:58.686+0000] {dagbag.py:588} INFO - Filling up the DagBag from /home/airflow/.local/lib/python3.12/site-packages/airflow/example_dags/example_complex.py
[2024-10-06T04:39:58.696+0000] {processor.py:925} INFO - DAG(s) 'example_complex' retrieved from /home/airflow/.local/lib/python3.12/site-packages/airflow/example_dags/example_complex.py
[2024-10-06T04:39:58.723+0000] {logging_mixin.py:190} INFO - [2024-10-06T04:39:58.722+0000] {dag.py:3239} INFO - Sync 1 DAGs
[2024-10-06T04:39:58.736+0000] {logging_mixin.py:190} INFO - [2024-10-06T04:39:58.736+0000] {dag.py:4180} INFO - Setting next_dagrun for example_complex to None, run_after=None
[2024-10-06T04:39:58.754+0000] {processor.py:208} INFO - Processing /home/airflow/.local/lib/python3.12/site-packages/airflow/example_dags/example_complex.py took 0.073 seconds
[2024-10-06T04:40:28.974+0000] {processor.py:186} INFO - Started process (PID=1962) to work on /home/airflow/.local/lib/python3.12/site-packages/airflow/example_dags/example_complex.py
[2024-10-06T04:40:28.975+0000] {processor.py:914} INFO - Processing file /home/airflow/.local/lib/python3.12/site-packages/airflow/example_dags/example_complex.py for tasks to queue
[2024-10-06T04:40:28.976+0000] {logging_mixin.py:190} INFO - [2024-10-06T04:40:28.975+0000] {dagbag.py:588} INFO - Filling up the DagBag from /home/airflow/.local/lib/python3.12/site-packages/airflow/example_dags/example_complex.py
[2024-10-06T04:40:28.987+0000] {processor.py:925} INFO - DAG(s) 'example_complex' retrieved from /home/airflow/.local/lib/python3.12/site-packages/airflow/example_dags/example_complex.py
[2024-10-06T04:40:29.012+0000] {logging_mixin.py:190} INFO - [2024-10-06T04:40:29.012+0000] {dag.py:3239} INFO - Sync 1 DAGs
[2024-10-06T04:40:29.024+0000] {logging_mixin.py:190} INFO - [2024-10-06T04:40:29.024+0000] {dag.py:4180} INFO - Setting next_dagrun for example_complex to None, run_after=None
[2024-10-06T04:40:29.042+0000] {processor.py:208} INFO - Processing /home/airflow/.local/lib/python3.12/site-packages/airflow/example_dags/example_complex.py took 0.074 seconds
[2024-10-06T04:40:59.596+0000] {processor.py:186} INFO - Started process (PID=2025) to work on /home/airflow/.local/lib/python3.12/site-packages/airflow/example_dags/example_complex.py
[2024-10-06T04:40:59.597+0000] {processor.py:914} INFO - Processing file /home/airflow/.local/lib/python3.12/site-packages/airflow/example_dags/example_complex.py for tasks to queue
[2024-10-06T04:40:59.598+0000] {logging_mixin.py:190} INFO - [2024-10-06T04:40:59.598+0000] {dagbag.py:588} INFO - Filling up the DagBag from /home/airflow/.local/lib/python3.12/site-packages/airflow/example_dags/example_complex.py
[2024-10-06T04:40:59.612+0000] {processor.py:925} INFO - DAG(s) 'example_complex' retrieved from /home/airflow/.local/lib/python3.12/site-packages/airflow/example_dags/example_complex.py
[2024-10-06T04:40:59.648+0000] {logging_mixin.py:190} INFO - [2024-10-06T04:40:59.648+0000] {dag.py:3239} INFO - Sync 1 DAGs
[2024-10-06T04:40:59.665+0000] {logging_mixin.py:190} INFO - [2024-10-06T04:40:59.664+0000] {dag.py:4180} INFO - Setting next_dagrun for example_complex to None, run_after=None
[2024-10-06T04:40:59.696+0000] {processor.py:208} INFO - Processing /home/airflow/.local/lib/python3.12/site-packages/airflow/example_dags/example_complex.py took 0.105 seconds
[2024-10-06T04:41:30.257+0000] {processor.py:186} INFO - Started process (PID=2088) to work on /home/airflow/.local/lib/python3.12/site-packages/airflow/example_dags/example_complex.py
[2024-10-06T04:41:30.263+0000] {processor.py:914} INFO - Processing file /home/airflow/.local/lib/python3.12/site-packages/airflow/example_dags/example_complex.py for tasks to queue
[2024-10-06T04:41:30.264+0000] {logging_mixin.py:190} INFO - [2024-10-06T04:41:30.264+0000] {dagbag.py:588} INFO - Filling up the DagBag from /home/airflow/.local/lib/python3.12/site-packages/airflow/example_dags/example_complex.py
[2024-10-06T04:41:30.279+0000] {processor.py:925} INFO - DAG(s) 'example_complex' retrieved from /home/airflow/.local/lib/python3.12/site-packages/airflow/example_dags/example_complex.py
[2024-10-06T04:41:30.319+0000] {logging_mixin.py:190} INFO - [2024-10-06T04:41:30.318+0000] {dag.py:3239} INFO - Sync 1 DAGs
[2024-10-06T04:41:30.336+0000] {logging_mixin.py:190} INFO - [2024-10-06T04:41:30.336+0000] {dag.py:4180} INFO - Setting next_dagrun for example_complex to None, run_after=None
[2024-10-06T04:41:30.366+0000] {processor.py:208} INFO - Processing /home/airflow/.local/lib/python3.12/site-packages/airflow/example_dags/example_complex.py took 0.115 seconds
[2024-10-06T04:42:01.013+0000] {processor.py:186} INFO - Started process (PID=2152) to work on /home/airflow/.local/lib/python3.12/site-packages/airflow/example_dags/example_complex.py
[2024-10-06T04:42:01.014+0000] {processor.py:914} INFO - Processing file /home/airflow/.local/lib/python3.12/site-packages/airflow/example_dags/example_complex.py for tasks to queue
[2024-10-06T04:42:01.014+0000] {logging_mixin.py:190} INFO - [2024-10-06T04:42:01.014+0000] {dagbag.py:588} INFO - Filling up the DagBag from /home/airflow/.local/lib/python3.12/site-packages/airflow/example_dags/example_complex.py
[2024-10-06T04:42:01.026+0000] {processor.py:925} INFO - DAG(s) 'example_complex' retrieved from /home/airflow/.local/lib/python3.12/site-packages/airflow/example_dags/example_complex.py
[2024-10-06T04:42:01.055+0000] {logging_mixin.py:190} INFO - [2024-10-06T04:42:01.055+0000] {dag.py:3239} INFO - Sync 1 DAGs
[2024-10-06T04:42:01.068+0000] {logging_mixin.py:190} INFO - [2024-10-06T04:42:01.067+0000] {dag.py:4180} INFO - Setting next_dagrun for example_complex to None, run_after=None
[2024-10-06T04:42:01.089+0000] {processor.py:208} INFO - Processing /home/airflow/.local/lib/python3.12/site-packages/airflow/example_dags/example_complex.py took 0.081 seconds
[2024-10-06T04:42:31.887+0000] {processor.py:186} INFO - Started process (PID=2215) to work on /home/airflow/.local/lib/python3.12/site-packages/airflow/example_dags/example_complex.py
[2024-10-06T04:42:31.888+0000] {processor.py:914} INFO - Processing file /home/airflow/.local/lib/python3.12/site-packages/airflow/example_dags/example_complex.py for tasks to queue
[2024-10-06T04:42:31.889+0000] {logging_mixin.py:190} INFO - [2024-10-06T04:42:31.889+0000] {dagbag.py:588} INFO - Filling up the DagBag from /home/airflow/.local/lib/python3.12/site-packages/airflow/example_dags/example_complex.py
[2024-10-06T04:42:31.901+0000] {processor.py:925} INFO - DAG(s) 'example_complex' retrieved from /home/airflow/.local/lib/python3.12/site-packages/airflow/example_dags/example_complex.py
[2024-10-06T04:42:31.925+0000] {logging_mixin.py:190} INFO - [2024-10-06T04:42:31.925+0000] {dag.py:3239} INFO - Sync 1 DAGs
[2024-10-06T04:42:31.940+0000] {logging_mixin.py:190} INFO - [2024-10-06T04:42:31.940+0000] {dag.py:4180} INFO - Setting next_dagrun for example_complex to None, run_after=None
[2024-10-06T04:42:31.964+0000] {processor.py:208} INFO - Processing /home/airflow/.local/lib/python3.12/site-packages/airflow/example_dags/example_complex.py took 0.083 seconds
[2024-10-06T04:43:02.624+0000] {processor.py:186} INFO - Started process (PID=2278) to work on /home/airflow/.local/lib/python3.12/site-packages/airflow/example_dags/example_complex.py
[2024-10-06T04:43:02.625+0000] {processor.py:914} INFO - Processing file /home/airflow/.local/lib/python3.12/site-packages/airflow/example_dags/example_complex.py for tasks to queue
[2024-10-06T04:43:02.626+0000] {logging_mixin.py:190} INFO - [2024-10-06T04:43:02.626+0000] {dagbag.py:588} INFO - Filling up the DagBag from /home/airflow/.local/lib/python3.12/site-packages/airflow/example_dags/example_complex.py
[2024-10-06T04:43:02.638+0000] {processor.py:925} INFO - DAG(s) 'example_complex' retrieved from /home/airflow/.local/lib/python3.12/site-packages/airflow/example_dags/example_complex.py
[2024-10-06T04:43:02.673+0000] {logging_mixin.py:190} INFO - [2024-10-06T04:43:02.673+0000] {dag.py:3239} INFO - Sync 1 DAGs
[2024-10-06T04:43:02.687+0000] {logging_mixin.py:190} INFO - [2024-10-06T04:43:02.687+0000] {dag.py:4180} INFO - Setting next_dagrun for example_complex to None, run_after=None
[2024-10-06T04:43:02.705+0000] {processor.py:208} INFO - Processing /home/airflow/.local/lib/python3.12/site-packages/airflow/example_dags/example_complex.py took 0.086 seconds
[2024-10-06T04:43:33.501+0000] {processor.py:186} INFO - Started process (PID=2341) to work on /home/airflow/.local/lib/python3.12/site-packages/airflow/example_dags/example_complex.py
[2024-10-06T04:43:33.502+0000] {processor.py:914} INFO - Processing file /home/airflow/.local/lib/python3.12/site-packages/airflow/example_dags/example_complex.py for tasks to queue
[2024-10-06T04:43:33.502+0000] {logging_mixin.py:190} INFO - [2024-10-06T04:43:33.502+0000] {dagbag.py:588} INFO - Filling up the DagBag from /home/airflow/.local/lib/python3.12/site-packages/airflow/example_dags/example_complex.py
[2024-10-06T04:43:33.512+0000] {processor.py:925} INFO - DAG(s) 'example_complex' retrieved from /home/airflow/.local/lib/python3.12/site-packages/airflow/example_dags/example_complex.py
[2024-10-06T04:43:33.543+0000] {logging_mixin.py:190} INFO - [2024-10-06T04:43:33.542+0000] {dag.py:3239} INFO - Sync 1 DAGs
[2024-10-06T04:43:33.555+0000] {logging_mixin.py:190} INFO - [2024-10-06T04:43:33.555+0000] {dag.py:4180} INFO - Setting next_dagrun for example_complex to None, run_after=None
[2024-10-06T04:43:33.573+0000] {processor.py:208} INFO - Processing /home/airflow/.local/lib/python3.12/site-packages/airflow/example_dags/example_complex.py took 0.077 seconds
[2024-10-06T04:44:03.844+0000] {processor.py:186} INFO - Started process (PID=2405) to work on /home/airflow/.local/lib/python3.12/site-packages/airflow/example_dags/example_complex.py
[2024-10-06T04:44:03.845+0000] {processor.py:914} INFO - Processing file /home/airflow/.local/lib/python3.12/site-packages/airflow/example_dags/example_complex.py for tasks to queue
[2024-10-06T04:44:03.846+0000] {logging_mixin.py:190} INFO - [2024-10-06T04:44:03.846+0000] {dagbag.py:588} INFO - Filling up the DagBag from /home/airflow/.local/lib/python3.12/site-packages/airflow/example_dags/example_complex.py
[2024-10-06T04:44:03.855+0000] {processor.py:925} INFO - DAG(s) 'example_complex' retrieved from /home/airflow/.local/lib/python3.12/site-packages/airflow/example_dags/example_complex.py
[2024-10-06T04:44:03.880+0000] {logging_mixin.py:190} INFO - [2024-10-06T04:44:03.879+0000] {dag.py:3239} INFO - Sync 1 DAGs
[2024-10-06T04:44:03.891+0000] {logging_mixin.py:190} INFO - [2024-10-06T04:44:03.891+0000] {dag.py:4180} INFO - Setting next_dagrun for example_complex to None, run_after=None
[2024-10-06T04:44:03.911+0000] {processor.py:208} INFO - Processing /home/airflow/.local/lib/python3.12/site-packages/airflow/example_dags/example_complex.py took 0.072 seconds
[2024-10-06T04:44:34.686+0000] {processor.py:186} INFO - Started process (PID=2469) to work on /home/airflow/.local/lib/python3.12/site-packages/airflow/example_dags/example_complex.py
[2024-10-06T04:44:34.686+0000] {processor.py:914} INFO - Processing file /home/airflow/.local/lib/python3.12/site-packages/airflow/example_dags/example_complex.py for tasks to queue
[2024-10-06T04:44:34.687+0000] {logging_mixin.py:190} INFO - [2024-10-06T04:44:34.687+0000] {dagbag.py:588} INFO - Filling up the DagBag from /home/airflow/.local/lib/python3.12/site-packages/airflow/example_dags/example_complex.py
[2024-10-06T04:44:34.697+0000] {processor.py:925} INFO - DAG(s) 'example_complex' retrieved from /home/airflow/.local/lib/python3.12/site-packages/airflow/example_dags/example_complex.py
[2024-10-06T04:44:34.730+0000] {logging_mixin.py:190} INFO - [2024-10-06T04:44:34.730+0000] {dag.py:3239} INFO - Sync 1 DAGs
[2024-10-06T04:44:34.742+0000] {logging_mixin.py:190} INFO - [2024-10-06T04:44:34.742+0000] {dag.py:4180} INFO - Setting next_dagrun for example_complex to None, run_after=None
[2024-10-06T04:44:34.772+0000] {processor.py:208} INFO - Processing /home/airflow/.local/lib/python3.12/site-packages/airflow/example_dags/example_complex.py took 0.091 seconds
[2024-10-06T04:45:05.189+0000] {processor.py:186} INFO - Started process (PID=2532) to work on /home/airflow/.local/lib/python3.12/site-packages/airflow/example_dags/example_complex.py
[2024-10-06T04:45:05.190+0000] {processor.py:914} INFO - Processing file /home/airflow/.local/lib/python3.12/site-packages/airflow/example_dags/example_complex.py for tasks to queue
[2024-10-06T04:45:05.191+0000] {logging_mixin.py:190} INFO - [2024-10-06T04:45:05.191+0000] {dagbag.py:588} INFO - Filling up the DagBag from /home/airflow/.local/lib/python3.12/site-packages/airflow/example_dags/example_complex.py
[2024-10-06T04:45:05.200+0000] {processor.py:925} INFO - DAG(s) 'example_complex' retrieved from /home/airflow/.local/lib/python3.12/site-packages/airflow/example_dags/example_complex.py
[2024-10-06T04:45:05.227+0000] {logging_mixin.py:190} INFO - [2024-10-06T04:45:05.226+0000] {dag.py:3239} INFO - Sync 1 DAGs
[2024-10-06T04:45:05.240+0000] {logging_mixin.py:190} INFO - [2024-10-06T04:45:05.239+0000] {dag.py:4180} INFO - Setting next_dagrun for example_complex to None, run_after=None
[2024-10-06T04:45:05.260+0000] {processor.py:208} INFO - Processing /home/airflow/.local/lib/python3.12/site-packages/airflow/example_dags/example_complex.py took 0.075 seconds
[2024-10-06T04:45:35.924+0000] {processor.py:186} INFO - Started process (PID=2595) to work on /home/airflow/.local/lib/python3.12/site-packages/airflow/example_dags/example_complex.py
[2024-10-06T04:45:35.925+0000] {processor.py:914} INFO - Processing file /home/airflow/.local/lib/python3.12/site-packages/airflow/example_dags/example_complex.py for tasks to queue
[2024-10-06T04:45:35.926+0000] {logging_mixin.py:190} INFO - [2024-10-06T04:45:35.925+0000] {dagbag.py:588} INFO - Filling up the DagBag from /home/airflow/.local/lib/python3.12/site-packages/airflow/example_dags/example_complex.py
[2024-10-06T04:45:35.936+0000] {processor.py:925} INFO - DAG(s) 'example_complex' retrieved from /home/airflow/.local/lib/python3.12/site-packages/airflow/example_dags/example_complex.py
[2024-10-06T04:45:35.967+0000] {logging_mixin.py:190} INFO - [2024-10-06T04:45:35.967+0000] {dag.py:3239} INFO - Sync 1 DAGs
[2024-10-06T04:45:35.982+0000] {logging_mixin.py:190} INFO - [2024-10-06T04:45:35.982+0000] {dag.py:4180} INFO - Setting next_dagrun for example_complex to None, run_after=None
[2024-10-06T04:45:36.005+0000] {processor.py:208} INFO - Processing /home/airflow/.local/lib/python3.12/site-packages/airflow/example_dags/example_complex.py took 0.085 seconds
[2024-10-06T04:46:06.611+0000] {processor.py:186} INFO - Started process (PID=2658) to work on /home/airflow/.local/lib/python3.12/site-packages/airflow/example_dags/example_complex.py
[2024-10-06T04:46:06.611+0000] {processor.py:914} INFO - Processing file /home/airflow/.local/lib/python3.12/site-packages/airflow/example_dags/example_complex.py for tasks to queue
[2024-10-06T04:46:06.612+0000] {logging_mixin.py:190} INFO - [2024-10-06T04:46:06.612+0000] {dagbag.py:588} INFO - Filling up the DagBag from /home/airflow/.local/lib/python3.12/site-packages/airflow/example_dags/example_complex.py
[2024-10-06T04:46:06.621+0000] {processor.py:925} INFO - DAG(s) 'example_complex' retrieved from /home/airflow/.local/lib/python3.12/site-packages/airflow/example_dags/example_complex.py
[2024-10-06T04:46:06.653+0000] {logging_mixin.py:190} INFO - [2024-10-06T04:46:06.653+0000] {dag.py:3239} INFO - Sync 1 DAGs
[2024-10-06T04:46:06.667+0000] {logging_mixin.py:190} INFO - [2024-10-06T04:46:06.667+0000] {dag.py:4180} INFO - Setting next_dagrun for example_complex to None, run_after=None
[2024-10-06T04:46:06.687+0000] {processor.py:208} INFO - Processing /home/airflow/.local/lib/python3.12/site-packages/airflow/example_dags/example_complex.py took 0.081 seconds
[2024-10-06T04:46:37.339+0000] {processor.py:186} INFO - Started process (PID=2721) to work on /home/airflow/.local/lib/python3.12/site-packages/airflow/example_dags/example_complex.py
[2024-10-06T04:46:37.339+0000] {processor.py:914} INFO - Processing file /home/airflow/.local/lib/python3.12/site-packages/airflow/example_dags/example_complex.py for tasks to queue
[2024-10-06T04:46:37.340+0000] {logging_mixin.py:190} INFO - [2024-10-06T04:46:37.340+0000] {dagbag.py:588} INFO - Filling up the DagBag from /home/airflow/.local/lib/python3.12/site-packages/airflow/example_dags/example_complex.py
[2024-10-06T04:46:37.349+0000] {processor.py:925} INFO - DAG(s) 'example_complex' retrieved from /home/airflow/.local/lib/python3.12/site-packages/airflow/example_dags/example_complex.py
[2024-10-06T04:46:37.373+0000] {logging_mixin.py:190} INFO - [2024-10-06T04:46:37.373+0000] {dag.py:3239} INFO - Sync 1 DAGs
[2024-10-06T04:46:37.387+0000] {logging_mixin.py:190} INFO - [2024-10-06T04:46:37.387+0000] {dag.py:4180} INFO - Setting next_dagrun for example_complex to None, run_after=None
[2024-10-06T04:46:37.414+0000] {processor.py:208} INFO - Processing /home/airflow/.local/lib/python3.12/site-packages/airflow/example_dags/example_complex.py took 0.080 seconds
[2024-10-06T04:47:07.792+0000] {processor.py:186} INFO - Started process (PID=2784) to work on /home/airflow/.local/lib/python3.12/site-packages/airflow/example_dags/example_complex.py
[2024-10-06T04:47:07.793+0000] {processor.py:914} INFO - Processing file /home/airflow/.local/lib/python3.12/site-packages/airflow/example_dags/example_complex.py for tasks to queue
[2024-10-06T04:47:07.794+0000] {logging_mixin.py:190} INFO - [2024-10-06T04:47:07.794+0000] {dagbag.py:588} INFO - Filling up the DagBag from /home/airflow/.local/lib/python3.12/site-packages/airflow/example_dags/example_complex.py
[2024-10-06T04:47:07.809+0000] {processor.py:925} INFO - DAG(s) 'example_complex' retrieved from /home/airflow/.local/lib/python3.12/site-packages/airflow/example_dags/example_complex.py
[2024-10-06T04:47:07.845+0000] {logging_mixin.py:190} INFO - [2024-10-06T04:47:07.845+0000] {dag.py:3239} INFO - Sync 1 DAGs
[2024-10-06T04:47:07.860+0000] {logging_mixin.py:190} INFO - [2024-10-06T04:47:07.859+0000] {dag.py:4180} INFO - Setting next_dagrun for example_complex to None, run_after=None
[2024-10-06T04:47:07.880+0000] {processor.py:208} INFO - Processing /home/airflow/.local/lib/python3.12/site-packages/airflow/example_dags/example_complex.py took 0.095 seconds
[2024-10-06T04:47:38.566+0000] {processor.py:186} INFO - Started process (PID=2847) to work on /home/airflow/.local/lib/python3.12/site-packages/airflow/example_dags/example_complex.py
[2024-10-06T04:47:38.566+0000] {processor.py:914} INFO - Processing file /home/airflow/.local/lib/python3.12/site-packages/airflow/example_dags/example_complex.py for tasks to queue
[2024-10-06T04:47:38.567+0000] {logging_mixin.py:190} INFO - [2024-10-06T04:47:38.567+0000] {dagbag.py:588} INFO - Filling up the DagBag from /home/airflow/.local/lib/python3.12/site-packages/airflow/example_dags/example_complex.py
[2024-10-06T04:47:38.578+0000] {processor.py:925} INFO - DAG(s) 'example_complex' retrieved from /home/airflow/.local/lib/python3.12/site-packages/airflow/example_dags/example_complex.py
[2024-10-06T04:47:38.825+0000] {logging_mixin.py:190} INFO - [2024-10-06T04:47:38.825+0000] {dag.py:3239} INFO - Sync 1 DAGs
[2024-10-06T04:47:38.839+0000] {logging_mixin.py:190} INFO - [2024-10-06T04:47:38.839+0000] {dag.py:4180} INFO - Setting next_dagrun for example_complex to None, run_after=None
[2024-10-06T04:47:38.861+0000] {processor.py:208} INFO - Processing /home/airflow/.local/lib/python3.12/site-packages/airflow/example_dags/example_complex.py took 0.300 seconds
[2024-10-06T04:48:09.636+0000] {processor.py:186} INFO - Started process (PID=2910) to work on /home/airflow/.local/lib/python3.12/site-packages/airflow/example_dags/example_complex.py
[2024-10-06T04:48:09.637+0000] {processor.py:914} INFO - Processing file /home/airflow/.local/lib/python3.12/site-packages/airflow/example_dags/example_complex.py for tasks to queue
[2024-10-06T04:48:09.637+0000] {logging_mixin.py:190} INFO - [2024-10-06T04:48:09.637+0000] {dagbag.py:588} INFO - Filling up the DagBag from /home/airflow/.local/lib/python3.12/site-packages/airflow/example_dags/example_complex.py
[2024-10-06T04:48:09.647+0000] {processor.py:925} INFO - DAG(s) 'example_complex' retrieved from /home/airflow/.local/lib/python3.12/site-packages/airflow/example_dags/example_complex.py
[2024-10-06T04:48:09.677+0000] {logging_mixin.py:190} INFO - [2024-10-06T04:48:09.677+0000] {dag.py:3239} INFO - Sync 1 DAGs
[2024-10-06T04:48:09.689+0000] {logging_mixin.py:190} INFO - [2024-10-06T04:48:09.689+0000] {dag.py:4180} INFO - Setting next_dagrun for example_complex to None, run_after=None
[2024-10-06T04:48:09.707+0000] {processor.py:208} INFO - Processing /home/airflow/.local/lib/python3.12/site-packages/airflow/example_dags/example_complex.py took 0.076 seconds
[2024-10-06T04:48:40.014+0000] {processor.py:186} INFO - Started process (PID=2973) to work on /home/airflow/.local/lib/python3.12/site-packages/airflow/example_dags/example_complex.py
[2024-10-06T04:48:40.015+0000] {processor.py:914} INFO - Processing file /home/airflow/.local/lib/python3.12/site-packages/airflow/example_dags/example_complex.py for tasks to queue
[2024-10-06T04:48:40.016+0000] {logging_mixin.py:190} INFO - [2024-10-06T04:48:40.015+0000] {dagbag.py:588} INFO - Filling up the DagBag from /home/airflow/.local/lib/python3.12/site-packages/airflow/example_dags/example_complex.py
[2024-10-06T04:48:40.026+0000] {processor.py:925} INFO - DAG(s) 'example_complex' retrieved from /home/airflow/.local/lib/python3.12/site-packages/airflow/example_dags/example_complex.py
[2024-10-06T04:48:40.054+0000] {logging_mixin.py:190} INFO - [2024-10-06T04:48:40.054+0000] {dag.py:3239} INFO - Sync 1 DAGs
[2024-10-06T04:48:40.066+0000] {logging_mixin.py:190} INFO - [2024-10-06T04:48:40.066+0000] {dag.py:4180} INFO - Setting next_dagrun for example_complex to None, run_after=None
[2024-10-06T04:48:40.088+0000] {processor.py:208} INFO - Processing /home/airflow/.local/lib/python3.12/site-packages/airflow/example_dags/example_complex.py took 0.079 seconds
[2024-10-06T04:49:10.588+0000] {processor.py:186} INFO - Started process (PID=3037) to work on /home/airflow/.local/lib/python3.12/site-packages/airflow/example_dags/example_complex.py
[2024-10-06T04:49:10.589+0000] {processor.py:914} INFO - Processing file /home/airflow/.local/lib/python3.12/site-packages/airflow/example_dags/example_complex.py for tasks to queue
[2024-10-06T04:49:10.590+0000] {logging_mixin.py:190} INFO - [2024-10-06T04:49:10.590+0000] {dagbag.py:588} INFO - Filling up the DagBag from /home/airflow/.local/lib/python3.12/site-packages/airflow/example_dags/example_complex.py
[2024-10-06T04:49:10.605+0000] {processor.py:925} INFO - DAG(s) 'example_complex' retrieved from /home/airflow/.local/lib/python3.12/site-packages/airflow/example_dags/example_complex.py
[2024-10-06T04:49:10.643+0000] {logging_mixin.py:190} INFO - [2024-10-06T04:49:10.642+0000] {dag.py:3239} INFO - Sync 1 DAGs
[2024-10-06T04:49:10.658+0000] {logging_mixin.py:190} INFO - [2024-10-06T04:49:10.658+0000] {dag.py:4180} INFO - Setting next_dagrun for example_complex to None, run_after=None
[2024-10-06T04:49:10.681+0000] {processor.py:208} INFO - Processing /home/airflow/.local/lib/python3.12/site-packages/airflow/example_dags/example_complex.py took 0.100 seconds
[2024-10-06T04:49:40.881+0000] {processor.py:186} INFO - Started process (PID=3100) to work on /home/airflow/.local/lib/python3.12/site-packages/airflow/example_dags/example_complex.py
[2024-10-06T04:49:40.882+0000] {processor.py:914} INFO - Processing file /home/airflow/.local/lib/python3.12/site-packages/airflow/example_dags/example_complex.py for tasks to queue
[2024-10-06T04:49:40.883+0000] {logging_mixin.py:190} INFO - [2024-10-06T04:49:40.883+0000] {dagbag.py:588} INFO - Filling up the DagBag from /home/airflow/.local/lib/python3.12/site-packages/airflow/example_dags/example_complex.py
[2024-10-06T04:49:40.895+0000] {processor.py:925} INFO - DAG(s) 'example_complex' retrieved from /home/airflow/.local/lib/python3.12/site-packages/airflow/example_dags/example_complex.py
[2024-10-06T04:49:40.924+0000] {logging_mixin.py:190} INFO - [2024-10-06T04:49:40.924+0000] {dag.py:3239} INFO - Sync 1 DAGs
[2024-10-06T04:49:40.942+0000] {logging_mixin.py:190} INFO - [2024-10-06T04:49:40.942+0000] {dag.py:4180} INFO - Setting next_dagrun for example_complex to None, run_after=None
[2024-10-06T04:49:40.978+0000] {processor.py:208} INFO - Processing /home/airflow/.local/lib/python3.12/site-packages/airflow/example_dags/example_complex.py took 0.101 seconds
[2024-10-06T04:50:11.382+0000] {processor.py:186} INFO - Started process (PID=3163) to work on /home/airflow/.local/lib/python3.12/site-packages/airflow/example_dags/example_complex.py
[2024-10-06T04:50:11.382+0000] {processor.py:914} INFO - Processing file /home/airflow/.local/lib/python3.12/site-packages/airflow/example_dags/example_complex.py for tasks to queue
[2024-10-06T04:50:11.383+0000] {logging_mixin.py:190} INFO - [2024-10-06T04:50:11.383+0000] {dagbag.py:588} INFO - Filling up the DagBag from /home/airflow/.local/lib/python3.12/site-packages/airflow/example_dags/example_complex.py
[2024-10-06T04:50:11.393+0000] {processor.py:925} INFO - DAG(s) 'example_complex' retrieved from /home/airflow/.local/lib/python3.12/site-packages/airflow/example_dags/example_complex.py
[2024-10-06T04:50:11.419+0000] {logging_mixin.py:190} INFO - [2024-10-06T04:50:11.418+0000] {dag.py:3239} INFO - Sync 1 DAGs
[2024-10-06T04:50:11.432+0000] {logging_mixin.py:190} INFO - [2024-10-06T04:50:11.432+0000] {dag.py:4180} INFO - Setting next_dagrun for example_complex to None, run_after=None
[2024-10-06T04:50:11.449+0000] {processor.py:208} INFO - Processing /home/airflow/.local/lib/python3.12/site-packages/airflow/example_dags/example_complex.py took 0.072 seconds
[2024-10-06T04:50:41.682+0000] {processor.py:186} INFO - Started process (PID=3225) to work on /home/airflow/.local/lib/python3.12/site-packages/airflow/example_dags/example_complex.py
[2024-10-06T04:50:41.682+0000] {processor.py:914} INFO - Processing file /home/airflow/.local/lib/python3.12/site-packages/airflow/example_dags/example_complex.py for tasks to queue
[2024-10-06T04:50:41.683+0000] {logging_mixin.py:190} INFO - [2024-10-06T04:50:41.683+0000] {dagbag.py:588} INFO - Filling up the DagBag from /home/airflow/.local/lib/python3.12/site-packages/airflow/example_dags/example_complex.py
[2024-10-06T04:50:41.697+0000] {processor.py:925} INFO - DAG(s) 'example_complex' retrieved from /home/airflow/.local/lib/python3.12/site-packages/airflow/example_dags/example_complex.py
[2024-10-06T04:50:41.722+0000] {logging_mixin.py:190} INFO - [2024-10-06T04:50:41.722+0000] {dag.py:3239} INFO - Sync 1 DAGs
[2024-10-06T04:50:41.734+0000] {logging_mixin.py:190} INFO - [2024-10-06T04:50:41.734+0000] {dag.py:4180} INFO - Setting next_dagrun for example_complex to None, run_after=None
[2024-10-06T04:50:41.753+0000] {processor.py:208} INFO - Processing /home/airflow/.local/lib/python3.12/site-packages/airflow/example_dags/example_complex.py took 0.075 seconds
[2024-10-06T04:51:12.311+0000] {processor.py:186} INFO - Started process (PID=3288) to work on /home/airflow/.local/lib/python3.12/site-packages/airflow/example_dags/example_complex.py
[2024-10-06T04:51:12.312+0000] {processor.py:914} INFO - Processing file /home/airflow/.local/lib/python3.12/site-packages/airflow/example_dags/example_complex.py for tasks to queue
[2024-10-06T04:51:12.313+0000] {logging_mixin.py:190} INFO - [2024-10-06T04:51:12.313+0000] {dagbag.py:588} INFO - Filling up the DagBag from /home/airflow/.local/lib/python3.12/site-packages/airflow/example_dags/example_complex.py
[2024-10-06T04:51:12.323+0000] {processor.py:925} INFO - DAG(s) 'example_complex' retrieved from /home/airflow/.local/lib/python3.12/site-packages/airflow/example_dags/example_complex.py
[2024-10-06T04:51:12.348+0000] {logging_mixin.py:190} INFO - [2024-10-06T04:51:12.347+0000] {dag.py:3239} INFO - Sync 1 DAGs
[2024-10-06T04:51:12.359+0000] {logging_mixin.py:190} INFO - [2024-10-06T04:51:12.359+0000] {dag.py:4180} INFO - Setting next_dagrun for example_complex to None, run_after=None
[2024-10-06T04:51:12.377+0000] {processor.py:208} INFO - Processing /home/airflow/.local/lib/python3.12/site-packages/airflow/example_dags/example_complex.py took 0.070 seconds
[2024-10-06T04:51:42.590+0000] {processor.py:186} INFO - Started process (PID=3351) to work on /home/airflow/.local/lib/python3.12/site-packages/airflow/example_dags/example_complex.py
[2024-10-06T04:51:42.591+0000] {processor.py:914} INFO - Processing file /home/airflow/.local/lib/python3.12/site-packages/airflow/example_dags/example_complex.py for tasks to queue
[2024-10-06T04:51:42.592+0000] {logging_mixin.py:190} INFO - [2024-10-06T04:51:42.592+0000] {dagbag.py:588} INFO - Filling up the DagBag from /home/airflow/.local/lib/python3.12/site-packages/airflow/example_dags/example_complex.py
[2024-10-06T04:51:42.604+0000] {processor.py:925} INFO - DAG(s) 'example_complex' retrieved from /home/airflow/.local/lib/python3.12/site-packages/airflow/example_dags/example_complex.py
[2024-10-06T04:51:42.629+0000] {logging_mixin.py:190} INFO - [2024-10-06T04:51:42.629+0000] {dag.py:3239} INFO - Sync 1 DAGs
[2024-10-06T04:51:42.642+0000] {logging_mixin.py:190} INFO - [2024-10-06T04:51:42.642+0000] {dag.py:4180} INFO - Setting next_dagrun for example_complex to None, run_after=None
[2024-10-06T04:51:42.665+0000] {processor.py:208} INFO - Processing /home/airflow/.local/lib/python3.12/site-packages/airflow/example_dags/example_complex.py took 0.081 seconds
[2024-10-06T04:52:12.851+0000] {processor.py:186} INFO - Started process (PID=3414) to work on /home/airflow/.local/lib/python3.12/site-packages/airflow/example_dags/example_complex.py
[2024-10-06T04:52:12.852+0000] {processor.py:914} INFO - Processing file /home/airflow/.local/lib/python3.12/site-packages/airflow/example_dags/example_complex.py for tasks to queue
[2024-10-06T04:52:12.854+0000] {logging_mixin.py:190} INFO - [2024-10-06T04:52:12.853+0000] {dagbag.py:588} INFO - Filling up the DagBag from /home/airflow/.local/lib/python3.12/site-packages/airflow/example_dags/example_complex.py
[2024-10-06T04:52:12.867+0000] {processor.py:925} INFO - DAG(s) 'example_complex' retrieved from /home/airflow/.local/lib/python3.12/site-packages/airflow/example_dags/example_complex.py
[2024-10-06T04:52:12.905+0000] {logging_mixin.py:190} INFO - [2024-10-06T04:52:12.904+0000] {dag.py:3239} INFO - Sync 1 DAGs
[2024-10-06T04:52:12.923+0000] {logging_mixin.py:190} INFO - [2024-10-06T04:52:12.923+0000] {dag.py:4180} INFO - Setting next_dagrun for example_complex to None, run_after=None
[2024-10-06T04:52:12.942+0000] {processor.py:208} INFO - Processing /home/airflow/.local/lib/python3.12/site-packages/airflow/example_dags/example_complex.py took 0.099 seconds
[2024-10-06T04:52:43.183+0000] {processor.py:186} INFO - Started process (PID=3478) to work on /home/airflow/.local/lib/python3.12/site-packages/airflow/example_dags/example_complex.py
[2024-10-06T04:52:43.184+0000] {processor.py:914} INFO - Processing file /home/airflow/.local/lib/python3.12/site-packages/airflow/example_dags/example_complex.py for tasks to queue
[2024-10-06T04:52:43.185+0000] {logging_mixin.py:190} INFO - [2024-10-06T04:52:43.185+0000] {dagbag.py:588} INFO - Filling up the DagBag from /home/airflow/.local/lib/python3.12/site-packages/airflow/example_dags/example_complex.py
[2024-10-06T04:52:43.196+0000] {processor.py:925} INFO - DAG(s) 'example_complex' retrieved from /home/airflow/.local/lib/python3.12/site-packages/airflow/example_dags/example_complex.py
[2024-10-06T04:52:43.224+0000] {logging_mixin.py:190} INFO - [2024-10-06T04:52:43.224+0000] {dag.py:3239} INFO - Sync 1 DAGs
[2024-10-06T04:52:43.236+0000] {logging_mixin.py:190} INFO - [2024-10-06T04:52:43.236+0000] {dag.py:4180} INFO - Setting next_dagrun for example_complex to None, run_after=None
[2024-10-06T04:52:43.253+0000] {processor.py:208} INFO - Processing /home/airflow/.local/lib/python3.12/site-packages/airflow/example_dags/example_complex.py took 0.075 seconds
[2024-10-06T04:53:13.523+0000] {processor.py:186} INFO - Started process (PID=3541) to work on /home/airflow/.local/lib/python3.12/site-packages/airflow/example_dags/example_complex.py
[2024-10-06T04:53:13.524+0000] {processor.py:914} INFO - Processing file /home/airflow/.local/lib/python3.12/site-packages/airflow/example_dags/example_complex.py for tasks to queue
[2024-10-06T04:53:13.525+0000] {logging_mixin.py:190} INFO - [2024-10-06T04:53:13.524+0000] {dagbag.py:588} INFO - Filling up the DagBag from /home/airflow/.local/lib/python3.12/site-packages/airflow/example_dags/example_complex.py
[2024-10-06T04:53:13.534+0000] {processor.py:925} INFO - DAG(s) 'example_complex' retrieved from /home/airflow/.local/lib/python3.12/site-packages/airflow/example_dags/example_complex.py
[2024-10-06T04:53:13.564+0000] {logging_mixin.py:190} INFO - [2024-10-06T04:53:13.564+0000] {dag.py:3239} INFO - Sync 1 DAGs
[2024-10-06T04:53:13.580+0000] {logging_mixin.py:190} INFO - [2024-10-06T04:53:13.580+0000] {dag.py:4180} INFO - Setting next_dagrun for example_complex to None, run_after=None
[2024-10-06T04:53:13.597+0000] {processor.py:208} INFO - Processing /home/airflow/.local/lib/python3.12/site-packages/airflow/example_dags/example_complex.py took 0.081 seconds
[2024-10-06T04:53:43.789+0000] {processor.py:186} INFO - Started process (PID=3604) to work on /home/airflow/.local/lib/python3.12/site-packages/airflow/example_dags/example_complex.py
[2024-10-06T04:53:43.789+0000] {processor.py:914} INFO - Processing file /home/airflow/.local/lib/python3.12/site-packages/airflow/example_dags/example_complex.py for tasks to queue
[2024-10-06T04:53:43.791+0000] {logging_mixin.py:190} INFO - [2024-10-06T04:53:43.790+0000] {dagbag.py:588} INFO - Filling up the DagBag from /home/airflow/.local/lib/python3.12/site-packages/airflow/example_dags/example_complex.py
[2024-10-06T04:53:43.805+0000] {processor.py:925} INFO - DAG(s) 'example_complex' retrieved from /home/airflow/.local/lib/python3.12/site-packages/airflow/example_dags/example_complex.py
[2024-10-06T04:53:43.838+0000] {logging_mixin.py:190} INFO - [2024-10-06T04:53:43.838+0000] {dag.py:3239} INFO - Sync 1 DAGs
[2024-10-06T04:53:43.854+0000] {logging_mixin.py:190} INFO - [2024-10-06T04:53:43.854+0000] {dag.py:4180} INFO - Setting next_dagrun for example_complex to None, run_after=None
[2024-10-06T04:53:43.877+0000] {processor.py:208} INFO - Processing /home/airflow/.local/lib/python3.12/site-packages/airflow/example_dags/example_complex.py took 0.095 seconds
[2024-10-06T04:54:14.024+0000] {processor.py:186} INFO - Started process (PID=3667) to work on /home/airflow/.local/lib/python3.12/site-packages/airflow/example_dags/example_complex.py
[2024-10-06T04:54:14.025+0000] {processor.py:914} INFO - Processing file /home/airflow/.local/lib/python3.12/site-packages/airflow/example_dags/example_complex.py for tasks to queue
[2024-10-06T04:54:14.026+0000] {logging_mixin.py:190} INFO - [2024-10-06T04:54:14.025+0000] {dagbag.py:588} INFO - Filling up the DagBag from /home/airflow/.local/lib/python3.12/site-packages/airflow/example_dags/example_complex.py
[2024-10-06T04:54:14.035+0000] {processor.py:925} INFO - DAG(s) 'example_complex' retrieved from /home/airflow/.local/lib/python3.12/site-packages/airflow/example_dags/example_complex.py
[2024-10-06T04:54:14.060+0000] {logging_mixin.py:190} INFO - [2024-10-06T04:54:14.060+0000] {dag.py:3239} INFO - Sync 1 DAGs
[2024-10-06T04:54:14.075+0000] {logging_mixin.py:190} INFO - [2024-10-06T04:54:14.075+0000] {dag.py:4180} INFO - Setting next_dagrun for example_complex to None, run_after=None
[2024-10-06T04:54:14.093+0000] {processor.py:208} INFO - Processing /home/airflow/.local/lib/python3.12/site-packages/airflow/example_dags/example_complex.py took 0.074 seconds
[2024-10-06T04:54:44.328+0000] {processor.py:186} INFO - Started process (PID=3730) to work on /home/airflow/.local/lib/python3.12/site-packages/airflow/example_dags/example_complex.py
[2024-10-06T04:54:44.328+0000] {processor.py:914} INFO - Processing file /home/airflow/.local/lib/python3.12/site-packages/airflow/example_dags/example_complex.py for tasks to queue
[2024-10-06T04:54:44.329+0000] {logging_mixin.py:190} INFO - [2024-10-06T04:54:44.329+0000] {dagbag.py:588} INFO - Filling up the DagBag from /home/airflow/.local/lib/python3.12/site-packages/airflow/example_dags/example_complex.py
[2024-10-06T04:54:44.339+0000] {processor.py:925} INFO - DAG(s) 'example_complex' retrieved from /home/airflow/.local/lib/python3.12/site-packages/airflow/example_dags/example_complex.py
[2024-10-06T04:54:44.373+0000] {logging_mixin.py:190} INFO - [2024-10-06T04:54:44.372+0000] {dag.py:3239} INFO - Sync 1 DAGs
[2024-10-06T04:54:44.386+0000] {logging_mixin.py:190} INFO - [2024-10-06T04:54:44.386+0000] {dag.py:4180} INFO - Setting next_dagrun for example_complex to None, run_after=None
[2024-10-06T04:54:44.408+0000] {processor.py:208} INFO - Processing /home/airflow/.local/lib/python3.12/site-packages/airflow/example_dags/example_complex.py took 0.085 seconds
[2024-10-06T04:55:14.713+0000] {processor.py:186} INFO - Started process (PID=3794) to work on /home/airflow/.local/lib/python3.12/site-packages/airflow/example_dags/example_complex.py
[2024-10-06T04:55:14.714+0000] {processor.py:914} INFO - Processing file /home/airflow/.local/lib/python3.12/site-packages/airflow/example_dags/example_complex.py for tasks to queue
[2024-10-06T04:55:14.715+0000] {logging_mixin.py:190} INFO - [2024-10-06T04:55:14.714+0000] {dagbag.py:588} INFO - Filling up the DagBag from /home/airflow/.local/lib/python3.12/site-packages/airflow/example_dags/example_complex.py
[2024-10-06T04:55:14.730+0000] {processor.py:925} INFO - DAG(s) 'example_complex' retrieved from /home/airflow/.local/lib/python3.12/site-packages/airflow/example_dags/example_complex.py
[2024-10-06T04:55:14.755+0000] {logging_mixin.py:190} INFO - [2024-10-06T04:55:14.754+0000] {dag.py:3239} INFO - Sync 1 DAGs
[2024-10-06T04:55:14.766+0000] {logging_mixin.py:190} INFO - [2024-10-06T04:55:14.766+0000] {dag.py:4180} INFO - Setting next_dagrun for example_complex to None, run_after=None
[2024-10-06T04:55:14.784+0000] {processor.py:208} INFO - Processing /home/airflow/.local/lib/python3.12/site-packages/airflow/example_dags/example_complex.py took 0.076 seconds
[2024-10-06T04:55:45.035+0000] {processor.py:186} INFO - Started process (PID=3857) to work on /home/airflow/.local/lib/python3.12/site-packages/airflow/example_dags/example_complex.py
[2024-10-06T04:55:45.036+0000] {processor.py:914} INFO - Processing file /home/airflow/.local/lib/python3.12/site-packages/airflow/example_dags/example_complex.py for tasks to queue
[2024-10-06T04:55:45.037+0000] {logging_mixin.py:190} INFO - [2024-10-06T04:55:45.036+0000] {dagbag.py:588} INFO - Filling up the DagBag from /home/airflow/.local/lib/python3.12/site-packages/airflow/example_dags/example_complex.py
[2024-10-06T04:55:45.049+0000] {processor.py:925} INFO - DAG(s) 'example_complex' retrieved from /home/airflow/.local/lib/python3.12/site-packages/airflow/example_dags/example_complex.py
[2024-10-06T04:55:45.075+0000] {logging_mixin.py:190} INFO - [2024-10-06T04:55:45.075+0000] {dag.py:3239} INFO - Sync 1 DAGs
[2024-10-06T04:55:45.091+0000] {logging_mixin.py:190} INFO - [2024-10-06T04:55:45.091+0000] {dag.py:4180} INFO - Setting next_dagrun for example_complex to None, run_after=None
[2024-10-06T04:55:45.118+0000] {processor.py:208} INFO - Processing /home/airflow/.local/lib/python3.12/site-packages/airflow/example_dags/example_complex.py took 0.089 seconds
[2024-10-06T04:56:15.471+0000] {processor.py:186} INFO - Started process (PID=3921) to work on /home/airflow/.local/lib/python3.12/site-packages/airflow/example_dags/example_complex.py
[2024-10-06T04:56:15.471+0000] {processor.py:914} INFO - Processing file /home/airflow/.local/lib/python3.12/site-packages/airflow/example_dags/example_complex.py for tasks to queue
[2024-10-06T04:56:15.472+0000] {logging_mixin.py:190} INFO - [2024-10-06T04:56:15.472+0000] {dagbag.py:588} INFO - Filling up the DagBag from /home/airflow/.local/lib/python3.12/site-packages/airflow/example_dags/example_complex.py
[2024-10-06T04:56:15.483+0000] {processor.py:925} INFO - DAG(s) 'example_complex' retrieved from /home/airflow/.local/lib/python3.12/site-packages/airflow/example_dags/example_complex.py
[2024-10-06T04:56:15.518+0000] {logging_mixin.py:190} INFO - [2024-10-06T04:56:15.518+0000] {dag.py:3239} INFO - Sync 1 DAGs
[2024-10-06T04:56:15.533+0000] {logging_mixin.py:190} INFO - [2024-10-06T04:56:15.533+0000] {dag.py:4180} INFO - Setting next_dagrun for example_complex to None, run_after=None
[2024-10-06T04:56:15.558+0000] {processor.py:208} INFO - Processing /home/airflow/.local/lib/python3.12/site-packages/airflow/example_dags/example_complex.py took 0.092 seconds
[2024-10-06T04:56:45.936+0000] {processor.py:186} INFO - Started process (PID=3985) to work on /home/airflow/.local/lib/python3.12/site-packages/airflow/example_dags/example_complex.py
[2024-10-06T04:56:45.937+0000] {processor.py:914} INFO - Processing file /home/airflow/.local/lib/python3.12/site-packages/airflow/example_dags/example_complex.py for tasks to queue
[2024-10-06T04:56:45.938+0000] {logging_mixin.py:190} INFO - [2024-10-06T04:56:45.938+0000] {dagbag.py:588} INFO - Filling up the DagBag from /home/airflow/.local/lib/python3.12/site-packages/airflow/example_dags/example_complex.py
[2024-10-06T04:56:45.948+0000] {processor.py:925} INFO - DAG(s) 'example_complex' retrieved from /home/airflow/.local/lib/python3.12/site-packages/airflow/example_dags/example_complex.py
[2024-10-06T04:56:45.980+0000] {logging_mixin.py:190} INFO - [2024-10-06T04:56:45.979+0000] {dag.py:3239} INFO - Sync 1 DAGs
[2024-10-06T04:56:45.995+0000] {logging_mixin.py:190} INFO - [2024-10-06T04:56:45.995+0000] {dag.py:4180} INFO - Setting next_dagrun for example_complex to None, run_after=None
[2024-10-06T04:56:46.022+0000] {processor.py:208} INFO - Processing /home/airflow/.local/lib/python3.12/site-packages/airflow/example_dags/example_complex.py took 0.091 seconds
[2024-10-06T04:57:16.489+0000] {processor.py:186} INFO - Started process (PID=4049) to work on /home/airflow/.local/lib/python3.12/site-packages/airflow/example_dags/example_complex.py
[2024-10-06T04:57:16.490+0000] {processor.py:914} INFO - Processing file /home/airflow/.local/lib/python3.12/site-packages/airflow/example_dags/example_complex.py for tasks to queue
[2024-10-06T04:57:16.491+0000] {logging_mixin.py:190} INFO - [2024-10-06T04:57:16.490+0000] {dagbag.py:588} INFO - Filling up the DagBag from /home/airflow/.local/lib/python3.12/site-packages/airflow/example_dags/example_complex.py
[2024-10-06T04:57:16.505+0000] {processor.py:925} INFO - DAG(s) 'example_complex' retrieved from /home/airflow/.local/lib/python3.12/site-packages/airflow/example_dags/example_complex.py
[2024-10-06T04:57:16.539+0000] {logging_mixin.py:190} INFO - [2024-10-06T04:57:16.538+0000] {dag.py:3239} INFO - Sync 1 DAGs
[2024-10-06T04:57:16.554+0000] {logging_mixin.py:190} INFO - [2024-10-06T04:57:16.554+0000] {dag.py:4180} INFO - Setting next_dagrun for example_complex to None, run_after=None
[2024-10-06T04:57:16.575+0000] {processor.py:208} INFO - Processing /home/airflow/.local/lib/python3.12/site-packages/airflow/example_dags/example_complex.py took 0.092 seconds
[2024-10-06T04:57:46.900+0000] {processor.py:186} INFO - Started process (PID=4113) to work on /home/airflow/.local/lib/python3.12/site-packages/airflow/example_dags/example_complex.py
[2024-10-06T04:57:46.901+0000] {processor.py:914} INFO - Processing file /home/airflow/.local/lib/python3.12/site-packages/airflow/example_dags/example_complex.py for tasks to queue
[2024-10-06T04:57:46.902+0000] {logging_mixin.py:190} INFO - [2024-10-06T04:57:46.901+0000] {dagbag.py:588} INFO - Filling up the DagBag from /home/airflow/.local/lib/python3.12/site-packages/airflow/example_dags/example_complex.py
[2024-10-06T04:57:46.911+0000] {processor.py:925} INFO - DAG(s) 'example_complex' retrieved from /home/airflow/.local/lib/python3.12/site-packages/airflow/example_dags/example_complex.py
[2024-10-06T04:57:46.936+0000] {logging_mixin.py:190} INFO - [2024-10-06T04:57:46.936+0000] {dag.py:3239} INFO - Sync 1 DAGs
[2024-10-06T04:57:46.951+0000] {logging_mixin.py:190} INFO - [2024-10-06T04:57:46.950+0000] {dag.py:4180} INFO - Setting next_dagrun for example_complex to None, run_after=None
[2024-10-06T04:57:46.970+0000] {processor.py:208} INFO - Processing /home/airflow/.local/lib/python3.12/site-packages/airflow/example_dags/example_complex.py took 0.075 seconds
