[2024-10-06T04:25:18.963+0000] {processor.py:186} INFO - Started process (PID=79) to work on /home/airflow/.local/lib/python3.12/site-packages/airflow/example_dags/example_task_group.py
[2024-10-06T04:25:18.964+0000] {processor.py:914} INFO - Processing file /home/airflow/.local/lib/python3.12/site-packages/airflow/example_dags/example_task_group.py for tasks to queue
[2024-10-06T04:25:18.966+0000] {logging_mixin.py:190} INFO - [2024-10-06T04:25:18.966+0000] {dagbag.py:588} INFO - Filling up the DagBag from /home/airflow/.local/lib/python3.12/site-packages/airflow/example_dags/example_task_group.py
[2024-10-06T04:25:18.978+0000] {processor.py:925} INFO - DAG(s) 'example_task_group' retrieved from /home/airflow/.local/lib/python3.12/site-packages/airflow/example_dags/example_task_group.py
[2024-10-06T04:25:19.149+0000] {logging_mixin.py:190} INFO - [2024-10-06T04:25:19.149+0000] {override.py:1900} INFO - Created Permission View: can edit on DAG:example_task_group
[2024-10-06T04:25:19.162+0000] {logging_mixin.py:190} INFO - [2024-10-06T04:25:19.162+0000] {override.py:1900} INFO - Created Permission View: can delete on DAG:example_task_group
[2024-10-06T04:25:19.171+0000] {logging_mixin.py:190} INFO - [2024-10-06T04:25:19.171+0000] {override.py:1900} INFO - Created Permission View: can read on DAG:example_task_group
[2024-10-06T04:25:19.191+0000] {logging_mixin.py:190} INFO - [2024-10-06T04:25:19.191+0000] {override.py:1900} INFO - Created Permission View: can delete on DAG Run:example_task_group
[2024-10-06T04:25:19.199+0000] {logging_mixin.py:190} INFO - [2024-10-06T04:25:19.199+0000] {override.py:1900} INFO - Created Permission View: can create on DAG Run:example_task_group
[2024-10-06T04:25:19.210+0000] {logging_mixin.py:190} INFO - [2024-10-06T04:25:19.210+0000] {override.py:1900} INFO - Created Permission View: menu access on DAG Run:example_task_group
[2024-10-06T04:25:19.219+0000] {logging_mixin.py:190} INFO - [2024-10-06T04:25:19.219+0000] {override.py:1900} INFO - Created Permission View: can read on DAG Run:example_task_group
[2024-10-06T04:25:19.220+0000] {logging_mixin.py:190} INFO - [2024-10-06T04:25:19.220+0000] {dag.py:3239} INFO - Sync 1 DAGs
[2024-10-06T04:25:19.237+0000] {logging_mixin.py:190} INFO - [2024-10-06T04:25:19.237+0000] {dag.py:3262} INFO - Creating ORM DAG for example_task_group
[2024-10-06T04:25:19.238+0000] {logging_mixin.py:190} INFO - [2024-10-06T04:25:19.238+0000] {dag.py:4180} INFO - Setting next_dagrun for example_task_group to None, run_after=None
[2024-10-06T04:25:19.260+0000] {processor.py:208} INFO - Processing /home/airflow/.local/lib/python3.12/site-packages/airflow/example_dags/example_task_group.py took 0.304 seconds
[2024-10-06T04:25:49.339+0000] {processor.py:186} INFO - Started process (PID=141) to work on /home/airflow/.local/lib/python3.12/site-packages/airflow/example_dags/example_task_group.py
[2024-10-06T04:25:49.339+0000] {processor.py:914} INFO - Processing file /home/airflow/.local/lib/python3.12/site-packages/airflow/example_dags/example_task_group.py for tasks to queue
[2024-10-06T04:25:49.341+0000] {logging_mixin.py:190} INFO - [2024-10-06T04:25:49.341+0000] {dagbag.py:588} INFO - Filling up the DagBag from /home/airflow/.local/lib/python3.12/site-packages/airflow/example_dags/example_task_group.py
[2024-10-06T04:25:49.347+0000] {processor.py:925} INFO - DAG(s) 'example_task_group' retrieved from /home/airflow/.local/lib/python3.12/site-packages/airflow/example_dags/example_task_group.py
[2024-10-06T04:25:49.363+0000] {logging_mixin.py:190} INFO - [2024-10-06T04:25:49.363+0000] {dag.py:3239} INFO - Sync 1 DAGs
[2024-10-06T04:25:49.377+0000] {logging_mixin.py:190} INFO - [2024-10-06T04:25:49.376+0000] {dag.py:4180} INFO - Setting next_dagrun for example_task_group to None, run_after=None
[2024-10-06T04:25:49.400+0000] {processor.py:208} INFO - Processing /home/airflow/.local/lib/python3.12/site-packages/airflow/example_dags/example_task_group.py took 0.066 seconds
[2024-10-06T04:26:19.849+0000] {processor.py:186} INFO - Started process (PID=203) to work on /home/airflow/.local/lib/python3.12/site-packages/airflow/example_dags/example_task_group.py
[2024-10-06T04:26:19.850+0000] {processor.py:914} INFO - Processing file /home/airflow/.local/lib/python3.12/site-packages/airflow/example_dags/example_task_group.py for tasks to queue
[2024-10-06T04:26:19.852+0000] {logging_mixin.py:190} INFO - [2024-10-06T04:26:19.852+0000] {dagbag.py:588} INFO - Filling up the DagBag from /home/airflow/.local/lib/python3.12/site-packages/airflow/example_dags/example_task_group.py
[2024-10-06T04:26:19.861+0000] {processor.py:925} INFO - DAG(s) 'example_task_group' retrieved from /home/airflow/.local/lib/python3.12/site-packages/airflow/example_dags/example_task_group.py
[2024-10-06T04:26:19.877+0000] {logging_mixin.py:190} INFO - [2024-10-06T04:26:19.877+0000] {dag.py:3239} INFO - Sync 1 DAGs
[2024-10-06T04:26:19.888+0000] {logging_mixin.py:190} INFO - [2024-10-06T04:26:19.888+0000] {dag.py:4180} INFO - Setting next_dagrun for example_task_group to None, run_after=None
[2024-10-06T04:26:19.906+0000] {processor.py:208} INFO - Processing /home/airflow/.local/lib/python3.12/site-packages/airflow/example_dags/example_task_group.py took 0.063 seconds
[2024-10-06T04:26:50.117+0000] {processor.py:186} INFO - Started process (PID=265) to work on /home/airflow/.local/lib/python3.12/site-packages/airflow/example_dags/example_task_group.py
[2024-10-06T04:26:50.117+0000] {processor.py:914} INFO - Processing file /home/airflow/.local/lib/python3.12/site-packages/airflow/example_dags/example_task_group.py for tasks to queue
[2024-10-06T04:26:50.119+0000] {logging_mixin.py:190} INFO - [2024-10-06T04:26:50.119+0000] {dagbag.py:588} INFO - Filling up the DagBag from /home/airflow/.local/lib/python3.12/site-packages/airflow/example_dags/example_task_group.py
[2024-10-06T04:26:50.125+0000] {processor.py:925} INFO - DAG(s) 'example_task_group' retrieved from /home/airflow/.local/lib/python3.12/site-packages/airflow/example_dags/example_task_group.py
[2024-10-06T04:26:50.142+0000] {logging_mixin.py:190} INFO - [2024-10-06T04:26:50.142+0000] {dag.py:3239} INFO - Sync 1 DAGs
[2024-10-06T04:26:50.154+0000] {logging_mixin.py:190} INFO - [2024-10-06T04:26:50.153+0000] {dag.py:4180} INFO - Setting next_dagrun for example_task_group to None, run_after=None
[2024-10-06T04:26:50.173+0000] {processor.py:208} INFO - Processing /home/airflow/.local/lib/python3.12/site-packages/airflow/example_dags/example_task_group.py took 0.060 seconds
[2024-10-06T04:27:20.583+0000] {processor.py:186} INFO - Started process (PID=327) to work on /home/airflow/.local/lib/python3.12/site-packages/airflow/example_dags/example_task_group.py
[2024-10-06T04:27:20.584+0000] {processor.py:914} INFO - Processing file /home/airflow/.local/lib/python3.12/site-packages/airflow/example_dags/example_task_group.py for tasks to queue
[2024-10-06T04:27:20.585+0000] {logging_mixin.py:190} INFO - [2024-10-06T04:27:20.585+0000] {dagbag.py:588} INFO - Filling up the DagBag from /home/airflow/.local/lib/python3.12/site-packages/airflow/example_dags/example_task_group.py
[2024-10-06T04:27:20.592+0000] {processor.py:925} INFO - DAG(s) 'example_task_group' retrieved from /home/airflow/.local/lib/python3.12/site-packages/airflow/example_dags/example_task_group.py
[2024-10-06T04:27:20.614+0000] {logging_mixin.py:190} INFO - [2024-10-06T04:27:20.614+0000] {dag.py:3239} INFO - Sync 1 DAGs
[2024-10-06T04:27:20.630+0000] {logging_mixin.py:190} INFO - [2024-10-06T04:27:20.630+0000] {dag.py:4180} INFO - Setting next_dagrun for example_task_group to None, run_after=None
[2024-10-06T04:27:20.650+0000] {processor.py:208} INFO - Processing /home/airflow/.local/lib/python3.12/site-packages/airflow/example_dags/example_task_group.py took 0.072 seconds
[2024-10-06T04:27:51.096+0000] {processor.py:186} INFO - Started process (PID=389) to work on /home/airflow/.local/lib/python3.12/site-packages/airflow/example_dags/example_task_group.py
[2024-10-06T04:27:51.096+0000] {processor.py:914} INFO - Processing file /home/airflow/.local/lib/python3.12/site-packages/airflow/example_dags/example_task_group.py for tasks to queue
[2024-10-06T04:27:51.099+0000] {logging_mixin.py:190} INFO - [2024-10-06T04:27:51.098+0000] {dagbag.py:588} INFO - Filling up the DagBag from /home/airflow/.local/lib/python3.12/site-packages/airflow/example_dags/example_task_group.py
[2024-10-06T04:27:51.108+0000] {processor.py:925} INFO - DAG(s) 'example_task_group' retrieved from /home/airflow/.local/lib/python3.12/site-packages/airflow/example_dags/example_task_group.py
[2024-10-06T04:27:51.132+0000] {logging_mixin.py:190} INFO - [2024-10-06T04:27:51.132+0000] {dag.py:3239} INFO - Sync 1 DAGs
[2024-10-06T04:27:51.148+0000] {logging_mixin.py:190} INFO - [2024-10-06T04:27:51.147+0000] {dag.py:4180} INFO - Setting next_dagrun for example_task_group to None, run_after=None
[2024-10-06T04:27:51.174+0000] {processor.py:208} INFO - Processing /home/airflow/.local/lib/python3.12/site-packages/airflow/example_dags/example_task_group.py took 0.086 seconds
[2024-10-06T04:28:21.321+0000] {processor.py:186} INFO - Started process (PID=452) to work on /home/airflow/.local/lib/python3.12/site-packages/airflow/example_dags/example_task_group.py
[2024-10-06T04:28:21.321+0000] {processor.py:914} INFO - Processing file /home/airflow/.local/lib/python3.12/site-packages/airflow/example_dags/example_task_group.py for tasks to queue
[2024-10-06T04:28:21.323+0000] {logging_mixin.py:190} INFO - [2024-10-06T04:28:21.323+0000] {dagbag.py:588} INFO - Filling up the DagBag from /home/airflow/.local/lib/python3.12/site-packages/airflow/example_dags/example_task_group.py
[2024-10-06T04:28:21.330+0000] {processor.py:925} INFO - DAG(s) 'example_task_group' retrieved from /home/airflow/.local/lib/python3.12/site-packages/airflow/example_dags/example_task_group.py
[2024-10-06T04:28:21.347+0000] {logging_mixin.py:190} INFO - [2024-10-06T04:28:21.347+0000] {dag.py:3239} INFO - Sync 1 DAGs
[2024-10-06T04:28:21.361+0000] {logging_mixin.py:190} INFO - [2024-10-06T04:28:21.361+0000] {dag.py:4180} INFO - Setting next_dagrun for example_task_group to None, run_after=None
[2024-10-06T04:28:21.380+0000] {processor.py:208} INFO - Processing /home/airflow/.local/lib/python3.12/site-packages/airflow/example_dags/example_task_group.py took 0.064 seconds
[2024-10-06T04:28:51.652+0000] {processor.py:186} INFO - Started process (PID=514) to work on /home/airflow/.local/lib/python3.12/site-packages/airflow/example_dags/example_task_group.py
[2024-10-06T04:28:51.653+0000] {processor.py:914} INFO - Processing file /home/airflow/.local/lib/python3.12/site-packages/airflow/example_dags/example_task_group.py for tasks to queue
[2024-10-06T04:28:51.655+0000] {logging_mixin.py:190} INFO - [2024-10-06T04:28:51.654+0000] {dagbag.py:588} INFO - Filling up the DagBag from /home/airflow/.local/lib/python3.12/site-packages/airflow/example_dags/example_task_group.py
[2024-10-06T04:28:51.664+0000] {processor.py:925} INFO - DAG(s) 'example_task_group' retrieved from /home/airflow/.local/lib/python3.12/site-packages/airflow/example_dags/example_task_group.py
[2024-10-06T04:28:51.684+0000] {logging_mixin.py:190} INFO - [2024-10-06T04:28:51.684+0000] {dag.py:3239} INFO - Sync 1 DAGs
[2024-10-06T04:28:51.698+0000] {logging_mixin.py:190} INFO - [2024-10-06T04:28:51.698+0000] {dag.py:4180} INFO - Setting next_dagrun for example_task_group to None, run_after=None
[2024-10-06T04:28:51.716+0000] {processor.py:208} INFO - Processing /home/airflow/.local/lib/python3.12/site-packages/airflow/example_dags/example_task_group.py took 0.070 seconds
[2024-10-06T04:29:21.834+0000] {processor.py:186} INFO - Started process (PID=576) to work on /home/airflow/.local/lib/python3.12/site-packages/airflow/example_dags/example_task_group.py
[2024-10-06T04:29:21.834+0000] {processor.py:914} INFO - Processing file /home/airflow/.local/lib/python3.12/site-packages/airflow/example_dags/example_task_group.py for tasks to queue
[2024-10-06T04:29:21.836+0000] {logging_mixin.py:190} INFO - [2024-10-06T04:29:21.836+0000] {dagbag.py:588} INFO - Filling up the DagBag from /home/airflow/.local/lib/python3.12/site-packages/airflow/example_dags/example_task_group.py
[2024-10-06T04:29:21.842+0000] {processor.py:925} INFO - DAG(s) 'example_task_group' retrieved from /home/airflow/.local/lib/python3.12/site-packages/airflow/example_dags/example_task_group.py
[2024-10-06T04:29:21.862+0000] {logging_mixin.py:190} INFO - [2024-10-06T04:29:21.862+0000] {dag.py:3239} INFO - Sync 1 DAGs
[2024-10-06T04:29:21.877+0000] {logging_mixin.py:190} INFO - [2024-10-06T04:29:21.877+0000] {dag.py:4180} INFO - Setting next_dagrun for example_task_group to None, run_after=None
[2024-10-06T04:29:21.900+0000] {processor.py:208} INFO - Processing /home/airflow/.local/lib/python3.12/site-packages/airflow/example_dags/example_task_group.py took 0.071 seconds
[2024-10-06T04:29:52.096+0000] {processor.py:186} INFO - Started process (PID=638) to work on /home/airflow/.local/lib/python3.12/site-packages/airflow/example_dags/example_task_group.py
[2024-10-06T04:29:52.096+0000] {processor.py:914} INFO - Processing file /home/airflow/.local/lib/python3.12/site-packages/airflow/example_dags/example_task_group.py for tasks to queue
[2024-10-06T04:29:52.099+0000] {logging_mixin.py:190} INFO - [2024-10-06T04:29:52.098+0000] {dagbag.py:588} INFO - Filling up the DagBag from /home/airflow/.local/lib/python3.12/site-packages/airflow/example_dags/example_task_group.py
[2024-10-06T04:29:52.107+0000] {processor.py:925} INFO - DAG(s) 'example_task_group' retrieved from /home/airflow/.local/lib/python3.12/site-packages/airflow/example_dags/example_task_group.py
[2024-10-06T04:29:52.126+0000] {logging_mixin.py:190} INFO - [2024-10-06T04:29:52.125+0000] {dag.py:3239} INFO - Sync 1 DAGs
[2024-10-06T04:29:52.137+0000] {logging_mixin.py:190} INFO - [2024-10-06T04:29:52.137+0000] {dag.py:4180} INFO - Setting next_dagrun for example_task_group to None, run_after=None
[2024-10-06T04:29:52.155+0000] {processor.py:208} INFO - Processing /home/airflow/.local/lib/python3.12/site-packages/airflow/example_dags/example_task_group.py took 0.066 seconds
[2024-10-06T04:30:22.282+0000] {processor.py:186} INFO - Started process (PID=701) to work on /home/airflow/.local/lib/python3.12/site-packages/airflow/example_dags/example_task_group.py
[2024-10-06T04:30:22.282+0000] {processor.py:914} INFO - Processing file /home/airflow/.local/lib/python3.12/site-packages/airflow/example_dags/example_task_group.py for tasks to queue
[2024-10-06T04:30:22.284+0000] {logging_mixin.py:190} INFO - [2024-10-06T04:30:22.284+0000] {dagbag.py:588} INFO - Filling up the DagBag from /home/airflow/.local/lib/python3.12/site-packages/airflow/example_dags/example_task_group.py
[2024-10-06T04:30:22.291+0000] {processor.py:925} INFO - DAG(s) 'example_task_group' retrieved from /home/airflow/.local/lib/python3.12/site-packages/airflow/example_dags/example_task_group.py
[2024-10-06T04:30:22.310+0000] {logging_mixin.py:190} INFO - [2024-10-06T04:30:22.310+0000] {dag.py:3239} INFO - Sync 1 DAGs
[2024-10-06T04:30:22.324+0000] {logging_mixin.py:190} INFO - [2024-10-06T04:30:22.324+0000] {dag.py:4180} INFO - Setting next_dagrun for example_task_group to None, run_after=None
[2024-10-06T04:30:22.346+0000] {processor.py:208} INFO - Processing /home/airflow/.local/lib/python3.12/site-packages/airflow/example_dags/example_task_group.py took 0.069 seconds
[2024-10-06T04:30:52.651+0000] {processor.py:186} INFO - Started process (PID=764) to work on /home/airflow/.local/lib/python3.12/site-packages/airflow/example_dags/example_task_group.py
[2024-10-06T04:30:52.652+0000] {processor.py:914} INFO - Processing file /home/airflow/.local/lib/python3.12/site-packages/airflow/example_dags/example_task_group.py for tasks to queue
[2024-10-06T04:30:52.653+0000] {logging_mixin.py:190} INFO - [2024-10-06T04:30:52.653+0000] {dagbag.py:588} INFO - Filling up the DagBag from /home/airflow/.local/lib/python3.12/site-packages/airflow/example_dags/example_task_group.py
[2024-10-06T04:30:52.662+0000] {processor.py:925} INFO - DAG(s) 'example_task_group' retrieved from /home/airflow/.local/lib/python3.12/site-packages/airflow/example_dags/example_task_group.py
[2024-10-06T04:30:52.680+0000] {logging_mixin.py:190} INFO - [2024-10-06T04:30:52.680+0000] {dag.py:3239} INFO - Sync 1 DAGs
[2024-10-06T04:30:52.693+0000] {logging_mixin.py:190} INFO - [2024-10-06T04:30:52.693+0000] {dag.py:4180} INFO - Setting next_dagrun for example_task_group to None, run_after=None
[2024-10-06T04:30:52.714+0000] {processor.py:208} INFO - Processing /home/airflow/.local/lib/python3.12/site-packages/airflow/example_dags/example_task_group.py took 0.067 seconds
[2024-10-06T04:31:22.896+0000] {processor.py:186} INFO - Started process (PID=827) to work on /home/airflow/.local/lib/python3.12/site-packages/airflow/example_dags/example_task_group.py
[2024-10-06T04:31:22.897+0000] {processor.py:914} INFO - Processing file /home/airflow/.local/lib/python3.12/site-packages/airflow/example_dags/example_task_group.py for tasks to queue
[2024-10-06T04:31:22.899+0000] {logging_mixin.py:190} INFO - [2024-10-06T04:31:22.898+0000] {dagbag.py:588} INFO - Filling up the DagBag from /home/airflow/.local/lib/python3.12/site-packages/airflow/example_dags/example_task_group.py
[2024-10-06T04:31:22.905+0000] {processor.py:925} INFO - DAG(s) 'example_task_group' retrieved from /home/airflow/.local/lib/python3.12/site-packages/airflow/example_dags/example_task_group.py
[2024-10-06T04:31:22.922+0000] {logging_mixin.py:190} INFO - [2024-10-06T04:31:22.922+0000] {dag.py:3239} INFO - Sync 1 DAGs
[2024-10-06T04:31:22.934+0000] {logging_mixin.py:190} INFO - [2024-10-06T04:31:22.934+0000] {dag.py:4180} INFO - Setting next_dagrun for example_task_group to None, run_after=None
[2024-10-06T04:31:22.951+0000] {processor.py:208} INFO - Processing /home/airflow/.local/lib/python3.12/site-packages/airflow/example_dags/example_task_group.py took 0.059 seconds
[2024-10-06T04:31:53.114+0000] {processor.py:186} INFO - Started process (PID=890) to work on /home/airflow/.local/lib/python3.12/site-packages/airflow/example_dags/example_task_group.py
[2024-10-06T04:31:53.115+0000] {processor.py:914} INFO - Processing file /home/airflow/.local/lib/python3.12/site-packages/airflow/example_dags/example_task_group.py for tasks to queue
[2024-10-06T04:31:53.116+0000] {logging_mixin.py:190} INFO - [2024-10-06T04:31:53.116+0000] {dagbag.py:588} INFO - Filling up the DagBag from /home/airflow/.local/lib/python3.12/site-packages/airflow/example_dags/example_task_group.py
[2024-10-06T04:31:53.125+0000] {processor.py:925} INFO - DAG(s) 'example_task_group' retrieved from /home/airflow/.local/lib/python3.12/site-packages/airflow/example_dags/example_task_group.py
[2024-10-06T04:31:53.143+0000] {logging_mixin.py:190} INFO - [2024-10-06T04:31:53.143+0000] {dag.py:3239} INFO - Sync 1 DAGs
[2024-10-06T04:31:53.154+0000] {logging_mixin.py:190} INFO - [2024-10-06T04:31:53.154+0000] {dag.py:4180} INFO - Setting next_dagrun for example_task_group to None, run_after=None
[2024-10-06T04:31:53.174+0000] {processor.py:208} INFO - Processing /home/airflow/.local/lib/python3.12/site-packages/airflow/example_dags/example_task_group.py took 0.064 seconds
[2024-10-06T04:32:23.262+0000] {processor.py:186} INFO - Started process (PID=953) to work on /home/airflow/.local/lib/python3.12/site-packages/airflow/example_dags/example_task_group.py
[2024-10-06T04:32:23.263+0000] {processor.py:914} INFO - Processing file /home/airflow/.local/lib/python3.12/site-packages/airflow/example_dags/example_task_group.py for tasks to queue
[2024-10-06T04:32:23.264+0000] {logging_mixin.py:190} INFO - [2024-10-06T04:32:23.264+0000] {dagbag.py:588} INFO - Filling up the DagBag from /home/airflow/.local/lib/python3.12/site-packages/airflow/example_dags/example_task_group.py
[2024-10-06T04:32:23.271+0000] {processor.py:925} INFO - DAG(s) 'example_task_group' retrieved from /home/airflow/.local/lib/python3.12/site-packages/airflow/example_dags/example_task_group.py
[2024-10-06T04:32:23.290+0000] {logging_mixin.py:190} INFO - [2024-10-06T04:32:23.289+0000] {dag.py:3239} INFO - Sync 1 DAGs
[2024-10-06T04:32:23.304+0000] {logging_mixin.py:190} INFO - [2024-10-06T04:32:23.303+0000] {dag.py:4180} INFO - Setting next_dagrun for example_task_group to None, run_after=None
[2024-10-06T04:32:23.321+0000] {processor.py:208} INFO - Processing /home/airflow/.local/lib/python3.12/site-packages/airflow/example_dags/example_task_group.py took 0.064 seconds
[2024-10-06T04:32:53.677+0000] {processor.py:186} INFO - Started process (PID=1016) to work on /home/airflow/.local/lib/python3.12/site-packages/airflow/example_dags/example_task_group.py
[2024-10-06T04:32:53.678+0000] {processor.py:914} INFO - Processing file /home/airflow/.local/lib/python3.12/site-packages/airflow/example_dags/example_task_group.py for tasks to queue
[2024-10-06T04:32:53.680+0000] {logging_mixin.py:190} INFO - [2024-10-06T04:32:53.679+0000] {dagbag.py:588} INFO - Filling up the DagBag from /home/airflow/.local/lib/python3.12/site-packages/airflow/example_dags/example_task_group.py
[2024-10-06T04:32:53.686+0000] {processor.py:925} INFO - DAG(s) 'example_task_group' retrieved from /home/airflow/.local/lib/python3.12/site-packages/airflow/example_dags/example_task_group.py
[2024-10-06T04:32:53.703+0000] {logging_mixin.py:190} INFO - [2024-10-06T04:32:53.703+0000] {dag.py:3239} INFO - Sync 1 DAGs
[2024-10-06T04:32:53.715+0000] {logging_mixin.py:190} INFO - [2024-10-06T04:32:53.715+0000] {dag.py:4180} INFO - Setting next_dagrun for example_task_group to None, run_after=None
[2024-10-06T04:32:53.735+0000] {processor.py:208} INFO - Processing /home/airflow/.local/lib/python3.12/site-packages/airflow/example_dags/example_task_group.py took 0.062 seconds
[2024-10-06T04:33:23.945+0000] {processor.py:186} INFO - Started process (PID=1079) to work on /home/airflow/.local/lib/python3.12/site-packages/airflow/example_dags/example_task_group.py
[2024-10-06T04:33:23.945+0000] {processor.py:914} INFO - Processing file /home/airflow/.local/lib/python3.12/site-packages/airflow/example_dags/example_task_group.py for tasks to queue
[2024-10-06T04:33:23.947+0000] {logging_mixin.py:190} INFO - [2024-10-06T04:33:23.947+0000] {dagbag.py:588} INFO - Filling up the DagBag from /home/airflow/.local/lib/python3.12/site-packages/airflow/example_dags/example_task_group.py
[2024-10-06T04:33:23.954+0000] {processor.py:925} INFO - DAG(s) 'example_task_group' retrieved from /home/airflow/.local/lib/python3.12/site-packages/airflow/example_dags/example_task_group.py
[2024-10-06T04:33:23.973+0000] {logging_mixin.py:190} INFO - [2024-10-06T04:33:23.972+0000] {dag.py:3239} INFO - Sync 1 DAGs
[2024-10-06T04:33:23.986+0000] {logging_mixin.py:190} INFO - [2024-10-06T04:33:23.986+0000] {dag.py:4180} INFO - Setting next_dagrun for example_task_group to None, run_after=None
[2024-10-06T04:33:24.004+0000] {processor.py:208} INFO - Processing /home/airflow/.local/lib/python3.12/site-packages/airflow/example_dags/example_task_group.py took 0.066 seconds
[2024-10-06T04:33:54.080+0000] {processor.py:186} INFO - Started process (PID=1142) to work on /home/airflow/.local/lib/python3.12/site-packages/airflow/example_dags/example_task_group.py
[2024-10-06T04:33:54.081+0000] {processor.py:914} INFO - Processing file /home/airflow/.local/lib/python3.12/site-packages/airflow/example_dags/example_task_group.py for tasks to queue
[2024-10-06T04:33:54.082+0000] {logging_mixin.py:190} INFO - [2024-10-06T04:33:54.082+0000] {dagbag.py:588} INFO - Filling up the DagBag from /home/airflow/.local/lib/python3.12/site-packages/airflow/example_dags/example_task_group.py
[2024-10-06T04:33:54.088+0000] {processor.py:925} INFO - DAG(s) 'example_task_group' retrieved from /home/airflow/.local/lib/python3.12/site-packages/airflow/example_dags/example_task_group.py
[2024-10-06T04:33:54.105+0000] {logging_mixin.py:190} INFO - [2024-10-06T04:33:54.105+0000] {dag.py:3239} INFO - Sync 1 DAGs
[2024-10-06T04:33:54.116+0000] {logging_mixin.py:190} INFO - [2024-10-06T04:33:54.116+0000] {dag.py:4180} INFO - Setting next_dagrun for example_task_group to None, run_after=None
[2024-10-06T04:33:54.138+0000] {processor.py:208} INFO - Processing /home/airflow/.local/lib/python3.12/site-packages/airflow/example_dags/example_task_group.py took 0.063 seconds
[2024-10-06T04:34:24.244+0000] {processor.py:186} INFO - Started process (PID=1204) to work on /home/airflow/.local/lib/python3.12/site-packages/airflow/example_dags/example_task_group.py
[2024-10-06T04:34:24.245+0000] {processor.py:914} INFO - Processing file /home/airflow/.local/lib/python3.12/site-packages/airflow/example_dags/example_task_group.py for tasks to queue
[2024-10-06T04:34:24.247+0000] {logging_mixin.py:190} INFO - [2024-10-06T04:34:24.247+0000] {dagbag.py:588} INFO - Filling up the DagBag from /home/airflow/.local/lib/python3.12/site-packages/airflow/example_dags/example_task_group.py
[2024-10-06T04:34:24.255+0000] {processor.py:925} INFO - DAG(s) 'example_task_group' retrieved from /home/airflow/.local/lib/python3.12/site-packages/airflow/example_dags/example_task_group.py
[2024-10-06T04:34:24.280+0000] {logging_mixin.py:190} INFO - [2024-10-06T04:34:24.279+0000] {dag.py:3239} INFO - Sync 1 DAGs
[2024-10-06T04:34:24.293+0000] {logging_mixin.py:190} INFO - [2024-10-06T04:34:24.293+0000] {dag.py:4180} INFO - Setting next_dagrun for example_task_group to None, run_after=None
[2024-10-06T04:34:24.311+0000] {processor.py:208} INFO - Processing /home/airflow/.local/lib/python3.12/site-packages/airflow/example_dags/example_task_group.py took 0.073 seconds
[2024-10-06T04:34:54.723+0000] {processor.py:186} INFO - Started process (PID=1267) to work on /home/airflow/.local/lib/python3.12/site-packages/airflow/example_dags/example_task_group.py
[2024-10-06T04:34:54.723+0000] {processor.py:914} INFO - Processing file /home/airflow/.local/lib/python3.12/site-packages/airflow/example_dags/example_task_group.py for tasks to queue
[2024-10-06T04:34:54.725+0000] {logging_mixin.py:190} INFO - [2024-10-06T04:34:54.725+0000] {dagbag.py:588} INFO - Filling up the DagBag from /home/airflow/.local/lib/python3.12/site-packages/airflow/example_dags/example_task_group.py
[2024-10-06T04:34:54.734+0000] {processor.py:925} INFO - DAG(s) 'example_task_group' retrieved from /home/airflow/.local/lib/python3.12/site-packages/airflow/example_dags/example_task_group.py
[2024-10-06T04:34:54.751+0000] {logging_mixin.py:190} INFO - [2024-10-06T04:34:54.751+0000] {dag.py:3239} INFO - Sync 1 DAGs
[2024-10-06T04:34:54.763+0000] {logging_mixin.py:190} INFO - [2024-10-06T04:34:54.763+0000] {dag.py:4180} INFO - Setting next_dagrun for example_task_group to None, run_after=None
[2024-10-06T04:34:54.780+0000] {processor.py:208} INFO - Processing /home/airflow/.local/lib/python3.12/site-packages/airflow/example_dags/example_task_group.py took 0.062 seconds
[2024-10-06T04:35:25.111+0000] {processor.py:186} INFO - Started process (PID=1330) to work on /home/airflow/.local/lib/python3.12/site-packages/airflow/example_dags/example_task_group.py
[2024-10-06T04:35:25.112+0000] {processor.py:914} INFO - Processing file /home/airflow/.local/lib/python3.12/site-packages/airflow/example_dags/example_task_group.py for tasks to queue
[2024-10-06T04:35:25.114+0000] {logging_mixin.py:190} INFO - [2024-10-06T04:35:25.114+0000] {dagbag.py:588} INFO - Filling up the DagBag from /home/airflow/.local/lib/python3.12/site-packages/airflow/example_dags/example_task_group.py
[2024-10-06T04:35:25.122+0000] {processor.py:925} INFO - DAG(s) 'example_task_group' retrieved from /home/airflow/.local/lib/python3.12/site-packages/airflow/example_dags/example_task_group.py
[2024-10-06T04:35:25.138+0000] {logging_mixin.py:190} INFO - [2024-10-06T04:35:25.138+0000] {dag.py:3239} INFO - Sync 1 DAGs
[2024-10-06T04:35:25.151+0000] {logging_mixin.py:190} INFO - [2024-10-06T04:35:25.151+0000] {dag.py:4180} INFO - Setting next_dagrun for example_task_group to None, run_after=None
[2024-10-06T04:35:25.170+0000] {processor.py:208} INFO - Processing /home/airflow/.local/lib/python3.12/site-packages/airflow/example_dags/example_task_group.py took 0.063 seconds
[2024-10-06T04:35:55.517+0000] {processor.py:186} INFO - Started process (PID=1393) to work on /home/airflow/.local/lib/python3.12/site-packages/airflow/example_dags/example_task_group.py
[2024-10-06T04:35:55.517+0000] {processor.py:914} INFO - Processing file /home/airflow/.local/lib/python3.12/site-packages/airflow/example_dags/example_task_group.py for tasks to queue
[2024-10-06T04:35:55.519+0000] {logging_mixin.py:190} INFO - [2024-10-06T04:35:55.519+0000] {dagbag.py:588} INFO - Filling up the DagBag from /home/airflow/.local/lib/python3.12/site-packages/airflow/example_dags/example_task_group.py
[2024-10-06T04:35:55.525+0000] {processor.py:925} INFO - DAG(s) 'example_task_group' retrieved from /home/airflow/.local/lib/python3.12/site-packages/airflow/example_dags/example_task_group.py
[2024-10-06T04:35:55.543+0000] {logging_mixin.py:190} INFO - [2024-10-06T04:35:55.542+0000] {dag.py:3239} INFO - Sync 1 DAGs
[2024-10-06T04:35:55.555+0000] {logging_mixin.py:190} INFO - [2024-10-06T04:35:55.555+0000] {dag.py:4180} INFO - Setting next_dagrun for example_task_group to None, run_after=None
[2024-10-06T04:35:55.579+0000] {processor.py:208} INFO - Processing /home/airflow/.local/lib/python3.12/site-packages/airflow/example_dags/example_task_group.py took 0.067 seconds
[2024-10-06T04:36:25.708+0000] {processor.py:186} INFO - Started process (PID=1457) to work on /home/airflow/.local/lib/python3.12/site-packages/airflow/example_dags/example_task_group.py
[2024-10-06T04:36:25.709+0000] {processor.py:914} INFO - Processing file /home/airflow/.local/lib/python3.12/site-packages/airflow/example_dags/example_task_group.py for tasks to queue
[2024-10-06T04:36:25.710+0000] {logging_mixin.py:190} INFO - [2024-10-06T04:36:25.710+0000] {dagbag.py:588} INFO - Filling up the DagBag from /home/airflow/.local/lib/python3.12/site-packages/airflow/example_dags/example_task_group.py
[2024-10-06T04:36:25.717+0000] {processor.py:925} INFO - DAG(s) 'example_task_group' retrieved from /home/airflow/.local/lib/python3.12/site-packages/airflow/example_dags/example_task_group.py
[2024-10-06T04:36:25.734+0000] {logging_mixin.py:190} INFO - [2024-10-06T04:36:25.734+0000] {dag.py:3239} INFO - Sync 1 DAGs
[2024-10-06T04:36:25.747+0000] {logging_mixin.py:190} INFO - [2024-10-06T04:36:25.747+0000] {dag.py:4180} INFO - Setting next_dagrun for example_task_group to None, run_after=None
[2024-10-06T04:36:25.769+0000] {processor.py:208} INFO - Processing /home/airflow/.local/lib/python3.12/site-packages/airflow/example_dags/example_task_group.py took 0.066 seconds
[2024-10-06T04:36:55.939+0000] {processor.py:186} INFO - Started process (PID=1522) to work on /home/airflow/.local/lib/python3.12/site-packages/airflow/example_dags/example_task_group.py
[2024-10-06T04:36:55.940+0000] {processor.py:914} INFO - Processing file /home/airflow/.local/lib/python3.12/site-packages/airflow/example_dags/example_task_group.py for tasks to queue
[2024-10-06T04:36:55.942+0000] {logging_mixin.py:190} INFO - [2024-10-06T04:36:55.941+0000] {dagbag.py:588} INFO - Filling up the DagBag from /home/airflow/.local/lib/python3.12/site-packages/airflow/example_dags/example_task_group.py
[2024-10-06T04:36:55.950+0000] {processor.py:925} INFO - DAG(s) 'example_task_group' retrieved from /home/airflow/.local/lib/python3.12/site-packages/airflow/example_dags/example_task_group.py
[2024-10-06T04:36:55.970+0000] {logging_mixin.py:190} INFO - [2024-10-06T04:36:55.970+0000] {dag.py:3239} INFO - Sync 1 DAGs
[2024-10-06T04:36:55.987+0000] {logging_mixin.py:190} INFO - [2024-10-06T04:36:55.986+0000] {dag.py:4180} INFO - Setting next_dagrun for example_task_group to None, run_after=None
[2024-10-06T04:36:56.020+0000] {processor.py:208} INFO - Processing /home/airflow/.local/lib/python3.12/site-packages/airflow/example_dags/example_task_group.py took 0.086 seconds
[2024-10-06T04:37:26.422+0000] {processor.py:186} INFO - Started process (PID=1585) to work on /home/airflow/.local/lib/python3.12/site-packages/airflow/example_dags/example_task_group.py
[2024-10-06T04:37:26.422+0000] {processor.py:914} INFO - Processing file /home/airflow/.local/lib/python3.12/site-packages/airflow/example_dags/example_task_group.py for tasks to queue
[2024-10-06T04:37:26.425+0000] {logging_mixin.py:190} INFO - [2024-10-06T04:37:26.424+0000] {dagbag.py:588} INFO - Filling up the DagBag from /home/airflow/.local/lib/python3.12/site-packages/airflow/example_dags/example_task_group.py
[2024-10-06T04:37:26.436+0000] {processor.py:925} INFO - DAG(s) 'example_task_group' retrieved from /home/airflow/.local/lib/python3.12/site-packages/airflow/example_dags/example_task_group.py
[2024-10-06T04:37:26.459+0000] {logging_mixin.py:190} INFO - [2024-10-06T04:37:26.459+0000] {dag.py:3239} INFO - Sync 1 DAGs
[2024-10-06T04:37:26.474+0000] {logging_mixin.py:190} INFO - [2024-10-06T04:37:26.473+0000] {dag.py:4180} INFO - Setting next_dagrun for example_task_group to None, run_after=None
[2024-10-06T04:37:26.492+0000] {processor.py:208} INFO - Processing /home/airflow/.local/lib/python3.12/site-packages/airflow/example_dags/example_task_group.py took 0.077 seconds
[2024-10-06T04:37:56.730+0000] {processor.py:186} INFO - Started process (PID=1648) to work on /home/airflow/.local/lib/python3.12/site-packages/airflow/example_dags/example_task_group.py
[2024-10-06T04:37:56.730+0000] {processor.py:914} INFO - Processing file /home/airflow/.local/lib/python3.12/site-packages/airflow/example_dags/example_task_group.py for tasks to queue
[2024-10-06T04:37:56.732+0000] {logging_mixin.py:190} INFO - [2024-10-06T04:37:56.732+0000] {dagbag.py:588} INFO - Filling up the DagBag from /home/airflow/.local/lib/python3.12/site-packages/airflow/example_dags/example_task_group.py
[2024-10-06T04:37:56.740+0000] {processor.py:925} INFO - DAG(s) 'example_task_group' retrieved from /home/airflow/.local/lib/python3.12/site-packages/airflow/example_dags/example_task_group.py
[2024-10-06T04:37:56.761+0000] {logging_mixin.py:190} INFO - [2024-10-06T04:37:56.760+0000] {dag.py:3239} INFO - Sync 1 DAGs
[2024-10-06T04:37:56.775+0000] {logging_mixin.py:190} INFO - [2024-10-06T04:37:56.775+0000] {dag.py:4180} INFO - Setting next_dagrun for example_task_group to None, run_after=None
[2024-10-06T04:37:56.802+0000] {processor.py:208} INFO - Processing /home/airflow/.local/lib/python3.12/site-packages/airflow/example_dags/example_task_group.py took 0.078 seconds
[2024-10-06T04:38:27.246+0000] {processor.py:186} INFO - Started process (PID=1711) to work on /home/airflow/.local/lib/python3.12/site-packages/airflow/example_dags/example_task_group.py
[2024-10-06T04:38:27.246+0000] {processor.py:914} INFO - Processing file /home/airflow/.local/lib/python3.12/site-packages/airflow/example_dags/example_task_group.py for tasks to queue
[2024-10-06T04:38:27.247+0000] {logging_mixin.py:190} INFO - [2024-10-06T04:38:27.247+0000] {dagbag.py:588} INFO - Filling up the DagBag from /home/airflow/.local/lib/python3.12/site-packages/airflow/example_dags/example_task_group.py
[2024-10-06T04:38:27.254+0000] {processor.py:925} INFO - DAG(s) 'example_task_group' retrieved from /home/airflow/.local/lib/python3.12/site-packages/airflow/example_dags/example_task_group.py
[2024-10-06T04:38:27.271+0000] {logging_mixin.py:190} INFO - [2024-10-06T04:38:27.271+0000] {dag.py:3239} INFO - Sync 1 DAGs
[2024-10-06T04:38:27.283+0000] {logging_mixin.py:190} INFO - [2024-10-06T04:38:27.283+0000] {dag.py:4180} INFO - Setting next_dagrun for example_task_group to None, run_after=None
[2024-10-06T04:38:27.303+0000] {processor.py:208} INFO - Processing /home/airflow/.local/lib/python3.12/site-packages/airflow/example_dags/example_task_group.py took 0.062 seconds
[2024-10-06T04:38:57.547+0000] {processor.py:186} INFO - Started process (PID=1774) to work on /home/airflow/.local/lib/python3.12/site-packages/airflow/example_dags/example_task_group.py
[2024-10-06T04:38:57.553+0000] {processor.py:914} INFO - Processing file /home/airflow/.local/lib/python3.12/site-packages/airflow/example_dags/example_task_group.py for tasks to queue
[2024-10-06T04:38:57.554+0000] {logging_mixin.py:190} INFO - [2024-10-06T04:38:57.554+0000] {dagbag.py:588} INFO - Filling up the DagBag from /home/airflow/.local/lib/python3.12/site-packages/airflow/example_dags/example_task_group.py
[2024-10-06T04:38:57.564+0000] {processor.py:925} INFO - DAG(s) 'example_task_group' retrieved from /home/airflow/.local/lib/python3.12/site-packages/airflow/example_dags/example_task_group.py
[2024-10-06T04:38:57.589+0000] {logging_mixin.py:190} INFO - [2024-10-06T04:38:57.589+0000] {dag.py:3239} INFO - Sync 1 DAGs
[2024-10-06T04:38:57.606+0000] {logging_mixin.py:190} INFO - [2024-10-06T04:38:57.606+0000] {dag.py:4180} INFO - Setting next_dagrun for example_task_group to None, run_after=None
[2024-10-06T04:38:57.625+0000] {processor.py:208} INFO - Processing /home/airflow/.local/lib/python3.12/site-packages/airflow/example_dags/example_task_group.py took 0.084 seconds
[2024-10-06T04:39:28.542+0000] {processor.py:186} INFO - Started process (PID=1837) to work on /home/airflow/.local/lib/python3.12/site-packages/airflow/example_dags/example_task_group.py
[2024-10-06T04:39:28.542+0000] {processor.py:914} INFO - Processing file /home/airflow/.local/lib/python3.12/site-packages/airflow/example_dags/example_task_group.py for tasks to queue
[2024-10-06T04:39:28.543+0000] {logging_mixin.py:190} INFO - [2024-10-06T04:39:28.543+0000] {dagbag.py:588} INFO - Filling up the DagBag from /home/airflow/.local/lib/python3.12/site-packages/airflow/example_dags/example_task_group.py
[2024-10-06T04:39:28.550+0000] {processor.py:925} INFO - DAG(s) 'example_task_group' retrieved from /home/airflow/.local/lib/python3.12/site-packages/airflow/example_dags/example_task_group.py
[2024-10-06T04:39:28.567+0000] {logging_mixin.py:190} INFO - [2024-10-06T04:39:28.567+0000] {dag.py:3239} INFO - Sync 1 DAGs
[2024-10-06T04:39:28.580+0000] {logging_mixin.py:190} INFO - [2024-10-06T04:39:28.579+0000] {dag.py:4180} INFO - Setting next_dagrun for example_task_group to None, run_after=None
[2024-10-06T04:39:28.598+0000] {processor.py:208} INFO - Processing /home/airflow/.local/lib/python3.12/site-packages/airflow/example_dags/example_task_group.py took 0.061 seconds
[2024-10-06T04:39:58.726+0000] {processor.py:186} INFO - Started process (PID=1900) to work on /home/airflow/.local/lib/python3.12/site-packages/airflow/example_dags/example_task_group.py
[2024-10-06T04:39:58.726+0000] {processor.py:914} INFO - Processing file /home/airflow/.local/lib/python3.12/site-packages/airflow/example_dags/example_task_group.py for tasks to queue
[2024-10-06T04:39:58.727+0000] {logging_mixin.py:190} INFO - [2024-10-06T04:39:58.727+0000] {dagbag.py:588} INFO - Filling up the DagBag from /home/airflow/.local/lib/python3.12/site-packages/airflow/example_dags/example_task_group.py
[2024-10-06T04:39:58.734+0000] {processor.py:925} INFO - DAG(s) 'example_task_group' retrieved from /home/airflow/.local/lib/python3.12/site-packages/airflow/example_dags/example_task_group.py
[2024-10-06T04:39:58.752+0000] {logging_mixin.py:190} INFO - [2024-10-06T04:39:58.752+0000] {dag.py:3239} INFO - Sync 1 DAGs
[2024-10-06T04:39:58.764+0000] {logging_mixin.py:190} INFO - [2024-10-06T04:39:58.764+0000] {dag.py:4180} INFO - Setting next_dagrun for example_task_group to None, run_after=None
[2024-10-06T04:39:58.783+0000] {processor.py:208} INFO - Processing /home/airflow/.local/lib/python3.12/site-packages/airflow/example_dags/example_task_group.py took 0.062 seconds
[2024-10-06T04:40:29.001+0000] {processor.py:186} INFO - Started process (PID=1963) to work on /home/airflow/.local/lib/python3.12/site-packages/airflow/example_dags/example_task_group.py
[2024-10-06T04:40:29.001+0000] {processor.py:914} INFO - Processing file /home/airflow/.local/lib/python3.12/site-packages/airflow/example_dags/example_task_group.py for tasks to queue
[2024-10-06T04:40:29.002+0000] {logging_mixin.py:190} INFO - [2024-10-06T04:40:29.002+0000] {dagbag.py:588} INFO - Filling up the DagBag from /home/airflow/.local/lib/python3.12/site-packages/airflow/example_dags/example_task_group.py
[2024-10-06T04:40:29.009+0000] {processor.py:925} INFO - DAG(s) 'example_task_group' retrieved from /home/airflow/.local/lib/python3.12/site-packages/airflow/example_dags/example_task_group.py
[2024-10-06T04:40:29.025+0000] {logging_mixin.py:190} INFO - [2024-10-06T04:40:29.025+0000] {dag.py:3239} INFO - Sync 1 DAGs
[2024-10-06T04:40:29.037+0000] {logging_mixin.py:190} INFO - [2024-10-06T04:40:29.037+0000] {dag.py:4180} INFO - Setting next_dagrun for example_task_group to None, run_after=None
[2024-10-06T04:40:29.053+0000] {processor.py:208} INFO - Processing /home/airflow/.local/lib/python3.12/site-packages/airflow/example_dags/example_task_group.py took 0.057 seconds
[2024-10-06T04:40:59.616+0000] {processor.py:186} INFO - Started process (PID=2026) to work on /home/airflow/.local/lib/python3.12/site-packages/airflow/example_dags/example_task_group.py
[2024-10-06T04:40:59.617+0000] {processor.py:914} INFO - Processing file /home/airflow/.local/lib/python3.12/site-packages/airflow/example_dags/example_task_group.py for tasks to queue
[2024-10-06T04:40:59.618+0000] {logging_mixin.py:190} INFO - [2024-10-06T04:40:59.618+0000] {dagbag.py:588} INFO - Filling up the DagBag from /home/airflow/.local/lib/python3.12/site-packages/airflow/example_dags/example_task_group.py
[2024-10-06T04:40:59.626+0000] {processor.py:925} INFO - DAG(s) 'example_task_group' retrieved from /home/airflow/.local/lib/python3.12/site-packages/airflow/example_dags/example_task_group.py
[2024-10-06T04:40:59.649+0000] {logging_mixin.py:190} INFO - [2024-10-06T04:40:59.649+0000] {dag.py:3239} INFO - Sync 1 DAGs
[2024-10-06T04:40:59.665+0000] {logging_mixin.py:190} INFO - [2024-10-06T04:40:59.664+0000] {dag.py:4180} INFO - Setting next_dagrun for example_task_group to None, run_after=None
[2024-10-06T04:40:59.689+0000] {processor.py:208} INFO - Processing /home/airflow/.local/lib/python3.12/site-packages/airflow/example_dags/example_task_group.py took 0.078 seconds
[2024-10-06T04:41:30.313+0000] {processor.py:186} INFO - Started process (PID=2089) to work on /home/airflow/.local/lib/python3.12/site-packages/airflow/example_dags/example_task_group.py
[2024-10-06T04:41:30.314+0000] {processor.py:914} INFO - Processing file /home/airflow/.local/lib/python3.12/site-packages/airflow/example_dags/example_task_group.py for tasks to queue
[2024-10-06T04:41:30.315+0000] {logging_mixin.py:190} INFO - [2024-10-06T04:41:30.315+0000] {dagbag.py:588} INFO - Filling up the DagBag from /home/airflow/.local/lib/python3.12/site-packages/airflow/example_dags/example_task_group.py
[2024-10-06T04:41:30.325+0000] {processor.py:925} INFO - DAG(s) 'example_task_group' retrieved from /home/airflow/.local/lib/python3.12/site-packages/airflow/example_dags/example_task_group.py
[2024-10-06T04:41:30.349+0000] {logging_mixin.py:190} INFO - [2024-10-06T04:41:30.348+0000] {dag.py:3239} INFO - Sync 1 DAGs
[2024-10-06T04:41:30.367+0000] {logging_mixin.py:190} INFO - [2024-10-06T04:41:30.366+0000] {dag.py:4180} INFO - Setting next_dagrun for example_task_group to None, run_after=None
[2024-10-06T04:41:30.408+0000] {processor.py:208} INFO - Processing /home/airflow/.local/lib/python3.12/site-packages/airflow/example_dags/example_task_group.py took 0.101 seconds
[2024-10-06T04:42:01.051+0000] {processor.py:186} INFO - Started process (PID=2153) to work on /home/airflow/.local/lib/python3.12/site-packages/airflow/example_dags/example_task_group.py
[2024-10-06T04:42:01.051+0000] {processor.py:914} INFO - Processing file /home/airflow/.local/lib/python3.12/site-packages/airflow/example_dags/example_task_group.py for tasks to queue
[2024-10-06T04:42:01.052+0000] {logging_mixin.py:190} INFO - [2024-10-06T04:42:01.052+0000] {dagbag.py:588} INFO - Filling up the DagBag from /home/airflow/.local/lib/python3.12/site-packages/airflow/example_dags/example_task_group.py
[2024-10-06T04:42:01.059+0000] {processor.py:925} INFO - DAG(s) 'example_task_group' retrieved from /home/airflow/.local/lib/python3.12/site-packages/airflow/example_dags/example_task_group.py
[2024-10-06T04:42:01.078+0000] {logging_mixin.py:190} INFO - [2024-10-06T04:42:01.078+0000] {dag.py:3239} INFO - Sync 1 DAGs
[2024-10-06T04:42:01.093+0000] {logging_mixin.py:190} INFO - [2024-10-06T04:42:01.093+0000] {dag.py:4180} INFO - Setting next_dagrun for example_task_group to None, run_after=None
[2024-10-06T04:42:01.112+0000] {processor.py:208} INFO - Processing /home/airflow/.local/lib/python3.12/site-packages/airflow/example_dags/example_task_group.py took 0.065 seconds
[2024-10-06T04:42:31.913+0000] {processor.py:186} INFO - Started process (PID=2216) to work on /home/airflow/.local/lib/python3.12/site-packages/airflow/example_dags/example_task_group.py
[2024-10-06T04:42:31.914+0000] {processor.py:914} INFO - Processing file /home/airflow/.local/lib/python3.12/site-packages/airflow/example_dags/example_task_group.py for tasks to queue
[2024-10-06T04:42:31.915+0000] {logging_mixin.py:190} INFO - [2024-10-06T04:42:31.915+0000] {dagbag.py:588} INFO - Filling up the DagBag from /home/airflow/.local/lib/python3.12/site-packages/airflow/example_dags/example_task_group.py
[2024-10-06T04:42:31.921+0000] {processor.py:925} INFO - DAG(s) 'example_task_group' retrieved from /home/airflow/.local/lib/python3.12/site-packages/airflow/example_dags/example_task_group.py
[2024-10-06T04:42:31.941+0000] {logging_mixin.py:190} INFO - [2024-10-06T04:42:31.941+0000] {dag.py:3239} INFO - Sync 1 DAGs
[2024-10-06T04:42:31.955+0000] {logging_mixin.py:190} INFO - [2024-10-06T04:42:31.955+0000] {dag.py:4180} INFO - Setting next_dagrun for example_task_group to None, run_after=None
[2024-10-06T04:42:31.974+0000] {processor.py:208} INFO - Processing /home/airflow/.local/lib/python3.12/site-packages/airflow/example_dags/example_task_group.py took 0.065 seconds
[2024-10-06T04:43:02.653+0000] {processor.py:186} INFO - Started process (PID=2279) to work on /home/airflow/.local/lib/python3.12/site-packages/airflow/example_dags/example_task_group.py
[2024-10-06T04:43:02.653+0000] {processor.py:914} INFO - Processing file /home/airflow/.local/lib/python3.12/site-packages/airflow/example_dags/example_task_group.py for tasks to queue
[2024-10-06T04:43:02.654+0000] {logging_mixin.py:190} INFO - [2024-10-06T04:43:02.654+0000] {dagbag.py:588} INFO - Filling up the DagBag from /home/airflow/.local/lib/python3.12/site-packages/airflow/example_dags/example_task_group.py
[2024-10-06T04:43:02.663+0000] {processor.py:925} INFO - DAG(s) 'example_task_group' retrieved from /home/airflow/.local/lib/python3.12/site-packages/airflow/example_dags/example_task_group.py
[2024-10-06T04:43:02.685+0000] {logging_mixin.py:190} INFO - [2024-10-06T04:43:02.685+0000] {dag.py:3239} INFO - Sync 1 DAGs
[2024-10-06T04:43:02.697+0000] {logging_mixin.py:190} INFO - [2024-10-06T04:43:02.697+0000] {dag.py:4180} INFO - Setting next_dagrun for example_task_group to None, run_after=None
[2024-10-06T04:43:02.714+0000] {processor.py:208} INFO - Processing /home/airflow/.local/lib/python3.12/site-packages/airflow/example_dags/example_task_group.py took 0.068 seconds
[2024-10-06T04:43:33.596+0000] {processor.py:186} INFO - Started process (PID=2342) to work on /home/airflow/.local/lib/python3.12/site-packages/airflow/example_dags/example_task_group.py
[2024-10-06T04:43:33.597+0000] {processor.py:914} INFO - Processing file /home/airflow/.local/lib/python3.12/site-packages/airflow/example_dags/example_task_group.py for tasks to queue
[2024-10-06T04:43:33.598+0000] {logging_mixin.py:190} INFO - [2024-10-06T04:43:33.598+0000] {dagbag.py:588} INFO - Filling up the DagBag from /home/airflow/.local/lib/python3.12/site-packages/airflow/example_dags/example_task_group.py
[2024-10-06T04:43:33.605+0000] {processor.py:925} INFO - DAG(s) 'example_task_group' retrieved from /home/airflow/.local/lib/python3.12/site-packages/airflow/example_dags/example_task_group.py
[2024-10-06T04:43:33.629+0000] {logging_mixin.py:190} INFO - [2024-10-06T04:43:33.629+0000] {dag.py:3239} INFO - Sync 1 DAGs
[2024-10-06T04:43:33.645+0000] {logging_mixin.py:190} INFO - [2024-10-06T04:43:33.645+0000] {dag.py:4180} INFO - Setting next_dagrun for example_task_group to None, run_after=None
[2024-10-06T04:43:33.666+0000] {processor.py:208} INFO - Processing /home/airflow/.local/lib/python3.12/site-packages/airflow/example_dags/example_task_group.py took 0.074 seconds
[2024-10-06T04:44:03.938+0000] {processor.py:186} INFO - Started process (PID=2406) to work on /home/airflow/.local/lib/python3.12/site-packages/airflow/example_dags/example_task_group.py
[2024-10-06T04:44:03.938+0000] {processor.py:914} INFO - Processing file /home/airflow/.local/lib/python3.12/site-packages/airflow/example_dags/example_task_group.py for tasks to queue
[2024-10-06T04:44:03.939+0000] {logging_mixin.py:190} INFO - [2024-10-06T04:44:03.939+0000] {dagbag.py:588} INFO - Filling up the DagBag from /home/airflow/.local/lib/python3.12/site-packages/airflow/example_dags/example_task_group.py
[2024-10-06T04:44:03.946+0000] {processor.py:925} INFO - DAG(s) 'example_task_group' retrieved from /home/airflow/.local/lib/python3.12/site-packages/airflow/example_dags/example_task_group.py
[2024-10-06T04:44:03.965+0000] {logging_mixin.py:190} INFO - [2024-10-06T04:44:03.965+0000] {dag.py:3239} INFO - Sync 1 DAGs
[2024-10-06T04:44:03.978+0000] {logging_mixin.py:190} INFO - [2024-10-06T04:44:03.978+0000] {dag.py:4180} INFO - Setting next_dagrun for example_task_group to None, run_after=None
[2024-10-06T04:44:04.005+0000] {processor.py:208} INFO - Processing /home/airflow/.local/lib/python3.12/site-packages/airflow/example_dags/example_task_group.py took 0.072 seconds
[2024-10-06T04:44:34.797+0000] {processor.py:186} INFO - Started process (PID=2470) to work on /home/airflow/.local/lib/python3.12/site-packages/airflow/example_dags/example_task_group.py
[2024-10-06T04:44:34.798+0000] {processor.py:914} INFO - Processing file /home/airflow/.local/lib/python3.12/site-packages/airflow/example_dags/example_task_group.py for tasks to queue
[2024-10-06T04:44:34.798+0000] {logging_mixin.py:190} INFO - [2024-10-06T04:44:34.798+0000] {dagbag.py:588} INFO - Filling up the DagBag from /home/airflow/.local/lib/python3.12/site-packages/airflow/example_dags/example_task_group.py
[2024-10-06T04:44:34.805+0000] {processor.py:925} INFO - DAG(s) 'example_task_group' retrieved from /home/airflow/.local/lib/python3.12/site-packages/airflow/example_dags/example_task_group.py
[2024-10-06T04:44:34.822+0000] {logging_mixin.py:190} INFO - [2024-10-06T04:44:34.822+0000] {dag.py:3239} INFO - Sync 1 DAGs
[2024-10-06T04:44:34.833+0000] {logging_mixin.py:190} INFO - [2024-10-06T04:44:34.833+0000] {dag.py:4180} INFO - Setting next_dagrun for example_task_group to None, run_after=None
[2024-10-06T04:44:34.855+0000] {processor.py:208} INFO - Processing /home/airflow/.local/lib/python3.12/site-packages/airflow/example_dags/example_task_group.py took 0.063 seconds
[2024-10-06T04:45:05.286+0000] {processor.py:186} INFO - Started process (PID=2533) to work on /home/airflow/.local/lib/python3.12/site-packages/airflow/example_dags/example_task_group.py
[2024-10-06T04:45:05.286+0000] {processor.py:914} INFO - Processing file /home/airflow/.local/lib/python3.12/site-packages/airflow/example_dags/example_task_group.py for tasks to queue
[2024-10-06T04:45:05.287+0000] {logging_mixin.py:190} INFO - [2024-10-06T04:45:05.287+0000] {dagbag.py:588} INFO - Filling up the DagBag from /home/airflow/.local/lib/python3.12/site-packages/airflow/example_dags/example_task_group.py
[2024-10-06T04:45:05.294+0000] {processor.py:925} INFO - DAG(s) 'example_task_group' retrieved from /home/airflow/.local/lib/python3.12/site-packages/airflow/example_dags/example_task_group.py
[2024-10-06T04:45:05.312+0000] {logging_mixin.py:190} INFO - [2024-10-06T04:45:05.312+0000] {dag.py:3239} INFO - Sync 1 DAGs
[2024-10-06T04:45:05.323+0000] {logging_mixin.py:190} INFO - [2024-10-06T04:45:05.323+0000] {dag.py:4180} INFO - Setting next_dagrun for example_task_group to None, run_after=None
[2024-10-06T04:45:05.348+0000] {processor.py:208} INFO - Processing /home/airflow/.local/lib/python3.12/site-packages/airflow/example_dags/example_task_group.py took 0.068 seconds
[2024-10-06T04:45:36.032+0000] {processor.py:186} INFO - Started process (PID=2596) to work on /home/airflow/.local/lib/python3.12/site-packages/airflow/example_dags/example_task_group.py
[2024-10-06T04:45:36.032+0000] {processor.py:914} INFO - Processing file /home/airflow/.local/lib/python3.12/site-packages/airflow/example_dags/example_task_group.py for tasks to queue
[2024-10-06T04:45:36.033+0000] {logging_mixin.py:190} INFO - [2024-10-06T04:45:36.033+0000] {dagbag.py:588} INFO - Filling up the DagBag from /home/airflow/.local/lib/python3.12/site-packages/airflow/example_dags/example_task_group.py
[2024-10-06T04:45:36.040+0000] {processor.py:925} INFO - DAG(s) 'example_task_group' retrieved from /home/airflow/.local/lib/python3.12/site-packages/airflow/example_dags/example_task_group.py
[2024-10-06T04:45:36.058+0000] {logging_mixin.py:190} INFO - [2024-10-06T04:45:36.058+0000] {dag.py:3239} INFO - Sync 1 DAGs
[2024-10-06T04:45:36.072+0000] {logging_mixin.py:190} INFO - [2024-10-06T04:45:36.072+0000] {dag.py:4180} INFO - Setting next_dagrun for example_task_group to None, run_after=None
[2024-10-06T04:45:36.091+0000] {processor.py:208} INFO - Processing /home/airflow/.local/lib/python3.12/site-packages/airflow/example_dags/example_task_group.py took 0.064 seconds
[2024-10-06T04:46:06.711+0000] {processor.py:186} INFO - Started process (PID=2659) to work on /home/airflow/.local/lib/python3.12/site-packages/airflow/example_dags/example_task_group.py
[2024-10-06T04:46:06.712+0000] {processor.py:914} INFO - Processing file /home/airflow/.local/lib/python3.12/site-packages/airflow/example_dags/example_task_group.py for tasks to queue
[2024-10-06T04:46:06.713+0000] {logging_mixin.py:190} INFO - [2024-10-06T04:46:06.712+0000] {dagbag.py:588} INFO - Filling up the DagBag from /home/airflow/.local/lib/python3.12/site-packages/airflow/example_dags/example_task_group.py
[2024-10-06T04:46:06.720+0000] {processor.py:925} INFO - DAG(s) 'example_task_group' retrieved from /home/airflow/.local/lib/python3.12/site-packages/airflow/example_dags/example_task_group.py
[2024-10-06T04:46:06.740+0000] {logging_mixin.py:190} INFO - [2024-10-06T04:46:06.740+0000] {dag.py:3239} INFO - Sync 1 DAGs
[2024-10-06T04:46:06.757+0000] {logging_mixin.py:190} INFO - [2024-10-06T04:46:06.757+0000] {dag.py:4180} INFO - Setting next_dagrun for example_task_group to None, run_after=None
[2024-10-06T04:46:06.779+0000] {processor.py:208} INFO - Processing /home/airflow/.local/lib/python3.12/site-packages/airflow/example_dags/example_task_group.py took 0.072 seconds
[2024-10-06T04:46:37.366+0000] {processor.py:186} INFO - Started process (PID=2722) to work on /home/airflow/.local/lib/python3.12/site-packages/airflow/example_dags/example_task_group.py
[2024-10-06T04:46:37.367+0000] {processor.py:914} INFO - Processing file /home/airflow/.local/lib/python3.12/site-packages/airflow/example_dags/example_task_group.py for tasks to queue
[2024-10-06T04:46:37.368+0000] {logging_mixin.py:190} INFO - [2024-10-06T04:46:37.368+0000] {dagbag.py:588} INFO - Filling up the DagBag from /home/airflow/.local/lib/python3.12/site-packages/airflow/example_dags/example_task_group.py
[2024-10-06T04:46:37.374+0000] {processor.py:925} INFO - DAG(s) 'example_task_group' retrieved from /home/airflow/.local/lib/python3.12/site-packages/airflow/example_dags/example_task_group.py
[2024-10-06T04:46:37.395+0000] {logging_mixin.py:190} INFO - [2024-10-06T04:46:37.395+0000] {dag.py:3239} INFO - Sync 1 DAGs
[2024-10-06T04:46:37.410+0000] {logging_mixin.py:190} INFO - [2024-10-06T04:46:37.410+0000] {dag.py:4180} INFO - Setting next_dagrun for example_task_group to None, run_after=None
[2024-10-06T04:46:37.430+0000] {processor.py:208} INFO - Processing /home/airflow/.local/lib/python3.12/site-packages/airflow/example_dags/example_task_group.py took 0.068 seconds
[2024-10-06T04:47:07.862+0000] {processor.py:186} INFO - Started process (PID=2785) to work on /home/airflow/.local/lib/python3.12/site-packages/airflow/example_dags/example_task_group.py
[2024-10-06T04:47:07.862+0000] {processor.py:914} INFO - Processing file /home/airflow/.local/lib/python3.12/site-packages/airflow/example_dags/example_task_group.py for tasks to queue
[2024-10-06T04:47:07.863+0000] {logging_mixin.py:190} INFO - [2024-10-06T04:47:07.863+0000] {dagbag.py:588} INFO - Filling up the DagBag from /home/airflow/.local/lib/python3.12/site-packages/airflow/example_dags/example_task_group.py
[2024-10-06T04:47:07.870+0000] {processor.py:925} INFO - DAG(s) 'example_task_group' retrieved from /home/airflow/.local/lib/python3.12/site-packages/airflow/example_dags/example_task_group.py
[2024-10-06T04:47:07.886+0000] {logging_mixin.py:190} INFO - [2024-10-06T04:47:07.886+0000] {dag.py:3239} INFO - Sync 1 DAGs
[2024-10-06T04:47:07.898+0000] {logging_mixin.py:190} INFO - [2024-10-06T04:47:07.898+0000] {dag.py:4180} INFO - Setting next_dagrun for example_task_group to None, run_after=None
[2024-10-06T04:47:07.917+0000] {processor.py:208} INFO - Processing /home/airflow/.local/lib/python3.12/site-packages/airflow/example_dags/example_task_group.py took 0.060 seconds
[2024-10-06T04:47:38.627+0000] {processor.py:186} INFO - Started process (PID=2848) to work on /home/airflow/.local/lib/python3.12/site-packages/airflow/example_dags/example_task_group.py
[2024-10-06T04:47:38.628+0000] {processor.py:914} INFO - Processing file /home/airflow/.local/lib/python3.12/site-packages/airflow/example_dags/example_task_group.py for tasks to queue
[2024-10-06T04:47:38.628+0000] {logging_mixin.py:190} INFO - [2024-10-06T04:47:38.628+0000] {dagbag.py:588} INFO - Filling up the DagBag from /home/airflow/.local/lib/python3.12/site-packages/airflow/example_dags/example_task_group.py
[2024-10-06T04:47:38.637+0000] {processor.py:925} INFO - DAG(s) 'example_task_group' retrieved from /home/airflow/.local/lib/python3.12/site-packages/airflow/example_dags/example_task_group.py
[2024-10-06T04:47:38.665+0000] {logging_mixin.py:190} INFO - [2024-10-06T04:47:38.664+0000] {dag.py:3239} INFO - Sync 1 DAGs
[2024-10-06T04:47:38.681+0000] {logging_mixin.py:190} INFO - [2024-10-06T04:47:38.681+0000] {dag.py:4180} INFO - Setting next_dagrun for example_task_group to None, run_after=None
[2024-10-06T04:47:38.704+0000] {processor.py:208} INFO - Processing /home/airflow/.local/lib/python3.12/site-packages/airflow/example_dags/example_task_group.py took 0.082 seconds
[2024-10-06T04:48:09.686+0000] {processor.py:186} INFO - Started process (PID=2911) to work on /home/airflow/.local/lib/python3.12/site-packages/airflow/example_dags/example_task_group.py
[2024-10-06T04:48:09.687+0000] {processor.py:914} INFO - Processing file /home/airflow/.local/lib/python3.12/site-packages/airflow/example_dags/example_task_group.py for tasks to queue
[2024-10-06T04:48:09.688+0000] {logging_mixin.py:190} INFO - [2024-10-06T04:48:09.688+0000] {dagbag.py:588} INFO - Filling up the DagBag from /home/airflow/.local/lib/python3.12/site-packages/airflow/example_dags/example_task_group.py
[2024-10-06T04:48:09.695+0000] {processor.py:925} INFO - DAG(s) 'example_task_group' retrieved from /home/airflow/.local/lib/python3.12/site-packages/airflow/example_dags/example_task_group.py
[2024-10-06T04:48:09.712+0000] {logging_mixin.py:190} INFO - [2024-10-06T04:48:09.712+0000] {dag.py:3239} INFO - Sync 1 DAGs
[2024-10-06T04:48:09.726+0000] {logging_mixin.py:190} INFO - [2024-10-06T04:48:09.726+0000] {dag.py:4180} INFO - Setting next_dagrun for example_task_group to None, run_after=None
[2024-10-06T04:48:09.746+0000] {processor.py:208} INFO - Processing /home/airflow/.local/lib/python3.12/site-packages/airflow/example_dags/example_task_group.py took 0.064 seconds
[2024-10-06T04:48:40.070+0000] {processor.py:186} INFO - Started process (PID=2974) to work on /home/airflow/.local/lib/python3.12/site-packages/airflow/example_dags/example_task_group.py
[2024-10-06T04:48:40.070+0000] {processor.py:914} INFO - Processing file /home/airflow/.local/lib/python3.12/site-packages/airflow/example_dags/example_task_group.py for tasks to queue
[2024-10-06T04:48:40.071+0000] {logging_mixin.py:190} INFO - [2024-10-06T04:48:40.071+0000] {dagbag.py:588} INFO - Filling up the DagBag from /home/airflow/.local/lib/python3.12/site-packages/airflow/example_dags/example_task_group.py
[2024-10-06T04:48:40.078+0000] {processor.py:925} INFO - DAG(s) 'example_task_group' retrieved from /home/airflow/.local/lib/python3.12/site-packages/airflow/example_dags/example_task_group.py
[2024-10-06T04:48:40.094+0000] {logging_mixin.py:190} INFO - [2024-10-06T04:48:40.094+0000] {dag.py:3239} INFO - Sync 1 DAGs
[2024-10-06T04:48:40.109+0000] {logging_mixin.py:190} INFO - [2024-10-06T04:48:40.108+0000] {dag.py:4180} INFO - Setting next_dagrun for example_task_group to None, run_after=None
[2024-10-06T04:48:40.127+0000] {processor.py:208} INFO - Processing /home/airflow/.local/lib/python3.12/site-packages/airflow/example_dags/example_task_group.py took 0.062 seconds
[2024-10-06T04:49:10.633+0000] {processor.py:186} INFO - Started process (PID=3038) to work on /home/airflow/.local/lib/python3.12/site-packages/airflow/example_dags/example_task_group.py
[2024-10-06T04:49:10.634+0000] {processor.py:914} INFO - Processing file /home/airflow/.local/lib/python3.12/site-packages/airflow/example_dags/example_task_group.py for tasks to queue
[2024-10-06T04:49:10.635+0000] {logging_mixin.py:190} INFO - [2024-10-06T04:49:10.634+0000] {dagbag.py:588} INFO - Filling up the DagBag from /home/airflow/.local/lib/python3.12/site-packages/airflow/example_dags/example_task_group.py
[2024-10-06T04:49:10.644+0000] {processor.py:925} INFO - DAG(s) 'example_task_group' retrieved from /home/airflow/.local/lib/python3.12/site-packages/airflow/example_dags/example_task_group.py
[2024-10-06T04:49:10.666+0000] {logging_mixin.py:190} INFO - [2024-10-06T04:49:10.666+0000] {dag.py:3239} INFO - Sync 1 DAGs
[2024-10-06T04:49:10.679+0000] {logging_mixin.py:190} INFO - [2024-10-06T04:49:10.679+0000] {dag.py:4180} INFO - Setting next_dagrun for example_task_group to None, run_after=None
[2024-10-06T04:49:10.706+0000] {processor.py:208} INFO - Processing /home/airflow/.local/lib/python3.12/site-packages/airflow/example_dags/example_task_group.py took 0.079 seconds
[2024-10-06T04:49:40.925+0000] {processor.py:186} INFO - Started process (PID=3101) to work on /home/airflow/.local/lib/python3.12/site-packages/airflow/example_dags/example_task_group.py
[2024-10-06T04:49:40.926+0000] {processor.py:914} INFO - Processing file /home/airflow/.local/lib/python3.12/site-packages/airflow/example_dags/example_task_group.py for tasks to queue
[2024-10-06T04:49:40.927+0000] {logging_mixin.py:190} INFO - [2024-10-06T04:49:40.927+0000] {dagbag.py:588} INFO - Filling up the DagBag from /home/airflow/.local/lib/python3.12/site-packages/airflow/example_dags/example_task_group.py
[2024-10-06T04:49:40.937+0000] {processor.py:925} INFO - DAG(s) 'example_task_group' retrieved from /home/airflow/.local/lib/python3.12/site-packages/airflow/example_dags/example_task_group.py
[2024-10-06T04:49:40.955+0000] {logging_mixin.py:190} INFO - [2024-10-06T04:49:40.954+0000] {dag.py:3239} INFO - Sync 1 DAGs
[2024-10-06T04:49:40.966+0000] {logging_mixin.py:190} INFO - [2024-10-06T04:49:40.966+0000] {dag.py:4180} INFO - Setting next_dagrun for example_task_group to None, run_after=None
[2024-10-06T04:49:40.991+0000] {processor.py:208} INFO - Processing /home/airflow/.local/lib/python3.12/site-packages/airflow/example_dags/example_task_group.py took 0.072 seconds
[2024-10-06T04:50:11.440+0000] {processor.py:186} INFO - Started process (PID=3164) to work on /home/airflow/.local/lib/python3.12/site-packages/airflow/example_dags/example_task_group.py
[2024-10-06T04:50:11.441+0000] {processor.py:914} INFO - Processing file /home/airflow/.local/lib/python3.12/site-packages/airflow/example_dags/example_task_group.py for tasks to queue
[2024-10-06T04:50:11.442+0000] {logging_mixin.py:190} INFO - [2024-10-06T04:50:11.441+0000] {dagbag.py:588} INFO - Filling up the DagBag from /home/airflow/.local/lib/python3.12/site-packages/airflow/example_dags/example_task_group.py
[2024-10-06T04:50:11.449+0000] {processor.py:925} INFO - DAG(s) 'example_task_group' retrieved from /home/airflow/.local/lib/python3.12/site-packages/airflow/example_dags/example_task_group.py
[2024-10-06T04:50:11.466+0000] {logging_mixin.py:190} INFO - [2024-10-06T04:50:11.466+0000] {dag.py:3239} INFO - Sync 1 DAGs
[2024-10-06T04:50:11.478+0000] {logging_mixin.py:190} INFO - [2024-10-06T04:50:11.478+0000] {dag.py:4180} INFO - Setting next_dagrun for example_task_group to None, run_after=None
[2024-10-06T04:50:11.507+0000] {processor.py:208} INFO - Processing /home/airflow/.local/lib/python3.12/site-packages/airflow/example_dags/example_task_group.py took 0.072 seconds
[2024-10-06T04:50:41.703+0000] {processor.py:186} INFO - Started process (PID=3226) to work on /home/airflow/.local/lib/python3.12/site-packages/airflow/example_dags/example_task_group.py
[2024-10-06T04:50:41.703+0000] {processor.py:914} INFO - Processing file /home/airflow/.local/lib/python3.12/site-packages/airflow/example_dags/example_task_group.py for tasks to queue
[2024-10-06T04:50:41.704+0000] {logging_mixin.py:190} INFO - [2024-10-06T04:50:41.704+0000] {dagbag.py:588} INFO - Filling up the DagBag from /home/airflow/.local/lib/python3.12/site-packages/airflow/example_dags/example_task_group.py
[2024-10-06T04:50:41.711+0000] {processor.py:925} INFO - DAG(s) 'example_task_group' retrieved from /home/airflow/.local/lib/python3.12/site-packages/airflow/example_dags/example_task_group.py
[2024-10-06T04:50:41.728+0000] {logging_mixin.py:190} INFO - [2024-10-06T04:50:41.727+0000] {dag.py:3239} INFO - Sync 1 DAGs
[2024-10-06T04:50:41.739+0000] {logging_mixin.py:190} INFO - [2024-10-06T04:50:41.738+0000] {dag.py:4180} INFO - Setting next_dagrun for example_task_group to None, run_after=None
[2024-10-06T04:50:41.757+0000] {processor.py:208} INFO - Processing /home/airflow/.local/lib/python3.12/site-packages/airflow/example_dags/example_task_group.py took 0.058 seconds
[2024-10-06T04:51:12.400+0000] {processor.py:186} INFO - Started process (PID=3289) to work on /home/airflow/.local/lib/python3.12/site-packages/airflow/example_dags/example_task_group.py
[2024-10-06T04:51:12.400+0000] {processor.py:914} INFO - Processing file /home/airflow/.local/lib/python3.12/site-packages/airflow/example_dags/example_task_group.py for tasks to queue
[2024-10-06T04:51:12.401+0000] {logging_mixin.py:190} INFO - [2024-10-06T04:51:12.401+0000] {dagbag.py:588} INFO - Filling up the DagBag from /home/airflow/.local/lib/python3.12/site-packages/airflow/example_dags/example_task_group.py
[2024-10-06T04:51:12.408+0000] {processor.py:925} INFO - DAG(s) 'example_task_group' retrieved from /home/airflow/.local/lib/python3.12/site-packages/airflow/example_dags/example_task_group.py
[2024-10-06T04:51:12.427+0000] {logging_mixin.py:190} INFO - [2024-10-06T04:51:12.427+0000] {dag.py:3239} INFO - Sync 1 DAGs
[2024-10-06T04:51:12.443+0000] {logging_mixin.py:190} INFO - [2024-10-06T04:51:12.443+0000] {dag.py:4180} INFO - Setting next_dagrun for example_task_group to None, run_after=None
[2024-10-06T04:51:12.463+0000] {processor.py:208} INFO - Processing /home/airflow/.local/lib/python3.12/site-packages/airflow/example_dags/example_task_group.py took 0.067 seconds
[2024-10-06T04:51:42.605+0000] {processor.py:186} INFO - Started process (PID=3352) to work on /home/airflow/.local/lib/python3.12/site-packages/airflow/example_dags/example_task_group.py
[2024-10-06T04:51:42.606+0000] {processor.py:914} INFO - Processing file /home/airflow/.local/lib/python3.12/site-packages/airflow/example_dags/example_task_group.py for tasks to queue
[2024-10-06T04:51:42.607+0000] {logging_mixin.py:190} INFO - [2024-10-06T04:51:42.606+0000] {dagbag.py:588} INFO - Filling up the DagBag from /home/airflow/.local/lib/python3.12/site-packages/airflow/example_dags/example_task_group.py
[2024-10-06T04:51:42.615+0000] {processor.py:925} INFO - DAG(s) 'example_task_group' retrieved from /home/airflow/.local/lib/python3.12/site-packages/airflow/example_dags/example_task_group.py
[2024-10-06T04:51:42.631+0000] {logging_mixin.py:190} INFO - [2024-10-06T04:51:42.631+0000] {dag.py:3239} INFO - Sync 1 DAGs
[2024-10-06T04:51:42.644+0000] {logging_mixin.py:190} INFO - [2024-10-06T04:51:42.644+0000] {dag.py:4180} INFO - Setting next_dagrun for example_task_group to None, run_after=None
[2024-10-06T04:51:42.664+0000] {processor.py:208} INFO - Processing /home/airflow/.local/lib/python3.12/site-packages/airflow/example_dags/example_task_group.py took 0.063 seconds
[2024-10-06T04:52:12.897+0000] {processor.py:186} INFO - Started process (PID=3415) to work on /home/airflow/.local/lib/python3.12/site-packages/airflow/example_dags/example_task_group.py
[2024-10-06T04:52:12.898+0000] {processor.py:914} INFO - Processing file /home/airflow/.local/lib/python3.12/site-packages/airflow/example_dags/example_task_group.py for tasks to queue
[2024-10-06T04:52:12.900+0000] {logging_mixin.py:190} INFO - [2024-10-06T04:52:12.899+0000] {dagbag.py:588} INFO - Filling up the DagBag from /home/airflow/.local/lib/python3.12/site-packages/airflow/example_dags/example_task_group.py
[2024-10-06T04:52:12.910+0000] {processor.py:925} INFO - DAG(s) 'example_task_group' retrieved from /home/airflow/.local/lib/python3.12/site-packages/airflow/example_dags/example_task_group.py
[2024-10-06T04:52:12.932+0000] {logging_mixin.py:190} INFO - [2024-10-06T04:52:12.931+0000] {dag.py:3239} INFO - Sync 1 DAGs
[2024-10-06T04:52:12.946+0000] {logging_mixin.py:190} INFO - [2024-10-06T04:52:12.945+0000] {dag.py:4180} INFO - Setting next_dagrun for example_task_group to None, run_after=None
[2024-10-06T04:52:12.964+0000] {processor.py:208} INFO - Processing /home/airflow/.local/lib/python3.12/site-packages/airflow/example_dags/example_task_group.py took 0.076 seconds
[2024-10-06T04:52:43.248+0000] {processor.py:186} INFO - Started process (PID=3479) to work on /home/airflow/.local/lib/python3.12/site-packages/airflow/example_dags/example_task_group.py
[2024-10-06T04:52:43.249+0000] {processor.py:914} INFO - Processing file /home/airflow/.local/lib/python3.12/site-packages/airflow/example_dags/example_task_group.py for tasks to queue
[2024-10-06T04:52:43.250+0000] {logging_mixin.py:190} INFO - [2024-10-06T04:52:43.250+0000] {dagbag.py:588} INFO - Filling up the DagBag from /home/airflow/.local/lib/python3.12/site-packages/airflow/example_dags/example_task_group.py
[2024-10-06T04:52:43.257+0000] {processor.py:925} INFO - DAG(s) 'example_task_group' retrieved from /home/airflow/.local/lib/python3.12/site-packages/airflow/example_dags/example_task_group.py
[2024-10-06T04:52:43.274+0000] {logging_mixin.py:190} INFO - [2024-10-06T04:52:43.274+0000] {dag.py:3239} INFO - Sync 1 DAGs
[2024-10-06T04:52:43.286+0000] {logging_mixin.py:190} INFO - [2024-10-06T04:52:43.286+0000] {dag.py:4180} INFO - Setting next_dagrun for example_task_group to None, run_after=None
[2024-10-06T04:52:43.306+0000] {processor.py:208} INFO - Processing /home/airflow/.local/lib/python3.12/site-packages/airflow/example_dags/example_task_group.py took 0.062 seconds
[2024-10-06T04:53:13.586+0000] {processor.py:186} INFO - Started process (PID=3542) to work on /home/airflow/.local/lib/python3.12/site-packages/airflow/example_dags/example_task_group.py
[2024-10-06T04:53:13.587+0000] {processor.py:914} INFO - Processing file /home/airflow/.local/lib/python3.12/site-packages/airflow/example_dags/example_task_group.py for tasks to queue
[2024-10-06T04:53:13.588+0000] {logging_mixin.py:190} INFO - [2024-10-06T04:53:13.587+0000] {dagbag.py:588} INFO - Filling up the DagBag from /home/airflow/.local/lib/python3.12/site-packages/airflow/example_dags/example_task_group.py
[2024-10-06T04:53:13.595+0000] {processor.py:925} INFO - DAG(s) 'example_task_group' retrieved from /home/airflow/.local/lib/python3.12/site-packages/airflow/example_dags/example_task_group.py
[2024-10-06T04:53:13.613+0000] {logging_mixin.py:190} INFO - [2024-10-06T04:53:13.613+0000] {dag.py:3239} INFO - Sync 1 DAGs
[2024-10-06T04:53:13.625+0000] {logging_mixin.py:190} INFO - [2024-10-06T04:53:13.625+0000] {dag.py:4180} INFO - Setting next_dagrun for example_task_group to None, run_after=None
[2024-10-06T04:53:13.644+0000] {processor.py:208} INFO - Processing /home/airflow/.local/lib/python3.12/site-packages/airflow/example_dags/example_task_group.py took 0.063 seconds
[2024-10-06T04:53:43.863+0000] {processor.py:186} INFO - Started process (PID=3605) to work on /home/airflow/.local/lib/python3.12/site-packages/airflow/example_dags/example_task_group.py
[2024-10-06T04:53:43.864+0000] {processor.py:914} INFO - Processing file /home/airflow/.local/lib/python3.12/site-packages/airflow/example_dags/example_task_group.py for tasks to queue
[2024-10-06T04:53:43.865+0000] {logging_mixin.py:190} INFO - [2024-10-06T04:53:43.864+0000] {dagbag.py:588} INFO - Filling up the DagBag from /home/airflow/.local/lib/python3.12/site-packages/airflow/example_dags/example_task_group.py
[2024-10-06T04:53:43.872+0000] {processor.py:925} INFO - DAG(s) 'example_task_group' retrieved from /home/airflow/.local/lib/python3.12/site-packages/airflow/example_dags/example_task_group.py
[2024-10-06T04:53:43.891+0000] {logging_mixin.py:190} INFO - [2024-10-06T04:53:43.891+0000] {dag.py:3239} INFO - Sync 1 DAGs
[2024-10-06T04:53:43.905+0000] {logging_mixin.py:190} INFO - [2024-10-06T04:53:43.905+0000] {dag.py:4180} INFO - Setting next_dagrun for example_task_group to None, run_after=None
[2024-10-06T04:53:43.923+0000] {processor.py:208} INFO - Processing /home/airflow/.local/lib/python3.12/site-packages/airflow/example_dags/example_task_group.py took 0.067 seconds
[2024-10-06T04:54:14.082+0000] {processor.py:186} INFO - Started process (PID=3668) to work on /home/airflow/.local/lib/python3.12/site-packages/airflow/example_dags/example_task_group.py
[2024-10-06T04:54:14.082+0000] {processor.py:914} INFO - Processing file /home/airflow/.local/lib/python3.12/site-packages/airflow/example_dags/example_task_group.py for tasks to queue
[2024-10-06T04:54:14.083+0000] {logging_mixin.py:190} INFO - [2024-10-06T04:54:14.083+0000] {dagbag.py:588} INFO - Filling up the DagBag from /home/airflow/.local/lib/python3.12/site-packages/airflow/example_dags/example_task_group.py
[2024-10-06T04:54:14.090+0000] {processor.py:925} INFO - DAG(s) 'example_task_group' retrieved from /home/airflow/.local/lib/python3.12/site-packages/airflow/example_dags/example_task_group.py
[2024-10-06T04:54:14.107+0000] {logging_mixin.py:190} INFO - [2024-10-06T04:54:14.106+0000] {dag.py:3239} INFO - Sync 1 DAGs
[2024-10-06T04:54:14.118+0000] {logging_mixin.py:190} INFO - [2024-10-06T04:54:14.118+0000] {dag.py:4180} INFO - Setting next_dagrun for example_task_group to None, run_after=None
[2024-10-06T04:54:14.146+0000] {processor.py:208} INFO - Processing /home/airflow/.local/lib/python3.12/site-packages/airflow/example_dags/example_task_group.py took 0.069 seconds
[2024-10-06T04:54:44.390+0000] {processor.py:186} INFO - Started process (PID=3731) to work on /home/airflow/.local/lib/python3.12/site-packages/airflow/example_dags/example_task_group.py
[2024-10-06T04:54:44.390+0000] {processor.py:914} INFO - Processing file /home/airflow/.local/lib/python3.12/site-packages/airflow/example_dags/example_task_group.py for tasks to queue
[2024-10-06T04:54:44.391+0000] {logging_mixin.py:190} INFO - [2024-10-06T04:54:44.391+0000] {dagbag.py:588} INFO - Filling up the DagBag from /home/airflow/.local/lib/python3.12/site-packages/airflow/example_dags/example_task_group.py
[2024-10-06T04:54:44.398+0000] {processor.py:925} INFO - DAG(s) 'example_task_group' retrieved from /home/airflow/.local/lib/python3.12/site-packages/airflow/example_dags/example_task_group.py
[2024-10-06T04:54:44.418+0000] {logging_mixin.py:190} INFO - [2024-10-06T04:54:44.418+0000] {dag.py:3239} INFO - Sync 1 DAGs
[2024-10-06T04:54:44.431+0000] {logging_mixin.py:190} INFO - [2024-10-06T04:54:44.430+0000] {dag.py:4180} INFO - Setting next_dagrun for example_task_group to None, run_after=None
[2024-10-06T04:54:44.451+0000] {processor.py:208} INFO - Processing /home/airflow/.local/lib/python3.12/site-packages/airflow/example_dags/example_task_group.py took 0.066 seconds
[2024-10-06T04:55:14.741+0000] {processor.py:186} INFO - Started process (PID=3795) to work on /home/airflow/.local/lib/python3.12/site-packages/airflow/example_dags/example_task_group.py
[2024-10-06T04:55:14.742+0000] {processor.py:914} INFO - Processing file /home/airflow/.local/lib/python3.12/site-packages/airflow/example_dags/example_task_group.py for tasks to queue
[2024-10-06T04:55:14.743+0000] {logging_mixin.py:190} INFO - [2024-10-06T04:55:14.743+0000] {dagbag.py:588} INFO - Filling up the DagBag from /home/airflow/.local/lib/python3.12/site-packages/airflow/example_dags/example_task_group.py
[2024-10-06T04:55:14.749+0000] {processor.py:925} INFO - DAG(s) 'example_task_group' retrieved from /home/airflow/.local/lib/python3.12/site-packages/airflow/example_dags/example_task_group.py
[2024-10-06T04:55:14.765+0000] {logging_mixin.py:190} INFO - [2024-10-06T04:55:14.765+0000] {dag.py:3239} INFO - Sync 1 DAGs
[2024-10-06T04:55:14.777+0000] {logging_mixin.py:190} INFO - [2024-10-06T04:55:14.776+0000] {dag.py:4180} INFO - Setting next_dagrun for example_task_group to None, run_after=None
[2024-10-06T04:55:14.795+0000] {processor.py:208} INFO - Processing /home/airflow/.local/lib/python3.12/site-packages/airflow/example_dags/example_task_group.py took 0.058 seconds
[2024-10-06T04:55:45.059+0000] {processor.py:186} INFO - Started process (PID=3858) to work on /home/airflow/.local/lib/python3.12/site-packages/airflow/example_dags/example_task_group.py
[2024-10-06T04:55:45.059+0000] {processor.py:914} INFO - Processing file /home/airflow/.local/lib/python3.12/site-packages/airflow/example_dags/example_task_group.py for tasks to queue
[2024-10-06T04:55:45.060+0000] {logging_mixin.py:190} INFO - [2024-10-06T04:55:45.060+0000] {dagbag.py:588} INFO - Filling up the DagBag from /home/airflow/.local/lib/python3.12/site-packages/airflow/example_dags/example_task_group.py
[2024-10-06T04:55:45.067+0000] {processor.py:925} INFO - DAG(s) 'example_task_group' retrieved from /home/airflow/.local/lib/python3.12/site-packages/airflow/example_dags/example_task_group.py
[2024-10-06T04:55:45.087+0000] {logging_mixin.py:190} INFO - [2024-10-06T04:55:45.087+0000] {dag.py:3239} INFO - Sync 1 DAGs
[2024-10-06T04:55:45.101+0000] {logging_mixin.py:190} INFO - [2024-10-06T04:55:45.101+0000] {dag.py:4180} INFO - Setting next_dagrun for example_task_group to None, run_after=None
[2024-10-06T04:55:45.124+0000] {processor.py:208} INFO - Processing /home/airflow/.local/lib/python3.12/site-packages/airflow/example_dags/example_task_group.py took 0.070 seconds
[2024-10-06T04:56:15.559+0000] {processor.py:186} INFO - Started process (PID=3922) to work on /home/airflow/.local/lib/python3.12/site-packages/airflow/example_dags/example_task_group.py
[2024-10-06T04:56:15.560+0000] {processor.py:914} INFO - Processing file /home/airflow/.local/lib/python3.12/site-packages/airflow/example_dags/example_task_group.py for tasks to queue
[2024-10-06T04:56:15.561+0000] {logging_mixin.py:190} INFO - [2024-10-06T04:56:15.561+0000] {dagbag.py:588} INFO - Filling up the DagBag from /home/airflow/.local/lib/python3.12/site-packages/airflow/example_dags/example_task_group.py
[2024-10-06T04:56:15.571+0000] {processor.py:925} INFO - DAG(s) 'example_task_group' retrieved from /home/airflow/.local/lib/python3.12/site-packages/airflow/example_dags/example_task_group.py
[2024-10-06T04:56:15.620+0000] {logging_mixin.py:190} INFO - [2024-10-06T04:56:15.620+0000] {dag.py:3239} INFO - Sync 1 DAGs
[2024-10-06T04:56:15.653+0000] {logging_mixin.py:190} INFO - [2024-10-06T04:56:15.653+0000] {dag.py:4180} INFO - Setting next_dagrun for example_task_group to None, run_after=None
[2024-10-06T04:56:15.680+0000] {processor.py:208} INFO - Processing /home/airflow/.local/lib/python3.12/site-packages/airflow/example_dags/example_task_group.py took 0.128 seconds
[2024-10-06T04:56:46.009+0000] {processor.py:186} INFO - Started process (PID=3986) to work on /home/airflow/.local/lib/python3.12/site-packages/airflow/example_dags/example_task_group.py
[2024-10-06T04:56:46.010+0000] {processor.py:914} INFO - Processing file /home/airflow/.local/lib/python3.12/site-packages/airflow/example_dags/example_task_group.py for tasks to queue
[2024-10-06T04:56:46.011+0000] {logging_mixin.py:190} INFO - [2024-10-06T04:56:46.011+0000] {dagbag.py:588} INFO - Filling up the DagBag from /home/airflow/.local/lib/python3.12/site-packages/airflow/example_dags/example_task_group.py
[2024-10-06T04:56:46.019+0000] {processor.py:925} INFO - DAG(s) 'example_task_group' retrieved from /home/airflow/.local/lib/python3.12/site-packages/airflow/example_dags/example_task_group.py
[2024-10-06T04:56:46.041+0000] {logging_mixin.py:190} INFO - [2024-10-06T04:56:46.041+0000] {dag.py:3239} INFO - Sync 1 DAGs
[2024-10-06T04:56:46.057+0000] {logging_mixin.py:190} INFO - [2024-10-06T04:56:46.057+0000] {dag.py:4180} INFO - Setting next_dagrun for example_task_group to None, run_after=None
[2024-10-06T04:56:46.079+0000] {processor.py:208} INFO - Processing /home/airflow/.local/lib/python3.12/site-packages/airflow/example_dags/example_task_group.py took 0.076 seconds
[2024-10-06T04:57:16.530+0000] {processor.py:186} INFO - Started process (PID=4050) to work on /home/airflow/.local/lib/python3.12/site-packages/airflow/example_dags/example_task_group.py
[2024-10-06T04:57:16.531+0000] {processor.py:914} INFO - Processing file /home/airflow/.local/lib/python3.12/site-packages/airflow/example_dags/example_task_group.py for tasks to queue
[2024-10-06T04:57:16.532+0000] {logging_mixin.py:190} INFO - [2024-10-06T04:57:16.532+0000] {dagbag.py:588} INFO - Filling up the DagBag from /home/airflow/.local/lib/python3.12/site-packages/airflow/example_dags/example_task_group.py
[2024-10-06T04:57:16.541+0000] {processor.py:925} INFO - DAG(s) 'example_task_group' retrieved from /home/airflow/.local/lib/python3.12/site-packages/airflow/example_dags/example_task_group.py
[2024-10-06T04:57:16.565+0000] {logging_mixin.py:190} INFO - [2024-10-06T04:57:16.564+0000] {dag.py:3239} INFO - Sync 1 DAGs
[2024-10-06T04:57:16.579+0000] {logging_mixin.py:190} INFO - [2024-10-06T04:57:16.579+0000] {dag.py:4180} INFO - Setting next_dagrun for example_task_group to None, run_after=None
[2024-10-06T04:57:16.601+0000] {processor.py:208} INFO - Processing /home/airflow/.local/lib/python3.12/site-packages/airflow/example_dags/example_task_group.py took 0.077 seconds
[2024-10-06T04:57:46.956+0000] {processor.py:186} INFO - Started process (PID=4114) to work on /home/airflow/.local/lib/python3.12/site-packages/airflow/example_dags/example_task_group.py
[2024-10-06T04:57:46.957+0000] {processor.py:914} INFO - Processing file /home/airflow/.local/lib/python3.12/site-packages/airflow/example_dags/example_task_group.py for tasks to queue
[2024-10-06T04:57:46.958+0000] {logging_mixin.py:190} INFO - [2024-10-06T04:57:46.957+0000] {dagbag.py:588} INFO - Filling up the DagBag from /home/airflow/.local/lib/python3.12/site-packages/airflow/example_dags/example_task_group.py
[2024-10-06T04:57:46.965+0000] {processor.py:925} INFO - DAG(s) 'example_task_group' retrieved from /home/airflow/.local/lib/python3.12/site-packages/airflow/example_dags/example_task_group.py
[2024-10-06T04:57:46.984+0000] {logging_mixin.py:190} INFO - [2024-10-06T04:57:46.984+0000] {dag.py:3239} INFO - Sync 1 DAGs
[2024-10-06T04:57:46.998+0000] {logging_mixin.py:190} INFO - [2024-10-06T04:57:46.998+0000] {dag.py:4180} INFO - Setting next_dagrun for example_task_group to None, run_after=None
[2024-10-06T04:57:47.018+0000] {processor.py:208} INFO - Processing /home/airflow/.local/lib/python3.12/site-packages/airflow/example_dags/example_task_group.py took 0.067 seconds
