[2024-10-06T04:25:22.369+0000] {processor.py:186} INFO - Started process (PID=99) to work on /home/airflow/.local/lib/python3.12/site-packages/airflow/example_dags/example_bash_operator.py
[2024-10-06T04:25:22.370+0000] {processor.py:914} INFO - Processing file /home/airflow/.local/lib/python3.12/site-packages/airflow/example_dags/example_bash_operator.py for tasks to queue
[2024-10-06T04:25:22.373+0000] {logging_mixin.py:190} INFO - [2024-10-06T04:25:22.373+0000] {dagbag.py:588} INFO - Filling up the DagBag from /home/airflow/.local/lib/python3.12/site-packages/airflow/example_dags/example_bash_operator.py
[2024-10-06T04:25:22.389+0000] {processor.py:925} INFO - DAG(s) 'example_bash_operator' retrieved from /home/airflow/.local/lib/python3.12/site-packages/airflow/example_dags/example_bash_operator.py
[2024-10-06T04:25:22.519+0000] {logging_mixin.py:190} INFO - [2024-10-06T04:25:22.519+0000] {override.py:1900} INFO - Created Permission View: can edit on DAG:example_bash_operator
[2024-10-06T04:25:22.531+0000] {logging_mixin.py:190} INFO - [2024-10-06T04:25:22.531+0000] {override.py:1900} INFO - Created Permission View: can delete on DAG:example_bash_operator
[2024-10-06T04:25:22.540+0000] {logging_mixin.py:190} INFO - [2024-10-06T04:25:22.540+0000] {override.py:1900} INFO - Created Permission View: can read on DAG:example_bash_operator
[2024-10-06T04:25:22.557+0000] {logging_mixin.py:190} INFO - [2024-10-06T04:25:22.557+0000] {override.py:1900} INFO - Created Permission View: can delete on DAG Run:example_bash_operator
[2024-10-06T04:25:22.566+0000] {logging_mixin.py:190} INFO - [2024-10-06T04:25:22.566+0000] {override.py:1900} INFO - Created Permission View: can create on DAG Run:example_bash_operator
[2024-10-06T04:25:22.576+0000] {logging_mixin.py:190} INFO - [2024-10-06T04:25:22.576+0000] {override.py:1900} INFO - Created Permission View: menu access on DAG Run:example_bash_operator
[2024-10-06T04:25:22.584+0000] {logging_mixin.py:190} INFO - [2024-10-06T04:25:22.584+0000] {override.py:1900} INFO - Created Permission View: can read on DAG Run:example_bash_operator
[2024-10-06T04:25:22.584+0000] {logging_mixin.py:190} INFO - [2024-10-06T04:25:22.584+0000] {dag.py:3239} INFO - Sync 1 DAGs
[2024-10-06T04:25:22.599+0000] {logging_mixin.py:190} INFO - [2024-10-06T04:25:22.598+0000] {dag.py:3262} INFO - Creating ORM DAG for example_bash_operator
[2024-10-06T04:25:22.612+0000] {logging_mixin.py:190} INFO - [2024-10-06T04:25:22.612+0000] {dag.py:4180} INFO - Setting next_dagrun for example_bash_operator to 2024-10-05 00:00:00+00:00, run_after=2024-10-06 00:00:00+00:00
[2024-10-06T04:25:22.634+0000] {processor.py:208} INFO - Processing /home/airflow/.local/lib/python3.12/site-packages/airflow/example_dags/example_bash_operator.py took 0.272 seconds
[2024-10-06T04:25:52.995+0000] {processor.py:186} INFO - Started process (PID=162) to work on /home/airflow/.local/lib/python3.12/site-packages/airflow/example_dags/example_bash_operator.py
[2024-10-06T04:25:52.996+0000] {processor.py:914} INFO - Processing file /home/airflow/.local/lib/python3.12/site-packages/airflow/example_dags/example_bash_operator.py for tasks to queue
[2024-10-06T04:25:52.997+0000] {logging_mixin.py:190} INFO - [2024-10-06T04:25:52.997+0000] {dagbag.py:588} INFO - Filling up the DagBag from /home/airflow/.local/lib/python3.12/site-packages/airflow/example_dags/example_bash_operator.py
[2024-10-06T04:25:53.007+0000] {processor.py:925} INFO - DAG(s) 'example_bash_operator' retrieved from /home/airflow/.local/lib/python3.12/site-packages/airflow/example_dags/example_bash_operator.py
[2024-10-06T04:25:53.028+0000] {logging_mixin.py:190} INFO - [2024-10-06T04:25:53.028+0000] {dag.py:3239} INFO - Sync 1 DAGs
[2024-10-06T04:25:53.047+0000] {logging_mixin.py:190} INFO - [2024-10-06T04:25:53.046+0000] {dag.py:4180} INFO - Setting next_dagrun for example_bash_operator to 2024-10-05 00:00:00+00:00, run_after=2024-10-06 00:00:00+00:00
[2024-10-06T04:25:53.072+0000] {processor.py:208} INFO - Processing /home/airflow/.local/lib/python3.12/site-packages/airflow/example_dags/example_bash_operator.py took 0.081 seconds
[2024-10-06T04:26:23.264+0000] {processor.py:186} INFO - Started process (PID=224) to work on /home/airflow/.local/lib/python3.12/site-packages/airflow/example_dags/example_bash_operator.py
[2024-10-06T04:26:23.264+0000] {processor.py:914} INFO - Processing file /home/airflow/.local/lib/python3.12/site-packages/airflow/example_dags/example_bash_operator.py for tasks to queue
[2024-10-06T04:26:23.266+0000] {logging_mixin.py:190} INFO - [2024-10-06T04:26:23.266+0000] {dagbag.py:588} INFO - Filling up the DagBag from /home/airflow/.local/lib/python3.12/site-packages/airflow/example_dags/example_bash_operator.py
[2024-10-06T04:26:23.276+0000] {processor.py:925} INFO - DAG(s) 'example_bash_operator' retrieved from /home/airflow/.local/lib/python3.12/site-packages/airflow/example_dags/example_bash_operator.py
[2024-10-06T04:26:23.298+0000] {logging_mixin.py:190} INFO - [2024-10-06T04:26:23.298+0000] {dag.py:3239} INFO - Sync 1 DAGs
[2024-10-06T04:26:23.319+0000] {logging_mixin.py:190} INFO - [2024-10-06T04:26:23.319+0000] {dag.py:4180} INFO - Setting next_dagrun for example_bash_operator to 2024-10-05 00:00:00+00:00, run_after=2024-10-06 00:00:00+00:00
[2024-10-06T04:26:23.339+0000] {processor.py:208} INFO - Processing /home/airflow/.local/lib/python3.12/site-packages/airflow/example_dags/example_bash_operator.py took 0.080 seconds
[2024-10-06T04:26:53.464+0000] {processor.py:186} INFO - Started process (PID=286) to work on /home/airflow/.local/lib/python3.12/site-packages/airflow/example_dags/example_bash_operator.py
[2024-10-06T04:26:53.465+0000] {processor.py:914} INFO - Processing file /home/airflow/.local/lib/python3.12/site-packages/airflow/example_dags/example_bash_operator.py for tasks to queue
[2024-10-06T04:26:53.466+0000] {logging_mixin.py:190} INFO - [2024-10-06T04:26:53.466+0000] {dagbag.py:588} INFO - Filling up the DagBag from /home/airflow/.local/lib/python3.12/site-packages/airflow/example_dags/example_bash_operator.py
[2024-10-06T04:26:53.476+0000] {processor.py:925} INFO - DAG(s) 'example_bash_operator' retrieved from /home/airflow/.local/lib/python3.12/site-packages/airflow/example_dags/example_bash_operator.py
[2024-10-06T04:26:53.498+0000] {logging_mixin.py:190} INFO - [2024-10-06T04:26:53.498+0000] {dag.py:3239} INFO - Sync 1 DAGs
[2024-10-06T04:26:53.517+0000] {logging_mixin.py:190} INFO - [2024-10-06T04:26:53.517+0000] {dag.py:4180} INFO - Setting next_dagrun for example_bash_operator to 2024-10-05 00:00:00+00:00, run_after=2024-10-06 00:00:00+00:00
[2024-10-06T04:26:53.537+0000] {processor.py:208} INFO - Processing /home/airflow/.local/lib/python3.12/site-packages/airflow/example_dags/example_bash_operator.py took 0.078 seconds
[2024-10-06T04:27:24.025+0000] {processor.py:186} INFO - Started process (PID=348) to work on /home/airflow/.local/lib/python3.12/site-packages/airflow/example_dags/example_bash_operator.py
[2024-10-06T04:27:24.025+0000] {processor.py:914} INFO - Processing file /home/airflow/.local/lib/python3.12/site-packages/airflow/example_dags/example_bash_operator.py for tasks to queue
[2024-10-06T04:27:24.028+0000] {logging_mixin.py:190} INFO - [2024-10-06T04:27:24.027+0000] {dagbag.py:588} INFO - Filling up the DagBag from /home/airflow/.local/lib/python3.12/site-packages/airflow/example_dags/example_bash_operator.py
[2024-10-06T04:27:24.041+0000] {processor.py:925} INFO - DAG(s) 'example_bash_operator' retrieved from /home/airflow/.local/lib/python3.12/site-packages/airflow/example_dags/example_bash_operator.py
[2024-10-06T04:27:24.073+0000] {logging_mixin.py:190} INFO - [2024-10-06T04:27:24.073+0000] {dag.py:3239} INFO - Sync 1 DAGs
[2024-10-06T04:27:24.104+0000] {logging_mixin.py:190} INFO - [2024-10-06T04:27:24.100+0000] {dag.py:4180} INFO - Setting next_dagrun for example_bash_operator to 2024-10-05 00:00:00+00:00, run_after=2024-10-06 00:00:00+00:00
[2024-10-06T04:27:24.129+0000] {processor.py:208} INFO - Processing /home/airflow/.local/lib/python3.12/site-packages/airflow/example_dags/example_bash_operator.py took 0.110 seconds
[2024-10-06T04:27:54.410+0000] {processor.py:186} INFO - Started process (PID=410) to work on /home/airflow/.local/lib/python3.12/site-packages/airflow/example_dags/example_bash_operator.py
[2024-10-06T04:27:54.411+0000] {processor.py:914} INFO - Processing file /home/airflow/.local/lib/python3.12/site-packages/airflow/example_dags/example_bash_operator.py for tasks to queue
[2024-10-06T04:27:54.413+0000] {logging_mixin.py:190} INFO - [2024-10-06T04:27:54.412+0000] {dagbag.py:588} INFO - Filling up the DagBag from /home/airflow/.local/lib/python3.12/site-packages/airflow/example_dags/example_bash_operator.py
[2024-10-06T04:27:54.423+0000] {processor.py:925} INFO - DAG(s) 'example_bash_operator' retrieved from /home/airflow/.local/lib/python3.12/site-packages/airflow/example_dags/example_bash_operator.py
[2024-10-06T04:27:54.452+0000] {logging_mixin.py:190} INFO - [2024-10-06T04:27:54.451+0000] {dag.py:3239} INFO - Sync 1 DAGs
[2024-10-06T04:27:54.482+0000] {logging_mixin.py:190} INFO - [2024-10-06T04:27:54.482+0000] {dag.py:4180} INFO - Setting next_dagrun for example_bash_operator to 2024-10-05 00:00:00+00:00, run_after=2024-10-06 00:00:00+00:00
[2024-10-06T04:27:54.505+0000] {processor.py:208} INFO - Processing /home/airflow/.local/lib/python3.12/site-packages/airflow/example_dags/example_bash_operator.py took 0.100 seconds
[2024-10-06T04:28:24.673+0000] {processor.py:186} INFO - Started process (PID=473) to work on /home/airflow/.local/lib/python3.12/site-packages/airflow/example_dags/example_bash_operator.py
[2024-10-06T04:28:24.674+0000] {processor.py:914} INFO - Processing file /home/airflow/.local/lib/python3.12/site-packages/airflow/example_dags/example_bash_operator.py for tasks to queue
[2024-10-06T04:28:24.677+0000] {logging_mixin.py:190} INFO - [2024-10-06T04:28:24.676+0000] {dagbag.py:588} INFO - Filling up the DagBag from /home/airflow/.local/lib/python3.12/site-packages/airflow/example_dags/example_bash_operator.py
[2024-10-06T04:28:24.688+0000] {processor.py:925} INFO - DAG(s) 'example_bash_operator' retrieved from /home/airflow/.local/lib/python3.12/site-packages/airflow/example_dags/example_bash_operator.py
[2024-10-06T04:28:24.710+0000] {logging_mixin.py:190} INFO - [2024-10-06T04:28:24.710+0000] {dag.py:3239} INFO - Sync 1 DAGs
[2024-10-06T04:28:24.737+0000] {logging_mixin.py:190} INFO - [2024-10-06T04:28:24.736+0000] {dag.py:4180} INFO - Setting next_dagrun for example_bash_operator to 2024-10-05 00:00:00+00:00, run_after=2024-10-06 00:00:00+00:00
[2024-10-06T04:28:24.763+0000] {processor.py:208} INFO - Processing /home/airflow/.local/lib/python3.12/site-packages/airflow/example_dags/example_bash_operator.py took 0.097 seconds
[2024-10-06T04:28:55.092+0000] {processor.py:186} INFO - Started process (PID=535) to work on /home/airflow/.local/lib/python3.12/site-packages/airflow/example_dags/example_bash_operator.py
[2024-10-06T04:28:55.093+0000] {processor.py:914} INFO - Processing file /home/airflow/.local/lib/python3.12/site-packages/airflow/example_dags/example_bash_operator.py for tasks to queue
[2024-10-06T04:28:55.094+0000] {logging_mixin.py:190} INFO - [2024-10-06T04:28:55.094+0000] {dagbag.py:588} INFO - Filling up the DagBag from /home/airflow/.local/lib/python3.12/site-packages/airflow/example_dags/example_bash_operator.py
[2024-10-06T04:28:55.104+0000] {processor.py:925} INFO - DAG(s) 'example_bash_operator' retrieved from /home/airflow/.local/lib/python3.12/site-packages/airflow/example_dags/example_bash_operator.py
[2024-10-06T04:28:55.125+0000] {logging_mixin.py:190} INFO - [2024-10-06T04:28:55.125+0000] {dag.py:3239} INFO - Sync 1 DAGs
[2024-10-06T04:28:55.143+0000] {logging_mixin.py:190} INFO - [2024-10-06T04:28:55.143+0000] {dag.py:4180} INFO - Setting next_dagrun for example_bash_operator to 2024-10-05 00:00:00+00:00, run_after=2024-10-06 00:00:00+00:00
[2024-10-06T04:28:55.162+0000] {processor.py:208} INFO - Processing /home/airflow/.local/lib/python3.12/site-packages/airflow/example_dags/example_bash_operator.py took 0.074 seconds
[2024-10-06T04:29:25.226+0000] {processor.py:186} INFO - Started process (PID=597) to work on /home/airflow/.local/lib/python3.12/site-packages/airflow/example_dags/example_bash_operator.py
[2024-10-06T04:29:25.227+0000] {processor.py:914} INFO - Processing file /home/airflow/.local/lib/python3.12/site-packages/airflow/example_dags/example_bash_operator.py for tasks to queue
[2024-10-06T04:29:25.228+0000] {logging_mixin.py:190} INFO - [2024-10-06T04:29:25.228+0000] {dagbag.py:588} INFO - Filling up the DagBag from /home/airflow/.local/lib/python3.12/site-packages/airflow/example_dags/example_bash_operator.py
[2024-10-06T04:29:25.239+0000] {processor.py:925} INFO - DAG(s) 'example_bash_operator' retrieved from /home/airflow/.local/lib/python3.12/site-packages/airflow/example_dags/example_bash_operator.py
[2024-10-06T04:29:25.260+0000] {logging_mixin.py:190} INFO - [2024-10-06T04:29:25.260+0000] {dag.py:3239} INFO - Sync 1 DAGs
[2024-10-06T04:29:25.280+0000] {logging_mixin.py:190} INFO - [2024-10-06T04:29:25.280+0000] {dag.py:4180} INFO - Setting next_dagrun for example_bash_operator to 2024-10-05 00:00:00+00:00, run_after=2024-10-06 00:00:00+00:00
[2024-10-06T04:29:25.301+0000] {processor.py:208} INFO - Processing /home/airflow/.local/lib/python3.12/site-packages/airflow/example_dags/example_bash_operator.py took 0.079 seconds
[2024-10-06T04:29:55.416+0000] {processor.py:186} INFO - Started process (PID=659) to work on /home/airflow/.local/lib/python3.12/site-packages/airflow/example_dags/example_bash_operator.py
[2024-10-06T04:29:55.417+0000] {processor.py:914} INFO - Processing file /home/airflow/.local/lib/python3.12/site-packages/airflow/example_dags/example_bash_operator.py for tasks to queue
[2024-10-06T04:29:55.418+0000] {logging_mixin.py:190} INFO - [2024-10-06T04:29:55.418+0000] {dagbag.py:588} INFO - Filling up the DagBag from /home/airflow/.local/lib/python3.12/site-packages/airflow/example_dags/example_bash_operator.py
[2024-10-06T04:29:55.429+0000] {processor.py:925} INFO - DAG(s) 'example_bash_operator' retrieved from /home/airflow/.local/lib/python3.12/site-packages/airflow/example_dags/example_bash_operator.py
[2024-10-06T04:29:55.449+0000] {logging_mixin.py:190} INFO - [2024-10-06T04:29:55.449+0000] {dag.py:3239} INFO - Sync 1 DAGs
[2024-10-06T04:29:55.468+0000] {logging_mixin.py:190} INFO - [2024-10-06T04:29:55.467+0000] {dag.py:4180} INFO - Setting next_dagrun for example_bash_operator to 2024-10-05 00:00:00+00:00, run_after=2024-10-06 00:00:00+00:00
[2024-10-06T04:29:55.489+0000] {processor.py:208} INFO - Processing /home/airflow/.local/lib/python3.12/site-packages/airflow/example_dags/example_bash_operator.py took 0.078 seconds
[2024-10-06T04:30:25.665+0000] {processor.py:186} INFO - Started process (PID=722) to work on /home/airflow/.local/lib/python3.12/site-packages/airflow/example_dags/example_bash_operator.py
[2024-10-06T04:30:25.666+0000] {processor.py:914} INFO - Processing file /home/airflow/.local/lib/python3.12/site-packages/airflow/example_dags/example_bash_operator.py for tasks to queue
[2024-10-06T04:30:25.667+0000] {logging_mixin.py:190} INFO - [2024-10-06T04:30:25.667+0000] {dagbag.py:588} INFO - Filling up the DagBag from /home/airflow/.local/lib/python3.12/site-packages/airflow/example_dags/example_bash_operator.py
[2024-10-06T04:30:25.677+0000] {processor.py:925} INFO - DAG(s) 'example_bash_operator' retrieved from /home/airflow/.local/lib/python3.12/site-packages/airflow/example_dags/example_bash_operator.py
[2024-10-06T04:30:25.698+0000] {logging_mixin.py:190} INFO - [2024-10-06T04:30:25.697+0000] {dag.py:3239} INFO - Sync 1 DAGs
[2024-10-06T04:30:25.716+0000] {logging_mixin.py:190} INFO - [2024-10-06T04:30:25.716+0000] {dag.py:4180} INFO - Setting next_dagrun for example_bash_operator to 2024-10-05 00:00:00+00:00, run_after=2024-10-06 00:00:00+00:00
[2024-10-06T04:30:25.737+0000] {processor.py:208} INFO - Processing /home/airflow/.local/lib/python3.12/site-packages/airflow/example_dags/example_bash_operator.py took 0.076 seconds
[2024-10-06T04:30:55.881+0000] {processor.py:186} INFO - Started process (PID=785) to work on /home/airflow/.local/lib/python3.12/site-packages/airflow/example_dags/example_bash_operator.py
[2024-10-06T04:30:55.882+0000] {processor.py:914} INFO - Processing file /home/airflow/.local/lib/python3.12/site-packages/airflow/example_dags/example_bash_operator.py for tasks to queue
[2024-10-06T04:30:55.884+0000] {logging_mixin.py:190} INFO - [2024-10-06T04:30:55.884+0000] {dagbag.py:588} INFO - Filling up the DagBag from /home/airflow/.local/lib/python3.12/site-packages/airflow/example_dags/example_bash_operator.py
[2024-10-06T04:30:55.898+0000] {processor.py:925} INFO - DAG(s) 'example_bash_operator' retrieved from /home/airflow/.local/lib/python3.12/site-packages/airflow/example_dags/example_bash_operator.py
[2024-10-06T04:30:55.921+0000] {logging_mixin.py:190} INFO - [2024-10-06T04:30:55.921+0000] {dag.py:3239} INFO - Sync 1 DAGs
[2024-10-06T04:30:55.942+0000] {logging_mixin.py:190} INFO - [2024-10-06T04:30:55.942+0000] {dag.py:4180} INFO - Setting next_dagrun for example_bash_operator to 2024-10-05 00:00:00+00:00, run_after=2024-10-06 00:00:00+00:00
[2024-10-06T04:30:55.963+0000] {processor.py:208} INFO - Processing /home/airflow/.local/lib/python3.12/site-packages/airflow/example_dags/example_bash_operator.py took 0.086 seconds
[2024-10-06T04:31:26.163+0000] {processor.py:186} INFO - Started process (PID=848) to work on /home/airflow/.local/lib/python3.12/site-packages/airflow/example_dags/example_bash_operator.py
[2024-10-06T04:31:26.164+0000] {processor.py:914} INFO - Processing file /home/airflow/.local/lib/python3.12/site-packages/airflow/example_dags/example_bash_operator.py for tasks to queue
[2024-10-06T04:31:26.166+0000] {logging_mixin.py:190} INFO - [2024-10-06T04:31:26.166+0000] {dagbag.py:588} INFO - Filling up the DagBag from /home/airflow/.local/lib/python3.12/site-packages/airflow/example_dags/example_bash_operator.py
[2024-10-06T04:31:26.180+0000] {processor.py:925} INFO - DAG(s) 'example_bash_operator' retrieved from /home/airflow/.local/lib/python3.12/site-packages/airflow/example_dags/example_bash_operator.py
[2024-10-06T04:31:26.211+0000] {logging_mixin.py:190} INFO - [2024-10-06T04:31:26.211+0000] {dag.py:3239} INFO - Sync 1 DAGs
[2024-10-06T04:31:26.235+0000] {logging_mixin.py:190} INFO - [2024-10-06T04:31:26.235+0000] {dag.py:4180} INFO - Setting next_dagrun for example_bash_operator to 2024-10-05 00:00:00+00:00, run_after=2024-10-06 00:00:00+00:00
[2024-10-06T04:31:26.253+0000] {processor.py:208} INFO - Processing /home/airflow/.local/lib/python3.12/site-packages/airflow/example_dags/example_bash_operator.py took 0.096 seconds
[2024-10-06T04:31:56.402+0000] {processor.py:186} INFO - Started process (PID=911) to work on /home/airflow/.local/lib/python3.12/site-packages/airflow/example_dags/example_bash_operator.py
[2024-10-06T04:31:56.403+0000] {processor.py:914} INFO - Processing file /home/airflow/.local/lib/python3.12/site-packages/airflow/example_dags/example_bash_operator.py for tasks to queue
[2024-10-06T04:31:56.405+0000] {logging_mixin.py:190} INFO - [2024-10-06T04:31:56.404+0000] {dagbag.py:588} INFO - Filling up the DagBag from /home/airflow/.local/lib/python3.12/site-packages/airflow/example_dags/example_bash_operator.py
[2024-10-06T04:31:56.415+0000] {processor.py:925} INFO - DAG(s) 'example_bash_operator' retrieved from /home/airflow/.local/lib/python3.12/site-packages/airflow/example_dags/example_bash_operator.py
[2024-10-06T04:31:56.443+0000] {logging_mixin.py:190} INFO - [2024-10-06T04:31:56.443+0000] {dag.py:3239} INFO - Sync 1 DAGs
[2024-10-06T04:31:56.468+0000] {logging_mixin.py:190} INFO - [2024-10-06T04:31:56.468+0000] {dag.py:4180} INFO - Setting next_dagrun for example_bash_operator to 2024-10-05 00:00:00+00:00, run_after=2024-10-06 00:00:00+00:00
[2024-10-06T04:31:56.490+0000] {processor.py:208} INFO - Processing /home/airflow/.local/lib/python3.12/site-packages/airflow/example_dags/example_bash_operator.py took 0.092 seconds
[2024-10-06T04:32:26.545+0000] {processor.py:186} INFO - Started process (PID=973) to work on /home/airflow/.local/lib/python3.12/site-packages/airflow/example_dags/example_bash_operator.py
[2024-10-06T04:32:26.545+0000] {processor.py:914} INFO - Processing file /home/airflow/.local/lib/python3.12/site-packages/airflow/example_dags/example_bash_operator.py for tasks to queue
[2024-10-06T04:32:26.547+0000] {logging_mixin.py:190} INFO - [2024-10-06T04:32:26.547+0000] {dagbag.py:588} INFO - Filling up the DagBag from /home/airflow/.local/lib/python3.12/site-packages/airflow/example_dags/example_bash_operator.py
[2024-10-06T04:32:26.559+0000] {processor.py:925} INFO - DAG(s) 'example_bash_operator' retrieved from /home/airflow/.local/lib/python3.12/site-packages/airflow/example_dags/example_bash_operator.py
[2024-10-06T04:32:26.586+0000] {logging_mixin.py:190} INFO - [2024-10-06T04:32:26.586+0000] {dag.py:3239} INFO - Sync 1 DAGs
[2024-10-06T04:32:26.612+0000] {logging_mixin.py:190} INFO - [2024-10-06T04:32:26.612+0000] {dag.py:4180} INFO - Setting next_dagrun for example_bash_operator to 2024-10-05 00:00:00+00:00, run_after=2024-10-06 00:00:00+00:00
[2024-10-06T04:32:26.633+0000] {processor.py:208} INFO - Processing /home/airflow/.local/lib/python3.12/site-packages/airflow/example_dags/example_bash_operator.py took 0.093 seconds
[2024-10-06T04:32:56.760+0000] {processor.py:186} INFO - Started process (PID=1036) to work on /home/airflow/.local/lib/python3.12/site-packages/airflow/example_dags/example_bash_operator.py
[2024-10-06T04:32:56.760+0000] {processor.py:914} INFO - Processing file /home/airflow/.local/lib/python3.12/site-packages/airflow/example_dags/example_bash_operator.py for tasks to queue
[2024-10-06T04:32:56.762+0000] {logging_mixin.py:190} INFO - [2024-10-06T04:32:56.762+0000] {dagbag.py:588} INFO - Filling up the DagBag from /home/airflow/.local/lib/python3.12/site-packages/airflow/example_dags/example_bash_operator.py
[2024-10-06T04:32:56.773+0000] {processor.py:925} INFO - DAG(s) 'example_bash_operator' retrieved from /home/airflow/.local/lib/python3.12/site-packages/airflow/example_dags/example_bash_operator.py
[2024-10-06T04:32:56.795+0000] {logging_mixin.py:190} INFO - [2024-10-06T04:32:56.795+0000] {dag.py:3239} INFO - Sync 1 DAGs
[2024-10-06T04:32:56.815+0000] {logging_mixin.py:190} INFO - [2024-10-06T04:32:56.815+0000] {dag.py:4180} INFO - Setting next_dagrun for example_bash_operator to 2024-10-05 00:00:00+00:00, run_after=2024-10-06 00:00:00+00:00
[2024-10-06T04:32:56.834+0000] {processor.py:208} INFO - Processing /home/airflow/.local/lib/python3.12/site-packages/airflow/example_dags/example_bash_operator.py took 0.080 seconds
[2024-10-06T04:33:27.006+0000] {processor.py:186} INFO - Started process (PID=1099) to work on /home/airflow/.local/lib/python3.12/site-packages/airflow/example_dags/example_bash_operator.py
[2024-10-06T04:33:27.007+0000] {processor.py:914} INFO - Processing file /home/airflow/.local/lib/python3.12/site-packages/airflow/example_dags/example_bash_operator.py for tasks to queue
[2024-10-06T04:33:27.009+0000] {logging_mixin.py:190} INFO - [2024-10-06T04:33:27.009+0000] {dagbag.py:588} INFO - Filling up the DagBag from /home/airflow/.local/lib/python3.12/site-packages/airflow/example_dags/example_bash_operator.py
[2024-10-06T04:33:27.021+0000] {processor.py:925} INFO - DAG(s) 'example_bash_operator' retrieved from /home/airflow/.local/lib/python3.12/site-packages/airflow/example_dags/example_bash_operator.py
[2024-10-06T04:33:27.045+0000] {logging_mixin.py:190} INFO - [2024-10-06T04:33:27.045+0000] {dag.py:3239} INFO - Sync 1 DAGs
[2024-10-06T04:33:27.064+0000] {logging_mixin.py:190} INFO - [2024-10-06T04:33:27.064+0000] {dag.py:4180} INFO - Setting next_dagrun for example_bash_operator to 2024-10-05 00:00:00+00:00, run_after=2024-10-06 00:00:00+00:00
[2024-10-06T04:33:27.084+0000] {processor.py:208} INFO - Processing /home/airflow/.local/lib/python3.12/site-packages/airflow/example_dags/example_bash_operator.py took 0.082 seconds
[2024-10-06T04:33:57.297+0000] {processor.py:186} INFO - Started process (PID=1162) to work on /home/airflow/.local/lib/python3.12/site-packages/airflow/example_dags/example_bash_operator.py
[2024-10-06T04:33:57.298+0000] {processor.py:914} INFO - Processing file /home/airflow/.local/lib/python3.12/site-packages/airflow/example_dags/example_bash_operator.py for tasks to queue
[2024-10-06T04:33:57.300+0000] {logging_mixin.py:190} INFO - [2024-10-06T04:33:57.300+0000] {dagbag.py:588} INFO - Filling up the DagBag from /home/airflow/.local/lib/python3.12/site-packages/airflow/example_dags/example_bash_operator.py
[2024-10-06T04:33:57.314+0000] {processor.py:925} INFO - DAG(s) 'example_bash_operator' retrieved from /home/airflow/.local/lib/python3.12/site-packages/airflow/example_dags/example_bash_operator.py
[2024-10-06T04:33:57.339+0000] {logging_mixin.py:190} INFO - [2024-10-06T04:33:57.339+0000] {dag.py:3239} INFO - Sync 1 DAGs
[2024-10-06T04:33:57.357+0000] {logging_mixin.py:190} INFO - [2024-10-06T04:33:57.357+0000] {dag.py:4180} INFO - Setting next_dagrun for example_bash_operator to 2024-10-05 00:00:00+00:00, run_after=2024-10-06 00:00:00+00:00
[2024-10-06T04:33:57.377+0000] {processor.py:208} INFO - Processing /home/airflow/.local/lib/python3.12/site-packages/airflow/example_dags/example_bash_operator.py took 0.086 seconds
[2024-10-06T04:34:27.864+0000] {processor.py:186} INFO - Started process (PID=1225) to work on /home/airflow/.local/lib/python3.12/site-packages/airflow/example_dags/example_bash_operator.py
[2024-10-06T04:34:27.865+0000] {processor.py:914} INFO - Processing file /home/airflow/.local/lib/python3.12/site-packages/airflow/example_dags/example_bash_operator.py for tasks to queue
[2024-10-06T04:34:27.867+0000] {logging_mixin.py:190} INFO - [2024-10-06T04:34:27.866+0000] {dagbag.py:588} INFO - Filling up the DagBag from /home/airflow/.local/lib/python3.12/site-packages/airflow/example_dags/example_bash_operator.py
[2024-10-06T04:34:27.879+0000] {processor.py:925} INFO - DAG(s) 'example_bash_operator' retrieved from /home/airflow/.local/lib/python3.12/site-packages/airflow/example_dags/example_bash_operator.py
[2024-10-06T04:34:27.902+0000] {logging_mixin.py:190} INFO - [2024-10-06T04:34:27.902+0000] {dag.py:3239} INFO - Sync 1 DAGs
[2024-10-06T04:34:27.921+0000] {logging_mixin.py:190} INFO - [2024-10-06T04:34:27.921+0000] {dag.py:4180} INFO - Setting next_dagrun for example_bash_operator to 2024-10-05 00:00:00+00:00, run_after=2024-10-06 00:00:00+00:00
[2024-10-06T04:34:27.940+0000] {processor.py:208} INFO - Processing /home/airflow/.local/lib/python3.12/site-packages/airflow/example_dags/example_bash_operator.py took 0.080 seconds
[2024-10-06T04:34:58.168+0000] {processor.py:186} INFO - Started process (PID=1288) to work on /home/airflow/.local/lib/python3.12/site-packages/airflow/example_dags/example_bash_operator.py
[2024-10-06T04:34:58.169+0000] {processor.py:914} INFO - Processing file /home/airflow/.local/lib/python3.12/site-packages/airflow/example_dags/example_bash_operator.py for tasks to queue
[2024-10-06T04:34:58.171+0000] {logging_mixin.py:190} INFO - [2024-10-06T04:34:58.170+0000] {dagbag.py:588} INFO - Filling up the DagBag from /home/airflow/.local/lib/python3.12/site-packages/airflow/example_dags/example_bash_operator.py
[2024-10-06T04:34:58.185+0000] {processor.py:925} INFO - DAG(s) 'example_bash_operator' retrieved from /home/airflow/.local/lib/python3.12/site-packages/airflow/example_dags/example_bash_operator.py
[2024-10-06T04:34:58.211+0000] {logging_mixin.py:190} INFO - [2024-10-06T04:34:58.210+0000] {dag.py:3239} INFO - Sync 1 DAGs
[2024-10-06T04:34:58.239+0000] {logging_mixin.py:190} INFO - [2024-10-06T04:34:58.238+0000] {dag.py:4180} INFO - Setting next_dagrun for example_bash_operator to 2024-10-05 00:00:00+00:00, run_after=2024-10-06 00:00:00+00:00
[2024-10-06T04:34:58.260+0000] {processor.py:208} INFO - Processing /home/airflow/.local/lib/python3.12/site-packages/airflow/example_dags/example_bash_operator.py took 0.098 seconds
[2024-10-06T04:35:28.420+0000] {processor.py:186} INFO - Started process (PID=1351) to work on /home/airflow/.local/lib/python3.12/site-packages/airflow/example_dags/example_bash_operator.py
[2024-10-06T04:35:28.421+0000] {processor.py:914} INFO - Processing file /home/airflow/.local/lib/python3.12/site-packages/airflow/example_dags/example_bash_operator.py for tasks to queue
[2024-10-06T04:35:28.422+0000] {logging_mixin.py:190} INFO - [2024-10-06T04:35:28.422+0000] {dagbag.py:588} INFO - Filling up the DagBag from /home/airflow/.local/lib/python3.12/site-packages/airflow/example_dags/example_bash_operator.py
[2024-10-06T04:35:28.435+0000] {processor.py:925} INFO - DAG(s) 'example_bash_operator' retrieved from /home/airflow/.local/lib/python3.12/site-packages/airflow/example_dags/example_bash_operator.py
[2024-10-06T04:35:28.457+0000] {logging_mixin.py:190} INFO - [2024-10-06T04:35:28.457+0000] {dag.py:3239} INFO - Sync 1 DAGs
[2024-10-06T04:35:28.475+0000] {logging_mixin.py:190} INFO - [2024-10-06T04:35:28.475+0000] {dag.py:4180} INFO - Setting next_dagrun for example_bash_operator to 2024-10-05 00:00:00+00:00, run_after=2024-10-06 00:00:00+00:00
[2024-10-06T04:35:28.493+0000] {processor.py:208} INFO - Processing /home/airflow/.local/lib/python3.12/site-packages/airflow/example_dags/example_bash_operator.py took 0.077 seconds
[2024-10-06T04:35:58.767+0000] {processor.py:186} INFO - Started process (PID=1414) to work on /home/airflow/.local/lib/python3.12/site-packages/airflow/example_dags/example_bash_operator.py
[2024-10-06T04:35:58.768+0000] {processor.py:914} INFO - Processing file /home/airflow/.local/lib/python3.12/site-packages/airflow/example_dags/example_bash_operator.py for tasks to queue
[2024-10-06T04:35:58.769+0000] {logging_mixin.py:190} INFO - [2024-10-06T04:35:58.769+0000] {dagbag.py:588} INFO - Filling up the DagBag from /home/airflow/.local/lib/python3.12/site-packages/airflow/example_dags/example_bash_operator.py
[2024-10-06T04:35:58.780+0000] {processor.py:925} INFO - DAG(s) 'example_bash_operator' retrieved from /home/airflow/.local/lib/python3.12/site-packages/airflow/example_dags/example_bash_operator.py
[2024-10-06T04:35:58.801+0000] {logging_mixin.py:190} INFO - [2024-10-06T04:35:58.801+0000] {dag.py:3239} INFO - Sync 1 DAGs
[2024-10-06T04:35:58.819+0000] {logging_mixin.py:190} INFO - [2024-10-06T04:35:58.819+0000] {dag.py:4180} INFO - Setting next_dagrun for example_bash_operator to 2024-10-05 00:00:00+00:00, run_after=2024-10-06 00:00:00+00:00
[2024-10-06T04:35:58.837+0000] {processor.py:208} INFO - Processing /home/airflow/.local/lib/python3.12/site-packages/airflow/example_dags/example_bash_operator.py took 0.074 seconds
[2024-10-06T04:36:28.956+0000] {processor.py:186} INFO - Started process (PID=1478) to work on /home/airflow/.local/lib/python3.12/site-packages/airflow/example_dags/example_bash_operator.py
[2024-10-06T04:36:28.957+0000] {processor.py:914} INFO - Processing file /home/airflow/.local/lib/python3.12/site-packages/airflow/example_dags/example_bash_operator.py for tasks to queue
[2024-10-06T04:36:28.959+0000] {logging_mixin.py:190} INFO - [2024-10-06T04:36:28.959+0000] {dagbag.py:588} INFO - Filling up the DagBag from /home/airflow/.local/lib/python3.12/site-packages/airflow/example_dags/example_bash_operator.py
[2024-10-06T04:36:28.973+0000] {processor.py:925} INFO - DAG(s) 'example_bash_operator' retrieved from /home/airflow/.local/lib/python3.12/site-packages/airflow/example_dags/example_bash_operator.py
[2024-10-06T04:36:28.995+0000] {logging_mixin.py:190} INFO - [2024-10-06T04:36:28.995+0000] {dag.py:3239} INFO - Sync 1 DAGs
[2024-10-06T04:36:29.017+0000] {logging_mixin.py:190} INFO - [2024-10-06T04:36:29.017+0000] {dag.py:4180} INFO - Setting next_dagrun for example_bash_operator to 2024-10-05 00:00:00+00:00, run_after=2024-10-06 00:00:00+00:00
[2024-10-06T04:36:29.036+0000] {processor.py:208} INFO - Processing /home/airflow/.local/lib/python3.12/site-packages/airflow/example_dags/example_bash_operator.py took 0.085 seconds
[2024-10-06T04:36:59.354+0000] {processor.py:186} INFO - Started process (PID=1543) to work on /home/airflow/.local/lib/python3.12/site-packages/airflow/example_dags/example_bash_operator.py
[2024-10-06T04:36:59.355+0000] {processor.py:914} INFO - Processing file /home/airflow/.local/lib/python3.12/site-packages/airflow/example_dags/example_bash_operator.py for tasks to queue
[2024-10-06T04:36:59.357+0000] {logging_mixin.py:190} INFO - [2024-10-06T04:36:59.357+0000] {dagbag.py:588} INFO - Filling up the DagBag from /home/airflow/.local/lib/python3.12/site-packages/airflow/example_dags/example_bash_operator.py
[2024-10-06T04:36:59.368+0000] {processor.py:925} INFO - DAG(s) 'example_bash_operator' retrieved from /home/airflow/.local/lib/python3.12/site-packages/airflow/example_dags/example_bash_operator.py
[2024-10-06T04:36:59.397+0000] {logging_mixin.py:190} INFO - [2024-10-06T04:36:59.397+0000] {dag.py:3239} INFO - Sync 1 DAGs
[2024-10-06T04:36:59.424+0000] {logging_mixin.py:190} INFO - [2024-10-06T04:36:59.424+0000] {dag.py:4180} INFO - Setting next_dagrun for example_bash_operator to 2024-10-05 00:00:00+00:00, run_after=2024-10-06 00:00:00+00:00
[2024-10-06T04:36:59.446+0000] {processor.py:208} INFO - Processing /home/airflow/.local/lib/python3.12/site-packages/airflow/example_dags/example_bash_operator.py took 0.096 seconds
[2024-10-06T04:37:29.743+0000] {processor.py:186} INFO - Started process (PID=1605) to work on /home/airflow/.local/lib/python3.12/site-packages/airflow/example_dags/example_bash_operator.py
[2024-10-06T04:37:29.744+0000] {processor.py:914} INFO - Processing file /home/airflow/.local/lib/python3.12/site-packages/airflow/example_dags/example_bash_operator.py for tasks to queue
[2024-10-06T04:37:29.745+0000] {logging_mixin.py:190} INFO - [2024-10-06T04:37:29.745+0000] {dagbag.py:588} INFO - Filling up the DagBag from /home/airflow/.local/lib/python3.12/site-packages/airflow/example_dags/example_bash_operator.py
[2024-10-06T04:37:29.755+0000] {processor.py:925} INFO - DAG(s) 'example_bash_operator' retrieved from /home/airflow/.local/lib/python3.12/site-packages/airflow/example_dags/example_bash_operator.py
[2024-10-06T04:37:29.779+0000] {logging_mixin.py:190} INFO - [2024-10-06T04:37:29.779+0000] {dag.py:3239} INFO - Sync 1 DAGs
[2024-10-06T04:37:29.802+0000] {logging_mixin.py:190} INFO - [2024-10-06T04:37:29.802+0000] {dag.py:4180} INFO - Setting next_dagrun for example_bash_operator to 2024-10-05 00:00:00+00:00, run_after=2024-10-06 00:00:00+00:00
[2024-10-06T04:37:29.830+0000] {processor.py:208} INFO - Processing /home/airflow/.local/lib/python3.12/site-packages/airflow/example_dags/example_bash_operator.py took 0.091 seconds
[2024-10-06T04:38:00.122+0000] {processor.py:186} INFO - Started process (PID=1668) to work on /home/airflow/.local/lib/python3.12/site-packages/airflow/example_dags/example_bash_operator.py
[2024-10-06T04:38:00.123+0000] {processor.py:914} INFO - Processing file /home/airflow/.local/lib/python3.12/site-packages/airflow/example_dags/example_bash_operator.py for tasks to queue
[2024-10-06T04:38:00.124+0000] {logging_mixin.py:190} INFO - [2024-10-06T04:38:00.124+0000] {dagbag.py:588} INFO - Filling up the DagBag from /home/airflow/.local/lib/python3.12/site-packages/airflow/example_dags/example_bash_operator.py
[2024-10-06T04:38:00.135+0000] {processor.py:925} INFO - DAG(s) 'example_bash_operator' retrieved from /home/airflow/.local/lib/python3.12/site-packages/airflow/example_dags/example_bash_operator.py
[2024-10-06T04:38:00.156+0000] {logging_mixin.py:190} INFO - [2024-10-06T04:38:00.156+0000] {dag.py:3239} INFO - Sync 1 DAGs
[2024-10-06T04:38:00.177+0000] {logging_mixin.py:190} INFO - [2024-10-06T04:38:00.176+0000] {dag.py:4180} INFO - Setting next_dagrun for example_bash_operator to 2024-10-05 00:00:00+00:00, run_after=2024-10-06 00:00:00+00:00
[2024-10-06T04:38:00.198+0000] {processor.py:208} INFO - Processing /home/airflow/.local/lib/python3.12/site-packages/airflow/example_dags/example_bash_operator.py took 0.080 seconds
[2024-10-06T04:38:30.655+0000] {processor.py:186} INFO - Started process (PID=1731) to work on /home/airflow/.local/lib/python3.12/site-packages/airflow/example_dags/example_bash_operator.py
[2024-10-06T04:38:30.656+0000] {processor.py:914} INFO - Processing file /home/airflow/.local/lib/python3.12/site-packages/airflow/example_dags/example_bash_operator.py for tasks to queue
[2024-10-06T04:38:30.656+0000] {logging_mixin.py:190} INFO - [2024-10-06T04:38:30.656+0000] {dagbag.py:588} INFO - Filling up the DagBag from /home/airflow/.local/lib/python3.12/site-packages/airflow/example_dags/example_bash_operator.py
[2024-10-06T04:38:30.668+0000] {processor.py:925} INFO - DAG(s) 'example_bash_operator' retrieved from /home/airflow/.local/lib/python3.12/site-packages/airflow/example_dags/example_bash_operator.py
[2024-10-06T04:38:30.693+0000] {logging_mixin.py:190} INFO - [2024-10-06T04:38:30.693+0000] {dag.py:3239} INFO - Sync 1 DAGs
[2024-10-06T04:38:30.714+0000] {logging_mixin.py:190} INFO - [2024-10-06T04:38:30.713+0000] {dag.py:4180} INFO - Setting next_dagrun for example_bash_operator to 2024-10-05 00:00:00+00:00, run_after=2024-10-06 00:00:00+00:00
[2024-10-06T04:38:30.732+0000] {processor.py:208} INFO - Processing /home/airflow/.local/lib/python3.12/site-packages/airflow/example_dags/example_bash_operator.py took 0.081 seconds
[2024-10-06T04:39:01.723+0000] {processor.py:186} INFO - Started process (PID=1795) to work on /home/airflow/.local/lib/python3.12/site-packages/airflow/example_dags/example_bash_operator.py
[2024-10-06T04:39:01.723+0000] {processor.py:914} INFO - Processing file /home/airflow/.local/lib/python3.12/site-packages/airflow/example_dags/example_bash_operator.py for tasks to queue
[2024-10-06T04:39:01.724+0000] {logging_mixin.py:190} INFO - [2024-10-06T04:39:01.724+0000] {dagbag.py:588} INFO - Filling up the DagBag from /home/airflow/.local/lib/python3.12/site-packages/airflow/example_dags/example_bash_operator.py
[2024-10-06T04:39:01.735+0000] {processor.py:925} INFO - DAG(s) 'example_bash_operator' retrieved from /home/airflow/.local/lib/python3.12/site-packages/airflow/example_dags/example_bash_operator.py
[2024-10-06T04:39:01.756+0000] {logging_mixin.py:190} INFO - [2024-10-06T04:39:01.756+0000] {dag.py:3239} INFO - Sync 1 DAGs
[2024-10-06T04:39:01.777+0000] {logging_mixin.py:190} INFO - [2024-10-06T04:39:01.777+0000] {dag.py:4180} INFO - Setting next_dagrun for example_bash_operator to 2024-10-05 00:00:00+00:00, run_after=2024-10-06 00:00:00+00:00
[2024-10-06T04:39:01.796+0000] {processor.py:208} INFO - Processing /home/airflow/.local/lib/python3.12/site-packages/airflow/example_dags/example_bash_operator.py took 0.078 seconds
[2024-10-06T04:39:32.004+0000] {processor.py:186} INFO - Started process (PID=1858) to work on /home/airflow/.local/lib/python3.12/site-packages/airflow/example_dags/example_bash_operator.py
[2024-10-06T04:39:32.005+0000] {processor.py:914} INFO - Processing file /home/airflow/.local/lib/python3.12/site-packages/airflow/example_dags/example_bash_operator.py for tasks to queue
[2024-10-06T04:39:32.006+0000] {logging_mixin.py:190} INFO - [2024-10-06T04:39:32.006+0000] {dagbag.py:588} INFO - Filling up the DagBag from /home/airflow/.local/lib/python3.12/site-packages/airflow/example_dags/example_bash_operator.py
[2024-10-06T04:39:32.016+0000] {processor.py:925} INFO - DAG(s) 'example_bash_operator' retrieved from /home/airflow/.local/lib/python3.12/site-packages/airflow/example_dags/example_bash_operator.py
[2024-10-06T04:39:32.042+0000] {logging_mixin.py:190} INFO - [2024-10-06T04:39:32.042+0000] {dag.py:3239} INFO - Sync 1 DAGs
[2024-10-06T04:39:32.063+0000] {logging_mixin.py:190} INFO - [2024-10-06T04:39:32.063+0000] {dag.py:4180} INFO - Setting next_dagrun for example_bash_operator to 2024-10-05 00:00:00+00:00, run_after=2024-10-06 00:00:00+00:00
[2024-10-06T04:39:32.086+0000] {processor.py:208} INFO - Processing /home/airflow/.local/lib/python3.12/site-packages/airflow/example_dags/example_bash_operator.py took 0.086 seconds
[2024-10-06T04:40:03.108+0000] {processor.py:186} INFO - Started process (PID=1921) to work on /home/airflow/.local/lib/python3.12/site-packages/airflow/example_dags/example_bash_operator.py
[2024-10-06T04:40:03.109+0000] {processor.py:914} INFO - Processing file /home/airflow/.local/lib/python3.12/site-packages/airflow/example_dags/example_bash_operator.py for tasks to queue
[2024-10-06T04:40:03.109+0000] {logging_mixin.py:190} INFO - [2024-10-06T04:40:03.109+0000] {dagbag.py:588} INFO - Filling up the DagBag from /home/airflow/.local/lib/python3.12/site-packages/airflow/example_dags/example_bash_operator.py
[2024-10-06T04:40:03.120+0000] {processor.py:925} INFO - DAG(s) 'example_bash_operator' retrieved from /home/airflow/.local/lib/python3.12/site-packages/airflow/example_dags/example_bash_operator.py
[2024-10-06T04:40:03.142+0000] {logging_mixin.py:190} INFO - [2024-10-06T04:40:03.142+0000] {dag.py:3239} INFO - Sync 1 DAGs
[2024-10-06T04:40:03.161+0000] {logging_mixin.py:190} INFO - [2024-10-06T04:40:03.161+0000] {dag.py:4180} INFO - Setting next_dagrun for example_bash_operator to 2024-10-05 00:00:00+00:00, run_after=2024-10-06 00:00:00+00:00
[2024-10-06T04:40:03.177+0000] {processor.py:208} INFO - Processing /home/airflow/.local/lib/python3.12/site-packages/airflow/example_dags/example_bash_operator.py took 0.074 seconds
[2024-10-06T04:40:33.344+0000] {processor.py:186} INFO - Started process (PID=1984) to work on /home/airflow/.local/lib/python3.12/site-packages/airflow/example_dags/example_bash_operator.py
[2024-10-06T04:40:33.344+0000] {processor.py:914} INFO - Processing file /home/airflow/.local/lib/python3.12/site-packages/airflow/example_dags/example_bash_operator.py for tasks to queue
[2024-10-06T04:40:33.345+0000] {logging_mixin.py:190} INFO - [2024-10-06T04:40:33.345+0000] {dagbag.py:588} INFO - Filling up the DagBag from /home/airflow/.local/lib/python3.12/site-packages/airflow/example_dags/example_bash_operator.py
[2024-10-06T04:40:33.356+0000] {processor.py:925} INFO - DAG(s) 'example_bash_operator' retrieved from /home/airflow/.local/lib/python3.12/site-packages/airflow/example_dags/example_bash_operator.py
[2024-10-06T04:40:33.385+0000] {logging_mixin.py:190} INFO - [2024-10-06T04:40:33.384+0000] {dag.py:3239} INFO - Sync 1 DAGs
[2024-10-06T04:40:33.413+0000] {logging_mixin.py:190} INFO - [2024-10-06T04:40:33.413+0000] {dag.py:4180} INFO - Setting next_dagrun for example_bash_operator to 2024-10-05 00:00:00+00:00, run_after=2024-10-06 00:00:00+00:00
[2024-10-06T04:40:33.434+0000] {processor.py:208} INFO - Processing /home/airflow/.local/lib/python3.12/site-packages/airflow/example_dags/example_bash_operator.py took 0.095 seconds
[2024-10-06T04:41:04.159+0000] {processor.py:186} INFO - Started process (PID=2047) to work on /home/airflow/.local/lib/python3.12/site-packages/airflow/example_dags/example_bash_operator.py
[2024-10-06T04:41:04.160+0000] {processor.py:914} INFO - Processing file /home/airflow/.local/lib/python3.12/site-packages/airflow/example_dags/example_bash_operator.py for tasks to queue
[2024-10-06T04:41:04.161+0000] {logging_mixin.py:190} INFO - [2024-10-06T04:41:04.160+0000] {dagbag.py:588} INFO - Filling up the DagBag from /home/airflow/.local/lib/python3.12/site-packages/airflow/example_dags/example_bash_operator.py
[2024-10-06T04:41:04.172+0000] {processor.py:925} INFO - DAG(s) 'example_bash_operator' retrieved from /home/airflow/.local/lib/python3.12/site-packages/airflow/example_dags/example_bash_operator.py
[2024-10-06T04:41:04.192+0000] {logging_mixin.py:190} INFO - [2024-10-06T04:41:04.192+0000] {dag.py:3239} INFO - Sync 1 DAGs
[2024-10-06T04:41:04.212+0000] {logging_mixin.py:190} INFO - [2024-10-06T04:41:04.212+0000] {dag.py:4180} INFO - Setting next_dagrun for example_bash_operator to 2024-10-05 00:00:00+00:00, run_after=2024-10-06 00:00:00+00:00
[2024-10-06T04:41:04.229+0000] {processor.py:208} INFO - Processing /home/airflow/.local/lib/python3.12/site-packages/airflow/example_dags/example_bash_operator.py took 0.074 seconds
[2024-10-06T04:41:35.156+0000] {processor.py:186} INFO - Started process (PID=2110) to work on /home/airflow/.local/lib/python3.12/site-packages/airflow/example_dags/example_bash_operator.py
[2024-10-06T04:41:35.156+0000] {processor.py:914} INFO - Processing file /home/airflow/.local/lib/python3.12/site-packages/airflow/example_dags/example_bash_operator.py for tasks to queue
[2024-10-06T04:41:35.157+0000] {logging_mixin.py:190} INFO - [2024-10-06T04:41:35.157+0000] {dagbag.py:588} INFO - Filling up the DagBag from /home/airflow/.local/lib/python3.12/site-packages/airflow/example_dags/example_bash_operator.py
[2024-10-06T04:41:35.168+0000] {processor.py:925} INFO - DAG(s) 'example_bash_operator' retrieved from /home/airflow/.local/lib/python3.12/site-packages/airflow/example_dags/example_bash_operator.py
[2024-10-06T04:41:35.197+0000] {logging_mixin.py:190} INFO - [2024-10-06T04:41:35.196+0000] {dag.py:3239} INFO - Sync 1 DAGs
[2024-10-06T04:41:35.223+0000] {logging_mixin.py:190} INFO - [2024-10-06T04:41:35.223+0000] {dag.py:4180} INFO - Setting next_dagrun for example_bash_operator to 2024-10-05 00:00:00+00:00, run_after=2024-10-06 00:00:00+00:00
[2024-10-06T04:41:35.243+0000] {processor.py:208} INFO - Processing /home/airflow/.local/lib/python3.12/site-packages/airflow/example_dags/example_bash_operator.py took 0.092 seconds
[2024-10-06T04:42:05.870+0000] {processor.py:186} INFO - Started process (PID=2174) to work on /home/airflow/.local/lib/python3.12/site-packages/airflow/example_dags/example_bash_operator.py
[2024-10-06T04:42:05.871+0000] {processor.py:914} INFO - Processing file /home/airflow/.local/lib/python3.12/site-packages/airflow/example_dags/example_bash_operator.py for tasks to queue
[2024-10-06T04:42:05.872+0000] {logging_mixin.py:190} INFO - [2024-10-06T04:42:05.872+0000] {dagbag.py:588} INFO - Filling up the DagBag from /home/airflow/.local/lib/python3.12/site-packages/airflow/example_dags/example_bash_operator.py
[2024-10-06T04:42:05.883+0000] {processor.py:925} INFO - DAG(s) 'example_bash_operator' retrieved from /home/airflow/.local/lib/python3.12/site-packages/airflow/example_dags/example_bash_operator.py
[2024-10-06T04:42:05.905+0000] {logging_mixin.py:190} INFO - [2024-10-06T04:42:05.904+0000] {dag.py:3239} INFO - Sync 1 DAGs
[2024-10-06T04:42:05.925+0000] {logging_mixin.py:190} INFO - [2024-10-06T04:42:05.925+0000] {dag.py:4180} INFO - Setting next_dagrun for example_bash_operator to 2024-10-05 00:00:00+00:00, run_after=2024-10-06 00:00:00+00:00
[2024-10-06T04:42:05.945+0000] {processor.py:208} INFO - Processing /home/airflow/.local/lib/python3.12/site-packages/airflow/example_dags/example_bash_operator.py took 0.080 seconds
[2024-10-06T04:42:36.736+0000] {processor.py:186} INFO - Started process (PID=2237) to work on /home/airflow/.local/lib/python3.12/site-packages/airflow/example_dags/example_bash_operator.py
[2024-10-06T04:42:36.737+0000] {processor.py:914} INFO - Processing file /home/airflow/.local/lib/python3.12/site-packages/airflow/example_dags/example_bash_operator.py for tasks to queue
[2024-10-06T04:42:36.738+0000] {logging_mixin.py:190} INFO - [2024-10-06T04:42:36.738+0000] {dagbag.py:588} INFO - Filling up the DagBag from /home/airflow/.local/lib/python3.12/site-packages/airflow/example_dags/example_bash_operator.py
[2024-10-06T04:42:36.752+0000] {processor.py:925} INFO - DAG(s) 'example_bash_operator' retrieved from /home/airflow/.local/lib/python3.12/site-packages/airflow/example_dags/example_bash_operator.py
[2024-10-06T04:42:36.785+0000] {logging_mixin.py:190} INFO - [2024-10-06T04:42:36.785+0000] {dag.py:3239} INFO - Sync 1 DAGs
[2024-10-06T04:42:36.812+0000] {logging_mixin.py:190} INFO - [2024-10-06T04:42:36.812+0000] {dag.py:4180} INFO - Setting next_dagrun for example_bash_operator to 2024-10-05 00:00:00+00:00, run_after=2024-10-06 00:00:00+00:00
[2024-10-06T04:42:36.837+0000] {processor.py:208} INFO - Processing /home/airflow/.local/lib/python3.12/site-packages/airflow/example_dags/example_bash_operator.py took 0.107 seconds
[2024-10-06T04:43:07.143+0000] {processor.py:186} INFO - Started process (PID=2300) to work on /home/airflow/.local/lib/python3.12/site-packages/airflow/example_dags/example_bash_operator.py
[2024-10-06T04:43:07.143+0000] {processor.py:914} INFO - Processing file /home/airflow/.local/lib/python3.12/site-packages/airflow/example_dags/example_bash_operator.py for tasks to queue
[2024-10-06T04:43:07.144+0000] {logging_mixin.py:190} INFO - [2024-10-06T04:43:07.144+0000] {dagbag.py:588} INFO - Filling up the DagBag from /home/airflow/.local/lib/python3.12/site-packages/airflow/example_dags/example_bash_operator.py
[2024-10-06T04:43:07.158+0000] {processor.py:925} INFO - DAG(s) 'example_bash_operator' retrieved from /home/airflow/.local/lib/python3.12/site-packages/airflow/example_dags/example_bash_operator.py
[2024-10-06T04:43:07.184+0000] {logging_mixin.py:190} INFO - [2024-10-06T04:43:07.184+0000] {dag.py:3239} INFO - Sync 1 DAGs
[2024-10-06T04:43:07.206+0000] {logging_mixin.py:190} INFO - [2024-10-06T04:43:07.206+0000] {dag.py:4180} INFO - Setting next_dagrun for example_bash_operator to 2024-10-05 00:00:00+00:00, run_after=2024-10-06 00:00:00+00:00
[2024-10-06T04:43:07.225+0000] {processor.py:208} INFO - Processing /home/airflow/.local/lib/python3.12/site-packages/airflow/example_dags/example_bash_operator.py took 0.088 seconds
[2024-10-06T04:43:38.172+0000] {processor.py:186} INFO - Started process (PID=2363) to work on /home/airflow/.local/lib/python3.12/site-packages/airflow/example_dags/example_bash_operator.py
[2024-10-06T04:43:38.173+0000] {processor.py:914} INFO - Processing file /home/airflow/.local/lib/python3.12/site-packages/airflow/example_dags/example_bash_operator.py for tasks to queue
[2024-10-06T04:43:38.174+0000] {logging_mixin.py:190} INFO - [2024-10-06T04:43:38.173+0000] {dagbag.py:588} INFO - Filling up the DagBag from /home/airflow/.local/lib/python3.12/site-packages/airflow/example_dags/example_bash_operator.py
[2024-10-06T04:43:38.186+0000] {processor.py:925} INFO - DAG(s) 'example_bash_operator' retrieved from /home/airflow/.local/lib/python3.12/site-packages/airflow/example_dags/example_bash_operator.py
[2024-10-06T04:43:38.217+0000] {logging_mixin.py:190} INFO - [2024-10-06T04:43:38.217+0000] {dag.py:3239} INFO - Sync 1 DAGs
[2024-10-06T04:43:38.242+0000] {logging_mixin.py:190} INFO - [2024-10-06T04:43:38.242+0000] {dag.py:4180} INFO - Setting next_dagrun for example_bash_operator to 2024-10-05 00:00:00+00:00, run_after=2024-10-06 00:00:00+00:00
[2024-10-06T04:43:38.269+0000] {processor.py:208} INFO - Processing /home/airflow/.local/lib/python3.12/site-packages/airflow/example_dags/example_bash_operator.py took 0.101 seconds
[2024-10-06T04:44:08.497+0000] {processor.py:186} INFO - Started process (PID=2427) to work on /home/airflow/.local/lib/python3.12/site-packages/airflow/example_dags/example_bash_operator.py
[2024-10-06T04:44:08.498+0000] {processor.py:914} INFO - Processing file /home/airflow/.local/lib/python3.12/site-packages/airflow/example_dags/example_bash_operator.py for tasks to queue
[2024-10-06T04:44:08.499+0000] {logging_mixin.py:190} INFO - [2024-10-06T04:44:08.498+0000] {dagbag.py:588} INFO - Filling up the DagBag from /home/airflow/.local/lib/python3.12/site-packages/airflow/example_dags/example_bash_operator.py
[2024-10-06T04:44:08.509+0000] {processor.py:925} INFO - DAG(s) 'example_bash_operator' retrieved from /home/airflow/.local/lib/python3.12/site-packages/airflow/example_dags/example_bash_operator.py
[2024-10-06T04:44:08.529+0000] {logging_mixin.py:190} INFO - [2024-10-06T04:44:08.529+0000] {dag.py:3239} INFO - Sync 1 DAGs
[2024-10-06T04:44:08.548+0000] {logging_mixin.py:190} INFO - [2024-10-06T04:44:08.548+0000] {dag.py:4180} INFO - Setting next_dagrun for example_bash_operator to 2024-10-05 00:00:00+00:00, run_after=2024-10-06 00:00:00+00:00
[2024-10-06T04:44:08.566+0000] {processor.py:208} INFO - Processing /home/airflow/.local/lib/python3.12/site-packages/airflow/example_dags/example_bash_operator.py took 0.073 seconds
[2024-10-06T04:44:39.257+0000] {processor.py:186} INFO - Started process (PID=2491) to work on /home/airflow/.local/lib/python3.12/site-packages/airflow/example_dags/example_bash_operator.py
[2024-10-06T04:44:39.257+0000] {processor.py:914} INFO - Processing file /home/airflow/.local/lib/python3.12/site-packages/airflow/example_dags/example_bash_operator.py for tasks to queue
[2024-10-06T04:44:39.258+0000] {logging_mixin.py:190} INFO - [2024-10-06T04:44:39.258+0000] {dagbag.py:588} INFO - Filling up the DagBag from /home/airflow/.local/lib/python3.12/site-packages/airflow/example_dags/example_bash_operator.py
[2024-10-06T04:44:39.269+0000] {processor.py:925} INFO - DAG(s) 'example_bash_operator' retrieved from /home/airflow/.local/lib/python3.12/site-packages/airflow/example_dags/example_bash_operator.py
[2024-10-06T04:44:39.295+0000] {logging_mixin.py:190} INFO - [2024-10-06T04:44:39.294+0000] {dag.py:3239} INFO - Sync 1 DAGs
[2024-10-06T04:44:39.320+0000] {logging_mixin.py:190} INFO - [2024-10-06T04:44:39.320+0000] {dag.py:4180} INFO - Setting next_dagrun for example_bash_operator to 2024-10-05 00:00:00+00:00, run_after=2024-10-06 00:00:00+00:00
[2024-10-06T04:44:39.337+0000] {processor.py:208} INFO - Processing /home/airflow/.local/lib/python3.12/site-packages/airflow/example_dags/example_bash_operator.py took 0.086 seconds
[2024-10-06T04:45:09.862+0000] {processor.py:186} INFO - Started process (PID=2554) to work on /home/airflow/.local/lib/python3.12/site-packages/airflow/example_dags/example_bash_operator.py
[2024-10-06T04:45:09.863+0000] {processor.py:914} INFO - Processing file /home/airflow/.local/lib/python3.12/site-packages/airflow/example_dags/example_bash_operator.py for tasks to queue
[2024-10-06T04:45:09.864+0000] {logging_mixin.py:190} INFO - [2024-10-06T04:45:09.863+0000] {dagbag.py:588} INFO - Filling up the DagBag from /home/airflow/.local/lib/python3.12/site-packages/airflow/example_dags/example_bash_operator.py
[2024-10-06T04:45:09.874+0000] {processor.py:925} INFO - DAG(s) 'example_bash_operator' retrieved from /home/airflow/.local/lib/python3.12/site-packages/airflow/example_dags/example_bash_operator.py
[2024-10-06T04:45:09.898+0000] {logging_mixin.py:190} INFO - [2024-10-06T04:45:09.898+0000] {dag.py:3239} INFO - Sync 1 DAGs
[2024-10-06T04:45:09.921+0000] {logging_mixin.py:190} INFO - [2024-10-06T04:45:09.921+0000] {dag.py:4180} INFO - Setting next_dagrun for example_bash_operator to 2024-10-05 00:00:00+00:00, run_after=2024-10-06 00:00:00+00:00
[2024-10-06T04:45:09.936+0000] {processor.py:208} INFO - Processing /home/airflow/.local/lib/python3.12/site-packages/airflow/example_dags/example_bash_operator.py took 0.079 seconds
[2024-10-06T04:45:40.510+0000] {processor.py:186} INFO - Started process (PID=2617) to work on /home/airflow/.local/lib/python3.12/site-packages/airflow/example_dags/example_bash_operator.py
[2024-10-06T04:45:40.510+0000] {processor.py:914} INFO - Processing file /home/airflow/.local/lib/python3.12/site-packages/airflow/example_dags/example_bash_operator.py for tasks to queue
[2024-10-06T04:45:40.511+0000] {logging_mixin.py:190} INFO - [2024-10-06T04:45:40.511+0000] {dagbag.py:588} INFO - Filling up the DagBag from /home/airflow/.local/lib/python3.12/site-packages/airflow/example_dags/example_bash_operator.py
[2024-10-06T04:45:40.522+0000] {processor.py:925} INFO - DAG(s) 'example_bash_operator' retrieved from /home/airflow/.local/lib/python3.12/site-packages/airflow/example_dags/example_bash_operator.py
[2024-10-06T04:45:40.547+0000] {logging_mixin.py:190} INFO - [2024-10-06T04:45:40.546+0000] {dag.py:3239} INFO - Sync 1 DAGs
[2024-10-06T04:45:40.567+0000] {logging_mixin.py:190} INFO - [2024-10-06T04:45:40.567+0000] {dag.py:4180} INFO - Setting next_dagrun for example_bash_operator to 2024-10-05 00:00:00+00:00, run_after=2024-10-06 00:00:00+00:00
[2024-10-06T04:45:40.584+0000] {processor.py:208} INFO - Processing /home/airflow/.local/lib/python3.12/site-packages/airflow/example_dags/example_bash_operator.py took 0.080 seconds
[2024-10-06T04:46:11.202+0000] {processor.py:186} INFO - Started process (PID=2680) to work on /home/airflow/.local/lib/python3.12/site-packages/airflow/example_dags/example_bash_operator.py
[2024-10-06T04:46:11.203+0000] {processor.py:914} INFO - Processing file /home/airflow/.local/lib/python3.12/site-packages/airflow/example_dags/example_bash_operator.py for tasks to queue
[2024-10-06T04:46:11.204+0000] {logging_mixin.py:190} INFO - [2024-10-06T04:46:11.203+0000] {dagbag.py:588} INFO - Filling up the DagBag from /home/airflow/.local/lib/python3.12/site-packages/airflow/example_dags/example_bash_operator.py
[2024-10-06T04:46:11.215+0000] {processor.py:925} INFO - DAG(s) 'example_bash_operator' retrieved from /home/airflow/.local/lib/python3.12/site-packages/airflow/example_dags/example_bash_operator.py
[2024-10-06T04:46:11.237+0000] {logging_mixin.py:190} INFO - [2024-10-06T04:46:11.237+0000] {dag.py:3239} INFO - Sync 1 DAGs
[2024-10-06T04:46:11.256+0000] {logging_mixin.py:190} INFO - [2024-10-06T04:46:11.256+0000] {dag.py:4180} INFO - Setting next_dagrun for example_bash_operator to 2024-10-05 00:00:00+00:00, run_after=2024-10-06 00:00:00+00:00
[2024-10-06T04:46:11.277+0000] {processor.py:208} INFO - Processing /home/airflow/.local/lib/python3.12/site-packages/airflow/example_dags/example_bash_operator.py took 0.079 seconds
[2024-10-06T04:46:41.947+0000] {processor.py:186} INFO - Started process (PID=2743) to work on /home/airflow/.local/lib/python3.12/site-packages/airflow/example_dags/example_bash_operator.py
[2024-10-06T04:46:41.948+0000] {processor.py:914} INFO - Processing file /home/airflow/.local/lib/python3.12/site-packages/airflow/example_dags/example_bash_operator.py for tasks to queue
[2024-10-06T04:46:41.948+0000] {logging_mixin.py:190} INFO - [2024-10-06T04:46:41.948+0000] {dagbag.py:588} INFO - Filling up the DagBag from /home/airflow/.local/lib/python3.12/site-packages/airflow/example_dags/example_bash_operator.py
[2024-10-06T04:46:41.960+0000] {processor.py:925} INFO - DAG(s) 'example_bash_operator' retrieved from /home/airflow/.local/lib/python3.12/site-packages/airflow/example_dags/example_bash_operator.py
[2024-10-06T04:46:41.982+0000] {logging_mixin.py:190} INFO - [2024-10-06T04:46:41.982+0000] {dag.py:3239} INFO - Sync 1 DAGs
[2024-10-06T04:46:42.003+0000] {logging_mixin.py:190} INFO - [2024-10-06T04:46:42.003+0000] {dag.py:4180} INFO - Setting next_dagrun for example_bash_operator to 2024-10-05 00:00:00+00:00, run_after=2024-10-06 00:00:00+00:00
[2024-10-06T04:46:42.024+0000] {processor.py:208} INFO - Processing /home/airflow/.local/lib/python3.12/site-packages/airflow/example_dags/example_bash_operator.py took 0.083 seconds
[2024-10-06T04:47:12.415+0000] {processor.py:186} INFO - Started process (PID=2806) to work on /home/airflow/.local/lib/python3.12/site-packages/airflow/example_dags/example_bash_operator.py
[2024-10-06T04:47:12.416+0000] {processor.py:914} INFO - Processing file /home/airflow/.local/lib/python3.12/site-packages/airflow/example_dags/example_bash_operator.py for tasks to queue
[2024-10-06T04:47:12.416+0000] {logging_mixin.py:190} INFO - [2024-10-06T04:47:12.416+0000] {dagbag.py:588} INFO - Filling up the DagBag from /home/airflow/.local/lib/python3.12/site-packages/airflow/example_dags/example_bash_operator.py
[2024-10-06T04:47:12.430+0000] {processor.py:925} INFO - DAG(s) 'example_bash_operator' retrieved from /home/airflow/.local/lib/python3.12/site-packages/airflow/example_dags/example_bash_operator.py
[2024-10-06T04:47:12.452+0000] {logging_mixin.py:190} INFO - [2024-10-06T04:47:12.452+0000] {dag.py:3239} INFO - Sync 1 DAGs
[2024-10-06T04:47:12.474+0000] {logging_mixin.py:190} INFO - [2024-10-06T04:47:12.474+0000] {dag.py:4180} INFO - Setting next_dagrun for example_bash_operator to 2024-10-05 00:00:00+00:00, run_after=2024-10-06 00:00:00+00:00
[2024-10-06T04:47:12.495+0000] {processor.py:208} INFO - Processing /home/airflow/.local/lib/python3.12/site-packages/airflow/example_dags/example_bash_operator.py took 0.085 seconds
[2024-10-06T04:47:43.442+0000] {processor.py:186} INFO - Started process (PID=2869) to work on /home/airflow/.local/lib/python3.12/site-packages/airflow/example_dags/example_bash_operator.py
[2024-10-06T04:47:43.443+0000] {processor.py:914} INFO - Processing file /home/airflow/.local/lib/python3.12/site-packages/airflow/example_dags/example_bash_operator.py for tasks to queue
[2024-10-06T04:47:43.443+0000] {logging_mixin.py:190} INFO - [2024-10-06T04:47:43.443+0000] {dagbag.py:588} INFO - Filling up the DagBag from /home/airflow/.local/lib/python3.12/site-packages/airflow/example_dags/example_bash_operator.py
[2024-10-06T04:47:43.454+0000] {processor.py:925} INFO - DAG(s) 'example_bash_operator' retrieved from /home/airflow/.local/lib/python3.12/site-packages/airflow/example_dags/example_bash_operator.py
[2024-10-06T04:47:43.475+0000] {logging_mixin.py:190} INFO - [2024-10-06T04:47:43.475+0000] {dag.py:3239} INFO - Sync 1 DAGs
[2024-10-06T04:47:43.494+0000] {logging_mixin.py:190} INFO - [2024-10-06T04:47:43.493+0000] {dag.py:4180} INFO - Setting next_dagrun for example_bash_operator to 2024-10-05 00:00:00+00:00, run_after=2024-10-06 00:00:00+00:00
[2024-10-06T04:47:43.512+0000] {processor.py:208} INFO - Processing /home/airflow/.local/lib/python3.12/site-packages/airflow/example_dags/example_bash_operator.py took 0.076 seconds
[2024-10-06T04:48:13.960+0000] {processor.py:186} INFO - Started process (PID=2932) to work on /home/airflow/.local/lib/python3.12/site-packages/airflow/example_dags/example_bash_operator.py
[2024-10-06T04:48:13.961+0000] {processor.py:914} INFO - Processing file /home/airflow/.local/lib/python3.12/site-packages/airflow/example_dags/example_bash_operator.py for tasks to queue
[2024-10-06T04:48:13.962+0000] {logging_mixin.py:190} INFO - [2024-10-06T04:48:13.961+0000] {dagbag.py:588} INFO - Filling up the DagBag from /home/airflow/.local/lib/python3.12/site-packages/airflow/example_dags/example_bash_operator.py
[2024-10-06T04:48:13.974+0000] {processor.py:925} INFO - DAG(s) 'example_bash_operator' retrieved from /home/airflow/.local/lib/python3.12/site-packages/airflow/example_dags/example_bash_operator.py
[2024-10-06T04:48:13.995+0000] {logging_mixin.py:190} INFO - [2024-10-06T04:48:13.995+0000] {dag.py:3239} INFO - Sync 1 DAGs
[2024-10-06T04:48:14.016+0000] {logging_mixin.py:190} INFO - [2024-10-06T04:48:14.016+0000] {dag.py:4180} INFO - Setting next_dagrun for example_bash_operator to 2024-10-05 00:00:00+00:00, run_after=2024-10-06 00:00:00+00:00
[2024-10-06T04:48:14.036+0000] {processor.py:208} INFO - Processing /home/airflow/.local/lib/python3.12/site-packages/airflow/example_dags/example_bash_operator.py took 0.081 seconds
[2024-10-06T04:48:44.406+0000] {processor.py:186} INFO - Started process (PID=2995) to work on /home/airflow/.local/lib/python3.12/site-packages/airflow/example_dags/example_bash_operator.py
[2024-10-06T04:48:44.407+0000] {processor.py:914} INFO - Processing file /home/airflow/.local/lib/python3.12/site-packages/airflow/example_dags/example_bash_operator.py for tasks to queue
[2024-10-06T04:48:44.407+0000] {logging_mixin.py:190} INFO - [2024-10-06T04:48:44.407+0000] {dagbag.py:588} INFO - Filling up the DagBag from /home/airflow/.local/lib/python3.12/site-packages/airflow/example_dags/example_bash_operator.py
[2024-10-06T04:48:44.418+0000] {processor.py:925} INFO - DAG(s) 'example_bash_operator' retrieved from /home/airflow/.local/lib/python3.12/site-packages/airflow/example_dags/example_bash_operator.py
[2024-10-06T04:48:44.446+0000] {logging_mixin.py:190} INFO - [2024-10-06T04:48:44.446+0000] {dag.py:3239} INFO - Sync 1 DAGs
[2024-10-06T04:48:44.466+0000] {logging_mixin.py:190} INFO - [2024-10-06T04:48:44.466+0000] {dag.py:4180} INFO - Setting next_dagrun for example_bash_operator to 2024-10-05 00:00:00+00:00, run_after=2024-10-06 00:00:00+00:00
[2024-10-06T04:48:44.486+0000] {processor.py:208} INFO - Processing /home/airflow/.local/lib/python3.12/site-packages/airflow/example_dags/example_bash_operator.py took 0.084 seconds
[2024-10-06T04:49:14.998+0000] {processor.py:186} INFO - Started process (PID=3059) to work on /home/airflow/.local/lib/python3.12/site-packages/airflow/example_dags/example_bash_operator.py
[2024-10-06T04:49:14.999+0000] {processor.py:914} INFO - Processing file /home/airflow/.local/lib/python3.12/site-packages/airflow/example_dags/example_bash_operator.py for tasks to queue
[2024-10-06T04:49:15.000+0000] {logging_mixin.py:190} INFO - [2024-10-06T04:49:14.999+0000] {dagbag.py:588} INFO - Filling up the DagBag from /home/airflow/.local/lib/python3.12/site-packages/airflow/example_dags/example_bash_operator.py
[2024-10-06T04:49:15.010+0000] {processor.py:925} INFO - DAG(s) 'example_bash_operator' retrieved from /home/airflow/.local/lib/python3.12/site-packages/airflow/example_dags/example_bash_operator.py
[2024-10-06T04:49:15.030+0000] {logging_mixin.py:190} INFO - [2024-10-06T04:49:15.030+0000] {dag.py:3239} INFO - Sync 1 DAGs
[2024-10-06T04:49:15.049+0000] {logging_mixin.py:190} INFO - [2024-10-06T04:49:15.049+0000] {dag.py:4180} INFO - Setting next_dagrun for example_bash_operator to 2024-10-05 00:00:00+00:00, run_after=2024-10-06 00:00:00+00:00
[2024-10-06T04:49:15.065+0000] {processor.py:208} INFO - Processing /home/airflow/.local/lib/python3.12/site-packages/airflow/example_dags/example_bash_operator.py took 0.071 seconds
[2024-10-06T04:49:45.531+0000] {processor.py:186} INFO - Started process (PID=3122) to work on /home/airflow/.local/lib/python3.12/site-packages/airflow/example_dags/example_bash_operator.py
[2024-10-06T04:49:45.531+0000] {processor.py:914} INFO - Processing file /home/airflow/.local/lib/python3.12/site-packages/airflow/example_dags/example_bash_operator.py for tasks to queue
[2024-10-06T04:49:45.532+0000] {logging_mixin.py:190} INFO - [2024-10-06T04:49:45.532+0000] {dagbag.py:588} INFO - Filling up the DagBag from /home/airflow/.local/lib/python3.12/site-packages/airflow/example_dags/example_bash_operator.py
[2024-10-06T04:49:45.543+0000] {processor.py:925} INFO - DAG(s) 'example_bash_operator' retrieved from /home/airflow/.local/lib/python3.12/site-packages/airflow/example_dags/example_bash_operator.py
[2024-10-06T04:49:45.570+0000] {logging_mixin.py:190} INFO - [2024-10-06T04:49:45.570+0000] {dag.py:3239} INFO - Sync 1 DAGs
[2024-10-06T04:49:45.598+0000] {logging_mixin.py:190} INFO - [2024-10-06T04:49:45.597+0000] {dag.py:4180} INFO - Setting next_dagrun for example_bash_operator to 2024-10-05 00:00:00+00:00, run_after=2024-10-06 00:00:00+00:00
[2024-10-06T04:49:45.620+0000] {processor.py:208} INFO - Processing /home/airflow/.local/lib/python3.12/site-packages/airflow/example_dags/example_bash_operator.py took 0.094 seconds
[2024-10-06T04:50:15.954+0000] {processor.py:186} INFO - Started process (PID=3185) to work on /home/airflow/.local/lib/python3.12/site-packages/airflow/example_dags/example_bash_operator.py
[2024-10-06T04:50:15.955+0000] {processor.py:914} INFO - Processing file /home/airflow/.local/lib/python3.12/site-packages/airflow/example_dags/example_bash_operator.py for tasks to queue
[2024-10-06T04:50:15.956+0000] {logging_mixin.py:190} INFO - [2024-10-06T04:50:15.955+0000] {dagbag.py:588} INFO - Filling up the DagBag from /home/airflow/.local/lib/python3.12/site-packages/airflow/example_dags/example_bash_operator.py
[2024-10-06T04:50:15.968+0000] {processor.py:925} INFO - DAG(s) 'example_bash_operator' retrieved from /home/airflow/.local/lib/python3.12/site-packages/airflow/example_dags/example_bash_operator.py
[2024-10-06T04:50:16.013+0000] {logging_mixin.py:190} INFO - [2024-10-06T04:50:16.012+0000] {dag.py:3239} INFO - Sync 1 DAGs
[2024-10-06T04:50:16.039+0000] {logging_mixin.py:190} INFO - [2024-10-06T04:50:16.038+0000] {dag.py:4180} INFO - Setting next_dagrun for example_bash_operator to 2024-10-05 00:00:00+00:00, run_after=2024-10-06 00:00:00+00:00
[2024-10-06T04:50:16.064+0000] {processor.py:208} INFO - Processing /home/airflow/.local/lib/python3.12/site-packages/airflow/example_dags/example_bash_operator.py took 0.117 seconds
[2024-10-06T04:50:46.196+0000] {processor.py:186} INFO - Started process (PID=3247) to work on /home/airflow/.local/lib/python3.12/site-packages/airflow/example_dags/example_bash_operator.py
[2024-10-06T04:50:46.197+0000] {processor.py:914} INFO - Processing file /home/airflow/.local/lib/python3.12/site-packages/airflow/example_dags/example_bash_operator.py for tasks to queue
[2024-10-06T04:50:46.198+0000] {logging_mixin.py:190} INFO - [2024-10-06T04:50:46.198+0000] {dagbag.py:588} INFO - Filling up the DagBag from /home/airflow/.local/lib/python3.12/site-packages/airflow/example_dags/example_bash_operator.py
[2024-10-06T04:50:46.214+0000] {processor.py:925} INFO - DAG(s) 'example_bash_operator' retrieved from /home/airflow/.local/lib/python3.12/site-packages/airflow/example_dags/example_bash_operator.py
[2024-10-06T04:50:46.246+0000] {logging_mixin.py:190} INFO - [2024-10-06T04:50:46.246+0000] {dag.py:3239} INFO - Sync 1 DAGs
[2024-10-06T04:50:46.269+0000] {logging_mixin.py:190} INFO - [2024-10-06T04:50:46.268+0000] {dag.py:4180} INFO - Setting next_dagrun for example_bash_operator to 2024-10-05 00:00:00+00:00, run_after=2024-10-06 00:00:00+00:00
[2024-10-06T04:50:46.290+0000] {processor.py:208} INFO - Processing /home/airflow/.local/lib/python3.12/site-packages/airflow/example_dags/example_bash_operator.py took 0.100 seconds
[2024-10-06T04:51:16.724+0000] {processor.py:186} INFO - Started process (PID=3310) to work on /home/airflow/.local/lib/python3.12/site-packages/airflow/example_dags/example_bash_operator.py
[2024-10-06T04:51:16.724+0000] {processor.py:914} INFO - Processing file /home/airflow/.local/lib/python3.12/site-packages/airflow/example_dags/example_bash_operator.py for tasks to queue
[2024-10-06T04:51:16.726+0000] {logging_mixin.py:190} INFO - [2024-10-06T04:51:16.725+0000] {dagbag.py:588} INFO - Filling up the DagBag from /home/airflow/.local/lib/python3.12/site-packages/airflow/example_dags/example_bash_operator.py
[2024-10-06T04:51:16.741+0000] {processor.py:925} INFO - DAG(s) 'example_bash_operator' retrieved from /home/airflow/.local/lib/python3.12/site-packages/airflow/example_dags/example_bash_operator.py
[2024-10-06T04:51:16.771+0000] {logging_mixin.py:190} INFO - [2024-10-06T04:51:16.771+0000] {dag.py:3239} INFO - Sync 1 DAGs
[2024-10-06T04:51:16.797+0000] {logging_mixin.py:190} INFO - [2024-10-06T04:51:16.797+0000] {dag.py:4180} INFO - Setting next_dagrun for example_bash_operator to 2024-10-05 00:00:00+00:00, run_after=2024-10-06 00:00:00+00:00
[2024-10-06T04:51:16.819+0000] {processor.py:208} INFO - Processing /home/airflow/.local/lib/python3.12/site-packages/airflow/example_dags/example_bash_operator.py took 0.102 seconds
[2024-10-06T04:51:46.996+0000] {processor.py:186} INFO - Started process (PID=3373) to work on /home/airflow/.local/lib/python3.12/site-packages/airflow/example_dags/example_bash_operator.py
[2024-10-06T04:51:46.997+0000] {processor.py:914} INFO - Processing file /home/airflow/.local/lib/python3.12/site-packages/airflow/example_dags/example_bash_operator.py for tasks to queue
[2024-10-06T04:51:46.998+0000] {logging_mixin.py:190} INFO - [2024-10-06T04:51:46.998+0000] {dagbag.py:588} INFO - Filling up the DagBag from /home/airflow/.local/lib/python3.12/site-packages/airflow/example_dags/example_bash_operator.py
[2024-10-06T04:51:47.010+0000] {processor.py:925} INFO - DAG(s) 'example_bash_operator' retrieved from /home/airflow/.local/lib/python3.12/site-packages/airflow/example_dags/example_bash_operator.py
[2024-10-06T04:51:47.035+0000] {logging_mixin.py:190} INFO - [2024-10-06T04:51:47.034+0000] {dag.py:3239} INFO - Sync 1 DAGs
[2024-10-06T04:51:47.057+0000] {logging_mixin.py:190} INFO - [2024-10-06T04:51:47.056+0000] {dag.py:4180} INFO - Setting next_dagrun for example_bash_operator to 2024-10-05 00:00:00+00:00, run_after=2024-10-06 00:00:00+00:00
[2024-10-06T04:51:47.078+0000] {processor.py:208} INFO - Processing /home/airflow/.local/lib/python3.12/site-packages/airflow/example_dags/example_bash_operator.py took 0.087 seconds
[2024-10-06T04:52:17.355+0000] {processor.py:186} INFO - Started process (PID=3436) to work on /home/airflow/.local/lib/python3.12/site-packages/airflow/example_dags/example_bash_operator.py
[2024-10-06T04:52:17.356+0000] {processor.py:914} INFO - Processing file /home/airflow/.local/lib/python3.12/site-packages/airflow/example_dags/example_bash_operator.py for tasks to queue
[2024-10-06T04:52:17.356+0000] {logging_mixin.py:190} INFO - [2024-10-06T04:52:17.356+0000] {dagbag.py:588} INFO - Filling up the DagBag from /home/airflow/.local/lib/python3.12/site-packages/airflow/example_dags/example_bash_operator.py
[2024-10-06T04:52:17.368+0000] {processor.py:925} INFO - DAG(s) 'example_bash_operator' retrieved from /home/airflow/.local/lib/python3.12/site-packages/airflow/example_dags/example_bash_operator.py
[2024-10-06T04:52:17.395+0000] {logging_mixin.py:190} INFO - [2024-10-06T04:52:17.395+0000] {dag.py:3239} INFO - Sync 1 DAGs
[2024-10-06T04:52:17.414+0000] {logging_mixin.py:190} INFO - [2024-10-06T04:52:17.414+0000] {dag.py:4180} INFO - Setting next_dagrun for example_bash_operator to 2024-10-05 00:00:00+00:00, run_after=2024-10-06 00:00:00+00:00
[2024-10-06T04:52:17.433+0000] {processor.py:208} INFO - Processing /home/airflow/.local/lib/python3.12/site-packages/airflow/example_dags/example_bash_operator.py took 0.083 seconds
[2024-10-06T04:52:47.637+0000] {processor.py:186} INFO - Started process (PID=3500) to work on /home/airflow/.local/lib/python3.12/site-packages/airflow/example_dags/example_bash_operator.py
[2024-10-06T04:52:47.638+0000] {processor.py:914} INFO - Processing file /home/airflow/.local/lib/python3.12/site-packages/airflow/example_dags/example_bash_operator.py for tasks to queue
[2024-10-06T04:52:47.638+0000] {logging_mixin.py:190} INFO - [2024-10-06T04:52:47.638+0000] {dagbag.py:588} INFO - Filling up the DagBag from /home/airflow/.local/lib/python3.12/site-packages/airflow/example_dags/example_bash_operator.py
[2024-10-06T04:52:47.649+0000] {processor.py:925} INFO - DAG(s) 'example_bash_operator' retrieved from /home/airflow/.local/lib/python3.12/site-packages/airflow/example_dags/example_bash_operator.py
[2024-10-06T04:52:47.672+0000] {logging_mixin.py:190} INFO - [2024-10-06T04:52:47.671+0000] {dag.py:3239} INFO - Sync 1 DAGs
[2024-10-06T04:52:47.693+0000] {logging_mixin.py:190} INFO - [2024-10-06T04:52:47.693+0000] {dag.py:4180} INFO - Setting next_dagrun for example_bash_operator to 2024-10-05 00:00:00+00:00, run_after=2024-10-06 00:00:00+00:00
[2024-10-06T04:52:47.725+0000] {processor.py:208} INFO - Processing /home/airflow/.local/lib/python3.12/site-packages/airflow/example_dags/example_bash_operator.py took 0.093 seconds
[2024-10-06T04:53:17.961+0000] {processor.py:186} INFO - Started process (PID=3563) to work on /home/airflow/.local/lib/python3.12/site-packages/airflow/example_dags/example_bash_operator.py
[2024-10-06T04:53:17.961+0000] {processor.py:914} INFO - Processing file /home/airflow/.local/lib/python3.12/site-packages/airflow/example_dags/example_bash_operator.py for tasks to queue
[2024-10-06T04:53:17.962+0000] {logging_mixin.py:190} INFO - [2024-10-06T04:53:17.962+0000] {dagbag.py:588} INFO - Filling up the DagBag from /home/airflow/.local/lib/python3.12/site-packages/airflow/example_dags/example_bash_operator.py
[2024-10-06T04:53:17.975+0000] {processor.py:925} INFO - DAG(s) 'example_bash_operator' retrieved from /home/airflow/.local/lib/python3.12/site-packages/airflow/example_dags/example_bash_operator.py
[2024-10-06T04:53:18.003+0000] {logging_mixin.py:190} INFO - [2024-10-06T04:53:18.003+0000] {dag.py:3239} INFO - Sync 1 DAGs
[2024-10-06T04:53:18.030+0000] {logging_mixin.py:190} INFO - [2024-10-06T04:53:18.030+0000] {dag.py:4180} INFO - Setting next_dagrun for example_bash_operator to 2024-10-05 00:00:00+00:00, run_after=2024-10-06 00:00:00+00:00
[2024-10-06T04:53:18.051+0000] {processor.py:208} INFO - Processing /home/airflow/.local/lib/python3.12/site-packages/airflow/example_dags/example_bash_operator.py took 0.095 seconds
[2024-10-06T04:53:48.332+0000] {processor.py:186} INFO - Started process (PID=3626) to work on /home/airflow/.local/lib/python3.12/site-packages/airflow/example_dags/example_bash_operator.py
[2024-10-06T04:53:48.333+0000] {processor.py:914} INFO - Processing file /home/airflow/.local/lib/python3.12/site-packages/airflow/example_dags/example_bash_operator.py for tasks to queue
[2024-10-06T04:53:48.334+0000] {logging_mixin.py:190} INFO - [2024-10-06T04:53:48.334+0000] {dagbag.py:588} INFO - Filling up the DagBag from /home/airflow/.local/lib/python3.12/site-packages/airflow/example_dags/example_bash_operator.py
[2024-10-06T04:53:48.348+0000] {processor.py:925} INFO - DAG(s) 'example_bash_operator' retrieved from /home/airflow/.local/lib/python3.12/site-packages/airflow/example_dags/example_bash_operator.py
[2024-10-06T04:53:48.372+0000] {logging_mixin.py:190} INFO - [2024-10-06T04:53:48.372+0000] {dag.py:3239} INFO - Sync 1 DAGs
[2024-10-06T04:53:48.394+0000] {logging_mixin.py:190} INFO - [2024-10-06T04:53:48.394+0000] {dag.py:4180} INFO - Setting next_dagrun for example_bash_operator to 2024-10-05 00:00:00+00:00, run_after=2024-10-06 00:00:00+00:00
[2024-10-06T04:53:48.412+0000] {processor.py:208} INFO - Processing /home/airflow/.local/lib/python3.12/site-packages/airflow/example_dags/example_bash_operator.py took 0.086 seconds
[2024-10-06T04:54:19.353+0000] {processor.py:186} INFO - Started process (PID=3689) to work on /home/airflow/.local/lib/python3.12/site-packages/airflow/example_dags/example_bash_operator.py
[2024-10-06T04:54:19.354+0000] {processor.py:914} INFO - Processing file /home/airflow/.local/lib/python3.12/site-packages/airflow/example_dags/example_bash_operator.py for tasks to queue
[2024-10-06T04:54:19.355+0000] {logging_mixin.py:190} INFO - [2024-10-06T04:54:19.355+0000] {dagbag.py:588} INFO - Filling up the DagBag from /home/airflow/.local/lib/python3.12/site-packages/airflow/example_dags/example_bash_operator.py
[2024-10-06T04:54:19.369+0000] {processor.py:925} INFO - DAG(s) 'example_bash_operator' retrieved from /home/airflow/.local/lib/python3.12/site-packages/airflow/example_dags/example_bash_operator.py
[2024-10-06T04:54:19.392+0000] {logging_mixin.py:190} INFO - [2024-10-06T04:54:19.392+0000] {dag.py:3239} INFO - Sync 1 DAGs
[2024-10-06T04:54:19.412+0000] {logging_mixin.py:190} INFO - [2024-10-06T04:54:19.412+0000] {dag.py:4180} INFO - Setting next_dagrun for example_bash_operator to 2024-10-05 00:00:00+00:00, run_after=2024-10-06 00:00:00+00:00
[2024-10-06T04:54:19.429+0000] {processor.py:208} INFO - Processing /home/airflow/.local/lib/python3.12/site-packages/airflow/example_dags/example_bash_operator.py took 0.081 seconds
[2024-10-06T04:54:49.685+0000] {processor.py:186} INFO - Started process (PID=3759) to work on /home/airflow/.local/lib/python3.12/site-packages/airflow/example_dags/example_bash_operator.py
[2024-10-06T04:54:49.685+0000] {processor.py:914} INFO - Processing file /home/airflow/.local/lib/python3.12/site-packages/airflow/example_dags/example_bash_operator.py for tasks to queue
[2024-10-06T04:54:49.687+0000] {logging_mixin.py:190} INFO - [2024-10-06T04:54:49.686+0000] {dagbag.py:588} INFO - Filling up the DagBag from /home/airflow/.local/lib/python3.12/site-packages/airflow/example_dags/example_bash_operator.py
[2024-10-06T04:54:49.702+0000] {processor.py:925} INFO - DAG(s) 'example_bash_operator' retrieved from /home/airflow/.local/lib/python3.12/site-packages/airflow/example_dags/example_bash_operator.py
[2024-10-06T04:54:49.724+0000] {logging_mixin.py:190} INFO - [2024-10-06T04:54:49.724+0000] {dag.py:3239} INFO - Sync 1 DAGs
[2024-10-06T04:54:49.743+0000] {logging_mixin.py:190} INFO - [2024-10-06T04:54:49.743+0000] {dag.py:4180} INFO - Setting next_dagrun for example_bash_operator to 2024-10-05 00:00:00+00:00, run_after=2024-10-06 00:00:00+00:00
[2024-10-06T04:54:49.766+0000] {processor.py:208} INFO - Processing /home/airflow/.local/lib/python3.12/site-packages/airflow/example_dags/example_bash_operator.py took 0.087 seconds
[2024-10-06T04:55:20.141+0000] {processor.py:186} INFO - Started process (PID=3822) to work on /home/airflow/.local/lib/python3.12/site-packages/airflow/example_dags/example_bash_operator.py
[2024-10-06T04:55:20.141+0000] {processor.py:914} INFO - Processing file /home/airflow/.local/lib/python3.12/site-packages/airflow/example_dags/example_bash_operator.py for tasks to queue
[2024-10-06T04:55:20.142+0000] {logging_mixin.py:190} INFO - [2024-10-06T04:55:20.142+0000] {dagbag.py:588} INFO - Filling up the DagBag from /home/airflow/.local/lib/python3.12/site-packages/airflow/example_dags/example_bash_operator.py
[2024-10-06T04:55:20.152+0000] {processor.py:925} INFO - DAG(s) 'example_bash_operator' retrieved from /home/airflow/.local/lib/python3.12/site-packages/airflow/example_dags/example_bash_operator.py
[2024-10-06T04:55:20.174+0000] {logging_mixin.py:190} INFO - [2024-10-06T04:55:20.173+0000] {dag.py:3239} INFO - Sync 1 DAGs
[2024-10-06T04:55:20.196+0000] {logging_mixin.py:190} INFO - [2024-10-06T04:55:20.196+0000] {dag.py:4180} INFO - Setting next_dagrun for example_bash_operator to 2024-10-05 00:00:00+00:00, run_after=2024-10-06 00:00:00+00:00
[2024-10-06T04:55:20.218+0000] {processor.py:208} INFO - Processing /home/airflow/.local/lib/python3.12/site-packages/airflow/example_dags/example_bash_operator.py took 0.083 seconds
[2024-10-06T04:55:50.682+0000] {processor.py:186} INFO - Started process (PID=3886) to work on /home/airflow/.local/lib/python3.12/site-packages/airflow/example_dags/example_bash_operator.py
[2024-10-06T04:55:50.682+0000] {processor.py:914} INFO - Processing file /home/airflow/.local/lib/python3.12/site-packages/airflow/example_dags/example_bash_operator.py for tasks to queue
[2024-10-06T04:55:50.683+0000] {logging_mixin.py:190} INFO - [2024-10-06T04:55:50.683+0000] {dagbag.py:588} INFO - Filling up the DagBag from /home/airflow/.local/lib/python3.12/site-packages/airflow/example_dags/example_bash_operator.py
[2024-10-06T04:55:50.696+0000] {processor.py:925} INFO - DAG(s) 'example_bash_operator' retrieved from /home/airflow/.local/lib/python3.12/site-packages/airflow/example_dags/example_bash_operator.py
[2024-10-06T04:55:50.719+0000] {logging_mixin.py:190} INFO - [2024-10-06T04:55:50.719+0000] {dag.py:3239} INFO - Sync 1 DAGs
[2024-10-06T04:55:50.748+0000] {logging_mixin.py:190} INFO - [2024-10-06T04:55:50.748+0000] {dag.py:4180} INFO - Setting next_dagrun for example_bash_operator to 2024-10-05 00:00:00+00:00, run_after=2024-10-06 00:00:00+00:00
[2024-10-06T04:55:50.774+0000] {processor.py:208} INFO - Processing /home/airflow/.local/lib/python3.12/site-packages/airflow/example_dags/example_bash_operator.py took 0.097 seconds
[2024-10-06T04:56:21.015+0000] {processor.py:186} INFO - Started process (PID=3950) to work on /home/airflow/.local/lib/python3.12/site-packages/airflow/example_dags/example_bash_operator.py
[2024-10-06T04:56:21.016+0000] {processor.py:914} INFO - Processing file /home/airflow/.local/lib/python3.12/site-packages/airflow/example_dags/example_bash_operator.py for tasks to queue
[2024-10-06T04:56:21.016+0000] {logging_mixin.py:190} INFO - [2024-10-06T04:56:21.016+0000] {dagbag.py:588} INFO - Filling up the DagBag from /home/airflow/.local/lib/python3.12/site-packages/airflow/example_dags/example_bash_operator.py
[2024-10-06T04:56:21.028+0000] {processor.py:925} INFO - DAG(s) 'example_bash_operator' retrieved from /home/airflow/.local/lib/python3.12/site-packages/airflow/example_dags/example_bash_operator.py
[2024-10-06T04:56:21.055+0000] {logging_mixin.py:190} INFO - [2024-10-06T04:56:21.055+0000] {dag.py:3239} INFO - Sync 1 DAGs
[2024-10-06T04:56:21.084+0000] {logging_mixin.py:190} INFO - [2024-10-06T04:56:21.084+0000] {dag.py:4180} INFO - Setting next_dagrun for example_bash_operator to 2024-10-05 00:00:00+00:00, run_after=2024-10-06 00:00:00+00:00
[2024-10-06T04:56:21.109+0000] {processor.py:208} INFO - Processing /home/airflow/.local/lib/python3.12/site-packages/airflow/example_dags/example_bash_operator.py took 0.099 seconds
[2024-10-06T04:56:51.542+0000] {processor.py:186} INFO - Started process (PID=4014) to work on /home/airflow/.local/lib/python3.12/site-packages/airflow/example_dags/example_bash_operator.py
[2024-10-06T04:56:51.543+0000] {processor.py:914} INFO - Processing file /home/airflow/.local/lib/python3.12/site-packages/airflow/example_dags/example_bash_operator.py for tasks to queue
[2024-10-06T04:56:51.544+0000] {logging_mixin.py:190} INFO - [2024-10-06T04:56:51.544+0000] {dagbag.py:588} INFO - Filling up the DagBag from /home/airflow/.local/lib/python3.12/site-packages/airflow/example_dags/example_bash_operator.py
[2024-10-06T04:56:51.555+0000] {processor.py:925} INFO - DAG(s) 'example_bash_operator' retrieved from /home/airflow/.local/lib/python3.12/site-packages/airflow/example_dags/example_bash_operator.py
[2024-10-06T04:56:51.577+0000] {logging_mixin.py:190} INFO - [2024-10-06T04:56:51.577+0000] {dag.py:3239} INFO - Sync 1 DAGs
[2024-10-06T04:56:51.598+0000] {logging_mixin.py:190} INFO - [2024-10-06T04:56:51.598+0000] {dag.py:4180} INFO - Setting next_dagrun for example_bash_operator to 2024-10-05 00:00:00+00:00, run_after=2024-10-06 00:00:00+00:00
[2024-10-06T04:56:51.619+0000] {processor.py:208} INFO - Processing /home/airflow/.local/lib/python3.12/site-packages/airflow/example_dags/example_bash_operator.py took 0.081 seconds
[2024-10-06T04:57:22.031+0000] {processor.py:186} INFO - Started process (PID=4078) to work on /home/airflow/.local/lib/python3.12/site-packages/airflow/example_dags/example_bash_operator.py
[2024-10-06T04:57:22.031+0000] {processor.py:914} INFO - Processing file /home/airflow/.local/lib/python3.12/site-packages/airflow/example_dags/example_bash_operator.py for tasks to queue
[2024-10-06T04:57:22.032+0000] {logging_mixin.py:190} INFO - [2024-10-06T04:57:22.032+0000] {dagbag.py:588} INFO - Filling up the DagBag from /home/airflow/.local/lib/python3.12/site-packages/airflow/example_dags/example_bash_operator.py
[2024-10-06T04:57:22.044+0000] {processor.py:925} INFO - DAG(s) 'example_bash_operator' retrieved from /home/airflow/.local/lib/python3.12/site-packages/airflow/example_dags/example_bash_operator.py
[2024-10-06T04:57:22.065+0000] {logging_mixin.py:190} INFO - [2024-10-06T04:57:22.065+0000] {dag.py:3239} INFO - Sync 1 DAGs
[2024-10-06T04:57:22.085+0000] {logging_mixin.py:190} INFO - [2024-10-06T04:57:22.085+0000] {dag.py:4180} INFO - Setting next_dagrun for example_bash_operator to 2024-10-05 00:00:00+00:00, run_after=2024-10-06 00:00:00+00:00
[2024-10-06T04:57:22.101+0000] {processor.py:208} INFO - Processing /home/airflow/.local/lib/python3.12/site-packages/airflow/example_dags/example_bash_operator.py took 0.075 seconds
[2024-10-06T04:57:52.445+0000] {processor.py:186} INFO - Started process (PID=4142) to work on /home/airflow/.local/lib/python3.12/site-packages/airflow/example_dags/example_bash_operator.py
[2024-10-06T04:57:52.446+0000] {processor.py:914} INFO - Processing file /home/airflow/.local/lib/python3.12/site-packages/airflow/example_dags/example_bash_operator.py for tasks to queue
[2024-10-06T04:57:52.447+0000] {logging_mixin.py:190} INFO - [2024-10-06T04:57:52.446+0000] {dagbag.py:588} INFO - Filling up the DagBag from /home/airflow/.local/lib/python3.12/site-packages/airflow/example_dags/example_bash_operator.py
[2024-10-06T04:57:52.458+0000] {processor.py:925} INFO - DAG(s) 'example_bash_operator' retrieved from /home/airflow/.local/lib/python3.12/site-packages/airflow/example_dags/example_bash_operator.py
[2024-10-06T04:57:52.486+0000] {logging_mixin.py:190} INFO - [2024-10-06T04:57:52.486+0000] {dag.py:3239} INFO - Sync 1 DAGs
[2024-10-06T04:57:52.515+0000] {logging_mixin.py:190} INFO - [2024-10-06T04:57:52.514+0000] {dag.py:4180} INFO - Setting next_dagrun for example_bash_operator to 2024-10-05 00:00:00+00:00, run_after=2024-10-06 00:00:00+00:00
[2024-10-06T04:57:52.540+0000] {processor.py:208} INFO - Processing /home/airflow/.local/lib/python3.12/site-packages/airflow/example_dags/example_bash_operator.py took 0.100 seconds
