[2024-10-06T04:25:20.267+0000] {processor.py:186} INFO - Started process (PID=87) to work on /home/airflow/.local/lib/python3.12/site-packages/airflow/example_dags/example_trigger_target_dag.py
[2024-10-06T04:25:20.268+0000] {processor.py:914} INFO - Processing file /home/airflow/.local/lib/python3.12/site-packages/airflow/example_dags/example_trigger_target_dag.py for tasks to queue
[2024-10-06T04:25:20.270+0000] {logging_mixin.py:190} INFO - [2024-10-06T04:25:20.269+0000] {dagbag.py:588} INFO - Filling up the DagBag from /home/airflow/.local/lib/python3.12/site-packages/airflow/example_dags/example_trigger_target_dag.py
[2024-10-06T04:25:20.279+0000] {processor.py:925} INFO - DAG(s) 'example_trigger_target_dag' retrieved from /home/airflow/.local/lib/python3.12/site-packages/airflow/example_dags/example_trigger_target_dag.py
[2024-10-06T04:25:20.407+0000] {logging_mixin.py:190} INFO - [2024-10-06T04:25:20.407+0000] {override.py:1900} INFO - Created Permission View: can edit on DAG:example_trigger_target_dag
[2024-10-06T04:25:20.419+0000] {logging_mixin.py:190} INFO - [2024-10-06T04:25:20.419+0000] {override.py:1900} INFO - Created Permission View: can delete on DAG:example_trigger_target_dag
[2024-10-06T04:25:20.429+0000] {logging_mixin.py:190} INFO - [2024-10-06T04:25:20.428+0000] {override.py:1900} INFO - Created Permission View: can read on DAG:example_trigger_target_dag
[2024-10-06T04:25:20.446+0000] {logging_mixin.py:190} INFO - [2024-10-06T04:25:20.446+0000] {override.py:1900} INFO - Created Permission View: can delete on DAG Run:example_trigger_target_dag
[2024-10-06T04:25:20.456+0000] {logging_mixin.py:190} INFO - [2024-10-06T04:25:20.455+0000] {override.py:1900} INFO - Created Permission View: can create on DAG Run:example_trigger_target_dag
[2024-10-06T04:25:20.466+0000] {logging_mixin.py:190} INFO - [2024-10-06T04:25:20.466+0000] {override.py:1900} INFO - Created Permission View: menu access on DAG Run:example_trigger_target_dag
[2024-10-06T04:25:20.481+0000] {logging_mixin.py:190} INFO - [2024-10-06T04:25:20.481+0000] {override.py:1900} INFO - Created Permission View: can read on DAG Run:example_trigger_target_dag
[2024-10-06T04:25:20.482+0000] {logging_mixin.py:190} INFO - [2024-10-06T04:25:20.482+0000] {dag.py:3239} INFO - Sync 1 DAGs
[2024-10-06T04:25:20.498+0000] {logging_mixin.py:190} INFO - [2024-10-06T04:25:20.498+0000] {dag.py:3262} INFO - Creating ORM DAG for example_trigger_target_dag
[2024-10-06T04:25:20.498+0000] {logging_mixin.py:190} INFO - [2024-10-06T04:25:20.498+0000] {dag.py:4180} INFO - Setting next_dagrun for example_trigger_target_dag to None, run_after=None
[2024-10-06T04:25:20.518+0000] {processor.py:208} INFO - Processing /home/airflow/.local/lib/python3.12/site-packages/airflow/example_dags/example_trigger_target_dag.py took 0.257 seconds
[2024-10-06T04:25:51.153+0000] {processor.py:186} INFO - Started process (PID=150) to work on /home/airflow/.local/lib/python3.12/site-packages/airflow/example_dags/example_trigger_target_dag.py
[2024-10-06T04:25:51.154+0000] {processor.py:914} INFO - Processing file /home/airflow/.local/lib/python3.12/site-packages/airflow/example_dags/example_trigger_target_dag.py for tasks to queue
[2024-10-06T04:25:51.155+0000] {logging_mixin.py:190} INFO - [2024-10-06T04:25:51.155+0000] {dagbag.py:588} INFO - Filling up the DagBag from /home/airflow/.local/lib/python3.12/site-packages/airflow/example_dags/example_trigger_target_dag.py
[2024-10-06T04:25:51.162+0000] {processor.py:925} INFO - DAG(s) 'example_trigger_target_dag' retrieved from /home/airflow/.local/lib/python3.12/site-packages/airflow/example_dags/example_trigger_target_dag.py
[2024-10-06T04:25:51.177+0000] {logging_mixin.py:190} INFO - [2024-10-06T04:25:51.176+0000] {dag.py:3239} INFO - Sync 1 DAGs
[2024-10-06T04:25:51.188+0000] {logging_mixin.py:190} INFO - [2024-10-06T04:25:51.187+0000] {dag.py:4180} INFO - Setting next_dagrun for example_trigger_target_dag to None, run_after=None
[2024-10-06T04:25:51.208+0000] {processor.py:208} INFO - Processing /home/airflow/.local/lib/python3.12/site-packages/airflow/example_dags/example_trigger_target_dag.py took 0.059 seconds
[2024-10-06T04:26:21.404+0000] {processor.py:186} INFO - Started process (PID=212) to work on /home/airflow/.local/lib/python3.12/site-packages/airflow/example_dags/example_trigger_target_dag.py
[2024-10-06T04:26:21.405+0000] {processor.py:914} INFO - Processing file /home/airflow/.local/lib/python3.12/site-packages/airflow/example_dags/example_trigger_target_dag.py for tasks to queue
[2024-10-06T04:26:21.406+0000] {logging_mixin.py:190} INFO - [2024-10-06T04:26:21.406+0000] {dagbag.py:588} INFO - Filling up the DagBag from /home/airflow/.local/lib/python3.12/site-packages/airflow/example_dags/example_trigger_target_dag.py
[2024-10-06T04:26:21.412+0000] {processor.py:925} INFO - DAG(s) 'example_trigger_target_dag' retrieved from /home/airflow/.local/lib/python3.12/site-packages/airflow/example_dags/example_trigger_target_dag.py
[2024-10-06T04:26:21.425+0000] {logging_mixin.py:190} INFO - [2024-10-06T04:26:21.425+0000] {dag.py:3239} INFO - Sync 1 DAGs
[2024-10-06T04:26:21.436+0000] {logging_mixin.py:190} INFO - [2024-10-06T04:26:21.436+0000] {dag.py:4180} INFO - Setting next_dagrun for example_trigger_target_dag to None, run_after=None
[2024-10-06T04:26:21.460+0000] {processor.py:208} INFO - Processing /home/airflow/.local/lib/python3.12/site-packages/airflow/example_dags/example_trigger_target_dag.py took 0.060 seconds
[2024-10-06T04:26:51.689+0000] {processor.py:186} INFO - Started process (PID=274) to work on /home/airflow/.local/lib/python3.12/site-packages/airflow/example_dags/example_trigger_target_dag.py
[2024-10-06T04:26:51.690+0000] {processor.py:914} INFO - Processing file /home/airflow/.local/lib/python3.12/site-packages/airflow/example_dags/example_trigger_target_dag.py for tasks to queue
[2024-10-06T04:26:51.691+0000] {logging_mixin.py:190} INFO - [2024-10-06T04:26:51.691+0000] {dagbag.py:588} INFO - Filling up the DagBag from /home/airflow/.local/lib/python3.12/site-packages/airflow/example_dags/example_trigger_target_dag.py
[2024-10-06T04:26:51.697+0000] {processor.py:925} INFO - DAG(s) 'example_trigger_target_dag' retrieved from /home/airflow/.local/lib/python3.12/site-packages/airflow/example_dags/example_trigger_target_dag.py
[2024-10-06T04:26:51.715+0000] {logging_mixin.py:190} INFO - [2024-10-06T04:26:51.715+0000] {dag.py:3239} INFO - Sync 1 DAGs
[2024-10-06T04:26:51.731+0000] {logging_mixin.py:190} INFO - [2024-10-06T04:26:51.731+0000] {dag.py:4180} INFO - Setting next_dagrun for example_trigger_target_dag to None, run_after=None
[2024-10-06T04:26:51.753+0000] {processor.py:208} INFO - Processing /home/airflow/.local/lib/python3.12/site-packages/airflow/example_dags/example_trigger_target_dag.py took 0.068 seconds
[2024-10-06T04:27:22.178+0000] {processor.py:186} INFO - Started process (PID=336) to work on /home/airflow/.local/lib/python3.12/site-packages/airflow/example_dags/example_trigger_target_dag.py
[2024-10-06T04:27:22.179+0000] {processor.py:914} INFO - Processing file /home/airflow/.local/lib/python3.12/site-packages/airflow/example_dags/example_trigger_target_dag.py for tasks to queue
[2024-10-06T04:27:22.181+0000] {logging_mixin.py:190} INFO - [2024-10-06T04:27:22.180+0000] {dagbag.py:588} INFO - Filling up the DagBag from /home/airflow/.local/lib/python3.12/site-packages/airflow/example_dags/example_trigger_target_dag.py
[2024-10-06T04:27:22.187+0000] {processor.py:925} INFO - DAG(s) 'example_trigger_target_dag' retrieved from /home/airflow/.local/lib/python3.12/site-packages/airflow/example_dags/example_trigger_target_dag.py
[2024-10-06T04:27:22.201+0000] {logging_mixin.py:190} INFO - [2024-10-06T04:27:22.200+0000] {dag.py:3239} INFO - Sync 1 DAGs
[2024-10-06T04:27:22.214+0000] {logging_mixin.py:190} INFO - [2024-10-06T04:27:22.213+0000] {dag.py:4180} INFO - Setting next_dagrun for example_trigger_target_dag to None, run_after=None
[2024-10-06T04:27:22.245+0000] {processor.py:208} INFO - Processing /home/airflow/.local/lib/python3.12/site-packages/airflow/example_dags/example_trigger_target_dag.py took 0.073 seconds
[2024-10-06T04:27:52.681+0000] {processor.py:186} INFO - Started process (PID=398) to work on /home/airflow/.local/lib/python3.12/site-packages/airflow/example_dags/example_trigger_target_dag.py
[2024-10-06T04:27:52.682+0000] {processor.py:914} INFO - Processing file /home/airflow/.local/lib/python3.12/site-packages/airflow/example_dags/example_trigger_target_dag.py for tasks to queue
[2024-10-06T04:27:52.684+0000] {logging_mixin.py:190} INFO - [2024-10-06T04:27:52.684+0000] {dagbag.py:588} INFO - Filling up the DagBag from /home/airflow/.local/lib/python3.12/site-packages/airflow/example_dags/example_trigger_target_dag.py
[2024-10-06T04:27:52.691+0000] {processor.py:925} INFO - DAG(s) 'example_trigger_target_dag' retrieved from /home/airflow/.local/lib/python3.12/site-packages/airflow/example_dags/example_trigger_target_dag.py
[2024-10-06T04:27:52.711+0000] {logging_mixin.py:190} INFO - [2024-10-06T04:27:52.711+0000] {dag.py:3239} INFO - Sync 1 DAGs
[2024-10-06T04:27:52.727+0000] {logging_mixin.py:190} INFO - [2024-10-06T04:27:52.727+0000] {dag.py:4180} INFO - Setting next_dagrun for example_trigger_target_dag to None, run_after=None
[2024-10-06T04:27:52.747+0000] {processor.py:208} INFO - Processing /home/airflow/.local/lib/python3.12/site-packages/airflow/example_dags/example_trigger_target_dag.py took 0.076 seconds
[2024-10-06T04:28:22.853+0000] {processor.py:186} INFO - Started process (PID=461) to work on /home/airflow/.local/lib/python3.12/site-packages/airflow/example_dags/example_trigger_target_dag.py
[2024-10-06T04:28:22.853+0000] {processor.py:914} INFO - Processing file /home/airflow/.local/lib/python3.12/site-packages/airflow/example_dags/example_trigger_target_dag.py for tasks to queue
[2024-10-06T04:28:22.855+0000] {logging_mixin.py:190} INFO - [2024-10-06T04:28:22.855+0000] {dagbag.py:588} INFO - Filling up the DagBag from /home/airflow/.local/lib/python3.12/site-packages/airflow/example_dags/example_trigger_target_dag.py
[2024-10-06T04:28:22.861+0000] {processor.py:925} INFO - DAG(s) 'example_trigger_target_dag' retrieved from /home/airflow/.local/lib/python3.12/site-packages/airflow/example_dags/example_trigger_target_dag.py
[2024-10-06T04:28:22.876+0000] {logging_mixin.py:190} INFO - [2024-10-06T04:28:22.875+0000] {dag.py:3239} INFO - Sync 1 DAGs
[2024-10-06T04:28:22.887+0000] {logging_mixin.py:190} INFO - [2024-10-06T04:28:22.887+0000] {dag.py:4180} INFO - Setting next_dagrun for example_trigger_target_dag to None, run_after=None
[2024-10-06T04:28:22.904+0000] {processor.py:208} INFO - Processing /home/airflow/.local/lib/python3.12/site-packages/airflow/example_dags/example_trigger_target_dag.py took 0.056 seconds
[2024-10-06T04:28:53.207+0000] {processor.py:186} INFO - Started process (PID=523) to work on /home/airflow/.local/lib/python3.12/site-packages/airflow/example_dags/example_trigger_target_dag.py
[2024-10-06T04:28:53.207+0000] {processor.py:914} INFO - Processing file /home/airflow/.local/lib/python3.12/site-packages/airflow/example_dags/example_trigger_target_dag.py for tasks to queue
[2024-10-06T04:28:53.209+0000] {logging_mixin.py:190} INFO - [2024-10-06T04:28:53.209+0000] {dagbag.py:588} INFO - Filling up the DagBag from /home/airflow/.local/lib/python3.12/site-packages/airflow/example_dags/example_trigger_target_dag.py
[2024-10-06T04:28:53.215+0000] {processor.py:925} INFO - DAG(s) 'example_trigger_target_dag' retrieved from /home/airflow/.local/lib/python3.12/site-packages/airflow/example_dags/example_trigger_target_dag.py
[2024-10-06T04:28:53.232+0000] {logging_mixin.py:190} INFO - [2024-10-06T04:28:53.232+0000] {dag.py:3239} INFO - Sync 1 DAGs
[2024-10-06T04:28:53.246+0000] {logging_mixin.py:190} INFO - [2024-10-06T04:28:53.246+0000] {dag.py:4180} INFO - Setting next_dagrun for example_trigger_target_dag to None, run_after=None
[2024-10-06T04:28:53.266+0000] {processor.py:208} INFO - Processing /home/airflow/.local/lib/python3.12/site-packages/airflow/example_dags/example_trigger_target_dag.py took 0.064 seconds
[2024-10-06T04:29:23.392+0000] {processor.py:186} INFO - Started process (PID=585) to work on /home/airflow/.local/lib/python3.12/site-packages/airflow/example_dags/example_trigger_target_dag.py
[2024-10-06T04:29:23.392+0000] {processor.py:914} INFO - Processing file /home/airflow/.local/lib/python3.12/site-packages/airflow/example_dags/example_trigger_target_dag.py for tasks to queue
[2024-10-06T04:29:23.394+0000] {logging_mixin.py:190} INFO - [2024-10-06T04:29:23.393+0000] {dagbag.py:588} INFO - Filling up the DagBag from /home/airflow/.local/lib/python3.12/site-packages/airflow/example_dags/example_trigger_target_dag.py
[2024-10-06T04:29:23.399+0000] {processor.py:925} INFO - DAG(s) 'example_trigger_target_dag' retrieved from /home/airflow/.local/lib/python3.12/site-packages/airflow/example_dags/example_trigger_target_dag.py
[2024-10-06T04:29:23.414+0000] {logging_mixin.py:190} INFO - [2024-10-06T04:29:23.413+0000] {dag.py:3239} INFO - Sync 1 DAGs
[2024-10-06T04:29:23.425+0000] {logging_mixin.py:190} INFO - [2024-10-06T04:29:23.425+0000] {dag.py:4180} INFO - Setting next_dagrun for example_trigger_target_dag to None, run_after=None
[2024-10-06T04:29:23.442+0000] {processor.py:208} INFO - Processing /home/airflow/.local/lib/python3.12/site-packages/airflow/example_dags/example_trigger_target_dag.py took 0.054 seconds
[2024-10-06T04:29:53.612+0000] {processor.py:186} INFO - Started process (PID=647) to work on /home/airflow/.local/lib/python3.12/site-packages/airflow/example_dags/example_trigger_target_dag.py
[2024-10-06T04:29:53.612+0000] {processor.py:914} INFO - Processing file /home/airflow/.local/lib/python3.12/site-packages/airflow/example_dags/example_trigger_target_dag.py for tasks to queue
[2024-10-06T04:29:53.614+0000] {logging_mixin.py:190} INFO - [2024-10-06T04:29:53.613+0000] {dagbag.py:588} INFO - Filling up the DagBag from /home/airflow/.local/lib/python3.12/site-packages/airflow/example_dags/example_trigger_target_dag.py
[2024-10-06T04:29:53.619+0000] {processor.py:925} INFO - DAG(s) 'example_trigger_target_dag' retrieved from /home/airflow/.local/lib/python3.12/site-packages/airflow/example_dags/example_trigger_target_dag.py
[2024-10-06T04:29:53.636+0000] {logging_mixin.py:190} INFO - [2024-10-06T04:29:53.636+0000] {dag.py:3239} INFO - Sync 1 DAGs
[2024-10-06T04:29:53.648+0000] {logging_mixin.py:190} INFO - [2024-10-06T04:29:53.648+0000] {dag.py:4180} INFO - Setting next_dagrun for example_trigger_target_dag to None, run_after=None
[2024-10-06T04:29:53.668+0000] {processor.py:208} INFO - Processing /home/airflow/.local/lib/python3.12/site-packages/airflow/example_dags/example_trigger_target_dag.py took 0.060 seconds
[2024-10-06T04:30:23.726+0000] {processor.py:186} INFO - Started process (PID=710) to work on /home/airflow/.local/lib/python3.12/site-packages/airflow/example_dags/example_trigger_target_dag.py
[2024-10-06T04:30:23.726+0000] {processor.py:914} INFO - Processing file /home/airflow/.local/lib/python3.12/site-packages/airflow/example_dags/example_trigger_target_dag.py for tasks to queue
[2024-10-06T04:30:23.728+0000] {logging_mixin.py:190} INFO - [2024-10-06T04:30:23.728+0000] {dagbag.py:588} INFO - Filling up the DagBag from /home/airflow/.local/lib/python3.12/site-packages/airflow/example_dags/example_trigger_target_dag.py
[2024-10-06T04:30:23.734+0000] {processor.py:925} INFO - DAG(s) 'example_trigger_target_dag' retrieved from /home/airflow/.local/lib/python3.12/site-packages/airflow/example_dags/example_trigger_target_dag.py
[2024-10-06T04:30:23.748+0000] {logging_mixin.py:190} INFO - [2024-10-06T04:30:23.748+0000] {dag.py:3239} INFO - Sync 1 DAGs
[2024-10-06T04:30:23.759+0000] {logging_mixin.py:190} INFO - [2024-10-06T04:30:23.759+0000] {dag.py:4180} INFO - Setting next_dagrun for example_trigger_target_dag to None, run_after=None
[2024-10-06T04:30:23.778+0000] {processor.py:208} INFO - Processing /home/airflow/.local/lib/python3.12/site-packages/airflow/example_dags/example_trigger_target_dag.py took 0.056 seconds
[2024-10-06T04:30:54.073+0000] {processor.py:186} INFO - Started process (PID=772) to work on /home/airflow/.local/lib/python3.12/site-packages/airflow/example_dags/example_trigger_target_dag.py
[2024-10-06T04:30:54.073+0000] {processor.py:914} INFO - Processing file /home/airflow/.local/lib/python3.12/site-packages/airflow/example_dags/example_trigger_target_dag.py for tasks to queue
[2024-10-06T04:30:54.075+0000] {logging_mixin.py:190} INFO - [2024-10-06T04:30:54.075+0000] {dagbag.py:588} INFO - Filling up the DagBag from /home/airflow/.local/lib/python3.12/site-packages/airflow/example_dags/example_trigger_target_dag.py
[2024-10-06T04:30:54.083+0000] {processor.py:925} INFO - DAG(s) 'example_trigger_target_dag' retrieved from /home/airflow/.local/lib/python3.12/site-packages/airflow/example_dags/example_trigger_target_dag.py
[2024-10-06T04:30:54.098+0000] {logging_mixin.py:190} INFO - [2024-10-06T04:30:54.098+0000] {dag.py:3239} INFO - Sync 1 DAGs
[2024-10-06T04:30:54.109+0000] {logging_mixin.py:190} INFO - [2024-10-06T04:30:54.109+0000] {dag.py:4180} INFO - Setting next_dagrun for example_trigger_target_dag to None, run_after=None
[2024-10-06T04:30:54.146+0000] {processor.py:208} INFO - Processing /home/airflow/.local/lib/python3.12/site-packages/airflow/example_dags/example_trigger_target_dag.py took 0.078 seconds
[2024-10-06T04:31:24.338+0000] {processor.py:186} INFO - Started process (PID=835) to work on /home/airflow/.local/lib/python3.12/site-packages/airflow/example_dags/example_trigger_target_dag.py
[2024-10-06T04:31:24.339+0000] {processor.py:914} INFO - Processing file /home/airflow/.local/lib/python3.12/site-packages/airflow/example_dags/example_trigger_target_dag.py for tasks to queue
[2024-10-06T04:31:24.341+0000] {logging_mixin.py:190} INFO - [2024-10-06T04:31:24.340+0000] {dagbag.py:588} INFO - Filling up the DagBag from /home/airflow/.local/lib/python3.12/site-packages/airflow/example_dags/example_trigger_target_dag.py
[2024-10-06T04:31:24.347+0000] {processor.py:925} INFO - DAG(s) 'example_trigger_target_dag' retrieved from /home/airflow/.local/lib/python3.12/site-packages/airflow/example_dags/example_trigger_target_dag.py
[2024-10-06T04:31:24.365+0000] {logging_mixin.py:190} INFO - [2024-10-06T04:31:24.365+0000] {dag.py:3239} INFO - Sync 1 DAGs
[2024-10-06T04:31:24.380+0000] {logging_mixin.py:190} INFO - [2024-10-06T04:31:24.379+0000] {dag.py:4180} INFO - Setting next_dagrun for example_trigger_target_dag to None, run_after=None
[2024-10-06T04:31:24.400+0000] {processor.py:208} INFO - Processing /home/airflow/.local/lib/python3.12/site-packages/airflow/example_dags/example_trigger_target_dag.py took 0.067 seconds
[2024-10-06T04:31:54.494+0000] {processor.py:186} INFO - Started process (PID=898) to work on /home/airflow/.local/lib/python3.12/site-packages/airflow/example_dags/example_trigger_target_dag.py
[2024-10-06T04:31:54.495+0000] {processor.py:914} INFO - Processing file /home/airflow/.local/lib/python3.12/site-packages/airflow/example_dags/example_trigger_target_dag.py for tasks to queue
[2024-10-06T04:31:54.497+0000] {logging_mixin.py:190} INFO - [2024-10-06T04:31:54.497+0000] {dagbag.py:588} INFO - Filling up the DagBag from /home/airflow/.local/lib/python3.12/site-packages/airflow/example_dags/example_trigger_target_dag.py
[2024-10-06T04:31:54.504+0000] {processor.py:925} INFO - DAG(s) 'example_trigger_target_dag' retrieved from /home/airflow/.local/lib/python3.12/site-packages/airflow/example_dags/example_trigger_target_dag.py
[2024-10-06T04:31:54.523+0000] {logging_mixin.py:190} INFO - [2024-10-06T04:31:54.523+0000] {dag.py:3239} INFO - Sync 1 DAGs
[2024-10-06T04:31:54.535+0000] {logging_mixin.py:190} INFO - [2024-10-06T04:31:54.535+0000] {dag.py:4180} INFO - Setting next_dagrun for example_trigger_target_dag to None, run_after=None
[2024-10-06T04:31:54.554+0000] {processor.py:208} INFO - Processing /home/airflow/.local/lib/python3.12/site-packages/airflow/example_dags/example_trigger_target_dag.py took 0.066 seconds
[2024-10-06T04:32:24.685+0000] {processor.py:186} INFO - Started process (PID=961) to work on /home/airflow/.local/lib/python3.12/site-packages/airflow/example_dags/example_trigger_target_dag.py
[2024-10-06T04:32:24.686+0000] {processor.py:914} INFO - Processing file /home/airflow/.local/lib/python3.12/site-packages/airflow/example_dags/example_trigger_target_dag.py for tasks to queue
[2024-10-06T04:32:24.690+0000] {logging_mixin.py:190} INFO - [2024-10-06T04:32:24.690+0000] {dagbag.py:588} INFO - Filling up the DagBag from /home/airflow/.local/lib/python3.12/site-packages/airflow/example_dags/example_trigger_target_dag.py
[2024-10-06T04:32:24.698+0000] {processor.py:925} INFO - DAG(s) 'example_trigger_target_dag' retrieved from /home/airflow/.local/lib/python3.12/site-packages/airflow/example_dags/example_trigger_target_dag.py
[2024-10-06T04:32:24.717+0000] {logging_mixin.py:190} INFO - [2024-10-06T04:32:24.717+0000] {dag.py:3239} INFO - Sync 1 DAGs
[2024-10-06T04:32:24.729+0000] {logging_mixin.py:190} INFO - [2024-10-06T04:32:24.729+0000] {dag.py:4180} INFO - Setting next_dagrun for example_trigger_target_dag to None, run_after=None
[2024-10-06T04:32:24.750+0000] {processor.py:208} INFO - Processing /home/airflow/.local/lib/python3.12/site-packages/airflow/example_dags/example_trigger_target_dag.py took 0.071 seconds
[2024-10-06T04:32:55.028+0000] {processor.py:186} INFO - Started process (PID=1024) to work on /home/airflow/.local/lib/python3.12/site-packages/airflow/example_dags/example_trigger_target_dag.py
[2024-10-06T04:32:55.028+0000] {processor.py:914} INFO - Processing file /home/airflow/.local/lib/python3.12/site-packages/airflow/example_dags/example_trigger_target_dag.py for tasks to queue
[2024-10-06T04:32:55.030+0000] {logging_mixin.py:190} INFO - [2024-10-06T04:32:55.030+0000] {dagbag.py:588} INFO - Filling up the DagBag from /home/airflow/.local/lib/python3.12/site-packages/airflow/example_dags/example_trigger_target_dag.py
[2024-10-06T04:32:55.036+0000] {processor.py:925} INFO - DAG(s) 'example_trigger_target_dag' retrieved from /home/airflow/.local/lib/python3.12/site-packages/airflow/example_dags/example_trigger_target_dag.py
[2024-10-06T04:32:55.052+0000] {logging_mixin.py:190} INFO - [2024-10-06T04:32:55.052+0000] {dag.py:3239} INFO - Sync 1 DAGs
[2024-10-06T04:32:55.064+0000] {logging_mixin.py:190} INFO - [2024-10-06T04:32:55.064+0000] {dag.py:4180} INFO - Setting next_dagrun for example_trigger_target_dag to None, run_after=None
[2024-10-06T04:32:55.082+0000] {processor.py:208} INFO - Processing /home/airflow/.local/lib/python3.12/site-packages/airflow/example_dags/example_trigger_target_dag.py took 0.060 seconds
[2024-10-06T04:33:25.283+0000] {processor.py:186} INFO - Started process (PID=1087) to work on /home/airflow/.local/lib/python3.12/site-packages/airflow/example_dags/example_trigger_target_dag.py
[2024-10-06T04:33:25.284+0000] {processor.py:914} INFO - Processing file /home/airflow/.local/lib/python3.12/site-packages/airflow/example_dags/example_trigger_target_dag.py for tasks to queue
[2024-10-06T04:33:25.285+0000] {logging_mixin.py:190} INFO - [2024-10-06T04:33:25.285+0000] {dagbag.py:588} INFO - Filling up the DagBag from /home/airflow/.local/lib/python3.12/site-packages/airflow/example_dags/example_trigger_target_dag.py
[2024-10-06T04:33:25.291+0000] {processor.py:925} INFO - DAG(s) 'example_trigger_target_dag' retrieved from /home/airflow/.local/lib/python3.12/site-packages/airflow/example_dags/example_trigger_target_dag.py
[2024-10-06T04:33:25.307+0000] {logging_mixin.py:190} INFO - [2024-10-06T04:33:25.307+0000] {dag.py:3239} INFO - Sync 1 DAGs
[2024-10-06T04:33:25.319+0000] {logging_mixin.py:190} INFO - [2024-10-06T04:33:25.319+0000] {dag.py:4180} INFO - Setting next_dagrun for example_trigger_target_dag to None, run_after=None
[2024-10-06T04:33:25.338+0000] {processor.py:208} INFO - Processing /home/airflow/.local/lib/python3.12/site-packages/airflow/example_dags/example_trigger_target_dag.py took 0.060 seconds
[2024-10-06T04:33:55.590+0000] {processor.py:186} INFO - Started process (PID=1150) to work on /home/airflow/.local/lib/python3.12/site-packages/airflow/example_dags/example_trigger_target_dag.py
[2024-10-06T04:33:55.591+0000] {processor.py:914} INFO - Processing file /home/airflow/.local/lib/python3.12/site-packages/airflow/example_dags/example_trigger_target_dag.py for tasks to queue
[2024-10-06T04:33:55.593+0000] {logging_mixin.py:190} INFO - [2024-10-06T04:33:55.593+0000] {dagbag.py:588} INFO - Filling up the DagBag from /home/airflow/.local/lib/python3.12/site-packages/airflow/example_dags/example_trigger_target_dag.py
[2024-10-06T04:33:55.601+0000] {processor.py:925} INFO - DAG(s) 'example_trigger_target_dag' retrieved from /home/airflow/.local/lib/python3.12/site-packages/airflow/example_dags/example_trigger_target_dag.py
[2024-10-06T04:33:55.621+0000] {logging_mixin.py:190} INFO - [2024-10-06T04:33:55.621+0000] {dag.py:3239} INFO - Sync 1 DAGs
[2024-10-06T04:33:55.638+0000] {logging_mixin.py:190} INFO - [2024-10-06T04:33:55.638+0000] {dag.py:4180} INFO - Setting next_dagrun for example_trigger_target_dag to None, run_after=None
[2024-10-06T04:33:55.659+0000] {processor.py:208} INFO - Processing /home/airflow/.local/lib/python3.12/site-packages/airflow/example_dags/example_trigger_target_dag.py took 0.075 seconds
[2024-10-06T04:34:25.950+0000] {processor.py:186} INFO - Started process (PID=1213) to work on /home/airflow/.local/lib/python3.12/site-packages/airflow/example_dags/example_trigger_target_dag.py
[2024-10-06T04:34:25.951+0000] {processor.py:914} INFO - Processing file /home/airflow/.local/lib/python3.12/site-packages/airflow/example_dags/example_trigger_target_dag.py for tasks to queue
[2024-10-06T04:34:25.953+0000] {logging_mixin.py:190} INFO - [2024-10-06T04:34:25.952+0000] {dagbag.py:588} INFO - Filling up the DagBag from /home/airflow/.local/lib/python3.12/site-packages/airflow/example_dags/example_trigger_target_dag.py
[2024-10-06T04:34:25.960+0000] {processor.py:925} INFO - DAG(s) 'example_trigger_target_dag' retrieved from /home/airflow/.local/lib/python3.12/site-packages/airflow/example_dags/example_trigger_target_dag.py
[2024-10-06T04:34:25.977+0000] {logging_mixin.py:190} INFO - [2024-10-06T04:34:25.977+0000] {dag.py:3239} INFO - Sync 1 DAGs
[2024-10-06T04:34:25.990+0000] {logging_mixin.py:190} INFO - [2024-10-06T04:34:25.990+0000] {dag.py:4180} INFO - Setting next_dagrun for example_trigger_target_dag to None, run_after=None
[2024-10-06T04:34:26.010+0000] {processor.py:208} INFO - Processing /home/airflow/.local/lib/python3.12/site-packages/airflow/example_dags/example_trigger_target_dag.py took 0.066 seconds
[2024-10-06T04:34:56.320+0000] {processor.py:186} INFO - Started process (PID=1276) to work on /home/airflow/.local/lib/python3.12/site-packages/airflow/example_dags/example_trigger_target_dag.py
[2024-10-06T04:34:56.321+0000] {processor.py:914} INFO - Processing file /home/airflow/.local/lib/python3.12/site-packages/airflow/example_dags/example_trigger_target_dag.py for tasks to queue
[2024-10-06T04:34:56.323+0000] {logging_mixin.py:190} INFO - [2024-10-06T04:34:56.323+0000] {dagbag.py:588} INFO - Filling up the DagBag from /home/airflow/.local/lib/python3.12/site-packages/airflow/example_dags/example_trigger_target_dag.py
[2024-10-06T04:34:56.329+0000] {processor.py:925} INFO - DAG(s) 'example_trigger_target_dag' retrieved from /home/airflow/.local/lib/python3.12/site-packages/airflow/example_dags/example_trigger_target_dag.py
[2024-10-06T04:34:56.350+0000] {logging_mixin.py:190} INFO - [2024-10-06T04:34:56.349+0000] {dag.py:3239} INFO - Sync 1 DAGs
[2024-10-06T04:34:56.363+0000] {logging_mixin.py:190} INFO - [2024-10-06T04:34:56.363+0000] {dag.py:4180} INFO - Setting next_dagrun for example_trigger_target_dag to None, run_after=None
[2024-10-06T04:34:56.385+0000] {processor.py:208} INFO - Processing /home/airflow/.local/lib/python3.12/site-packages/airflow/example_dags/example_trigger_target_dag.py took 0.071 seconds
[2024-10-06T04:35:26.652+0000] {processor.py:186} INFO - Started process (PID=1339) to work on /home/airflow/.local/lib/python3.12/site-packages/airflow/example_dags/example_trigger_target_dag.py
[2024-10-06T04:35:26.653+0000] {processor.py:914} INFO - Processing file /home/airflow/.local/lib/python3.12/site-packages/airflow/example_dags/example_trigger_target_dag.py for tasks to queue
[2024-10-06T04:35:26.655+0000] {logging_mixin.py:190} INFO - [2024-10-06T04:35:26.654+0000] {dagbag.py:588} INFO - Filling up the DagBag from /home/airflow/.local/lib/python3.12/site-packages/airflow/example_dags/example_trigger_target_dag.py
[2024-10-06T04:35:26.661+0000] {processor.py:925} INFO - DAG(s) 'example_trigger_target_dag' retrieved from /home/airflow/.local/lib/python3.12/site-packages/airflow/example_dags/example_trigger_target_dag.py
[2024-10-06T04:35:26.676+0000] {logging_mixin.py:190} INFO - [2024-10-06T04:35:26.676+0000] {dag.py:3239} INFO - Sync 1 DAGs
[2024-10-06T04:35:26.688+0000] {logging_mixin.py:190} INFO - [2024-10-06T04:35:26.688+0000] {dag.py:4180} INFO - Setting next_dagrun for example_trigger_target_dag to None, run_after=None
[2024-10-06T04:35:26.717+0000] {processor.py:208} INFO - Processing /home/airflow/.local/lib/python3.12/site-packages/airflow/example_dags/example_trigger_target_dag.py took 0.070 seconds
[2024-10-06T04:35:57.024+0000] {processor.py:186} INFO - Started process (PID=1402) to work on /home/airflow/.local/lib/python3.12/site-packages/airflow/example_dags/example_trigger_target_dag.py
[2024-10-06T04:35:57.025+0000] {processor.py:914} INFO - Processing file /home/airflow/.local/lib/python3.12/site-packages/airflow/example_dags/example_trigger_target_dag.py for tasks to queue
[2024-10-06T04:35:57.027+0000] {logging_mixin.py:190} INFO - [2024-10-06T04:35:57.026+0000] {dagbag.py:588} INFO - Filling up the DagBag from /home/airflow/.local/lib/python3.12/site-packages/airflow/example_dags/example_trigger_target_dag.py
[2024-10-06T04:35:57.034+0000] {processor.py:925} INFO - DAG(s) 'example_trigger_target_dag' retrieved from /home/airflow/.local/lib/python3.12/site-packages/airflow/example_dags/example_trigger_target_dag.py
[2024-10-06T04:35:57.050+0000] {logging_mixin.py:190} INFO - [2024-10-06T04:35:57.049+0000] {dag.py:3239} INFO - Sync 1 DAGs
[2024-10-06T04:35:57.062+0000] {logging_mixin.py:190} INFO - [2024-10-06T04:35:57.062+0000] {dag.py:4180} INFO - Setting next_dagrun for example_trigger_target_dag to None, run_after=None
[2024-10-06T04:35:57.082+0000] {processor.py:208} INFO - Processing /home/airflow/.local/lib/python3.12/site-packages/airflow/example_dags/example_trigger_target_dag.py took 0.062 seconds
[2024-10-06T04:36:27.154+0000] {processor.py:186} INFO - Started process (PID=1466) to work on /home/airflow/.local/lib/python3.12/site-packages/airflow/example_dags/example_trigger_target_dag.py
[2024-10-06T04:36:27.155+0000] {processor.py:914} INFO - Processing file /home/airflow/.local/lib/python3.12/site-packages/airflow/example_dags/example_trigger_target_dag.py for tasks to queue
[2024-10-06T04:36:27.157+0000] {logging_mixin.py:190} INFO - [2024-10-06T04:36:27.156+0000] {dagbag.py:588} INFO - Filling up the DagBag from /home/airflow/.local/lib/python3.12/site-packages/airflow/example_dags/example_trigger_target_dag.py
[2024-10-06T04:36:27.163+0000] {processor.py:925} INFO - DAG(s) 'example_trigger_target_dag' retrieved from /home/airflow/.local/lib/python3.12/site-packages/airflow/example_dags/example_trigger_target_dag.py
[2024-10-06T04:36:27.178+0000] {logging_mixin.py:190} INFO - [2024-10-06T04:36:27.178+0000] {dag.py:3239} INFO - Sync 1 DAGs
[2024-10-06T04:36:27.190+0000] {logging_mixin.py:190} INFO - [2024-10-06T04:36:27.190+0000] {dag.py:4180} INFO - Setting next_dagrun for example_trigger_target_dag to None, run_after=None
[2024-10-06T04:36:27.208+0000] {processor.py:208} INFO - Processing /home/airflow/.local/lib/python3.12/site-packages/airflow/example_dags/example_trigger_target_dag.py took 0.058 seconds
[2024-10-06T04:36:57.510+0000] {processor.py:186} INFO - Started process (PID=1531) to work on /home/airflow/.local/lib/python3.12/site-packages/airflow/example_dags/example_trigger_target_dag.py
[2024-10-06T04:36:57.511+0000] {processor.py:914} INFO - Processing file /home/airflow/.local/lib/python3.12/site-packages/airflow/example_dags/example_trigger_target_dag.py for tasks to queue
[2024-10-06T04:36:57.512+0000] {logging_mixin.py:190} INFO - [2024-10-06T04:36:57.512+0000] {dagbag.py:588} INFO - Filling up the DagBag from /home/airflow/.local/lib/python3.12/site-packages/airflow/example_dags/example_trigger_target_dag.py
[2024-10-06T04:36:57.518+0000] {processor.py:925} INFO - DAG(s) 'example_trigger_target_dag' retrieved from /home/airflow/.local/lib/python3.12/site-packages/airflow/example_dags/example_trigger_target_dag.py
[2024-10-06T04:36:57.533+0000] {logging_mixin.py:190} INFO - [2024-10-06T04:36:57.533+0000] {dag.py:3239} INFO - Sync 1 DAGs
[2024-10-06T04:36:57.544+0000] {logging_mixin.py:190} INFO - [2024-10-06T04:36:57.544+0000] {dag.py:4180} INFO - Setting next_dagrun for example_trigger_target_dag to None, run_after=None
[2024-10-06T04:36:57.563+0000] {processor.py:208} INFO - Processing /home/airflow/.local/lib/python3.12/site-packages/airflow/example_dags/example_trigger_target_dag.py took 0.057 seconds
[2024-10-06T04:37:28.073+0000] {processor.py:186} INFO - Started process (PID=1594) to work on /home/airflow/.local/lib/python3.12/site-packages/airflow/example_dags/example_trigger_target_dag.py
[2024-10-06T04:37:28.074+0000] {processor.py:914} INFO - Processing file /home/airflow/.local/lib/python3.12/site-packages/airflow/example_dags/example_trigger_target_dag.py for tasks to queue
[2024-10-06T04:37:28.075+0000] {logging_mixin.py:190} INFO - [2024-10-06T04:37:28.075+0000] {dagbag.py:588} INFO - Filling up the DagBag from /home/airflow/.local/lib/python3.12/site-packages/airflow/example_dags/example_trigger_target_dag.py
[2024-10-06T04:37:28.081+0000] {processor.py:925} INFO - DAG(s) 'example_trigger_target_dag' retrieved from /home/airflow/.local/lib/python3.12/site-packages/airflow/example_dags/example_trigger_target_dag.py
[2024-10-06T04:37:28.095+0000] {logging_mixin.py:190} INFO - [2024-10-06T04:37:28.095+0000] {dag.py:3239} INFO - Sync 1 DAGs
[2024-10-06T04:37:28.106+0000] {logging_mixin.py:190} INFO - [2024-10-06T04:37:28.106+0000] {dag.py:4180} INFO - Setting next_dagrun for example_trigger_target_dag to None, run_after=None
[2024-10-06T04:37:28.123+0000] {processor.py:208} INFO - Processing /home/airflow/.local/lib/python3.12/site-packages/airflow/example_dags/example_trigger_target_dag.py took 0.054 seconds
[2024-10-06T04:37:58.256+0000] {processor.py:186} INFO - Started process (PID=1657) to work on /home/airflow/.local/lib/python3.12/site-packages/airflow/example_dags/example_trigger_target_dag.py
[2024-10-06T04:37:58.257+0000] {processor.py:914} INFO - Processing file /home/airflow/.local/lib/python3.12/site-packages/airflow/example_dags/example_trigger_target_dag.py for tasks to queue
[2024-10-06T04:37:58.258+0000] {logging_mixin.py:190} INFO - [2024-10-06T04:37:58.258+0000] {dagbag.py:588} INFO - Filling up the DagBag from /home/airflow/.local/lib/python3.12/site-packages/airflow/example_dags/example_trigger_target_dag.py
[2024-10-06T04:37:58.264+0000] {processor.py:925} INFO - DAG(s) 'example_trigger_target_dag' retrieved from /home/airflow/.local/lib/python3.12/site-packages/airflow/example_dags/example_trigger_target_dag.py
[2024-10-06T04:37:58.280+0000] {logging_mixin.py:190} INFO - [2024-10-06T04:37:58.280+0000] {dag.py:3239} INFO - Sync 1 DAGs
[2024-10-06T04:37:58.294+0000] {logging_mixin.py:190} INFO - [2024-10-06T04:37:58.293+0000] {dag.py:4180} INFO - Setting next_dagrun for example_trigger_target_dag to None, run_after=None
[2024-10-06T04:37:58.314+0000] {processor.py:208} INFO - Processing /home/airflow/.local/lib/python3.12/site-packages/airflow/example_dags/example_trigger_target_dag.py took 0.062 seconds
[2024-10-06T04:38:28.665+0000] {processor.py:186} INFO - Started process (PID=1719) to work on /home/airflow/.local/lib/python3.12/site-packages/airflow/example_dags/example_trigger_target_dag.py
[2024-10-06T04:38:28.666+0000] {processor.py:914} INFO - Processing file /home/airflow/.local/lib/python3.12/site-packages/airflow/example_dags/example_trigger_target_dag.py for tasks to queue
[2024-10-06T04:38:28.667+0000] {logging_mixin.py:190} INFO - [2024-10-06T04:38:28.666+0000] {dagbag.py:588} INFO - Filling up the DagBag from /home/airflow/.local/lib/python3.12/site-packages/airflow/example_dags/example_trigger_target_dag.py
[2024-10-06T04:38:28.674+0000] {processor.py:925} INFO - DAG(s) 'example_trigger_target_dag' retrieved from /home/airflow/.local/lib/python3.12/site-packages/airflow/example_dags/example_trigger_target_dag.py
[2024-10-06T04:38:28.691+0000] {logging_mixin.py:190} INFO - [2024-10-06T04:38:28.690+0000] {dag.py:3239} INFO - Sync 1 DAGs
[2024-10-06T04:38:28.704+0000] {logging_mixin.py:190} INFO - [2024-10-06T04:38:28.703+0000] {dag.py:4180} INFO - Setting next_dagrun for example_trigger_target_dag to None, run_after=None
[2024-10-06T04:38:28.724+0000] {processor.py:208} INFO - Processing /home/airflow/.local/lib/python3.12/site-packages/airflow/example_dags/example_trigger_target_dag.py took 0.063 seconds
[2024-10-06T04:38:58.968+0000] {processor.py:186} INFO - Started process (PID=1782) to work on /home/airflow/.local/lib/python3.12/site-packages/airflow/example_dags/example_trigger_target_dag.py
[2024-10-06T04:38:58.968+0000] {processor.py:914} INFO - Processing file /home/airflow/.local/lib/python3.12/site-packages/airflow/example_dags/example_trigger_target_dag.py for tasks to queue
[2024-10-06T04:38:58.969+0000] {logging_mixin.py:190} INFO - [2024-10-06T04:38:58.969+0000] {dagbag.py:588} INFO - Filling up the DagBag from /home/airflow/.local/lib/python3.12/site-packages/airflow/example_dags/example_trigger_target_dag.py
[2024-10-06T04:38:58.976+0000] {processor.py:925} INFO - DAG(s) 'example_trigger_target_dag' retrieved from /home/airflow/.local/lib/python3.12/site-packages/airflow/example_dags/example_trigger_target_dag.py
[2024-10-06T04:38:58.990+0000] {logging_mixin.py:190} INFO - [2024-10-06T04:38:58.990+0000] {dag.py:3239} INFO - Sync 1 DAGs
[2024-10-06T04:38:59.003+0000] {logging_mixin.py:190} INFO - [2024-10-06T04:38:59.003+0000] {dag.py:4180} INFO - Setting next_dagrun for example_trigger_target_dag to None, run_after=None
[2024-10-06T04:38:59.022+0000] {processor.py:208} INFO - Processing /home/airflow/.local/lib/python3.12/site-packages/airflow/example_dags/example_trigger_target_dag.py took 0.059 seconds
[2024-10-06T04:39:30.138+0000] {processor.py:186} INFO - Started process (PID=1846) to work on /home/airflow/.local/lib/python3.12/site-packages/airflow/example_dags/example_trigger_target_dag.py
[2024-10-06T04:39:30.139+0000] {processor.py:914} INFO - Processing file /home/airflow/.local/lib/python3.12/site-packages/airflow/example_dags/example_trigger_target_dag.py for tasks to queue
[2024-10-06T04:39:30.139+0000] {logging_mixin.py:190} INFO - [2024-10-06T04:39:30.139+0000] {dagbag.py:588} INFO - Filling up the DagBag from /home/airflow/.local/lib/python3.12/site-packages/airflow/example_dags/example_trigger_target_dag.py
[2024-10-06T04:39:30.146+0000] {processor.py:925} INFO - DAG(s) 'example_trigger_target_dag' retrieved from /home/airflow/.local/lib/python3.12/site-packages/airflow/example_dags/example_trigger_target_dag.py
[2024-10-06T04:39:30.161+0000] {logging_mixin.py:190} INFO - [2024-10-06T04:39:30.161+0000] {dag.py:3239} INFO - Sync 1 DAGs
[2024-10-06T04:39:30.173+0000] {logging_mixin.py:190} INFO - [2024-10-06T04:39:30.173+0000] {dag.py:4180} INFO - Setting next_dagrun for example_trigger_target_dag to None, run_after=None
[2024-10-06T04:39:30.201+0000] {processor.py:208} INFO - Processing /home/airflow/.local/lib/python3.12/site-packages/airflow/example_dags/example_trigger_target_dag.py took 0.067 seconds
[2024-10-06T04:40:00.364+0000] {processor.py:186} INFO - Started process (PID=1909) to work on /home/airflow/.local/lib/python3.12/site-packages/airflow/example_dags/example_trigger_target_dag.py
[2024-10-06T04:40:00.364+0000] {processor.py:914} INFO - Processing file /home/airflow/.local/lib/python3.12/site-packages/airflow/example_dags/example_trigger_target_dag.py for tasks to queue
[2024-10-06T04:40:00.365+0000] {logging_mixin.py:190} INFO - [2024-10-06T04:40:00.365+0000] {dagbag.py:588} INFO - Filling up the DagBag from /home/airflow/.local/lib/python3.12/site-packages/airflow/example_dags/example_trigger_target_dag.py
[2024-10-06T04:40:00.371+0000] {processor.py:925} INFO - DAG(s) 'example_trigger_target_dag' retrieved from /home/airflow/.local/lib/python3.12/site-packages/airflow/example_dags/example_trigger_target_dag.py
[2024-10-06T04:40:00.388+0000] {logging_mixin.py:190} INFO - [2024-10-06T04:40:00.388+0000] {dag.py:3239} INFO - Sync 1 DAGs
[2024-10-06T04:40:00.401+0000] {logging_mixin.py:190} INFO - [2024-10-06T04:40:00.401+0000] {dag.py:4180} INFO - Setting next_dagrun for example_trigger_target_dag to None, run_after=None
[2024-10-06T04:40:00.418+0000] {processor.py:208} INFO - Processing /home/airflow/.local/lib/python3.12/site-packages/airflow/example_dags/example_trigger_target_dag.py took 0.058 seconds
[2024-10-06T04:40:30.530+0000] {processor.py:186} INFO - Started process (PID=1972) to work on /home/airflow/.local/lib/python3.12/site-packages/airflow/example_dags/example_trigger_target_dag.py
[2024-10-06T04:40:30.530+0000] {processor.py:914} INFO - Processing file /home/airflow/.local/lib/python3.12/site-packages/airflow/example_dags/example_trigger_target_dag.py for tasks to queue
[2024-10-06T04:40:30.531+0000] {logging_mixin.py:190} INFO - [2024-10-06T04:40:30.531+0000] {dagbag.py:588} INFO - Filling up the DagBag from /home/airflow/.local/lib/python3.12/site-packages/airflow/example_dags/example_trigger_target_dag.py
[2024-10-06T04:40:30.537+0000] {processor.py:925} INFO - DAG(s) 'example_trigger_target_dag' retrieved from /home/airflow/.local/lib/python3.12/site-packages/airflow/example_dags/example_trigger_target_dag.py
[2024-10-06T04:40:30.552+0000] {logging_mixin.py:190} INFO - [2024-10-06T04:40:30.551+0000] {dag.py:3239} INFO - Sync 1 DAGs
[2024-10-06T04:40:30.563+0000] {logging_mixin.py:190} INFO - [2024-10-06T04:40:30.563+0000] {dag.py:4180} INFO - Setting next_dagrun for example_trigger_target_dag to None, run_after=None
[2024-10-06T04:40:30.595+0000] {processor.py:208} INFO - Processing /home/airflow/.local/lib/python3.12/site-packages/airflow/example_dags/example_trigger_target_dag.py took 0.070 seconds
[2024-10-06T04:41:01.298+0000] {processor.py:186} INFO - Started process (PID=2035) to work on /home/airflow/.local/lib/python3.12/site-packages/airflow/example_dags/example_trigger_target_dag.py
[2024-10-06T04:41:01.299+0000] {processor.py:914} INFO - Processing file /home/airflow/.local/lib/python3.12/site-packages/airflow/example_dags/example_trigger_target_dag.py for tasks to queue
[2024-10-06T04:41:01.300+0000] {logging_mixin.py:190} INFO - [2024-10-06T04:41:01.299+0000] {dagbag.py:588} INFO - Filling up the DagBag from /home/airflow/.local/lib/python3.12/site-packages/airflow/example_dags/example_trigger_target_dag.py
[2024-10-06T04:41:01.306+0000] {processor.py:925} INFO - DAG(s) 'example_trigger_target_dag' retrieved from /home/airflow/.local/lib/python3.12/site-packages/airflow/example_dags/example_trigger_target_dag.py
[2024-10-06T04:41:01.320+0000] {logging_mixin.py:190} INFO - [2024-10-06T04:41:01.320+0000] {dag.py:3239} INFO - Sync 1 DAGs
[2024-10-06T04:41:01.332+0000] {logging_mixin.py:190} INFO - [2024-10-06T04:41:01.332+0000] {dag.py:4180} INFO - Setting next_dagrun for example_trigger_target_dag to None, run_after=None
[2024-10-06T04:41:01.350+0000] {processor.py:208} INFO - Processing /home/airflow/.local/lib/python3.12/site-packages/airflow/example_dags/example_trigger_target_dag.py took 0.056 seconds
[2024-10-06T04:41:32.164+0000] {processor.py:186} INFO - Started process (PID=2098) to work on /home/airflow/.local/lib/python3.12/site-packages/airflow/example_dags/example_trigger_target_dag.py
[2024-10-06T04:41:32.164+0000] {processor.py:914} INFO - Processing file /home/airflow/.local/lib/python3.12/site-packages/airflow/example_dags/example_trigger_target_dag.py for tasks to queue
[2024-10-06T04:41:32.165+0000] {logging_mixin.py:190} INFO - [2024-10-06T04:41:32.165+0000] {dagbag.py:588} INFO - Filling up the DagBag from /home/airflow/.local/lib/python3.12/site-packages/airflow/example_dags/example_trigger_target_dag.py
[2024-10-06T04:41:32.173+0000] {processor.py:925} INFO - DAG(s) 'example_trigger_target_dag' retrieved from /home/airflow/.local/lib/python3.12/site-packages/airflow/example_dags/example_trigger_target_dag.py
[2024-10-06T04:41:32.193+0000] {logging_mixin.py:190} INFO - [2024-10-06T04:41:32.193+0000] {dag.py:3239} INFO - Sync 1 DAGs
[2024-10-06T04:41:32.208+0000] {logging_mixin.py:190} INFO - [2024-10-06T04:41:32.208+0000] {dag.py:4180} INFO - Setting next_dagrun for example_trigger_target_dag to None, run_after=None
[2024-10-06T04:41:32.238+0000] {processor.py:208} INFO - Processing /home/airflow/.local/lib/python3.12/site-packages/airflow/example_dags/example_trigger_target_dag.py took 0.080 seconds
[2024-10-06T04:42:02.761+0000] {processor.py:186} INFO - Started process (PID=2162) to work on /home/airflow/.local/lib/python3.12/site-packages/airflow/example_dags/example_trigger_target_dag.py
[2024-10-06T04:42:02.762+0000] {processor.py:914} INFO - Processing file /home/airflow/.local/lib/python3.12/site-packages/airflow/example_dags/example_trigger_target_dag.py for tasks to queue
[2024-10-06T04:42:02.763+0000] {logging_mixin.py:190} INFO - [2024-10-06T04:42:02.763+0000] {dagbag.py:588} INFO - Filling up the DagBag from /home/airflow/.local/lib/python3.12/site-packages/airflow/example_dags/example_trigger_target_dag.py
[2024-10-06T04:42:02.771+0000] {processor.py:925} INFO - DAG(s) 'example_trigger_target_dag' retrieved from /home/airflow/.local/lib/python3.12/site-packages/airflow/example_dags/example_trigger_target_dag.py
[2024-10-06T04:42:02.790+0000] {logging_mixin.py:190} INFO - [2024-10-06T04:42:02.790+0000] {dag.py:3239} INFO - Sync 1 DAGs
[2024-10-06T04:42:02.806+0000] {logging_mixin.py:190} INFO - [2024-10-06T04:42:02.806+0000] {dag.py:4180} INFO - Setting next_dagrun for example_trigger_target_dag to None, run_after=None
[2024-10-06T04:42:02.826+0000] {processor.py:208} INFO - Processing /home/airflow/.local/lib/python3.12/site-packages/airflow/example_dags/example_trigger_target_dag.py took 0.070 seconds
[2024-10-06T04:42:33.549+0000] {processor.py:186} INFO - Started process (PID=2225) to work on /home/airflow/.local/lib/python3.12/site-packages/airflow/example_dags/example_trigger_target_dag.py
[2024-10-06T04:42:33.550+0000] {processor.py:914} INFO - Processing file /home/airflow/.local/lib/python3.12/site-packages/airflow/example_dags/example_trigger_target_dag.py for tasks to queue
[2024-10-06T04:42:33.551+0000] {logging_mixin.py:190} INFO - [2024-10-06T04:42:33.550+0000] {dagbag.py:588} INFO - Filling up the DagBag from /home/airflow/.local/lib/python3.12/site-packages/airflow/example_dags/example_trigger_target_dag.py
[2024-10-06T04:42:33.557+0000] {processor.py:925} INFO - DAG(s) 'example_trigger_target_dag' retrieved from /home/airflow/.local/lib/python3.12/site-packages/airflow/example_dags/example_trigger_target_dag.py
[2024-10-06T04:42:33.574+0000] {logging_mixin.py:190} INFO - [2024-10-06T04:42:33.573+0000] {dag.py:3239} INFO - Sync 1 DAGs
[2024-10-06T04:42:33.586+0000] {logging_mixin.py:190} INFO - [2024-10-06T04:42:33.586+0000] {dag.py:4180} INFO - Setting next_dagrun for example_trigger_target_dag to None, run_after=None
[2024-10-06T04:42:33.605+0000] {processor.py:208} INFO - Processing /home/airflow/.local/lib/python3.12/site-packages/airflow/example_dags/example_trigger_target_dag.py took 0.060 seconds
[2024-10-06T04:43:04.256+0000] {processor.py:186} INFO - Started process (PID=2288) to work on /home/airflow/.local/lib/python3.12/site-packages/airflow/example_dags/example_trigger_target_dag.py
[2024-10-06T04:43:04.257+0000] {processor.py:914} INFO - Processing file /home/airflow/.local/lib/python3.12/site-packages/airflow/example_dags/example_trigger_target_dag.py for tasks to queue
[2024-10-06T04:43:04.257+0000] {logging_mixin.py:190} INFO - [2024-10-06T04:43:04.257+0000] {dagbag.py:588} INFO - Filling up the DagBag from /home/airflow/.local/lib/python3.12/site-packages/airflow/example_dags/example_trigger_target_dag.py
[2024-10-06T04:43:04.264+0000] {processor.py:925} INFO - DAG(s) 'example_trigger_target_dag' retrieved from /home/airflow/.local/lib/python3.12/site-packages/airflow/example_dags/example_trigger_target_dag.py
[2024-10-06T04:43:04.278+0000] {logging_mixin.py:190} INFO - [2024-10-06T04:43:04.278+0000] {dag.py:3239} INFO - Sync 1 DAGs
[2024-10-06T04:43:04.293+0000] {logging_mixin.py:190} INFO - [2024-10-06T04:43:04.292+0000] {dag.py:4180} INFO - Setting next_dagrun for example_trigger_target_dag to None, run_after=None
[2024-10-06T04:43:04.314+0000] {processor.py:208} INFO - Processing /home/airflow/.local/lib/python3.12/site-packages/airflow/example_dags/example_trigger_target_dag.py took 0.063 seconds
[2024-10-06T04:43:35.238+0000] {processor.py:186} INFO - Started process (PID=2351) to work on /home/airflow/.local/lib/python3.12/site-packages/airflow/example_dags/example_trigger_target_dag.py
[2024-10-06T04:43:35.238+0000] {processor.py:914} INFO - Processing file /home/airflow/.local/lib/python3.12/site-packages/airflow/example_dags/example_trigger_target_dag.py for tasks to queue
[2024-10-06T04:43:35.239+0000] {logging_mixin.py:190} INFO - [2024-10-06T04:43:35.239+0000] {dagbag.py:588} INFO - Filling up the DagBag from /home/airflow/.local/lib/python3.12/site-packages/airflow/example_dags/example_trigger_target_dag.py
[2024-10-06T04:43:35.245+0000] {processor.py:925} INFO - DAG(s) 'example_trigger_target_dag' retrieved from /home/airflow/.local/lib/python3.12/site-packages/airflow/example_dags/example_trigger_target_dag.py
[2024-10-06T04:43:35.260+0000] {logging_mixin.py:190} INFO - [2024-10-06T04:43:35.260+0000] {dag.py:3239} INFO - Sync 1 DAGs
[2024-10-06T04:43:35.272+0000] {logging_mixin.py:190} INFO - [2024-10-06T04:43:35.272+0000] {dag.py:4180} INFO - Setting next_dagrun for example_trigger_target_dag to None, run_after=None
[2024-10-06T04:43:35.289+0000] {processor.py:208} INFO - Processing /home/airflow/.local/lib/python3.12/site-packages/airflow/example_dags/example_trigger_target_dag.py took 0.055 seconds
[2024-10-06T04:44:05.463+0000] {processor.py:186} INFO - Started process (PID=2415) to work on /home/airflow/.local/lib/python3.12/site-packages/airflow/example_dags/example_trigger_target_dag.py
[2024-10-06T04:44:05.464+0000] {processor.py:914} INFO - Processing file /home/airflow/.local/lib/python3.12/site-packages/airflow/example_dags/example_trigger_target_dag.py for tasks to queue
[2024-10-06T04:44:05.465+0000] {logging_mixin.py:190} INFO - [2024-10-06T04:44:05.465+0000] {dagbag.py:588} INFO - Filling up the DagBag from /home/airflow/.local/lib/python3.12/site-packages/airflow/example_dags/example_trigger_target_dag.py
[2024-10-06T04:44:05.471+0000] {processor.py:925} INFO - DAG(s) 'example_trigger_target_dag' retrieved from /home/airflow/.local/lib/python3.12/site-packages/airflow/example_dags/example_trigger_target_dag.py
[2024-10-06T04:44:05.486+0000] {logging_mixin.py:190} INFO - [2024-10-06T04:44:05.486+0000] {dag.py:3239} INFO - Sync 1 DAGs
[2024-10-06T04:44:05.498+0000] {logging_mixin.py:190} INFO - [2024-10-06T04:44:05.498+0000] {dag.py:4180} INFO - Setting next_dagrun for example_trigger_target_dag to None, run_after=None
[2024-10-06T04:44:05.516+0000] {processor.py:208} INFO - Processing /home/airflow/.local/lib/python3.12/site-packages/airflow/example_dags/example_trigger_target_dag.py took 0.057 seconds
[2024-10-06T04:44:36.350+0000] {processor.py:186} INFO - Started process (PID=2479) to work on /home/airflow/.local/lib/python3.12/site-packages/airflow/example_dags/example_trigger_target_dag.py
[2024-10-06T04:44:36.350+0000] {processor.py:914} INFO - Processing file /home/airflow/.local/lib/python3.12/site-packages/airflow/example_dags/example_trigger_target_dag.py for tasks to queue
[2024-10-06T04:44:36.351+0000] {logging_mixin.py:190} INFO - [2024-10-06T04:44:36.351+0000] {dagbag.py:588} INFO - Filling up the DagBag from /home/airflow/.local/lib/python3.12/site-packages/airflow/example_dags/example_trigger_target_dag.py
[2024-10-06T04:44:36.358+0000] {processor.py:925} INFO - DAG(s) 'example_trigger_target_dag' retrieved from /home/airflow/.local/lib/python3.12/site-packages/airflow/example_dags/example_trigger_target_dag.py
[2024-10-06T04:44:36.374+0000] {logging_mixin.py:190} INFO - [2024-10-06T04:44:36.374+0000] {dag.py:3239} INFO - Sync 1 DAGs
[2024-10-06T04:44:36.388+0000] {logging_mixin.py:190} INFO - [2024-10-06T04:44:36.388+0000] {dag.py:4180} INFO - Setting next_dagrun for example_trigger_target_dag to None, run_after=None
[2024-10-06T04:44:36.409+0000] {processor.py:208} INFO - Processing /home/airflow/.local/lib/python3.12/site-packages/airflow/example_dags/example_trigger_target_dag.py took 0.065 seconds
[2024-10-06T04:45:06.907+0000] {processor.py:186} INFO - Started process (PID=2542) to work on /home/airflow/.local/lib/python3.12/site-packages/airflow/example_dags/example_trigger_target_dag.py
[2024-10-06T04:45:06.908+0000] {processor.py:914} INFO - Processing file /home/airflow/.local/lib/python3.12/site-packages/airflow/example_dags/example_trigger_target_dag.py for tasks to queue
[2024-10-06T04:45:06.908+0000] {logging_mixin.py:190} INFO - [2024-10-06T04:45:06.908+0000] {dagbag.py:588} INFO - Filling up the DagBag from /home/airflow/.local/lib/python3.12/site-packages/airflow/example_dags/example_trigger_target_dag.py
[2024-10-06T04:45:06.914+0000] {processor.py:925} INFO - DAG(s) 'example_trigger_target_dag' retrieved from /home/airflow/.local/lib/python3.12/site-packages/airflow/example_dags/example_trigger_target_dag.py
[2024-10-06T04:45:06.929+0000] {logging_mixin.py:190} INFO - [2024-10-06T04:45:06.929+0000] {dag.py:3239} INFO - Sync 1 DAGs
[2024-10-06T04:45:06.943+0000] {logging_mixin.py:190} INFO - [2024-10-06T04:45:06.943+0000] {dag.py:4180} INFO - Setting next_dagrun for example_trigger_target_dag to None, run_after=None
[2024-10-06T04:45:06.961+0000] {processor.py:208} INFO - Processing /home/airflow/.local/lib/python3.12/site-packages/airflow/example_dags/example_trigger_target_dag.py took 0.059 seconds
[2024-10-06T04:45:37.604+0000] {processor.py:186} INFO - Started process (PID=2605) to work on /home/airflow/.local/lib/python3.12/site-packages/airflow/example_dags/example_trigger_target_dag.py
[2024-10-06T04:45:37.604+0000] {processor.py:914} INFO - Processing file /home/airflow/.local/lib/python3.12/site-packages/airflow/example_dags/example_trigger_target_dag.py for tasks to queue
[2024-10-06T04:45:37.605+0000] {logging_mixin.py:190} INFO - [2024-10-06T04:45:37.605+0000] {dagbag.py:588} INFO - Filling up the DagBag from /home/airflow/.local/lib/python3.12/site-packages/airflow/example_dags/example_trigger_target_dag.py
[2024-10-06T04:45:37.611+0000] {processor.py:925} INFO - DAG(s) 'example_trigger_target_dag' retrieved from /home/airflow/.local/lib/python3.12/site-packages/airflow/example_dags/example_trigger_target_dag.py
[2024-10-06T04:45:37.627+0000] {logging_mixin.py:190} INFO - [2024-10-06T04:45:37.627+0000] {dag.py:3239} INFO - Sync 1 DAGs
[2024-10-06T04:45:37.644+0000] {logging_mixin.py:190} INFO - [2024-10-06T04:45:37.644+0000] {dag.py:4180} INFO - Setting next_dagrun for example_trigger_target_dag to None, run_after=None
[2024-10-06T04:45:37.661+0000] {processor.py:208} INFO - Processing /home/airflow/.local/lib/python3.12/site-packages/airflow/example_dags/example_trigger_target_dag.py took 0.062 seconds
[2024-10-06T04:46:08.313+0000] {processor.py:186} INFO - Started process (PID=2668) to work on /home/airflow/.local/lib/python3.12/site-packages/airflow/example_dags/example_trigger_target_dag.py
[2024-10-06T04:46:08.314+0000] {processor.py:914} INFO - Processing file /home/airflow/.local/lib/python3.12/site-packages/airflow/example_dags/example_trigger_target_dag.py for tasks to queue
[2024-10-06T04:46:08.315+0000] {logging_mixin.py:190} INFO - [2024-10-06T04:46:08.315+0000] {dagbag.py:588} INFO - Filling up the DagBag from /home/airflow/.local/lib/python3.12/site-packages/airflow/example_dags/example_trigger_target_dag.py
[2024-10-06T04:46:08.322+0000] {processor.py:925} INFO - DAG(s) 'example_trigger_target_dag' retrieved from /home/airflow/.local/lib/python3.12/site-packages/airflow/example_dags/example_trigger_target_dag.py
[2024-10-06T04:46:08.338+0000] {logging_mixin.py:190} INFO - [2024-10-06T04:46:08.338+0000] {dag.py:3239} INFO - Sync 1 DAGs
[2024-10-06T04:46:08.351+0000] {logging_mixin.py:190} INFO - [2024-10-06T04:46:08.351+0000] {dag.py:4180} INFO - Setting next_dagrun for example_trigger_target_dag to None, run_after=None
[2024-10-06T04:46:08.369+0000] {processor.py:208} INFO - Processing /home/airflow/.local/lib/python3.12/site-packages/airflow/example_dags/example_trigger_target_dag.py took 0.061 seconds
[2024-10-06T04:46:39.002+0000] {processor.py:186} INFO - Started process (PID=2731) to work on /home/airflow/.local/lib/python3.12/site-packages/airflow/example_dags/example_trigger_target_dag.py
[2024-10-06T04:46:39.003+0000] {processor.py:914} INFO - Processing file /home/airflow/.local/lib/python3.12/site-packages/airflow/example_dags/example_trigger_target_dag.py for tasks to queue
[2024-10-06T04:46:39.004+0000] {logging_mixin.py:190} INFO - [2024-10-06T04:46:39.003+0000] {dagbag.py:588} INFO - Filling up the DagBag from /home/airflow/.local/lib/python3.12/site-packages/airflow/example_dags/example_trigger_target_dag.py
[2024-10-06T04:46:39.010+0000] {processor.py:925} INFO - DAG(s) 'example_trigger_target_dag' retrieved from /home/airflow/.local/lib/python3.12/site-packages/airflow/example_dags/example_trigger_target_dag.py
[2024-10-06T04:46:39.025+0000] {logging_mixin.py:190} INFO - [2024-10-06T04:46:39.025+0000] {dag.py:3239} INFO - Sync 1 DAGs
[2024-10-06T04:46:39.036+0000] {logging_mixin.py:190} INFO - [2024-10-06T04:46:39.036+0000] {dag.py:4180} INFO - Setting next_dagrun for example_trigger_target_dag to None, run_after=None
[2024-10-06T04:46:39.063+0000] {processor.py:208} INFO - Processing /home/airflow/.local/lib/python3.12/site-packages/airflow/example_dags/example_trigger_target_dag.py took 0.065 seconds
[2024-10-06T04:47:09.476+0000] {processor.py:186} INFO - Started process (PID=2794) to work on /home/airflow/.local/lib/python3.12/site-packages/airflow/example_dags/example_trigger_target_dag.py
[2024-10-06T04:47:09.476+0000] {processor.py:914} INFO - Processing file /home/airflow/.local/lib/python3.12/site-packages/airflow/example_dags/example_trigger_target_dag.py for tasks to queue
[2024-10-06T04:47:09.477+0000] {logging_mixin.py:190} INFO - [2024-10-06T04:47:09.477+0000] {dagbag.py:588} INFO - Filling up the DagBag from /home/airflow/.local/lib/python3.12/site-packages/airflow/example_dags/example_trigger_target_dag.py
[2024-10-06T04:47:09.483+0000] {processor.py:925} INFO - DAG(s) 'example_trigger_target_dag' retrieved from /home/airflow/.local/lib/python3.12/site-packages/airflow/example_dags/example_trigger_target_dag.py
[2024-10-06T04:47:09.498+0000] {logging_mixin.py:190} INFO - [2024-10-06T04:47:09.498+0000] {dag.py:3239} INFO - Sync 1 DAGs
[2024-10-06T04:47:09.510+0000] {logging_mixin.py:190} INFO - [2024-10-06T04:47:09.509+0000] {dag.py:4180} INFO - Setting next_dagrun for example_trigger_target_dag to None, run_after=None
[2024-10-06T04:47:09.530+0000] {processor.py:208} INFO - Processing /home/airflow/.local/lib/python3.12/site-packages/airflow/example_dags/example_trigger_target_dag.py took 0.059 seconds
[2024-10-06T04:47:40.707+0000] {processor.py:186} INFO - Started process (PID=2857) to work on /home/airflow/.local/lib/python3.12/site-packages/airflow/example_dags/example_trigger_target_dag.py
[2024-10-06T04:47:40.707+0000] {processor.py:914} INFO - Processing file /home/airflow/.local/lib/python3.12/site-packages/airflow/example_dags/example_trigger_target_dag.py for tasks to queue
[2024-10-06T04:47:40.708+0000] {logging_mixin.py:190} INFO - [2024-10-06T04:47:40.708+0000] {dagbag.py:588} INFO - Filling up the DagBag from /home/airflow/.local/lib/python3.12/site-packages/airflow/example_dags/example_trigger_target_dag.py
[2024-10-06T04:47:40.714+0000] {processor.py:925} INFO - DAG(s) 'example_trigger_target_dag' retrieved from /home/airflow/.local/lib/python3.12/site-packages/airflow/example_dags/example_trigger_target_dag.py
[2024-10-06T04:47:40.728+0000] {logging_mixin.py:190} INFO - [2024-10-06T04:47:40.728+0000] {dag.py:3239} INFO - Sync 1 DAGs
[2024-10-06T04:47:40.740+0000] {logging_mixin.py:190} INFO - [2024-10-06T04:47:40.740+0000] {dag.py:4180} INFO - Setting next_dagrun for example_trigger_target_dag to None, run_after=None
[2024-10-06T04:47:40.757+0000] {processor.py:208} INFO - Processing /home/airflow/.local/lib/python3.12/site-packages/airflow/example_dags/example_trigger_target_dag.py took 0.055 seconds
[2024-10-06T04:48:11.217+0000] {processor.py:186} INFO - Started process (PID=2920) to work on /home/airflow/.local/lib/python3.12/site-packages/airflow/example_dags/example_trigger_target_dag.py
[2024-10-06T04:48:11.217+0000] {processor.py:914} INFO - Processing file /home/airflow/.local/lib/python3.12/site-packages/airflow/example_dags/example_trigger_target_dag.py for tasks to queue
[2024-10-06T04:48:11.218+0000] {logging_mixin.py:190} INFO - [2024-10-06T04:48:11.218+0000] {dagbag.py:588} INFO - Filling up the DagBag from /home/airflow/.local/lib/python3.12/site-packages/airflow/example_dags/example_trigger_target_dag.py
[2024-10-06T04:48:11.225+0000] {processor.py:925} INFO - DAG(s) 'example_trigger_target_dag' retrieved from /home/airflow/.local/lib/python3.12/site-packages/airflow/example_dags/example_trigger_target_dag.py
[2024-10-06T04:48:11.239+0000] {logging_mixin.py:190} INFO - [2024-10-06T04:48:11.239+0000] {dag.py:3239} INFO - Sync 1 DAGs
[2024-10-06T04:48:11.251+0000] {logging_mixin.py:190} INFO - [2024-10-06T04:48:11.251+0000] {dag.py:4180} INFO - Setting next_dagrun for example_trigger_target_dag to None, run_after=None
[2024-10-06T04:48:11.271+0000] {processor.py:208} INFO - Processing /home/airflow/.local/lib/python3.12/site-packages/airflow/example_dags/example_trigger_target_dag.py took 0.059 seconds
[2024-10-06T04:48:41.624+0000] {processor.py:186} INFO - Started process (PID=2983) to work on /home/airflow/.local/lib/python3.12/site-packages/airflow/example_dags/example_trigger_target_dag.py
[2024-10-06T04:48:41.624+0000] {processor.py:914} INFO - Processing file /home/airflow/.local/lib/python3.12/site-packages/airflow/example_dags/example_trigger_target_dag.py for tasks to queue
[2024-10-06T04:48:41.625+0000] {logging_mixin.py:190} INFO - [2024-10-06T04:48:41.625+0000] {dagbag.py:588} INFO - Filling up the DagBag from /home/airflow/.local/lib/python3.12/site-packages/airflow/example_dags/example_trigger_target_dag.py
[2024-10-06T04:48:41.632+0000] {processor.py:925} INFO - DAG(s) 'example_trigger_target_dag' retrieved from /home/airflow/.local/lib/python3.12/site-packages/airflow/example_dags/example_trigger_target_dag.py
[2024-10-06T04:48:41.648+0000] {logging_mixin.py:190} INFO - [2024-10-06T04:48:41.647+0000] {dag.py:3239} INFO - Sync 1 DAGs
[2024-10-06T04:48:41.660+0000] {logging_mixin.py:190} INFO - [2024-10-06T04:48:41.660+0000] {dag.py:4180} INFO - Setting next_dagrun for example_trigger_target_dag to None, run_after=None
[2024-10-06T04:48:41.679+0000] {processor.py:208} INFO - Processing /home/airflow/.local/lib/python3.12/site-packages/airflow/example_dags/example_trigger_target_dag.py took 0.061 seconds
[2024-10-06T04:49:12.212+0000] {processor.py:186} INFO - Started process (PID=3047) to work on /home/airflow/.local/lib/python3.12/site-packages/airflow/example_dags/example_trigger_target_dag.py
[2024-10-06T04:49:12.212+0000] {processor.py:914} INFO - Processing file /home/airflow/.local/lib/python3.12/site-packages/airflow/example_dags/example_trigger_target_dag.py for tasks to queue
[2024-10-06T04:49:12.213+0000] {logging_mixin.py:190} INFO - [2024-10-06T04:49:12.213+0000] {dagbag.py:588} INFO - Filling up the DagBag from /home/airflow/.local/lib/python3.12/site-packages/airflow/example_dags/example_trigger_target_dag.py
[2024-10-06T04:49:12.219+0000] {processor.py:925} INFO - DAG(s) 'example_trigger_target_dag' retrieved from /home/airflow/.local/lib/python3.12/site-packages/airflow/example_dags/example_trigger_target_dag.py
[2024-10-06T04:49:12.236+0000] {logging_mixin.py:190} INFO - [2024-10-06T04:49:12.236+0000] {dag.py:3239} INFO - Sync 1 DAGs
[2024-10-06T04:49:12.251+0000] {logging_mixin.py:190} INFO - [2024-10-06T04:49:12.251+0000] {dag.py:4180} INFO - Setting next_dagrun for example_trigger_target_dag to None, run_after=None
[2024-10-06T04:49:12.269+0000] {processor.py:208} INFO - Processing /home/airflow/.local/lib/python3.12/site-packages/airflow/example_dags/example_trigger_target_dag.py took 0.062 seconds
[2024-10-06T04:49:42.683+0000] {processor.py:186} INFO - Started process (PID=3110) to work on /home/airflow/.local/lib/python3.12/site-packages/airflow/example_dags/example_trigger_target_dag.py
[2024-10-06T04:49:42.684+0000] {processor.py:914} INFO - Processing file /home/airflow/.local/lib/python3.12/site-packages/airflow/example_dags/example_trigger_target_dag.py for tasks to queue
[2024-10-06T04:49:42.685+0000] {logging_mixin.py:190} INFO - [2024-10-06T04:49:42.685+0000] {dagbag.py:588} INFO - Filling up the DagBag from /home/airflow/.local/lib/python3.12/site-packages/airflow/example_dags/example_trigger_target_dag.py
[2024-10-06T04:49:42.694+0000] {processor.py:925} INFO - DAG(s) 'example_trigger_target_dag' retrieved from /home/airflow/.local/lib/python3.12/site-packages/airflow/example_dags/example_trigger_target_dag.py
[2024-10-06T04:49:42.714+0000] {logging_mixin.py:190} INFO - [2024-10-06T04:49:42.713+0000] {dag.py:3239} INFO - Sync 1 DAGs
[2024-10-06T04:49:42.729+0000] {logging_mixin.py:190} INFO - [2024-10-06T04:49:42.729+0000] {dag.py:4180} INFO - Setting next_dagrun for example_trigger_target_dag to None, run_after=None
[2024-10-06T04:49:42.749+0000] {processor.py:208} INFO - Processing /home/airflow/.local/lib/python3.12/site-packages/airflow/example_dags/example_trigger_target_dag.py took 0.073 seconds
[2024-10-06T04:50:12.965+0000] {processor.py:186} INFO - Started process (PID=3173) to work on /home/airflow/.local/lib/python3.12/site-packages/airflow/example_dags/example_trigger_target_dag.py
[2024-10-06T04:50:12.965+0000] {processor.py:914} INFO - Processing file /home/airflow/.local/lib/python3.12/site-packages/airflow/example_dags/example_trigger_target_dag.py for tasks to queue
[2024-10-06T04:50:12.966+0000] {logging_mixin.py:190} INFO - [2024-10-06T04:50:12.966+0000] {dagbag.py:588} INFO - Filling up the DagBag from /home/airflow/.local/lib/python3.12/site-packages/airflow/example_dags/example_trigger_target_dag.py
[2024-10-06T04:50:12.973+0000] {processor.py:925} INFO - DAG(s) 'example_trigger_target_dag' retrieved from /home/airflow/.local/lib/python3.12/site-packages/airflow/example_dags/example_trigger_target_dag.py
[2024-10-06T04:50:12.988+0000] {logging_mixin.py:190} INFO - [2024-10-06T04:50:12.987+0000] {dag.py:3239} INFO - Sync 1 DAGs
[2024-10-06T04:50:13.000+0000] {logging_mixin.py:190} INFO - [2024-10-06T04:50:13.000+0000] {dag.py:4180} INFO - Setting next_dagrun for example_trigger_target_dag to None, run_after=None
[2024-10-06T04:50:13.018+0000] {processor.py:208} INFO - Processing /home/airflow/.local/lib/python3.12/site-packages/airflow/example_dags/example_trigger_target_dag.py took 0.057 seconds
[2024-10-06T04:50:43.242+0000] {processor.py:186} INFO - Started process (PID=3235) to work on /home/airflow/.local/lib/python3.12/site-packages/airflow/example_dags/example_trigger_target_dag.py
[2024-10-06T04:50:43.242+0000] {processor.py:914} INFO - Processing file /home/airflow/.local/lib/python3.12/site-packages/airflow/example_dags/example_trigger_target_dag.py for tasks to queue
[2024-10-06T04:50:43.243+0000] {logging_mixin.py:190} INFO - [2024-10-06T04:50:43.243+0000] {dagbag.py:588} INFO - Filling up the DagBag from /home/airflow/.local/lib/python3.12/site-packages/airflow/example_dags/example_trigger_target_dag.py
[2024-10-06T04:50:43.249+0000] {processor.py:925} INFO - DAG(s) 'example_trigger_target_dag' retrieved from /home/airflow/.local/lib/python3.12/site-packages/airflow/example_dags/example_trigger_target_dag.py
[2024-10-06T04:50:43.267+0000] {logging_mixin.py:190} INFO - [2024-10-06T04:50:43.267+0000] {dag.py:3239} INFO - Sync 1 DAGs
[2024-10-06T04:50:43.283+0000] {logging_mixin.py:190} INFO - [2024-10-06T04:50:43.283+0000] {dag.py:4180} INFO - Setting next_dagrun for example_trigger_target_dag to None, run_after=None
[2024-10-06T04:50:43.324+0000] {processor.py:208} INFO - Processing /home/airflow/.local/lib/python3.12/site-packages/airflow/example_dags/example_trigger_target_dag.py took 0.087 seconds
[2024-10-06T04:51:13.889+0000] {processor.py:186} INFO - Started process (PID=3298) to work on /home/airflow/.local/lib/python3.12/site-packages/airflow/example_dags/example_trigger_target_dag.py
[2024-10-06T04:51:13.890+0000] {processor.py:914} INFO - Processing file /home/airflow/.local/lib/python3.12/site-packages/airflow/example_dags/example_trigger_target_dag.py for tasks to queue
[2024-10-06T04:51:13.891+0000] {logging_mixin.py:190} INFO - [2024-10-06T04:51:13.891+0000] {dagbag.py:588} INFO - Filling up the DagBag from /home/airflow/.local/lib/python3.12/site-packages/airflow/example_dags/example_trigger_target_dag.py
[2024-10-06T04:51:13.897+0000] {processor.py:925} INFO - DAG(s) 'example_trigger_target_dag' retrieved from /home/airflow/.local/lib/python3.12/site-packages/airflow/example_dags/example_trigger_target_dag.py
[2024-10-06T04:51:13.914+0000] {logging_mixin.py:190} INFO - [2024-10-06T04:51:13.914+0000] {dag.py:3239} INFO - Sync 1 DAGs
[2024-10-06T04:51:13.929+0000] {logging_mixin.py:190} INFO - [2024-10-06T04:51:13.929+0000] {dag.py:4180} INFO - Setting next_dagrun for example_trigger_target_dag to None, run_after=None
[2024-10-06T04:51:13.946+0000] {processor.py:208} INFO - Processing /home/airflow/.local/lib/python3.12/site-packages/airflow/example_dags/example_trigger_target_dag.py took 0.061 seconds
[2024-10-06T04:51:44.174+0000] {processor.py:186} INFO - Started process (PID=3361) to work on /home/airflow/.local/lib/python3.12/site-packages/airflow/example_dags/example_trigger_target_dag.py
[2024-10-06T04:51:44.175+0000] {processor.py:914} INFO - Processing file /home/airflow/.local/lib/python3.12/site-packages/airflow/example_dags/example_trigger_target_dag.py for tasks to queue
[2024-10-06T04:51:44.176+0000] {logging_mixin.py:190} INFO - [2024-10-06T04:51:44.175+0000] {dagbag.py:588} INFO - Filling up the DagBag from /home/airflow/.local/lib/python3.12/site-packages/airflow/example_dags/example_trigger_target_dag.py
[2024-10-06T04:51:44.182+0000] {processor.py:925} INFO - DAG(s) 'example_trigger_target_dag' retrieved from /home/airflow/.local/lib/python3.12/site-packages/airflow/example_dags/example_trigger_target_dag.py
[2024-10-06T04:51:44.198+0000] {logging_mixin.py:190} INFO - [2024-10-06T04:51:44.198+0000] {dag.py:3239} INFO - Sync 1 DAGs
[2024-10-06T04:51:44.210+0000] {logging_mixin.py:190} INFO - [2024-10-06T04:51:44.210+0000] {dag.py:4180} INFO - Setting next_dagrun for example_trigger_target_dag to None, run_after=None
[2024-10-06T04:51:44.230+0000] {processor.py:208} INFO - Processing /home/airflow/.local/lib/python3.12/site-packages/airflow/example_dags/example_trigger_target_dag.py took 0.060 seconds
[2024-10-06T04:52:14.455+0000] {processor.py:186} INFO - Started process (PID=3424) to work on /home/airflow/.local/lib/python3.12/site-packages/airflow/example_dags/example_trigger_target_dag.py
[2024-10-06T04:52:14.456+0000] {processor.py:914} INFO - Processing file /home/airflow/.local/lib/python3.12/site-packages/airflow/example_dags/example_trigger_target_dag.py for tasks to queue
[2024-10-06T04:52:14.457+0000] {logging_mixin.py:190} INFO - [2024-10-06T04:52:14.457+0000] {dagbag.py:588} INFO - Filling up the DagBag from /home/airflow/.local/lib/python3.12/site-packages/airflow/example_dags/example_trigger_target_dag.py
[2024-10-06T04:52:14.463+0000] {processor.py:925} INFO - DAG(s) 'example_trigger_target_dag' retrieved from /home/airflow/.local/lib/python3.12/site-packages/airflow/example_dags/example_trigger_target_dag.py
[2024-10-06T04:52:14.478+0000] {logging_mixin.py:190} INFO - [2024-10-06T04:52:14.478+0000] {dag.py:3239} INFO - Sync 1 DAGs
[2024-10-06T04:52:14.490+0000] {logging_mixin.py:190} INFO - [2024-10-06T04:52:14.490+0000] {dag.py:4180} INFO - Setting next_dagrun for example_trigger_target_dag to None, run_after=None
[2024-10-06T04:52:14.506+0000] {processor.py:208} INFO - Processing /home/airflow/.local/lib/python3.12/site-packages/airflow/example_dags/example_trigger_target_dag.py took 0.055 seconds
[2024-10-06T04:52:44.753+0000] {processor.py:186} INFO - Started process (PID=3488) to work on /home/airflow/.local/lib/python3.12/site-packages/airflow/example_dags/example_trigger_target_dag.py
[2024-10-06T04:52:44.753+0000] {processor.py:914} INFO - Processing file /home/airflow/.local/lib/python3.12/site-packages/airflow/example_dags/example_trigger_target_dag.py for tasks to queue
[2024-10-06T04:52:44.755+0000] {logging_mixin.py:190} INFO - [2024-10-06T04:52:44.754+0000] {dagbag.py:588} INFO - Filling up the DagBag from /home/airflow/.local/lib/python3.12/site-packages/airflow/example_dags/example_trigger_target_dag.py
[2024-10-06T04:52:44.763+0000] {processor.py:925} INFO - DAG(s) 'example_trigger_target_dag' retrieved from /home/airflow/.local/lib/python3.12/site-packages/airflow/example_dags/example_trigger_target_dag.py
[2024-10-06T04:52:44.778+0000] {logging_mixin.py:190} INFO - [2024-10-06T04:52:44.777+0000] {dag.py:3239} INFO - Sync 1 DAGs
[2024-10-06T04:52:44.789+0000] {logging_mixin.py:190} INFO - [2024-10-06T04:52:44.789+0000] {dag.py:4180} INFO - Setting next_dagrun for example_trigger_target_dag to None, run_after=None
[2024-10-06T04:52:44.807+0000] {processor.py:208} INFO - Processing /home/airflow/.local/lib/python3.12/site-packages/airflow/example_dags/example_trigger_target_dag.py took 0.060 seconds
[2024-10-06T04:53:15.130+0000] {processor.py:186} INFO - Started process (PID=3551) to work on /home/airflow/.local/lib/python3.12/site-packages/airflow/example_dags/example_trigger_target_dag.py
[2024-10-06T04:53:15.130+0000] {processor.py:914} INFO - Processing file /home/airflow/.local/lib/python3.12/site-packages/airflow/example_dags/example_trigger_target_dag.py for tasks to queue
[2024-10-06T04:53:15.132+0000] {logging_mixin.py:190} INFO - [2024-10-06T04:53:15.131+0000] {dagbag.py:588} INFO - Filling up the DagBag from /home/airflow/.local/lib/python3.12/site-packages/airflow/example_dags/example_trigger_target_dag.py
[2024-10-06T04:53:15.139+0000] {processor.py:925} INFO - DAG(s) 'example_trigger_target_dag' retrieved from /home/airflow/.local/lib/python3.12/site-packages/airflow/example_dags/example_trigger_target_dag.py
[2024-10-06T04:53:15.156+0000] {logging_mixin.py:190} INFO - [2024-10-06T04:53:15.156+0000] {dag.py:3239} INFO - Sync 1 DAGs
[2024-10-06T04:53:15.168+0000] {logging_mixin.py:190} INFO - [2024-10-06T04:53:15.168+0000] {dag.py:4180} INFO - Setting next_dagrun for example_trigger_target_dag to None, run_after=None
[2024-10-06T04:53:15.204+0000] {processor.py:208} INFO - Processing /home/airflow/.local/lib/python3.12/site-packages/airflow/example_dags/example_trigger_target_dag.py took 0.081 seconds
[2024-10-06T04:53:45.261+0000] {processor.py:186} INFO - Started process (PID=3613) to work on /home/airflow/.local/lib/python3.12/site-packages/airflow/example_dags/example_trigger_target_dag.py
[2024-10-06T04:53:45.261+0000] {processor.py:914} INFO - Processing file /home/airflow/.local/lib/python3.12/site-packages/airflow/example_dags/example_trigger_target_dag.py for tasks to queue
[2024-10-06T04:53:45.262+0000] {logging_mixin.py:190} INFO - [2024-10-06T04:53:45.262+0000] {dagbag.py:588} INFO - Filling up the DagBag from /home/airflow/.local/lib/python3.12/site-packages/airflow/example_dags/example_trigger_target_dag.py
[2024-10-06T04:53:45.268+0000] {processor.py:925} INFO - DAG(s) 'example_trigger_target_dag' retrieved from /home/airflow/.local/lib/python3.12/site-packages/airflow/example_dags/example_trigger_target_dag.py
[2024-10-06T04:53:45.282+0000] {logging_mixin.py:190} INFO - [2024-10-06T04:53:45.282+0000] {dag.py:3239} INFO - Sync 1 DAGs
[2024-10-06T04:53:45.294+0000] {logging_mixin.py:190} INFO - [2024-10-06T04:53:45.294+0000] {dag.py:4180} INFO - Setting next_dagrun for example_trigger_target_dag to None, run_after=None
[2024-10-06T04:53:45.313+0000] {processor.py:208} INFO - Processing /home/airflow/.local/lib/python3.12/site-packages/airflow/example_dags/example_trigger_target_dag.py took 0.057 seconds
[2024-10-06T04:54:15.490+0000] {processor.py:186} INFO - Started process (PID=3676) to work on /home/airflow/.local/lib/python3.12/site-packages/airflow/example_dags/example_trigger_target_dag.py
[2024-10-06T04:54:15.491+0000] {processor.py:914} INFO - Processing file /home/airflow/.local/lib/python3.12/site-packages/airflow/example_dags/example_trigger_target_dag.py for tasks to queue
[2024-10-06T04:54:15.492+0000] {logging_mixin.py:190} INFO - [2024-10-06T04:54:15.492+0000] {dagbag.py:588} INFO - Filling up the DagBag from /home/airflow/.local/lib/python3.12/site-packages/airflow/example_dags/example_trigger_target_dag.py
[2024-10-06T04:54:15.499+0000] {processor.py:925} INFO - DAG(s) 'example_trigger_target_dag' retrieved from /home/airflow/.local/lib/python3.12/site-packages/airflow/example_dags/example_trigger_target_dag.py
[2024-10-06T04:54:15.516+0000] {logging_mixin.py:190} INFO - [2024-10-06T04:54:15.515+0000] {dag.py:3239} INFO - Sync 1 DAGs
[2024-10-06T04:54:15.529+0000] {logging_mixin.py:190} INFO - [2024-10-06T04:54:15.528+0000] {dag.py:4180} INFO - Setting next_dagrun for example_trigger_target_dag to None, run_after=None
[2024-10-06T04:54:15.552+0000] {processor.py:208} INFO - Processing /home/airflow/.local/lib/python3.12/site-packages/airflow/example_dags/example_trigger_target_dag.py took 0.066 seconds
[2024-10-06T04:54:45.805+0000] {processor.py:186} INFO - Started process (PID=3739) to work on /home/airflow/.local/lib/python3.12/site-packages/airflow/example_dags/example_trigger_target_dag.py
[2024-10-06T04:54:45.806+0000] {processor.py:914} INFO - Processing file /home/airflow/.local/lib/python3.12/site-packages/airflow/example_dags/example_trigger_target_dag.py for tasks to queue
[2024-10-06T04:54:45.807+0000] {logging_mixin.py:190} INFO - [2024-10-06T04:54:45.807+0000] {dagbag.py:588} INFO - Filling up the DagBag from /home/airflow/.local/lib/python3.12/site-packages/airflow/example_dags/example_trigger_target_dag.py
[2024-10-06T04:54:45.814+0000] {processor.py:925} INFO - DAG(s) 'example_trigger_target_dag' retrieved from /home/airflow/.local/lib/python3.12/site-packages/airflow/example_dags/example_trigger_target_dag.py
[2024-10-06T04:54:45.828+0000] {logging_mixin.py:190} INFO - [2024-10-06T04:54:45.828+0000] {dag.py:3239} INFO - Sync 1 DAGs
[2024-10-06T04:54:45.841+0000] {logging_mixin.py:190} INFO - [2024-10-06T04:54:45.841+0000] {dag.py:4180} INFO - Setting next_dagrun for example_trigger_target_dag to None, run_after=None
[2024-10-06T04:54:45.862+0000] {processor.py:208} INFO - Processing /home/airflow/.local/lib/python3.12/site-packages/airflow/example_dags/example_trigger_target_dag.py took 0.063 seconds
[2024-10-06T04:55:16.273+0000] {processor.py:186} INFO - Started process (PID=3804) to work on /home/airflow/.local/lib/python3.12/site-packages/airflow/example_dags/example_trigger_target_dag.py
[2024-10-06T04:55:16.274+0000] {processor.py:914} INFO - Processing file /home/airflow/.local/lib/python3.12/site-packages/airflow/example_dags/example_trigger_target_dag.py for tasks to queue
[2024-10-06T04:55:16.275+0000] {logging_mixin.py:190} INFO - [2024-10-06T04:55:16.274+0000] {dagbag.py:588} INFO - Filling up the DagBag from /home/airflow/.local/lib/python3.12/site-packages/airflow/example_dags/example_trigger_target_dag.py
[2024-10-06T04:55:16.282+0000] {processor.py:925} INFO - DAG(s) 'example_trigger_target_dag' retrieved from /home/airflow/.local/lib/python3.12/site-packages/airflow/example_dags/example_trigger_target_dag.py
[2024-10-06T04:55:16.296+0000] {logging_mixin.py:190} INFO - [2024-10-06T04:55:16.295+0000] {dag.py:3239} INFO - Sync 1 DAGs
[2024-10-06T04:55:16.307+0000] {logging_mixin.py:190} INFO - [2024-10-06T04:55:16.307+0000] {dag.py:4180} INFO - Setting next_dagrun for example_trigger_target_dag to None, run_after=None
[2024-10-06T04:55:16.324+0000] {processor.py:208} INFO - Processing /home/airflow/.local/lib/python3.12/site-packages/airflow/example_dags/example_trigger_target_dag.py took 0.056 seconds
[2024-10-06T04:55:46.657+0000] {processor.py:186} INFO - Started process (PID=3867) to work on /home/airflow/.local/lib/python3.12/site-packages/airflow/example_dags/example_trigger_target_dag.py
[2024-10-06T04:55:46.657+0000] {processor.py:914} INFO - Processing file /home/airflow/.local/lib/python3.12/site-packages/airflow/example_dags/example_trigger_target_dag.py for tasks to queue
[2024-10-06T04:55:46.658+0000] {logging_mixin.py:190} INFO - [2024-10-06T04:55:46.658+0000] {dagbag.py:588} INFO - Filling up the DagBag from /home/airflow/.local/lib/python3.12/site-packages/airflow/example_dags/example_trigger_target_dag.py
[2024-10-06T04:55:46.666+0000] {processor.py:925} INFO - DAG(s) 'example_trigger_target_dag' retrieved from /home/airflow/.local/lib/python3.12/site-packages/airflow/example_dags/example_trigger_target_dag.py
[2024-10-06T04:55:46.681+0000] {logging_mixin.py:190} INFO - [2024-10-06T04:55:46.681+0000] {dag.py:3239} INFO - Sync 1 DAGs
[2024-10-06T04:55:46.693+0000] {logging_mixin.py:190} INFO - [2024-10-06T04:55:46.693+0000] {dag.py:4180} INFO - Setting next_dagrun for example_trigger_target_dag to None, run_after=None
[2024-10-06T04:55:46.710+0000] {processor.py:208} INFO - Processing /home/airflow/.local/lib/python3.12/site-packages/airflow/example_dags/example_trigger_target_dag.py took 0.059 seconds
[2024-10-06T04:56:17.106+0000] {processor.py:186} INFO - Started process (PID=3931) to work on /home/airflow/.local/lib/python3.12/site-packages/airflow/example_dags/example_trigger_target_dag.py
[2024-10-06T04:56:17.106+0000] {processor.py:914} INFO - Processing file /home/airflow/.local/lib/python3.12/site-packages/airflow/example_dags/example_trigger_target_dag.py for tasks to queue
[2024-10-06T04:56:17.107+0000] {logging_mixin.py:190} INFO - [2024-10-06T04:56:17.107+0000] {dagbag.py:588} INFO - Filling up the DagBag from /home/airflow/.local/lib/python3.12/site-packages/airflow/example_dags/example_trigger_target_dag.py
[2024-10-06T04:56:17.113+0000] {processor.py:925} INFO - DAG(s) 'example_trigger_target_dag' retrieved from /home/airflow/.local/lib/python3.12/site-packages/airflow/example_dags/example_trigger_target_dag.py
[2024-10-06T04:56:17.128+0000] {logging_mixin.py:190} INFO - [2024-10-06T04:56:17.128+0000] {dag.py:3239} INFO - Sync 1 DAGs
[2024-10-06T04:56:17.141+0000] {logging_mixin.py:190} INFO - [2024-10-06T04:56:17.140+0000] {dag.py:4180} INFO - Setting next_dagrun for example_trigger_target_dag to None, run_after=None
[2024-10-06T04:56:17.164+0000] {processor.py:208} INFO - Processing /home/airflow/.local/lib/python3.12/site-packages/airflow/example_dags/example_trigger_target_dag.py took 0.063 seconds
[2024-10-06T04:56:47.469+0000] {processor.py:186} INFO - Started process (PID=3995) to work on /home/airflow/.local/lib/python3.12/site-packages/airflow/example_dags/example_trigger_target_dag.py
[2024-10-06T04:56:47.470+0000] {processor.py:914} INFO - Processing file /home/airflow/.local/lib/python3.12/site-packages/airflow/example_dags/example_trigger_target_dag.py for tasks to queue
[2024-10-06T04:56:47.471+0000] {logging_mixin.py:190} INFO - [2024-10-06T04:56:47.471+0000] {dagbag.py:588} INFO - Filling up the DagBag from /home/airflow/.local/lib/python3.12/site-packages/airflow/example_dags/example_trigger_target_dag.py
[2024-10-06T04:56:47.481+0000] {processor.py:925} INFO - DAG(s) 'example_trigger_target_dag' retrieved from /home/airflow/.local/lib/python3.12/site-packages/airflow/example_dags/example_trigger_target_dag.py
[2024-10-06T04:56:47.503+0000] {logging_mixin.py:190} INFO - [2024-10-06T04:56:47.503+0000] {dag.py:3239} INFO - Sync 1 DAGs
[2024-10-06T04:56:47.519+0000] {logging_mixin.py:190} INFO - [2024-10-06T04:56:47.519+0000] {dag.py:4180} INFO - Setting next_dagrun for example_trigger_target_dag to None, run_after=None
[2024-10-06T04:56:47.540+0000] {processor.py:208} INFO - Processing /home/airflow/.local/lib/python3.12/site-packages/airflow/example_dags/example_trigger_target_dag.py took 0.076 seconds
[2024-10-06T04:57:18.114+0000] {processor.py:186} INFO - Started process (PID=4059) to work on /home/airflow/.local/lib/python3.12/site-packages/airflow/example_dags/example_trigger_target_dag.py
[2024-10-06T04:57:18.115+0000] {processor.py:914} INFO - Processing file /home/airflow/.local/lib/python3.12/site-packages/airflow/example_dags/example_trigger_target_dag.py for tasks to queue
[2024-10-06T04:57:18.116+0000] {logging_mixin.py:190} INFO - [2024-10-06T04:57:18.116+0000] {dagbag.py:588} INFO - Filling up the DagBag from /home/airflow/.local/lib/python3.12/site-packages/airflow/example_dags/example_trigger_target_dag.py
[2024-10-06T04:57:18.125+0000] {processor.py:925} INFO - DAG(s) 'example_trigger_target_dag' retrieved from /home/airflow/.local/lib/python3.12/site-packages/airflow/example_dags/example_trigger_target_dag.py
[2024-10-06T04:57:18.149+0000] {logging_mixin.py:190} INFO - [2024-10-06T04:57:18.149+0000] {dag.py:3239} INFO - Sync 1 DAGs
[2024-10-06T04:57:18.166+0000] {logging_mixin.py:190} INFO - [2024-10-06T04:57:18.165+0000] {dag.py:4180} INFO - Setting next_dagrun for example_trigger_target_dag to None, run_after=None
[2024-10-06T04:57:18.200+0000] {processor.py:208} INFO - Processing /home/airflow/.local/lib/python3.12/site-packages/airflow/example_dags/example_trigger_target_dag.py took 0.095 seconds
[2024-10-06T04:57:48.482+0000] {processor.py:186} INFO - Started process (PID=4123) to work on /home/airflow/.local/lib/python3.12/site-packages/airflow/example_dags/example_trigger_target_dag.py
[2024-10-06T04:57:48.482+0000] {processor.py:914} INFO - Processing file /home/airflow/.local/lib/python3.12/site-packages/airflow/example_dags/example_trigger_target_dag.py for tasks to queue
[2024-10-06T04:57:48.484+0000] {logging_mixin.py:190} INFO - [2024-10-06T04:57:48.483+0000] {dagbag.py:588} INFO - Filling up the DagBag from /home/airflow/.local/lib/python3.12/site-packages/airflow/example_dags/example_trigger_target_dag.py
[2024-10-06T04:57:48.491+0000] {processor.py:925} INFO - DAG(s) 'example_trigger_target_dag' retrieved from /home/airflow/.local/lib/python3.12/site-packages/airflow/example_dags/example_trigger_target_dag.py
[2024-10-06T04:57:48.509+0000] {logging_mixin.py:190} INFO - [2024-10-06T04:57:48.509+0000] {dag.py:3239} INFO - Sync 1 DAGs
[2024-10-06T04:57:48.522+0000] {logging_mixin.py:190} INFO - [2024-10-06T04:57:48.522+0000] {dag.py:4180} INFO - Setting next_dagrun for example_trigger_target_dag to None, run_after=None
[2024-10-06T04:57:48.548+0000] {processor.py:208} INFO - Processing /home/airflow/.local/lib/python3.12/site-packages/airflow/example_dags/example_trigger_target_dag.py took 0.072 seconds
