[2024-10-06T04:25:16.776+0000] {processor.py:186} INFO - Started process (PID=70) to work on /home/airflow/.local/lib/python3.12/site-packages/airflow/example_dags/example_display_name.py
[2024-10-06T04:25:16.777+0000] {processor.py:914} INFO - Processing file /home/airflow/.local/lib/python3.12/site-packages/airflow/example_dags/example_display_name.py for tasks to queue
[2024-10-06T04:25:16.779+0000] {logging_mixin.py:190} INFO - [2024-10-06T04:25:16.778+0000] {dagbag.py:588} INFO - Filling up the DagBag from /home/airflow/.local/lib/python3.12/site-packages/airflow/example_dags/example_display_name.py
[2024-10-06T04:25:16.787+0000] {processor.py:925} INFO - DAG(s) 'example_display_name' retrieved from /home/airflow/.local/lib/python3.12/site-packages/airflow/example_dags/example_display_name.py
[2024-10-06T04:25:16.948+0000] {logging_mixin.py:190} INFO - [2024-10-06T04:25:16.947+0000] {override.py:1900} INFO - Created Permission View: can edit on DAG:example_display_name
[2024-10-06T04:25:16.972+0000] {logging_mixin.py:190} INFO - [2024-10-06T04:25:16.971+0000] {override.py:1900} INFO - Created Permission View: can delete on DAG:example_display_name
[2024-10-06T04:25:16.996+0000] {logging_mixin.py:190} INFO - [2024-10-06T04:25:16.996+0000] {override.py:1900} INFO - Created Permission View: can read on DAG:example_display_name
[2024-10-06T04:25:17.057+0000] {logging_mixin.py:190} INFO - [2024-10-06T04:25:17.057+0000] {override.py:1900} INFO - Created Permission View: can delete on DAG Run:example_display_name
[2024-10-06T04:25:17.068+0000] {logging_mixin.py:190} INFO - [2024-10-06T04:25:17.067+0000] {override.py:1900} INFO - Created Permission View: can create on DAG Run:example_display_name
[2024-10-06T04:25:17.100+0000] {logging_mixin.py:190} INFO - [2024-10-06T04:25:17.100+0000] {override.py:1900} INFO - Created Permission View: menu access on DAG Run:example_display_name
[2024-10-06T04:25:17.119+0000] {logging_mixin.py:190} INFO - [2024-10-06T04:25:17.119+0000] {override.py:1900} INFO - Created Permission View: can read on DAG Run:example_display_name
[2024-10-06T04:25:17.120+0000] {logging_mixin.py:190} INFO - [2024-10-06T04:25:17.119+0000] {dag.py:3239} INFO - Sync 1 DAGs
[2024-10-06T04:25:17.139+0000] {logging_mixin.py:190} INFO - [2024-10-06T04:25:17.139+0000] {dag.py:3262} INFO - Creating ORM DAG for example_display_name
[2024-10-06T04:25:17.144+0000] {logging_mixin.py:190} INFO - [2024-10-06T04:25:17.144+0000] {dag.py:4180} INFO - Setting next_dagrun for example_display_name to None, run_after=None
[2024-10-06T04:25:17.208+0000] {processor.py:208} INFO - Processing /home/airflow/.local/lib/python3.12/site-packages/airflow/example_dags/example_display_name.py took 0.439 seconds
[2024-10-06T04:25:47.870+0000] {processor.py:186} INFO - Started process (PID=133) to work on /home/airflow/.local/lib/python3.12/site-packages/airflow/example_dags/example_display_name.py
[2024-10-06T04:25:47.871+0000] {processor.py:914} INFO - Processing file /home/airflow/.local/lib/python3.12/site-packages/airflow/example_dags/example_display_name.py for tasks to queue
[2024-10-06T04:25:47.872+0000] {logging_mixin.py:190} INFO - [2024-10-06T04:25:47.872+0000] {dagbag.py:588} INFO - Filling up the DagBag from /home/airflow/.local/lib/python3.12/site-packages/airflow/example_dags/example_display_name.py
[2024-10-06T04:25:47.878+0000] {processor.py:925} INFO - DAG(s) 'example_display_name' retrieved from /home/airflow/.local/lib/python3.12/site-packages/airflow/example_dags/example_display_name.py
[2024-10-06T04:25:47.892+0000] {logging_mixin.py:190} INFO - [2024-10-06T04:25:47.892+0000] {dag.py:3239} INFO - Sync 1 DAGs
[2024-10-06T04:25:47.904+0000] {logging_mixin.py:190} INFO - [2024-10-06T04:25:47.904+0000] {dag.py:4180} INFO - Setting next_dagrun for example_display_name to None, run_after=None
[2024-10-06T04:25:47.928+0000] {processor.py:208} INFO - Processing /home/airflow/.local/lib/python3.12/site-packages/airflow/example_dags/example_display_name.py took 0.062 seconds
[2024-10-06T04:26:18.316+0000] {processor.py:186} INFO - Started process (PID=195) to work on /home/airflow/.local/lib/python3.12/site-packages/airflow/example_dags/example_display_name.py
[2024-10-06T04:26:18.317+0000] {processor.py:914} INFO - Processing file /home/airflow/.local/lib/python3.12/site-packages/airflow/example_dags/example_display_name.py for tasks to queue
[2024-10-06T04:26:18.319+0000] {logging_mixin.py:190} INFO - [2024-10-06T04:26:18.319+0000] {dagbag.py:588} INFO - Filling up the DagBag from /home/airflow/.local/lib/python3.12/site-packages/airflow/example_dags/example_display_name.py
[2024-10-06T04:26:18.326+0000] {processor.py:925} INFO - DAG(s) 'example_display_name' retrieved from /home/airflow/.local/lib/python3.12/site-packages/airflow/example_dags/example_display_name.py
[2024-10-06T04:26:18.344+0000] {logging_mixin.py:190} INFO - [2024-10-06T04:26:18.343+0000] {dag.py:3239} INFO - Sync 1 DAGs
[2024-10-06T04:26:18.359+0000] {logging_mixin.py:190} INFO - [2024-10-06T04:26:18.359+0000] {dag.py:4180} INFO - Setting next_dagrun for example_display_name to None, run_after=None
[2024-10-06T04:26:18.381+0000] {processor.py:208} INFO - Processing /home/airflow/.local/lib/python3.12/site-packages/airflow/example_dags/example_display_name.py took 0.070 seconds
[2024-10-06T04:26:48.707+0000] {processor.py:186} INFO - Started process (PID=257) to work on /home/airflow/.local/lib/python3.12/site-packages/airflow/example_dags/example_display_name.py
[2024-10-06T04:26:48.708+0000] {processor.py:914} INFO - Processing file /home/airflow/.local/lib/python3.12/site-packages/airflow/example_dags/example_display_name.py for tasks to queue
[2024-10-06T04:26:48.709+0000] {logging_mixin.py:190} INFO - [2024-10-06T04:26:48.709+0000] {dagbag.py:588} INFO - Filling up the DagBag from /home/airflow/.local/lib/python3.12/site-packages/airflow/example_dags/example_display_name.py
[2024-10-06T04:26:48.715+0000] {processor.py:925} INFO - DAG(s) 'example_display_name' retrieved from /home/airflow/.local/lib/python3.12/site-packages/airflow/example_dags/example_display_name.py
[2024-10-06T04:26:48.732+0000] {logging_mixin.py:190} INFO - [2024-10-06T04:26:48.732+0000] {dag.py:3239} INFO - Sync 1 DAGs
[2024-10-06T04:26:48.748+0000] {logging_mixin.py:190} INFO - [2024-10-06T04:26:48.747+0000] {dag.py:4180} INFO - Setting next_dagrun for example_display_name to None, run_after=None
[2024-10-06T04:26:48.770+0000] {processor.py:208} INFO - Processing /home/airflow/.local/lib/python3.12/site-packages/airflow/example_dags/example_display_name.py took 0.068 seconds
[2024-10-06T04:27:19.036+0000] {processor.py:186} INFO - Started process (PID=319) to work on /home/airflow/.local/lib/python3.12/site-packages/airflow/example_dags/example_display_name.py
[2024-10-06T04:27:19.037+0000] {processor.py:914} INFO - Processing file /home/airflow/.local/lib/python3.12/site-packages/airflow/example_dags/example_display_name.py for tasks to queue
[2024-10-06T04:27:19.039+0000] {logging_mixin.py:190} INFO - [2024-10-06T04:27:19.038+0000] {dagbag.py:588} INFO - Filling up the DagBag from /home/airflow/.local/lib/python3.12/site-packages/airflow/example_dags/example_display_name.py
[2024-10-06T04:27:19.046+0000] {processor.py:925} INFO - DAG(s) 'example_display_name' retrieved from /home/airflow/.local/lib/python3.12/site-packages/airflow/example_dags/example_display_name.py
[2024-10-06T04:27:19.061+0000] {logging_mixin.py:190} INFO - [2024-10-06T04:27:19.061+0000] {dag.py:3239} INFO - Sync 1 DAGs
[2024-10-06T04:27:19.074+0000] {logging_mixin.py:190} INFO - [2024-10-06T04:27:19.073+0000] {dag.py:4180} INFO - Setting next_dagrun for example_display_name to None, run_after=None
[2024-10-06T04:27:19.100+0000] {processor.py:208} INFO - Processing /home/airflow/.local/lib/python3.12/site-packages/airflow/example_dags/example_display_name.py took 0.070 seconds
[2024-10-06T04:27:49.699+0000] {processor.py:186} INFO - Started process (PID=381) to work on /home/airflow/.local/lib/python3.12/site-packages/airflow/example_dags/example_display_name.py
[2024-10-06T04:27:49.699+0000] {processor.py:914} INFO - Processing file /home/airflow/.local/lib/python3.12/site-packages/airflow/example_dags/example_display_name.py for tasks to queue
[2024-10-06T04:27:49.701+0000] {logging_mixin.py:190} INFO - [2024-10-06T04:27:49.701+0000] {dagbag.py:588} INFO - Filling up the DagBag from /home/airflow/.local/lib/python3.12/site-packages/airflow/example_dags/example_display_name.py
[2024-10-06T04:27:49.707+0000] {processor.py:925} INFO - DAG(s) 'example_display_name' retrieved from /home/airflow/.local/lib/python3.12/site-packages/airflow/example_dags/example_display_name.py
[2024-10-06T04:27:49.722+0000] {logging_mixin.py:190} INFO - [2024-10-06T04:27:49.722+0000] {dag.py:3239} INFO - Sync 1 DAGs
[2024-10-06T04:27:49.734+0000] {logging_mixin.py:190} INFO - [2024-10-06T04:27:49.734+0000] {dag.py:4180} INFO - Setting next_dagrun for example_display_name to None, run_after=None
[2024-10-06T04:27:49.753+0000] {processor.py:208} INFO - Processing /home/airflow/.local/lib/python3.12/site-packages/airflow/example_dags/example_display_name.py took 0.059 seconds
[2024-10-06T04:28:19.910+0000] {processor.py:186} INFO - Started process (PID=444) to work on /home/airflow/.local/lib/python3.12/site-packages/airflow/example_dags/example_display_name.py
[2024-10-06T04:28:19.910+0000] {processor.py:914} INFO - Processing file /home/airflow/.local/lib/python3.12/site-packages/airflow/example_dags/example_display_name.py for tasks to queue
[2024-10-06T04:28:19.912+0000] {logging_mixin.py:190} INFO - [2024-10-06T04:28:19.912+0000] {dagbag.py:588} INFO - Filling up the DagBag from /home/airflow/.local/lib/python3.12/site-packages/airflow/example_dags/example_display_name.py
[2024-10-06T04:28:19.917+0000] {processor.py:925} INFO - DAG(s) 'example_display_name' retrieved from /home/airflow/.local/lib/python3.12/site-packages/airflow/example_dags/example_display_name.py
[2024-10-06T04:28:19.932+0000] {logging_mixin.py:190} INFO - [2024-10-06T04:28:19.932+0000] {dag.py:3239} INFO - Sync 1 DAGs
[2024-10-06T04:28:19.944+0000] {logging_mixin.py:190} INFO - [2024-10-06T04:28:19.944+0000] {dag.py:4180} INFO - Setting next_dagrun for example_display_name to None, run_after=None
[2024-10-06T04:28:19.965+0000] {processor.py:208} INFO - Processing /home/airflow/.local/lib/python3.12/site-packages/airflow/example_dags/example_display_name.py took 0.061 seconds
[2024-10-06T04:28:50.243+0000] {processor.py:186} INFO - Started process (PID=506) to work on /home/airflow/.local/lib/python3.12/site-packages/airflow/example_dags/example_display_name.py
[2024-10-06T04:28:50.244+0000] {processor.py:914} INFO - Processing file /home/airflow/.local/lib/python3.12/site-packages/airflow/example_dags/example_display_name.py for tasks to queue
[2024-10-06T04:28:50.246+0000] {logging_mixin.py:190} INFO - [2024-10-06T04:28:50.246+0000] {dagbag.py:588} INFO - Filling up the DagBag from /home/airflow/.local/lib/python3.12/site-packages/airflow/example_dags/example_display_name.py
[2024-10-06T04:28:50.254+0000] {processor.py:925} INFO - DAG(s) 'example_display_name' retrieved from /home/airflow/.local/lib/python3.12/site-packages/airflow/example_dags/example_display_name.py
[2024-10-06T04:28:50.275+0000] {logging_mixin.py:190} INFO - [2024-10-06T04:28:50.275+0000] {dag.py:3239} INFO - Sync 1 DAGs
[2024-10-06T04:28:50.292+0000] {logging_mixin.py:190} INFO - [2024-10-06T04:28:50.291+0000] {dag.py:4180} INFO - Setting next_dagrun for example_display_name to None, run_after=None
[2024-10-06T04:28:50.312+0000] {processor.py:208} INFO - Processing /home/airflow/.local/lib/python3.12/site-packages/airflow/example_dags/example_display_name.py took 0.075 seconds
[2024-10-06T04:29:20.435+0000] {processor.py:186} INFO - Started process (PID=568) to work on /home/airflow/.local/lib/python3.12/site-packages/airflow/example_dags/example_display_name.py
[2024-10-06T04:29:20.435+0000] {processor.py:914} INFO - Processing file /home/airflow/.local/lib/python3.12/site-packages/airflow/example_dags/example_display_name.py for tasks to queue
[2024-10-06T04:29:20.437+0000] {logging_mixin.py:190} INFO - [2024-10-06T04:29:20.437+0000] {dagbag.py:588} INFO - Filling up the DagBag from /home/airflow/.local/lib/python3.12/site-packages/airflow/example_dags/example_display_name.py
[2024-10-06T04:29:20.443+0000] {processor.py:925} INFO - DAG(s) 'example_display_name' retrieved from /home/airflow/.local/lib/python3.12/site-packages/airflow/example_dags/example_display_name.py
[2024-10-06T04:29:20.457+0000] {logging_mixin.py:190} INFO - [2024-10-06T04:29:20.457+0000] {dag.py:3239} INFO - Sync 1 DAGs
[2024-10-06T04:29:20.470+0000] {logging_mixin.py:190} INFO - [2024-10-06T04:29:20.470+0000] {dag.py:4180} INFO - Setting next_dagrun for example_display_name to None, run_after=None
[2024-10-06T04:29:20.491+0000] {processor.py:208} INFO - Processing /home/airflow/.local/lib/python3.12/site-packages/airflow/example_dags/example_display_name.py took 0.062 seconds
[2024-10-06T04:29:50.653+0000] {processor.py:186} INFO - Started process (PID=630) to work on /home/airflow/.local/lib/python3.12/site-packages/airflow/example_dags/example_display_name.py
[2024-10-06T04:29:50.654+0000] {processor.py:914} INFO - Processing file /home/airflow/.local/lib/python3.12/site-packages/airflow/example_dags/example_display_name.py for tasks to queue
[2024-10-06T04:29:50.655+0000] {logging_mixin.py:190} INFO - [2024-10-06T04:29:50.655+0000] {dagbag.py:588} INFO - Filling up the DagBag from /home/airflow/.local/lib/python3.12/site-packages/airflow/example_dags/example_display_name.py
[2024-10-06T04:29:50.661+0000] {processor.py:925} INFO - DAG(s) 'example_display_name' retrieved from /home/airflow/.local/lib/python3.12/site-packages/airflow/example_dags/example_display_name.py
[2024-10-06T04:29:50.679+0000] {logging_mixin.py:190} INFO - [2024-10-06T04:29:50.679+0000] {dag.py:3239} INFO - Sync 1 DAGs
[2024-10-06T04:29:50.692+0000] {logging_mixin.py:190} INFO - [2024-10-06T04:29:50.692+0000] {dag.py:4180} INFO - Setting next_dagrun for example_display_name to None, run_after=None
[2024-10-06T04:29:50.710+0000] {processor.py:208} INFO - Processing /home/airflow/.local/lib/python3.12/site-packages/airflow/example_dags/example_display_name.py took 0.062 seconds
[2024-10-06T04:30:20.786+0000] {processor.py:186} INFO - Started process (PID=693) to work on /home/airflow/.local/lib/python3.12/site-packages/airflow/example_dags/example_display_name.py
[2024-10-06T04:30:20.786+0000] {processor.py:914} INFO - Processing file /home/airflow/.local/lib/python3.12/site-packages/airflow/example_dags/example_display_name.py for tasks to queue
[2024-10-06T04:30:20.788+0000] {logging_mixin.py:190} INFO - [2024-10-06T04:30:20.788+0000] {dagbag.py:588} INFO - Filling up the DagBag from /home/airflow/.local/lib/python3.12/site-packages/airflow/example_dags/example_display_name.py
[2024-10-06T04:30:20.793+0000] {processor.py:925} INFO - DAG(s) 'example_display_name' retrieved from /home/airflow/.local/lib/python3.12/site-packages/airflow/example_dags/example_display_name.py
[2024-10-06T04:30:20.809+0000] {logging_mixin.py:190} INFO - [2024-10-06T04:30:20.809+0000] {dag.py:3239} INFO - Sync 1 DAGs
[2024-10-06T04:30:20.820+0000] {logging_mixin.py:190} INFO - [2024-10-06T04:30:20.820+0000] {dag.py:4180} INFO - Setting next_dagrun for example_display_name to None, run_after=None
[2024-10-06T04:30:20.850+0000] {processor.py:208} INFO - Processing /home/airflow/.local/lib/python3.12/site-packages/airflow/example_dags/example_display_name.py took 0.069 seconds
[2024-10-06T04:30:51.010+0000] {processor.py:186} INFO - Started process (PID=755) to work on /home/airflow/.local/lib/python3.12/site-packages/airflow/example_dags/example_display_name.py
[2024-10-06T04:30:51.011+0000] {processor.py:914} INFO - Processing file /home/airflow/.local/lib/python3.12/site-packages/airflow/example_dags/example_display_name.py for tasks to queue
[2024-10-06T04:30:51.013+0000] {logging_mixin.py:190} INFO - [2024-10-06T04:30:51.012+0000] {dagbag.py:588} INFO - Filling up the DagBag from /home/airflow/.local/lib/python3.12/site-packages/airflow/example_dags/example_display_name.py
[2024-10-06T04:30:51.018+0000] {processor.py:925} INFO - DAG(s) 'example_display_name' retrieved from /home/airflow/.local/lib/python3.12/site-packages/airflow/example_dags/example_display_name.py
[2024-10-06T04:30:51.035+0000] {logging_mixin.py:190} INFO - [2024-10-06T04:30:51.035+0000] {dag.py:3239} INFO - Sync 1 DAGs
[2024-10-06T04:30:51.048+0000] {logging_mixin.py:190} INFO - [2024-10-06T04:30:51.048+0000] {dag.py:4180} INFO - Setting next_dagrun for example_display_name to None, run_after=None
[2024-10-06T04:30:51.075+0000] {processor.py:208} INFO - Processing /home/airflow/.local/lib/python3.12/site-packages/airflow/example_dags/example_display_name.py took 0.070 seconds
[2024-10-06T04:31:21.302+0000] {processor.py:186} INFO - Started process (PID=818) to work on /home/airflow/.local/lib/python3.12/site-packages/airflow/example_dags/example_display_name.py
[2024-10-06T04:31:21.302+0000] {processor.py:914} INFO - Processing file /home/airflow/.local/lib/python3.12/site-packages/airflow/example_dags/example_display_name.py for tasks to queue
[2024-10-06T04:31:21.304+0000] {logging_mixin.py:190} INFO - [2024-10-06T04:31:21.304+0000] {dagbag.py:588} INFO - Filling up the DagBag from /home/airflow/.local/lib/python3.12/site-packages/airflow/example_dags/example_display_name.py
[2024-10-06T04:31:21.309+0000] {processor.py:925} INFO - DAG(s) 'example_display_name' retrieved from /home/airflow/.local/lib/python3.12/site-packages/airflow/example_dags/example_display_name.py
[2024-10-06T04:31:21.323+0000] {logging_mixin.py:190} INFO - [2024-10-06T04:31:21.323+0000] {dag.py:3239} INFO - Sync 1 DAGs
[2024-10-06T04:31:21.334+0000] {logging_mixin.py:190} INFO - [2024-10-06T04:31:21.334+0000] {dag.py:4180} INFO - Setting next_dagrun for example_display_name to None, run_after=None
[2024-10-06T04:31:21.354+0000] {processor.py:208} INFO - Processing /home/airflow/.local/lib/python3.12/site-packages/airflow/example_dags/example_display_name.py took 0.057 seconds
[2024-10-06T04:31:51.557+0000] {processor.py:186} INFO - Started process (PID=881) to work on /home/airflow/.local/lib/python3.12/site-packages/airflow/example_dags/example_display_name.py
[2024-10-06T04:31:51.557+0000] {processor.py:914} INFO - Processing file /home/airflow/.local/lib/python3.12/site-packages/airflow/example_dags/example_display_name.py for tasks to queue
[2024-10-06T04:31:51.559+0000] {logging_mixin.py:190} INFO - [2024-10-06T04:31:51.559+0000] {dagbag.py:588} INFO - Filling up the DagBag from /home/airflow/.local/lib/python3.12/site-packages/airflow/example_dags/example_display_name.py
[2024-10-06T04:31:51.567+0000] {processor.py:925} INFO - DAG(s) 'example_display_name' retrieved from /home/airflow/.local/lib/python3.12/site-packages/airflow/example_dags/example_display_name.py
[2024-10-06T04:31:51.581+0000] {logging_mixin.py:190} INFO - [2024-10-06T04:31:51.581+0000] {dag.py:3239} INFO - Sync 1 DAGs
[2024-10-06T04:31:51.594+0000] {logging_mixin.py:190} INFO - [2024-10-06T04:31:51.594+0000] {dag.py:4180} INFO - Setting next_dagrun for example_display_name to None, run_after=None
[2024-10-06T04:31:51.612+0000] {processor.py:208} INFO - Processing /home/airflow/.local/lib/python3.12/site-packages/airflow/example_dags/example_display_name.py took 0.060 seconds
[2024-10-06T04:32:21.841+0000] {processor.py:186} INFO - Started process (PID=944) to work on /home/airflow/.local/lib/python3.12/site-packages/airflow/example_dags/example_display_name.py
[2024-10-06T04:32:21.842+0000] {processor.py:914} INFO - Processing file /home/airflow/.local/lib/python3.12/site-packages/airflow/example_dags/example_display_name.py for tasks to queue
[2024-10-06T04:32:21.843+0000] {logging_mixin.py:190} INFO - [2024-10-06T04:32:21.843+0000] {dagbag.py:588} INFO - Filling up the DagBag from /home/airflow/.local/lib/python3.12/site-packages/airflow/example_dags/example_display_name.py
[2024-10-06T04:32:21.850+0000] {processor.py:925} INFO - DAG(s) 'example_display_name' retrieved from /home/airflow/.local/lib/python3.12/site-packages/airflow/example_dags/example_display_name.py
[2024-10-06T04:32:21.865+0000] {logging_mixin.py:190} INFO - [2024-10-06T04:32:21.865+0000] {dag.py:3239} INFO - Sync 1 DAGs
[2024-10-06T04:32:21.877+0000] {logging_mixin.py:190} INFO - [2024-10-06T04:32:21.877+0000] {dag.py:4180} INFO - Setting next_dagrun for example_display_name to None, run_after=None
[2024-10-06T04:32:21.895+0000] {processor.py:208} INFO - Processing /home/airflow/.local/lib/python3.12/site-packages/airflow/example_dags/example_display_name.py took 0.059 seconds
[2024-10-06T04:32:52.086+0000] {processor.py:186} INFO - Started process (PID=1007) to work on /home/airflow/.local/lib/python3.12/site-packages/airflow/example_dags/example_display_name.py
[2024-10-06T04:32:52.087+0000] {processor.py:914} INFO - Processing file /home/airflow/.local/lib/python3.12/site-packages/airflow/example_dags/example_display_name.py for tasks to queue
[2024-10-06T04:32:52.088+0000] {logging_mixin.py:190} INFO - [2024-10-06T04:32:52.088+0000] {dagbag.py:588} INFO - Filling up the DagBag from /home/airflow/.local/lib/python3.12/site-packages/airflow/example_dags/example_display_name.py
[2024-10-06T04:32:52.094+0000] {processor.py:925} INFO - DAG(s) 'example_display_name' retrieved from /home/airflow/.local/lib/python3.12/site-packages/airflow/example_dags/example_display_name.py
[2024-10-06T04:32:52.110+0000] {logging_mixin.py:190} INFO - [2024-10-06T04:32:52.110+0000] {dag.py:3239} INFO - Sync 1 DAGs
[2024-10-06T04:32:52.125+0000] {logging_mixin.py:190} INFO - [2024-10-06T04:32:52.125+0000] {dag.py:4180} INFO - Setting next_dagrun for example_display_name to None, run_after=None
[2024-10-06T04:32:52.146+0000] {processor.py:208} INFO - Processing /home/airflow/.local/lib/python3.12/site-packages/airflow/example_dags/example_display_name.py took 0.064 seconds
[2024-10-06T04:33:22.292+0000] {processor.py:186} INFO - Started process (PID=1070) to work on /home/airflow/.local/lib/python3.12/site-packages/airflow/example_dags/example_display_name.py
[2024-10-06T04:33:22.293+0000] {processor.py:914} INFO - Processing file /home/airflow/.local/lib/python3.12/site-packages/airflow/example_dags/example_display_name.py for tasks to queue
[2024-10-06T04:33:22.295+0000] {logging_mixin.py:190} INFO - [2024-10-06T04:33:22.295+0000] {dagbag.py:588} INFO - Filling up the DagBag from /home/airflow/.local/lib/python3.12/site-packages/airflow/example_dags/example_display_name.py
[2024-10-06T04:33:22.302+0000] {processor.py:925} INFO - DAG(s) 'example_display_name' retrieved from /home/airflow/.local/lib/python3.12/site-packages/airflow/example_dags/example_display_name.py
[2024-10-06T04:33:22.319+0000] {logging_mixin.py:190} INFO - [2024-10-06T04:33:22.319+0000] {dag.py:3239} INFO - Sync 1 DAGs
[2024-10-06T04:33:22.330+0000] {logging_mixin.py:190} INFO - [2024-10-06T04:33:22.330+0000] {dag.py:4180} INFO - Setting next_dagrun for example_display_name to None, run_after=None
[2024-10-06T04:33:22.352+0000] {processor.py:208} INFO - Processing /home/airflow/.local/lib/python3.12/site-packages/airflow/example_dags/example_display_name.py took 0.065 seconds
[2024-10-06T04:33:52.549+0000] {processor.py:186} INFO - Started process (PID=1133) to work on /home/airflow/.local/lib/python3.12/site-packages/airflow/example_dags/example_display_name.py
[2024-10-06T04:33:52.550+0000] {processor.py:914} INFO - Processing file /home/airflow/.local/lib/python3.12/site-packages/airflow/example_dags/example_display_name.py for tasks to queue
[2024-10-06T04:33:52.552+0000] {logging_mixin.py:190} INFO - [2024-10-06T04:33:52.552+0000] {dagbag.py:588} INFO - Filling up the DagBag from /home/airflow/.local/lib/python3.12/site-packages/airflow/example_dags/example_display_name.py
[2024-10-06T04:33:52.560+0000] {processor.py:925} INFO - DAG(s) 'example_display_name' retrieved from /home/airflow/.local/lib/python3.12/site-packages/airflow/example_dags/example_display_name.py
[2024-10-06T04:33:52.579+0000] {logging_mixin.py:190} INFO - [2024-10-06T04:33:52.579+0000] {dag.py:3239} INFO - Sync 1 DAGs
[2024-10-06T04:33:52.595+0000] {logging_mixin.py:190} INFO - [2024-10-06T04:33:52.595+0000] {dag.py:4180} INFO - Setting next_dagrun for example_display_name to None, run_after=None
[2024-10-06T04:33:52.615+0000] {processor.py:208} INFO - Processing /home/airflow/.local/lib/python3.12/site-packages/airflow/example_dags/example_display_name.py took 0.072 seconds
[2024-10-06T04:34:22.710+0000] {processor.py:186} INFO - Started process (PID=1196) to work on /home/airflow/.local/lib/python3.12/site-packages/airflow/example_dags/example_display_name.py
[2024-10-06T04:34:22.711+0000] {processor.py:914} INFO - Processing file /home/airflow/.local/lib/python3.12/site-packages/airflow/example_dags/example_display_name.py for tasks to queue
[2024-10-06T04:34:22.713+0000] {logging_mixin.py:190} INFO - [2024-10-06T04:34:22.712+0000] {dagbag.py:588} INFO - Filling up the DagBag from /home/airflow/.local/lib/python3.12/site-packages/airflow/example_dags/example_display_name.py
[2024-10-06T04:34:22.720+0000] {processor.py:925} INFO - DAG(s) 'example_display_name' retrieved from /home/airflow/.local/lib/python3.12/site-packages/airflow/example_dags/example_display_name.py
[2024-10-06T04:34:22.734+0000] {logging_mixin.py:190} INFO - [2024-10-06T04:34:22.734+0000] {dag.py:3239} INFO - Sync 1 DAGs
[2024-10-06T04:34:22.746+0000] {logging_mixin.py:190} INFO - [2024-10-06T04:34:22.746+0000] {dag.py:4180} INFO - Setting next_dagrun for example_display_name to None, run_after=None
[2024-10-06T04:34:22.763+0000] {processor.py:208} INFO - Processing /home/airflow/.local/lib/python3.12/site-packages/airflow/example_dags/example_display_name.py took 0.057 seconds
[2024-10-06T04:34:53.346+0000] {processor.py:186} INFO - Started process (PID=1259) to work on /home/airflow/.local/lib/python3.12/site-packages/airflow/example_dags/example_display_name.py
[2024-10-06T04:34:53.347+0000] {processor.py:914} INFO - Processing file /home/airflow/.local/lib/python3.12/site-packages/airflow/example_dags/example_display_name.py for tasks to queue
[2024-10-06T04:34:53.349+0000] {logging_mixin.py:190} INFO - [2024-10-06T04:34:53.349+0000] {dagbag.py:588} INFO - Filling up the DagBag from /home/airflow/.local/lib/python3.12/site-packages/airflow/example_dags/example_display_name.py
[2024-10-06T04:34:53.357+0000] {processor.py:925} INFO - DAG(s) 'example_display_name' retrieved from /home/airflow/.local/lib/python3.12/site-packages/airflow/example_dags/example_display_name.py
[2024-10-06T04:34:53.375+0000] {logging_mixin.py:190} INFO - [2024-10-06T04:34:53.375+0000] {dag.py:3239} INFO - Sync 1 DAGs
[2024-10-06T04:34:53.391+0000] {logging_mixin.py:190} INFO - [2024-10-06T04:34:53.391+0000] {dag.py:4180} INFO - Setting next_dagrun for example_display_name to None, run_after=None
[2024-10-06T04:34:53.410+0000] {processor.py:208} INFO - Processing /home/airflow/.local/lib/python3.12/site-packages/airflow/example_dags/example_display_name.py took 0.070 seconds
[2024-10-06T04:35:23.760+0000] {processor.py:186} INFO - Started process (PID=1322) to work on /home/airflow/.local/lib/python3.12/site-packages/airflow/example_dags/example_display_name.py
[2024-10-06T04:35:23.760+0000] {processor.py:914} INFO - Processing file /home/airflow/.local/lib/python3.12/site-packages/airflow/example_dags/example_display_name.py for tasks to queue
[2024-10-06T04:35:23.762+0000] {logging_mixin.py:190} INFO - [2024-10-06T04:35:23.762+0000] {dagbag.py:588} INFO - Filling up the DagBag from /home/airflow/.local/lib/python3.12/site-packages/airflow/example_dags/example_display_name.py
[2024-10-06T04:35:23.768+0000] {processor.py:925} INFO - DAG(s) 'example_display_name' retrieved from /home/airflow/.local/lib/python3.12/site-packages/airflow/example_dags/example_display_name.py
[2024-10-06T04:35:23.785+0000] {logging_mixin.py:190} INFO - [2024-10-06T04:35:23.785+0000] {dag.py:3239} INFO - Sync 1 DAGs
[2024-10-06T04:35:23.799+0000] {logging_mixin.py:190} INFO - [2024-10-06T04:35:23.799+0000] {dag.py:4180} INFO - Setting next_dagrun for example_display_name to None, run_after=None
[2024-10-06T04:35:23.819+0000] {processor.py:208} INFO - Processing /home/airflow/.local/lib/python3.12/site-packages/airflow/example_dags/example_display_name.py took 0.064 seconds
[2024-10-06T04:35:54.108+0000] {processor.py:186} INFO - Started process (PID=1385) to work on /home/airflow/.local/lib/python3.12/site-packages/airflow/example_dags/example_display_name.py
[2024-10-06T04:35:54.108+0000] {processor.py:914} INFO - Processing file /home/airflow/.local/lib/python3.12/site-packages/airflow/example_dags/example_display_name.py for tasks to queue
[2024-10-06T04:35:54.111+0000] {logging_mixin.py:190} INFO - [2024-10-06T04:35:54.110+0000] {dagbag.py:588} INFO - Filling up the DagBag from /home/airflow/.local/lib/python3.12/site-packages/airflow/example_dags/example_display_name.py
[2024-10-06T04:35:54.118+0000] {processor.py:925} INFO - DAG(s) 'example_display_name' retrieved from /home/airflow/.local/lib/python3.12/site-packages/airflow/example_dags/example_display_name.py
[2024-10-06T04:35:54.133+0000] {logging_mixin.py:190} INFO - [2024-10-06T04:35:54.133+0000] {dag.py:3239} INFO - Sync 1 DAGs
[2024-10-06T04:35:54.144+0000] {logging_mixin.py:190} INFO - [2024-10-06T04:35:54.144+0000] {dag.py:4180} INFO - Setting next_dagrun for example_display_name to None, run_after=None
[2024-10-06T04:35:54.163+0000] {processor.py:208} INFO - Processing /home/airflow/.local/lib/python3.12/site-packages/airflow/example_dags/example_display_name.py took 0.060 seconds
[2024-10-06T04:36:24.203+0000] {processor.py:186} INFO - Started process (PID=1449) to work on /home/airflow/.local/lib/python3.12/site-packages/airflow/example_dags/example_display_name.py
[2024-10-06T04:36:24.203+0000] {processor.py:914} INFO - Processing file /home/airflow/.local/lib/python3.12/site-packages/airflow/example_dags/example_display_name.py for tasks to queue
[2024-10-06T04:36:24.205+0000] {logging_mixin.py:190} INFO - [2024-10-06T04:36:24.204+0000] {dagbag.py:588} INFO - Filling up the DagBag from /home/airflow/.local/lib/python3.12/site-packages/airflow/example_dags/example_display_name.py
[2024-10-06T04:36:24.210+0000] {processor.py:925} INFO - DAG(s) 'example_display_name' retrieved from /home/airflow/.local/lib/python3.12/site-packages/airflow/example_dags/example_display_name.py
[2024-10-06T04:36:24.224+0000] {logging_mixin.py:190} INFO - [2024-10-06T04:36:24.224+0000] {dag.py:3239} INFO - Sync 1 DAGs
[2024-10-06T04:36:24.235+0000] {logging_mixin.py:190} INFO - [2024-10-06T04:36:24.235+0000] {dag.py:4180} INFO - Setting next_dagrun for example_display_name to None, run_after=None
[2024-10-06T04:36:24.253+0000] {processor.py:208} INFO - Processing /home/airflow/.local/lib/python3.12/site-packages/airflow/example_dags/example_display_name.py took 0.055 seconds
[2024-10-06T04:36:54.449+0000] {processor.py:186} INFO - Started process (PID=1513) to work on /home/airflow/.local/lib/python3.12/site-packages/airflow/example_dags/example_display_name.py
[2024-10-06T04:36:54.450+0000] {processor.py:914} INFO - Processing file /home/airflow/.local/lib/python3.12/site-packages/airflow/example_dags/example_display_name.py for tasks to queue
[2024-10-06T04:36:54.451+0000] {logging_mixin.py:190} INFO - [2024-10-06T04:36:54.451+0000] {dagbag.py:588} INFO - Filling up the DagBag from /home/airflow/.local/lib/python3.12/site-packages/airflow/example_dags/example_display_name.py
[2024-10-06T04:36:54.458+0000] {processor.py:925} INFO - DAG(s) 'example_display_name' retrieved from /home/airflow/.local/lib/python3.12/site-packages/airflow/example_dags/example_display_name.py
[2024-10-06T04:36:54.472+0000] {logging_mixin.py:190} INFO - [2024-10-06T04:36:54.472+0000] {dag.py:3239} INFO - Sync 1 DAGs
[2024-10-06T04:36:54.483+0000] {logging_mixin.py:190} INFO - [2024-10-06T04:36:54.482+0000] {dag.py:4180} INFO - Setting next_dagrun for example_display_name to None, run_after=None
[2024-10-06T04:36:54.525+0000] {processor.py:208} INFO - Processing /home/airflow/.local/lib/python3.12/site-packages/airflow/example_dags/example_display_name.py took 0.080 seconds
[2024-10-06T04:37:25.030+0000] {processor.py:186} INFO - Started process (PID=1577) to work on /home/airflow/.local/lib/python3.12/site-packages/airflow/example_dags/example_display_name.py
[2024-10-06T04:37:25.030+0000] {processor.py:914} INFO - Processing file /home/airflow/.local/lib/python3.12/site-packages/airflow/example_dags/example_display_name.py for tasks to queue
[2024-10-06T04:37:25.032+0000] {logging_mixin.py:190} INFO - [2024-10-06T04:37:25.032+0000] {dagbag.py:588} INFO - Filling up the DagBag from /home/airflow/.local/lib/python3.12/site-packages/airflow/example_dags/example_display_name.py
[2024-10-06T04:37:25.038+0000] {processor.py:925} INFO - DAG(s) 'example_display_name' retrieved from /home/airflow/.local/lib/python3.12/site-packages/airflow/example_dags/example_display_name.py
[2024-10-06T04:37:25.052+0000] {logging_mixin.py:190} INFO - [2024-10-06T04:37:25.052+0000] {dag.py:3239} INFO - Sync 1 DAGs
[2024-10-06T04:37:25.064+0000] {logging_mixin.py:190} INFO - [2024-10-06T04:37:25.063+0000] {dag.py:4180} INFO - Setting next_dagrun for example_display_name to None, run_after=None
[2024-10-06T04:37:25.084+0000] {processor.py:208} INFO - Processing /home/airflow/.local/lib/python3.12/site-packages/airflow/example_dags/example_display_name.py took 0.059 seconds
[2024-10-06T04:37:55.339+0000] {processor.py:186} INFO - Started process (PID=1640) to work on /home/airflow/.local/lib/python3.12/site-packages/airflow/example_dags/example_display_name.py
[2024-10-06T04:37:55.340+0000] {processor.py:914} INFO - Processing file /home/airflow/.local/lib/python3.12/site-packages/airflow/example_dags/example_display_name.py for tasks to queue
[2024-10-06T04:37:55.341+0000] {logging_mixin.py:190} INFO - [2024-10-06T04:37:55.341+0000] {dagbag.py:588} INFO - Filling up the DagBag from /home/airflow/.local/lib/python3.12/site-packages/airflow/example_dags/example_display_name.py
[2024-10-06T04:37:55.347+0000] {processor.py:925} INFO - DAG(s) 'example_display_name' retrieved from /home/airflow/.local/lib/python3.12/site-packages/airflow/example_dags/example_display_name.py
[2024-10-06T04:37:55.364+0000] {logging_mixin.py:190} INFO - [2024-10-06T04:37:55.364+0000] {dag.py:3239} INFO - Sync 1 DAGs
[2024-10-06T04:37:55.380+0000] {logging_mixin.py:190} INFO - [2024-10-06T04:37:55.379+0000] {dag.py:4180} INFO - Setting next_dagrun for example_display_name to None, run_after=None
[2024-10-06T04:37:55.400+0000] {processor.py:208} INFO - Processing /home/airflow/.local/lib/python3.12/site-packages/airflow/example_dags/example_display_name.py took 0.066 seconds
[2024-10-06T04:38:25.870+0000] {processor.py:186} INFO - Started process (PID=1703) to work on /home/airflow/.local/lib/python3.12/site-packages/airflow/example_dags/example_display_name.py
[2024-10-06T04:38:25.870+0000] {processor.py:914} INFO - Processing file /home/airflow/.local/lib/python3.12/site-packages/airflow/example_dags/example_display_name.py for tasks to queue
[2024-10-06T04:38:25.871+0000] {logging_mixin.py:190} INFO - [2024-10-06T04:38:25.871+0000] {dagbag.py:588} INFO - Filling up the DagBag from /home/airflow/.local/lib/python3.12/site-packages/airflow/example_dags/example_display_name.py
[2024-10-06T04:38:25.878+0000] {processor.py:925} INFO - DAG(s) 'example_display_name' retrieved from /home/airflow/.local/lib/python3.12/site-packages/airflow/example_dags/example_display_name.py
[2024-10-06T04:38:25.892+0000] {logging_mixin.py:190} INFO - [2024-10-06T04:38:25.892+0000] {dag.py:3239} INFO - Sync 1 DAGs
[2024-10-06T04:38:25.905+0000] {logging_mixin.py:190} INFO - [2024-10-06T04:38:25.905+0000] {dag.py:4180} INFO - Setting next_dagrun for example_display_name to None, run_after=None
[2024-10-06T04:38:25.921+0000] {processor.py:208} INFO - Processing /home/airflow/.local/lib/python3.12/site-packages/airflow/example_dags/example_display_name.py took 0.057 seconds
[2024-10-06T04:38:56.131+0000] {processor.py:186} INFO - Started process (PID=1766) to work on /home/airflow/.local/lib/python3.12/site-packages/airflow/example_dags/example_display_name.py
[2024-10-06T04:38:56.132+0000] {processor.py:914} INFO - Processing file /home/airflow/.local/lib/python3.12/site-packages/airflow/example_dags/example_display_name.py for tasks to queue
[2024-10-06T04:38:56.133+0000] {logging_mixin.py:190} INFO - [2024-10-06T04:38:56.133+0000] {dagbag.py:588} INFO - Filling up the DagBag from /home/airflow/.local/lib/python3.12/site-packages/airflow/example_dags/example_display_name.py
[2024-10-06T04:38:56.139+0000] {processor.py:925} INFO - DAG(s) 'example_display_name' retrieved from /home/airflow/.local/lib/python3.12/site-packages/airflow/example_dags/example_display_name.py
[2024-10-06T04:38:56.155+0000] {logging_mixin.py:190} INFO - [2024-10-06T04:38:56.155+0000] {dag.py:3239} INFO - Sync 1 DAGs
[2024-10-06T04:38:56.171+0000] {logging_mixin.py:190} INFO - [2024-10-06T04:38:56.171+0000] {dag.py:4180} INFO - Setting next_dagrun for example_display_name to None, run_after=None
[2024-10-06T04:38:56.190+0000] {processor.py:208} INFO - Processing /home/airflow/.local/lib/python3.12/site-packages/airflow/example_dags/example_display_name.py took 0.063 seconds
[2024-10-06T04:39:27.149+0000] {processor.py:186} INFO - Started process (PID=1829) to work on /home/airflow/.local/lib/python3.12/site-packages/airflow/example_dags/example_display_name.py
[2024-10-06T04:39:27.149+0000] {processor.py:914} INFO - Processing file /home/airflow/.local/lib/python3.12/site-packages/airflow/example_dags/example_display_name.py for tasks to queue
[2024-10-06T04:39:27.151+0000] {logging_mixin.py:190} INFO - [2024-10-06T04:39:27.150+0000] {dagbag.py:588} INFO - Filling up the DagBag from /home/airflow/.local/lib/python3.12/site-packages/airflow/example_dags/example_display_name.py
[2024-10-06T04:39:27.159+0000] {processor.py:925} INFO - DAG(s) 'example_display_name' retrieved from /home/airflow/.local/lib/python3.12/site-packages/airflow/example_dags/example_display_name.py
[2024-10-06T04:39:27.173+0000] {logging_mixin.py:190} INFO - [2024-10-06T04:39:27.173+0000] {dag.py:3239} INFO - Sync 1 DAGs
[2024-10-06T04:39:27.186+0000] {logging_mixin.py:190} INFO - [2024-10-06T04:39:27.186+0000] {dag.py:4180} INFO - Setting next_dagrun for example_display_name to None, run_after=None
[2024-10-06T04:39:27.206+0000] {processor.py:208} INFO - Processing /home/airflow/.local/lib/python3.12/site-packages/airflow/example_dags/example_display_name.py took 0.062 seconds
[2024-10-06T04:39:57.360+0000] {processor.py:186} INFO - Started process (PID=1892) to work on /home/airflow/.local/lib/python3.12/site-packages/airflow/example_dags/example_display_name.py
[2024-10-06T04:39:57.361+0000] {processor.py:914} INFO - Processing file /home/airflow/.local/lib/python3.12/site-packages/airflow/example_dags/example_display_name.py for tasks to queue
[2024-10-06T04:39:57.362+0000] {logging_mixin.py:190} INFO - [2024-10-06T04:39:57.361+0000] {dagbag.py:588} INFO - Filling up the DagBag from /home/airflow/.local/lib/python3.12/site-packages/airflow/example_dags/example_display_name.py
[2024-10-06T04:39:57.368+0000] {processor.py:925} INFO - DAG(s) 'example_display_name' retrieved from /home/airflow/.local/lib/python3.12/site-packages/airflow/example_dags/example_display_name.py
[2024-10-06T04:39:57.389+0000] {logging_mixin.py:190} INFO - [2024-10-06T04:39:57.389+0000] {dag.py:3239} INFO - Sync 1 DAGs
[2024-10-06T04:39:57.406+0000] {logging_mixin.py:190} INFO - [2024-10-06T04:39:57.406+0000] {dag.py:4180} INFO - Setting next_dagrun for example_display_name to None, run_after=None
[2024-10-06T04:39:57.427+0000] {processor.py:208} INFO - Processing /home/airflow/.local/lib/python3.12/site-packages/airflow/example_dags/example_display_name.py took 0.072 seconds
[2024-10-06T04:40:27.629+0000] {processor.py:186} INFO - Started process (PID=1955) to work on /home/airflow/.local/lib/python3.12/site-packages/airflow/example_dags/example_display_name.py
[2024-10-06T04:40:27.630+0000] {processor.py:914} INFO - Processing file /home/airflow/.local/lib/python3.12/site-packages/airflow/example_dags/example_display_name.py for tasks to queue
[2024-10-06T04:40:27.630+0000] {logging_mixin.py:190} INFO - [2024-10-06T04:40:27.630+0000] {dagbag.py:588} INFO - Filling up the DagBag from /home/airflow/.local/lib/python3.12/site-packages/airflow/example_dags/example_display_name.py
[2024-10-06T04:40:27.636+0000] {processor.py:925} INFO - DAG(s) 'example_display_name' retrieved from /home/airflow/.local/lib/python3.12/site-packages/airflow/example_dags/example_display_name.py
[2024-10-06T04:40:27.651+0000] {logging_mixin.py:190} INFO - [2024-10-06T04:40:27.651+0000] {dag.py:3239} INFO - Sync 1 DAGs
[2024-10-06T04:40:27.663+0000] {logging_mixin.py:190} INFO - [2024-10-06T04:40:27.663+0000] {dag.py:4180} INFO - Setting next_dagrun for example_display_name to None, run_after=None
[2024-10-06T04:40:27.680+0000] {processor.py:208} INFO - Processing /home/airflow/.local/lib/python3.12/site-packages/airflow/example_dags/example_display_name.py took 0.055 seconds
[2024-10-06T04:40:57.850+0000] {processor.py:186} INFO - Started process (PID=2018) to work on /home/airflow/.local/lib/python3.12/site-packages/airflow/example_dags/example_display_name.py
[2024-10-06T04:40:57.851+0000] {processor.py:914} INFO - Processing file /home/airflow/.local/lib/python3.12/site-packages/airflow/example_dags/example_display_name.py for tasks to queue
[2024-10-06T04:40:57.852+0000] {logging_mixin.py:190} INFO - [2024-10-06T04:40:57.851+0000] {dagbag.py:588} INFO - Filling up the DagBag from /home/airflow/.local/lib/python3.12/site-packages/airflow/example_dags/example_display_name.py
[2024-10-06T04:40:57.860+0000] {processor.py:925} INFO - DAG(s) 'example_display_name' retrieved from /home/airflow/.local/lib/python3.12/site-packages/airflow/example_dags/example_display_name.py
[2024-10-06T04:40:57.882+0000] {logging_mixin.py:190} INFO - [2024-10-06T04:40:57.881+0000] {dag.py:3239} INFO - Sync 1 DAGs
[2024-10-06T04:40:57.899+0000] {logging_mixin.py:190} INFO - [2024-10-06T04:40:57.899+0000] {dag.py:4180} INFO - Setting next_dagrun for example_display_name to None, run_after=None
[2024-10-06T04:40:57.925+0000] {processor.py:208} INFO - Processing /home/airflow/.local/lib/python3.12/site-packages/airflow/example_dags/example_display_name.py took 0.082 seconds
[2024-10-06T04:41:28.750+0000] {processor.py:186} INFO - Started process (PID=2081) to work on /home/airflow/.local/lib/python3.12/site-packages/airflow/example_dags/example_display_name.py
[2024-10-06T04:41:28.751+0000] {processor.py:914} INFO - Processing file /home/airflow/.local/lib/python3.12/site-packages/airflow/example_dags/example_display_name.py for tasks to queue
[2024-10-06T04:41:28.752+0000] {logging_mixin.py:190} INFO - [2024-10-06T04:41:28.751+0000] {dagbag.py:588} INFO - Filling up the DagBag from /home/airflow/.local/lib/python3.12/site-packages/airflow/example_dags/example_display_name.py
[2024-10-06T04:41:28.758+0000] {processor.py:925} INFO - DAG(s) 'example_display_name' retrieved from /home/airflow/.local/lib/python3.12/site-packages/airflow/example_dags/example_display_name.py
[2024-10-06T04:41:28.773+0000] {logging_mixin.py:190} INFO - [2024-10-06T04:41:28.773+0000] {dag.py:3239} INFO - Sync 1 DAGs
[2024-10-06T04:41:28.785+0000] {logging_mixin.py:190} INFO - [2024-10-06T04:41:28.785+0000] {dag.py:4180} INFO - Setting next_dagrun for example_display_name to None, run_after=None
[2024-10-06T04:41:28.807+0000] {processor.py:208} INFO - Processing /home/airflow/.local/lib/python3.12/site-packages/airflow/example_dags/example_display_name.py took 0.061 seconds
[2024-10-06T04:41:59.614+0000] {processor.py:186} INFO - Started process (PID=2145) to work on /home/airflow/.local/lib/python3.12/site-packages/airflow/example_dags/example_display_name.py
[2024-10-06T04:41:59.615+0000] {processor.py:914} INFO - Processing file /home/airflow/.local/lib/python3.12/site-packages/airflow/example_dags/example_display_name.py for tasks to queue
[2024-10-06T04:41:59.616+0000] {logging_mixin.py:190} INFO - [2024-10-06T04:41:59.616+0000] {dagbag.py:588} INFO - Filling up the DagBag from /home/airflow/.local/lib/python3.12/site-packages/airflow/example_dags/example_display_name.py
[2024-10-06T04:41:59.622+0000] {processor.py:925} INFO - DAG(s) 'example_display_name' retrieved from /home/airflow/.local/lib/python3.12/site-packages/airflow/example_dags/example_display_name.py
[2024-10-06T04:41:59.639+0000] {logging_mixin.py:190} INFO - [2024-10-06T04:41:59.639+0000] {dag.py:3239} INFO - Sync 1 DAGs
[2024-10-06T04:41:59.653+0000] {logging_mixin.py:190} INFO - [2024-10-06T04:41:59.653+0000] {dag.py:4180} INFO - Setting next_dagrun for example_display_name to None, run_after=None
[2024-10-06T04:41:59.673+0000] {processor.py:208} INFO - Processing /home/airflow/.local/lib/python3.12/site-packages/airflow/example_dags/example_display_name.py took 0.063 seconds
[2024-10-06T04:42:30.420+0000] {processor.py:186} INFO - Started process (PID=2208) to work on /home/airflow/.local/lib/python3.12/site-packages/airflow/example_dags/example_display_name.py
[2024-10-06T04:42:30.420+0000] {processor.py:914} INFO - Processing file /home/airflow/.local/lib/python3.12/site-packages/airflow/example_dags/example_display_name.py for tasks to queue
[2024-10-06T04:42:30.421+0000] {logging_mixin.py:190} INFO - [2024-10-06T04:42:30.421+0000] {dagbag.py:588} INFO - Filling up the DagBag from /home/airflow/.local/lib/python3.12/site-packages/airflow/example_dags/example_display_name.py
[2024-10-06T04:42:30.427+0000] {processor.py:925} INFO - DAG(s) 'example_display_name' retrieved from /home/airflow/.local/lib/python3.12/site-packages/airflow/example_dags/example_display_name.py
[2024-10-06T04:42:30.444+0000] {logging_mixin.py:190} INFO - [2024-10-06T04:42:30.443+0000] {dag.py:3239} INFO - Sync 1 DAGs
[2024-10-06T04:42:30.458+0000] {logging_mixin.py:190} INFO - [2024-10-06T04:42:30.458+0000] {dag.py:4180} INFO - Setting next_dagrun for example_display_name to None, run_after=None
[2024-10-06T04:42:30.480+0000] {processor.py:208} INFO - Processing /home/airflow/.local/lib/python3.12/site-packages/airflow/example_dags/example_display_name.py took 0.065 seconds
[2024-10-06T04:43:01.239+0000] {processor.py:186} INFO - Started process (PID=2271) to work on /home/airflow/.local/lib/python3.12/site-packages/airflow/example_dags/example_display_name.py
[2024-10-06T04:43:01.240+0000] {processor.py:914} INFO - Processing file /home/airflow/.local/lib/python3.12/site-packages/airflow/example_dags/example_display_name.py for tasks to queue
[2024-10-06T04:43:01.241+0000] {logging_mixin.py:190} INFO - [2024-10-06T04:43:01.241+0000] {dagbag.py:588} INFO - Filling up the DagBag from /home/airflow/.local/lib/python3.12/site-packages/airflow/example_dags/example_display_name.py
[2024-10-06T04:43:01.247+0000] {processor.py:925} INFO - DAG(s) 'example_display_name' retrieved from /home/airflow/.local/lib/python3.12/site-packages/airflow/example_dags/example_display_name.py
[2024-10-06T04:43:01.262+0000] {logging_mixin.py:190} INFO - [2024-10-06T04:43:01.262+0000] {dag.py:3239} INFO - Sync 1 DAGs
[2024-10-06T04:43:01.275+0000] {logging_mixin.py:190} INFO - [2024-10-06T04:43:01.275+0000] {dag.py:4180} INFO - Setting next_dagrun for example_display_name to None, run_after=None
[2024-10-06T04:43:01.302+0000] {processor.py:208} INFO - Processing /home/airflow/.local/lib/python3.12/site-packages/airflow/example_dags/example_display_name.py took 0.069 seconds
[2024-10-06T04:43:32.005+0000] {processor.py:186} INFO - Started process (PID=2334) to work on /home/airflow/.local/lib/python3.12/site-packages/airflow/example_dags/example_display_name.py
[2024-10-06T04:43:32.006+0000] {processor.py:914} INFO - Processing file /home/airflow/.local/lib/python3.12/site-packages/airflow/example_dags/example_display_name.py for tasks to queue
[2024-10-06T04:43:32.007+0000] {logging_mixin.py:190} INFO - [2024-10-06T04:43:32.007+0000] {dagbag.py:588} INFO - Filling up the DagBag from /home/airflow/.local/lib/python3.12/site-packages/airflow/example_dags/example_display_name.py
[2024-10-06T04:43:32.016+0000] {processor.py:925} INFO - DAG(s) 'example_display_name' retrieved from /home/airflow/.local/lib/python3.12/site-packages/airflow/example_dags/example_display_name.py
[2024-10-06T04:43:32.037+0000] {logging_mixin.py:190} INFO - [2024-10-06T04:43:32.037+0000] {dag.py:3239} INFO - Sync 1 DAGs
[2024-10-06T04:43:32.049+0000] {logging_mixin.py:190} INFO - [2024-10-06T04:43:32.049+0000] {dag.py:4180} INFO - Setting next_dagrun for example_display_name to None, run_after=None
[2024-10-06T04:43:32.068+0000] {processor.py:208} INFO - Processing /home/airflow/.local/lib/python3.12/site-packages/airflow/example_dags/example_display_name.py took 0.070 seconds
[2024-10-06T04:44:02.249+0000] {processor.py:186} INFO - Started process (PID=2397) to work on /home/airflow/.local/lib/python3.12/site-packages/airflow/example_dags/example_display_name.py
[2024-10-06T04:44:02.250+0000] {processor.py:914} INFO - Processing file /home/airflow/.local/lib/python3.12/site-packages/airflow/example_dags/example_display_name.py for tasks to queue
[2024-10-06T04:44:02.250+0000] {logging_mixin.py:190} INFO - [2024-10-06T04:44:02.250+0000] {dagbag.py:588} INFO - Filling up the DagBag from /home/airflow/.local/lib/python3.12/site-packages/airflow/example_dags/example_display_name.py
[2024-10-06T04:44:02.256+0000] {processor.py:925} INFO - DAG(s) 'example_display_name' retrieved from /home/airflow/.local/lib/python3.12/site-packages/airflow/example_dags/example_display_name.py
[2024-10-06T04:44:02.273+0000] {logging_mixin.py:190} INFO - [2024-10-06T04:44:02.273+0000] {dag.py:3239} INFO - Sync 1 DAGs
[2024-10-06T04:44:02.289+0000] {logging_mixin.py:190} INFO - [2024-10-06T04:44:02.289+0000] {dag.py:4180} INFO - Setting next_dagrun for example_display_name to None, run_after=None
[2024-10-06T04:44:02.317+0000] {processor.py:208} INFO - Processing /home/airflow/.local/lib/python3.12/site-packages/airflow/example_dags/example_display_name.py took 0.074 seconds
[2024-10-06T04:44:33.260+0000] {processor.py:186} INFO - Started process (PID=2462) to work on /home/airflow/.local/lib/python3.12/site-packages/airflow/example_dags/example_display_name.py
[2024-10-06T04:44:33.261+0000] {processor.py:914} INFO - Processing file /home/airflow/.local/lib/python3.12/site-packages/airflow/example_dags/example_display_name.py for tasks to queue
[2024-10-06T04:44:33.262+0000] {logging_mixin.py:190} INFO - [2024-10-06T04:44:33.261+0000] {dagbag.py:588} INFO - Filling up the DagBag from /home/airflow/.local/lib/python3.12/site-packages/airflow/example_dags/example_display_name.py
[2024-10-06T04:44:33.267+0000] {processor.py:925} INFO - DAG(s) 'example_display_name' retrieved from /home/airflow/.local/lib/python3.12/site-packages/airflow/example_dags/example_display_name.py
[2024-10-06T04:44:33.281+0000] {logging_mixin.py:190} INFO - [2024-10-06T04:44:33.281+0000] {dag.py:3239} INFO - Sync 1 DAGs
[2024-10-06T04:44:33.294+0000] {logging_mixin.py:190} INFO - [2024-10-06T04:44:33.294+0000] {dag.py:4180} INFO - Setting next_dagrun for example_display_name to None, run_after=None
[2024-10-06T04:44:33.314+0000] {processor.py:208} INFO - Processing /home/airflow/.local/lib/python3.12/site-packages/airflow/example_dags/example_display_name.py took 0.058 seconds
[2024-10-06T04:45:03.788+0000] {processor.py:186} INFO - Started process (PID=2525) to work on /home/airflow/.local/lib/python3.12/site-packages/airflow/example_dags/example_display_name.py
[2024-10-06T04:45:03.789+0000] {processor.py:914} INFO - Processing file /home/airflow/.local/lib/python3.12/site-packages/airflow/example_dags/example_display_name.py for tasks to queue
[2024-10-06T04:45:03.789+0000] {logging_mixin.py:190} INFO - [2024-10-06T04:45:03.789+0000] {dagbag.py:588} INFO - Filling up the DagBag from /home/airflow/.local/lib/python3.12/site-packages/airflow/example_dags/example_display_name.py
[2024-10-06T04:45:03.795+0000] {processor.py:925} INFO - DAG(s) 'example_display_name' retrieved from /home/airflow/.local/lib/python3.12/site-packages/airflow/example_dags/example_display_name.py
[2024-10-06T04:45:03.811+0000] {logging_mixin.py:190} INFO - [2024-10-06T04:45:03.811+0000] {dag.py:3239} INFO - Sync 1 DAGs
[2024-10-06T04:45:03.827+0000] {logging_mixin.py:190} INFO - [2024-10-06T04:45:03.827+0000] {dag.py:4180} INFO - Setting next_dagrun for example_display_name to None, run_after=None
[2024-10-06T04:45:03.850+0000] {processor.py:208} INFO - Processing /home/airflow/.local/lib/python3.12/site-packages/airflow/example_dags/example_display_name.py took 0.066 seconds
[2024-10-06T04:45:34.422+0000] {processor.py:186} INFO - Started process (PID=2588) to work on /home/airflow/.local/lib/python3.12/site-packages/airflow/example_dags/example_display_name.py
[2024-10-06T04:45:34.423+0000] {processor.py:914} INFO - Processing file /home/airflow/.local/lib/python3.12/site-packages/airflow/example_dags/example_display_name.py for tasks to queue
[2024-10-06T04:45:34.424+0000] {logging_mixin.py:190} INFO - [2024-10-06T04:45:34.424+0000] {dagbag.py:588} INFO - Filling up the DagBag from /home/airflow/.local/lib/python3.12/site-packages/airflow/example_dags/example_display_name.py
[2024-10-06T04:45:34.432+0000] {processor.py:925} INFO - DAG(s) 'example_display_name' retrieved from /home/airflow/.local/lib/python3.12/site-packages/airflow/example_dags/example_display_name.py
[2024-10-06T04:45:34.453+0000] {logging_mixin.py:190} INFO - [2024-10-06T04:45:34.453+0000] {dag.py:3239} INFO - Sync 1 DAGs
[2024-10-06T04:45:34.470+0000] {logging_mixin.py:190} INFO - [2024-10-06T04:45:34.470+0000] {dag.py:4180} INFO - Setting next_dagrun for example_display_name to None, run_after=None
[2024-10-06T04:45:34.493+0000] {processor.py:208} INFO - Processing /home/airflow/.local/lib/python3.12/site-packages/airflow/example_dags/example_display_name.py took 0.076 seconds
[2024-10-06T04:46:04.870+0000] {processor.py:186} INFO - Started process (PID=2650) to work on /home/airflow/.local/lib/python3.12/site-packages/airflow/example_dags/example_display_name.py
[2024-10-06T04:46:04.871+0000] {processor.py:914} INFO - Processing file /home/airflow/.local/lib/python3.12/site-packages/airflow/example_dags/example_display_name.py for tasks to queue
[2024-10-06T04:46:04.872+0000] {logging_mixin.py:190} INFO - [2024-10-06T04:46:04.871+0000] {dagbag.py:588} INFO - Filling up the DagBag from /home/airflow/.local/lib/python3.12/site-packages/airflow/example_dags/example_display_name.py
[2024-10-06T04:46:04.877+0000] {processor.py:925} INFO - DAG(s) 'example_display_name' retrieved from /home/airflow/.local/lib/python3.12/site-packages/airflow/example_dags/example_display_name.py
[2024-10-06T04:46:04.892+0000] {logging_mixin.py:190} INFO - [2024-10-06T04:46:04.892+0000] {dag.py:3239} INFO - Sync 1 DAGs
[2024-10-06T04:46:04.904+0000] {logging_mixin.py:190} INFO - [2024-10-06T04:46:04.904+0000] {dag.py:4180} INFO - Setting next_dagrun for example_display_name to None, run_after=None
[2024-10-06T04:46:05.094+0000] {processor.py:208} INFO - Processing /home/airflow/.local/lib/python3.12/site-packages/airflow/example_dags/example_display_name.py took 0.229 seconds
[2024-10-06T04:46:35.232+0000] {processor.py:186} INFO - Started process (PID=2713) to work on /home/airflow/.local/lib/python3.12/site-packages/airflow/example_dags/example_display_name.py
[2024-10-06T04:46:35.233+0000] {processor.py:914} INFO - Processing file /home/airflow/.local/lib/python3.12/site-packages/airflow/example_dags/example_display_name.py for tasks to queue
[2024-10-06T04:46:35.234+0000] {logging_mixin.py:190} INFO - [2024-10-06T04:46:35.234+0000] {dagbag.py:588} INFO - Filling up the DagBag from /home/airflow/.local/lib/python3.12/site-packages/airflow/example_dags/example_display_name.py
[2024-10-06T04:46:35.239+0000] {processor.py:925} INFO - DAG(s) 'example_display_name' retrieved from /home/airflow/.local/lib/python3.12/site-packages/airflow/example_dags/example_display_name.py
[2024-10-06T04:46:35.255+0000] {logging_mixin.py:190} INFO - [2024-10-06T04:46:35.254+0000] {dag.py:3239} INFO - Sync 1 DAGs
[2024-10-06T04:46:35.267+0000] {logging_mixin.py:190} INFO - [2024-10-06T04:46:35.267+0000] {dag.py:4180} INFO - Setting next_dagrun for example_display_name to None, run_after=None
[2024-10-06T04:46:35.441+0000] {processor.py:208} INFO - Processing /home/airflow/.local/lib/python3.12/site-packages/airflow/example_dags/example_display_name.py took 0.214 seconds
[2024-10-06T04:47:06.523+0000] {processor.py:186} INFO - Started process (PID=2777) to work on /home/airflow/.local/lib/python3.12/site-packages/airflow/example_dags/example_display_name.py
[2024-10-06T04:47:06.524+0000] {processor.py:914} INFO - Processing file /home/airflow/.local/lib/python3.12/site-packages/airflow/example_dags/example_display_name.py for tasks to queue
[2024-10-06T04:47:06.525+0000] {logging_mixin.py:190} INFO - [2024-10-06T04:47:06.524+0000] {dagbag.py:588} INFO - Filling up the DagBag from /home/airflow/.local/lib/python3.12/site-packages/airflow/example_dags/example_display_name.py
[2024-10-06T04:47:06.532+0000] {processor.py:925} INFO - DAG(s) 'example_display_name' retrieved from /home/airflow/.local/lib/python3.12/site-packages/airflow/example_dags/example_display_name.py
[2024-10-06T04:47:06.554+0000] {logging_mixin.py:190} INFO - [2024-10-06T04:47:06.553+0000] {dag.py:3239} INFO - Sync 1 DAGs
[2024-10-06T04:47:06.570+0000] {logging_mixin.py:190} INFO - [2024-10-06T04:47:06.570+0000] {dag.py:4180} INFO - Setting next_dagrun for example_display_name to None, run_after=None
[2024-10-06T04:47:06.750+0000] {processor.py:208} INFO - Processing /home/airflow/.local/lib/python3.12/site-packages/airflow/example_dags/example_display_name.py took 0.234 seconds
[2024-10-06T04:47:37.541+0000] {processor.py:186} INFO - Started process (PID=2840) to work on /home/airflow/.local/lib/python3.12/site-packages/airflow/example_dags/example_display_name.py
[2024-10-06T04:47:37.541+0000] {processor.py:914} INFO - Processing file /home/airflow/.local/lib/python3.12/site-packages/airflow/example_dags/example_display_name.py for tasks to queue
[2024-10-06T04:47:37.542+0000] {logging_mixin.py:190} INFO - [2024-10-06T04:47:37.542+0000] {dagbag.py:588} INFO - Filling up the DagBag from /home/airflow/.local/lib/python3.12/site-packages/airflow/example_dags/example_display_name.py
[2024-10-06T04:47:37.548+0000] {processor.py:925} INFO - DAG(s) 'example_display_name' retrieved from /home/airflow/.local/lib/python3.12/site-packages/airflow/example_dags/example_display_name.py
[2024-10-06T04:47:37.564+0000] {logging_mixin.py:190} INFO - [2024-10-06T04:47:37.564+0000] {dag.py:3239} INFO - Sync 1 DAGs
[2024-10-06T04:47:37.736+0000] {logging_mixin.py:190} INFO - [2024-10-06T04:47:37.736+0000] {dag.py:4180} INFO - Setting next_dagrun for example_display_name to None, run_after=None
[2024-10-06T04:47:37.757+0000] {processor.py:208} INFO - Processing /home/airflow/.local/lib/python3.12/site-packages/airflow/example_dags/example_display_name.py took 0.221 seconds
[2024-10-06T04:48:08.229+0000] {processor.py:186} INFO - Started process (PID=2903) to work on /home/airflow/.local/lib/python3.12/site-packages/airflow/example_dags/example_display_name.py
[2024-10-06T04:48:08.230+0000] {processor.py:914} INFO - Processing file /home/airflow/.local/lib/python3.12/site-packages/airflow/example_dags/example_display_name.py for tasks to queue
[2024-10-06T04:48:08.231+0000] {logging_mixin.py:190} INFO - [2024-10-06T04:48:08.230+0000] {dagbag.py:588} INFO - Filling up the DagBag from /home/airflow/.local/lib/python3.12/site-packages/airflow/example_dags/example_display_name.py
[2024-10-06T04:48:08.238+0000] {processor.py:925} INFO - DAG(s) 'example_display_name' retrieved from /home/airflow/.local/lib/python3.12/site-packages/airflow/example_dags/example_display_name.py
[2024-10-06T04:48:08.255+0000] {logging_mixin.py:190} INFO - [2024-10-06T04:48:08.255+0000] {dag.py:3239} INFO - Sync 1 DAGs
[2024-10-06T04:48:08.270+0000] {logging_mixin.py:190} INFO - [2024-10-06T04:48:08.270+0000] {dag.py:4180} INFO - Setting next_dagrun for example_display_name to None, run_after=None
[2024-10-06T04:48:08.301+0000] {processor.py:208} INFO - Processing /home/airflow/.local/lib/python3.12/site-packages/airflow/example_dags/example_display_name.py took 0.077 seconds
[2024-10-06T04:48:38.536+0000] {processor.py:186} INFO - Started process (PID=2966) to work on /home/airflow/.local/lib/python3.12/site-packages/airflow/example_dags/example_display_name.py
[2024-10-06T04:48:38.537+0000] {processor.py:914} INFO - Processing file /home/airflow/.local/lib/python3.12/site-packages/airflow/example_dags/example_display_name.py for tasks to queue
[2024-10-06T04:48:38.538+0000] {logging_mixin.py:190} INFO - [2024-10-06T04:48:38.537+0000] {dagbag.py:588} INFO - Filling up the DagBag from /home/airflow/.local/lib/python3.12/site-packages/airflow/example_dags/example_display_name.py
[2024-10-06T04:48:38.546+0000] {processor.py:925} INFO - DAG(s) 'example_display_name' retrieved from /home/airflow/.local/lib/python3.12/site-packages/airflow/example_dags/example_display_name.py
[2024-10-06T04:48:38.565+0000] {logging_mixin.py:190} INFO - [2024-10-06T04:48:38.565+0000] {dag.py:3239} INFO - Sync 1 DAGs
[2024-10-06T04:48:38.582+0000] {logging_mixin.py:190} INFO - [2024-10-06T04:48:38.581+0000] {dag.py:4180} INFO - Setting next_dagrun for example_display_name to None, run_after=None
[2024-10-06T04:48:38.604+0000] {processor.py:208} INFO - Processing /home/airflow/.local/lib/python3.12/site-packages/airflow/example_dags/example_display_name.py took 0.075 seconds
[2024-10-06T04:49:09.072+0000] {processor.py:186} INFO - Started process (PID=3030) to work on /home/airflow/.local/lib/python3.12/site-packages/airflow/example_dags/example_display_name.py
[2024-10-06T04:49:09.073+0000] {processor.py:914} INFO - Processing file /home/airflow/.local/lib/python3.12/site-packages/airflow/example_dags/example_display_name.py for tasks to queue
[2024-10-06T04:49:09.074+0000] {logging_mixin.py:190} INFO - [2024-10-06T04:49:09.074+0000] {dagbag.py:588} INFO - Filling up the DagBag from /home/airflow/.local/lib/python3.12/site-packages/airflow/example_dags/example_display_name.py
[2024-10-06T04:49:09.082+0000] {processor.py:925} INFO - DAG(s) 'example_display_name' retrieved from /home/airflow/.local/lib/python3.12/site-packages/airflow/example_dags/example_display_name.py
[2024-10-06T04:49:09.102+0000] {logging_mixin.py:190} INFO - [2024-10-06T04:49:09.102+0000] {dag.py:3239} INFO - Sync 1 DAGs
[2024-10-06T04:49:09.119+0000] {logging_mixin.py:190} INFO - [2024-10-06T04:49:09.119+0000] {dag.py:4180} INFO - Setting next_dagrun for example_display_name to None, run_after=None
[2024-10-06T04:49:09.143+0000] {processor.py:208} INFO - Processing /home/airflow/.local/lib/python3.12/site-packages/airflow/example_dags/example_display_name.py took 0.077 seconds
[2024-10-06T04:49:39.460+0000] {processor.py:186} INFO - Started process (PID=3093) to work on /home/airflow/.local/lib/python3.12/site-packages/airflow/example_dags/example_display_name.py
[2024-10-06T04:49:39.461+0000] {processor.py:914} INFO - Processing file /home/airflow/.local/lib/python3.12/site-packages/airflow/example_dags/example_display_name.py for tasks to queue
[2024-10-06T04:49:39.462+0000] {logging_mixin.py:190} INFO - [2024-10-06T04:49:39.461+0000] {dagbag.py:588} INFO - Filling up the DagBag from /home/airflow/.local/lib/python3.12/site-packages/airflow/example_dags/example_display_name.py
[2024-10-06T04:49:39.468+0000] {processor.py:925} INFO - DAG(s) 'example_display_name' retrieved from /home/airflow/.local/lib/python3.12/site-packages/airflow/example_dags/example_display_name.py
[2024-10-06T04:49:39.483+0000] {logging_mixin.py:190} INFO - [2024-10-06T04:49:39.483+0000] {dag.py:3239} INFO - Sync 1 DAGs
[2024-10-06T04:49:39.496+0000] {logging_mixin.py:190} INFO - [2024-10-06T04:49:39.495+0000] {dag.py:4180} INFO - Setting next_dagrun for example_display_name to None, run_after=None
[2024-10-06T04:49:39.512+0000] {processor.py:208} INFO - Processing /home/airflow/.local/lib/python3.12/site-packages/airflow/example_dags/example_display_name.py took 0.057 seconds
[2024-10-06T04:50:09.994+0000] {processor.py:186} INFO - Started process (PID=3156) to work on /home/airflow/.local/lib/python3.12/site-packages/airflow/example_dags/example_display_name.py
[2024-10-06T04:50:09.995+0000] {processor.py:914} INFO - Processing file /home/airflow/.local/lib/python3.12/site-packages/airflow/example_dags/example_display_name.py for tasks to queue
[2024-10-06T04:50:09.996+0000] {logging_mixin.py:190} INFO - [2024-10-06T04:50:09.996+0000] {dagbag.py:588} INFO - Filling up the DagBag from /home/airflow/.local/lib/python3.12/site-packages/airflow/example_dags/example_display_name.py
[2024-10-06T04:50:10.002+0000] {processor.py:925} INFO - DAG(s) 'example_display_name' retrieved from /home/airflow/.local/lib/python3.12/site-packages/airflow/example_dags/example_display_name.py
[2024-10-06T04:50:10.016+0000] {logging_mixin.py:190} INFO - [2024-10-06T04:50:10.016+0000] {dag.py:3239} INFO - Sync 1 DAGs
[2024-10-06T04:50:10.028+0000] {logging_mixin.py:190} INFO - [2024-10-06T04:50:10.027+0000] {dag.py:4180} INFO - Setting next_dagrun for example_display_name to None, run_after=None
[2024-10-06T04:50:10.045+0000] {processor.py:208} INFO - Processing /home/airflow/.local/lib/python3.12/site-packages/airflow/example_dags/example_display_name.py took 0.057 seconds
[2024-10-06T04:50:40.348+0000] {processor.py:186} INFO - Started process (PID=3218) to work on /home/airflow/.local/lib/python3.12/site-packages/airflow/example_dags/example_display_name.py
[2024-10-06T04:50:40.349+0000] {processor.py:914} INFO - Processing file /home/airflow/.local/lib/python3.12/site-packages/airflow/example_dags/example_display_name.py for tasks to queue
[2024-10-06T04:50:40.350+0000] {logging_mixin.py:190} INFO - [2024-10-06T04:50:40.350+0000] {dagbag.py:588} INFO - Filling up the DagBag from /home/airflow/.local/lib/python3.12/site-packages/airflow/example_dags/example_display_name.py
[2024-10-06T04:50:40.357+0000] {processor.py:925} INFO - DAG(s) 'example_display_name' retrieved from /home/airflow/.local/lib/python3.12/site-packages/airflow/example_dags/example_display_name.py
[2024-10-06T04:50:40.374+0000] {logging_mixin.py:190} INFO - [2024-10-06T04:50:40.374+0000] {dag.py:3239} INFO - Sync 1 DAGs
[2024-10-06T04:50:40.386+0000] {logging_mixin.py:190} INFO - [2024-10-06T04:50:40.386+0000] {dag.py:4180} INFO - Setting next_dagrun for example_display_name to None, run_after=None
[2024-10-06T04:50:40.407+0000] {processor.py:208} INFO - Processing /home/airflow/.local/lib/python3.12/site-packages/airflow/example_dags/example_display_name.py took 0.065 seconds
[2024-10-06T04:51:10.896+0000] {processor.py:186} INFO - Started process (PID=3281) to work on /home/airflow/.local/lib/python3.12/site-packages/airflow/example_dags/example_display_name.py
[2024-10-06T04:51:10.897+0000] {processor.py:914} INFO - Processing file /home/airflow/.local/lib/python3.12/site-packages/airflow/example_dags/example_display_name.py for tasks to queue
[2024-10-06T04:51:10.898+0000] {logging_mixin.py:190} INFO - [2024-10-06T04:51:10.897+0000] {dagbag.py:588} INFO - Filling up the DagBag from /home/airflow/.local/lib/python3.12/site-packages/airflow/example_dags/example_display_name.py
[2024-10-06T04:51:10.905+0000] {processor.py:925} INFO - DAG(s) 'example_display_name' retrieved from /home/airflow/.local/lib/python3.12/site-packages/airflow/example_dags/example_display_name.py
[2024-10-06T04:51:10.920+0000] {logging_mixin.py:190} INFO - [2024-10-06T04:51:10.920+0000] {dag.py:3239} INFO - Sync 1 DAGs
[2024-10-06T04:51:10.932+0000] {logging_mixin.py:190} INFO - [2024-10-06T04:51:10.931+0000] {dag.py:4180} INFO - Setting next_dagrun for example_display_name to None, run_after=None
[2024-10-06T04:51:10.950+0000] {processor.py:208} INFO - Processing /home/airflow/.local/lib/python3.12/site-packages/airflow/example_dags/example_display_name.py took 0.060 seconds
[2024-10-06T04:51:41.202+0000] {processor.py:186} INFO - Started process (PID=3343) to work on /home/airflow/.local/lib/python3.12/site-packages/airflow/example_dags/example_display_name.py
[2024-10-06T04:51:41.202+0000] {processor.py:914} INFO - Processing file /home/airflow/.local/lib/python3.12/site-packages/airflow/example_dags/example_display_name.py for tasks to queue
[2024-10-06T04:51:41.204+0000] {logging_mixin.py:190} INFO - [2024-10-06T04:51:41.203+0000] {dagbag.py:588} INFO - Filling up the DagBag from /home/airflow/.local/lib/python3.12/site-packages/airflow/example_dags/example_display_name.py
[2024-10-06T04:51:41.211+0000] {processor.py:925} INFO - DAG(s) 'example_display_name' retrieved from /home/airflow/.local/lib/python3.12/site-packages/airflow/example_dags/example_display_name.py
[2024-10-06T04:51:41.226+0000] {logging_mixin.py:190} INFO - [2024-10-06T04:51:41.226+0000] {dag.py:3239} INFO - Sync 1 DAGs
[2024-10-06T04:51:41.238+0000] {logging_mixin.py:190} INFO - [2024-10-06T04:51:41.238+0000] {dag.py:4180} INFO - Setting next_dagrun for example_display_name to None, run_after=None
[2024-10-06T04:51:41.257+0000] {processor.py:208} INFO - Processing /home/airflow/.local/lib/python3.12/site-packages/airflow/example_dags/example_display_name.py took 0.060 seconds
[2024-10-06T04:52:11.480+0000] {processor.py:186} INFO - Started process (PID=3406) to work on /home/airflow/.local/lib/python3.12/site-packages/airflow/example_dags/example_display_name.py
[2024-10-06T04:52:11.480+0000] {processor.py:914} INFO - Processing file /home/airflow/.local/lib/python3.12/site-packages/airflow/example_dags/example_display_name.py for tasks to queue
[2024-10-06T04:52:11.481+0000] {logging_mixin.py:190} INFO - [2024-10-06T04:52:11.481+0000] {dagbag.py:588} INFO - Filling up the DagBag from /home/airflow/.local/lib/python3.12/site-packages/airflow/example_dags/example_display_name.py
[2024-10-06T04:52:11.487+0000] {processor.py:925} INFO - DAG(s) 'example_display_name' retrieved from /home/airflow/.local/lib/python3.12/site-packages/airflow/example_dags/example_display_name.py
[2024-10-06T04:52:11.502+0000] {logging_mixin.py:190} INFO - [2024-10-06T04:52:11.501+0000] {dag.py:3239} INFO - Sync 1 DAGs
[2024-10-06T04:52:11.513+0000] {logging_mixin.py:190} INFO - [2024-10-06T04:52:11.513+0000] {dag.py:4180} INFO - Setting next_dagrun for example_display_name to None, run_after=None
[2024-10-06T04:52:11.544+0000] {processor.py:208} INFO - Processing /home/airflow/.local/lib/python3.12/site-packages/airflow/example_dags/example_display_name.py took 0.069 seconds
[2024-10-06T04:52:41.798+0000] {processor.py:186} INFO - Started process (PID=3470) to work on /home/airflow/.local/lib/python3.12/site-packages/airflow/example_dags/example_display_name.py
[2024-10-06T04:52:41.799+0000] {processor.py:914} INFO - Processing file /home/airflow/.local/lib/python3.12/site-packages/airflow/example_dags/example_display_name.py for tasks to queue
[2024-10-06T04:52:41.800+0000] {logging_mixin.py:190} INFO - [2024-10-06T04:52:41.800+0000] {dagbag.py:588} INFO - Filling up the DagBag from /home/airflow/.local/lib/python3.12/site-packages/airflow/example_dags/example_display_name.py
[2024-10-06T04:52:41.807+0000] {processor.py:925} INFO - DAG(s) 'example_display_name' retrieved from /home/airflow/.local/lib/python3.12/site-packages/airflow/example_dags/example_display_name.py
[2024-10-06T04:52:41.822+0000] {logging_mixin.py:190} INFO - [2024-10-06T04:52:41.822+0000] {dag.py:3239} INFO - Sync 1 DAGs
[2024-10-06T04:52:41.834+0000] {logging_mixin.py:190} INFO - [2024-10-06T04:52:41.834+0000] {dag.py:4180} INFO - Setting next_dagrun for example_display_name to None, run_after=None
[2024-10-06T04:52:41.853+0000] {processor.py:208} INFO - Processing /home/airflow/.local/lib/python3.12/site-packages/airflow/example_dags/example_display_name.py took 0.059 seconds
[2024-10-06T04:53:12.132+0000] {processor.py:186} INFO - Started process (PID=3533) to work on /home/airflow/.local/lib/python3.12/site-packages/airflow/example_dags/example_display_name.py
[2024-10-06T04:53:12.133+0000] {processor.py:914} INFO - Processing file /home/airflow/.local/lib/python3.12/site-packages/airflow/example_dags/example_display_name.py for tasks to queue
[2024-10-06T04:53:12.133+0000] {logging_mixin.py:190} INFO - [2024-10-06T04:53:12.133+0000] {dagbag.py:588} INFO - Filling up the DagBag from /home/airflow/.local/lib/python3.12/site-packages/airflow/example_dags/example_display_name.py
[2024-10-06T04:53:12.139+0000] {processor.py:925} INFO - DAG(s) 'example_display_name' retrieved from /home/airflow/.local/lib/python3.12/site-packages/airflow/example_dags/example_display_name.py
[2024-10-06T04:53:12.153+0000] {logging_mixin.py:190} INFO - [2024-10-06T04:53:12.153+0000] {dag.py:3239} INFO - Sync 1 DAGs
[2024-10-06T04:53:12.165+0000] {logging_mixin.py:190} INFO - [2024-10-06T04:53:12.165+0000] {dag.py:4180} INFO - Setting next_dagrun for example_display_name to None, run_after=None
[2024-10-06T04:53:12.181+0000] {processor.py:208} INFO - Processing /home/airflow/.local/lib/python3.12/site-packages/airflow/example_dags/example_display_name.py took 0.053 seconds
[2024-10-06T04:53:42.421+0000] {processor.py:186} INFO - Started process (PID=3596) to work on /home/airflow/.local/lib/python3.12/site-packages/airflow/example_dags/example_display_name.py
[2024-10-06T04:53:42.422+0000] {processor.py:914} INFO - Processing file /home/airflow/.local/lib/python3.12/site-packages/airflow/example_dags/example_display_name.py for tasks to queue
[2024-10-06T04:53:42.423+0000] {logging_mixin.py:190} INFO - [2024-10-06T04:53:42.422+0000] {dagbag.py:588} INFO - Filling up the DagBag from /home/airflow/.local/lib/python3.12/site-packages/airflow/example_dags/example_display_name.py
[2024-10-06T04:53:42.429+0000] {processor.py:925} INFO - DAG(s) 'example_display_name' retrieved from /home/airflow/.local/lib/python3.12/site-packages/airflow/example_dags/example_display_name.py
[2024-10-06T04:53:42.443+0000] {logging_mixin.py:190} INFO - [2024-10-06T04:53:42.443+0000] {dag.py:3239} INFO - Sync 1 DAGs
[2024-10-06T04:53:42.454+0000] {logging_mixin.py:190} INFO - [2024-10-06T04:53:42.454+0000] {dag.py:4180} INFO - Setting next_dagrun for example_display_name to None, run_after=None
[2024-10-06T04:53:42.472+0000] {processor.py:208} INFO - Processing /home/airflow/.local/lib/python3.12/site-packages/airflow/example_dags/example_display_name.py took 0.056 seconds
[2024-10-06T04:54:12.667+0000] {processor.py:186} INFO - Started process (PID=3660) to work on /home/airflow/.local/lib/python3.12/site-packages/airflow/example_dags/example_display_name.py
[2024-10-06T04:54:12.668+0000] {processor.py:914} INFO - Processing file /home/airflow/.local/lib/python3.12/site-packages/airflow/example_dags/example_display_name.py for tasks to queue
[2024-10-06T04:54:12.669+0000] {logging_mixin.py:190} INFO - [2024-10-06T04:54:12.668+0000] {dagbag.py:588} INFO - Filling up the DagBag from /home/airflow/.local/lib/python3.12/site-packages/airflow/example_dags/example_display_name.py
[2024-10-06T04:54:12.674+0000] {processor.py:925} INFO - DAG(s) 'example_display_name' retrieved from /home/airflow/.local/lib/python3.12/site-packages/airflow/example_dags/example_display_name.py
[2024-10-06T04:54:12.689+0000] {logging_mixin.py:190} INFO - [2024-10-06T04:54:12.688+0000] {dag.py:3239} INFO - Sync 1 DAGs
[2024-10-06T04:54:12.700+0000] {logging_mixin.py:190} INFO - [2024-10-06T04:54:12.700+0000] {dag.py:4180} INFO - Setting next_dagrun for example_display_name to None, run_after=None
[2024-10-06T04:54:12.717+0000] {processor.py:208} INFO - Processing /home/airflow/.local/lib/python3.12/site-packages/airflow/example_dags/example_display_name.py took 0.054 seconds
[2024-10-06T04:54:42.953+0000] {processor.py:186} INFO - Started process (PID=3723) to work on /home/airflow/.local/lib/python3.12/site-packages/airflow/example_dags/example_display_name.py
[2024-10-06T04:54:42.953+0000] {processor.py:914} INFO - Processing file /home/airflow/.local/lib/python3.12/site-packages/airflow/example_dags/example_display_name.py for tasks to queue
[2024-10-06T04:54:42.954+0000] {logging_mixin.py:190} INFO - [2024-10-06T04:54:42.954+0000] {dagbag.py:588} INFO - Filling up the DagBag from /home/airflow/.local/lib/python3.12/site-packages/airflow/example_dags/example_display_name.py
[2024-10-06T04:54:42.960+0000] {processor.py:925} INFO - DAG(s) 'example_display_name' retrieved from /home/airflow/.local/lib/python3.12/site-packages/airflow/example_dags/example_display_name.py
[2024-10-06T04:54:42.974+0000] {logging_mixin.py:190} INFO - [2024-10-06T04:54:42.974+0000] {dag.py:3239} INFO - Sync 1 DAGs
[2024-10-06T04:54:42.986+0000] {logging_mixin.py:190} INFO - [2024-10-06T04:54:42.986+0000] {dag.py:4180} INFO - Setting next_dagrun for example_display_name to None, run_after=None
[2024-10-06T04:54:43.004+0000] {processor.py:208} INFO - Processing /home/airflow/.local/lib/python3.12/site-packages/airflow/example_dags/example_display_name.py took 0.056 seconds
[2024-10-06T04:55:13.309+0000] {processor.py:186} INFO - Started process (PID=3786) to work on /home/airflow/.local/lib/python3.12/site-packages/airflow/example_dags/example_display_name.py
[2024-10-06T04:55:13.310+0000] {processor.py:914} INFO - Processing file /home/airflow/.local/lib/python3.12/site-packages/airflow/example_dags/example_display_name.py for tasks to queue
[2024-10-06T04:55:13.311+0000] {logging_mixin.py:190} INFO - [2024-10-06T04:55:13.311+0000] {dagbag.py:588} INFO - Filling up the DagBag from /home/airflow/.local/lib/python3.12/site-packages/airflow/example_dags/example_display_name.py
[2024-10-06T04:55:13.317+0000] {processor.py:925} INFO - DAG(s) 'example_display_name' retrieved from /home/airflow/.local/lib/python3.12/site-packages/airflow/example_dags/example_display_name.py
[2024-10-06T04:55:13.331+0000] {logging_mixin.py:190} INFO - [2024-10-06T04:55:13.331+0000] {dag.py:3239} INFO - Sync 1 DAGs
[2024-10-06T04:55:13.343+0000] {logging_mixin.py:190} INFO - [2024-10-06T04:55:13.342+0000] {dag.py:4180} INFO - Setting next_dagrun for example_display_name to None, run_after=None
[2024-10-06T04:55:13.360+0000] {processor.py:208} INFO - Processing /home/airflow/.local/lib/python3.12/site-packages/airflow/example_dags/example_display_name.py took 0.055 seconds
[2024-10-06T04:55:43.615+0000] {processor.py:186} INFO - Started process (PID=3849) to work on /home/airflow/.local/lib/python3.12/site-packages/airflow/example_dags/example_display_name.py
[2024-10-06T04:55:43.616+0000] {processor.py:914} INFO - Processing file /home/airflow/.local/lib/python3.12/site-packages/airflow/example_dags/example_display_name.py for tasks to queue
[2024-10-06T04:55:43.617+0000] {logging_mixin.py:190} INFO - [2024-10-06T04:55:43.617+0000] {dagbag.py:588} INFO - Filling up the DagBag from /home/airflow/.local/lib/python3.12/site-packages/airflow/example_dags/example_display_name.py
[2024-10-06T04:55:43.623+0000] {processor.py:925} INFO - DAG(s) 'example_display_name' retrieved from /home/airflow/.local/lib/python3.12/site-packages/airflow/example_dags/example_display_name.py
[2024-10-06T04:55:43.641+0000] {logging_mixin.py:190} INFO - [2024-10-06T04:55:43.641+0000] {dag.py:3239} INFO - Sync 1 DAGs
[2024-10-06T04:55:43.658+0000] {logging_mixin.py:190} INFO - [2024-10-06T04:55:43.658+0000] {dag.py:4180} INFO - Setting next_dagrun for example_display_name to None, run_after=None
[2024-10-06T04:55:43.681+0000] {processor.py:208} INFO - Processing /home/airflow/.local/lib/python3.12/site-packages/airflow/example_dags/example_display_name.py took 0.071 seconds
[2024-10-06T04:56:14.049+0000] {processor.py:186} INFO - Started process (PID=3913) to work on /home/airflow/.local/lib/python3.12/site-packages/airflow/example_dags/example_display_name.py
[2024-10-06T04:56:14.049+0000] {processor.py:914} INFO - Processing file /home/airflow/.local/lib/python3.12/site-packages/airflow/example_dags/example_display_name.py for tasks to queue
[2024-10-06T04:56:14.050+0000] {logging_mixin.py:190} INFO - [2024-10-06T04:56:14.050+0000] {dagbag.py:588} INFO - Filling up the DagBag from /home/airflow/.local/lib/python3.12/site-packages/airflow/example_dags/example_display_name.py
[2024-10-06T04:56:14.057+0000] {processor.py:925} INFO - DAG(s) 'example_display_name' retrieved from /home/airflow/.local/lib/python3.12/site-packages/airflow/example_dags/example_display_name.py
[2024-10-06T04:56:14.071+0000] {logging_mixin.py:190} INFO - [2024-10-06T04:56:14.071+0000] {dag.py:3239} INFO - Sync 1 DAGs
[2024-10-06T04:56:14.083+0000] {logging_mixin.py:190} INFO - [2024-10-06T04:56:14.083+0000] {dag.py:4180} INFO - Setting next_dagrun for example_display_name to None, run_after=None
[2024-10-06T04:56:14.101+0000] {processor.py:208} INFO - Processing /home/airflow/.local/lib/python3.12/site-packages/airflow/example_dags/example_display_name.py took 0.058 seconds
[2024-10-06T04:56:44.457+0000] {processor.py:186} INFO - Started process (PID=3977) to work on /home/airflow/.local/lib/python3.12/site-packages/airflow/example_dags/example_display_name.py
[2024-10-06T04:56:44.458+0000] {processor.py:914} INFO - Processing file /home/airflow/.local/lib/python3.12/site-packages/airflow/example_dags/example_display_name.py for tasks to queue
[2024-10-06T04:56:44.459+0000] {logging_mixin.py:190} INFO - [2024-10-06T04:56:44.458+0000] {dagbag.py:588} INFO - Filling up the DagBag from /home/airflow/.local/lib/python3.12/site-packages/airflow/example_dags/example_display_name.py
[2024-10-06T04:56:44.466+0000] {processor.py:925} INFO - DAG(s) 'example_display_name' retrieved from /home/airflow/.local/lib/python3.12/site-packages/airflow/example_dags/example_display_name.py
[2024-10-06T04:56:44.483+0000] {logging_mixin.py:190} INFO - [2024-10-06T04:56:44.483+0000] {dag.py:3239} INFO - Sync 1 DAGs
[2024-10-06T04:56:44.499+0000] {logging_mixin.py:190} INFO - [2024-10-06T04:56:44.499+0000] {dag.py:4180} INFO - Setting next_dagrun for example_display_name to None, run_after=None
[2024-10-06T04:56:44.521+0000] {processor.py:208} INFO - Processing /home/airflow/.local/lib/python3.12/site-packages/airflow/example_dags/example_display_name.py took 0.069 seconds
[2024-10-06T04:57:15.115+0000] {processor.py:186} INFO - Started process (PID=4042) to work on /home/airflow/.local/lib/python3.12/site-packages/airflow/example_dags/example_display_name.py
[2024-10-06T04:57:15.116+0000] {processor.py:914} INFO - Processing file /home/airflow/.local/lib/python3.12/site-packages/airflow/example_dags/example_display_name.py for tasks to queue
[2024-10-06T04:57:15.117+0000] {logging_mixin.py:190} INFO - [2024-10-06T04:57:15.116+0000] {dagbag.py:588} INFO - Filling up the DagBag from /home/airflow/.local/lib/python3.12/site-packages/airflow/example_dags/example_display_name.py
[2024-10-06T04:57:15.124+0000] {processor.py:925} INFO - DAG(s) 'example_display_name' retrieved from /home/airflow/.local/lib/python3.12/site-packages/airflow/example_dags/example_display_name.py
[2024-10-06T04:57:15.140+0000] {logging_mixin.py:190} INFO - [2024-10-06T04:57:15.140+0000] {dag.py:3239} INFO - Sync 1 DAGs
[2024-10-06T04:57:15.153+0000] {logging_mixin.py:190} INFO - [2024-10-06T04:57:15.153+0000] {dag.py:4180} INFO - Setting next_dagrun for example_display_name to None, run_after=None
[2024-10-06T04:57:15.174+0000] {processor.py:208} INFO - Processing /home/airflow/.local/lib/python3.12/site-packages/airflow/example_dags/example_display_name.py took 0.065 seconds
[2024-10-06T04:57:45.520+0000] {processor.py:186} INFO - Started process (PID=4106) to work on /home/airflow/.local/lib/python3.12/site-packages/airflow/example_dags/example_display_name.py
[2024-10-06T04:57:45.520+0000] {processor.py:914} INFO - Processing file /home/airflow/.local/lib/python3.12/site-packages/airflow/example_dags/example_display_name.py for tasks to queue
[2024-10-06T04:57:45.521+0000] {logging_mixin.py:190} INFO - [2024-10-06T04:57:45.521+0000] {dagbag.py:588} INFO - Filling up the DagBag from /home/airflow/.local/lib/python3.12/site-packages/airflow/example_dags/example_display_name.py
[2024-10-06T04:57:45.527+0000] {processor.py:925} INFO - DAG(s) 'example_display_name' retrieved from /home/airflow/.local/lib/python3.12/site-packages/airflow/example_dags/example_display_name.py
[2024-10-06T04:57:45.546+0000] {logging_mixin.py:190} INFO - [2024-10-06T04:57:45.546+0000] {dag.py:3239} INFO - Sync 1 DAGs
[2024-10-06T04:57:45.562+0000] {logging_mixin.py:190} INFO - [2024-10-06T04:57:45.562+0000] {dag.py:4180} INFO - Setting next_dagrun for example_display_name to None, run_after=None
[2024-10-06T04:57:45.583+0000] {processor.py:208} INFO - Processing /home/airflow/.local/lib/python3.12/site-packages/airflow/example_dags/example_display_name.py took 0.068 seconds
