[2024-10-06T04:25:21.475+0000] {processor.py:186} INFO - Started process (PID=94) to work on /home/airflow/.local/lib/python3.12/site-packages/airflow/example_dags/example_branch_python_dop_operator_3.py
[2024-10-06T04:25:21.476+0000] {processor.py:914} INFO - Processing file /home/airflow/.local/lib/python3.12/site-packages/airflow/example_dags/example_branch_python_dop_operator_3.py for tasks to queue
[2024-10-06T04:25:21.478+0000] {logging_mixin.py:190} INFO - [2024-10-06T04:25:21.478+0000] {dagbag.py:588} INFO - Filling up the DagBag from /home/airflow/.local/lib/python3.12/site-packages/airflow/example_dags/example_branch_python_dop_operator_3.py
[2024-10-06T04:25:21.487+0000] {processor.py:925} INFO - DAG(s) 'example_branch_dop_operator_v3' retrieved from /home/airflow/.local/lib/python3.12/site-packages/airflow/example_dags/example_branch_python_dop_operator_3.py
[2024-10-06T04:25:21.584+0000] {logging_mixin.py:190} INFO - [2024-10-06T04:25:21.583+0000] {override.py:1900} INFO - Created Permission View: can edit on DAG:example_branch_dop_operator_v3
[2024-10-06T04:25:21.595+0000] {logging_mixin.py:190} INFO - [2024-10-06T04:25:21.595+0000] {override.py:1900} INFO - Created Permission View: can delete on DAG:example_branch_dop_operator_v3
[2024-10-06T04:25:21.603+0000] {logging_mixin.py:190} INFO - [2024-10-06T04:25:21.603+0000] {override.py:1900} INFO - Created Permission View: can read on DAG:example_branch_dop_operator_v3
[2024-10-06T04:25:21.616+0000] {logging_mixin.py:190} INFO - [2024-10-06T04:25:21.616+0000] {override.py:1900} INFO - Created Permission View: can delete on DAG Run:example_branch_dop_operator_v3
[2024-10-06T04:25:21.624+0000] {logging_mixin.py:190} INFO - [2024-10-06T04:25:21.624+0000] {override.py:1900} INFO - Created Permission View: can create on DAG Run:example_branch_dop_operator_v3
[2024-10-06T04:25:21.632+0000] {logging_mixin.py:190} INFO - [2024-10-06T04:25:21.632+0000] {override.py:1900} INFO - Created Permission View: menu access on DAG Run:example_branch_dop_operator_v3
[2024-10-06T04:25:21.640+0000] {logging_mixin.py:190} INFO - [2024-10-06T04:25:21.640+0000] {override.py:1900} INFO - Created Permission View: can read on DAG Run:example_branch_dop_operator_v3
[2024-10-06T04:25:21.641+0000] {logging_mixin.py:190} INFO - [2024-10-06T04:25:21.640+0000] {dag.py:3239} INFO - Sync 1 DAGs
[2024-10-06T04:25:21.652+0000] {logging_mixin.py:190} INFO - [2024-10-06T04:25:21.652+0000] {dag.py:3262} INFO - Creating ORM DAG for example_branch_dop_operator_v3
[2024-10-06T04:25:21.667+0000] {logging_mixin.py:190} INFO - [2024-10-06T04:25:21.667+0000] {dag.py:4180} INFO - Setting next_dagrun for example_branch_dop_operator_v3 to 2024-10-06 04:24:00+00:00, run_after=2024-10-06 04:25:00+00:00
[2024-10-06T04:25:21.683+0000] {processor.py:208} INFO - Processing /home/airflow/.local/lib/python3.12/site-packages/airflow/example_dags/example_branch_python_dop_operator_3.py took 0.213 seconds
[2024-10-06T04:25:52.596+0000] {processor.py:186} INFO - Started process (PID=157) to work on /home/airflow/.local/lib/python3.12/site-packages/airflow/example_dags/example_branch_python_dop_operator_3.py
[2024-10-06T04:25:52.597+0000] {processor.py:914} INFO - Processing file /home/airflow/.local/lib/python3.12/site-packages/airflow/example_dags/example_branch_python_dop_operator_3.py for tasks to queue
[2024-10-06T04:25:52.598+0000] {logging_mixin.py:190} INFO - [2024-10-06T04:25:52.598+0000] {dagbag.py:588} INFO - Filling up the DagBag from /home/airflow/.local/lib/python3.12/site-packages/airflow/example_dags/example_branch_python_dop_operator_3.py
[2024-10-06T04:25:52.606+0000] {processor.py:925} INFO - DAG(s) 'example_branch_dop_operator_v3' retrieved from /home/airflow/.local/lib/python3.12/site-packages/airflow/example_dags/example_branch_python_dop_operator_3.py
[2024-10-06T04:25:52.621+0000] {logging_mixin.py:190} INFO - [2024-10-06T04:25:52.621+0000] {dag.py:3239} INFO - Sync 1 DAGs
[2024-10-06T04:25:52.641+0000] {logging_mixin.py:190} INFO - [2024-10-06T04:25:52.641+0000] {dag.py:4180} INFO - Setting next_dagrun for example_branch_dop_operator_v3 to 2024-10-06 04:24:00+00:00, run_after=2024-10-06 04:25:00+00:00
[2024-10-06T04:25:52.660+0000] {processor.py:208} INFO - Processing /home/airflow/.local/lib/python3.12/site-packages/airflow/example_dags/example_branch_python_dop_operator_3.py took 0.068 seconds
[2024-10-06T04:26:22.811+0000] {processor.py:186} INFO - Started process (PID=218) to work on /home/airflow/.local/lib/python3.12/site-packages/airflow/example_dags/example_branch_python_dop_operator_3.py
[2024-10-06T04:26:22.816+0000] {processor.py:914} INFO - Processing file /home/airflow/.local/lib/python3.12/site-packages/airflow/example_dags/example_branch_python_dop_operator_3.py for tasks to queue
[2024-10-06T04:26:22.817+0000] {logging_mixin.py:190} INFO - [2024-10-06T04:26:22.817+0000] {dagbag.py:588} INFO - Filling up the DagBag from /home/airflow/.local/lib/python3.12/site-packages/airflow/example_dags/example_branch_python_dop_operator_3.py
[2024-10-06T04:26:22.825+0000] {processor.py:925} INFO - DAG(s) 'example_branch_dop_operator_v3' retrieved from /home/airflow/.local/lib/python3.12/site-packages/airflow/example_dags/example_branch_python_dop_operator_3.py
[2024-10-06T04:26:22.840+0000] {logging_mixin.py:190} INFO - [2024-10-06T04:26:22.840+0000] {dag.py:3239} INFO - Sync 1 DAGs
[2024-10-06T04:26:22.860+0000] {logging_mixin.py:190} INFO - [2024-10-06T04:26:22.860+0000] {dag.py:4180} INFO - Setting next_dagrun for example_branch_dop_operator_v3 to 2024-10-06 04:25:00+00:00, run_after=2024-10-06 04:26:00+00:00
[2024-10-06T04:26:22.877+0000] {processor.py:208} INFO - Processing /home/airflow/.local/lib/python3.12/site-packages/airflow/example_dags/example_branch_python_dop_operator_3.py took 0.070 seconds
[2024-10-06T04:26:53.146+0000] {processor.py:186} INFO - Started process (PID=281) to work on /home/airflow/.local/lib/python3.12/site-packages/airflow/example_dags/example_branch_python_dop_operator_3.py
[2024-10-06T04:26:53.147+0000] {processor.py:914} INFO - Processing file /home/airflow/.local/lib/python3.12/site-packages/airflow/example_dags/example_branch_python_dop_operator_3.py for tasks to queue
[2024-10-06T04:26:53.148+0000] {logging_mixin.py:190} INFO - [2024-10-06T04:26:53.148+0000] {dagbag.py:588} INFO - Filling up the DagBag from /home/airflow/.local/lib/python3.12/site-packages/airflow/example_dags/example_branch_python_dop_operator_3.py
[2024-10-06T04:26:53.156+0000] {processor.py:925} INFO - DAG(s) 'example_branch_dop_operator_v3' retrieved from /home/airflow/.local/lib/python3.12/site-packages/airflow/example_dags/example_branch_python_dop_operator_3.py
[2024-10-06T04:26:53.171+0000] {logging_mixin.py:190} INFO - [2024-10-06T04:26:53.171+0000] {dag.py:3239} INFO - Sync 1 DAGs
[2024-10-06T04:26:53.194+0000] {logging_mixin.py:190} INFO - [2024-10-06T04:26:53.194+0000] {dag.py:4180} INFO - Setting next_dagrun for example_branch_dop_operator_v3 to 2024-10-06 04:25:00+00:00, run_after=2024-10-06 04:26:00+00:00
[2024-10-06T04:26:53.216+0000] {processor.py:208} INFO - Processing /home/airflow/.local/lib/python3.12/site-packages/airflow/example_dags/example_branch_python_dop_operator_3.py took 0.074 seconds
[2024-10-06T04:27:23.532+0000] {processor.py:186} INFO - Started process (PID=343) to work on /home/airflow/.local/lib/python3.12/site-packages/airflow/example_dags/example_branch_python_dop_operator_3.py
[2024-10-06T04:27:23.533+0000] {processor.py:914} INFO - Processing file /home/airflow/.local/lib/python3.12/site-packages/airflow/example_dags/example_branch_python_dop_operator_3.py for tasks to queue
[2024-10-06T04:27:23.535+0000] {logging_mixin.py:190} INFO - [2024-10-06T04:27:23.535+0000] {dagbag.py:588} INFO - Filling up the DagBag from /home/airflow/.local/lib/python3.12/site-packages/airflow/example_dags/example_branch_python_dop_operator_3.py
[2024-10-06T04:27:23.546+0000] {processor.py:925} INFO - DAG(s) 'example_branch_dop_operator_v3' retrieved from /home/airflow/.local/lib/python3.12/site-packages/airflow/example_dags/example_branch_python_dop_operator_3.py
[2024-10-06T04:27:23.573+0000] {logging_mixin.py:190} INFO - [2024-10-06T04:27:23.573+0000] {dag.py:3239} INFO - Sync 1 DAGs
[2024-10-06T04:27:23.607+0000] {logging_mixin.py:190} INFO - [2024-10-06T04:27:23.607+0000] {dag.py:4180} INFO - Setting next_dagrun for example_branch_dop_operator_v3 to 2024-10-06 04:26:00+00:00, run_after=2024-10-06 04:27:00+00:00
[2024-10-06T04:27:23.643+0000] {processor.py:208} INFO - Processing /home/airflow/.local/lib/python3.12/site-packages/airflow/example_dags/example_branch_python_dop_operator_3.py took 0.117 seconds
[2024-10-06T04:27:54.069+0000] {processor.py:186} INFO - Started process (PID=405) to work on /home/airflow/.local/lib/python3.12/site-packages/airflow/example_dags/example_branch_python_dop_operator_3.py
[2024-10-06T04:27:54.070+0000] {processor.py:914} INFO - Processing file /home/airflow/.local/lib/python3.12/site-packages/airflow/example_dags/example_branch_python_dop_operator_3.py for tasks to queue
[2024-10-06T04:27:54.071+0000] {logging_mixin.py:190} INFO - [2024-10-06T04:27:54.071+0000] {dagbag.py:588} INFO - Filling up the DagBag from /home/airflow/.local/lib/python3.12/site-packages/airflow/example_dags/example_branch_python_dop_operator_3.py
[2024-10-06T04:27:54.079+0000] {processor.py:925} INFO - DAG(s) 'example_branch_dop_operator_v3' retrieved from /home/airflow/.local/lib/python3.12/site-packages/airflow/example_dags/example_branch_python_dop_operator_3.py
[2024-10-06T04:27:54.097+0000] {logging_mixin.py:190} INFO - [2024-10-06T04:27:54.097+0000] {dag.py:3239} INFO - Sync 1 DAGs
[2024-10-06T04:27:54.125+0000] {logging_mixin.py:190} INFO - [2024-10-06T04:27:54.125+0000] {dag.py:4180} INFO - Setting next_dagrun for example_branch_dop_operator_v3 to 2024-10-06 04:26:00+00:00, run_after=2024-10-06 04:27:00+00:00
[2024-10-06T04:27:54.150+0000] {processor.py:208} INFO - Processing /home/airflow/.local/lib/python3.12/site-packages/airflow/example_dags/example_branch_python_dop_operator_3.py took 0.085 seconds
[2024-10-06T04:28:24.224+0000] {processor.py:186} INFO - Started process (PID=467) to work on /home/airflow/.local/lib/python3.12/site-packages/airflow/example_dags/example_branch_python_dop_operator_3.py
[2024-10-06T04:28:24.224+0000] {processor.py:914} INFO - Processing file /home/airflow/.local/lib/python3.12/site-packages/airflow/example_dags/example_branch_python_dop_operator_3.py for tasks to queue
[2024-10-06T04:28:24.226+0000] {logging_mixin.py:190} INFO - [2024-10-06T04:28:24.226+0000] {dagbag.py:588} INFO - Filling up the DagBag from /home/airflow/.local/lib/python3.12/site-packages/airflow/example_dags/example_branch_python_dop_operator_3.py
[2024-10-06T04:28:24.234+0000] {processor.py:925} INFO - DAG(s) 'example_branch_dop_operator_v3' retrieved from /home/airflow/.local/lib/python3.12/site-packages/airflow/example_dags/example_branch_python_dop_operator_3.py
[2024-10-06T04:28:24.252+0000] {logging_mixin.py:190} INFO - [2024-10-06T04:28:24.252+0000] {dag.py:3239} INFO - Sync 1 DAGs
[2024-10-06T04:28:24.279+0000] {logging_mixin.py:190} INFO - [2024-10-06T04:28:24.278+0000] {dag.py:4180} INFO - Setting next_dagrun for example_branch_dop_operator_v3 to 2024-10-06 04:27:00+00:00, run_after=2024-10-06 04:28:00+00:00
[2024-10-06T04:28:24.300+0000] {processor.py:208} INFO - Processing /home/airflow/.local/lib/python3.12/site-packages/airflow/example_dags/example_branch_python_dop_operator_3.py took 0.080 seconds
[2024-10-06T04:28:54.628+0000] {processor.py:186} INFO - Started process (PID=530) to work on /home/airflow/.local/lib/python3.12/site-packages/airflow/example_dags/example_branch_python_dop_operator_3.py
[2024-10-06T04:28:54.628+0000] {processor.py:914} INFO - Processing file /home/airflow/.local/lib/python3.12/site-packages/airflow/example_dags/example_branch_python_dop_operator_3.py for tasks to queue
[2024-10-06T04:28:54.630+0000] {logging_mixin.py:190} INFO - [2024-10-06T04:28:54.630+0000] {dagbag.py:588} INFO - Filling up the DagBag from /home/airflow/.local/lib/python3.12/site-packages/airflow/example_dags/example_branch_python_dop_operator_3.py
[2024-10-06T04:28:54.641+0000] {processor.py:925} INFO - DAG(s) 'example_branch_dop_operator_v3' retrieved from /home/airflow/.local/lib/python3.12/site-packages/airflow/example_dags/example_branch_python_dop_operator_3.py
[2024-10-06T04:28:54.662+0000] {logging_mixin.py:190} INFO - [2024-10-06T04:28:54.662+0000] {dag.py:3239} INFO - Sync 1 DAGs
[2024-10-06T04:28:54.700+0000] {logging_mixin.py:190} INFO - [2024-10-06T04:28:54.699+0000] {dag.py:4180} INFO - Setting next_dagrun for example_branch_dop_operator_v3 to 2024-10-06 04:27:00+00:00, run_after=2024-10-06 04:28:00+00:00
[2024-10-06T04:28:54.726+0000] {processor.py:208} INFO - Processing /home/airflow/.local/lib/python3.12/site-packages/airflow/example_dags/example_branch_python_dop_operator_3.py took 0.105 seconds
[2024-10-06T04:29:24.827+0000] {processor.py:186} INFO - Started process (PID=591) to work on /home/airflow/.local/lib/python3.12/site-packages/airflow/example_dags/example_branch_python_dop_operator_3.py
[2024-10-06T04:29:24.828+0000] {processor.py:914} INFO - Processing file /home/airflow/.local/lib/python3.12/site-packages/airflow/example_dags/example_branch_python_dop_operator_3.py for tasks to queue
[2024-10-06T04:29:24.829+0000] {logging_mixin.py:190} INFO - [2024-10-06T04:29:24.829+0000] {dagbag.py:588} INFO - Filling up the DagBag from /home/airflow/.local/lib/python3.12/site-packages/airflow/example_dags/example_branch_python_dop_operator_3.py
[2024-10-06T04:29:24.837+0000] {processor.py:925} INFO - DAG(s) 'example_branch_dop_operator_v3' retrieved from /home/airflow/.local/lib/python3.12/site-packages/airflow/example_dags/example_branch_python_dop_operator_3.py
[2024-10-06T04:29:24.851+0000] {logging_mixin.py:190} INFO - [2024-10-06T04:29:24.851+0000] {dag.py:3239} INFO - Sync 1 DAGs
[2024-10-06T04:29:24.875+0000] {logging_mixin.py:190} INFO - [2024-10-06T04:29:24.875+0000] {dag.py:4180} INFO - Setting next_dagrun for example_branch_dop_operator_v3 to 2024-10-06 04:28:00+00:00, run_after=2024-10-06 04:29:00+00:00
[2024-10-06T04:29:24.891+0000] {processor.py:208} INFO - Processing /home/airflow/.local/lib/python3.12/site-packages/airflow/example_dags/example_branch_python_dop_operator_3.py took 0.069 seconds
[2024-10-06T04:29:55.000+0000] {processor.py:186} INFO - Started process (PID=653) to work on /home/airflow/.local/lib/python3.12/site-packages/airflow/example_dags/example_branch_python_dop_operator_3.py
[2024-10-06T04:29:55.001+0000] {processor.py:914} INFO - Processing file /home/airflow/.local/lib/python3.12/site-packages/airflow/example_dags/example_branch_python_dop_operator_3.py for tasks to queue
[2024-10-06T04:29:55.003+0000] {logging_mixin.py:190} INFO - [2024-10-06T04:29:55.003+0000] {dagbag.py:588} INFO - Filling up the DagBag from /home/airflow/.local/lib/python3.12/site-packages/airflow/example_dags/example_branch_python_dop_operator_3.py
[2024-10-06T04:29:55.012+0000] {processor.py:925} INFO - DAG(s) 'example_branch_dop_operator_v3' retrieved from /home/airflow/.local/lib/python3.12/site-packages/airflow/example_dags/example_branch_python_dop_operator_3.py
[2024-10-06T04:29:55.029+0000] {logging_mixin.py:190} INFO - [2024-10-06T04:29:55.029+0000] {dag.py:3239} INFO - Sync 1 DAGs
[2024-10-06T04:29:55.055+0000] {logging_mixin.py:190} INFO - [2024-10-06T04:29:55.054+0000] {dag.py:4180} INFO - Setting next_dagrun for example_branch_dop_operator_v3 to 2024-10-06 04:28:00+00:00, run_after=2024-10-06 04:29:00+00:00
[2024-10-06T04:29:55.072+0000] {processor.py:208} INFO - Processing /home/airflow/.local/lib/python3.12/site-packages/airflow/example_dags/example_branch_python_dop_operator_3.py took 0.078 seconds
[2024-10-06T04:30:25.153+0000] {processor.py:186} INFO - Started process (PID=716) to work on /home/airflow/.local/lib/python3.12/site-packages/airflow/example_dags/example_branch_python_dop_operator_3.py
[2024-10-06T04:30:25.153+0000] {processor.py:914} INFO - Processing file /home/airflow/.local/lib/python3.12/site-packages/airflow/example_dags/example_branch_python_dop_operator_3.py for tasks to queue
[2024-10-06T04:30:25.155+0000] {logging_mixin.py:190} INFO - [2024-10-06T04:30:25.155+0000] {dagbag.py:588} INFO - Filling up the DagBag from /home/airflow/.local/lib/python3.12/site-packages/airflow/example_dags/example_branch_python_dop_operator_3.py
[2024-10-06T04:30:25.163+0000] {processor.py:925} INFO - DAG(s) 'example_branch_dop_operator_v3' retrieved from /home/airflow/.local/lib/python3.12/site-packages/airflow/example_dags/example_branch_python_dop_operator_3.py
[2024-10-06T04:30:25.178+0000] {logging_mixin.py:190} INFO - [2024-10-06T04:30:25.178+0000] {dag.py:3239} INFO - Sync 1 DAGs
[2024-10-06T04:30:25.200+0000] {logging_mixin.py:190} INFO - [2024-10-06T04:30:25.200+0000] {dag.py:4180} INFO - Setting next_dagrun for example_branch_dop_operator_v3 to 2024-10-06 04:29:00+00:00, run_after=2024-10-06 04:30:00+00:00
[2024-10-06T04:30:25.220+0000] {processor.py:208} INFO - Processing /home/airflow/.local/lib/python3.12/site-packages/airflow/example_dags/example_branch_python_dop_operator_3.py took 0.072 seconds
[2024-10-06T04:30:55.448+0000] {processor.py:186} INFO - Started process (PID=779) to work on /home/airflow/.local/lib/python3.12/site-packages/airflow/example_dags/example_branch_python_dop_operator_3.py
[2024-10-06T04:30:55.449+0000] {processor.py:914} INFO - Processing file /home/airflow/.local/lib/python3.12/site-packages/airflow/example_dags/example_branch_python_dop_operator_3.py for tasks to queue
[2024-10-06T04:30:55.450+0000] {logging_mixin.py:190} INFO - [2024-10-06T04:30:55.450+0000] {dagbag.py:588} INFO - Filling up the DagBag from /home/airflow/.local/lib/python3.12/site-packages/airflow/example_dags/example_branch_python_dop_operator_3.py
[2024-10-06T04:30:55.458+0000] {processor.py:925} INFO - DAG(s) 'example_branch_dop_operator_v3' retrieved from /home/airflow/.local/lib/python3.12/site-packages/airflow/example_dags/example_branch_python_dop_operator_3.py
[2024-10-06T04:30:55.472+0000] {logging_mixin.py:190} INFO - [2024-10-06T04:30:55.472+0000] {dag.py:3239} INFO - Sync 1 DAGs
[2024-10-06T04:30:55.493+0000] {logging_mixin.py:190} INFO - [2024-10-06T04:30:55.493+0000] {dag.py:4180} INFO - Setting next_dagrun for example_branch_dop_operator_v3 to 2024-10-06 04:29:00+00:00, run_after=2024-10-06 04:30:00+00:00
[2024-10-06T04:30:55.521+0000] {processor.py:208} INFO - Processing /home/airflow/.local/lib/python3.12/site-packages/airflow/example_dags/example_branch_python_dop_operator_3.py took 0.077 seconds
[2024-10-06T04:31:25.718+0000] {processor.py:186} INFO - Started process (PID=842) to work on /home/airflow/.local/lib/python3.12/site-packages/airflow/example_dags/example_branch_python_dop_operator_3.py
[2024-10-06T04:31:25.718+0000] {processor.py:914} INFO - Processing file /home/airflow/.local/lib/python3.12/site-packages/airflow/example_dags/example_branch_python_dop_operator_3.py for tasks to queue
[2024-10-06T04:31:25.720+0000] {logging_mixin.py:190} INFO - [2024-10-06T04:31:25.720+0000] {dagbag.py:588} INFO - Filling up the DagBag from /home/airflow/.local/lib/python3.12/site-packages/airflow/example_dags/example_branch_python_dop_operator_3.py
[2024-10-06T04:31:25.728+0000] {processor.py:925} INFO - DAG(s) 'example_branch_dop_operator_v3' retrieved from /home/airflow/.local/lib/python3.12/site-packages/airflow/example_dags/example_branch_python_dop_operator_3.py
[2024-10-06T04:31:25.743+0000] {logging_mixin.py:190} INFO - [2024-10-06T04:31:25.742+0000] {dag.py:3239} INFO - Sync 1 DAGs
[2024-10-06T04:31:25.762+0000] {logging_mixin.py:190} INFO - [2024-10-06T04:31:25.762+0000] {dag.py:4180} INFO - Setting next_dagrun for example_branch_dop_operator_v3 to 2024-10-06 04:30:00+00:00, run_after=2024-10-06 04:31:00+00:00
[2024-10-06T04:31:25.789+0000] {processor.py:208} INFO - Processing /home/airflow/.local/lib/python3.12/site-packages/airflow/example_dags/example_branch_python_dop_operator_3.py took 0.076 seconds
[2024-10-06T04:31:55.969+0000] {processor.py:186} INFO - Started process (PID=905) to work on /home/airflow/.local/lib/python3.12/site-packages/airflow/example_dags/example_branch_python_dop_operator_3.py
[2024-10-06T04:31:55.970+0000] {processor.py:914} INFO - Processing file /home/airflow/.local/lib/python3.12/site-packages/airflow/example_dags/example_branch_python_dop_operator_3.py for tasks to queue
[2024-10-06T04:31:55.971+0000] {logging_mixin.py:190} INFO - [2024-10-06T04:31:55.971+0000] {dagbag.py:588} INFO - Filling up the DagBag from /home/airflow/.local/lib/python3.12/site-packages/airflow/example_dags/example_branch_python_dop_operator_3.py
[2024-10-06T04:31:55.979+0000] {processor.py:925} INFO - DAG(s) 'example_branch_dop_operator_v3' retrieved from /home/airflow/.local/lib/python3.12/site-packages/airflow/example_dags/example_branch_python_dop_operator_3.py
[2024-10-06T04:31:55.997+0000] {logging_mixin.py:190} INFO - [2024-10-06T04:31:55.997+0000] {dag.py:3239} INFO - Sync 1 DAGs
[2024-10-06T04:31:56.025+0000] {logging_mixin.py:190} INFO - [2024-10-06T04:31:56.025+0000] {dag.py:4180} INFO - Setting next_dagrun for example_branch_dop_operator_v3 to 2024-10-06 04:30:00+00:00, run_after=2024-10-06 04:31:00+00:00
[2024-10-06T04:31:56.047+0000] {processor.py:208} INFO - Processing /home/airflow/.local/lib/python3.12/site-packages/airflow/example_dags/example_branch_python_dop_operator_3.py took 0.082 seconds
[2024-10-06T04:32:26.114+0000] {processor.py:186} INFO - Started process (PID=967) to work on /home/airflow/.local/lib/python3.12/site-packages/airflow/example_dags/example_branch_python_dop_operator_3.py
[2024-10-06T04:32:26.115+0000] {processor.py:914} INFO - Processing file /home/airflow/.local/lib/python3.12/site-packages/airflow/example_dags/example_branch_python_dop_operator_3.py for tasks to queue
[2024-10-06T04:32:26.116+0000] {logging_mixin.py:190} INFO - [2024-10-06T04:32:26.116+0000] {dagbag.py:588} INFO - Filling up the DagBag from /home/airflow/.local/lib/python3.12/site-packages/airflow/example_dags/example_branch_python_dop_operator_3.py
[2024-10-06T04:32:26.125+0000] {processor.py:925} INFO - DAG(s) 'example_branch_dop_operator_v3' retrieved from /home/airflow/.local/lib/python3.12/site-packages/airflow/example_dags/example_branch_python_dop_operator_3.py
[2024-10-06T04:32:26.141+0000] {logging_mixin.py:190} INFO - [2024-10-06T04:32:26.141+0000] {dag.py:3239} INFO - Sync 1 DAGs
[2024-10-06T04:32:26.164+0000] {logging_mixin.py:190} INFO - [2024-10-06T04:32:26.164+0000] {dag.py:4180} INFO - Setting next_dagrun for example_branch_dop_operator_v3 to 2024-10-06 04:31:00+00:00, run_after=2024-10-06 04:32:00+00:00
[2024-10-06T04:32:26.192+0000] {processor.py:208} INFO - Processing /home/airflow/.local/lib/python3.12/site-packages/airflow/example_dags/example_branch_python_dop_operator_3.py took 0.084 seconds
[2024-10-06T04:32:56.333+0000] {processor.py:186} INFO - Started process (PID=1030) to work on /home/airflow/.local/lib/python3.12/site-packages/airflow/example_dags/example_branch_python_dop_operator_3.py
[2024-10-06T04:32:56.333+0000] {processor.py:914} INFO - Processing file /home/airflow/.local/lib/python3.12/site-packages/airflow/example_dags/example_branch_python_dop_operator_3.py for tasks to queue
[2024-10-06T04:32:56.335+0000] {logging_mixin.py:190} INFO - [2024-10-06T04:32:56.334+0000] {dagbag.py:588} INFO - Filling up the DagBag from /home/airflow/.local/lib/python3.12/site-packages/airflow/example_dags/example_branch_python_dop_operator_3.py
[2024-10-06T04:32:56.342+0000] {processor.py:925} INFO - DAG(s) 'example_branch_dop_operator_v3' retrieved from /home/airflow/.local/lib/python3.12/site-packages/airflow/example_dags/example_branch_python_dop_operator_3.py
[2024-10-06T04:32:56.358+0000] {logging_mixin.py:190} INFO - [2024-10-06T04:32:56.358+0000] {dag.py:3239} INFO - Sync 1 DAGs
[2024-10-06T04:32:56.380+0000] {logging_mixin.py:190} INFO - [2024-10-06T04:32:56.380+0000] {dag.py:4180} INFO - Setting next_dagrun for example_branch_dop_operator_v3 to 2024-10-06 04:31:00+00:00, run_after=2024-10-06 04:32:00+00:00
[2024-10-06T04:32:56.402+0000] {processor.py:208} INFO - Processing /home/airflow/.local/lib/python3.12/site-packages/airflow/example_dags/example_branch_python_dop_operator_3.py took 0.074 seconds
[2024-10-06T04:33:26.597+0000] {processor.py:186} INFO - Started process (PID=1093) to work on /home/airflow/.local/lib/python3.12/site-packages/airflow/example_dags/example_branch_python_dop_operator_3.py
[2024-10-06T04:33:26.598+0000] {processor.py:914} INFO - Processing file /home/airflow/.local/lib/python3.12/site-packages/airflow/example_dags/example_branch_python_dop_operator_3.py for tasks to queue
[2024-10-06T04:33:26.599+0000] {logging_mixin.py:190} INFO - [2024-10-06T04:33:26.599+0000] {dagbag.py:588} INFO - Filling up the DagBag from /home/airflow/.local/lib/python3.12/site-packages/airflow/example_dags/example_branch_python_dop_operator_3.py
[2024-10-06T04:33:26.607+0000] {processor.py:925} INFO - DAG(s) 'example_branch_dop_operator_v3' retrieved from /home/airflow/.local/lib/python3.12/site-packages/airflow/example_dags/example_branch_python_dop_operator_3.py
[2024-10-06T04:33:26.624+0000] {logging_mixin.py:190} INFO - [2024-10-06T04:33:26.624+0000] {dag.py:3239} INFO - Sync 1 DAGs
[2024-10-06T04:33:26.646+0000] {logging_mixin.py:190} INFO - [2024-10-06T04:33:26.645+0000] {dag.py:4180} INFO - Setting next_dagrun for example_branch_dop_operator_v3 to 2024-10-06 04:32:00+00:00, run_after=2024-10-06 04:33:00+00:00
[2024-10-06T04:33:26.664+0000] {processor.py:208} INFO - Processing /home/airflow/.local/lib/python3.12/site-packages/airflow/example_dags/example_branch_python_dop_operator_3.py took 0.072 seconds
[2024-10-06T04:33:56.912+0000] {processor.py:186} INFO - Started process (PID=1156) to work on /home/airflow/.local/lib/python3.12/site-packages/airflow/example_dags/example_branch_python_dop_operator_3.py
[2024-10-06T04:33:56.912+0000] {processor.py:914} INFO - Processing file /home/airflow/.local/lib/python3.12/site-packages/airflow/example_dags/example_branch_python_dop_operator_3.py for tasks to queue
[2024-10-06T04:33:56.914+0000] {logging_mixin.py:190} INFO - [2024-10-06T04:33:56.913+0000] {dagbag.py:588} INFO - Filling up the DagBag from /home/airflow/.local/lib/python3.12/site-packages/airflow/example_dags/example_branch_python_dop_operator_3.py
[2024-10-06T04:33:56.922+0000] {processor.py:925} INFO - DAG(s) 'example_branch_dop_operator_v3' retrieved from /home/airflow/.local/lib/python3.12/site-packages/airflow/example_dags/example_branch_python_dop_operator_3.py
[2024-10-06T04:33:56.936+0000] {logging_mixin.py:190} INFO - [2024-10-06T04:33:56.936+0000] {dag.py:3239} INFO - Sync 1 DAGs
[2024-10-06T04:33:56.956+0000] {logging_mixin.py:190} INFO - [2024-10-06T04:33:56.956+0000] {dag.py:4180} INFO - Setting next_dagrun for example_branch_dop_operator_v3 to 2024-10-06 04:32:00+00:00, run_after=2024-10-06 04:33:00+00:00
[2024-10-06T04:33:56.974+0000] {processor.py:208} INFO - Processing /home/airflow/.local/lib/python3.12/site-packages/airflow/example_dags/example_branch_python_dop_operator_3.py took 0.067 seconds
[2024-10-06T04:34:27.296+0000] {processor.py:186} INFO - Started process (PID=1219) to work on /home/airflow/.local/lib/python3.12/site-packages/airflow/example_dags/example_branch_python_dop_operator_3.py
[2024-10-06T04:34:27.296+0000] {processor.py:914} INFO - Processing file /home/airflow/.local/lib/python3.12/site-packages/airflow/example_dags/example_branch_python_dop_operator_3.py for tasks to queue
[2024-10-06T04:34:27.298+0000] {logging_mixin.py:190} INFO - [2024-10-06T04:34:27.298+0000] {dagbag.py:588} INFO - Filling up the DagBag from /home/airflow/.local/lib/python3.12/site-packages/airflow/example_dags/example_branch_python_dop_operator_3.py
[2024-10-06T04:34:27.309+0000] {processor.py:925} INFO - DAG(s) 'example_branch_dop_operator_v3' retrieved from /home/airflow/.local/lib/python3.12/site-packages/airflow/example_dags/example_branch_python_dop_operator_3.py
[2024-10-06T04:34:27.328+0000] {logging_mixin.py:190} INFO - [2024-10-06T04:34:27.328+0000] {dag.py:3239} INFO - Sync 1 DAGs
[2024-10-06T04:34:27.351+0000] {logging_mixin.py:190} INFO - [2024-10-06T04:34:27.351+0000] {dag.py:4180} INFO - Setting next_dagrun for example_branch_dop_operator_v3 to 2024-10-06 04:33:00+00:00, run_after=2024-10-06 04:34:00+00:00
[2024-10-06T04:34:27.373+0000] {processor.py:208} INFO - Processing /home/airflow/.local/lib/python3.12/site-packages/airflow/example_dags/example_branch_python_dop_operator_3.py took 0.084 seconds
[2024-10-06T04:34:57.685+0000] {processor.py:186} INFO - Started process (PID=1282) to work on /home/airflow/.local/lib/python3.12/site-packages/airflow/example_dags/example_branch_python_dop_operator_3.py
[2024-10-06T04:34:57.686+0000] {processor.py:914} INFO - Processing file /home/airflow/.local/lib/python3.12/site-packages/airflow/example_dags/example_branch_python_dop_operator_3.py for tasks to queue
[2024-10-06T04:34:57.688+0000] {logging_mixin.py:190} INFO - [2024-10-06T04:34:57.688+0000] {dagbag.py:588} INFO - Filling up the DagBag from /home/airflow/.local/lib/python3.12/site-packages/airflow/example_dags/example_branch_python_dop_operator_3.py
[2024-10-06T04:34:57.698+0000] {processor.py:925} INFO - DAG(s) 'example_branch_dop_operator_v3' retrieved from /home/airflow/.local/lib/python3.12/site-packages/airflow/example_dags/example_branch_python_dop_operator_3.py
[2024-10-06T04:34:57.718+0000] {logging_mixin.py:190} INFO - [2024-10-06T04:34:57.717+0000] {dag.py:3239} INFO - Sync 1 DAGs
[2024-10-06T04:34:57.745+0000] {logging_mixin.py:190} INFO - [2024-10-06T04:34:57.745+0000] {dag.py:4180} INFO - Setting next_dagrun for example_branch_dop_operator_v3 to 2024-10-06 04:33:00+00:00, run_after=2024-10-06 04:34:00+00:00
[2024-10-06T04:34:57.766+0000] {processor.py:208} INFO - Processing /home/airflow/.local/lib/python3.12/site-packages/airflow/example_dags/example_branch_python_dop_operator_3.py took 0.087 seconds
[2024-10-06T04:35:27.969+0000] {processor.py:186} INFO - Started process (PID=1345) to work on /home/airflow/.local/lib/python3.12/site-packages/airflow/example_dags/example_branch_python_dop_operator_3.py
[2024-10-06T04:35:27.969+0000] {processor.py:914} INFO - Processing file /home/airflow/.local/lib/python3.12/site-packages/airflow/example_dags/example_branch_python_dop_operator_3.py for tasks to queue
[2024-10-06T04:35:27.971+0000] {logging_mixin.py:190} INFO - [2024-10-06T04:35:27.970+0000] {dagbag.py:588} INFO - Filling up the DagBag from /home/airflow/.local/lib/python3.12/site-packages/airflow/example_dags/example_branch_python_dop_operator_3.py
[2024-10-06T04:35:27.978+0000] {processor.py:925} INFO - DAG(s) 'example_branch_dop_operator_v3' retrieved from /home/airflow/.local/lib/python3.12/site-packages/airflow/example_dags/example_branch_python_dop_operator_3.py
[2024-10-06T04:35:27.993+0000] {logging_mixin.py:190} INFO - [2024-10-06T04:35:27.992+0000] {dag.py:3239} INFO - Sync 1 DAGs
[2024-10-06T04:35:28.012+0000] {logging_mixin.py:190} INFO - [2024-10-06T04:35:28.012+0000] {dag.py:4180} INFO - Setting next_dagrun for example_branch_dop_operator_v3 to 2024-10-06 04:34:00+00:00, run_after=2024-10-06 04:35:00+00:00
[2024-10-06T04:35:28.029+0000] {processor.py:208} INFO - Processing /home/airflow/.local/lib/python3.12/site-packages/airflow/example_dags/example_branch_python_dop_operator_3.py took 0.065 seconds
[2024-10-06T04:35:58.338+0000] {processor.py:186} INFO - Started process (PID=1408) to work on /home/airflow/.local/lib/python3.12/site-packages/airflow/example_dags/example_branch_python_dop_operator_3.py
[2024-10-06T04:35:58.339+0000] {processor.py:914} INFO - Processing file /home/airflow/.local/lib/python3.12/site-packages/airflow/example_dags/example_branch_python_dop_operator_3.py for tasks to queue
[2024-10-06T04:35:58.340+0000] {logging_mixin.py:190} INFO - [2024-10-06T04:35:58.340+0000] {dagbag.py:588} INFO - Filling up the DagBag from /home/airflow/.local/lib/python3.12/site-packages/airflow/example_dags/example_branch_python_dop_operator_3.py
[2024-10-06T04:35:58.348+0000] {processor.py:925} INFO - DAG(s) 'example_branch_dop_operator_v3' retrieved from /home/airflow/.local/lib/python3.12/site-packages/airflow/example_dags/example_branch_python_dop_operator_3.py
[2024-10-06T04:35:58.361+0000] {logging_mixin.py:190} INFO - [2024-10-06T04:35:58.361+0000] {dag.py:3239} INFO - Sync 1 DAGs
[2024-10-06T04:35:58.389+0000] {logging_mixin.py:190} INFO - [2024-10-06T04:35:58.389+0000] {dag.py:4180} INFO - Setting next_dagrun for example_branch_dop_operator_v3 to 2024-10-06 04:34:00+00:00, run_after=2024-10-06 04:35:00+00:00
[2024-10-06T04:35:58.410+0000] {processor.py:208} INFO - Processing /home/airflow/.local/lib/python3.12/site-packages/airflow/example_dags/example_branch_python_dop_operator_3.py took 0.076 seconds
[2024-10-06T04:36:28.466+0000] {processor.py:186} INFO - Started process (PID=1472) to work on /home/airflow/.local/lib/python3.12/site-packages/airflow/example_dags/example_branch_python_dop_operator_3.py
[2024-10-06T04:36:28.467+0000] {processor.py:914} INFO - Processing file /home/airflow/.local/lib/python3.12/site-packages/airflow/example_dags/example_branch_python_dop_operator_3.py for tasks to queue
[2024-10-06T04:36:28.468+0000] {logging_mixin.py:190} INFO - [2024-10-06T04:36:28.468+0000] {dagbag.py:588} INFO - Filling up the DagBag from /home/airflow/.local/lib/python3.12/site-packages/airflow/example_dags/example_branch_python_dop_operator_3.py
[2024-10-06T04:36:28.476+0000] {processor.py:925} INFO - DAG(s) 'example_branch_dop_operator_v3' retrieved from /home/airflow/.local/lib/python3.12/site-packages/airflow/example_dags/example_branch_python_dop_operator_3.py
[2024-10-06T04:36:28.492+0000] {logging_mixin.py:190} INFO - [2024-10-06T04:36:28.492+0000] {dag.py:3239} INFO - Sync 1 DAGs
[2024-10-06T04:36:28.514+0000] {logging_mixin.py:190} INFO - [2024-10-06T04:36:28.514+0000] {dag.py:4180} INFO - Setting next_dagrun for example_branch_dop_operator_v3 to 2024-10-06 04:35:00+00:00, run_after=2024-10-06 04:36:00+00:00
[2024-10-06T04:36:28.539+0000] {processor.py:208} INFO - Processing /home/airflow/.local/lib/python3.12/site-packages/airflow/example_dags/example_branch_python_dop_operator_3.py took 0.077 seconds
[2024-10-06T04:36:58.828+0000] {processor.py:186} INFO - Started process (PID=1537) to work on /home/airflow/.local/lib/python3.12/site-packages/airflow/example_dags/example_branch_python_dop_operator_3.py
[2024-10-06T04:36:58.829+0000] {processor.py:914} INFO - Processing file /home/airflow/.local/lib/python3.12/site-packages/airflow/example_dags/example_branch_python_dop_operator_3.py for tasks to queue
[2024-10-06T04:36:58.831+0000] {logging_mixin.py:190} INFO - [2024-10-06T04:36:58.830+0000] {dagbag.py:588} INFO - Filling up the DagBag from /home/airflow/.local/lib/python3.12/site-packages/airflow/example_dags/example_branch_python_dop_operator_3.py
[2024-10-06T04:36:58.838+0000] {processor.py:925} INFO - DAG(s) 'example_branch_dop_operator_v3' retrieved from /home/airflow/.local/lib/python3.12/site-packages/airflow/example_dags/example_branch_python_dop_operator_3.py
[2024-10-06T04:36:58.856+0000] {logging_mixin.py:190} INFO - [2024-10-06T04:36:58.856+0000] {dag.py:3239} INFO - Sync 1 DAGs
[2024-10-06T04:36:58.884+0000] {logging_mixin.py:190} INFO - [2024-10-06T04:36:58.884+0000] {dag.py:4180} INFO - Setting next_dagrun for example_branch_dop_operator_v3 to 2024-10-06 04:35:00+00:00, run_after=2024-10-06 04:36:00+00:00
[2024-10-06T04:36:58.905+0000] {processor.py:208} INFO - Processing /home/airflow/.local/lib/python3.12/site-packages/airflow/example_dags/example_branch_python_dop_operator_3.py took 0.081 seconds
[2024-10-06T04:37:29.385+0000] {processor.py:186} INFO - Started process (PID=1600) to work on /home/airflow/.local/lib/python3.12/site-packages/airflow/example_dags/example_branch_python_dop_operator_3.py
[2024-10-06T04:37:29.385+0000] {processor.py:914} INFO - Processing file /home/airflow/.local/lib/python3.12/site-packages/airflow/example_dags/example_branch_python_dop_operator_3.py for tasks to queue
[2024-10-06T04:37:29.387+0000] {logging_mixin.py:190} INFO - [2024-10-06T04:37:29.386+0000] {dagbag.py:588} INFO - Filling up the DagBag from /home/airflow/.local/lib/python3.12/site-packages/airflow/example_dags/example_branch_python_dop_operator_3.py
[2024-10-06T04:37:29.395+0000] {processor.py:925} INFO - DAG(s) 'example_branch_dop_operator_v3' retrieved from /home/airflow/.local/lib/python3.12/site-packages/airflow/example_dags/example_branch_python_dop_operator_3.py
[2024-10-06T04:37:29.412+0000] {logging_mixin.py:190} INFO - [2024-10-06T04:37:29.412+0000] {dag.py:3239} INFO - Sync 1 DAGs
[2024-10-06T04:37:29.439+0000] {logging_mixin.py:190} INFO - [2024-10-06T04:37:29.439+0000] {dag.py:4180} INFO - Setting next_dagrun for example_branch_dop_operator_v3 to 2024-10-06 04:36:00+00:00, run_after=2024-10-06 04:37:00+00:00
[2024-10-06T04:37:29.459+0000] {processor.py:208} INFO - Processing /home/airflow/.local/lib/python3.12/site-packages/airflow/example_dags/example_branch_python_dop_operator_3.py took 0.079 seconds
[2024-10-06T04:37:59.580+0000] {processor.py:186} INFO - Started process (PID=1662) to work on /home/airflow/.local/lib/python3.12/site-packages/airflow/example_dags/example_branch_python_dop_operator_3.py
[2024-10-06T04:37:59.581+0000] {processor.py:914} INFO - Processing file /home/airflow/.local/lib/python3.12/site-packages/airflow/example_dags/example_branch_python_dop_operator_3.py for tasks to queue
[2024-10-06T04:37:59.582+0000] {logging_mixin.py:190} INFO - [2024-10-06T04:37:59.582+0000] {dagbag.py:588} INFO - Filling up the DagBag from /home/airflow/.local/lib/python3.12/site-packages/airflow/example_dags/example_branch_python_dop_operator_3.py
[2024-10-06T04:37:59.590+0000] {processor.py:925} INFO - DAG(s) 'example_branch_dop_operator_v3' retrieved from /home/airflow/.local/lib/python3.12/site-packages/airflow/example_dags/example_branch_python_dop_operator_3.py
[2024-10-06T04:37:59.609+0000] {logging_mixin.py:190} INFO - [2024-10-06T04:37:59.608+0000] {dag.py:3239} INFO - Sync 1 DAGs
[2024-10-06T04:37:59.637+0000] {logging_mixin.py:190} INFO - [2024-10-06T04:37:59.637+0000] {dag.py:4180} INFO - Setting next_dagrun for example_branch_dop_operator_v3 to 2024-10-06 04:36:00+00:00, run_after=2024-10-06 04:37:00+00:00
[2024-10-06T04:37:59.661+0000] {processor.py:208} INFO - Processing /home/airflow/.local/lib/python3.12/site-packages/airflow/example_dags/example_branch_python_dop_operator_3.py took 0.086 seconds
[2024-10-06T04:38:30.053+0000] {processor.py:186} INFO - Started process (PID=1725) to work on /home/airflow/.local/lib/python3.12/site-packages/airflow/example_dags/example_branch_python_dop_operator_3.py
[2024-10-06T04:38:30.054+0000] {processor.py:914} INFO - Processing file /home/airflow/.local/lib/python3.12/site-packages/airflow/example_dags/example_branch_python_dop_operator_3.py for tasks to queue
[2024-10-06T04:38:30.054+0000] {logging_mixin.py:190} INFO - [2024-10-06T04:38:30.054+0000] {dagbag.py:588} INFO - Filling up the DagBag from /home/airflow/.local/lib/python3.12/site-packages/airflow/example_dags/example_branch_python_dop_operator_3.py
[2024-10-06T04:38:30.062+0000] {processor.py:925} INFO - DAG(s) 'example_branch_dop_operator_v3' retrieved from /home/airflow/.local/lib/python3.12/site-packages/airflow/example_dags/example_branch_python_dop_operator_3.py
[2024-10-06T04:38:30.080+0000] {logging_mixin.py:190} INFO - [2024-10-06T04:38:30.080+0000] {dag.py:3239} INFO - Sync 1 DAGs
[2024-10-06T04:38:30.104+0000] {logging_mixin.py:190} INFO - [2024-10-06T04:38:30.104+0000] {dag.py:4180} INFO - Setting next_dagrun for example_branch_dop_operator_v3 to 2024-10-06 04:37:00+00:00, run_after=2024-10-06 04:38:00+00:00
[2024-10-06T04:38:30.132+0000] {processor.py:208} INFO - Processing /home/airflow/.local/lib/python3.12/site-packages/airflow/example_dags/example_branch_python_dop_operator_3.py took 0.083 seconds
[2024-10-06T04:39:00.194+0000] {processor.py:186} INFO - Started process (PID=1788) to work on /home/airflow/.local/lib/python3.12/site-packages/airflow/example_dags/example_branch_python_dop_operator_3.py
[2024-10-06T04:39:00.194+0000] {processor.py:914} INFO - Processing file /home/airflow/.local/lib/python3.12/site-packages/airflow/example_dags/example_branch_python_dop_operator_3.py for tasks to queue
[2024-10-06T04:39:00.195+0000] {logging_mixin.py:190} INFO - [2024-10-06T04:39:00.195+0000] {dagbag.py:588} INFO - Filling up the DagBag from /home/airflow/.local/lib/python3.12/site-packages/airflow/example_dags/example_branch_python_dop_operator_3.py
[2024-10-06T04:39:00.203+0000] {processor.py:925} INFO - DAG(s) 'example_branch_dop_operator_v3' retrieved from /home/airflow/.local/lib/python3.12/site-packages/airflow/example_dags/example_branch_python_dop_operator_3.py
[2024-10-06T04:39:00.218+0000] {logging_mixin.py:190} INFO - [2024-10-06T04:39:00.217+0000] {dag.py:3239} INFO - Sync 1 DAGs
[2024-10-06T04:39:00.239+0000] {logging_mixin.py:190} INFO - [2024-10-06T04:39:00.239+0000] {dag.py:4180} INFO - Setting next_dagrun for example_branch_dop_operator_v3 to 2024-10-06 04:38:00+00:00, run_after=2024-10-06 04:39:00+00:00
[2024-10-06T04:39:00.265+0000] {processor.py:208} INFO - Processing /home/airflow/.local/lib/python3.12/site-packages/airflow/example_dags/example_branch_python_dop_operator_3.py took 0.076 seconds
[2024-10-06T04:39:30.499+0000] {processor.py:186} INFO - Started process (PID=1851) to work on /home/airflow/.local/lib/python3.12/site-packages/airflow/example_dags/example_branch_python_dop_operator_3.py
[2024-10-06T04:39:30.500+0000] {processor.py:914} INFO - Processing file /home/airflow/.local/lib/python3.12/site-packages/airflow/example_dags/example_branch_python_dop_operator_3.py for tasks to queue
[2024-10-06T04:39:30.500+0000] {logging_mixin.py:190} INFO - [2024-10-06T04:39:30.500+0000] {dagbag.py:588} INFO - Filling up the DagBag from /home/airflow/.local/lib/python3.12/site-packages/airflow/example_dags/example_branch_python_dop_operator_3.py
[2024-10-06T04:39:30.509+0000] {processor.py:925} INFO - DAG(s) 'example_branch_dop_operator_v3' retrieved from /home/airflow/.local/lib/python3.12/site-packages/airflow/example_dags/example_branch_python_dop_operator_3.py
[2024-10-06T04:39:30.527+0000] {logging_mixin.py:190} INFO - [2024-10-06T04:39:30.527+0000] {dag.py:3239} INFO - Sync 1 DAGs
[2024-10-06T04:39:30.553+0000] {logging_mixin.py:190} INFO - [2024-10-06T04:39:30.553+0000] {dag.py:4180} INFO - Setting next_dagrun for example_branch_dop_operator_v3 to 2024-10-06 04:38:00+00:00, run_after=2024-10-06 04:39:00+00:00
[2024-10-06T04:39:30.572+0000] {processor.py:208} INFO - Processing /home/airflow/.local/lib/python3.12/site-packages/airflow/example_dags/example_branch_python_dop_operator_3.py took 0.078 seconds
[2024-10-06T04:40:00.628+0000] {processor.py:186} INFO - Started process (PID=1914) to work on /home/airflow/.local/lib/python3.12/site-packages/airflow/example_dags/example_branch_python_dop_operator_3.py
[2024-10-06T04:40:00.628+0000] {processor.py:914} INFO - Processing file /home/airflow/.local/lib/python3.12/site-packages/airflow/example_dags/example_branch_python_dop_operator_3.py for tasks to queue
[2024-10-06T04:40:00.629+0000] {logging_mixin.py:190} INFO - [2024-10-06T04:40:00.629+0000] {dagbag.py:588} INFO - Filling up the DagBag from /home/airflow/.local/lib/python3.12/site-packages/airflow/example_dags/example_branch_python_dop_operator_3.py
[2024-10-06T04:40:00.637+0000] {processor.py:925} INFO - DAG(s) 'example_branch_dop_operator_v3' retrieved from /home/airflow/.local/lib/python3.12/site-packages/airflow/example_dags/example_branch_python_dop_operator_3.py
[2024-10-06T04:40:00.655+0000] {logging_mixin.py:190} INFO - [2024-10-06T04:40:00.655+0000] {dag.py:3239} INFO - Sync 1 DAGs
[2024-10-06T04:40:00.683+0000] {logging_mixin.py:190} INFO - [2024-10-06T04:40:00.683+0000] {dag.py:4180} INFO - Setting next_dagrun for example_branch_dop_operator_v3 to 2024-10-06 04:39:00+00:00, run_after=2024-10-06 04:40:00+00:00
[2024-10-06T04:40:00.705+0000] {processor.py:208} INFO - Processing /home/airflow/.local/lib/python3.12/site-packages/airflow/example_dags/example_branch_python_dop_operator_3.py took 0.081 seconds
[2024-10-06T04:40:30.915+0000] {processor.py:186} INFO - Started process (PID=1978) to work on /home/airflow/.local/lib/python3.12/site-packages/airflow/example_dags/example_branch_python_dop_operator_3.py
[2024-10-06T04:40:30.915+0000] {processor.py:914} INFO - Processing file /home/airflow/.local/lib/python3.12/site-packages/airflow/example_dags/example_branch_python_dop_operator_3.py for tasks to queue
[2024-10-06T04:40:30.916+0000] {logging_mixin.py:190} INFO - [2024-10-06T04:40:30.916+0000] {dagbag.py:588} INFO - Filling up the DagBag from /home/airflow/.local/lib/python3.12/site-packages/airflow/example_dags/example_branch_python_dop_operator_3.py
[2024-10-06T04:40:30.924+0000] {processor.py:925} INFO - DAG(s) 'example_branch_dop_operator_v3' retrieved from /home/airflow/.local/lib/python3.12/site-packages/airflow/example_dags/example_branch_python_dop_operator_3.py
[2024-10-06T04:40:30.938+0000] {logging_mixin.py:190} INFO - [2024-10-06T04:40:30.938+0000] {dag.py:3239} INFO - Sync 1 DAGs
[2024-10-06T04:40:30.958+0000] {logging_mixin.py:190} INFO - [2024-10-06T04:40:30.958+0000] {dag.py:4180} INFO - Setting next_dagrun for example_branch_dop_operator_v3 to 2024-10-06 04:39:00+00:00, run_after=2024-10-06 04:40:00+00:00
[2024-10-06T04:40:30.977+0000] {processor.py:208} INFO - Processing /home/airflow/.local/lib/python3.12/site-packages/airflow/example_dags/example_branch_python_dop_operator_3.py took 0.066 seconds
[2024-10-06T04:41:01.494+0000] {processor.py:186} INFO - Started process (PID=2040) to work on /home/airflow/.local/lib/python3.12/site-packages/airflow/example_dags/example_branch_python_dop_operator_3.py
[2024-10-06T04:41:01.494+0000] {processor.py:914} INFO - Processing file /home/airflow/.local/lib/python3.12/site-packages/airflow/example_dags/example_branch_python_dop_operator_3.py for tasks to queue
[2024-10-06T04:41:01.495+0000] {logging_mixin.py:190} INFO - [2024-10-06T04:41:01.495+0000] {dagbag.py:588} INFO - Filling up the DagBag from /home/airflow/.local/lib/python3.12/site-packages/airflow/example_dags/example_branch_python_dop_operator_3.py
[2024-10-06T04:41:01.503+0000] {processor.py:925} INFO - DAG(s) 'example_branch_dop_operator_v3' retrieved from /home/airflow/.local/lib/python3.12/site-packages/airflow/example_dags/example_branch_python_dop_operator_3.py
[2024-10-06T04:41:01.518+0000] {logging_mixin.py:190} INFO - [2024-10-06T04:41:01.518+0000] {dag.py:3239} INFO - Sync 1 DAGs
[2024-10-06T04:41:01.539+0000] {logging_mixin.py:190} INFO - [2024-10-06T04:41:01.538+0000] {dag.py:4180} INFO - Setting next_dagrun for example_branch_dop_operator_v3 to 2024-10-06 04:40:00+00:00, run_after=2024-10-06 04:41:00+00:00
[2024-10-06T04:41:01.557+0000] {processor.py:208} INFO - Processing /home/airflow/.local/lib/python3.12/site-packages/airflow/example_dags/example_branch_python_dop_operator_3.py took 0.068 seconds
[2024-10-06T04:41:32.454+0000] {processor.py:186} INFO - Started process (PID=2103) to work on /home/airflow/.local/lib/python3.12/site-packages/airflow/example_dags/example_branch_python_dop_operator_3.py
[2024-10-06T04:41:32.455+0000] {processor.py:914} INFO - Processing file /home/airflow/.local/lib/python3.12/site-packages/airflow/example_dags/example_branch_python_dop_operator_3.py for tasks to queue
[2024-10-06T04:41:32.456+0000] {logging_mixin.py:190} INFO - [2024-10-06T04:41:32.456+0000] {dagbag.py:588} INFO - Filling up the DagBag from /home/airflow/.local/lib/python3.12/site-packages/airflow/example_dags/example_branch_python_dop_operator_3.py
[2024-10-06T04:41:32.466+0000] {processor.py:925} INFO - DAG(s) 'example_branch_dop_operator_v3' retrieved from /home/airflow/.local/lib/python3.12/site-packages/airflow/example_dags/example_branch_python_dop_operator_3.py
[2024-10-06T04:41:32.486+0000] {logging_mixin.py:190} INFO - [2024-10-06T04:41:32.486+0000] {dag.py:3239} INFO - Sync 1 DAGs
[2024-10-06T04:41:32.506+0000] {logging_mixin.py:190} INFO - [2024-10-06T04:41:32.506+0000] {dag.py:4180} INFO - Setting next_dagrun for example_branch_dop_operator_v3 to 2024-10-06 04:40:00+00:00, run_after=2024-10-06 04:41:00+00:00
[2024-10-06T04:41:32.528+0000] {processor.py:208} INFO - Processing /home/airflow/.local/lib/python3.12/site-packages/airflow/example_dags/example_branch_python_dop_operator_3.py took 0.079 seconds
[2024-10-06T04:42:03.111+0000] {processor.py:186} INFO - Started process (PID=2167) to work on /home/airflow/.local/lib/python3.12/site-packages/airflow/example_dags/example_branch_python_dop_operator_3.py
[2024-10-06T04:42:03.112+0000] {processor.py:914} INFO - Processing file /home/airflow/.local/lib/python3.12/site-packages/airflow/example_dags/example_branch_python_dop_operator_3.py for tasks to queue
[2024-10-06T04:42:03.115+0000] {logging_mixin.py:190} INFO - [2024-10-06T04:42:03.115+0000] {dagbag.py:588} INFO - Filling up the DagBag from /home/airflow/.local/lib/python3.12/site-packages/airflow/example_dags/example_branch_python_dop_operator_3.py
[2024-10-06T04:42:03.131+0000] {processor.py:925} INFO - DAG(s) 'example_branch_dop_operator_v3' retrieved from /home/airflow/.local/lib/python3.12/site-packages/airflow/example_dags/example_branch_python_dop_operator_3.py
[2024-10-06T04:42:03.155+0000] {logging_mixin.py:190} INFO - [2024-10-06T04:42:03.155+0000] {dag.py:3239} INFO - Sync 1 DAGs
[2024-10-06T04:42:03.189+0000] {logging_mixin.py:190} INFO - [2024-10-06T04:42:03.189+0000] {dag.py:4180} INFO - Setting next_dagrun for example_branch_dop_operator_v3 to 2024-10-06 04:41:00+00:00, run_after=2024-10-06 04:42:00+00:00
[2024-10-06T04:42:03.212+0000] {processor.py:208} INFO - Processing /home/airflow/.local/lib/python3.12/site-packages/airflow/example_dags/example_branch_python_dop_operator_3.py took 0.111 seconds
[2024-10-06T04:42:33.809+0000] {processor.py:186} INFO - Started process (PID=2230) to work on /home/airflow/.local/lib/python3.12/site-packages/airflow/example_dags/example_branch_python_dop_operator_3.py
[2024-10-06T04:42:33.810+0000] {processor.py:914} INFO - Processing file /home/airflow/.local/lib/python3.12/site-packages/airflow/example_dags/example_branch_python_dop_operator_3.py for tasks to queue
[2024-10-06T04:42:33.811+0000] {logging_mixin.py:190} INFO - [2024-10-06T04:42:33.811+0000] {dagbag.py:588} INFO - Filling up the DagBag from /home/airflow/.local/lib/python3.12/site-packages/airflow/example_dags/example_branch_python_dop_operator_3.py
[2024-10-06T04:42:33.820+0000] {processor.py:925} INFO - DAG(s) 'example_branch_dop_operator_v3' retrieved from /home/airflow/.local/lib/python3.12/site-packages/airflow/example_dags/example_branch_python_dop_operator_3.py
[2024-10-06T04:42:33.839+0000] {logging_mixin.py:190} INFO - [2024-10-06T04:42:33.839+0000] {dag.py:3239} INFO - Sync 1 DAGs
[2024-10-06T04:42:33.866+0000] {logging_mixin.py:190} INFO - [2024-10-06T04:42:33.866+0000] {dag.py:4180} INFO - Setting next_dagrun for example_branch_dop_operator_v3 to 2024-10-06 04:41:00+00:00, run_after=2024-10-06 04:42:00+00:00
[2024-10-06T04:42:33.886+0000] {processor.py:208} INFO - Processing /home/airflow/.local/lib/python3.12/site-packages/airflow/example_dags/example_branch_python_dop_operator_3.py took 0.083 seconds
[2024-10-06T04:43:04.518+0000] {processor.py:186} INFO - Started process (PID=2293) to work on /home/airflow/.local/lib/python3.12/site-packages/airflow/example_dags/example_branch_python_dop_operator_3.py
[2024-10-06T04:43:04.519+0000] {processor.py:914} INFO - Processing file /home/airflow/.local/lib/python3.12/site-packages/airflow/example_dags/example_branch_python_dop_operator_3.py for tasks to queue
[2024-10-06T04:43:04.520+0000] {logging_mixin.py:190} INFO - [2024-10-06T04:43:04.519+0000] {dagbag.py:588} INFO - Filling up the DagBag from /home/airflow/.local/lib/python3.12/site-packages/airflow/example_dags/example_branch_python_dop_operator_3.py
[2024-10-06T04:43:04.528+0000] {processor.py:925} INFO - DAG(s) 'example_branch_dop_operator_v3' retrieved from /home/airflow/.local/lib/python3.12/site-packages/airflow/example_dags/example_branch_python_dop_operator_3.py
[2024-10-06T04:43:04.542+0000] {logging_mixin.py:190} INFO - [2024-10-06T04:43:04.542+0000] {dag.py:3239} INFO - Sync 1 DAGs
[2024-10-06T04:43:04.565+0000] {logging_mixin.py:190} INFO - [2024-10-06T04:43:04.565+0000] {dag.py:4180} INFO - Setting next_dagrun for example_branch_dop_operator_v3 to 2024-10-06 04:42:00+00:00, run_after=2024-10-06 04:43:00+00:00
[2024-10-06T04:43:04.581+0000] {processor.py:208} INFO - Processing /home/airflow/.local/lib/python3.12/site-packages/airflow/example_dags/example_branch_python_dop_operator_3.py took 0.068 seconds
[2024-10-06T04:43:35.453+0000] {processor.py:186} INFO - Started process (PID=2356) to work on /home/airflow/.local/lib/python3.12/site-packages/airflow/example_dags/example_branch_python_dop_operator_3.py
[2024-10-06T04:43:35.454+0000] {processor.py:914} INFO - Processing file /home/airflow/.local/lib/python3.12/site-packages/airflow/example_dags/example_branch_python_dop_operator_3.py for tasks to queue
[2024-10-06T04:43:35.455+0000] {logging_mixin.py:190} INFO - [2024-10-06T04:43:35.455+0000] {dagbag.py:588} INFO - Filling up the DagBag from /home/airflow/.local/lib/python3.12/site-packages/airflow/example_dags/example_branch_python_dop_operator_3.py
[2024-10-06T04:43:35.463+0000] {processor.py:925} INFO - DAG(s) 'example_branch_dop_operator_v3' retrieved from /home/airflow/.local/lib/python3.12/site-packages/airflow/example_dags/example_branch_python_dop_operator_3.py
[2024-10-06T04:43:35.480+0000] {logging_mixin.py:190} INFO - [2024-10-06T04:43:35.480+0000] {dag.py:3239} INFO - Sync 1 DAGs
[2024-10-06T04:43:35.507+0000] {logging_mixin.py:190} INFO - [2024-10-06T04:43:35.507+0000] {dag.py:4180} INFO - Setting next_dagrun for example_branch_dop_operator_v3 to 2024-10-06 04:42:00+00:00, run_after=2024-10-06 04:43:00+00:00
[2024-10-06T04:43:35.526+0000] {processor.py:208} INFO - Processing /home/airflow/.local/lib/python3.12/site-packages/airflow/example_dags/example_branch_python_dop_operator_3.py took 0.078 seconds
[2024-10-06T04:44:05.903+0000] {processor.py:186} INFO - Started process (PID=2420) to work on /home/airflow/.local/lib/python3.12/site-packages/airflow/example_dags/example_branch_python_dop_operator_3.py
[2024-10-06T04:44:05.903+0000] {processor.py:914} INFO - Processing file /home/airflow/.local/lib/python3.12/site-packages/airflow/example_dags/example_branch_python_dop_operator_3.py for tasks to queue
[2024-10-06T04:44:05.904+0000] {logging_mixin.py:190} INFO - [2024-10-06T04:44:05.904+0000] {dagbag.py:588} INFO - Filling up the DagBag from /home/airflow/.local/lib/python3.12/site-packages/airflow/example_dags/example_branch_python_dop_operator_3.py
[2024-10-06T04:44:05.912+0000] {processor.py:925} INFO - DAG(s) 'example_branch_dop_operator_v3' retrieved from /home/airflow/.local/lib/python3.12/site-packages/airflow/example_dags/example_branch_python_dop_operator_3.py
[2024-10-06T04:44:05.930+0000] {logging_mixin.py:190} INFO - [2024-10-06T04:44:05.930+0000] {dag.py:3239} INFO - Sync 1 DAGs
[2024-10-06T04:44:05.958+0000] {logging_mixin.py:190} INFO - [2024-10-06T04:44:05.958+0000] {dag.py:4180} INFO - Setting next_dagrun for example_branch_dop_operator_v3 to 2024-10-06 04:43:00+00:00, run_after=2024-10-06 04:44:00+00:00
[2024-10-06T04:44:05.978+0000] {processor.py:208} INFO - Processing /home/airflow/.local/lib/python3.12/site-packages/airflow/example_dags/example_branch_python_dop_operator_3.py took 0.079 seconds
[2024-10-06T04:44:36.578+0000] {processor.py:186} INFO - Started process (PID=2484) to work on /home/airflow/.local/lib/python3.12/site-packages/airflow/example_dags/example_branch_python_dop_operator_3.py
[2024-10-06T04:44:36.579+0000] {processor.py:914} INFO - Processing file /home/airflow/.local/lib/python3.12/site-packages/airflow/example_dags/example_branch_python_dop_operator_3.py for tasks to queue
[2024-10-06T04:44:36.580+0000] {logging_mixin.py:190} INFO - [2024-10-06T04:44:36.580+0000] {dagbag.py:588} INFO - Filling up the DagBag from /home/airflow/.local/lib/python3.12/site-packages/airflow/example_dags/example_branch_python_dop_operator_3.py
[2024-10-06T04:44:36.591+0000] {processor.py:925} INFO - DAG(s) 'example_branch_dop_operator_v3' retrieved from /home/airflow/.local/lib/python3.12/site-packages/airflow/example_dags/example_branch_python_dop_operator_3.py
[2024-10-06T04:44:36.610+0000] {logging_mixin.py:190} INFO - [2024-10-06T04:44:36.610+0000] {dag.py:3239} INFO - Sync 1 DAGs
[2024-10-06T04:44:36.633+0000] {logging_mixin.py:190} INFO - [2024-10-06T04:44:36.633+0000] {dag.py:4180} INFO - Setting next_dagrun for example_branch_dop_operator_v3 to 2024-10-06 04:43:00+00:00, run_after=2024-10-06 04:44:00+00:00
[2024-10-06T04:44:36.655+0000] {processor.py:208} INFO - Processing /home/airflow/.local/lib/python3.12/site-packages/airflow/example_dags/example_branch_python_dop_operator_3.py took 0.083 seconds
[2024-10-06T04:45:07.119+0000] {processor.py:186} INFO - Started process (PID=2547) to work on /home/airflow/.local/lib/python3.12/site-packages/airflow/example_dags/example_branch_python_dop_operator_3.py
[2024-10-06T04:45:07.120+0000] {processor.py:914} INFO - Processing file /home/airflow/.local/lib/python3.12/site-packages/airflow/example_dags/example_branch_python_dop_operator_3.py for tasks to queue
[2024-10-06T04:45:07.121+0000] {logging_mixin.py:190} INFO - [2024-10-06T04:45:07.121+0000] {dagbag.py:588} INFO - Filling up the DagBag from /home/airflow/.local/lib/python3.12/site-packages/airflow/example_dags/example_branch_python_dop_operator_3.py
[2024-10-06T04:45:07.129+0000] {processor.py:925} INFO - DAG(s) 'example_branch_dop_operator_v3' retrieved from /home/airflow/.local/lib/python3.12/site-packages/airflow/example_dags/example_branch_python_dop_operator_3.py
[2024-10-06T04:45:07.147+0000] {logging_mixin.py:190} INFO - [2024-10-06T04:45:07.147+0000] {dag.py:3239} INFO - Sync 1 DAGs
[2024-10-06T04:45:07.174+0000] {logging_mixin.py:190} INFO - [2024-10-06T04:45:07.174+0000] {dag.py:4180} INFO - Setting next_dagrun for example_branch_dop_operator_v3 to 2024-10-06 04:44:00+00:00, run_after=2024-10-06 04:45:00+00:00
[2024-10-06T04:45:07.193+0000] {processor.py:208} INFO - Processing /home/airflow/.local/lib/python3.12/site-packages/airflow/example_dags/example_branch_python_dop_operator_3.py took 0.079 seconds
[2024-10-06T04:45:37.819+0000] {processor.py:186} INFO - Started process (PID=2610) to work on /home/airflow/.local/lib/python3.12/site-packages/airflow/example_dags/example_branch_python_dop_operator_3.py
[2024-10-06T04:45:37.820+0000] {processor.py:914} INFO - Processing file /home/airflow/.local/lib/python3.12/site-packages/airflow/example_dags/example_branch_python_dop_operator_3.py for tasks to queue
[2024-10-06T04:45:37.821+0000] {logging_mixin.py:190} INFO - [2024-10-06T04:45:37.821+0000] {dagbag.py:588} INFO - Filling up the DagBag from /home/airflow/.local/lib/python3.12/site-packages/airflow/example_dags/example_branch_python_dop_operator_3.py
[2024-10-06T04:45:37.832+0000] {processor.py:925} INFO - DAG(s) 'example_branch_dop_operator_v3' retrieved from /home/airflow/.local/lib/python3.12/site-packages/airflow/example_dags/example_branch_python_dop_operator_3.py
[2024-10-06T04:45:37.848+0000] {logging_mixin.py:190} INFO - [2024-10-06T04:45:37.848+0000] {dag.py:3239} INFO - Sync 1 DAGs
[2024-10-06T04:45:37.869+0000] {logging_mixin.py:190} INFO - [2024-10-06T04:45:37.869+0000] {dag.py:4180} INFO - Setting next_dagrun for example_branch_dop_operator_v3 to 2024-10-06 04:44:00+00:00, run_after=2024-10-06 04:45:00+00:00
[2024-10-06T04:45:37.889+0000] {processor.py:208} INFO - Processing /home/airflow/.local/lib/python3.12/site-packages/airflow/example_dags/example_branch_python_dop_operator_3.py took 0.075 seconds
[2024-10-06T04:46:08.528+0000] {processor.py:186} INFO - Started process (PID=2673) to work on /home/airflow/.local/lib/python3.12/site-packages/airflow/example_dags/example_branch_python_dop_operator_3.py
[2024-10-06T04:46:08.529+0000] {processor.py:914} INFO - Processing file /home/airflow/.local/lib/python3.12/site-packages/airflow/example_dags/example_branch_python_dop_operator_3.py for tasks to queue
[2024-10-06T04:46:08.529+0000] {logging_mixin.py:190} INFO - [2024-10-06T04:46:08.529+0000] {dagbag.py:588} INFO - Filling up the DagBag from /home/airflow/.local/lib/python3.12/site-packages/airflow/example_dags/example_branch_python_dop_operator_3.py
[2024-10-06T04:46:08.538+0000] {processor.py:925} INFO - DAG(s) 'example_branch_dop_operator_v3' retrieved from /home/airflow/.local/lib/python3.12/site-packages/airflow/example_dags/example_branch_python_dop_operator_3.py
[2024-10-06T04:46:08.554+0000] {logging_mixin.py:190} INFO - [2024-10-06T04:46:08.554+0000] {dag.py:3239} INFO - Sync 1 DAGs
[2024-10-06T04:46:08.577+0000] {logging_mixin.py:190} INFO - [2024-10-06T04:46:08.577+0000] {dag.py:4180} INFO - Setting next_dagrun for example_branch_dop_operator_v3 to 2024-10-06 04:45:00+00:00, run_after=2024-10-06 04:46:00+00:00
[2024-10-06T04:46:08.598+0000] {processor.py:208} INFO - Processing /home/airflow/.local/lib/python3.12/site-packages/airflow/example_dags/example_branch_python_dop_operator_3.py took 0.074 seconds
[2024-10-06T04:46:39.260+0000] {processor.py:186} INFO - Started process (PID=2736) to work on /home/airflow/.local/lib/python3.12/site-packages/airflow/example_dags/example_branch_python_dop_operator_3.py
[2024-10-06T04:46:39.261+0000] {processor.py:914} INFO - Processing file /home/airflow/.local/lib/python3.12/site-packages/airflow/example_dags/example_branch_python_dop_operator_3.py for tasks to queue
[2024-10-06T04:46:39.262+0000] {logging_mixin.py:190} INFO - [2024-10-06T04:46:39.261+0000] {dagbag.py:588} INFO - Filling up the DagBag from /home/airflow/.local/lib/python3.12/site-packages/airflow/example_dags/example_branch_python_dop_operator_3.py
[2024-10-06T04:46:39.270+0000] {processor.py:925} INFO - DAG(s) 'example_branch_dop_operator_v3' retrieved from /home/airflow/.local/lib/python3.12/site-packages/airflow/example_dags/example_branch_python_dop_operator_3.py
[2024-10-06T04:46:39.285+0000] {logging_mixin.py:190} INFO - [2024-10-06T04:46:39.285+0000] {dag.py:3239} INFO - Sync 1 DAGs
[2024-10-06T04:46:39.306+0000] {logging_mixin.py:190} INFO - [2024-10-06T04:46:39.306+0000] {dag.py:4180} INFO - Setting next_dagrun for example_branch_dop_operator_v3 to 2024-10-06 04:45:00+00:00, run_after=2024-10-06 04:46:00+00:00
[2024-10-06T04:46:39.325+0000] {processor.py:208} INFO - Processing /home/airflow/.local/lib/python3.12/site-packages/airflow/example_dags/example_branch_python_dop_operator_3.py took 0.070 seconds
[2024-10-06T04:47:09.688+0000] {processor.py:186} INFO - Started process (PID=2799) to work on /home/airflow/.local/lib/python3.12/site-packages/airflow/example_dags/example_branch_python_dop_operator_3.py
[2024-10-06T04:47:09.688+0000] {processor.py:914} INFO - Processing file /home/airflow/.local/lib/python3.12/site-packages/airflow/example_dags/example_branch_python_dop_operator_3.py for tasks to queue
[2024-10-06T04:47:09.689+0000] {logging_mixin.py:190} INFO - [2024-10-06T04:47:09.689+0000] {dagbag.py:588} INFO - Filling up the DagBag from /home/airflow/.local/lib/python3.12/site-packages/airflow/example_dags/example_branch_python_dop_operator_3.py
[2024-10-06T04:47:09.697+0000] {processor.py:925} INFO - DAG(s) 'example_branch_dop_operator_v3' retrieved from /home/airflow/.local/lib/python3.12/site-packages/airflow/example_dags/example_branch_python_dop_operator_3.py
[2024-10-06T04:47:09.713+0000] {logging_mixin.py:190} INFO - [2024-10-06T04:47:09.713+0000] {dag.py:3239} INFO - Sync 1 DAGs
[2024-10-06T04:47:09.736+0000] {logging_mixin.py:190} INFO - [2024-10-06T04:47:09.736+0000] {dag.py:4180} INFO - Setting next_dagrun for example_branch_dop_operator_v3 to 2024-10-06 04:46:00+00:00, run_after=2024-10-06 04:47:00+00:00
[2024-10-06T04:47:09.753+0000] {processor.py:208} INFO - Processing /home/airflow/.local/lib/python3.12/site-packages/airflow/example_dags/example_branch_python_dop_operator_3.py took 0.069 seconds
[2024-10-06T04:47:40.952+0000] {processor.py:186} INFO - Started process (PID=2862) to work on /home/airflow/.local/lib/python3.12/site-packages/airflow/example_dags/example_branch_python_dop_operator_3.py
[2024-10-06T04:47:40.953+0000] {processor.py:914} INFO - Processing file /home/airflow/.local/lib/python3.12/site-packages/airflow/example_dags/example_branch_python_dop_operator_3.py for tasks to queue
[2024-10-06T04:47:40.953+0000] {logging_mixin.py:190} INFO - [2024-10-06T04:47:40.953+0000] {dagbag.py:588} INFO - Filling up the DagBag from /home/airflow/.local/lib/python3.12/site-packages/airflow/example_dags/example_branch_python_dop_operator_3.py
[2024-10-06T04:47:40.961+0000] {processor.py:925} INFO - DAG(s) 'example_branch_dop_operator_v3' retrieved from /home/airflow/.local/lib/python3.12/site-packages/airflow/example_dags/example_branch_python_dop_operator_3.py
[2024-10-06T04:47:40.977+0000] {logging_mixin.py:190} INFO - [2024-10-06T04:47:40.977+0000] {dag.py:3239} INFO - Sync 1 DAGs
[2024-10-06T04:47:41.005+0000] {logging_mixin.py:190} INFO - [2024-10-06T04:47:41.005+0000] {dag.py:4180} INFO - Setting next_dagrun for example_branch_dop_operator_v3 to 2024-10-06 04:46:00+00:00, run_after=2024-10-06 04:47:00+00:00
[2024-10-06T04:47:41.025+0000] {processor.py:208} INFO - Processing /home/airflow/.local/lib/python3.12/site-packages/airflow/example_dags/example_branch_python_dop_operator_3.py took 0.078 seconds
[2024-10-06T04:48:11.443+0000] {processor.py:186} INFO - Started process (PID=2925) to work on /home/airflow/.local/lib/python3.12/site-packages/airflow/example_dags/example_branch_python_dop_operator_3.py
[2024-10-06T04:48:11.444+0000] {processor.py:914} INFO - Processing file /home/airflow/.local/lib/python3.12/site-packages/airflow/example_dags/example_branch_python_dop_operator_3.py for tasks to queue
[2024-10-06T04:48:11.445+0000] {logging_mixin.py:190} INFO - [2024-10-06T04:48:11.444+0000] {dagbag.py:588} INFO - Filling up the DagBag from /home/airflow/.local/lib/python3.12/site-packages/airflow/example_dags/example_branch_python_dop_operator_3.py
[2024-10-06T04:48:11.453+0000] {processor.py:925} INFO - DAG(s) 'example_branch_dop_operator_v3' retrieved from /home/airflow/.local/lib/python3.12/site-packages/airflow/example_dags/example_branch_python_dop_operator_3.py
[2024-10-06T04:48:11.470+0000] {logging_mixin.py:190} INFO - [2024-10-06T04:48:11.470+0000] {dag.py:3239} INFO - Sync 1 DAGs
[2024-10-06T04:48:11.495+0000] {logging_mixin.py:190} INFO - [2024-10-06T04:48:11.495+0000] {dag.py:4180} INFO - Setting next_dagrun for example_branch_dop_operator_v3 to 2024-10-06 04:47:00+00:00, run_after=2024-10-06 04:48:00+00:00
[2024-10-06T04:48:11.512+0000] {processor.py:208} INFO - Processing /home/airflow/.local/lib/python3.12/site-packages/airflow/example_dags/example_branch_python_dop_operator_3.py took 0.074 seconds
[2024-10-06T04:48:41.841+0000] {processor.py:186} INFO - Started process (PID=2988) to work on /home/airflow/.local/lib/python3.12/site-packages/airflow/example_dags/example_branch_python_dop_operator_3.py
[2024-10-06T04:48:41.842+0000] {processor.py:914} INFO - Processing file /home/airflow/.local/lib/python3.12/site-packages/airflow/example_dags/example_branch_python_dop_operator_3.py for tasks to queue
[2024-10-06T04:48:41.843+0000] {logging_mixin.py:190} INFO - [2024-10-06T04:48:41.842+0000] {dagbag.py:588} INFO - Filling up the DagBag from /home/airflow/.local/lib/python3.12/site-packages/airflow/example_dags/example_branch_python_dop_operator_3.py
[2024-10-06T04:48:41.851+0000] {processor.py:925} INFO - DAG(s) 'example_branch_dop_operator_v3' retrieved from /home/airflow/.local/lib/python3.12/site-packages/airflow/example_dags/example_branch_python_dop_operator_3.py
[2024-10-06T04:48:41.867+0000] {logging_mixin.py:190} INFO - [2024-10-06T04:48:41.867+0000] {dag.py:3239} INFO - Sync 1 DAGs
[2024-10-06T04:48:41.889+0000] {logging_mixin.py:190} INFO - [2024-10-06T04:48:41.888+0000] {dag.py:4180} INFO - Setting next_dagrun for example_branch_dop_operator_v3 to 2024-10-06 04:47:00+00:00, run_after=2024-10-06 04:48:00+00:00
[2024-10-06T04:48:41.907+0000] {processor.py:208} INFO - Processing /home/airflow/.local/lib/python3.12/site-packages/airflow/example_dags/example_branch_python_dop_operator_3.py took 0.071 seconds
[2024-10-06T04:49:12.559+0000] {processor.py:186} INFO - Started process (PID=3052) to work on /home/airflow/.local/lib/python3.12/site-packages/airflow/example_dags/example_branch_python_dop_operator_3.py
[2024-10-06T04:49:12.559+0000] {processor.py:914} INFO - Processing file /home/airflow/.local/lib/python3.12/site-packages/airflow/example_dags/example_branch_python_dop_operator_3.py for tasks to queue
[2024-10-06T04:49:12.560+0000] {logging_mixin.py:190} INFO - [2024-10-06T04:49:12.560+0000] {dagbag.py:588} INFO - Filling up the DagBag from /home/airflow/.local/lib/python3.12/site-packages/airflow/example_dags/example_branch_python_dop_operator_3.py
[2024-10-06T04:49:12.568+0000] {processor.py:925} INFO - DAG(s) 'example_branch_dop_operator_v3' retrieved from /home/airflow/.local/lib/python3.12/site-packages/airflow/example_dags/example_branch_python_dop_operator_3.py
[2024-10-06T04:49:12.583+0000] {logging_mixin.py:190} INFO - [2024-10-06T04:49:12.583+0000] {dag.py:3239} INFO - Sync 1 DAGs
[2024-10-06T04:49:12.604+0000] {logging_mixin.py:190} INFO - [2024-10-06T04:49:12.603+0000] {dag.py:4180} INFO - Setting next_dagrun for example_branch_dop_operator_v3 to 2024-10-06 04:48:00+00:00, run_after=2024-10-06 04:49:00+00:00
[2024-10-06T04:49:12.622+0000] {processor.py:208} INFO - Processing /home/airflow/.local/lib/python3.12/site-packages/airflow/example_dags/example_branch_python_dop_operator_3.py took 0.068 seconds
[2024-10-06T04:49:42.964+0000] {processor.py:186} INFO - Started process (PID=3115) to work on /home/airflow/.local/lib/python3.12/site-packages/airflow/example_dags/example_branch_python_dop_operator_3.py
[2024-10-06T04:49:42.965+0000] {processor.py:914} INFO - Processing file /home/airflow/.local/lib/python3.12/site-packages/airflow/example_dags/example_branch_python_dop_operator_3.py for tasks to queue
[2024-10-06T04:49:42.965+0000] {logging_mixin.py:190} INFO - [2024-10-06T04:49:42.965+0000] {dagbag.py:588} INFO - Filling up the DagBag from /home/airflow/.local/lib/python3.12/site-packages/airflow/example_dags/example_branch_python_dop_operator_3.py
[2024-10-06T04:49:42.974+0000] {processor.py:925} INFO - DAG(s) 'example_branch_dop_operator_v3' retrieved from /home/airflow/.local/lib/python3.12/site-packages/airflow/example_dags/example_branch_python_dop_operator_3.py
[2024-10-06T04:49:42.990+0000] {logging_mixin.py:190} INFO - [2024-10-06T04:49:42.990+0000] {dag.py:3239} INFO - Sync 1 DAGs
[2024-10-06T04:49:43.014+0000] {logging_mixin.py:190} INFO - [2024-10-06T04:49:43.013+0000] {dag.py:4180} INFO - Setting next_dagrun for example_branch_dop_operator_v3 to 2024-10-06 04:48:00+00:00, run_after=2024-10-06 04:49:00+00:00
[2024-10-06T04:49:43.045+0000] {processor.py:208} INFO - Processing /home/airflow/.local/lib/python3.12/site-packages/airflow/example_dags/example_branch_python_dop_operator_3.py took 0.087 seconds
[2024-10-06T04:50:13.275+0000] {processor.py:186} INFO - Started process (PID=3178) to work on /home/airflow/.local/lib/python3.12/site-packages/airflow/example_dags/example_branch_python_dop_operator_3.py
[2024-10-06T04:50:13.276+0000] {processor.py:914} INFO - Processing file /home/airflow/.local/lib/python3.12/site-packages/airflow/example_dags/example_branch_python_dop_operator_3.py for tasks to queue
[2024-10-06T04:50:13.277+0000] {logging_mixin.py:190} INFO - [2024-10-06T04:50:13.276+0000] {dagbag.py:588} INFO - Filling up the DagBag from /home/airflow/.local/lib/python3.12/site-packages/airflow/example_dags/example_branch_python_dop_operator_3.py
[2024-10-06T04:50:13.286+0000] {processor.py:925} INFO - DAG(s) 'example_branch_dop_operator_v3' retrieved from /home/airflow/.local/lib/python3.12/site-packages/airflow/example_dags/example_branch_python_dop_operator_3.py
[2024-10-06T04:50:13.307+0000] {logging_mixin.py:190} INFO - [2024-10-06T04:50:13.307+0000] {dag.py:3239} INFO - Sync 1 DAGs
[2024-10-06T04:50:13.338+0000] {logging_mixin.py:190} INFO - [2024-10-06T04:50:13.338+0000] {dag.py:4180} INFO - Setting next_dagrun for example_branch_dop_operator_v3 to 2024-10-06 04:49:00+00:00, run_after=2024-10-06 04:50:00+00:00
[2024-10-06T04:50:13.357+0000] {processor.py:208} INFO - Processing /home/airflow/.local/lib/python3.12/site-packages/airflow/example_dags/example_branch_python_dop_operator_3.py took 0.088 seconds
[2024-10-06T04:50:43.564+0000] {processor.py:186} INFO - Started process (PID=3240) to work on /home/airflow/.local/lib/python3.12/site-packages/airflow/example_dags/example_branch_python_dop_operator_3.py
[2024-10-06T04:50:43.565+0000] {processor.py:914} INFO - Processing file /home/airflow/.local/lib/python3.12/site-packages/airflow/example_dags/example_branch_python_dop_operator_3.py for tasks to queue
[2024-10-06T04:50:43.566+0000] {logging_mixin.py:190} INFO - [2024-10-06T04:50:43.566+0000] {dagbag.py:588} INFO - Filling up the DagBag from /home/airflow/.local/lib/python3.12/site-packages/airflow/example_dags/example_branch_python_dop_operator_3.py
[2024-10-06T04:50:43.581+0000] {processor.py:925} INFO - DAG(s) 'example_branch_dop_operator_v3' retrieved from /home/airflow/.local/lib/python3.12/site-packages/airflow/example_dags/example_branch_python_dop_operator_3.py
[2024-10-06T04:50:43.606+0000] {logging_mixin.py:190} INFO - [2024-10-06T04:50:43.606+0000] {dag.py:3239} INFO - Sync 1 DAGs
[2024-10-06T04:50:43.634+0000] {logging_mixin.py:190} INFO - [2024-10-06T04:50:43.634+0000] {dag.py:4180} INFO - Setting next_dagrun for example_branch_dop_operator_v3 to 2024-10-06 04:49:00+00:00, run_after=2024-10-06 04:50:00+00:00
[2024-10-06T04:50:43.655+0000] {processor.py:208} INFO - Processing /home/airflow/.local/lib/python3.12/site-packages/airflow/example_dags/example_branch_python_dop_operator_3.py took 0.097 seconds
[2024-10-06T04:51:14.233+0000] {processor.py:186} INFO - Started process (PID=3303) to work on /home/airflow/.local/lib/python3.12/site-packages/airflow/example_dags/example_branch_python_dop_operator_3.py
[2024-10-06T04:51:14.234+0000] {processor.py:914} INFO - Processing file /home/airflow/.local/lib/python3.12/site-packages/airflow/example_dags/example_branch_python_dop_operator_3.py for tasks to queue
[2024-10-06T04:51:14.235+0000] {logging_mixin.py:190} INFO - [2024-10-06T04:51:14.235+0000] {dagbag.py:588} INFO - Filling up the DagBag from /home/airflow/.local/lib/python3.12/site-packages/airflow/example_dags/example_branch_python_dop_operator_3.py
[2024-10-06T04:51:14.243+0000] {processor.py:925} INFO - DAG(s) 'example_branch_dop_operator_v3' retrieved from /home/airflow/.local/lib/python3.12/site-packages/airflow/example_dags/example_branch_python_dop_operator_3.py
[2024-10-06T04:51:14.259+0000] {logging_mixin.py:190} INFO - [2024-10-06T04:51:14.259+0000] {dag.py:3239} INFO - Sync 1 DAGs
[2024-10-06T04:51:14.281+0000] {logging_mixin.py:190} INFO - [2024-10-06T04:51:14.281+0000] {dag.py:4180} INFO - Setting next_dagrun for example_branch_dop_operator_v3 to 2024-10-06 04:50:00+00:00, run_after=2024-10-06 04:51:00+00:00
[2024-10-06T04:51:14.301+0000] {processor.py:208} INFO - Processing /home/airflow/.local/lib/python3.12/site-packages/airflow/example_dags/example_branch_python_dop_operator_3.py took 0.073 seconds
[2024-10-06T04:51:44.527+0000] {processor.py:186} INFO - Started process (PID=3366) to work on /home/airflow/.local/lib/python3.12/site-packages/airflow/example_dags/example_branch_python_dop_operator_3.py
[2024-10-06T04:51:44.528+0000] {processor.py:914} INFO - Processing file /home/airflow/.local/lib/python3.12/site-packages/airflow/example_dags/example_branch_python_dop_operator_3.py for tasks to queue
[2024-10-06T04:51:44.529+0000] {logging_mixin.py:190} INFO - [2024-10-06T04:51:44.528+0000] {dagbag.py:588} INFO - Filling up the DagBag from /home/airflow/.local/lib/python3.12/site-packages/airflow/example_dags/example_branch_python_dop_operator_3.py
[2024-10-06T04:51:44.536+0000] {processor.py:925} INFO - DAG(s) 'example_branch_dop_operator_v3' retrieved from /home/airflow/.local/lib/python3.12/site-packages/airflow/example_dags/example_branch_python_dop_operator_3.py
[2024-10-06T04:51:44.554+0000] {logging_mixin.py:190} INFO - [2024-10-06T04:51:44.554+0000] {dag.py:3239} INFO - Sync 1 DAGs
[2024-10-06T04:51:44.583+0000] {logging_mixin.py:190} INFO - [2024-10-06T04:51:44.583+0000] {dag.py:4180} INFO - Setting next_dagrun for example_branch_dop_operator_v3 to 2024-10-06 04:50:00+00:00, run_after=2024-10-06 04:51:00+00:00
[2024-10-06T04:51:44.603+0000] {processor.py:208} INFO - Processing /home/airflow/.local/lib/python3.12/site-packages/airflow/example_dags/example_branch_python_dop_operator_3.py took 0.080 seconds
[2024-10-06T04:52:14.804+0000] {processor.py:186} INFO - Started process (PID=3429) to work on /home/airflow/.local/lib/python3.12/site-packages/airflow/example_dags/example_branch_python_dop_operator_3.py
[2024-10-06T04:52:14.805+0000] {processor.py:914} INFO - Processing file /home/airflow/.local/lib/python3.12/site-packages/airflow/example_dags/example_branch_python_dop_operator_3.py for tasks to queue
[2024-10-06T04:52:14.806+0000] {logging_mixin.py:190} INFO - [2024-10-06T04:52:14.806+0000] {dagbag.py:588} INFO - Filling up the DagBag from /home/airflow/.local/lib/python3.12/site-packages/airflow/example_dags/example_branch_python_dop_operator_3.py
[2024-10-06T04:52:14.816+0000] {processor.py:925} INFO - DAG(s) 'example_branch_dop_operator_v3' retrieved from /home/airflow/.local/lib/python3.12/site-packages/airflow/example_dags/example_branch_python_dop_operator_3.py
[2024-10-06T04:52:14.833+0000] {logging_mixin.py:190} INFO - [2024-10-06T04:52:14.833+0000] {dag.py:3239} INFO - Sync 1 DAGs
[2024-10-06T04:52:14.863+0000] {logging_mixin.py:190} INFO - [2024-10-06T04:52:14.863+0000] {dag.py:4180} INFO - Setting next_dagrun for example_branch_dop_operator_v3 to 2024-10-06 04:51:00+00:00, run_after=2024-10-06 04:52:00+00:00
[2024-10-06T04:52:14.882+0000] {processor.py:208} INFO - Processing /home/airflow/.local/lib/python3.12/site-packages/airflow/example_dags/example_branch_python_dop_operator_3.py took 0.084 seconds
[2024-10-06T04:52:45.101+0000] {processor.py:186} INFO - Started process (PID=3493) to work on /home/airflow/.local/lib/python3.12/site-packages/airflow/example_dags/example_branch_python_dop_operator_3.py
[2024-10-06T04:52:45.102+0000] {processor.py:914} INFO - Processing file /home/airflow/.local/lib/python3.12/site-packages/airflow/example_dags/example_branch_python_dop_operator_3.py for tasks to queue
[2024-10-06T04:52:45.103+0000] {logging_mixin.py:190} INFO - [2024-10-06T04:52:45.103+0000] {dagbag.py:588} INFO - Filling up the DagBag from /home/airflow/.local/lib/python3.12/site-packages/airflow/example_dags/example_branch_python_dop_operator_3.py
[2024-10-06T04:52:45.111+0000] {processor.py:925} INFO - DAG(s) 'example_branch_dop_operator_v3' retrieved from /home/airflow/.local/lib/python3.12/site-packages/airflow/example_dags/example_branch_python_dop_operator_3.py
[2024-10-06T04:52:45.126+0000] {logging_mixin.py:190} INFO - [2024-10-06T04:52:45.126+0000] {dag.py:3239} INFO - Sync 1 DAGs
[2024-10-06T04:52:45.149+0000] {logging_mixin.py:190} INFO - [2024-10-06T04:52:45.149+0000] {dag.py:4180} INFO - Setting next_dagrun for example_branch_dop_operator_v3 to 2024-10-06 04:51:00+00:00, run_after=2024-10-06 04:52:00+00:00
[2024-10-06T04:52:45.166+0000] {processor.py:208} INFO - Processing /home/airflow/.local/lib/python3.12/site-packages/airflow/example_dags/example_branch_python_dop_operator_3.py took 0.070 seconds
[2024-10-06T04:53:15.436+0000] {processor.py:186} INFO - Started process (PID=3556) to work on /home/airflow/.local/lib/python3.12/site-packages/airflow/example_dags/example_branch_python_dop_operator_3.py
[2024-10-06T04:53:15.437+0000] {processor.py:914} INFO - Processing file /home/airflow/.local/lib/python3.12/site-packages/airflow/example_dags/example_branch_python_dop_operator_3.py for tasks to queue
[2024-10-06T04:53:15.438+0000] {logging_mixin.py:190} INFO - [2024-10-06T04:53:15.437+0000] {dagbag.py:588} INFO - Filling up the DagBag from /home/airflow/.local/lib/python3.12/site-packages/airflow/example_dags/example_branch_python_dop_operator_3.py
[2024-10-06T04:53:15.446+0000] {processor.py:925} INFO - DAG(s) 'example_branch_dop_operator_v3' retrieved from /home/airflow/.local/lib/python3.12/site-packages/airflow/example_dags/example_branch_python_dop_operator_3.py
[2024-10-06T04:53:15.461+0000] {logging_mixin.py:190} INFO - [2024-10-06T04:53:15.460+0000] {dag.py:3239} INFO - Sync 1 DAGs
[2024-10-06T04:53:15.485+0000] {logging_mixin.py:190} INFO - [2024-10-06T04:53:15.485+0000] {dag.py:4180} INFO - Setting next_dagrun for example_branch_dop_operator_v3 to 2024-10-06 04:52:00+00:00, run_after=2024-10-06 04:53:00+00:00
[2024-10-06T04:53:15.514+0000] {processor.py:208} INFO - Processing /home/airflow/.local/lib/python3.12/site-packages/airflow/example_dags/example_branch_python_dop_operator_3.py took 0.082 seconds
[2024-10-06T04:53:45.783+0000] {processor.py:186} INFO - Started process (PID=3619) to work on /home/airflow/.local/lib/python3.12/site-packages/airflow/example_dags/example_branch_python_dop_operator_3.py
[2024-10-06T04:53:45.783+0000] {processor.py:914} INFO - Processing file /home/airflow/.local/lib/python3.12/site-packages/airflow/example_dags/example_branch_python_dop_operator_3.py for tasks to queue
[2024-10-06T04:53:45.784+0000] {logging_mixin.py:190} INFO - [2024-10-06T04:53:45.784+0000] {dagbag.py:588} INFO - Filling up the DagBag from /home/airflow/.local/lib/python3.12/site-packages/airflow/example_dags/example_branch_python_dop_operator_3.py
[2024-10-06T04:53:45.793+0000] {processor.py:925} INFO - DAG(s) 'example_branch_dop_operator_v3' retrieved from /home/airflow/.local/lib/python3.12/site-packages/airflow/example_dags/example_branch_python_dop_operator_3.py
[2024-10-06T04:53:45.808+0000] {logging_mixin.py:190} INFO - [2024-10-06T04:53:45.808+0000] {dag.py:3239} INFO - Sync 1 DAGs
[2024-10-06T04:53:45.829+0000] {logging_mixin.py:190} INFO - [2024-10-06T04:53:45.829+0000] {dag.py:4180} INFO - Setting next_dagrun for example_branch_dop_operator_v3 to 2024-10-06 04:52:00+00:00, run_after=2024-10-06 04:53:00+00:00
[2024-10-06T04:53:45.850+0000] {processor.py:208} INFO - Processing /home/airflow/.local/lib/python3.12/site-packages/airflow/example_dags/example_branch_python_dop_operator_3.py took 0.072 seconds
[2024-10-06T04:54:16.892+0000] {processor.py:186} INFO - Started process (PID=3682) to work on /home/airflow/.local/lib/python3.12/site-packages/airflow/example_dags/example_branch_python_dop_operator_3.py
[2024-10-06T04:54:16.893+0000] {processor.py:914} INFO - Processing file /home/airflow/.local/lib/python3.12/site-packages/airflow/example_dags/example_branch_python_dop_operator_3.py for tasks to queue
[2024-10-06T04:54:16.894+0000] {logging_mixin.py:190} INFO - [2024-10-06T04:54:16.894+0000] {dagbag.py:588} INFO - Filling up the DagBag from /home/airflow/.local/lib/python3.12/site-packages/airflow/example_dags/example_branch_python_dop_operator_3.py
[2024-10-06T04:54:16.902+0000] {processor.py:925} INFO - DAG(s) 'example_branch_dop_operator_v3' retrieved from /home/airflow/.local/lib/python3.12/site-packages/airflow/example_dags/example_branch_python_dop_operator_3.py
[2024-10-06T04:54:16.919+0000] {logging_mixin.py:190} INFO - [2024-10-06T04:54:16.919+0000] {dag.py:3239} INFO - Sync 1 DAGs
[2024-10-06T04:54:16.943+0000] {logging_mixin.py:190} INFO - [2024-10-06T04:54:16.943+0000] {dag.py:4180} INFO - Setting next_dagrun for example_branch_dop_operator_v3 to 2024-10-06 04:53:00+00:00, run_after=2024-10-06 04:54:00+00:00
[2024-10-06T04:54:16.966+0000] {processor.py:208} INFO - Processing /home/airflow/.local/lib/python3.12/site-packages/airflow/example_dags/example_branch_python_dop_operator_3.py took 0.078 seconds
[2024-10-06T04:54:47.116+0000] {processor.py:186} INFO - Started process (PID=3745) to work on /home/airflow/.local/lib/python3.12/site-packages/airflow/example_dags/example_branch_python_dop_operator_3.py
[2024-10-06T04:54:47.117+0000] {processor.py:914} INFO - Processing file /home/airflow/.local/lib/python3.12/site-packages/airflow/example_dags/example_branch_python_dop_operator_3.py for tasks to queue
[2024-10-06T04:54:47.118+0000] {logging_mixin.py:190} INFO - [2024-10-06T04:54:47.117+0000] {dagbag.py:588} INFO - Filling up the DagBag from /home/airflow/.local/lib/python3.12/site-packages/airflow/example_dags/example_branch_python_dop_operator_3.py
[2024-10-06T04:54:47.126+0000] {processor.py:925} INFO - DAG(s) 'example_branch_dop_operator_v3' retrieved from /home/airflow/.local/lib/python3.12/site-packages/airflow/example_dags/example_branch_python_dop_operator_3.py
[2024-10-06T04:54:47.143+0000] {logging_mixin.py:190} INFO - [2024-10-06T04:54:47.143+0000] {dag.py:3239} INFO - Sync 1 DAGs
[2024-10-06T04:54:47.165+0000] {logging_mixin.py:190} INFO - [2024-10-06T04:54:47.165+0000] {dag.py:4180} INFO - Setting next_dagrun for example_branch_dop_operator_v3 to 2024-10-06 04:53:00+00:00, run_after=2024-10-06 04:54:00+00:00
[2024-10-06T04:54:47.182+0000] {processor.py:208} INFO - Processing /home/airflow/.local/lib/python3.12/site-packages/airflow/example_dags/example_branch_python_dop_operator_3.py took 0.071 seconds
[2024-10-06T04:55:17.664+0000] {processor.py:186} INFO - Started process (PID=3810) to work on /home/airflow/.local/lib/python3.12/site-packages/airflow/example_dags/example_branch_python_dop_operator_3.py
[2024-10-06T04:55:17.665+0000] {processor.py:914} INFO - Processing file /home/airflow/.local/lib/python3.12/site-packages/airflow/example_dags/example_branch_python_dop_operator_3.py for tasks to queue
[2024-10-06T04:55:17.666+0000] {logging_mixin.py:190} INFO - [2024-10-06T04:55:17.665+0000] {dagbag.py:588} INFO - Filling up the DagBag from /home/airflow/.local/lib/python3.12/site-packages/airflow/example_dags/example_branch_python_dop_operator_3.py
[2024-10-06T04:55:17.673+0000] {processor.py:925} INFO - DAG(s) 'example_branch_dop_operator_v3' retrieved from /home/airflow/.local/lib/python3.12/site-packages/airflow/example_dags/example_branch_python_dop_operator_3.py
[2024-10-06T04:55:17.691+0000] {logging_mixin.py:190} INFO - [2024-10-06T04:55:17.691+0000] {dag.py:3239} INFO - Sync 1 DAGs
[2024-10-06T04:55:17.720+0000] {logging_mixin.py:190} INFO - [2024-10-06T04:55:17.719+0000] {dag.py:4180} INFO - Setting next_dagrun for example_branch_dop_operator_v3 to 2024-10-06 04:54:00+00:00, run_after=2024-10-06 04:55:00+00:00
[2024-10-06T04:55:17.758+0000] {processor.py:208} INFO - Processing /home/airflow/.local/lib/python3.12/site-packages/airflow/example_dags/example_branch_python_dop_operator_3.py took 0.098 seconds
[2024-10-06T04:55:48.101+0000] {processor.py:186} INFO - Started process (PID=3873) to work on /home/airflow/.local/lib/python3.12/site-packages/airflow/example_dags/example_branch_python_dop_operator_3.py
[2024-10-06T04:55:48.102+0000] {processor.py:914} INFO - Processing file /home/airflow/.local/lib/python3.12/site-packages/airflow/example_dags/example_branch_python_dop_operator_3.py for tasks to queue
[2024-10-06T04:55:48.103+0000] {logging_mixin.py:190} INFO - [2024-10-06T04:55:48.102+0000] {dagbag.py:588} INFO - Filling up the DagBag from /home/airflow/.local/lib/python3.12/site-packages/airflow/example_dags/example_branch_python_dop_operator_3.py
[2024-10-06T04:55:48.111+0000] {processor.py:925} INFO - DAG(s) 'example_branch_dop_operator_v3' retrieved from /home/airflow/.local/lib/python3.12/site-packages/airflow/example_dags/example_branch_python_dop_operator_3.py
[2024-10-06T04:55:48.129+0000] {logging_mixin.py:190} INFO - [2024-10-06T04:55:48.128+0000] {dag.py:3239} INFO - Sync 1 DAGs
[2024-10-06T04:55:48.158+0000] {logging_mixin.py:190} INFO - [2024-10-06T04:55:48.157+0000] {dag.py:4180} INFO - Setting next_dagrun for example_branch_dop_operator_v3 to 2024-10-06 04:54:00+00:00, run_after=2024-10-06 04:55:00+00:00
[2024-10-06T04:55:48.196+0000] {processor.py:208} INFO - Processing /home/airflow/.local/lib/python3.12/site-packages/airflow/example_dags/example_branch_python_dop_operator_3.py took 0.100 seconds
[2024-10-06T04:56:18.436+0000] {processor.py:186} INFO - Started process (PID=3937) to work on /home/airflow/.local/lib/python3.12/site-packages/airflow/example_dags/example_branch_python_dop_operator_3.py
[2024-10-06T04:56:18.436+0000] {processor.py:914} INFO - Processing file /home/airflow/.local/lib/python3.12/site-packages/airflow/example_dags/example_branch_python_dop_operator_3.py for tasks to queue
[2024-10-06T04:56:18.437+0000] {logging_mixin.py:190} INFO - [2024-10-06T04:56:18.437+0000] {dagbag.py:588} INFO - Filling up the DagBag from /home/airflow/.local/lib/python3.12/site-packages/airflow/example_dags/example_branch_python_dop_operator_3.py
[2024-10-06T04:56:18.445+0000] {processor.py:925} INFO - DAG(s) 'example_branch_dop_operator_v3' retrieved from /home/airflow/.local/lib/python3.12/site-packages/airflow/example_dags/example_branch_python_dop_operator_3.py
[2024-10-06T04:56:18.464+0000] {logging_mixin.py:190} INFO - [2024-10-06T04:56:18.463+0000] {dag.py:3239} INFO - Sync 1 DAGs
[2024-10-06T04:56:18.491+0000] {logging_mixin.py:190} INFO - [2024-10-06T04:56:18.490+0000] {dag.py:4180} INFO - Setting next_dagrun for example_branch_dop_operator_v3 to 2024-10-06 04:55:00+00:00, run_after=2024-10-06 04:56:00+00:00
[2024-10-06T04:56:18.512+0000] {processor.py:208} INFO - Processing /home/airflow/.local/lib/python3.12/site-packages/airflow/example_dags/example_branch_python_dop_operator_3.py took 0.081 seconds
[2024-10-06T04:56:48.918+0000] {processor.py:186} INFO - Started process (PID=4001) to work on /home/airflow/.local/lib/python3.12/site-packages/airflow/example_dags/example_branch_python_dop_operator_3.py
[2024-10-06T04:56:48.919+0000] {processor.py:914} INFO - Processing file /home/airflow/.local/lib/python3.12/site-packages/airflow/example_dags/example_branch_python_dop_operator_3.py for tasks to queue
[2024-10-06T04:56:48.920+0000] {logging_mixin.py:190} INFO - [2024-10-06T04:56:48.919+0000] {dagbag.py:588} INFO - Filling up the DagBag from /home/airflow/.local/lib/python3.12/site-packages/airflow/example_dags/example_branch_python_dop_operator_3.py
[2024-10-06T04:56:48.928+0000] {processor.py:925} INFO - DAG(s) 'example_branch_dop_operator_v3' retrieved from /home/airflow/.local/lib/python3.12/site-packages/airflow/example_dags/example_branch_python_dop_operator_3.py
[2024-10-06T04:56:48.951+0000] {logging_mixin.py:190} INFO - [2024-10-06T04:56:48.951+0000] {dag.py:3239} INFO - Sync 1 DAGs
[2024-10-06T04:56:48.985+0000] {logging_mixin.py:190} INFO - [2024-10-06T04:56:48.985+0000] {dag.py:4180} INFO - Setting next_dagrun for example_branch_dop_operator_v3 to 2024-10-06 04:55:00+00:00, run_after=2024-10-06 04:56:00+00:00
[2024-10-06T04:56:49.016+0000] {processor.py:208} INFO - Processing /home/airflow/.local/lib/python3.12/site-packages/airflow/example_dags/example_branch_python_dop_operator_3.py took 0.103 seconds
[2024-10-06T04:57:19.510+0000] {processor.py:186} INFO - Started process (PID=4065) to work on /home/airflow/.local/lib/python3.12/site-packages/airflow/example_dags/example_branch_python_dop_operator_3.py
[2024-10-06T04:57:19.511+0000] {processor.py:914} INFO - Processing file /home/airflow/.local/lib/python3.12/site-packages/airflow/example_dags/example_branch_python_dop_operator_3.py for tasks to queue
[2024-10-06T04:57:19.512+0000] {logging_mixin.py:190} INFO - [2024-10-06T04:57:19.511+0000] {dagbag.py:588} INFO - Filling up the DagBag from /home/airflow/.local/lib/python3.12/site-packages/airflow/example_dags/example_branch_python_dop_operator_3.py
[2024-10-06T04:57:19.521+0000] {processor.py:925} INFO - DAG(s) 'example_branch_dop_operator_v3' retrieved from /home/airflow/.local/lib/python3.12/site-packages/airflow/example_dags/example_branch_python_dop_operator_3.py
[2024-10-06T04:57:19.536+0000] {logging_mixin.py:190} INFO - [2024-10-06T04:57:19.536+0000] {dag.py:3239} INFO - Sync 1 DAGs
[2024-10-06T04:57:19.557+0000] {logging_mixin.py:190} INFO - [2024-10-06T04:57:19.556+0000] {dag.py:4180} INFO - Setting next_dagrun for example_branch_dop_operator_v3 to 2024-10-06 04:56:00+00:00, run_after=2024-10-06 04:57:00+00:00
[2024-10-06T04:57:19.576+0000] {processor.py:208} INFO - Processing /home/airflow/.local/lib/python3.12/site-packages/airflow/example_dags/example_branch_python_dop_operator_3.py took 0.071 seconds
[2024-10-06T04:57:49.919+0000] {processor.py:186} INFO - Started process (PID=4129) to work on /home/airflow/.local/lib/python3.12/site-packages/airflow/example_dags/example_branch_python_dop_operator_3.py
[2024-10-06T04:57:49.920+0000] {processor.py:914} INFO - Processing file /home/airflow/.local/lib/python3.12/site-packages/airflow/example_dags/example_branch_python_dop_operator_3.py for tasks to queue
[2024-10-06T04:57:49.921+0000] {logging_mixin.py:190} INFO - [2024-10-06T04:57:49.920+0000] {dagbag.py:588} INFO - Filling up the DagBag from /home/airflow/.local/lib/python3.12/site-packages/airflow/example_dags/example_branch_python_dop_operator_3.py
[2024-10-06T04:57:49.932+0000] {processor.py:925} INFO - DAG(s) 'example_branch_dop_operator_v3' retrieved from /home/airflow/.local/lib/python3.12/site-packages/airflow/example_dags/example_branch_python_dop_operator_3.py
[2024-10-06T04:57:49.949+0000] {logging_mixin.py:190} INFO - [2024-10-06T04:57:49.948+0000] {dag.py:3239} INFO - Sync 1 DAGs
[2024-10-06T04:57:49.970+0000] {logging_mixin.py:190} INFO - [2024-10-06T04:57:49.970+0000] {dag.py:4180} INFO - Setting next_dagrun for example_branch_dop_operator_v3 to 2024-10-06 04:56:00+00:00, run_after=2024-10-06 04:57:00+00:00
[2024-10-06T04:57:49.991+0000] {processor.py:208} INFO - Processing /home/airflow/.local/lib/python3.12/site-packages/airflow/example_dags/example_branch_python_dop_operator_3.py took 0.078 seconds
