[2024-10-06T04:25:19.295+0000] {processor.py:186} INFO - Started process (PID=80) to work on /home/airflow/.local/lib/python3.12/site-packages/airflow/example_dags/example_skip_dag.py
[2024-10-06T04:25:19.295+0000] {processor.py:914} INFO - Processing file /home/airflow/.local/lib/python3.12/site-packages/airflow/example_dags/example_skip_dag.py for tasks to queue
[2024-10-06T04:25:19.297+0000] {logging_mixin.py:190} INFO - [2024-10-06T04:25:19.297+0000] {dagbag.py:588} INFO - Filling up the DagBag from /home/airflow/.local/lib/python3.12/site-packages/airflow/example_dags/example_skip_dag.py
[2024-10-06T04:25:19.307+0000] {processor.py:925} INFO - DAG(s) 'example_skip_dag' retrieved from /home/airflow/.local/lib/python3.12/site-packages/airflow/example_dags/example_skip_dag.py
[2024-10-06T04:25:19.423+0000] {logging_mixin.py:190} INFO - [2024-10-06T04:25:19.423+0000] {override.py:1900} INFO - Created Permission View: can edit on DAG:example_skip_dag
[2024-10-06T04:25:19.435+0000] {logging_mixin.py:190} INFO - [2024-10-06T04:25:19.434+0000] {override.py:1900} INFO - Created Permission View: can delete on DAG:example_skip_dag
[2024-10-06T04:25:19.443+0000] {logging_mixin.py:190} INFO - [2024-10-06T04:25:19.443+0000] {override.py:1900} INFO - Created Permission View: can read on DAG:example_skip_dag
[2024-10-06T04:25:19.455+0000] {logging_mixin.py:190} INFO - [2024-10-06T04:25:19.455+0000] {override.py:1900} INFO - Created Permission View: can delete on DAG Run:example_skip_dag
[2024-10-06T04:25:19.464+0000] {logging_mixin.py:190} INFO - [2024-10-06T04:25:19.464+0000] {override.py:1900} INFO - Created Permission View: can create on DAG Run:example_skip_dag
[2024-10-06T04:25:19.472+0000] {logging_mixin.py:190} INFO - [2024-10-06T04:25:19.472+0000] {override.py:1900} INFO - Created Permission View: menu access on DAG Run:example_skip_dag
[2024-10-06T04:25:19.483+0000] {logging_mixin.py:190} INFO - [2024-10-06T04:25:19.482+0000] {override.py:1900} INFO - Created Permission View: can read on DAG Run:example_skip_dag
[2024-10-06T04:25:19.483+0000] {logging_mixin.py:190} INFO - [2024-10-06T04:25:19.483+0000] {dag.py:3239} INFO - Sync 1 DAGs
[2024-10-06T04:25:19.494+0000] {logging_mixin.py:190} INFO - [2024-10-06T04:25:19.494+0000] {dag.py:3262} INFO - Creating ORM DAG for example_skip_dag
[2024-10-06T04:25:19.501+0000] {logging_mixin.py:190} INFO - [2024-10-06T04:25:19.501+0000] {dag.py:4180} INFO - Setting next_dagrun for example_skip_dag to 2024-10-05 00:00:00+00:00, run_after=2024-10-06 00:00:00+00:00
[2024-10-06T04:25:19.516+0000] {processor.py:208} INFO - Processing /home/airflow/.local/lib/python3.12/site-packages/airflow/example_dags/example_skip_dag.py took 0.228 seconds
[2024-10-06T04:25:49.646+0000] {processor.py:186} INFO - Started process (PID=143) to work on /home/airflow/.local/lib/python3.12/site-packages/airflow/example_dags/example_skip_dag.py
[2024-10-06T04:25:49.646+0000] {processor.py:914} INFO - Processing file /home/airflow/.local/lib/python3.12/site-packages/airflow/example_dags/example_skip_dag.py for tasks to queue
[2024-10-06T04:25:49.648+0000] {logging_mixin.py:190} INFO - [2024-10-06T04:25:49.648+0000] {dagbag.py:588} INFO - Filling up the DagBag from /home/airflow/.local/lib/python3.12/site-packages/airflow/example_dags/example_skip_dag.py
[2024-10-06T04:25:49.654+0000] {processor.py:925} INFO - DAG(s) 'example_skip_dag' retrieved from /home/airflow/.local/lib/python3.12/site-packages/airflow/example_dags/example_skip_dag.py
[2024-10-06T04:25:49.671+0000] {logging_mixin.py:190} INFO - [2024-10-06T04:25:49.670+0000] {dag.py:3239} INFO - Sync 1 DAGs
[2024-10-06T04:25:49.689+0000] {logging_mixin.py:190} INFO - [2024-10-06T04:25:49.689+0000] {dag.py:4180} INFO - Setting next_dagrun for example_skip_dag to 2024-10-05 00:00:00+00:00, run_after=2024-10-06 00:00:00+00:00
[2024-10-06T04:25:49.705+0000] {processor.py:208} INFO - Processing /home/airflow/.local/lib/python3.12/site-packages/airflow/example_dags/example_skip_dag.py took 0.064 seconds
[2024-10-06T04:26:19.933+0000] {processor.py:186} INFO - Started process (PID=205) to work on /home/airflow/.local/lib/python3.12/site-packages/airflow/example_dags/example_skip_dag.py
[2024-10-06T04:26:19.933+0000] {processor.py:914} INFO - Processing file /home/airflow/.local/lib/python3.12/site-packages/airflow/example_dags/example_skip_dag.py for tasks to queue
[2024-10-06T04:26:19.935+0000] {logging_mixin.py:190} INFO - [2024-10-06T04:26:19.935+0000] {dagbag.py:588} INFO - Filling up the DagBag from /home/airflow/.local/lib/python3.12/site-packages/airflow/example_dags/example_skip_dag.py
[2024-10-06T04:26:19.941+0000] {processor.py:925} INFO - DAG(s) 'example_skip_dag' retrieved from /home/airflow/.local/lib/python3.12/site-packages/airflow/example_dags/example_skip_dag.py
[2024-10-06T04:26:19.958+0000] {logging_mixin.py:190} INFO - [2024-10-06T04:26:19.958+0000] {dag.py:3239} INFO - Sync 1 DAGs
[2024-10-06T04:26:19.976+0000] {logging_mixin.py:190} INFO - [2024-10-06T04:26:19.976+0000] {dag.py:4180} INFO - Setting next_dagrun for example_skip_dag to 2024-10-05 00:00:00+00:00, run_after=2024-10-06 00:00:00+00:00
[2024-10-06T04:26:19.994+0000] {processor.py:208} INFO - Processing /home/airflow/.local/lib/python3.12/site-packages/airflow/example_dags/example_skip_dag.py took 0.066 seconds
[2024-10-06T04:26:50.190+0000] {processor.py:186} INFO - Started process (PID=266) to work on /home/airflow/.local/lib/python3.12/site-packages/airflow/example_dags/example_skip_dag.py
[2024-10-06T04:26:50.190+0000] {processor.py:914} INFO - Processing file /home/airflow/.local/lib/python3.12/site-packages/airflow/example_dags/example_skip_dag.py for tasks to queue
[2024-10-06T04:26:50.192+0000] {logging_mixin.py:190} INFO - [2024-10-06T04:26:50.192+0000] {dagbag.py:588} INFO - Filling up the DagBag from /home/airflow/.local/lib/python3.12/site-packages/airflow/example_dags/example_skip_dag.py
[2024-10-06T04:26:50.198+0000] {processor.py:925} INFO - DAG(s) 'example_skip_dag' retrieved from /home/airflow/.local/lib/python3.12/site-packages/airflow/example_dags/example_skip_dag.py
[2024-10-06T04:26:50.214+0000] {logging_mixin.py:190} INFO - [2024-10-06T04:26:50.214+0000] {dag.py:3239} INFO - Sync 1 DAGs
[2024-10-06T04:26:50.232+0000] {logging_mixin.py:190} INFO - [2024-10-06T04:26:50.231+0000] {dag.py:4180} INFO - Setting next_dagrun for example_skip_dag to 2024-10-05 00:00:00+00:00, run_after=2024-10-06 00:00:00+00:00
[2024-10-06T04:26:50.256+0000] {processor.py:208} INFO - Processing /home/airflow/.local/lib/python3.12/site-packages/airflow/example_dags/example_skip_dag.py took 0.070 seconds
[2024-10-06T04:27:20.690+0000] {processor.py:186} INFO - Started process (PID=329) to work on /home/airflow/.local/lib/python3.12/site-packages/airflow/example_dags/example_skip_dag.py
[2024-10-06T04:27:20.691+0000] {processor.py:914} INFO - Processing file /home/airflow/.local/lib/python3.12/site-packages/airflow/example_dags/example_skip_dag.py for tasks to queue
[2024-10-06T04:27:20.693+0000] {logging_mixin.py:190} INFO - [2024-10-06T04:27:20.693+0000] {dagbag.py:588} INFO - Filling up the DagBag from /home/airflow/.local/lib/python3.12/site-packages/airflow/example_dags/example_skip_dag.py
[2024-10-06T04:27:20.701+0000] {processor.py:925} INFO - DAG(s) 'example_skip_dag' retrieved from /home/airflow/.local/lib/python3.12/site-packages/airflow/example_dags/example_skip_dag.py
[2024-10-06T04:27:20.724+0000] {logging_mixin.py:190} INFO - [2024-10-06T04:27:20.724+0000] {dag.py:3239} INFO - Sync 1 DAGs
[2024-10-06T04:27:20.748+0000] {logging_mixin.py:190} INFO - [2024-10-06T04:27:20.747+0000] {dag.py:4180} INFO - Setting next_dagrun for example_skip_dag to 2024-10-05 00:00:00+00:00, run_after=2024-10-06 00:00:00+00:00
[2024-10-06T04:27:20.770+0000] {processor.py:208} INFO - Processing /home/airflow/.local/lib/python3.12/site-packages/airflow/example_dags/example_skip_dag.py took 0.086 seconds
[2024-10-06T04:27:51.196+0000] {processor.py:186} INFO - Started process (PID=390) to work on /home/airflow/.local/lib/python3.12/site-packages/airflow/example_dags/example_skip_dag.py
[2024-10-06T04:27:51.197+0000] {processor.py:914} INFO - Processing file /home/airflow/.local/lib/python3.12/site-packages/airflow/example_dags/example_skip_dag.py for tasks to queue
[2024-10-06T04:27:51.198+0000] {logging_mixin.py:190} INFO - [2024-10-06T04:27:51.198+0000] {dagbag.py:588} INFO - Filling up the DagBag from /home/airflow/.local/lib/python3.12/site-packages/airflow/example_dags/example_skip_dag.py
[2024-10-06T04:27:51.204+0000] {processor.py:925} INFO - DAG(s) 'example_skip_dag' retrieved from /home/airflow/.local/lib/python3.12/site-packages/airflow/example_dags/example_skip_dag.py
[2024-10-06T04:27:51.226+0000] {logging_mixin.py:190} INFO - [2024-10-06T04:27:51.226+0000] {dag.py:3239} INFO - Sync 1 DAGs
[2024-10-06T04:27:51.253+0000] {logging_mixin.py:190} INFO - [2024-10-06T04:27:51.253+0000] {dag.py:4180} INFO - Setting next_dagrun for example_skip_dag to 2024-10-05 00:00:00+00:00, run_after=2024-10-06 00:00:00+00:00
[2024-10-06T04:27:51.282+0000] {processor.py:208} INFO - Processing /home/airflow/.local/lib/python3.12/site-packages/airflow/example_dags/example_skip_dag.py took 0.090 seconds
[2024-10-06T04:28:21.387+0000] {processor.py:186} INFO - Started process (PID=453) to work on /home/airflow/.local/lib/python3.12/site-packages/airflow/example_dags/example_skip_dag.py
[2024-10-06T04:28:21.387+0000] {processor.py:914} INFO - Processing file /home/airflow/.local/lib/python3.12/site-packages/airflow/example_dags/example_skip_dag.py for tasks to queue
[2024-10-06T04:28:21.390+0000] {logging_mixin.py:190} INFO - [2024-10-06T04:28:21.389+0000] {dagbag.py:588} INFO - Filling up the DagBag from /home/airflow/.local/lib/python3.12/site-packages/airflow/example_dags/example_skip_dag.py
[2024-10-06T04:28:21.397+0000] {processor.py:925} INFO - DAG(s) 'example_skip_dag' retrieved from /home/airflow/.local/lib/python3.12/site-packages/airflow/example_dags/example_skip_dag.py
[2024-10-06T04:28:21.418+0000] {logging_mixin.py:190} INFO - [2024-10-06T04:28:21.418+0000] {dag.py:3239} INFO - Sync 1 DAGs
[2024-10-06T04:28:21.448+0000] {logging_mixin.py:190} INFO - [2024-10-06T04:28:21.448+0000] {dag.py:4180} INFO - Setting next_dagrun for example_skip_dag to 2024-10-05 00:00:00+00:00, run_after=2024-10-06 00:00:00+00:00
[2024-10-06T04:28:21.478+0000] {processor.py:208} INFO - Processing /home/airflow/.local/lib/python3.12/site-packages/airflow/example_dags/example_skip_dag.py took 0.096 seconds
[2024-10-06T04:28:51.734+0000] {processor.py:186} INFO - Started process (PID=515) to work on /home/airflow/.local/lib/python3.12/site-packages/airflow/example_dags/example_skip_dag.py
[2024-10-06T04:28:51.735+0000] {processor.py:914} INFO - Processing file /home/airflow/.local/lib/python3.12/site-packages/airflow/example_dags/example_skip_dag.py for tasks to queue
[2024-10-06T04:28:51.737+0000] {logging_mixin.py:190} INFO - [2024-10-06T04:28:51.736+0000] {dagbag.py:588} INFO - Filling up the DagBag from /home/airflow/.local/lib/python3.12/site-packages/airflow/example_dags/example_skip_dag.py
[2024-10-06T04:28:51.743+0000] {processor.py:925} INFO - DAG(s) 'example_skip_dag' retrieved from /home/airflow/.local/lib/python3.12/site-packages/airflow/example_dags/example_skip_dag.py
[2024-10-06T04:28:51.759+0000] {logging_mixin.py:190} INFO - [2024-10-06T04:28:51.759+0000] {dag.py:3239} INFO - Sync 1 DAGs
[2024-10-06T04:28:51.777+0000] {logging_mixin.py:190} INFO - [2024-10-06T04:28:51.777+0000] {dag.py:4180} INFO - Setting next_dagrun for example_skip_dag to 2024-10-05 00:00:00+00:00, run_after=2024-10-06 00:00:00+00:00
[2024-10-06T04:28:51.792+0000] {processor.py:208} INFO - Processing /home/airflow/.local/lib/python3.12/site-packages/airflow/example_dags/example_skip_dag.py took 0.063 seconds
[2024-10-06T04:29:21.922+0000] {processor.py:186} INFO - Started process (PID=577) to work on /home/airflow/.local/lib/python3.12/site-packages/airflow/example_dags/example_skip_dag.py
[2024-10-06T04:29:21.922+0000] {processor.py:914} INFO - Processing file /home/airflow/.local/lib/python3.12/site-packages/airflow/example_dags/example_skip_dag.py for tasks to queue
[2024-10-06T04:29:21.924+0000] {logging_mixin.py:190} INFO - [2024-10-06T04:29:21.924+0000] {dagbag.py:588} INFO - Filling up the DagBag from /home/airflow/.local/lib/python3.12/site-packages/airflow/example_dags/example_skip_dag.py
[2024-10-06T04:29:21.931+0000] {processor.py:925} INFO - DAG(s) 'example_skip_dag' retrieved from /home/airflow/.local/lib/python3.12/site-packages/airflow/example_dags/example_skip_dag.py
[2024-10-06T04:29:21.948+0000] {logging_mixin.py:190} INFO - [2024-10-06T04:29:21.948+0000] {dag.py:3239} INFO - Sync 1 DAGs
[2024-10-06T04:29:21.966+0000] {logging_mixin.py:190} INFO - [2024-10-06T04:29:21.966+0000] {dag.py:4180} INFO - Setting next_dagrun for example_skip_dag to 2024-10-05 00:00:00+00:00, run_after=2024-10-06 00:00:00+00:00
[2024-10-06T04:29:21.982+0000] {processor.py:208} INFO - Processing /home/airflow/.local/lib/python3.12/site-packages/airflow/example_dags/example_skip_dag.py took 0.066 seconds
[2024-10-06T04:29:52.160+0000] {processor.py:186} INFO - Started process (PID=639) to work on /home/airflow/.local/lib/python3.12/site-packages/airflow/example_dags/example_skip_dag.py
[2024-10-06T04:29:52.161+0000] {processor.py:914} INFO - Processing file /home/airflow/.local/lib/python3.12/site-packages/airflow/example_dags/example_skip_dag.py for tasks to queue
[2024-10-06T04:29:52.162+0000] {logging_mixin.py:190} INFO - [2024-10-06T04:29:52.162+0000] {dagbag.py:588} INFO - Filling up the DagBag from /home/airflow/.local/lib/python3.12/site-packages/airflow/example_dags/example_skip_dag.py
[2024-10-06T04:29:52.170+0000] {processor.py:925} INFO - DAG(s) 'example_skip_dag' retrieved from /home/airflow/.local/lib/python3.12/site-packages/airflow/example_dags/example_skip_dag.py
[2024-10-06T04:29:52.187+0000] {logging_mixin.py:190} INFO - [2024-10-06T04:29:52.186+0000] {dag.py:3239} INFO - Sync 1 DAGs
[2024-10-06T04:29:52.205+0000] {logging_mixin.py:190} INFO - [2024-10-06T04:29:52.204+0000] {dag.py:4180} INFO - Setting next_dagrun for example_skip_dag to 2024-10-05 00:00:00+00:00, run_after=2024-10-06 00:00:00+00:00
[2024-10-06T04:29:52.222+0000] {processor.py:208} INFO - Processing /home/airflow/.local/lib/python3.12/site-packages/airflow/example_dags/example_skip_dag.py took 0.067 seconds
[2024-10-06T04:30:22.347+0000] {processor.py:186} INFO - Started process (PID=702) to work on /home/airflow/.local/lib/python3.12/site-packages/airflow/example_dags/example_skip_dag.py
[2024-10-06T04:30:22.348+0000] {processor.py:914} INFO - Processing file /home/airflow/.local/lib/python3.12/site-packages/airflow/example_dags/example_skip_dag.py for tasks to queue
[2024-10-06T04:30:22.350+0000] {logging_mixin.py:190} INFO - [2024-10-06T04:30:22.349+0000] {dagbag.py:588} INFO - Filling up the DagBag from /home/airflow/.local/lib/python3.12/site-packages/airflow/example_dags/example_skip_dag.py
[2024-10-06T04:30:22.357+0000] {processor.py:925} INFO - DAG(s) 'example_skip_dag' retrieved from /home/airflow/.local/lib/python3.12/site-packages/airflow/example_dags/example_skip_dag.py
[2024-10-06T04:30:22.376+0000] {logging_mixin.py:190} INFO - [2024-10-06T04:30:22.376+0000] {dag.py:3239} INFO - Sync 1 DAGs
[2024-10-06T04:30:22.398+0000] {logging_mixin.py:190} INFO - [2024-10-06T04:30:22.397+0000] {dag.py:4180} INFO - Setting next_dagrun for example_skip_dag to 2024-10-05 00:00:00+00:00, run_after=2024-10-06 00:00:00+00:00
[2024-10-06T04:30:22.421+0000] {processor.py:208} INFO - Processing /home/airflow/.local/lib/python3.12/site-packages/airflow/example_dags/example_skip_dag.py took 0.079 seconds
[2024-10-06T04:30:52.716+0000] {processor.py:186} INFO - Started process (PID=765) to work on /home/airflow/.local/lib/python3.12/site-packages/airflow/example_dags/example_skip_dag.py
[2024-10-06T04:30:52.716+0000] {processor.py:914} INFO - Processing file /home/airflow/.local/lib/python3.12/site-packages/airflow/example_dags/example_skip_dag.py for tasks to queue
[2024-10-06T04:30:52.718+0000] {logging_mixin.py:190} INFO - [2024-10-06T04:30:52.718+0000] {dagbag.py:588} INFO - Filling up the DagBag from /home/airflow/.local/lib/python3.12/site-packages/airflow/example_dags/example_skip_dag.py
[2024-10-06T04:30:52.726+0000] {processor.py:925} INFO - DAG(s) 'example_skip_dag' retrieved from /home/airflow/.local/lib/python3.12/site-packages/airflow/example_dags/example_skip_dag.py
[2024-10-06T04:30:52.742+0000] {logging_mixin.py:190} INFO - [2024-10-06T04:30:52.742+0000] {dag.py:3239} INFO - Sync 1 DAGs
[2024-10-06T04:30:52.761+0000] {logging_mixin.py:190} INFO - [2024-10-06T04:30:52.761+0000] {dag.py:4180} INFO - Setting next_dagrun for example_skip_dag to 2024-10-05 00:00:00+00:00, run_after=2024-10-06 00:00:00+00:00
[2024-10-06T04:30:52.778+0000] {processor.py:208} INFO - Processing /home/airflow/.local/lib/python3.12/site-packages/airflow/example_dags/example_skip_dag.py took 0.069 seconds
[2024-10-06T04:31:22.975+0000] {processor.py:186} INFO - Started process (PID=828) to work on /home/airflow/.local/lib/python3.12/site-packages/airflow/example_dags/example_skip_dag.py
[2024-10-06T04:31:22.975+0000] {processor.py:914} INFO - Processing file /home/airflow/.local/lib/python3.12/site-packages/airflow/example_dags/example_skip_dag.py for tasks to queue
[2024-10-06T04:31:22.977+0000] {logging_mixin.py:190} INFO - [2024-10-06T04:31:22.977+0000] {dagbag.py:588} INFO - Filling up the DagBag from /home/airflow/.local/lib/python3.12/site-packages/airflow/example_dags/example_skip_dag.py
[2024-10-06T04:31:22.983+0000] {processor.py:925} INFO - DAG(s) 'example_skip_dag' retrieved from /home/airflow/.local/lib/python3.12/site-packages/airflow/example_dags/example_skip_dag.py
[2024-10-06T04:31:23.000+0000] {logging_mixin.py:190} INFO - [2024-10-06T04:31:23.000+0000] {dag.py:3239} INFO - Sync 1 DAGs
[2024-10-06T04:31:23.019+0000] {logging_mixin.py:190} INFO - [2024-10-06T04:31:23.019+0000] {dag.py:4180} INFO - Setting next_dagrun for example_skip_dag to 2024-10-05 00:00:00+00:00, run_after=2024-10-06 00:00:00+00:00
[2024-10-06T04:31:23.044+0000] {processor.py:208} INFO - Processing /home/airflow/.local/lib/python3.12/site-packages/airflow/example_dags/example_skip_dag.py took 0.075 seconds
[2024-10-06T04:31:53.198+0000] {processor.py:186} INFO - Started process (PID=891) to work on /home/airflow/.local/lib/python3.12/site-packages/airflow/example_dags/example_skip_dag.py
[2024-10-06T04:31:53.198+0000] {processor.py:914} INFO - Processing file /home/airflow/.local/lib/python3.12/site-packages/airflow/example_dags/example_skip_dag.py for tasks to queue
[2024-10-06T04:31:53.200+0000] {logging_mixin.py:190} INFO - [2024-10-06T04:31:53.200+0000] {dagbag.py:588} INFO - Filling up the DagBag from /home/airflow/.local/lib/python3.12/site-packages/airflow/example_dags/example_skip_dag.py
[2024-10-06T04:31:53.206+0000] {processor.py:925} INFO - DAG(s) 'example_skip_dag' retrieved from /home/airflow/.local/lib/python3.12/site-packages/airflow/example_dags/example_skip_dag.py
[2024-10-06T04:31:53.225+0000] {logging_mixin.py:190} INFO - [2024-10-06T04:31:53.225+0000] {dag.py:3239} INFO - Sync 1 DAGs
[2024-10-06T04:31:53.248+0000] {logging_mixin.py:190} INFO - [2024-10-06T04:31:53.248+0000] {dag.py:4180} INFO - Setting next_dagrun for example_skip_dag to 2024-10-05 00:00:00+00:00, run_after=2024-10-06 00:00:00+00:00
[2024-10-06T04:31:53.267+0000] {processor.py:208} INFO - Processing /home/airflow/.local/lib/python3.12/site-packages/airflow/example_dags/example_skip_dag.py took 0.074 seconds
[2024-10-06T04:32:23.324+0000] {processor.py:186} INFO - Started process (PID=954) to work on /home/airflow/.local/lib/python3.12/site-packages/airflow/example_dags/example_skip_dag.py
[2024-10-06T04:32:23.325+0000] {processor.py:914} INFO - Processing file /home/airflow/.local/lib/python3.12/site-packages/airflow/example_dags/example_skip_dag.py for tasks to queue
[2024-10-06T04:32:23.326+0000] {logging_mixin.py:190} INFO - [2024-10-06T04:32:23.326+0000] {dagbag.py:588} INFO - Filling up the DagBag from /home/airflow/.local/lib/python3.12/site-packages/airflow/example_dags/example_skip_dag.py
[2024-10-06T04:32:23.334+0000] {processor.py:925} INFO - DAG(s) 'example_skip_dag' retrieved from /home/airflow/.local/lib/python3.12/site-packages/airflow/example_dags/example_skip_dag.py
[2024-10-06T04:32:23.350+0000] {logging_mixin.py:190} INFO - [2024-10-06T04:32:23.350+0000] {dag.py:3239} INFO - Sync 1 DAGs
[2024-10-06T04:32:23.368+0000] {logging_mixin.py:190} INFO - [2024-10-06T04:32:23.368+0000] {dag.py:4180} INFO - Setting next_dagrun for example_skip_dag to 2024-10-05 00:00:00+00:00, run_after=2024-10-06 00:00:00+00:00
[2024-10-06T04:32:23.385+0000] {processor.py:208} INFO - Processing /home/airflow/.local/lib/python3.12/site-packages/airflow/example_dags/example_skip_dag.py took 0.065 seconds
[2024-10-06T04:32:53.762+0000] {processor.py:186} INFO - Started process (PID=1017) to work on /home/airflow/.local/lib/python3.12/site-packages/airflow/example_dags/example_skip_dag.py
[2024-10-06T04:32:53.763+0000] {processor.py:914} INFO - Processing file /home/airflow/.local/lib/python3.12/site-packages/airflow/example_dags/example_skip_dag.py for tasks to queue
[2024-10-06T04:32:53.764+0000] {logging_mixin.py:190} INFO - [2024-10-06T04:32:53.764+0000] {dagbag.py:588} INFO - Filling up the DagBag from /home/airflow/.local/lib/python3.12/site-packages/airflow/example_dags/example_skip_dag.py
[2024-10-06T04:32:53.770+0000] {processor.py:925} INFO - DAG(s) 'example_skip_dag' retrieved from /home/airflow/.local/lib/python3.12/site-packages/airflow/example_dags/example_skip_dag.py
[2024-10-06T04:32:53.790+0000] {logging_mixin.py:190} INFO - [2024-10-06T04:32:53.790+0000] {dag.py:3239} INFO - Sync 1 DAGs
[2024-10-06T04:32:53.808+0000] {logging_mixin.py:190} INFO - [2024-10-06T04:32:53.808+0000] {dag.py:4180} INFO - Setting next_dagrun for example_skip_dag to 2024-10-05 00:00:00+00:00, run_after=2024-10-06 00:00:00+00:00
[2024-10-06T04:32:53.829+0000] {processor.py:208} INFO - Processing /home/airflow/.local/lib/python3.12/site-packages/airflow/example_dags/example_skip_dag.py took 0.073 seconds
[2024-10-06T04:33:23.987+0000] {processor.py:186} INFO - Started process (PID=1080) to work on /home/airflow/.local/lib/python3.12/site-packages/airflow/example_dags/example_skip_dag.py
[2024-10-06T04:33:23.988+0000] {processor.py:914} INFO - Processing file /home/airflow/.local/lib/python3.12/site-packages/airflow/example_dags/example_skip_dag.py for tasks to queue
[2024-10-06T04:33:23.989+0000] {logging_mixin.py:190} INFO - [2024-10-06T04:33:23.989+0000] {dagbag.py:588} INFO - Filling up the DagBag from /home/airflow/.local/lib/python3.12/site-packages/airflow/example_dags/example_skip_dag.py
[2024-10-06T04:33:23.995+0000] {processor.py:925} INFO - DAG(s) 'example_skip_dag' retrieved from /home/airflow/.local/lib/python3.12/site-packages/airflow/example_dags/example_skip_dag.py
[2024-10-06T04:33:24.012+0000] {logging_mixin.py:190} INFO - [2024-10-06T04:33:24.012+0000] {dag.py:3239} INFO - Sync 1 DAGs
[2024-10-06T04:33:24.033+0000] {logging_mixin.py:190} INFO - [2024-10-06T04:33:24.033+0000] {dag.py:4180} INFO - Setting next_dagrun for example_skip_dag to 2024-10-05 00:00:00+00:00, run_after=2024-10-06 00:00:00+00:00
[2024-10-06T04:33:24.050+0000] {processor.py:208} INFO - Processing /home/airflow/.local/lib/python3.12/site-packages/airflow/example_dags/example_skip_dag.py took 0.067 seconds
[2024-10-06T04:33:54.173+0000] {processor.py:186} INFO - Started process (PID=1143) to work on /home/airflow/.local/lib/python3.12/site-packages/airflow/example_dags/example_skip_dag.py
[2024-10-06T04:33:54.174+0000] {processor.py:914} INFO - Processing file /home/airflow/.local/lib/python3.12/site-packages/airflow/example_dags/example_skip_dag.py for tasks to queue
[2024-10-06T04:33:54.176+0000] {logging_mixin.py:190} INFO - [2024-10-06T04:33:54.176+0000] {dagbag.py:588} INFO - Filling up the DagBag from /home/airflow/.local/lib/python3.12/site-packages/airflow/example_dags/example_skip_dag.py
[2024-10-06T04:33:54.184+0000] {processor.py:925} INFO - DAG(s) 'example_skip_dag' retrieved from /home/airflow/.local/lib/python3.12/site-packages/airflow/example_dags/example_skip_dag.py
[2024-10-06T04:33:54.216+0000] {logging_mixin.py:190} INFO - [2024-10-06T04:33:54.216+0000] {dag.py:3239} INFO - Sync 1 DAGs
[2024-10-06T04:33:54.248+0000] {logging_mixin.py:190} INFO - [2024-10-06T04:33:54.247+0000] {dag.py:4180} INFO - Setting next_dagrun for example_skip_dag to 2024-10-05 00:00:00+00:00, run_after=2024-10-06 00:00:00+00:00
[2024-10-06T04:33:54.299+0000] {processor.py:208} INFO - Processing /home/airflow/.local/lib/python3.12/site-packages/airflow/example_dags/example_skip_dag.py took 0.133 seconds
[2024-10-06T04:34:24.621+0000] {processor.py:186} INFO - Started process (PID=1206) to work on /home/airflow/.local/lib/python3.12/site-packages/airflow/example_dags/example_skip_dag.py
[2024-10-06T04:34:24.622+0000] {processor.py:914} INFO - Processing file /home/airflow/.local/lib/python3.12/site-packages/airflow/example_dags/example_skip_dag.py for tasks to queue
[2024-10-06T04:34:24.624+0000] {logging_mixin.py:190} INFO - [2024-10-06T04:34:24.623+0000] {dagbag.py:588} INFO - Filling up the DagBag from /home/airflow/.local/lib/python3.12/site-packages/airflow/example_dags/example_skip_dag.py
[2024-10-06T04:34:24.630+0000] {processor.py:925} INFO - DAG(s) 'example_skip_dag' retrieved from /home/airflow/.local/lib/python3.12/site-packages/airflow/example_dags/example_skip_dag.py
[2024-10-06T04:34:24.646+0000] {logging_mixin.py:190} INFO - [2024-10-06T04:34:24.646+0000] {dag.py:3239} INFO - Sync 1 DAGs
[2024-10-06T04:34:24.677+0000] {logging_mixin.py:190} INFO - [2024-10-06T04:34:24.677+0000] {dag.py:4180} INFO - Setting next_dagrun for example_skip_dag to 2024-10-05 00:00:00+00:00, run_after=2024-10-06 00:00:00+00:00
[2024-10-06T04:34:24.699+0000] {processor.py:208} INFO - Processing /home/airflow/.local/lib/python3.12/site-packages/airflow/example_dags/example_skip_dag.py took 0.084 seconds
[2024-10-06T04:34:55.060+0000] {processor.py:186} INFO - Started process (PID=1269) to work on /home/airflow/.local/lib/python3.12/site-packages/airflow/example_dags/example_skip_dag.py
[2024-10-06T04:34:55.061+0000] {processor.py:914} INFO - Processing file /home/airflow/.local/lib/python3.12/site-packages/airflow/example_dags/example_skip_dag.py for tasks to queue
[2024-10-06T04:34:55.062+0000] {logging_mixin.py:190} INFO - [2024-10-06T04:34:55.062+0000] {dagbag.py:588} INFO - Filling up the DagBag from /home/airflow/.local/lib/python3.12/site-packages/airflow/example_dags/example_skip_dag.py
[2024-10-06T04:34:55.069+0000] {processor.py:925} INFO - DAG(s) 'example_skip_dag' retrieved from /home/airflow/.local/lib/python3.12/site-packages/airflow/example_dags/example_skip_dag.py
[2024-10-06T04:34:55.093+0000] {logging_mixin.py:190} INFO - [2024-10-06T04:34:55.093+0000] {dag.py:3239} INFO - Sync 1 DAGs
[2024-10-06T04:34:55.118+0000] {logging_mixin.py:190} INFO - [2024-10-06T04:34:55.118+0000] {dag.py:4180} INFO - Setting next_dagrun for example_skip_dag to 2024-10-05 00:00:00+00:00, run_after=2024-10-06 00:00:00+00:00
[2024-10-06T04:34:55.151+0000] {processor.py:208} INFO - Processing /home/airflow/.local/lib/python3.12/site-packages/airflow/example_dags/example_skip_dag.py took 0.096 seconds
[2024-10-06T04:35:25.203+0000] {processor.py:186} INFO - Started process (PID=1332) to work on /home/airflow/.local/lib/python3.12/site-packages/airflow/example_dags/example_skip_dag.py
[2024-10-06T04:35:25.204+0000] {processor.py:914} INFO - Processing file /home/airflow/.local/lib/python3.12/site-packages/airflow/example_dags/example_skip_dag.py for tasks to queue
[2024-10-06T04:35:25.206+0000] {logging_mixin.py:190} INFO - [2024-10-06T04:35:25.205+0000] {dagbag.py:588} INFO - Filling up the DagBag from /home/airflow/.local/lib/python3.12/site-packages/airflow/example_dags/example_skip_dag.py
[2024-10-06T04:35:25.215+0000] {processor.py:925} INFO - DAG(s) 'example_skip_dag' retrieved from /home/airflow/.local/lib/python3.12/site-packages/airflow/example_dags/example_skip_dag.py
[2024-10-06T04:35:25.232+0000] {logging_mixin.py:190} INFO - [2024-10-06T04:35:25.232+0000] {dag.py:3239} INFO - Sync 1 DAGs
[2024-10-06T04:35:25.250+0000] {logging_mixin.py:190} INFO - [2024-10-06T04:35:25.250+0000] {dag.py:4180} INFO - Setting next_dagrun for example_skip_dag to 2024-10-05 00:00:00+00:00, run_after=2024-10-06 00:00:00+00:00
[2024-10-06T04:35:25.267+0000] {processor.py:208} INFO - Processing /home/airflow/.local/lib/python3.12/site-packages/airflow/example_dags/example_skip_dag.py took 0.068 seconds
[2024-10-06T04:35:55.595+0000] {processor.py:186} INFO - Started process (PID=1394) to work on /home/airflow/.local/lib/python3.12/site-packages/airflow/example_dags/example_skip_dag.py
[2024-10-06T04:35:55.596+0000] {processor.py:914} INFO - Processing file /home/airflow/.local/lib/python3.12/site-packages/airflow/example_dags/example_skip_dag.py for tasks to queue
[2024-10-06T04:35:55.598+0000] {logging_mixin.py:190} INFO - [2024-10-06T04:35:55.598+0000] {dagbag.py:588} INFO - Filling up the DagBag from /home/airflow/.local/lib/python3.12/site-packages/airflow/example_dags/example_skip_dag.py
[2024-10-06T04:35:55.606+0000] {processor.py:925} INFO - DAG(s) 'example_skip_dag' retrieved from /home/airflow/.local/lib/python3.12/site-packages/airflow/example_dags/example_skip_dag.py
[2024-10-06T04:35:55.626+0000] {logging_mixin.py:190} INFO - [2024-10-06T04:35:55.626+0000] {dag.py:3239} INFO - Sync 1 DAGs
[2024-10-06T04:35:55.646+0000] {logging_mixin.py:190} INFO - [2024-10-06T04:35:55.645+0000] {dag.py:4180} INFO - Setting next_dagrun for example_skip_dag to 2024-10-05 00:00:00+00:00, run_after=2024-10-06 00:00:00+00:00
[2024-10-06T04:35:55.663+0000] {processor.py:208} INFO - Processing /home/airflow/.local/lib/python3.12/site-packages/airflow/example_dags/example_skip_dag.py took 0.075 seconds
[2024-10-06T04:36:25.753+0000] {processor.py:186} INFO - Started process (PID=1458) to work on /home/airflow/.local/lib/python3.12/site-packages/airflow/example_dags/example_skip_dag.py
[2024-10-06T04:36:25.753+0000] {processor.py:914} INFO - Processing file /home/airflow/.local/lib/python3.12/site-packages/airflow/example_dags/example_skip_dag.py for tasks to queue
[2024-10-06T04:36:25.755+0000] {logging_mixin.py:190} INFO - [2024-10-06T04:36:25.755+0000] {dagbag.py:588} INFO - Filling up the DagBag from /home/airflow/.local/lib/python3.12/site-packages/airflow/example_dags/example_skip_dag.py
[2024-10-06T04:36:25.761+0000] {processor.py:925} INFO - DAG(s) 'example_skip_dag' retrieved from /home/airflow/.local/lib/python3.12/site-packages/airflow/example_dags/example_skip_dag.py
[2024-10-06T04:36:25.778+0000] {logging_mixin.py:190} INFO - [2024-10-06T04:36:25.778+0000] {dag.py:3239} INFO - Sync 1 DAGs
[2024-10-06T04:36:25.799+0000] {logging_mixin.py:190} INFO - [2024-10-06T04:36:25.799+0000] {dag.py:4180} INFO - Setting next_dagrun for example_skip_dag to 2024-10-05 00:00:00+00:00, run_after=2024-10-06 00:00:00+00:00
[2024-10-06T04:36:25.817+0000] {processor.py:208} INFO - Processing /home/airflow/.local/lib/python3.12/site-packages/airflow/example_dags/example_skip_dag.py took 0.069 seconds
[2024-10-06T04:36:55.960+0000] {processor.py:186} INFO - Started process (PID=1523) to work on /home/airflow/.local/lib/python3.12/site-packages/airflow/example_dags/example_skip_dag.py
[2024-10-06T04:36:55.961+0000] {processor.py:914} INFO - Processing file /home/airflow/.local/lib/python3.12/site-packages/airflow/example_dags/example_skip_dag.py for tasks to queue
[2024-10-06T04:36:55.963+0000] {logging_mixin.py:190} INFO - [2024-10-06T04:36:55.962+0000] {dagbag.py:588} INFO - Filling up the DagBag from /home/airflow/.local/lib/python3.12/site-packages/airflow/example_dags/example_skip_dag.py
[2024-10-06T04:36:55.970+0000] {processor.py:925} INFO - DAG(s) 'example_skip_dag' retrieved from /home/airflow/.local/lib/python3.12/site-packages/airflow/example_dags/example_skip_dag.py
[2024-10-06T04:36:55.991+0000] {logging_mixin.py:190} INFO - [2024-10-06T04:36:55.991+0000] {dag.py:3239} INFO - Sync 1 DAGs
[2024-10-06T04:36:56.011+0000] {logging_mixin.py:190} INFO - [2024-10-06T04:36:56.011+0000] {dag.py:4180} INFO - Setting next_dagrun for example_skip_dag to 2024-10-05 00:00:00+00:00, run_after=2024-10-06 00:00:00+00:00
[2024-10-06T04:36:56.029+0000] {processor.py:208} INFO - Processing /home/airflow/.local/lib/python3.12/site-packages/airflow/example_dags/example_skip_dag.py took 0.073 seconds
[2024-10-06T04:37:26.512+0000] {processor.py:186} INFO - Started process (PID=1586) to work on /home/airflow/.local/lib/python3.12/site-packages/airflow/example_dags/example_skip_dag.py
[2024-10-06T04:37:26.512+0000] {processor.py:914} INFO - Processing file /home/airflow/.local/lib/python3.12/site-packages/airflow/example_dags/example_skip_dag.py for tasks to queue
[2024-10-06T04:37:26.514+0000] {logging_mixin.py:190} INFO - [2024-10-06T04:37:26.513+0000] {dagbag.py:588} INFO - Filling up the DagBag from /home/airflow/.local/lib/python3.12/site-packages/airflow/example_dags/example_skip_dag.py
[2024-10-06T04:37:26.519+0000] {processor.py:925} INFO - DAG(s) 'example_skip_dag' retrieved from /home/airflow/.local/lib/python3.12/site-packages/airflow/example_dags/example_skip_dag.py
[2024-10-06T04:37:26.536+0000] {logging_mixin.py:190} INFO - [2024-10-06T04:37:26.536+0000] {dag.py:3239} INFO - Sync 1 DAGs
[2024-10-06T04:37:26.553+0000] {logging_mixin.py:190} INFO - [2024-10-06T04:37:26.553+0000] {dag.py:4180} INFO - Setting next_dagrun for example_skip_dag to 2024-10-05 00:00:00+00:00, run_after=2024-10-06 00:00:00+00:00
[2024-10-06T04:37:26.569+0000] {processor.py:208} INFO - Processing /home/airflow/.local/lib/python3.12/site-packages/airflow/example_dags/example_skip_dag.py took 0.061 seconds
[2024-10-06T04:37:56.831+0000] {processor.py:186} INFO - Started process (PID=1649) to work on /home/airflow/.local/lib/python3.12/site-packages/airflow/example_dags/example_skip_dag.py
[2024-10-06T04:37:56.832+0000] {processor.py:914} INFO - Processing file /home/airflow/.local/lib/python3.12/site-packages/airflow/example_dags/example_skip_dag.py for tasks to queue
[2024-10-06T04:37:56.834+0000] {logging_mixin.py:190} INFO - [2024-10-06T04:37:56.833+0000] {dagbag.py:588} INFO - Filling up the DagBag from /home/airflow/.local/lib/python3.12/site-packages/airflow/example_dags/example_skip_dag.py
[2024-10-06T04:37:56.840+0000] {processor.py:925} INFO - DAG(s) 'example_skip_dag' retrieved from /home/airflow/.local/lib/python3.12/site-packages/airflow/example_dags/example_skip_dag.py
[2024-10-06T04:37:56.861+0000] {logging_mixin.py:190} INFO - [2024-10-06T04:37:56.860+0000] {dag.py:3239} INFO - Sync 1 DAGs
[2024-10-06T04:37:56.884+0000] {logging_mixin.py:190} INFO - [2024-10-06T04:37:56.884+0000] {dag.py:4180} INFO - Setting next_dagrun for example_skip_dag to 2024-10-05 00:00:00+00:00, run_after=2024-10-06 00:00:00+00:00
[2024-10-06T04:37:56.906+0000] {processor.py:208} INFO - Processing /home/airflow/.local/lib/python3.12/site-packages/airflow/example_dags/example_skip_dag.py took 0.081 seconds
[2024-10-06T04:38:27.327+0000] {processor.py:186} INFO - Started process (PID=1712) to work on /home/airflow/.local/lib/python3.12/site-packages/airflow/example_dags/example_skip_dag.py
[2024-10-06T04:38:27.328+0000] {processor.py:914} INFO - Processing file /home/airflow/.local/lib/python3.12/site-packages/airflow/example_dags/example_skip_dag.py for tasks to queue
[2024-10-06T04:38:27.328+0000] {logging_mixin.py:190} INFO - [2024-10-06T04:38:27.328+0000] {dagbag.py:588} INFO - Filling up the DagBag from /home/airflow/.local/lib/python3.12/site-packages/airflow/example_dags/example_skip_dag.py
[2024-10-06T04:38:27.335+0000] {processor.py:925} INFO - DAG(s) 'example_skip_dag' retrieved from /home/airflow/.local/lib/python3.12/site-packages/airflow/example_dags/example_skip_dag.py
[2024-10-06T04:38:27.351+0000] {logging_mixin.py:190} INFO - [2024-10-06T04:38:27.351+0000] {dag.py:3239} INFO - Sync 1 DAGs
[2024-10-06T04:38:27.368+0000] {logging_mixin.py:190} INFO - [2024-10-06T04:38:27.368+0000] {dag.py:4180} INFO - Setting next_dagrun for example_skip_dag to 2024-10-05 00:00:00+00:00, run_after=2024-10-06 00:00:00+00:00
[2024-10-06T04:38:27.386+0000] {processor.py:208} INFO - Processing /home/airflow/.local/lib/python3.12/site-packages/airflow/example_dags/example_skip_dag.py took 0.063 seconds
[2024-10-06T04:38:57.629+0000] {processor.py:186} INFO - Started process (PID=1775) to work on /home/airflow/.local/lib/python3.12/site-packages/airflow/example_dags/example_skip_dag.py
[2024-10-06T04:38:57.630+0000] {processor.py:914} INFO - Processing file /home/airflow/.local/lib/python3.12/site-packages/airflow/example_dags/example_skip_dag.py for tasks to queue
[2024-10-06T04:38:57.630+0000] {logging_mixin.py:190} INFO - [2024-10-06T04:38:57.630+0000] {dagbag.py:588} INFO - Filling up the DagBag from /home/airflow/.local/lib/python3.12/site-packages/airflow/example_dags/example_skip_dag.py
[2024-10-06T04:38:57.638+0000] {processor.py:925} INFO - DAG(s) 'example_skip_dag' retrieved from /home/airflow/.local/lib/python3.12/site-packages/airflow/example_dags/example_skip_dag.py
[2024-10-06T04:38:57.655+0000] {logging_mixin.py:190} INFO - [2024-10-06T04:38:57.655+0000] {dag.py:3239} INFO - Sync 1 DAGs
[2024-10-06T04:38:57.673+0000] {logging_mixin.py:190} INFO - [2024-10-06T04:38:57.673+0000] {dag.py:4180} INFO - Setting next_dagrun for example_skip_dag to 2024-10-05 00:00:00+00:00, run_after=2024-10-06 00:00:00+00:00
[2024-10-06T04:38:57.689+0000] {processor.py:208} INFO - Processing /home/airflow/.local/lib/python3.12/site-packages/airflow/example_dags/example_skip_dag.py took 0.064 seconds
[2024-10-06T04:39:28.612+0000] {processor.py:186} INFO - Started process (PID=1838) to work on /home/airflow/.local/lib/python3.12/site-packages/airflow/example_dags/example_skip_dag.py
[2024-10-06T04:39:28.613+0000] {processor.py:914} INFO - Processing file /home/airflow/.local/lib/python3.12/site-packages/airflow/example_dags/example_skip_dag.py for tasks to queue
[2024-10-06T04:39:28.614+0000] {logging_mixin.py:190} INFO - [2024-10-06T04:39:28.613+0000] {dagbag.py:588} INFO - Filling up the DagBag from /home/airflow/.local/lib/python3.12/site-packages/airflow/example_dags/example_skip_dag.py
[2024-10-06T04:39:28.621+0000] {processor.py:925} INFO - DAG(s) 'example_skip_dag' retrieved from /home/airflow/.local/lib/python3.12/site-packages/airflow/example_dags/example_skip_dag.py
[2024-10-06T04:39:28.640+0000] {logging_mixin.py:190} INFO - [2024-10-06T04:39:28.640+0000] {dag.py:3239} INFO - Sync 1 DAGs
[2024-10-06T04:39:28.663+0000] {logging_mixin.py:190} INFO - [2024-10-06T04:39:28.663+0000] {dag.py:4180} INFO - Setting next_dagrun for example_skip_dag to 2024-10-05 00:00:00+00:00, run_after=2024-10-06 00:00:00+00:00
[2024-10-06T04:39:28.693+0000] {processor.py:208} INFO - Processing /home/airflow/.local/lib/python3.12/site-packages/airflow/example_dags/example_skip_dag.py took 0.087 seconds
[2024-10-06T04:39:58.782+0000] {processor.py:186} INFO - Started process (PID=1901) to work on /home/airflow/.local/lib/python3.12/site-packages/airflow/example_dags/example_skip_dag.py
[2024-10-06T04:39:58.782+0000] {processor.py:914} INFO - Processing file /home/airflow/.local/lib/python3.12/site-packages/airflow/example_dags/example_skip_dag.py for tasks to queue
[2024-10-06T04:39:58.783+0000] {logging_mixin.py:190} INFO - [2024-10-06T04:39:58.783+0000] {dagbag.py:588} INFO - Filling up the DagBag from /home/airflow/.local/lib/python3.12/site-packages/airflow/example_dags/example_skip_dag.py
[2024-10-06T04:39:58.790+0000] {processor.py:925} INFO - DAG(s) 'example_skip_dag' retrieved from /home/airflow/.local/lib/python3.12/site-packages/airflow/example_dags/example_skip_dag.py
[2024-10-06T04:39:58.807+0000] {logging_mixin.py:190} INFO - [2024-10-06T04:39:58.807+0000] {dag.py:3239} INFO - Sync 1 DAGs
[2024-10-06T04:39:58.825+0000] {logging_mixin.py:190} INFO - [2024-10-06T04:39:58.825+0000] {dag.py:4180} INFO - Setting next_dagrun for example_skip_dag to 2024-10-05 00:00:00+00:00, run_after=2024-10-06 00:00:00+00:00
[2024-10-06T04:39:58.858+0000] {processor.py:208} INFO - Processing /home/airflow/.local/lib/python3.12/site-packages/airflow/example_dags/example_skip_dag.py took 0.081 seconds
[2024-10-06T04:40:29.067+0000] {processor.py:186} INFO - Started process (PID=1964) to work on /home/airflow/.local/lib/python3.12/site-packages/airflow/example_dags/example_skip_dag.py
[2024-10-06T04:40:29.068+0000] {processor.py:914} INFO - Processing file /home/airflow/.local/lib/python3.12/site-packages/airflow/example_dags/example_skip_dag.py for tasks to queue
[2024-10-06T04:40:29.069+0000] {logging_mixin.py:190} INFO - [2024-10-06T04:40:29.069+0000] {dagbag.py:588} INFO - Filling up the DagBag from /home/airflow/.local/lib/python3.12/site-packages/airflow/example_dags/example_skip_dag.py
[2024-10-06T04:40:29.077+0000] {processor.py:925} INFO - DAG(s) 'example_skip_dag' retrieved from /home/airflow/.local/lib/python3.12/site-packages/airflow/example_dags/example_skip_dag.py
[2024-10-06T04:40:29.097+0000] {logging_mixin.py:190} INFO - [2024-10-06T04:40:29.097+0000] {dag.py:3239} INFO - Sync 1 DAGs
[2024-10-06T04:40:29.121+0000] {logging_mixin.py:190} INFO - [2024-10-06T04:40:29.121+0000] {dag.py:4180} INFO - Setting next_dagrun for example_skip_dag to 2024-10-05 00:00:00+00:00, run_after=2024-10-06 00:00:00+00:00
[2024-10-06T04:40:29.142+0000] {processor.py:208} INFO - Processing /home/airflow/.local/lib/python3.12/site-packages/airflow/example_dags/example_skip_dag.py took 0.080 seconds
[2024-10-06T04:40:59.720+0000] {processor.py:186} INFO - Started process (PID=2027) to work on /home/airflow/.local/lib/python3.12/site-packages/airflow/example_dags/example_skip_dag.py
[2024-10-06T04:40:59.720+0000] {processor.py:914} INFO - Processing file /home/airflow/.local/lib/python3.12/site-packages/airflow/example_dags/example_skip_dag.py for tasks to queue
[2024-10-06T04:40:59.721+0000] {logging_mixin.py:190} INFO - [2024-10-06T04:40:59.721+0000] {dagbag.py:588} INFO - Filling up the DagBag from /home/airflow/.local/lib/python3.12/site-packages/airflow/example_dags/example_skip_dag.py
[2024-10-06T04:40:59.728+0000] {processor.py:925} INFO - DAG(s) 'example_skip_dag' retrieved from /home/airflow/.local/lib/python3.12/site-packages/airflow/example_dags/example_skip_dag.py
[2024-10-06T04:40:59.746+0000] {logging_mixin.py:190} INFO - [2024-10-06T04:40:59.746+0000] {dag.py:3239} INFO - Sync 1 DAGs
[2024-10-06T04:40:59.765+0000] {logging_mixin.py:190} INFO - [2024-10-06T04:40:59.765+0000] {dag.py:4180} INFO - Setting next_dagrun for example_skip_dag to 2024-10-05 00:00:00+00:00, run_after=2024-10-06 00:00:00+00:00
[2024-10-06T04:40:59.789+0000] {processor.py:208} INFO - Processing /home/airflow/.local/lib/python3.12/site-packages/airflow/example_dags/example_skip_dag.py took 0.074 seconds
[2024-10-06T04:41:30.441+0000] {processor.py:186} INFO - Started process (PID=2090) to work on /home/airflow/.local/lib/python3.12/site-packages/airflow/example_dags/example_skip_dag.py
[2024-10-06T04:41:30.451+0000] {processor.py:914} INFO - Processing file /home/airflow/.local/lib/python3.12/site-packages/airflow/example_dags/example_skip_dag.py for tasks to queue
[2024-10-06T04:41:30.452+0000] {logging_mixin.py:190} INFO - [2024-10-06T04:41:30.452+0000] {dagbag.py:588} INFO - Filling up the DagBag from /home/airflow/.local/lib/python3.12/site-packages/airflow/example_dags/example_skip_dag.py
[2024-10-06T04:41:30.477+0000] {processor.py:925} INFO - DAG(s) 'example_skip_dag' retrieved from /home/airflow/.local/lib/python3.12/site-packages/airflow/example_dags/example_skip_dag.py
[2024-10-06T04:41:30.524+0000] {logging_mixin.py:190} INFO - [2024-10-06T04:41:30.524+0000] {dag.py:3239} INFO - Sync 1 DAGs
[2024-10-06T04:41:30.550+0000] {logging_mixin.py:190} INFO - [2024-10-06T04:41:30.550+0000] {dag.py:4180} INFO - Setting next_dagrun for example_skip_dag to 2024-10-05 00:00:00+00:00, run_after=2024-10-06 00:00:00+00:00
[2024-10-06T04:41:30.572+0000] {processor.py:208} INFO - Processing /home/airflow/.local/lib/python3.12/site-packages/airflow/example_dags/example_skip_dag.py took 0.149 seconds
[2024-10-06T04:42:01.116+0000] {processor.py:186} INFO - Started process (PID=2154) to work on /home/airflow/.local/lib/python3.12/site-packages/airflow/example_dags/example_skip_dag.py
[2024-10-06T04:42:01.117+0000] {processor.py:914} INFO - Processing file /home/airflow/.local/lib/python3.12/site-packages/airflow/example_dags/example_skip_dag.py for tasks to queue
[2024-10-06T04:42:01.117+0000] {logging_mixin.py:190} INFO - [2024-10-06T04:42:01.117+0000] {dagbag.py:588} INFO - Filling up the DagBag from /home/airflow/.local/lib/python3.12/site-packages/airflow/example_dags/example_skip_dag.py
[2024-10-06T04:42:01.126+0000] {processor.py:925} INFO - DAG(s) 'example_skip_dag' retrieved from /home/airflow/.local/lib/python3.12/site-packages/airflow/example_dags/example_skip_dag.py
[2024-10-06T04:42:01.142+0000] {logging_mixin.py:190} INFO - [2024-10-06T04:42:01.142+0000] {dag.py:3239} INFO - Sync 1 DAGs
[2024-10-06T04:42:01.164+0000] {logging_mixin.py:190} INFO - [2024-10-06T04:42:01.163+0000] {dag.py:4180} INFO - Setting next_dagrun for example_skip_dag to 2024-10-05 00:00:00+00:00, run_after=2024-10-06 00:00:00+00:00
[2024-10-06T04:42:01.183+0000] {processor.py:208} INFO - Processing /home/airflow/.local/lib/python3.12/site-packages/airflow/example_dags/example_skip_dag.py took 0.071 seconds
[2024-10-06T04:42:31.989+0000] {processor.py:186} INFO - Started process (PID=2217) to work on /home/airflow/.local/lib/python3.12/site-packages/airflow/example_dags/example_skip_dag.py
[2024-10-06T04:42:31.990+0000] {processor.py:914} INFO - Processing file /home/airflow/.local/lib/python3.12/site-packages/airflow/example_dags/example_skip_dag.py for tasks to queue
[2024-10-06T04:42:31.990+0000] {logging_mixin.py:190} INFO - [2024-10-06T04:42:31.990+0000] {dagbag.py:588} INFO - Filling up the DagBag from /home/airflow/.local/lib/python3.12/site-packages/airflow/example_dags/example_skip_dag.py
[2024-10-06T04:42:31.997+0000] {processor.py:925} INFO - DAG(s) 'example_skip_dag' retrieved from /home/airflow/.local/lib/python3.12/site-packages/airflow/example_dags/example_skip_dag.py
[2024-10-06T04:42:32.013+0000] {logging_mixin.py:190} INFO - [2024-10-06T04:42:32.013+0000] {dag.py:3239} INFO - Sync 1 DAGs
[2024-10-06T04:42:32.030+0000] {logging_mixin.py:190} INFO - [2024-10-06T04:42:32.030+0000] {dag.py:4180} INFO - Setting next_dagrun for example_skip_dag to 2024-10-05 00:00:00+00:00, run_after=2024-10-06 00:00:00+00:00
[2024-10-06T04:42:32.049+0000] {processor.py:208} INFO - Processing /home/airflow/.local/lib/python3.12/site-packages/airflow/example_dags/example_skip_dag.py took 0.065 seconds
[2024-10-06T04:43:02.731+0000] {processor.py:186} INFO - Started process (PID=2280) to work on /home/airflow/.local/lib/python3.12/site-packages/airflow/example_dags/example_skip_dag.py
[2024-10-06T04:43:02.731+0000] {processor.py:914} INFO - Processing file /home/airflow/.local/lib/python3.12/site-packages/airflow/example_dags/example_skip_dag.py for tasks to queue
[2024-10-06T04:43:02.732+0000] {logging_mixin.py:190} INFO - [2024-10-06T04:43:02.732+0000] {dagbag.py:588} INFO - Filling up the DagBag from /home/airflow/.local/lib/python3.12/site-packages/airflow/example_dags/example_skip_dag.py
[2024-10-06T04:43:02.739+0000] {processor.py:925} INFO - DAG(s) 'example_skip_dag' retrieved from /home/airflow/.local/lib/python3.12/site-packages/airflow/example_dags/example_skip_dag.py
[2024-10-06T04:43:02.755+0000] {logging_mixin.py:190} INFO - [2024-10-06T04:43:02.755+0000] {dag.py:3239} INFO - Sync 1 DAGs
[2024-10-06T04:43:02.773+0000] {logging_mixin.py:190} INFO - [2024-10-06T04:43:02.772+0000] {dag.py:4180} INFO - Setting next_dagrun for example_skip_dag to 2024-10-05 00:00:00+00:00, run_after=2024-10-06 00:00:00+00:00
[2024-10-06T04:43:02.791+0000] {processor.py:208} INFO - Processing /home/airflow/.local/lib/python3.12/site-packages/airflow/example_dags/example_skip_dag.py took 0.065 seconds
[2024-10-06T04:43:33.636+0000] {processor.py:186} INFO - Started process (PID=2343) to work on /home/airflow/.local/lib/python3.12/site-packages/airflow/example_dags/example_skip_dag.py
[2024-10-06T04:43:33.636+0000] {processor.py:914} INFO - Processing file /home/airflow/.local/lib/python3.12/site-packages/airflow/example_dags/example_skip_dag.py for tasks to queue
[2024-10-06T04:43:33.638+0000] {logging_mixin.py:190} INFO - [2024-10-06T04:43:33.637+0000] {dagbag.py:588} INFO - Filling up the DagBag from /home/airflow/.local/lib/python3.12/site-packages/airflow/example_dags/example_skip_dag.py
[2024-10-06T04:43:33.647+0000] {processor.py:925} INFO - DAG(s) 'example_skip_dag' retrieved from /home/airflow/.local/lib/python3.12/site-packages/airflow/example_dags/example_skip_dag.py
[2024-10-06T04:43:33.664+0000] {logging_mixin.py:190} INFO - [2024-10-06T04:43:33.664+0000] {dag.py:3239} INFO - Sync 1 DAGs
[2024-10-06T04:43:33.685+0000] {logging_mixin.py:190} INFO - [2024-10-06T04:43:33.685+0000] {dag.py:4180} INFO - Setting next_dagrun for example_skip_dag to 2024-10-05 00:00:00+00:00, run_after=2024-10-06 00:00:00+00:00
[2024-10-06T04:43:33.706+0000] {processor.py:208} INFO - Processing /home/airflow/.local/lib/python3.12/site-packages/airflow/example_dags/example_skip_dag.py took 0.075 seconds
[2024-10-06T04:44:03.975+0000] {processor.py:186} INFO - Started process (PID=2407) to work on /home/airflow/.local/lib/python3.12/site-packages/airflow/example_dags/example_skip_dag.py
[2024-10-06T04:44:03.976+0000] {processor.py:914} INFO - Processing file /home/airflow/.local/lib/python3.12/site-packages/airflow/example_dags/example_skip_dag.py for tasks to queue
[2024-10-06T04:44:03.977+0000] {logging_mixin.py:190} INFO - [2024-10-06T04:44:03.977+0000] {dagbag.py:588} INFO - Filling up the DagBag from /home/airflow/.local/lib/python3.12/site-packages/airflow/example_dags/example_skip_dag.py
[2024-10-06T04:44:03.984+0000] {processor.py:925} INFO - DAG(s) 'example_skip_dag' retrieved from /home/airflow/.local/lib/python3.12/site-packages/airflow/example_dags/example_skip_dag.py
[2024-10-06T04:44:04.001+0000] {logging_mixin.py:190} INFO - [2024-10-06T04:44:04.001+0000] {dag.py:3239} INFO - Sync 1 DAGs
[2024-10-06T04:44:04.020+0000] {logging_mixin.py:190} INFO - [2024-10-06T04:44:04.020+0000] {dag.py:4180} INFO - Setting next_dagrun for example_skip_dag to 2024-10-05 00:00:00+00:00, run_after=2024-10-06 00:00:00+00:00
[2024-10-06T04:44:04.038+0000] {processor.py:208} INFO - Processing /home/airflow/.local/lib/python3.12/site-packages/airflow/example_dags/example_skip_dag.py took 0.067 seconds
[2024-10-06T04:44:34.878+0000] {processor.py:186} INFO - Started process (PID=2471) to work on /home/airflow/.local/lib/python3.12/site-packages/airflow/example_dags/example_skip_dag.py
[2024-10-06T04:44:34.879+0000] {processor.py:914} INFO - Processing file /home/airflow/.local/lib/python3.12/site-packages/airflow/example_dags/example_skip_dag.py for tasks to queue
[2024-10-06T04:44:34.880+0000] {logging_mixin.py:190} INFO - [2024-10-06T04:44:34.880+0000] {dagbag.py:588} INFO - Filling up the DagBag from /home/airflow/.local/lib/python3.12/site-packages/airflow/example_dags/example_skip_dag.py
[2024-10-06T04:44:34.887+0000] {processor.py:925} INFO - DAG(s) 'example_skip_dag' retrieved from /home/airflow/.local/lib/python3.12/site-packages/airflow/example_dags/example_skip_dag.py
[2024-10-06T04:44:34.904+0000] {logging_mixin.py:190} INFO - [2024-10-06T04:44:34.903+0000] {dag.py:3239} INFO - Sync 1 DAGs
[2024-10-06T04:44:34.921+0000] {logging_mixin.py:190} INFO - [2024-10-06T04:44:34.921+0000] {dag.py:4180} INFO - Setting next_dagrun for example_skip_dag to 2024-10-05 00:00:00+00:00, run_after=2024-10-06 00:00:00+00:00
[2024-10-06T04:44:34.938+0000] {processor.py:208} INFO - Processing /home/airflow/.local/lib/python3.12/site-packages/airflow/example_dags/example_skip_dag.py took 0.064 seconds
[2024-10-06T04:45:05.323+0000] {processor.py:186} INFO - Started process (PID=2534) to work on /home/airflow/.local/lib/python3.12/site-packages/airflow/example_dags/example_skip_dag.py
[2024-10-06T04:45:05.324+0000] {processor.py:914} INFO - Processing file /home/airflow/.local/lib/python3.12/site-packages/airflow/example_dags/example_skip_dag.py for tasks to queue
[2024-10-06T04:45:05.325+0000] {logging_mixin.py:190} INFO - [2024-10-06T04:45:05.324+0000] {dagbag.py:588} INFO - Filling up the DagBag from /home/airflow/.local/lib/python3.12/site-packages/airflow/example_dags/example_skip_dag.py
[2024-10-06T04:45:05.331+0000] {processor.py:925} INFO - DAG(s) 'example_skip_dag' retrieved from /home/airflow/.local/lib/python3.12/site-packages/airflow/example_dags/example_skip_dag.py
[2024-10-06T04:45:05.349+0000] {logging_mixin.py:190} INFO - [2024-10-06T04:45:05.349+0000] {dag.py:3239} INFO - Sync 1 DAGs
[2024-10-06T04:45:05.368+0000] {logging_mixin.py:190} INFO - [2024-10-06T04:45:05.368+0000] {dag.py:4180} INFO - Setting next_dagrun for example_skip_dag to 2024-10-05 00:00:00+00:00, run_after=2024-10-06 00:00:00+00:00
[2024-10-06T04:45:05.387+0000] {processor.py:208} INFO - Processing /home/airflow/.local/lib/python3.12/site-packages/airflow/example_dags/example_skip_dag.py took 0.069 seconds
[2024-10-06T04:45:36.068+0000] {processor.py:186} INFO - Started process (PID=2597) to work on /home/airflow/.local/lib/python3.12/site-packages/airflow/example_dags/example_skip_dag.py
[2024-10-06T04:45:36.069+0000] {processor.py:914} INFO - Processing file /home/airflow/.local/lib/python3.12/site-packages/airflow/example_dags/example_skip_dag.py for tasks to queue
[2024-10-06T04:45:36.070+0000] {logging_mixin.py:190} INFO - [2024-10-06T04:45:36.069+0000] {dagbag.py:588} INFO - Filling up the DagBag from /home/airflow/.local/lib/python3.12/site-packages/airflow/example_dags/example_skip_dag.py
[2024-10-06T04:45:36.078+0000] {processor.py:925} INFO - DAG(s) 'example_skip_dag' retrieved from /home/airflow/.local/lib/python3.12/site-packages/airflow/example_dags/example_skip_dag.py
[2024-10-06T04:45:36.097+0000] {logging_mixin.py:190} INFO - [2024-10-06T04:45:36.097+0000] {dag.py:3239} INFO - Sync 1 DAGs
[2024-10-06T04:45:36.119+0000] {logging_mixin.py:190} INFO - [2024-10-06T04:45:36.119+0000] {dag.py:4180} INFO - Setting next_dagrun for example_skip_dag to 2024-10-05 00:00:00+00:00, run_after=2024-10-06 00:00:00+00:00
[2024-10-06T04:45:36.138+0000] {processor.py:208} INFO - Processing /home/airflow/.local/lib/python3.12/site-packages/airflow/example_dags/example_skip_dag.py took 0.075 seconds
[2024-10-06T04:46:06.753+0000] {processor.py:186} INFO - Started process (PID=2660) to work on /home/airflow/.local/lib/python3.12/site-packages/airflow/example_dags/example_skip_dag.py
[2024-10-06T04:46:06.753+0000] {processor.py:914} INFO - Processing file /home/airflow/.local/lib/python3.12/site-packages/airflow/example_dags/example_skip_dag.py for tasks to queue
[2024-10-06T04:46:06.755+0000] {logging_mixin.py:190} INFO - [2024-10-06T04:46:06.754+0000] {dagbag.py:588} INFO - Filling up the DagBag from /home/airflow/.local/lib/python3.12/site-packages/airflow/example_dags/example_skip_dag.py
[2024-10-06T04:46:06.764+0000] {processor.py:925} INFO - DAG(s) 'example_skip_dag' retrieved from /home/airflow/.local/lib/python3.12/site-packages/airflow/example_dags/example_skip_dag.py
[2024-10-06T04:46:06.786+0000] {logging_mixin.py:190} INFO - [2024-10-06T04:46:06.785+0000] {dag.py:3239} INFO - Sync 1 DAGs
[2024-10-06T04:46:06.808+0000] {logging_mixin.py:190} INFO - [2024-10-06T04:46:06.808+0000] {dag.py:4180} INFO - Setting next_dagrun for example_skip_dag to 2024-10-05 00:00:00+00:00, run_after=2024-10-06 00:00:00+00:00
[2024-10-06T04:46:06.827+0000] {processor.py:208} INFO - Processing /home/airflow/.local/lib/python3.12/site-packages/airflow/example_dags/example_skip_dag.py took 0.081 seconds
[2024-10-06T04:46:37.441+0000] {processor.py:186} INFO - Started process (PID=2723) to work on /home/airflow/.local/lib/python3.12/site-packages/airflow/example_dags/example_skip_dag.py
[2024-10-06T04:46:37.441+0000] {processor.py:914} INFO - Processing file /home/airflow/.local/lib/python3.12/site-packages/airflow/example_dags/example_skip_dag.py for tasks to queue
[2024-10-06T04:46:37.443+0000] {logging_mixin.py:190} INFO - [2024-10-06T04:46:37.442+0000] {dagbag.py:588} INFO - Filling up the DagBag from /home/airflow/.local/lib/python3.12/site-packages/airflow/example_dags/example_skip_dag.py
[2024-10-06T04:46:37.451+0000] {processor.py:925} INFO - DAG(s) 'example_skip_dag' retrieved from /home/airflow/.local/lib/python3.12/site-packages/airflow/example_dags/example_skip_dag.py
[2024-10-06T04:46:37.471+0000] {logging_mixin.py:190} INFO - [2024-10-06T04:46:37.470+0000] {dag.py:3239} INFO - Sync 1 DAGs
[2024-10-06T04:46:37.493+0000] {logging_mixin.py:190} INFO - [2024-10-06T04:46:37.493+0000] {dag.py:4180} INFO - Setting next_dagrun for example_skip_dag to 2024-10-05 00:00:00+00:00, run_after=2024-10-06 00:00:00+00:00
[2024-10-06T04:46:37.514+0000] {processor.py:208} INFO - Processing /home/airflow/.local/lib/python3.12/site-packages/airflow/example_dags/example_skip_dag.py took 0.078 seconds
[2024-10-06T04:47:07.905+0000] {processor.py:186} INFO - Started process (PID=2786) to work on /home/airflow/.local/lib/python3.12/site-packages/airflow/example_dags/example_skip_dag.py
[2024-10-06T04:47:07.906+0000] {processor.py:914} INFO - Processing file /home/airflow/.local/lib/python3.12/site-packages/airflow/example_dags/example_skip_dag.py for tasks to queue
[2024-10-06T04:47:07.907+0000] {logging_mixin.py:190} INFO - [2024-10-06T04:47:07.907+0000] {dagbag.py:588} INFO - Filling up the DagBag from /home/airflow/.local/lib/python3.12/site-packages/airflow/example_dags/example_skip_dag.py
[2024-10-06T04:47:07.914+0000] {processor.py:925} INFO - DAG(s) 'example_skip_dag' retrieved from /home/airflow/.local/lib/python3.12/site-packages/airflow/example_dags/example_skip_dag.py
[2024-10-06T04:47:07.933+0000] {logging_mixin.py:190} INFO - [2024-10-06T04:47:07.932+0000] {dag.py:3239} INFO - Sync 1 DAGs
[2024-10-06T04:47:07.952+0000] {logging_mixin.py:190} INFO - [2024-10-06T04:47:07.952+0000] {dag.py:4180} INFO - Setting next_dagrun for example_skip_dag to 2024-10-05 00:00:00+00:00, run_after=2024-10-06 00:00:00+00:00
[2024-10-06T04:47:07.972+0000] {processor.py:208} INFO - Processing /home/airflow/.local/lib/python3.12/site-packages/airflow/example_dags/example_skip_dag.py took 0.071 seconds
[2024-10-06T04:47:38.741+0000] {processor.py:186} INFO - Started process (PID=2849) to work on /home/airflow/.local/lib/python3.12/site-packages/airflow/example_dags/example_skip_dag.py
[2024-10-06T04:47:38.746+0000] {processor.py:914} INFO - Processing file /home/airflow/.local/lib/python3.12/site-packages/airflow/example_dags/example_skip_dag.py for tasks to queue
[2024-10-06T04:47:38.747+0000] {logging_mixin.py:190} INFO - [2024-10-06T04:47:38.747+0000] {dagbag.py:588} INFO - Filling up the DagBag from /home/airflow/.local/lib/python3.12/site-packages/airflow/example_dags/example_skip_dag.py
[2024-10-06T04:47:38.756+0000] {processor.py:925} INFO - DAG(s) 'example_skip_dag' retrieved from /home/airflow/.local/lib/python3.12/site-packages/airflow/example_dags/example_skip_dag.py
[2024-10-06T04:47:38.779+0000] {logging_mixin.py:190} INFO - [2024-10-06T04:47:38.779+0000] {dag.py:3239} INFO - Sync 1 DAGs
[2024-10-06T04:47:38.804+0000] {logging_mixin.py:190} INFO - [2024-10-06T04:47:38.804+0000] {dag.py:4180} INFO - Setting next_dagrun for example_skip_dag to 2024-10-05 00:00:00+00:00, run_after=2024-10-06 00:00:00+00:00
[2024-10-06T04:47:38.836+0000] {processor.py:208} INFO - Processing /home/airflow/.local/lib/python3.12/site-packages/airflow/example_dags/example_skip_dag.py took 0.102 seconds
[2024-10-06T04:48:09.735+0000] {processor.py:186} INFO - Started process (PID=2912) to work on /home/airflow/.local/lib/python3.12/site-packages/airflow/example_dags/example_skip_dag.py
[2024-10-06T04:48:09.736+0000] {processor.py:914} INFO - Processing file /home/airflow/.local/lib/python3.12/site-packages/airflow/example_dags/example_skip_dag.py for tasks to queue
[2024-10-06T04:48:09.737+0000] {logging_mixin.py:190} INFO - [2024-10-06T04:48:09.736+0000] {dagbag.py:588} INFO - Filling up the DagBag from /home/airflow/.local/lib/python3.12/site-packages/airflow/example_dags/example_skip_dag.py
[2024-10-06T04:48:09.744+0000] {processor.py:925} INFO - DAG(s) 'example_skip_dag' retrieved from /home/airflow/.local/lib/python3.12/site-packages/airflow/example_dags/example_skip_dag.py
[2024-10-06T04:48:09.762+0000] {logging_mixin.py:190} INFO - [2024-10-06T04:48:09.761+0000] {dag.py:3239} INFO - Sync 1 DAGs
[2024-10-06T04:48:09.780+0000] {logging_mixin.py:190} INFO - [2024-10-06T04:48:09.780+0000] {dag.py:4180} INFO - Setting next_dagrun for example_skip_dag to 2024-10-05 00:00:00+00:00, run_after=2024-10-06 00:00:00+00:00
[2024-10-06T04:48:09.799+0000] {processor.py:208} INFO - Processing /home/airflow/.local/lib/python3.12/site-packages/airflow/example_dags/example_skip_dag.py took 0.069 seconds
[2024-10-06T04:48:40.116+0000] {processor.py:186} INFO - Started process (PID=2975) to work on /home/airflow/.local/lib/python3.12/site-packages/airflow/example_dags/example_skip_dag.py
[2024-10-06T04:48:40.116+0000] {processor.py:914} INFO - Processing file /home/airflow/.local/lib/python3.12/site-packages/airflow/example_dags/example_skip_dag.py for tasks to queue
[2024-10-06T04:48:40.117+0000] {logging_mixin.py:190} INFO - [2024-10-06T04:48:40.117+0000] {dagbag.py:588} INFO - Filling up the DagBag from /home/airflow/.local/lib/python3.12/site-packages/airflow/example_dags/example_skip_dag.py
[2024-10-06T04:48:40.124+0000] {processor.py:925} INFO - DAG(s) 'example_skip_dag' retrieved from /home/airflow/.local/lib/python3.12/site-packages/airflow/example_dags/example_skip_dag.py
[2024-10-06T04:48:40.140+0000] {logging_mixin.py:190} INFO - [2024-10-06T04:48:40.140+0000] {dag.py:3239} INFO - Sync 1 DAGs
[2024-10-06T04:48:40.158+0000] {logging_mixin.py:190} INFO - [2024-10-06T04:48:40.158+0000] {dag.py:4180} INFO - Setting next_dagrun for example_skip_dag to 2024-10-05 00:00:00+00:00, run_after=2024-10-06 00:00:00+00:00
[2024-10-06T04:48:40.193+0000] {processor.py:208} INFO - Processing /home/airflow/.local/lib/python3.12/site-packages/airflow/example_dags/example_skip_dag.py took 0.082 seconds
[2024-10-06T04:49:10.716+0000] {processor.py:186} INFO - Started process (PID=3039) to work on /home/airflow/.local/lib/python3.12/site-packages/airflow/example_dags/example_skip_dag.py
[2024-10-06T04:49:10.717+0000] {processor.py:914} INFO - Processing file /home/airflow/.local/lib/python3.12/site-packages/airflow/example_dags/example_skip_dag.py for tasks to queue
[2024-10-06T04:49:10.718+0000] {logging_mixin.py:190} INFO - [2024-10-06T04:49:10.717+0000] {dagbag.py:588} INFO - Filling up the DagBag from /home/airflow/.local/lib/python3.12/site-packages/airflow/example_dags/example_skip_dag.py
[2024-10-06T04:49:10.727+0000] {processor.py:925} INFO - DAG(s) 'example_skip_dag' retrieved from /home/airflow/.local/lib/python3.12/site-packages/airflow/example_dags/example_skip_dag.py
[2024-10-06T04:49:10.750+0000] {logging_mixin.py:190} INFO - [2024-10-06T04:49:10.750+0000] {dag.py:3239} INFO - Sync 1 DAGs
[2024-10-06T04:49:10.776+0000] {logging_mixin.py:190} INFO - [2024-10-06T04:49:10.776+0000] {dag.py:4180} INFO - Setting next_dagrun for example_skip_dag to 2024-10-05 00:00:00+00:00, run_after=2024-10-06 00:00:00+00:00
[2024-10-06T04:49:10.799+0000] {processor.py:208} INFO - Processing /home/airflow/.local/lib/python3.12/site-packages/airflow/example_dags/example_skip_dag.py took 0.090 seconds
[2024-10-06T04:49:41.007+0000] {processor.py:186} INFO - Started process (PID=3102) to work on /home/airflow/.local/lib/python3.12/site-packages/airflow/example_dags/example_skip_dag.py
[2024-10-06T04:49:41.007+0000] {processor.py:914} INFO - Processing file /home/airflow/.local/lib/python3.12/site-packages/airflow/example_dags/example_skip_dag.py for tasks to queue
[2024-10-06T04:49:41.009+0000] {logging_mixin.py:190} INFO - [2024-10-06T04:49:41.008+0000] {dagbag.py:588} INFO - Filling up the DagBag from /home/airflow/.local/lib/python3.12/site-packages/airflow/example_dags/example_skip_dag.py
[2024-10-06T04:49:41.017+0000] {processor.py:925} INFO - DAG(s) 'example_skip_dag' retrieved from /home/airflow/.local/lib/python3.12/site-packages/airflow/example_dags/example_skip_dag.py
[2024-10-06T04:49:41.033+0000] {logging_mixin.py:190} INFO - [2024-10-06T04:49:41.033+0000] {dag.py:3239} INFO - Sync 1 DAGs
[2024-10-06T04:49:41.055+0000] {logging_mixin.py:190} INFO - [2024-10-06T04:49:41.055+0000] {dag.py:4180} INFO - Setting next_dagrun for example_skip_dag to 2024-10-05 00:00:00+00:00, run_after=2024-10-06 00:00:00+00:00
[2024-10-06T04:49:41.078+0000] {processor.py:208} INFO - Processing /home/airflow/.local/lib/python3.12/site-packages/airflow/example_dags/example_skip_dag.py took 0.078 seconds
[2024-10-06T04:50:11.477+0000] {processor.py:186} INFO - Started process (PID=3165) to work on /home/airflow/.local/lib/python3.12/site-packages/airflow/example_dags/example_skip_dag.py
[2024-10-06T04:50:11.477+0000] {processor.py:914} INFO - Processing file /home/airflow/.local/lib/python3.12/site-packages/airflow/example_dags/example_skip_dag.py for tasks to queue
[2024-10-06T04:50:11.478+0000] {logging_mixin.py:190} INFO - [2024-10-06T04:50:11.478+0000] {dagbag.py:588} INFO - Filling up the DagBag from /home/airflow/.local/lib/python3.12/site-packages/airflow/example_dags/example_skip_dag.py
[2024-10-06T04:50:11.485+0000] {processor.py:925} INFO - DAG(s) 'example_skip_dag' retrieved from /home/airflow/.local/lib/python3.12/site-packages/airflow/example_dags/example_skip_dag.py
[2024-10-06T04:50:11.504+0000] {logging_mixin.py:190} INFO - [2024-10-06T04:50:11.504+0000] {dag.py:3239} INFO - Sync 1 DAGs
[2024-10-06T04:50:11.526+0000] {logging_mixin.py:190} INFO - [2024-10-06T04:50:11.526+0000] {dag.py:4180} INFO - Setting next_dagrun for example_skip_dag to 2024-10-05 00:00:00+00:00, run_after=2024-10-06 00:00:00+00:00
[2024-10-06T04:50:11.568+0000] {processor.py:208} INFO - Processing /home/airflow/.local/lib/python3.12/site-packages/airflow/example_dags/example_skip_dag.py took 0.096 seconds
[2024-10-06T04:50:41.778+0000] {processor.py:186} INFO - Started process (PID=3227) to work on /home/airflow/.local/lib/python3.12/site-packages/airflow/example_dags/example_skip_dag.py
[2024-10-06T04:50:41.779+0000] {processor.py:914} INFO - Processing file /home/airflow/.local/lib/python3.12/site-packages/airflow/example_dags/example_skip_dag.py for tasks to queue
[2024-10-06T04:50:41.780+0000] {logging_mixin.py:190} INFO - [2024-10-06T04:50:41.780+0000] {dagbag.py:588} INFO - Filling up the DagBag from /home/airflow/.local/lib/python3.12/site-packages/airflow/example_dags/example_skip_dag.py
[2024-10-06T04:50:41.786+0000] {processor.py:925} INFO - DAG(s) 'example_skip_dag' retrieved from /home/airflow/.local/lib/python3.12/site-packages/airflow/example_dags/example_skip_dag.py
[2024-10-06T04:50:41.803+0000] {logging_mixin.py:190} INFO - [2024-10-06T04:50:41.802+0000] {dag.py:3239} INFO - Sync 1 DAGs
[2024-10-06T04:50:41.821+0000] {logging_mixin.py:190} INFO - [2024-10-06T04:50:41.821+0000] {dag.py:4180} INFO - Setting next_dagrun for example_skip_dag to 2024-10-05 00:00:00+00:00, run_after=2024-10-06 00:00:00+00:00
[2024-10-06T04:50:41.837+0000] {processor.py:208} INFO - Processing /home/airflow/.local/lib/python3.12/site-packages/airflow/example_dags/example_skip_dag.py took 0.063 seconds
[2024-10-06T04:51:12.406+0000] {processor.py:186} INFO - Started process (PID=3290) to work on /home/airflow/.local/lib/python3.12/site-packages/airflow/example_dags/example_skip_dag.py
[2024-10-06T04:51:12.406+0000] {processor.py:914} INFO - Processing file /home/airflow/.local/lib/python3.12/site-packages/airflow/example_dags/example_skip_dag.py for tasks to queue
[2024-10-06T04:51:12.407+0000] {logging_mixin.py:190} INFO - [2024-10-06T04:51:12.407+0000] {dagbag.py:588} INFO - Filling up the DagBag from /home/airflow/.local/lib/python3.12/site-packages/airflow/example_dags/example_skip_dag.py
[2024-10-06T04:51:12.414+0000] {processor.py:925} INFO - DAG(s) 'example_skip_dag' retrieved from /home/airflow/.local/lib/python3.12/site-packages/airflow/example_dags/example_skip_dag.py
[2024-10-06T04:51:12.434+0000] {logging_mixin.py:190} INFO - [2024-10-06T04:51:12.434+0000] {dag.py:3239} INFO - Sync 1 DAGs
[2024-10-06T04:51:12.455+0000] {logging_mixin.py:190} INFO - [2024-10-06T04:51:12.455+0000] {dag.py:4180} INFO - Setting next_dagrun for example_skip_dag to 2024-10-05 00:00:00+00:00, run_after=2024-10-06 00:00:00+00:00
[2024-10-06T04:51:12.478+0000] {processor.py:208} INFO - Processing /home/airflow/.local/lib/python3.12/site-packages/airflow/example_dags/example_skip_dag.py took 0.076 seconds
[2024-10-06T04:51:42.692+0000] {processor.py:186} INFO - Started process (PID=3353) to work on /home/airflow/.local/lib/python3.12/site-packages/airflow/example_dags/example_skip_dag.py
[2024-10-06T04:51:42.693+0000] {processor.py:914} INFO - Processing file /home/airflow/.local/lib/python3.12/site-packages/airflow/example_dags/example_skip_dag.py for tasks to queue
[2024-10-06T04:51:42.693+0000] {logging_mixin.py:190} INFO - [2024-10-06T04:51:42.693+0000] {dagbag.py:588} INFO - Filling up the DagBag from /home/airflow/.local/lib/python3.12/site-packages/airflow/example_dags/example_skip_dag.py
[2024-10-06T04:51:42.701+0000] {processor.py:925} INFO - DAG(s) 'example_skip_dag' retrieved from /home/airflow/.local/lib/python3.12/site-packages/airflow/example_dags/example_skip_dag.py
[2024-10-06T04:51:42.718+0000] {logging_mixin.py:190} INFO - [2024-10-06T04:51:42.718+0000] {dag.py:3239} INFO - Sync 1 DAGs
[2024-10-06T04:51:42.735+0000] {logging_mixin.py:190} INFO - [2024-10-06T04:51:42.735+0000] {dag.py:4180} INFO - Setting next_dagrun for example_skip_dag to 2024-10-05 00:00:00+00:00, run_after=2024-10-06 00:00:00+00:00
[2024-10-06T04:51:42.755+0000] {processor.py:208} INFO - Processing /home/airflow/.local/lib/python3.12/site-packages/airflow/example_dags/example_skip_dag.py took 0.068 seconds
[2024-10-06T04:52:12.974+0000] {processor.py:186} INFO - Started process (PID=3416) to work on /home/airflow/.local/lib/python3.12/site-packages/airflow/example_dags/example_skip_dag.py
[2024-10-06T04:52:12.975+0000] {processor.py:914} INFO - Processing file /home/airflow/.local/lib/python3.12/site-packages/airflow/example_dags/example_skip_dag.py for tasks to queue
[2024-10-06T04:52:12.976+0000] {logging_mixin.py:190} INFO - [2024-10-06T04:52:12.975+0000] {dagbag.py:588} INFO - Filling up the DagBag from /home/airflow/.local/lib/python3.12/site-packages/airflow/example_dags/example_skip_dag.py
[2024-10-06T04:52:12.984+0000] {processor.py:925} INFO - DAG(s) 'example_skip_dag' retrieved from /home/airflow/.local/lib/python3.12/site-packages/airflow/example_dags/example_skip_dag.py
[2024-10-06T04:52:13.005+0000] {logging_mixin.py:190} INFO - [2024-10-06T04:52:13.005+0000] {dag.py:3239} INFO - Sync 1 DAGs
[2024-10-06T04:52:13.027+0000] {logging_mixin.py:190} INFO - [2024-10-06T04:52:13.027+0000] {dag.py:4180} INFO - Setting next_dagrun for example_skip_dag to 2024-10-05 00:00:00+00:00, run_after=2024-10-06 00:00:00+00:00
[2024-10-06T04:52:13.055+0000] {processor.py:208} INFO - Processing /home/airflow/.local/lib/python3.12/site-packages/airflow/example_dags/example_skip_dag.py took 0.087 seconds
[2024-10-06T04:52:43.280+0000] {processor.py:186} INFO - Started process (PID=3480) to work on /home/airflow/.local/lib/python3.12/site-packages/airflow/example_dags/example_skip_dag.py
[2024-10-06T04:52:43.280+0000] {processor.py:914} INFO - Processing file /home/airflow/.local/lib/python3.12/site-packages/airflow/example_dags/example_skip_dag.py for tasks to queue
[2024-10-06T04:52:43.281+0000] {logging_mixin.py:190} INFO - [2024-10-06T04:52:43.281+0000] {dagbag.py:588} INFO - Filling up the DagBag from /home/airflow/.local/lib/python3.12/site-packages/airflow/example_dags/example_skip_dag.py
[2024-10-06T04:52:43.288+0000] {processor.py:925} INFO - DAG(s) 'example_skip_dag' retrieved from /home/airflow/.local/lib/python3.12/site-packages/airflow/example_dags/example_skip_dag.py
[2024-10-06T04:52:43.310+0000] {logging_mixin.py:190} INFO - [2024-10-06T04:52:43.310+0000] {dag.py:3239} INFO - Sync 1 DAGs
[2024-10-06T04:52:43.337+0000] {logging_mixin.py:190} INFO - [2024-10-06T04:52:43.337+0000] {dag.py:4180} INFO - Setting next_dagrun for example_skip_dag to 2024-10-05 00:00:00+00:00, run_after=2024-10-06 00:00:00+00:00
[2024-10-06T04:52:43.358+0000] {processor.py:208} INFO - Processing /home/airflow/.local/lib/python3.12/site-packages/airflow/example_dags/example_skip_dag.py took 0.082 seconds
[2024-10-06T04:53:13.625+0000] {processor.py:186} INFO - Started process (PID=3543) to work on /home/airflow/.local/lib/python3.12/site-packages/airflow/example_dags/example_skip_dag.py
[2024-10-06T04:53:13.625+0000] {processor.py:914} INFO - Processing file /home/airflow/.local/lib/python3.12/site-packages/airflow/example_dags/example_skip_dag.py for tasks to queue
[2024-10-06T04:53:13.626+0000] {logging_mixin.py:190} INFO - [2024-10-06T04:53:13.626+0000] {dagbag.py:588} INFO - Filling up the DagBag from /home/airflow/.local/lib/python3.12/site-packages/airflow/example_dags/example_skip_dag.py
[2024-10-06T04:53:13.633+0000] {processor.py:925} INFO - DAG(s) 'example_skip_dag' retrieved from /home/airflow/.local/lib/python3.12/site-packages/airflow/example_dags/example_skip_dag.py
[2024-10-06T04:53:13.650+0000] {logging_mixin.py:190} INFO - [2024-10-06T04:53:13.650+0000] {dag.py:3239} INFO - Sync 1 DAGs
[2024-10-06T04:53:13.668+0000] {logging_mixin.py:190} INFO - [2024-10-06T04:53:13.668+0000] {dag.py:4180} INFO - Setting next_dagrun for example_skip_dag to 2024-10-05 00:00:00+00:00, run_after=2024-10-06 00:00:00+00:00
[2024-10-06T04:53:13.686+0000] {processor.py:208} INFO - Processing /home/airflow/.local/lib/python3.12/site-packages/airflow/example_dags/example_skip_dag.py took 0.066 seconds
[2024-10-06T04:53:43.905+0000] {processor.py:186} INFO - Started process (PID=3606) to work on /home/airflow/.local/lib/python3.12/site-packages/airflow/example_dags/example_skip_dag.py
[2024-10-06T04:53:43.906+0000] {processor.py:914} INFO - Processing file /home/airflow/.local/lib/python3.12/site-packages/airflow/example_dags/example_skip_dag.py for tasks to queue
[2024-10-06T04:53:43.907+0000] {logging_mixin.py:190} INFO - [2024-10-06T04:53:43.906+0000] {dagbag.py:588} INFO - Filling up the DagBag from /home/airflow/.local/lib/python3.12/site-packages/airflow/example_dags/example_skip_dag.py
[2024-10-06T04:53:43.914+0000] {processor.py:925} INFO - DAG(s) 'example_skip_dag' retrieved from /home/airflow/.local/lib/python3.12/site-packages/airflow/example_dags/example_skip_dag.py
[2024-10-06T04:53:43.931+0000] {logging_mixin.py:190} INFO - [2024-10-06T04:53:43.931+0000] {dag.py:3239} INFO - Sync 1 DAGs
[2024-10-06T04:53:43.949+0000] {logging_mixin.py:190} INFO - [2024-10-06T04:53:43.949+0000] {dag.py:4180} INFO - Setting next_dagrun for example_skip_dag to 2024-10-05 00:00:00+00:00, run_after=2024-10-06 00:00:00+00:00
[2024-10-06T04:53:43.968+0000] {processor.py:208} INFO - Processing /home/airflow/.local/lib/python3.12/site-packages/airflow/example_dags/example_skip_dag.py took 0.068 seconds
[2024-10-06T04:54:14.118+0000] {processor.py:186} INFO - Started process (PID=3669) to work on /home/airflow/.local/lib/python3.12/site-packages/airflow/example_dags/example_skip_dag.py
[2024-10-06T04:54:14.118+0000] {processor.py:914} INFO - Processing file /home/airflow/.local/lib/python3.12/site-packages/airflow/example_dags/example_skip_dag.py for tasks to queue
[2024-10-06T04:54:14.119+0000] {logging_mixin.py:190} INFO - [2024-10-06T04:54:14.119+0000] {dagbag.py:588} INFO - Filling up the DagBag from /home/airflow/.local/lib/python3.12/site-packages/airflow/example_dags/example_skip_dag.py
[2024-10-06T04:54:14.126+0000] {processor.py:925} INFO - DAG(s) 'example_skip_dag' retrieved from /home/airflow/.local/lib/python3.12/site-packages/airflow/example_dags/example_skip_dag.py
[2024-10-06T04:54:14.142+0000] {logging_mixin.py:190} INFO - [2024-10-06T04:54:14.142+0000] {dag.py:3239} INFO - Sync 1 DAGs
[2024-10-06T04:54:14.162+0000] {logging_mixin.py:190} INFO - [2024-10-06T04:54:14.161+0000] {dag.py:4180} INFO - Setting next_dagrun for example_skip_dag to 2024-10-05 00:00:00+00:00, run_after=2024-10-06 00:00:00+00:00
[2024-10-06T04:54:14.181+0000] {processor.py:208} INFO - Processing /home/airflow/.local/lib/python3.12/site-packages/airflow/example_dags/example_skip_dag.py took 0.068 seconds
[2024-10-06T04:54:44.437+0000] {processor.py:186} INFO - Started process (PID=3732) to work on /home/airflow/.local/lib/python3.12/site-packages/airflow/example_dags/example_skip_dag.py
[2024-10-06T04:54:44.438+0000] {processor.py:914} INFO - Processing file /home/airflow/.local/lib/python3.12/site-packages/airflow/example_dags/example_skip_dag.py for tasks to queue
[2024-10-06T04:54:44.439+0000] {logging_mixin.py:190} INFO - [2024-10-06T04:54:44.439+0000] {dagbag.py:588} INFO - Filling up the DagBag from /home/airflow/.local/lib/python3.12/site-packages/airflow/example_dags/example_skip_dag.py
[2024-10-06T04:54:44.446+0000] {processor.py:925} INFO - DAG(s) 'example_skip_dag' retrieved from /home/airflow/.local/lib/python3.12/site-packages/airflow/example_dags/example_skip_dag.py
[2024-10-06T04:54:44.465+0000] {logging_mixin.py:190} INFO - [2024-10-06T04:54:44.465+0000] {dag.py:3239} INFO - Sync 1 DAGs
[2024-10-06T04:54:44.483+0000] {logging_mixin.py:190} INFO - [2024-10-06T04:54:44.483+0000] {dag.py:4180} INFO - Setting next_dagrun for example_skip_dag to 2024-10-05 00:00:00+00:00, run_after=2024-10-06 00:00:00+00:00
[2024-10-06T04:54:44.500+0000] {processor.py:208} INFO - Processing /home/airflow/.local/lib/python3.12/site-packages/airflow/example_dags/example_skip_dag.py took 0.068 seconds
[2024-10-06T04:55:14.812+0000] {processor.py:186} INFO - Started process (PID=3796) to work on /home/airflow/.local/lib/python3.12/site-packages/airflow/example_dags/example_skip_dag.py
[2024-10-06T04:55:14.812+0000] {processor.py:914} INFO - Processing file /home/airflow/.local/lib/python3.12/site-packages/airflow/example_dags/example_skip_dag.py for tasks to queue
[2024-10-06T04:55:14.813+0000] {logging_mixin.py:190} INFO - [2024-10-06T04:55:14.813+0000] {dagbag.py:588} INFO - Filling up the DagBag from /home/airflow/.local/lib/python3.12/site-packages/airflow/example_dags/example_skip_dag.py
[2024-10-06T04:55:14.821+0000] {processor.py:925} INFO - DAG(s) 'example_skip_dag' retrieved from /home/airflow/.local/lib/python3.12/site-packages/airflow/example_dags/example_skip_dag.py
[2024-10-06T04:55:14.840+0000] {logging_mixin.py:190} INFO - [2024-10-06T04:55:14.840+0000] {dag.py:3239} INFO - Sync 1 DAGs
[2024-10-06T04:55:14.862+0000] {logging_mixin.py:190} INFO - [2024-10-06T04:55:14.861+0000] {dag.py:4180} INFO - Setting next_dagrun for example_skip_dag to 2024-10-05 00:00:00+00:00, run_after=2024-10-06 00:00:00+00:00
[2024-10-06T04:55:14.881+0000] {processor.py:208} INFO - Processing /home/airflow/.local/lib/python3.12/site-packages/airflow/example_dags/example_skip_dag.py took 0.076 seconds
[2024-10-06T04:55:45.146+0000] {processor.py:186} INFO - Started process (PID=3859) to work on /home/airflow/.local/lib/python3.12/site-packages/airflow/example_dags/example_skip_dag.py
[2024-10-06T04:55:45.147+0000] {processor.py:914} INFO - Processing file /home/airflow/.local/lib/python3.12/site-packages/airflow/example_dags/example_skip_dag.py for tasks to queue
[2024-10-06T04:55:45.148+0000] {logging_mixin.py:190} INFO - [2024-10-06T04:55:45.147+0000] {dagbag.py:588} INFO - Filling up the DagBag from /home/airflow/.local/lib/python3.12/site-packages/airflow/example_dags/example_skip_dag.py
[2024-10-06T04:55:45.154+0000] {processor.py:925} INFO - DAG(s) 'example_skip_dag' retrieved from /home/airflow/.local/lib/python3.12/site-packages/airflow/example_dags/example_skip_dag.py
[2024-10-06T04:55:45.172+0000] {logging_mixin.py:190} INFO - [2024-10-06T04:55:45.171+0000] {dag.py:3239} INFO - Sync 1 DAGs
[2024-10-06T04:55:45.189+0000] {logging_mixin.py:190} INFO - [2024-10-06T04:55:45.189+0000] {dag.py:4180} INFO - Setting next_dagrun for example_skip_dag to 2024-10-05 00:00:00+00:00, run_after=2024-10-06 00:00:00+00:00
[2024-10-06T04:55:45.206+0000] {processor.py:208} INFO - Processing /home/airflow/.local/lib/python3.12/site-packages/airflow/example_dags/example_skip_dag.py took 0.065 seconds
[2024-10-06T04:56:15.618+0000] {processor.py:186} INFO - Started process (PID=3923) to work on /home/airflow/.local/lib/python3.12/site-packages/airflow/example_dags/example_skip_dag.py
[2024-10-06T04:56:15.619+0000] {processor.py:914} INFO - Processing file /home/airflow/.local/lib/python3.12/site-packages/airflow/example_dags/example_skip_dag.py for tasks to queue
[2024-10-06T04:56:15.621+0000] {logging_mixin.py:190} INFO - [2024-10-06T04:56:15.620+0000] {dagbag.py:588} INFO - Filling up the DagBag from /home/airflow/.local/lib/python3.12/site-packages/airflow/example_dags/example_skip_dag.py
[2024-10-06T04:56:15.630+0000] {processor.py:925} INFO - DAG(s) 'example_skip_dag' retrieved from /home/airflow/.local/lib/python3.12/site-packages/airflow/example_dags/example_skip_dag.py
[2024-10-06T04:56:15.653+0000] {logging_mixin.py:190} INFO - [2024-10-06T04:56:15.653+0000] {dag.py:3239} INFO - Sync 1 DAGs
[2024-10-06T04:56:15.672+0000] {logging_mixin.py:190} INFO - [2024-10-06T04:56:15.672+0000] {dag.py:4180} INFO - Setting next_dagrun for example_skip_dag to 2024-10-05 00:00:00+00:00, run_after=2024-10-06 00:00:00+00:00
[2024-10-06T04:56:15.694+0000] {processor.py:208} INFO - Processing /home/airflow/.local/lib/python3.12/site-packages/airflow/example_dags/example_skip_dag.py took 0.083 seconds
[2024-10-06T04:56:46.049+0000] {processor.py:186} INFO - Started process (PID=3987) to work on /home/airflow/.local/lib/python3.12/site-packages/airflow/example_dags/example_skip_dag.py
[2024-10-06T04:56:46.050+0000] {processor.py:914} INFO - Processing file /home/airflow/.local/lib/python3.12/site-packages/airflow/example_dags/example_skip_dag.py for tasks to queue
[2024-10-06T04:56:46.051+0000] {logging_mixin.py:190} INFO - [2024-10-06T04:56:46.050+0000] {dagbag.py:588} INFO - Filling up the DagBag from /home/airflow/.local/lib/python3.12/site-packages/airflow/example_dags/example_skip_dag.py
[2024-10-06T04:56:46.058+0000] {processor.py:925} INFO - DAG(s) 'example_skip_dag' retrieved from /home/airflow/.local/lib/python3.12/site-packages/airflow/example_dags/example_skip_dag.py
[2024-10-06T04:56:46.077+0000] {logging_mixin.py:190} INFO - [2024-10-06T04:56:46.076+0000] {dag.py:3239} INFO - Sync 1 DAGs
[2024-10-06T04:56:46.099+0000] {logging_mixin.py:190} INFO - [2024-10-06T04:56:46.098+0000] {dag.py:4180} INFO - Setting next_dagrun for example_skip_dag to 2024-10-05 00:00:00+00:00, run_after=2024-10-06 00:00:00+00:00
[2024-10-06T04:56:46.119+0000] {processor.py:208} INFO - Processing /home/airflow/.local/lib/python3.12/site-packages/airflow/example_dags/example_skip_dag.py took 0.074 seconds
[2024-10-06T04:57:16.606+0000] {processor.py:186} INFO - Started process (PID=4051) to work on /home/airflow/.local/lib/python3.12/site-packages/airflow/example_dags/example_skip_dag.py
[2024-10-06T04:57:16.607+0000] {processor.py:914} INFO - Processing file /home/airflow/.local/lib/python3.12/site-packages/airflow/example_dags/example_skip_dag.py for tasks to queue
[2024-10-06T04:57:16.608+0000] {logging_mixin.py:190} INFO - [2024-10-06T04:57:16.608+0000] {dagbag.py:588} INFO - Filling up the DagBag from /home/airflow/.local/lib/python3.12/site-packages/airflow/example_dags/example_skip_dag.py
[2024-10-06T04:57:16.618+0000] {processor.py:925} INFO - DAG(s) 'example_skip_dag' retrieved from /home/airflow/.local/lib/python3.12/site-packages/airflow/example_dags/example_skip_dag.py
[2024-10-06T04:57:16.637+0000] {logging_mixin.py:190} INFO - [2024-10-06T04:57:16.637+0000] {dag.py:3239} INFO - Sync 1 DAGs
[2024-10-06T04:57:16.658+0000] {logging_mixin.py:190} INFO - [2024-10-06T04:57:16.658+0000] {dag.py:4180} INFO - Setting next_dagrun for example_skip_dag to 2024-10-05 00:00:00+00:00, run_after=2024-10-06 00:00:00+00:00
[2024-10-06T04:57:16.679+0000] {processor.py:208} INFO - Processing /home/airflow/.local/lib/python3.12/site-packages/airflow/example_dags/example_skip_dag.py took 0.079 seconds
[2024-10-06T04:57:46.999+0000] {processor.py:186} INFO - Started process (PID=4115) to work on /home/airflow/.local/lib/python3.12/site-packages/airflow/example_dags/example_skip_dag.py
[2024-10-06T04:57:47.000+0000] {processor.py:914} INFO - Processing file /home/airflow/.local/lib/python3.12/site-packages/airflow/example_dags/example_skip_dag.py for tasks to queue
[2024-10-06T04:57:47.001+0000] {logging_mixin.py:190} INFO - [2024-10-06T04:57:47.000+0000] {dagbag.py:588} INFO - Filling up the DagBag from /home/airflow/.local/lib/python3.12/site-packages/airflow/example_dags/example_skip_dag.py
[2024-10-06T04:57:47.007+0000] {processor.py:925} INFO - DAG(s) 'example_skip_dag' retrieved from /home/airflow/.local/lib/python3.12/site-packages/airflow/example_dags/example_skip_dag.py
[2024-10-06T04:57:47.027+0000] {logging_mixin.py:190} INFO - [2024-10-06T04:57:47.026+0000] {dag.py:3239} INFO - Sync 1 DAGs
[2024-10-06T04:57:47.050+0000] {logging_mixin.py:190} INFO - [2024-10-06T04:57:47.049+0000] {dag.py:4180} INFO - Setting next_dagrun for example_skip_dag to 2024-10-05 00:00:00+00:00, run_after=2024-10-06 00:00:00+00:00
[2024-10-06T04:57:47.070+0000] {processor.py:208} INFO - Processing /home/airflow/.local/lib/python3.12/site-packages/airflow/example_dags/example_skip_dag.py took 0.076 seconds
