[2024-10-06T04:25:17.658+0000] {processor.py:186} INFO - Started process (PID=73) to work on /home/airflow/.local/lib/python3.12/site-packages/airflow/example_dags/example_sensor_decorator.py
[2024-10-06T04:25:17.659+0000] {processor.py:914} INFO - Processing file /home/airflow/.local/lib/python3.12/site-packages/airflow/example_dags/example_sensor_decorator.py for tasks to queue
[2024-10-06T04:25:17.661+0000] {logging_mixin.py:190} INFO - [2024-10-06T04:25:17.660+0000] {dagbag.py:588} INFO - Filling up the DagBag from /home/airflow/.local/lib/python3.12/site-packages/airflow/example_dags/example_sensor_decorator.py
[2024-10-06T04:25:17.682+0000] {processor.py:925} INFO - DAG(s) 'example_sensor_decorator' retrieved from /home/airflow/.local/lib/python3.12/site-packages/airflow/example_dags/example_sensor_decorator.py
[2024-10-06T04:25:17.862+0000] {logging_mixin.py:190} INFO - [2024-10-06T04:25:17.861+0000] {override.py:1900} INFO - Created Permission View: can edit on DAG:example_sensor_decorator
[2024-10-06T04:25:17.876+0000] {logging_mixin.py:190} INFO - [2024-10-06T04:25:17.876+0000] {override.py:1900} INFO - Created Permission View: can delete on DAG:example_sensor_decorator
[2024-10-06T04:25:17.887+0000] {logging_mixin.py:190} INFO - [2024-10-06T04:25:17.887+0000] {override.py:1900} INFO - Created Permission View: can read on DAG:example_sensor_decorator
[2024-10-06T04:25:17.903+0000] {logging_mixin.py:190} INFO - [2024-10-06T04:25:17.902+0000] {override.py:1900} INFO - Created Permission View: can delete on DAG Run:example_sensor_decorator
[2024-10-06T04:25:17.912+0000] {logging_mixin.py:190} INFO - [2024-10-06T04:25:17.912+0000] {override.py:1900} INFO - Created Permission View: can create on DAG Run:example_sensor_decorator
[2024-10-06T04:25:17.940+0000] {logging_mixin.py:190} INFO - [2024-10-06T04:25:17.939+0000] {override.py:1900} INFO - Created Permission View: menu access on DAG Run:example_sensor_decorator
[2024-10-06T04:25:17.952+0000] {logging_mixin.py:190} INFO - [2024-10-06T04:25:17.951+0000] {override.py:1900} INFO - Created Permission View: can read on DAG Run:example_sensor_decorator
[2024-10-06T04:25:17.952+0000] {logging_mixin.py:190} INFO - [2024-10-06T04:25:17.952+0000] {dag.py:3239} INFO - Sync 1 DAGs
[2024-10-06T04:25:17.983+0000] {logging_mixin.py:190} INFO - [2024-10-06T04:25:17.982+0000] {dag.py:3262} INFO - Creating ORM DAG for example_sensor_decorator
[2024-10-06T04:25:17.983+0000] {logging_mixin.py:190} INFO - [2024-10-06T04:25:17.983+0000] {dag.py:4180} INFO - Setting next_dagrun for example_sensor_decorator to None, run_after=None
[2024-10-06T04:25:18.011+0000] {processor.py:208} INFO - Processing /home/airflow/.local/lib/python3.12/site-packages/airflow/example_dags/example_sensor_decorator.py took 0.360 seconds
[2024-10-06T04:25:48.059+0000] {processor.py:186} INFO - Started process (PID=136) to work on /home/airflow/.local/lib/python3.12/site-packages/airflow/example_dags/example_sensor_decorator.py
[2024-10-06T04:25:48.059+0000] {processor.py:914} INFO - Processing file /home/airflow/.local/lib/python3.12/site-packages/airflow/example_dags/example_sensor_decorator.py for tasks to queue
[2024-10-06T04:25:48.061+0000] {logging_mixin.py:190} INFO - [2024-10-06T04:25:48.061+0000] {dagbag.py:588} INFO - Filling up the DagBag from /home/airflow/.local/lib/python3.12/site-packages/airflow/example_dags/example_sensor_decorator.py
[2024-10-06T04:25:48.067+0000] {processor.py:925} INFO - DAG(s) 'example_sensor_decorator' retrieved from /home/airflow/.local/lib/python3.12/site-packages/airflow/example_dags/example_sensor_decorator.py
[2024-10-06T04:25:48.082+0000] {logging_mixin.py:190} INFO - [2024-10-06T04:25:48.082+0000] {dag.py:3239} INFO - Sync 1 DAGs
[2024-10-06T04:25:48.094+0000] {logging_mixin.py:190} INFO - [2024-10-06T04:25:48.093+0000] {dag.py:4180} INFO - Setting next_dagrun for example_sensor_decorator to None, run_after=None
[2024-10-06T04:25:48.116+0000] {processor.py:208} INFO - Processing /home/airflow/.local/lib/python3.12/site-packages/airflow/example_dags/example_sensor_decorator.py took 0.062 seconds
[2024-10-06T04:26:18.497+0000] {processor.py:186} INFO - Started process (PID=198) to work on /home/airflow/.local/lib/python3.12/site-packages/airflow/example_dags/example_sensor_decorator.py
[2024-10-06T04:26:18.497+0000] {processor.py:914} INFO - Processing file /home/airflow/.local/lib/python3.12/site-packages/airflow/example_dags/example_sensor_decorator.py for tasks to queue
[2024-10-06T04:26:18.499+0000] {logging_mixin.py:190} INFO - [2024-10-06T04:26:18.499+0000] {dagbag.py:588} INFO - Filling up the DagBag from /home/airflow/.local/lib/python3.12/site-packages/airflow/example_dags/example_sensor_decorator.py
[2024-10-06T04:26:18.505+0000] {processor.py:925} INFO - DAG(s) 'example_sensor_decorator' retrieved from /home/airflow/.local/lib/python3.12/site-packages/airflow/example_dags/example_sensor_decorator.py
[2024-10-06T04:26:18.522+0000] {logging_mixin.py:190} INFO - [2024-10-06T04:26:18.521+0000] {dag.py:3239} INFO - Sync 1 DAGs
[2024-10-06T04:26:18.533+0000] {logging_mixin.py:190} INFO - [2024-10-06T04:26:18.533+0000] {dag.py:4180} INFO - Setting next_dagrun for example_sensor_decorator to None, run_after=None
[2024-10-06T04:26:18.549+0000] {processor.py:208} INFO - Processing /home/airflow/.local/lib/python3.12/site-packages/airflow/example_dags/example_sensor_decorator.py took 0.057 seconds
[2024-10-06T04:26:48.887+0000] {processor.py:186} INFO - Started process (PID=260) to work on /home/airflow/.local/lib/python3.12/site-packages/airflow/example_dags/example_sensor_decorator.py
[2024-10-06T04:26:48.887+0000] {processor.py:914} INFO - Processing file /home/airflow/.local/lib/python3.12/site-packages/airflow/example_dags/example_sensor_decorator.py for tasks to queue
[2024-10-06T04:26:48.889+0000] {logging_mixin.py:190} INFO - [2024-10-06T04:26:48.889+0000] {dagbag.py:588} INFO - Filling up the DagBag from /home/airflow/.local/lib/python3.12/site-packages/airflow/example_dags/example_sensor_decorator.py
[2024-10-06T04:26:48.894+0000] {processor.py:925} INFO - DAG(s) 'example_sensor_decorator' retrieved from /home/airflow/.local/lib/python3.12/site-packages/airflow/example_dags/example_sensor_decorator.py
[2024-10-06T04:26:48.908+0000] {logging_mixin.py:190} INFO - [2024-10-06T04:26:48.908+0000] {dag.py:3239} INFO - Sync 1 DAGs
[2024-10-06T04:26:48.918+0000] {logging_mixin.py:190} INFO - [2024-10-06T04:26:48.918+0000] {dag.py:4180} INFO - Setting next_dagrun for example_sensor_decorator to None, run_after=None
[2024-10-06T04:26:48.935+0000] {processor.py:208} INFO - Processing /home/airflow/.local/lib/python3.12/site-packages/airflow/example_dags/example_sensor_decorator.py took 0.054 seconds
[2024-10-06T04:27:19.236+0000] {processor.py:186} INFO - Started process (PID=322) to work on /home/airflow/.local/lib/python3.12/site-packages/airflow/example_dags/example_sensor_decorator.py
[2024-10-06T04:27:19.237+0000] {processor.py:914} INFO - Processing file /home/airflow/.local/lib/python3.12/site-packages/airflow/example_dags/example_sensor_decorator.py for tasks to queue
[2024-10-06T04:27:19.239+0000] {logging_mixin.py:190} INFO - [2024-10-06T04:27:19.239+0000] {dagbag.py:588} INFO - Filling up the DagBag from /home/airflow/.local/lib/python3.12/site-packages/airflow/example_dags/example_sensor_decorator.py
[2024-10-06T04:27:19.247+0000] {processor.py:925} INFO - DAG(s) 'example_sensor_decorator' retrieved from /home/airflow/.local/lib/python3.12/site-packages/airflow/example_dags/example_sensor_decorator.py
[2024-10-06T04:27:19.265+0000] {logging_mixin.py:190} INFO - [2024-10-06T04:27:19.265+0000] {dag.py:3239} INFO - Sync 1 DAGs
[2024-10-06T04:27:19.282+0000] {logging_mixin.py:190} INFO - [2024-10-06T04:27:19.281+0000] {dag.py:4180} INFO - Setting next_dagrun for example_sensor_decorator to None, run_after=None
[2024-10-06T04:27:19.305+0000] {processor.py:208} INFO - Processing /home/airflow/.local/lib/python3.12/site-packages/airflow/example_dags/example_sensor_decorator.py took 0.076 seconds
[2024-10-06T04:27:49.869+0000] {processor.py:186} INFO - Started process (PID=384) to work on /home/airflow/.local/lib/python3.12/site-packages/airflow/example_dags/example_sensor_decorator.py
[2024-10-06T04:27:49.870+0000] {processor.py:914} INFO - Processing file /home/airflow/.local/lib/python3.12/site-packages/airflow/example_dags/example_sensor_decorator.py for tasks to queue
[2024-10-06T04:27:49.872+0000] {logging_mixin.py:190} INFO - [2024-10-06T04:27:49.871+0000] {dagbag.py:588} INFO - Filling up the DagBag from /home/airflow/.local/lib/python3.12/site-packages/airflow/example_dags/example_sensor_decorator.py
[2024-10-06T04:27:49.878+0000] {processor.py:925} INFO - DAG(s) 'example_sensor_decorator' retrieved from /home/airflow/.local/lib/python3.12/site-packages/airflow/example_dags/example_sensor_decorator.py
[2024-10-06T04:27:49.894+0000] {logging_mixin.py:190} INFO - [2024-10-06T04:27:49.893+0000] {dag.py:3239} INFO - Sync 1 DAGs
[2024-10-06T04:27:49.905+0000] {logging_mixin.py:190} INFO - [2024-10-06T04:27:49.905+0000] {dag.py:4180} INFO - Setting next_dagrun for example_sensor_decorator to None, run_after=None
[2024-10-06T04:27:49.926+0000] {processor.py:208} INFO - Processing /home/airflow/.local/lib/python3.12/site-packages/airflow/example_dags/example_sensor_decorator.py took 0.062 seconds
[2024-10-06T04:28:20.067+0000] {processor.py:186} INFO - Started process (PID=447) to work on /home/airflow/.local/lib/python3.12/site-packages/airflow/example_dags/example_sensor_decorator.py
[2024-10-06T04:28:20.068+0000] {processor.py:914} INFO - Processing file /home/airflow/.local/lib/python3.12/site-packages/airflow/example_dags/example_sensor_decorator.py for tasks to queue
[2024-10-06T04:28:20.069+0000] {logging_mixin.py:190} INFO - [2024-10-06T04:28:20.069+0000] {dagbag.py:588} INFO - Filling up the DagBag from /home/airflow/.local/lib/python3.12/site-packages/airflow/example_dags/example_sensor_decorator.py
[2024-10-06T04:28:20.076+0000] {processor.py:925} INFO - DAG(s) 'example_sensor_decorator' retrieved from /home/airflow/.local/lib/python3.12/site-packages/airflow/example_dags/example_sensor_decorator.py
[2024-10-06T04:28:20.091+0000] {logging_mixin.py:190} INFO - [2024-10-06T04:28:20.091+0000] {dag.py:3239} INFO - Sync 1 DAGs
[2024-10-06T04:28:20.103+0000] {logging_mixin.py:190} INFO - [2024-10-06T04:28:20.103+0000] {dag.py:4180} INFO - Setting next_dagrun for example_sensor_decorator to None, run_after=None
[2024-10-06T04:28:20.122+0000] {processor.py:208} INFO - Processing /home/airflow/.local/lib/python3.12/site-packages/airflow/example_dags/example_sensor_decorator.py took 0.061 seconds
[2024-10-06T04:28:50.414+0000] {processor.py:186} INFO - Started process (PID=509) to work on /home/airflow/.local/lib/python3.12/site-packages/airflow/example_dags/example_sensor_decorator.py
[2024-10-06T04:28:50.415+0000] {processor.py:914} INFO - Processing file /home/airflow/.local/lib/python3.12/site-packages/airflow/example_dags/example_sensor_decorator.py for tasks to queue
[2024-10-06T04:28:50.417+0000] {logging_mixin.py:190} INFO - [2024-10-06T04:28:50.416+0000] {dagbag.py:588} INFO - Filling up the DagBag from /home/airflow/.local/lib/python3.12/site-packages/airflow/example_dags/example_sensor_decorator.py
[2024-10-06T04:28:50.423+0000] {processor.py:925} INFO - DAG(s) 'example_sensor_decorator' retrieved from /home/airflow/.local/lib/python3.12/site-packages/airflow/example_dags/example_sensor_decorator.py
[2024-10-06T04:28:50.437+0000] {logging_mixin.py:190} INFO - [2024-10-06T04:28:50.437+0000] {dag.py:3239} INFO - Sync 1 DAGs
[2024-10-06T04:28:50.448+0000] {logging_mixin.py:190} INFO - [2024-10-06T04:28:50.448+0000] {dag.py:4180} INFO - Setting next_dagrun for example_sensor_decorator to None, run_after=None
[2024-10-06T04:28:50.467+0000] {processor.py:208} INFO - Processing /home/airflow/.local/lib/python3.12/site-packages/airflow/example_dags/example_sensor_decorator.py took 0.058 seconds
[2024-10-06T04:29:20.598+0000] {processor.py:186} INFO - Started process (PID=571) to work on /home/airflow/.local/lib/python3.12/site-packages/airflow/example_dags/example_sensor_decorator.py
[2024-10-06T04:29:20.598+0000] {processor.py:914} INFO - Processing file /home/airflow/.local/lib/python3.12/site-packages/airflow/example_dags/example_sensor_decorator.py for tasks to queue
[2024-10-06T04:29:20.600+0000] {logging_mixin.py:190} INFO - [2024-10-06T04:29:20.600+0000] {dagbag.py:588} INFO - Filling up the DagBag from /home/airflow/.local/lib/python3.12/site-packages/airflow/example_dags/example_sensor_decorator.py
[2024-10-06T04:29:20.606+0000] {processor.py:925} INFO - DAG(s) 'example_sensor_decorator' retrieved from /home/airflow/.local/lib/python3.12/site-packages/airflow/example_dags/example_sensor_decorator.py
[2024-10-06T04:29:20.623+0000] {logging_mixin.py:190} INFO - [2024-10-06T04:29:20.623+0000] {dag.py:3239} INFO - Sync 1 DAGs
[2024-10-06T04:29:20.638+0000] {logging_mixin.py:190} INFO - [2024-10-06T04:29:20.638+0000] {dag.py:4180} INFO - Setting next_dagrun for example_sensor_decorator to None, run_after=None
[2024-10-06T04:29:20.659+0000] {processor.py:208} INFO - Processing /home/airflow/.local/lib/python3.12/site-packages/airflow/example_dags/example_sensor_decorator.py took 0.066 seconds
[2024-10-06T04:29:50.811+0000] {processor.py:186} INFO - Started process (PID=633) to work on /home/airflow/.local/lib/python3.12/site-packages/airflow/example_dags/example_sensor_decorator.py
[2024-10-06T04:29:50.812+0000] {processor.py:914} INFO - Processing file /home/airflow/.local/lib/python3.12/site-packages/airflow/example_dags/example_sensor_decorator.py for tasks to queue
[2024-10-06T04:29:50.814+0000] {logging_mixin.py:190} INFO - [2024-10-06T04:29:50.813+0000] {dagbag.py:588} INFO - Filling up the DagBag from /home/airflow/.local/lib/python3.12/site-packages/airflow/example_dags/example_sensor_decorator.py
[2024-10-06T04:29:50.821+0000] {processor.py:925} INFO - DAG(s) 'example_sensor_decorator' retrieved from /home/airflow/.local/lib/python3.12/site-packages/airflow/example_dags/example_sensor_decorator.py
[2024-10-06T04:29:50.836+0000] {logging_mixin.py:190} INFO - [2024-10-06T04:29:50.836+0000] {dag.py:3239} INFO - Sync 1 DAGs
[2024-10-06T04:29:50.853+0000] {logging_mixin.py:190} INFO - [2024-10-06T04:29:50.853+0000] {dag.py:4180} INFO - Setting next_dagrun for example_sensor_decorator to None, run_after=None
[2024-10-06T04:29:50.874+0000] {processor.py:208} INFO - Processing /home/airflow/.local/lib/python3.12/site-packages/airflow/example_dags/example_sensor_decorator.py took 0.069 seconds
[2024-10-06T04:30:21.052+0000] {processor.py:186} INFO - Started process (PID=696) to work on /home/airflow/.local/lib/python3.12/site-packages/airflow/example_dags/example_sensor_decorator.py
[2024-10-06T04:30:21.052+0000] {processor.py:914} INFO - Processing file /home/airflow/.local/lib/python3.12/site-packages/airflow/example_dags/example_sensor_decorator.py for tasks to queue
[2024-10-06T04:30:21.054+0000] {logging_mixin.py:190} INFO - [2024-10-06T04:30:21.054+0000] {dagbag.py:588} INFO - Filling up the DagBag from /home/airflow/.local/lib/python3.12/site-packages/airflow/example_dags/example_sensor_decorator.py
[2024-10-06T04:30:21.060+0000] {processor.py:925} INFO - DAG(s) 'example_sensor_decorator' retrieved from /home/airflow/.local/lib/python3.12/site-packages/airflow/example_dags/example_sensor_decorator.py
[2024-10-06T04:30:21.075+0000] {logging_mixin.py:190} INFO - [2024-10-06T04:30:21.074+0000] {dag.py:3239} INFO - Sync 1 DAGs
[2024-10-06T04:30:21.086+0000] {logging_mixin.py:190} INFO - [2024-10-06T04:30:21.086+0000] {dag.py:4180} INFO - Setting next_dagrun for example_sensor_decorator to None, run_after=None
[2024-10-06T04:30:21.105+0000] {processor.py:208} INFO - Processing /home/airflow/.local/lib/python3.12/site-packages/airflow/example_dags/example_sensor_decorator.py took 0.058 seconds
[2024-10-06T04:30:51.445+0000] {processor.py:186} INFO - Started process (PID=759) to work on /home/airflow/.local/lib/python3.12/site-packages/airflow/example_dags/example_sensor_decorator.py
[2024-10-06T04:30:51.446+0000] {processor.py:914} INFO - Processing file /home/airflow/.local/lib/python3.12/site-packages/airflow/example_dags/example_sensor_decorator.py for tasks to queue
[2024-10-06T04:30:51.447+0000] {logging_mixin.py:190} INFO - [2024-10-06T04:30:51.447+0000] {dagbag.py:588} INFO - Filling up the DagBag from /home/airflow/.local/lib/python3.12/site-packages/airflow/example_dags/example_sensor_decorator.py
[2024-10-06T04:30:51.453+0000] {processor.py:925} INFO - DAG(s) 'example_sensor_decorator' retrieved from /home/airflow/.local/lib/python3.12/site-packages/airflow/example_dags/example_sensor_decorator.py
[2024-10-06T04:30:51.468+0000] {logging_mixin.py:190} INFO - [2024-10-06T04:30:51.468+0000] {dag.py:3239} INFO - Sync 1 DAGs
[2024-10-06T04:30:51.479+0000] {logging_mixin.py:190} INFO - [2024-10-06T04:30:51.479+0000] {dag.py:4180} INFO - Setting next_dagrun for example_sensor_decorator to None, run_after=None
[2024-10-06T04:30:51.497+0000] {processor.py:208} INFO - Processing /home/airflow/.local/lib/python3.12/site-packages/airflow/example_dags/example_sensor_decorator.py took 0.057 seconds
[2024-10-06T04:31:21.543+0000] {processor.py:186} INFO - Started process (PID=822) to work on /home/airflow/.local/lib/python3.12/site-packages/airflow/example_dags/example_sensor_decorator.py
[2024-10-06T04:31:21.544+0000] {processor.py:914} INFO - Processing file /home/airflow/.local/lib/python3.12/site-packages/airflow/example_dags/example_sensor_decorator.py for tasks to queue
[2024-10-06T04:31:21.545+0000] {logging_mixin.py:190} INFO - [2024-10-06T04:31:21.545+0000] {dagbag.py:588} INFO - Filling up the DagBag from /home/airflow/.local/lib/python3.12/site-packages/airflow/example_dags/example_sensor_decorator.py
[2024-10-06T04:31:21.551+0000] {processor.py:925} INFO - DAG(s) 'example_sensor_decorator' retrieved from /home/airflow/.local/lib/python3.12/site-packages/airflow/example_dags/example_sensor_decorator.py
[2024-10-06T04:31:21.568+0000] {logging_mixin.py:190} INFO - [2024-10-06T04:31:21.568+0000] {dag.py:3239} INFO - Sync 1 DAGs
[2024-10-06T04:31:21.579+0000] {logging_mixin.py:190} INFO - [2024-10-06T04:31:21.579+0000] {dag.py:4180} INFO - Setting next_dagrun for example_sensor_decorator to None, run_after=None
[2024-10-06T04:31:21.597+0000] {processor.py:208} INFO - Processing /home/airflow/.local/lib/python3.12/site-packages/airflow/example_dags/example_sensor_decorator.py took 0.058 seconds
[2024-10-06T04:31:51.655+0000] {processor.py:186} INFO - Started process (PID=884) to work on /home/airflow/.local/lib/python3.12/site-packages/airflow/example_dags/example_sensor_decorator.py
[2024-10-06T04:31:51.656+0000] {processor.py:914} INFO - Processing file /home/airflow/.local/lib/python3.12/site-packages/airflow/example_dags/example_sensor_decorator.py for tasks to queue
[2024-10-06T04:31:51.657+0000] {logging_mixin.py:190} INFO - [2024-10-06T04:31:51.657+0000] {dagbag.py:588} INFO - Filling up the DagBag from /home/airflow/.local/lib/python3.12/site-packages/airflow/example_dags/example_sensor_decorator.py
[2024-10-06T04:31:51.665+0000] {processor.py:925} INFO - DAG(s) 'example_sensor_decorator' retrieved from /home/airflow/.local/lib/python3.12/site-packages/airflow/example_dags/example_sensor_decorator.py
[2024-10-06T04:31:51.683+0000] {logging_mixin.py:190} INFO - [2024-10-06T04:31:51.683+0000] {dag.py:3239} INFO - Sync 1 DAGs
[2024-10-06T04:31:51.697+0000] {logging_mixin.py:190} INFO - [2024-10-06T04:31:51.697+0000] {dag.py:4180} INFO - Setting next_dagrun for example_sensor_decorator to None, run_after=None
[2024-10-06T04:31:51.714+0000] {processor.py:208} INFO - Processing /home/airflow/.local/lib/python3.12/site-packages/airflow/example_dags/example_sensor_decorator.py took 0.064 seconds
[2024-10-06T04:32:21.946+0000] {processor.py:186} INFO - Started process (PID=947) to work on /home/airflow/.local/lib/python3.12/site-packages/airflow/example_dags/example_sensor_decorator.py
[2024-10-06T04:32:21.946+0000] {processor.py:914} INFO - Processing file /home/airflow/.local/lib/python3.12/site-packages/airflow/example_dags/example_sensor_decorator.py for tasks to queue
[2024-10-06T04:32:21.948+0000] {logging_mixin.py:190} INFO - [2024-10-06T04:32:21.948+0000] {dagbag.py:588} INFO - Filling up the DagBag from /home/airflow/.local/lib/python3.12/site-packages/airflow/example_dags/example_sensor_decorator.py
[2024-10-06T04:32:21.954+0000] {processor.py:925} INFO - DAG(s) 'example_sensor_decorator' retrieved from /home/airflow/.local/lib/python3.12/site-packages/airflow/example_dags/example_sensor_decorator.py
[2024-10-06T04:32:21.969+0000] {logging_mixin.py:190} INFO - [2024-10-06T04:32:21.968+0000] {dag.py:3239} INFO - Sync 1 DAGs
[2024-10-06T04:32:21.981+0000] {logging_mixin.py:190} INFO - [2024-10-06T04:32:21.981+0000] {dag.py:4180} INFO - Setting next_dagrun for example_sensor_decorator to None, run_after=None
[2024-10-06T04:32:22.006+0000] {processor.py:208} INFO - Processing /home/airflow/.local/lib/python3.12/site-packages/airflow/example_dags/example_sensor_decorator.py took 0.065 seconds
[2024-10-06T04:32:52.189+0000] {processor.py:186} INFO - Started process (PID=1010) to work on /home/airflow/.local/lib/python3.12/site-packages/airflow/example_dags/example_sensor_decorator.py
[2024-10-06T04:32:52.190+0000] {processor.py:914} INFO - Processing file /home/airflow/.local/lib/python3.12/site-packages/airflow/example_dags/example_sensor_decorator.py for tasks to queue
[2024-10-06T04:32:52.192+0000] {logging_mixin.py:190} INFO - [2024-10-06T04:32:52.191+0000] {dagbag.py:588} INFO - Filling up the DagBag from /home/airflow/.local/lib/python3.12/site-packages/airflow/example_dags/example_sensor_decorator.py
[2024-10-06T04:32:52.198+0000] {processor.py:925} INFO - DAG(s) 'example_sensor_decorator' retrieved from /home/airflow/.local/lib/python3.12/site-packages/airflow/example_dags/example_sensor_decorator.py
[2024-10-06T04:32:52.213+0000] {logging_mixin.py:190} INFO - [2024-10-06T04:32:52.212+0000] {dag.py:3239} INFO - Sync 1 DAGs
[2024-10-06T04:32:52.226+0000] {logging_mixin.py:190} INFO - [2024-10-06T04:32:52.225+0000] {dag.py:4180} INFO - Setting next_dagrun for example_sensor_decorator to None, run_after=None
[2024-10-06T04:32:52.244+0000] {processor.py:208} INFO - Processing /home/airflow/.local/lib/python3.12/site-packages/airflow/example_dags/example_sensor_decorator.py took 0.060 seconds
[2024-10-06T04:33:22.425+0000] {processor.py:186} INFO - Started process (PID=1073) to work on /home/airflow/.local/lib/python3.12/site-packages/airflow/example_dags/example_sensor_decorator.py
[2024-10-06T04:33:22.426+0000] {processor.py:914} INFO - Processing file /home/airflow/.local/lib/python3.12/site-packages/airflow/example_dags/example_sensor_decorator.py for tasks to queue
[2024-10-06T04:33:22.428+0000] {logging_mixin.py:190} INFO - [2024-10-06T04:33:22.428+0000] {dagbag.py:588} INFO - Filling up the DagBag from /home/airflow/.local/lib/python3.12/site-packages/airflow/example_dags/example_sensor_decorator.py
[2024-10-06T04:33:22.436+0000] {processor.py:925} INFO - DAG(s) 'example_sensor_decorator' retrieved from /home/airflow/.local/lib/python3.12/site-packages/airflow/example_dags/example_sensor_decorator.py
[2024-10-06T04:33:22.453+0000] {logging_mixin.py:190} INFO - [2024-10-06T04:33:22.452+0000] {dag.py:3239} INFO - Sync 1 DAGs
[2024-10-06T04:33:22.466+0000] {logging_mixin.py:190} INFO - [2024-10-06T04:33:22.466+0000] {dag.py:4180} INFO - Setting next_dagrun for example_sensor_decorator to None, run_after=None
[2024-10-06T04:33:22.484+0000] {processor.py:208} INFO - Processing /home/airflow/.local/lib/python3.12/site-packages/airflow/example_dags/example_sensor_decorator.py took 0.065 seconds
[2024-10-06T04:33:52.739+0000] {processor.py:186} INFO - Started process (PID=1136) to work on /home/airflow/.local/lib/python3.12/site-packages/airflow/example_dags/example_sensor_decorator.py
[2024-10-06T04:33:52.740+0000] {processor.py:914} INFO - Processing file /home/airflow/.local/lib/python3.12/site-packages/airflow/example_dags/example_sensor_decorator.py for tasks to queue
[2024-10-06T04:33:52.741+0000] {logging_mixin.py:190} INFO - [2024-10-06T04:33:52.741+0000] {dagbag.py:588} INFO - Filling up the DagBag from /home/airflow/.local/lib/python3.12/site-packages/airflow/example_dags/example_sensor_decorator.py
[2024-10-06T04:33:52.747+0000] {processor.py:925} INFO - DAG(s) 'example_sensor_decorator' retrieved from /home/airflow/.local/lib/python3.12/site-packages/airflow/example_dags/example_sensor_decorator.py
[2024-10-06T04:33:52.766+0000] {logging_mixin.py:190} INFO - [2024-10-06T04:33:52.765+0000] {dag.py:3239} INFO - Sync 1 DAGs
[2024-10-06T04:33:52.783+0000] {logging_mixin.py:190} INFO - [2024-10-06T04:33:52.782+0000] {dag.py:4180} INFO - Setting next_dagrun for example_sensor_decorator to None, run_after=None
[2024-10-06T04:33:52.806+0000] {processor.py:208} INFO - Processing /home/airflow/.local/lib/python3.12/site-packages/airflow/example_dags/example_sensor_decorator.py took 0.071 seconds
[2024-10-06T04:34:22.878+0000] {processor.py:186} INFO - Started process (PID=1199) to work on /home/airflow/.local/lib/python3.12/site-packages/airflow/example_dags/example_sensor_decorator.py
[2024-10-06T04:34:22.879+0000] {processor.py:914} INFO - Processing file /home/airflow/.local/lib/python3.12/site-packages/airflow/example_dags/example_sensor_decorator.py for tasks to queue
[2024-10-06T04:34:22.881+0000] {logging_mixin.py:190} INFO - [2024-10-06T04:34:22.880+0000] {dagbag.py:588} INFO - Filling up the DagBag from /home/airflow/.local/lib/python3.12/site-packages/airflow/example_dags/example_sensor_decorator.py
[2024-10-06T04:34:22.887+0000] {processor.py:925} INFO - DAG(s) 'example_sensor_decorator' retrieved from /home/airflow/.local/lib/python3.12/site-packages/airflow/example_dags/example_sensor_decorator.py
[2024-10-06T04:34:22.901+0000] {logging_mixin.py:190} INFO - [2024-10-06T04:34:22.901+0000] {dag.py:3239} INFO - Sync 1 DAGs
[2024-10-06T04:34:22.913+0000] {logging_mixin.py:190} INFO - [2024-10-06T04:34:22.912+0000] {dag.py:4180} INFO - Setting next_dagrun for example_sensor_decorator to None, run_after=None
[2024-10-06T04:34:22.929+0000] {processor.py:208} INFO - Processing /home/airflow/.local/lib/python3.12/site-packages/airflow/example_dags/example_sensor_decorator.py took 0.056 seconds
[2024-10-06T04:34:53.460+0000] {processor.py:186} INFO - Started process (PID=1262) to work on /home/airflow/.local/lib/python3.12/site-packages/airflow/example_dags/example_sensor_decorator.py
[2024-10-06T04:34:53.460+0000] {processor.py:914} INFO - Processing file /home/airflow/.local/lib/python3.12/site-packages/airflow/example_dags/example_sensor_decorator.py for tasks to queue
[2024-10-06T04:34:53.462+0000] {logging_mixin.py:190} INFO - [2024-10-06T04:34:53.462+0000] {dagbag.py:588} INFO - Filling up the DagBag from /home/airflow/.local/lib/python3.12/site-packages/airflow/example_dags/example_sensor_decorator.py
[2024-10-06T04:34:53.468+0000] {processor.py:925} INFO - DAG(s) 'example_sensor_decorator' retrieved from /home/airflow/.local/lib/python3.12/site-packages/airflow/example_dags/example_sensor_decorator.py
[2024-10-06T04:34:53.482+0000] {logging_mixin.py:190} INFO - [2024-10-06T04:34:53.482+0000] {dag.py:3239} INFO - Sync 1 DAGs
[2024-10-06T04:34:53.493+0000] {logging_mixin.py:190} INFO - [2024-10-06T04:34:53.493+0000] {dag.py:4180} INFO - Setting next_dagrun for example_sensor_decorator to None, run_after=None
[2024-10-06T04:34:53.512+0000] {processor.py:208} INFO - Processing /home/airflow/.local/lib/python3.12/site-packages/airflow/example_dags/example_sensor_decorator.py took 0.057 seconds
[2024-10-06T04:35:23.859+0000] {processor.py:186} INFO - Started process (PID=1325) to work on /home/airflow/.local/lib/python3.12/site-packages/airflow/example_dags/example_sensor_decorator.py
[2024-10-06T04:35:23.860+0000] {processor.py:914} INFO - Processing file /home/airflow/.local/lib/python3.12/site-packages/airflow/example_dags/example_sensor_decorator.py for tasks to queue
[2024-10-06T04:35:23.861+0000] {logging_mixin.py:190} INFO - [2024-10-06T04:35:23.861+0000] {dagbag.py:588} INFO - Filling up the DagBag from /home/airflow/.local/lib/python3.12/site-packages/airflow/example_dags/example_sensor_decorator.py
[2024-10-06T04:35:23.868+0000] {processor.py:925} INFO - DAG(s) 'example_sensor_decorator' retrieved from /home/airflow/.local/lib/python3.12/site-packages/airflow/example_dags/example_sensor_decorator.py
[2024-10-06T04:35:23.886+0000] {logging_mixin.py:190} INFO - [2024-10-06T04:35:23.885+0000] {dag.py:3239} INFO - Sync 1 DAGs
[2024-10-06T04:35:23.900+0000] {logging_mixin.py:190} INFO - [2024-10-06T04:35:23.900+0000] {dag.py:4180} INFO - Setting next_dagrun for example_sensor_decorator to None, run_after=None
[2024-10-06T04:35:23.918+0000] {processor.py:208} INFO - Processing /home/airflow/.local/lib/python3.12/site-packages/airflow/example_dags/example_sensor_decorator.py took 0.063 seconds
[2024-10-06T04:35:54.225+0000] {processor.py:186} INFO - Started process (PID=1388) to work on /home/airflow/.local/lib/python3.12/site-packages/airflow/example_dags/example_sensor_decorator.py
[2024-10-06T04:35:54.226+0000] {processor.py:914} INFO - Processing file /home/airflow/.local/lib/python3.12/site-packages/airflow/example_dags/example_sensor_decorator.py for tasks to queue
[2024-10-06T04:35:54.227+0000] {logging_mixin.py:190} INFO - [2024-10-06T04:35:54.227+0000] {dagbag.py:588} INFO - Filling up the DagBag from /home/airflow/.local/lib/python3.12/site-packages/airflow/example_dags/example_sensor_decorator.py
[2024-10-06T04:35:54.234+0000] {processor.py:925} INFO - DAG(s) 'example_sensor_decorator' retrieved from /home/airflow/.local/lib/python3.12/site-packages/airflow/example_dags/example_sensor_decorator.py
[2024-10-06T04:35:54.250+0000] {logging_mixin.py:190} INFO - [2024-10-06T04:35:54.250+0000] {dag.py:3239} INFO - Sync 1 DAGs
[2024-10-06T04:35:54.263+0000] {logging_mixin.py:190} INFO - [2024-10-06T04:35:54.263+0000] {dag.py:4180} INFO - Setting next_dagrun for example_sensor_decorator to None, run_after=None
[2024-10-06T04:35:54.282+0000] {processor.py:208} INFO - Processing /home/airflow/.local/lib/python3.12/site-packages/airflow/example_dags/example_sensor_decorator.py took 0.062 seconds
[2024-10-06T04:36:24.359+0000] {processor.py:186} INFO - Started process (PID=1452) to work on /home/airflow/.local/lib/python3.12/site-packages/airflow/example_dags/example_sensor_decorator.py
[2024-10-06T04:36:24.359+0000] {processor.py:914} INFO - Processing file /home/airflow/.local/lib/python3.12/site-packages/airflow/example_dags/example_sensor_decorator.py for tasks to queue
[2024-10-06T04:36:24.362+0000] {logging_mixin.py:190} INFO - [2024-10-06T04:36:24.361+0000] {dagbag.py:588} INFO - Filling up the DagBag from /home/airflow/.local/lib/python3.12/site-packages/airflow/example_dags/example_sensor_decorator.py
[2024-10-06T04:36:24.369+0000] {processor.py:925} INFO - DAG(s) 'example_sensor_decorator' retrieved from /home/airflow/.local/lib/python3.12/site-packages/airflow/example_dags/example_sensor_decorator.py
[2024-10-06T04:36:24.385+0000] {logging_mixin.py:190} INFO - [2024-10-06T04:36:24.385+0000] {dag.py:3239} INFO - Sync 1 DAGs
[2024-10-06T04:36:24.395+0000] {logging_mixin.py:190} INFO - [2024-10-06T04:36:24.395+0000] {dag.py:4180} INFO - Setting next_dagrun for example_sensor_decorator to None, run_after=None
[2024-10-06T04:36:24.413+0000] {processor.py:208} INFO - Processing /home/airflow/.local/lib/python3.12/site-packages/airflow/example_dags/example_sensor_decorator.py took 0.060 seconds
[2024-10-06T04:36:54.573+0000] {processor.py:186} INFO - Started process (PID=1516) to work on /home/airflow/.local/lib/python3.12/site-packages/airflow/example_dags/example_sensor_decorator.py
[2024-10-06T04:36:54.573+0000] {processor.py:914} INFO - Processing file /home/airflow/.local/lib/python3.12/site-packages/airflow/example_dags/example_sensor_decorator.py for tasks to queue
[2024-10-06T04:36:54.576+0000] {logging_mixin.py:190} INFO - [2024-10-06T04:36:54.575+0000] {dagbag.py:588} INFO - Filling up the DagBag from /home/airflow/.local/lib/python3.12/site-packages/airflow/example_dags/example_sensor_decorator.py
[2024-10-06T04:36:54.583+0000] {processor.py:925} INFO - DAG(s) 'example_sensor_decorator' retrieved from /home/airflow/.local/lib/python3.12/site-packages/airflow/example_dags/example_sensor_decorator.py
[2024-10-06T04:36:54.601+0000] {logging_mixin.py:190} INFO - [2024-10-06T04:36:54.601+0000] {dag.py:3239} INFO - Sync 1 DAGs
[2024-10-06T04:36:54.615+0000] {logging_mixin.py:190} INFO - [2024-10-06T04:36:54.614+0000] {dag.py:4180} INFO - Setting next_dagrun for example_sensor_decorator to None, run_after=None
[2024-10-06T04:36:54.632+0000] {processor.py:208} INFO - Processing /home/airflow/.local/lib/python3.12/site-packages/airflow/example_dags/example_sensor_decorator.py took 0.064 seconds
[2024-10-06T04:37:25.119+0000] {processor.py:186} INFO - Started process (PID=1580) to work on /home/airflow/.local/lib/python3.12/site-packages/airflow/example_dags/example_sensor_decorator.py
[2024-10-06T04:37:25.120+0000] {processor.py:914} INFO - Processing file /home/airflow/.local/lib/python3.12/site-packages/airflow/example_dags/example_sensor_decorator.py for tasks to queue
[2024-10-06T04:37:25.121+0000] {logging_mixin.py:190} INFO - [2024-10-06T04:37:25.121+0000] {dagbag.py:588} INFO - Filling up the DagBag from /home/airflow/.local/lib/python3.12/site-packages/airflow/example_dags/example_sensor_decorator.py
[2024-10-06T04:37:25.128+0000] {processor.py:925} INFO - DAG(s) 'example_sensor_decorator' retrieved from /home/airflow/.local/lib/python3.12/site-packages/airflow/example_dags/example_sensor_decorator.py
[2024-10-06T04:37:25.143+0000] {logging_mixin.py:190} INFO - [2024-10-06T04:37:25.143+0000] {dag.py:3239} INFO - Sync 1 DAGs
[2024-10-06T04:37:25.160+0000] {logging_mixin.py:190} INFO - [2024-10-06T04:37:25.159+0000] {dag.py:4180} INFO - Setting next_dagrun for example_sensor_decorator to None, run_after=None
[2024-10-06T04:37:25.182+0000] {processor.py:208} INFO - Processing /home/airflow/.local/lib/python3.12/site-packages/airflow/example_dags/example_sensor_decorator.py took 0.068 seconds
[2024-10-06T04:37:55.450+0000] {processor.py:186} INFO - Started process (PID=1643) to work on /home/airflow/.local/lib/python3.12/site-packages/airflow/example_dags/example_sensor_decorator.py
[2024-10-06T04:37:55.450+0000] {processor.py:914} INFO - Processing file /home/airflow/.local/lib/python3.12/site-packages/airflow/example_dags/example_sensor_decorator.py for tasks to queue
[2024-10-06T04:37:55.452+0000] {logging_mixin.py:190} INFO - [2024-10-06T04:37:55.452+0000] {dagbag.py:588} INFO - Filling up the DagBag from /home/airflow/.local/lib/python3.12/site-packages/airflow/example_dags/example_sensor_decorator.py
[2024-10-06T04:37:55.458+0000] {processor.py:925} INFO - DAG(s) 'example_sensor_decorator' retrieved from /home/airflow/.local/lib/python3.12/site-packages/airflow/example_dags/example_sensor_decorator.py
[2024-10-06T04:37:55.472+0000] {logging_mixin.py:190} INFO - [2024-10-06T04:37:55.472+0000] {dag.py:3239} INFO - Sync 1 DAGs
[2024-10-06T04:37:55.483+0000] {logging_mixin.py:190} INFO - [2024-10-06T04:37:55.483+0000] {dag.py:4180} INFO - Setting next_dagrun for example_sensor_decorator to None, run_after=None
[2024-10-06T04:37:55.503+0000] {processor.py:208} INFO - Processing /home/airflow/.local/lib/python3.12/site-packages/airflow/example_dags/example_sensor_decorator.py took 0.058 seconds
[2024-10-06T04:38:25.972+0000] {processor.py:186} INFO - Started process (PID=1706) to work on /home/airflow/.local/lib/python3.12/site-packages/airflow/example_dags/example_sensor_decorator.py
[2024-10-06T04:38:25.973+0000] {processor.py:914} INFO - Processing file /home/airflow/.local/lib/python3.12/site-packages/airflow/example_dags/example_sensor_decorator.py for tasks to queue
[2024-10-06T04:38:25.974+0000] {logging_mixin.py:190} INFO - [2024-10-06T04:38:25.973+0000] {dagbag.py:588} INFO - Filling up the DagBag from /home/airflow/.local/lib/python3.12/site-packages/airflow/example_dags/example_sensor_decorator.py
[2024-10-06T04:38:25.980+0000] {processor.py:925} INFO - DAG(s) 'example_sensor_decorator' retrieved from /home/airflow/.local/lib/python3.12/site-packages/airflow/example_dags/example_sensor_decorator.py
[2024-10-06T04:38:25.994+0000] {logging_mixin.py:190} INFO - [2024-10-06T04:38:25.994+0000] {dag.py:3239} INFO - Sync 1 DAGs
[2024-10-06T04:38:26.005+0000] {logging_mixin.py:190} INFO - [2024-10-06T04:38:26.005+0000] {dag.py:4180} INFO - Setting next_dagrun for example_sensor_decorator to None, run_after=None
[2024-10-06T04:38:26.039+0000] {processor.py:208} INFO - Processing /home/airflow/.local/lib/python3.12/site-packages/airflow/example_dags/example_sensor_decorator.py took 0.071 seconds
[2024-10-06T04:38:56.243+0000] {processor.py:186} INFO - Started process (PID=1769) to work on /home/airflow/.local/lib/python3.12/site-packages/airflow/example_dags/example_sensor_decorator.py
[2024-10-06T04:38:56.244+0000] {processor.py:914} INFO - Processing file /home/airflow/.local/lib/python3.12/site-packages/airflow/example_dags/example_sensor_decorator.py for tasks to queue
[2024-10-06T04:38:56.245+0000] {logging_mixin.py:190} INFO - [2024-10-06T04:38:56.245+0000] {dagbag.py:588} INFO - Filling up the DagBag from /home/airflow/.local/lib/python3.12/site-packages/airflow/example_dags/example_sensor_decorator.py
[2024-10-06T04:38:56.251+0000] {processor.py:925} INFO - DAG(s) 'example_sensor_decorator' retrieved from /home/airflow/.local/lib/python3.12/site-packages/airflow/example_dags/example_sensor_decorator.py
[2024-10-06T04:38:56.265+0000] {logging_mixin.py:190} INFO - [2024-10-06T04:38:56.265+0000] {dag.py:3239} INFO - Sync 1 DAGs
[2024-10-06T04:38:56.277+0000] {logging_mixin.py:190} INFO - [2024-10-06T04:38:56.277+0000] {dag.py:4180} INFO - Setting next_dagrun for example_sensor_decorator to None, run_after=None
[2024-10-06T04:38:56.294+0000] {processor.py:208} INFO - Processing /home/airflow/.local/lib/python3.12/site-packages/airflow/example_dags/example_sensor_decorator.py took 0.055 seconds
[2024-10-06T04:39:27.249+0000] {processor.py:186} INFO - Started process (PID=1832) to work on /home/airflow/.local/lib/python3.12/site-packages/airflow/example_dags/example_sensor_decorator.py
[2024-10-06T04:39:27.250+0000] {processor.py:914} INFO - Processing file /home/airflow/.local/lib/python3.12/site-packages/airflow/example_dags/example_sensor_decorator.py for tasks to queue
[2024-10-06T04:39:27.251+0000] {logging_mixin.py:190} INFO - [2024-10-06T04:39:27.251+0000] {dagbag.py:588} INFO - Filling up the DagBag from /home/airflow/.local/lib/python3.12/site-packages/airflow/example_dags/example_sensor_decorator.py
[2024-10-06T04:39:27.257+0000] {processor.py:925} INFO - DAG(s) 'example_sensor_decorator' retrieved from /home/airflow/.local/lib/python3.12/site-packages/airflow/example_dags/example_sensor_decorator.py
[2024-10-06T04:39:27.271+0000] {logging_mixin.py:190} INFO - [2024-10-06T04:39:27.271+0000] {dag.py:3239} INFO - Sync 1 DAGs
[2024-10-06T04:39:27.282+0000] {logging_mixin.py:190} INFO - [2024-10-06T04:39:27.282+0000] {dag.py:4180} INFO - Setting next_dagrun for example_sensor_decorator to None, run_after=None
[2024-10-06T04:39:27.300+0000] {processor.py:208} INFO - Processing /home/airflow/.local/lib/python3.12/site-packages/airflow/example_dags/example_sensor_decorator.py took 0.054 seconds
[2024-10-06T04:39:57.476+0000] {processor.py:186} INFO - Started process (PID=1895) to work on /home/airflow/.local/lib/python3.12/site-packages/airflow/example_dags/example_sensor_decorator.py
[2024-10-06T04:39:57.477+0000] {processor.py:914} INFO - Processing file /home/airflow/.local/lib/python3.12/site-packages/airflow/example_dags/example_sensor_decorator.py for tasks to queue
[2024-10-06T04:39:57.477+0000] {logging_mixin.py:190} INFO - [2024-10-06T04:39:57.477+0000] {dagbag.py:588} INFO - Filling up the DagBag from /home/airflow/.local/lib/python3.12/site-packages/airflow/example_dags/example_sensor_decorator.py
[2024-10-06T04:39:57.483+0000] {processor.py:925} INFO - DAG(s) 'example_sensor_decorator' retrieved from /home/airflow/.local/lib/python3.12/site-packages/airflow/example_dags/example_sensor_decorator.py
[2024-10-06T04:39:57.498+0000] {logging_mixin.py:190} INFO - [2024-10-06T04:39:57.497+0000] {dag.py:3239} INFO - Sync 1 DAGs
[2024-10-06T04:39:57.508+0000] {logging_mixin.py:190} INFO - [2024-10-06T04:39:57.508+0000] {dag.py:4180} INFO - Setting next_dagrun for example_sensor_decorator to None, run_after=None
[2024-10-06T04:39:57.524+0000] {processor.py:208} INFO - Processing /home/airflow/.local/lib/python3.12/site-packages/airflow/example_dags/example_sensor_decorator.py took 0.053 seconds
[2024-10-06T04:40:27.772+0000] {processor.py:186} INFO - Started process (PID=1958) to work on /home/airflow/.local/lib/python3.12/site-packages/airflow/example_dags/example_sensor_decorator.py
[2024-10-06T04:40:27.773+0000] {processor.py:914} INFO - Processing file /home/airflow/.local/lib/python3.12/site-packages/airflow/example_dags/example_sensor_decorator.py for tasks to queue
[2024-10-06T04:40:27.774+0000] {logging_mixin.py:190} INFO - [2024-10-06T04:40:27.773+0000] {dagbag.py:588} INFO - Filling up the DagBag from /home/airflow/.local/lib/python3.12/site-packages/airflow/example_dags/example_sensor_decorator.py
[2024-10-06T04:40:27.781+0000] {processor.py:925} INFO - DAG(s) 'example_sensor_decorator' retrieved from /home/airflow/.local/lib/python3.12/site-packages/airflow/example_dags/example_sensor_decorator.py
[2024-10-06T04:40:27.795+0000] {logging_mixin.py:190} INFO - [2024-10-06T04:40:27.795+0000] {dag.py:3239} INFO - Sync 1 DAGs
[2024-10-06T04:40:27.807+0000] {logging_mixin.py:190} INFO - [2024-10-06T04:40:27.806+0000] {dag.py:4180} INFO - Setting next_dagrun for example_sensor_decorator to None, run_after=None
[2024-10-06T04:40:27.823+0000] {processor.py:208} INFO - Processing /home/airflow/.local/lib/python3.12/site-packages/airflow/example_dags/example_sensor_decorator.py took 0.057 seconds
[2024-10-06T04:40:58.233+0000] {processor.py:186} INFO - Started process (PID=2021) to work on /home/airflow/.local/lib/python3.12/site-packages/airflow/example_dags/example_sensor_decorator.py
[2024-10-06T04:40:58.234+0000] {processor.py:914} INFO - Processing file /home/airflow/.local/lib/python3.12/site-packages/airflow/example_dags/example_sensor_decorator.py for tasks to queue
[2024-10-06T04:40:58.240+0000] {logging_mixin.py:190} INFO - [2024-10-06T04:40:58.240+0000] {dagbag.py:588} INFO - Filling up the DagBag from /home/airflow/.local/lib/python3.12/site-packages/airflow/example_dags/example_sensor_decorator.py
[2024-10-06T04:40:58.249+0000] {processor.py:925} INFO - DAG(s) 'example_sensor_decorator' retrieved from /home/airflow/.local/lib/python3.12/site-packages/airflow/example_dags/example_sensor_decorator.py
[2024-10-06T04:40:58.280+0000] {logging_mixin.py:190} INFO - [2024-10-06T04:40:58.280+0000] {dag.py:3239} INFO - Sync 1 DAGs
[2024-10-06T04:40:58.295+0000] {logging_mixin.py:190} INFO - [2024-10-06T04:40:58.295+0000] {dag.py:4180} INFO - Setting next_dagrun for example_sensor_decorator to None, run_after=None
[2024-10-06T04:40:58.326+0000] {processor.py:208} INFO - Processing /home/airflow/.local/lib/python3.12/site-packages/airflow/example_dags/example_sensor_decorator.py took 0.107 seconds
[2024-10-06T04:41:28.948+0000] {processor.py:186} INFO - Started process (PID=2084) to work on /home/airflow/.local/lib/python3.12/site-packages/airflow/example_dags/example_sensor_decorator.py
[2024-10-06T04:41:28.949+0000] {processor.py:914} INFO - Processing file /home/airflow/.local/lib/python3.12/site-packages/airflow/example_dags/example_sensor_decorator.py for tasks to queue
[2024-10-06T04:41:28.950+0000] {logging_mixin.py:190} INFO - [2024-10-06T04:41:28.950+0000] {dagbag.py:588} INFO - Filling up the DagBag from /home/airflow/.local/lib/python3.12/site-packages/airflow/example_dags/example_sensor_decorator.py
[2024-10-06T04:41:28.956+0000] {processor.py:925} INFO - DAG(s) 'example_sensor_decorator' retrieved from /home/airflow/.local/lib/python3.12/site-packages/airflow/example_dags/example_sensor_decorator.py
[2024-10-06T04:41:28.970+0000] {logging_mixin.py:190} INFO - [2024-10-06T04:41:28.970+0000] {dag.py:3239} INFO - Sync 1 DAGs
[2024-10-06T04:41:28.982+0000] {logging_mixin.py:190} INFO - [2024-10-06T04:41:28.982+0000] {dag.py:4180} INFO - Setting next_dagrun for example_sensor_decorator to None, run_after=None
[2024-10-06T04:41:29.002+0000] {processor.py:208} INFO - Processing /home/airflow/.local/lib/python3.12/site-packages/airflow/example_dags/example_sensor_decorator.py took 0.059 seconds
[2024-10-06T04:41:59.808+0000] {processor.py:186} INFO - Started process (PID=2148) to work on /home/airflow/.local/lib/python3.12/site-packages/airflow/example_dags/example_sensor_decorator.py
[2024-10-06T04:41:59.809+0000] {processor.py:914} INFO - Processing file /home/airflow/.local/lib/python3.12/site-packages/airflow/example_dags/example_sensor_decorator.py for tasks to queue
[2024-10-06T04:41:59.810+0000] {logging_mixin.py:190} INFO - [2024-10-06T04:41:59.809+0000] {dagbag.py:588} INFO - Filling up the DagBag from /home/airflow/.local/lib/python3.12/site-packages/airflow/example_dags/example_sensor_decorator.py
[2024-10-06T04:41:59.816+0000] {processor.py:925} INFO - DAG(s) 'example_sensor_decorator' retrieved from /home/airflow/.local/lib/python3.12/site-packages/airflow/example_dags/example_sensor_decorator.py
[2024-10-06T04:41:59.829+0000] {logging_mixin.py:190} INFO - [2024-10-06T04:41:59.829+0000] {dag.py:3239} INFO - Sync 1 DAGs
[2024-10-06T04:41:59.840+0000] {logging_mixin.py:190} INFO - [2024-10-06T04:41:59.840+0000] {dag.py:4180} INFO - Setting next_dagrun for example_sensor_decorator to None, run_after=None
[2024-10-06T04:41:59.860+0000] {processor.py:208} INFO - Processing /home/airflow/.local/lib/python3.12/site-packages/airflow/example_dags/example_sensor_decorator.py took 0.056 seconds
[2024-10-06T04:42:30.681+0000] {processor.py:186} INFO - Started process (PID=2211) to work on /home/airflow/.local/lib/python3.12/site-packages/airflow/example_dags/example_sensor_decorator.py
[2024-10-06T04:42:30.682+0000] {processor.py:914} INFO - Processing file /home/airflow/.local/lib/python3.12/site-packages/airflow/example_dags/example_sensor_decorator.py for tasks to queue
[2024-10-06T04:42:30.682+0000] {logging_mixin.py:190} INFO - [2024-10-06T04:42:30.682+0000] {dagbag.py:588} INFO - Filling up the DagBag from /home/airflow/.local/lib/python3.12/site-packages/airflow/example_dags/example_sensor_decorator.py
[2024-10-06T04:42:30.688+0000] {processor.py:925} INFO - DAG(s) 'example_sensor_decorator' retrieved from /home/airflow/.local/lib/python3.12/site-packages/airflow/example_dags/example_sensor_decorator.py
[2024-10-06T04:42:30.703+0000] {logging_mixin.py:190} INFO - [2024-10-06T04:42:30.703+0000] {dag.py:3239} INFO - Sync 1 DAGs
[2024-10-06T04:42:30.715+0000] {logging_mixin.py:190} INFO - [2024-10-06T04:42:30.714+0000] {dag.py:4180} INFO - Setting next_dagrun for example_sensor_decorator to None, run_after=None
[2024-10-06T04:42:30.746+0000] {processor.py:208} INFO - Processing /home/airflow/.local/lib/python3.12/site-packages/airflow/example_dags/example_sensor_decorator.py took 0.069 seconds
[2024-10-06T04:43:01.427+0000] {processor.py:186} INFO - Started process (PID=2274) to work on /home/airflow/.local/lib/python3.12/site-packages/airflow/example_dags/example_sensor_decorator.py
[2024-10-06T04:43:01.427+0000] {processor.py:914} INFO - Processing file /home/airflow/.local/lib/python3.12/site-packages/airflow/example_dags/example_sensor_decorator.py for tasks to queue
[2024-10-06T04:43:01.428+0000] {logging_mixin.py:190} INFO - [2024-10-06T04:43:01.428+0000] {dagbag.py:588} INFO - Filling up the DagBag from /home/airflow/.local/lib/python3.12/site-packages/airflow/example_dags/example_sensor_decorator.py
[2024-10-06T04:43:01.435+0000] {processor.py:925} INFO - DAG(s) 'example_sensor_decorator' retrieved from /home/airflow/.local/lib/python3.12/site-packages/airflow/example_dags/example_sensor_decorator.py
[2024-10-06T04:43:01.453+0000] {logging_mixin.py:190} INFO - [2024-10-06T04:43:01.453+0000] {dag.py:3239} INFO - Sync 1 DAGs
[2024-10-06T04:43:01.467+0000] {logging_mixin.py:190} INFO - [2024-10-06T04:43:01.467+0000] {dag.py:4180} INFO - Setting next_dagrun for example_sensor_decorator to None, run_after=None
[2024-10-06T04:43:01.488+0000] {processor.py:208} INFO - Processing /home/airflow/.local/lib/python3.12/site-packages/airflow/example_dags/example_sensor_decorator.py took 0.066 seconds
[2024-10-06T04:43:32.213+0000] {processor.py:186} INFO - Started process (PID=2337) to work on /home/airflow/.local/lib/python3.12/site-packages/airflow/example_dags/example_sensor_decorator.py
[2024-10-06T04:43:32.214+0000] {processor.py:914} INFO - Processing file /home/airflow/.local/lib/python3.12/site-packages/airflow/example_dags/example_sensor_decorator.py for tasks to queue
[2024-10-06T04:43:32.215+0000] {logging_mixin.py:190} INFO - [2024-10-06T04:43:32.214+0000] {dagbag.py:588} INFO - Filling up the DagBag from /home/airflow/.local/lib/python3.12/site-packages/airflow/example_dags/example_sensor_decorator.py
[2024-10-06T04:43:32.221+0000] {processor.py:925} INFO - DAG(s) 'example_sensor_decorator' retrieved from /home/airflow/.local/lib/python3.12/site-packages/airflow/example_dags/example_sensor_decorator.py
[2024-10-06T04:43:32.235+0000] {logging_mixin.py:190} INFO - [2024-10-06T04:43:32.235+0000] {dag.py:3239} INFO - Sync 1 DAGs
[2024-10-06T04:43:32.247+0000] {logging_mixin.py:190} INFO - [2024-10-06T04:43:32.247+0000] {dag.py:4180} INFO - Setting next_dagrun for example_sensor_decorator to None, run_after=None
[2024-10-06T04:43:32.264+0000] {processor.py:208} INFO - Processing /home/airflow/.local/lib/python3.12/site-packages/airflow/example_dags/example_sensor_decorator.py took 0.055 seconds
[2024-10-06T04:44:02.530+0000] {processor.py:186} INFO - Started process (PID=2401) to work on /home/airflow/.local/lib/python3.12/site-packages/airflow/example_dags/example_sensor_decorator.py
[2024-10-06T04:44:02.531+0000] {processor.py:914} INFO - Processing file /home/airflow/.local/lib/python3.12/site-packages/airflow/example_dags/example_sensor_decorator.py for tasks to queue
[2024-10-06T04:44:02.531+0000] {logging_mixin.py:190} INFO - [2024-10-06T04:44:02.531+0000] {dagbag.py:588} INFO - Filling up the DagBag from /home/airflow/.local/lib/python3.12/site-packages/airflow/example_dags/example_sensor_decorator.py
[2024-10-06T04:44:02.538+0000] {processor.py:925} INFO - DAG(s) 'example_sensor_decorator' retrieved from /home/airflow/.local/lib/python3.12/site-packages/airflow/example_dags/example_sensor_decorator.py
[2024-10-06T04:44:02.556+0000] {logging_mixin.py:190} INFO - [2024-10-06T04:44:02.556+0000] {dag.py:3239} INFO - Sync 1 DAGs
[2024-10-06T04:44:02.574+0000] {logging_mixin.py:190} INFO - [2024-10-06T04:44:02.574+0000] {dag.py:4180} INFO - Setting next_dagrun for example_sensor_decorator to None, run_after=None
[2024-10-06T04:44:02.607+0000] {processor.py:208} INFO - Processing /home/airflow/.local/lib/python3.12/site-packages/airflow/example_dags/example_sensor_decorator.py took 0.081 seconds
[2024-10-06T04:44:33.420+0000] {processor.py:186} INFO - Started process (PID=2465) to work on /home/airflow/.local/lib/python3.12/site-packages/airflow/example_dags/example_sensor_decorator.py
[2024-10-06T04:44:33.421+0000] {processor.py:914} INFO - Processing file /home/airflow/.local/lib/python3.12/site-packages/airflow/example_dags/example_sensor_decorator.py for tasks to queue
[2024-10-06T04:44:33.422+0000] {logging_mixin.py:190} INFO - [2024-10-06T04:44:33.421+0000] {dagbag.py:588} INFO - Filling up the DagBag from /home/airflow/.local/lib/python3.12/site-packages/airflow/example_dags/example_sensor_decorator.py
[2024-10-06T04:44:33.429+0000] {processor.py:925} INFO - DAG(s) 'example_sensor_decorator' retrieved from /home/airflow/.local/lib/python3.12/site-packages/airflow/example_dags/example_sensor_decorator.py
[2024-10-06T04:44:33.443+0000] {logging_mixin.py:190} INFO - [2024-10-06T04:44:33.443+0000] {dag.py:3239} INFO - Sync 1 DAGs
[2024-10-06T04:44:33.455+0000] {logging_mixin.py:190} INFO - [2024-10-06T04:44:33.454+0000] {dag.py:4180} INFO - Setting next_dagrun for example_sensor_decorator to None, run_after=None
[2024-10-06T04:44:33.473+0000] {processor.py:208} INFO - Processing /home/airflow/.local/lib/python3.12/site-packages/airflow/example_dags/example_sensor_decorator.py took 0.059 seconds
[2024-10-06T04:45:03.976+0000] {processor.py:186} INFO - Started process (PID=2528) to work on /home/airflow/.local/lib/python3.12/site-packages/airflow/example_dags/example_sensor_decorator.py
[2024-10-06T04:45:03.977+0000] {processor.py:914} INFO - Processing file /home/airflow/.local/lib/python3.12/site-packages/airflow/example_dags/example_sensor_decorator.py for tasks to queue
[2024-10-06T04:45:03.978+0000] {logging_mixin.py:190} INFO - [2024-10-06T04:45:03.977+0000] {dagbag.py:588} INFO - Filling up the DagBag from /home/airflow/.local/lib/python3.12/site-packages/airflow/example_dags/example_sensor_decorator.py
[2024-10-06T04:45:03.985+0000] {processor.py:925} INFO - DAG(s) 'example_sensor_decorator' retrieved from /home/airflow/.local/lib/python3.12/site-packages/airflow/example_dags/example_sensor_decorator.py
[2024-10-06T04:45:04.002+0000] {logging_mixin.py:190} INFO - [2024-10-06T04:45:04.002+0000] {dag.py:3239} INFO - Sync 1 DAGs
[2024-10-06T04:45:04.018+0000] {logging_mixin.py:190} INFO - [2024-10-06T04:45:04.018+0000] {dag.py:4180} INFO - Setting next_dagrun for example_sensor_decorator to None, run_after=None
[2024-10-06T04:45:04.038+0000] {processor.py:208} INFO - Processing /home/airflow/.local/lib/python3.12/site-packages/airflow/example_dags/example_sensor_decorator.py took 0.066 seconds
[2024-10-06T04:45:34.693+0000] {processor.py:186} INFO - Started process (PID=2591) to work on /home/airflow/.local/lib/python3.12/site-packages/airflow/example_dags/example_sensor_decorator.py
[2024-10-06T04:45:34.694+0000] {processor.py:914} INFO - Processing file /home/airflow/.local/lib/python3.12/site-packages/airflow/example_dags/example_sensor_decorator.py for tasks to queue
[2024-10-06T04:45:34.695+0000] {logging_mixin.py:190} INFO - [2024-10-06T04:45:34.694+0000] {dagbag.py:588} INFO - Filling up the DagBag from /home/airflow/.local/lib/python3.12/site-packages/airflow/example_dags/example_sensor_decorator.py
[2024-10-06T04:45:34.701+0000] {processor.py:925} INFO - DAG(s) 'example_sensor_decorator' retrieved from /home/airflow/.local/lib/python3.12/site-packages/airflow/example_dags/example_sensor_decorator.py
[2024-10-06T04:45:34.715+0000] {logging_mixin.py:190} INFO - [2024-10-06T04:45:34.715+0000] {dag.py:3239} INFO - Sync 1 DAGs
[2024-10-06T04:45:34.726+0000] {logging_mixin.py:190} INFO - [2024-10-06T04:45:34.726+0000] {dag.py:4180} INFO - Setting next_dagrun for example_sensor_decorator to None, run_after=None
[2024-10-06T04:45:34.748+0000] {processor.py:208} INFO - Processing /home/airflow/.local/lib/python3.12/site-packages/airflow/example_dags/example_sensor_decorator.py took 0.060 seconds
[2024-10-06T04:46:05.357+0000] {processor.py:186} INFO - Started process (PID=2654) to work on /home/airflow/.local/lib/python3.12/site-packages/airflow/example_dags/example_sensor_decorator.py
[2024-10-06T04:46:05.358+0000] {processor.py:914} INFO - Processing file /home/airflow/.local/lib/python3.12/site-packages/airflow/example_dags/example_sensor_decorator.py for tasks to queue
[2024-10-06T04:46:05.359+0000] {logging_mixin.py:190} INFO - [2024-10-06T04:46:05.359+0000] {dagbag.py:588} INFO - Filling up the DagBag from /home/airflow/.local/lib/python3.12/site-packages/airflow/example_dags/example_sensor_decorator.py
[2024-10-06T04:46:05.366+0000] {processor.py:925} INFO - DAG(s) 'example_sensor_decorator' retrieved from /home/airflow/.local/lib/python3.12/site-packages/airflow/example_dags/example_sensor_decorator.py
[2024-10-06T04:46:05.381+0000] {logging_mixin.py:190} INFO - [2024-10-06T04:46:05.381+0000] {dag.py:3239} INFO - Sync 1 DAGs
[2024-10-06T04:46:05.393+0000] {logging_mixin.py:190} INFO - [2024-10-06T04:46:05.393+0000] {dag.py:4180} INFO - Setting next_dagrun for example_sensor_decorator to None, run_after=None
[2024-10-06T04:46:05.409+0000] {processor.py:208} INFO - Processing /home/airflow/.local/lib/python3.12/site-packages/airflow/example_dags/example_sensor_decorator.py took 0.057 seconds
[2024-10-06T04:46:35.802+0000] {processor.py:186} INFO - Started process (PID=2717) to work on /home/airflow/.local/lib/python3.12/site-packages/airflow/example_dags/example_sensor_decorator.py
[2024-10-06T04:46:35.802+0000] {processor.py:914} INFO - Processing file /home/airflow/.local/lib/python3.12/site-packages/airflow/example_dags/example_sensor_decorator.py for tasks to queue
[2024-10-06T04:46:35.803+0000] {logging_mixin.py:190} INFO - [2024-10-06T04:46:35.803+0000] {dagbag.py:588} INFO - Filling up the DagBag from /home/airflow/.local/lib/python3.12/site-packages/airflow/example_dags/example_sensor_decorator.py
[2024-10-06T04:46:35.810+0000] {processor.py:925} INFO - DAG(s) 'example_sensor_decorator' retrieved from /home/airflow/.local/lib/python3.12/site-packages/airflow/example_dags/example_sensor_decorator.py
[2024-10-06T04:46:35.828+0000] {logging_mixin.py:190} INFO - [2024-10-06T04:46:35.828+0000] {dag.py:3239} INFO - Sync 1 DAGs
[2024-10-06T04:46:36.000+0000] {logging_mixin.py:190} INFO - [2024-10-06T04:46:36.000+0000] {dag.py:4180} INFO - Setting next_dagrun for example_sensor_decorator to None, run_after=None
[2024-10-06T04:46:36.023+0000] {processor.py:208} INFO - Processing /home/airflow/.local/lib/python3.12/site-packages/airflow/example_dags/example_sensor_decorator.py took 0.226 seconds
[2024-10-06T04:47:07.043+0000] {processor.py:186} INFO - Started process (PID=2780) to work on /home/airflow/.local/lib/python3.12/site-packages/airflow/example_dags/example_sensor_decorator.py
[2024-10-06T04:47:07.043+0000] {processor.py:914} INFO - Processing file /home/airflow/.local/lib/python3.12/site-packages/airflow/example_dags/example_sensor_decorator.py for tasks to queue
[2024-10-06T04:47:07.044+0000] {logging_mixin.py:190} INFO - [2024-10-06T04:47:07.044+0000] {dagbag.py:588} INFO - Filling up the DagBag from /home/airflow/.local/lib/python3.12/site-packages/airflow/example_dags/example_sensor_decorator.py
[2024-10-06T04:47:07.051+0000] {processor.py:925} INFO - DAG(s) 'example_sensor_decorator' retrieved from /home/airflow/.local/lib/python3.12/site-packages/airflow/example_dags/example_sensor_decorator.py
[2024-10-06T04:47:07.071+0000] {logging_mixin.py:190} INFO - [2024-10-06T04:47:07.070+0000] {dag.py:3239} INFO - Sync 1 DAGs
[2024-10-06T04:47:07.238+0000] {logging_mixin.py:190} INFO - [2024-10-06T04:47:07.238+0000] {dag.py:4180} INFO - Setting next_dagrun for example_sensor_decorator to None, run_after=None
[2024-10-06T04:47:07.255+0000] {processor.py:208} INFO - Processing /home/airflow/.local/lib/python3.12/site-packages/airflow/example_dags/example_sensor_decorator.py took 0.217 seconds
[2024-10-06T04:47:37.927+0000] {processor.py:186} INFO - Started process (PID=2843) to work on /home/airflow/.local/lib/python3.12/site-packages/airflow/example_dags/example_sensor_decorator.py
[2024-10-06T04:47:37.928+0000] {processor.py:914} INFO - Processing file /home/airflow/.local/lib/python3.12/site-packages/airflow/example_dags/example_sensor_decorator.py for tasks to queue
[2024-10-06T04:47:37.929+0000] {logging_mixin.py:190} INFO - [2024-10-06T04:47:37.928+0000] {dagbag.py:588} INFO - Filling up the DagBag from /home/airflow/.local/lib/python3.12/site-packages/airflow/example_dags/example_sensor_decorator.py
[2024-10-06T04:47:37.935+0000] {processor.py:925} INFO - DAG(s) 'example_sensor_decorator' retrieved from /home/airflow/.local/lib/python3.12/site-packages/airflow/example_dags/example_sensor_decorator.py
[2024-10-06T04:47:37.951+0000] {logging_mixin.py:190} INFO - [2024-10-06T04:47:37.950+0000] {dag.py:3239} INFO - Sync 1 DAGs
[2024-10-06T04:47:38.127+0000] {logging_mixin.py:190} INFO - [2024-10-06T04:47:38.126+0000] {dag.py:4180} INFO - Setting next_dagrun for example_sensor_decorator to None, run_after=None
[2024-10-06T04:47:38.157+0000] {processor.py:208} INFO - Processing /home/airflow/.local/lib/python3.12/site-packages/airflow/example_dags/example_sensor_decorator.py took 0.235 seconds
[2024-10-06T04:48:08.414+0000] {processor.py:186} INFO - Started process (PID=2906) to work on /home/airflow/.local/lib/python3.12/site-packages/airflow/example_dags/example_sensor_decorator.py
[2024-10-06T04:48:08.415+0000] {processor.py:914} INFO - Processing file /home/airflow/.local/lib/python3.12/site-packages/airflow/example_dags/example_sensor_decorator.py for tasks to queue
[2024-10-06T04:48:08.416+0000] {logging_mixin.py:190} INFO - [2024-10-06T04:48:08.416+0000] {dagbag.py:588} INFO - Filling up the DagBag from /home/airflow/.local/lib/python3.12/site-packages/airflow/example_dags/example_sensor_decorator.py
[2024-10-06T04:48:08.423+0000] {processor.py:925} INFO - DAG(s) 'example_sensor_decorator' retrieved from /home/airflow/.local/lib/python3.12/site-packages/airflow/example_dags/example_sensor_decorator.py
[2024-10-06T04:48:08.438+0000] {logging_mixin.py:190} INFO - [2024-10-06T04:48:08.438+0000] {dag.py:3239} INFO - Sync 1 DAGs
[2024-10-06T04:48:08.450+0000] {logging_mixin.py:190} INFO - [2024-10-06T04:48:08.450+0000] {dag.py:4180} INFO - Setting next_dagrun for example_sensor_decorator to None, run_after=None
[2024-10-06T04:48:08.469+0000] {processor.py:208} INFO - Processing /home/airflow/.local/lib/python3.12/site-packages/airflow/example_dags/example_sensor_decorator.py took 0.059 seconds
[2024-10-06T04:48:38.799+0000] {processor.py:186} INFO - Started process (PID=2969) to work on /home/airflow/.local/lib/python3.12/site-packages/airflow/example_dags/example_sensor_decorator.py
[2024-10-06T04:48:38.800+0000] {processor.py:914} INFO - Processing file /home/airflow/.local/lib/python3.12/site-packages/airflow/example_dags/example_sensor_decorator.py for tasks to queue
[2024-10-06T04:48:38.801+0000] {logging_mixin.py:190} INFO - [2024-10-06T04:48:38.801+0000] {dagbag.py:588} INFO - Filling up the DagBag from /home/airflow/.local/lib/python3.12/site-packages/airflow/example_dags/example_sensor_decorator.py
[2024-10-06T04:48:38.807+0000] {processor.py:925} INFO - DAG(s) 'example_sensor_decorator' retrieved from /home/airflow/.local/lib/python3.12/site-packages/airflow/example_dags/example_sensor_decorator.py
[2024-10-06T04:48:38.822+0000] {logging_mixin.py:190} INFO - [2024-10-06T04:48:38.822+0000] {dag.py:3239} INFO - Sync 1 DAGs
[2024-10-06T04:48:38.834+0000] {logging_mixin.py:190} INFO - [2024-10-06T04:48:38.834+0000] {dag.py:4180} INFO - Setting next_dagrun for example_sensor_decorator to None, run_after=None
[2024-10-06T04:48:38.854+0000] {processor.py:208} INFO - Processing /home/airflow/.local/lib/python3.12/site-packages/airflow/example_dags/example_sensor_decorator.py took 0.059 seconds
[2024-10-06T04:49:09.294+0000] {processor.py:186} INFO - Started process (PID=3033) to work on /home/airflow/.local/lib/python3.12/site-packages/airflow/example_dags/example_sensor_decorator.py
[2024-10-06T04:49:09.295+0000] {processor.py:914} INFO - Processing file /home/airflow/.local/lib/python3.12/site-packages/airflow/example_dags/example_sensor_decorator.py for tasks to queue
[2024-10-06T04:49:09.296+0000] {logging_mixin.py:190} INFO - [2024-10-06T04:49:09.296+0000] {dagbag.py:588} INFO - Filling up the DagBag from /home/airflow/.local/lib/python3.12/site-packages/airflow/example_dags/example_sensor_decorator.py
[2024-10-06T04:49:09.307+0000] {processor.py:925} INFO - DAG(s) 'example_sensor_decorator' retrieved from /home/airflow/.local/lib/python3.12/site-packages/airflow/example_dags/example_sensor_decorator.py
[2024-10-06T04:49:09.328+0000] {logging_mixin.py:190} INFO - [2024-10-06T04:49:09.327+0000] {dag.py:3239} INFO - Sync 1 DAGs
[2024-10-06T04:49:09.346+0000] {logging_mixin.py:190} INFO - [2024-10-06T04:49:09.345+0000] {dag.py:4180} INFO - Setting next_dagrun for example_sensor_decorator to None, run_after=None
[2024-10-06T04:49:09.389+0000] {processor.py:208} INFO - Processing /home/airflow/.local/lib/python3.12/site-packages/airflow/example_dags/example_sensor_decorator.py took 0.101 seconds
[2024-10-06T04:49:39.613+0000] {processor.py:186} INFO - Started process (PID=3096) to work on /home/airflow/.local/lib/python3.12/site-packages/airflow/example_dags/example_sensor_decorator.py
[2024-10-06T04:49:39.613+0000] {processor.py:914} INFO - Processing file /home/airflow/.local/lib/python3.12/site-packages/airflow/example_dags/example_sensor_decorator.py for tasks to queue
[2024-10-06T04:49:39.614+0000] {logging_mixin.py:190} INFO - [2024-10-06T04:49:39.614+0000] {dagbag.py:588} INFO - Filling up the DagBag from /home/airflow/.local/lib/python3.12/site-packages/airflow/example_dags/example_sensor_decorator.py
[2024-10-06T04:49:39.620+0000] {processor.py:925} INFO - DAG(s) 'example_sensor_decorator' retrieved from /home/airflow/.local/lib/python3.12/site-packages/airflow/example_dags/example_sensor_decorator.py
[2024-10-06T04:49:39.636+0000] {logging_mixin.py:190} INFO - [2024-10-06T04:49:39.636+0000] {dag.py:3239} INFO - Sync 1 DAGs
[2024-10-06T04:49:39.648+0000] {logging_mixin.py:190} INFO - [2024-10-06T04:49:39.648+0000] {dag.py:4180} INFO - Setting next_dagrun for example_sensor_decorator to None, run_after=None
[2024-10-06T04:49:39.668+0000] {processor.py:208} INFO - Processing /home/airflow/.local/lib/python3.12/site-packages/airflow/example_dags/example_sensor_decorator.py took 0.060 seconds
[2024-10-06T04:50:10.146+0000] {processor.py:186} INFO - Started process (PID=3159) to work on /home/airflow/.local/lib/python3.12/site-packages/airflow/example_dags/example_sensor_decorator.py
[2024-10-06T04:50:10.146+0000] {processor.py:914} INFO - Processing file /home/airflow/.local/lib/python3.12/site-packages/airflow/example_dags/example_sensor_decorator.py for tasks to queue
[2024-10-06T04:50:10.147+0000] {logging_mixin.py:190} INFO - [2024-10-06T04:50:10.147+0000] {dagbag.py:588} INFO - Filling up the DagBag from /home/airflow/.local/lib/python3.12/site-packages/airflow/example_dags/example_sensor_decorator.py
[2024-10-06T04:50:10.155+0000] {processor.py:925} INFO - DAG(s) 'example_sensor_decorator' retrieved from /home/airflow/.local/lib/python3.12/site-packages/airflow/example_dags/example_sensor_decorator.py
[2024-10-06T04:50:10.172+0000] {logging_mixin.py:190} INFO - [2024-10-06T04:50:10.172+0000] {dag.py:3239} INFO - Sync 1 DAGs
[2024-10-06T04:50:10.188+0000] {logging_mixin.py:190} INFO - [2024-10-06T04:50:10.188+0000] {dag.py:4180} INFO - Setting next_dagrun for example_sensor_decorator to None, run_after=None
[2024-10-06T04:50:10.209+0000] {processor.py:208} INFO - Processing /home/airflow/.local/lib/python3.12/site-packages/airflow/example_dags/example_sensor_decorator.py took 0.068 seconds
[2024-10-06T04:50:40.501+0000] {processor.py:186} INFO - Started process (PID=3221) to work on /home/airflow/.local/lib/python3.12/site-packages/airflow/example_dags/example_sensor_decorator.py
[2024-10-06T04:50:40.501+0000] {processor.py:914} INFO - Processing file /home/airflow/.local/lib/python3.12/site-packages/airflow/example_dags/example_sensor_decorator.py for tasks to queue
[2024-10-06T04:50:40.502+0000] {logging_mixin.py:190} INFO - [2024-10-06T04:50:40.502+0000] {dagbag.py:588} INFO - Filling up the DagBag from /home/airflow/.local/lib/python3.12/site-packages/airflow/example_dags/example_sensor_decorator.py
[2024-10-06T04:50:40.509+0000] {processor.py:925} INFO - DAG(s) 'example_sensor_decorator' retrieved from /home/airflow/.local/lib/python3.12/site-packages/airflow/example_dags/example_sensor_decorator.py
[2024-10-06T04:50:40.527+0000] {logging_mixin.py:190} INFO - [2024-10-06T04:50:40.527+0000] {dag.py:3239} INFO - Sync 1 DAGs
[2024-10-06T04:50:40.540+0000] {logging_mixin.py:190} INFO - [2024-10-06T04:50:40.540+0000] {dag.py:4180} INFO - Setting next_dagrun for example_sensor_decorator to None, run_after=None
[2024-10-06T04:50:40.558+0000] {processor.py:208} INFO - Processing /home/airflow/.local/lib/python3.12/site-packages/airflow/example_dags/example_sensor_decorator.py took 0.062 seconds
[2024-10-06T04:51:11.071+0000] {processor.py:186} INFO - Started process (PID=3284) to work on /home/airflow/.local/lib/python3.12/site-packages/airflow/example_dags/example_sensor_decorator.py
[2024-10-06T04:51:11.072+0000] {processor.py:914} INFO - Processing file /home/airflow/.local/lib/python3.12/site-packages/airflow/example_dags/example_sensor_decorator.py for tasks to queue
[2024-10-06T04:51:11.073+0000] {logging_mixin.py:190} INFO - [2024-10-06T04:51:11.073+0000] {dagbag.py:588} INFO - Filling up the DagBag from /home/airflow/.local/lib/python3.12/site-packages/airflow/example_dags/example_sensor_decorator.py
[2024-10-06T04:51:11.081+0000] {processor.py:925} INFO - DAG(s) 'example_sensor_decorator' retrieved from /home/airflow/.local/lib/python3.12/site-packages/airflow/example_dags/example_sensor_decorator.py
[2024-10-06T04:51:11.097+0000] {logging_mixin.py:190} INFO - [2024-10-06T04:51:11.096+0000] {dag.py:3239} INFO - Sync 1 DAGs
[2024-10-06T04:51:11.110+0000] {logging_mixin.py:190} INFO - [2024-10-06T04:51:11.109+0000] {dag.py:4180} INFO - Setting next_dagrun for example_sensor_decorator to None, run_after=None
[2024-10-06T04:51:11.163+0000] {processor.py:208} INFO - Processing /home/airflow/.local/lib/python3.12/site-packages/airflow/example_dags/example_sensor_decorator.py took 0.098 seconds
[2024-10-06T04:51:41.368+0000] {processor.py:186} INFO - Started process (PID=3347) to work on /home/airflow/.local/lib/python3.12/site-packages/airflow/example_dags/example_sensor_decorator.py
[2024-10-06T04:51:41.368+0000] {processor.py:914} INFO - Processing file /home/airflow/.local/lib/python3.12/site-packages/airflow/example_dags/example_sensor_decorator.py for tasks to queue
[2024-10-06T04:51:41.369+0000] {logging_mixin.py:190} INFO - [2024-10-06T04:51:41.369+0000] {dagbag.py:588} INFO - Filling up the DagBag from /home/airflow/.local/lib/python3.12/site-packages/airflow/example_dags/example_sensor_decorator.py
[2024-10-06T04:51:41.376+0000] {processor.py:925} INFO - DAG(s) 'example_sensor_decorator' retrieved from /home/airflow/.local/lib/python3.12/site-packages/airflow/example_dags/example_sensor_decorator.py
[2024-10-06T04:51:41.391+0000] {logging_mixin.py:190} INFO - [2024-10-06T04:51:41.391+0000] {dag.py:3239} INFO - Sync 1 DAGs
[2024-10-06T04:51:41.404+0000] {logging_mixin.py:190} INFO - [2024-10-06T04:51:41.404+0000] {dag.py:4180} INFO - Setting next_dagrun for example_sensor_decorator to None, run_after=None
[2024-10-06T04:51:41.428+0000] {processor.py:208} INFO - Processing /home/airflow/.local/lib/python3.12/site-packages/airflow/example_dags/example_sensor_decorator.py took 0.066 seconds
[2024-10-06T04:52:11.652+0000] {processor.py:186} INFO - Started process (PID=3410) to work on /home/airflow/.local/lib/python3.12/site-packages/airflow/example_dags/example_sensor_decorator.py
[2024-10-06T04:52:11.653+0000] {processor.py:914} INFO - Processing file /home/airflow/.local/lib/python3.12/site-packages/airflow/example_dags/example_sensor_decorator.py for tasks to queue
[2024-10-06T04:52:11.653+0000] {logging_mixin.py:190} INFO - [2024-10-06T04:52:11.653+0000] {dagbag.py:588} INFO - Filling up the DagBag from /home/airflow/.local/lib/python3.12/site-packages/airflow/example_dags/example_sensor_decorator.py
[2024-10-06T04:52:11.660+0000] {processor.py:925} INFO - DAG(s) 'example_sensor_decorator' retrieved from /home/airflow/.local/lib/python3.12/site-packages/airflow/example_dags/example_sensor_decorator.py
[2024-10-06T04:52:11.675+0000] {logging_mixin.py:190} INFO - [2024-10-06T04:52:11.675+0000] {dag.py:3239} INFO - Sync 1 DAGs
[2024-10-06T04:52:11.688+0000] {logging_mixin.py:190} INFO - [2024-10-06T04:52:11.688+0000] {dag.py:4180} INFO - Setting next_dagrun for example_sensor_decorator to None, run_after=None
[2024-10-06T04:52:11.710+0000] {processor.py:208} INFO - Processing /home/airflow/.local/lib/python3.12/site-packages/airflow/example_dags/example_sensor_decorator.py took 0.062 seconds
[2024-10-06T04:52:41.976+0000] {processor.py:186} INFO - Started process (PID=3474) to work on /home/airflow/.local/lib/python3.12/site-packages/airflow/example_dags/example_sensor_decorator.py
[2024-10-06T04:52:41.977+0000] {processor.py:914} INFO - Processing file /home/airflow/.local/lib/python3.12/site-packages/airflow/example_dags/example_sensor_decorator.py for tasks to queue
[2024-10-06T04:52:41.978+0000] {logging_mixin.py:190} INFO - [2024-10-06T04:52:41.978+0000] {dagbag.py:588} INFO - Filling up the DagBag from /home/airflow/.local/lib/python3.12/site-packages/airflow/example_dags/example_sensor_decorator.py
[2024-10-06T04:52:41.984+0000] {processor.py:925} INFO - DAG(s) 'example_sensor_decorator' retrieved from /home/airflow/.local/lib/python3.12/site-packages/airflow/example_dags/example_sensor_decorator.py
[2024-10-06T04:52:42.000+0000] {logging_mixin.py:190} INFO - [2024-10-06T04:52:42.000+0000] {dag.py:3239} INFO - Sync 1 DAGs
[2024-10-06T04:52:42.013+0000] {logging_mixin.py:190} INFO - [2024-10-06T04:52:42.013+0000] {dag.py:4180} INFO - Setting next_dagrun for example_sensor_decorator to None, run_after=None
[2024-10-06T04:52:42.030+0000] {processor.py:208} INFO - Processing /home/airflow/.local/lib/python3.12/site-packages/airflow/example_dags/example_sensor_decorator.py took 0.058 seconds
[2024-10-06T04:53:12.314+0000] {processor.py:186} INFO - Started process (PID=3537) to work on /home/airflow/.local/lib/python3.12/site-packages/airflow/example_dags/example_sensor_decorator.py
[2024-10-06T04:53:12.315+0000] {processor.py:914} INFO - Processing file /home/airflow/.local/lib/python3.12/site-packages/airflow/example_dags/example_sensor_decorator.py for tasks to queue
[2024-10-06T04:53:12.316+0000] {logging_mixin.py:190} INFO - [2024-10-06T04:53:12.316+0000] {dagbag.py:588} INFO - Filling up the DagBag from /home/airflow/.local/lib/python3.12/site-packages/airflow/example_dags/example_sensor_decorator.py
[2024-10-06T04:53:12.323+0000] {processor.py:925} INFO - DAG(s) 'example_sensor_decorator' retrieved from /home/airflow/.local/lib/python3.12/site-packages/airflow/example_dags/example_sensor_decorator.py
[2024-10-06T04:53:12.341+0000] {logging_mixin.py:190} INFO - [2024-10-06T04:53:12.341+0000] {dag.py:3239} INFO - Sync 1 DAGs
[2024-10-06T04:53:12.357+0000] {logging_mixin.py:190} INFO - [2024-10-06T04:53:12.356+0000] {dag.py:4180} INFO - Setting next_dagrun for example_sensor_decorator to None, run_after=None
[2024-10-06T04:53:12.374+0000] {processor.py:208} INFO - Processing /home/airflow/.local/lib/python3.12/site-packages/airflow/example_dags/example_sensor_decorator.py took 0.064 seconds
[2024-10-06T04:53:42.582+0000] {processor.py:186} INFO - Started process (PID=3600) to work on /home/airflow/.local/lib/python3.12/site-packages/airflow/example_dags/example_sensor_decorator.py
[2024-10-06T04:53:42.582+0000] {processor.py:914} INFO - Processing file /home/airflow/.local/lib/python3.12/site-packages/airflow/example_dags/example_sensor_decorator.py for tasks to queue
[2024-10-06T04:53:42.583+0000] {logging_mixin.py:190} INFO - [2024-10-06T04:53:42.583+0000] {dagbag.py:588} INFO - Filling up the DagBag from /home/airflow/.local/lib/python3.12/site-packages/airflow/example_dags/example_sensor_decorator.py
[2024-10-06T04:53:42.589+0000] {processor.py:925} INFO - DAG(s) 'example_sensor_decorator' retrieved from /home/airflow/.local/lib/python3.12/site-packages/airflow/example_dags/example_sensor_decorator.py
[2024-10-06T04:53:42.605+0000] {logging_mixin.py:190} INFO - [2024-10-06T04:53:42.605+0000] {dag.py:3239} INFO - Sync 1 DAGs
[2024-10-06T04:53:42.618+0000] {logging_mixin.py:190} INFO - [2024-10-06T04:53:42.618+0000] {dag.py:4180} INFO - Setting next_dagrun for example_sensor_decorator to None, run_after=None
[2024-10-06T04:53:42.638+0000] {processor.py:208} INFO - Processing /home/airflow/.local/lib/python3.12/site-packages/airflow/example_dags/example_sensor_decorator.py took 0.061 seconds
[2024-10-06T04:54:12.835+0000] {processor.py:186} INFO - Started process (PID=3663) to work on /home/airflow/.local/lib/python3.12/site-packages/airflow/example_dags/example_sensor_decorator.py
[2024-10-06T04:54:12.836+0000] {processor.py:914} INFO - Processing file /home/airflow/.local/lib/python3.12/site-packages/airflow/example_dags/example_sensor_decorator.py for tasks to queue
[2024-10-06T04:54:12.837+0000] {logging_mixin.py:190} INFO - [2024-10-06T04:54:12.837+0000] {dagbag.py:588} INFO - Filling up the DagBag from /home/airflow/.local/lib/python3.12/site-packages/airflow/example_dags/example_sensor_decorator.py
[2024-10-06T04:54:12.844+0000] {processor.py:925} INFO - DAG(s) 'example_sensor_decorator' retrieved from /home/airflow/.local/lib/python3.12/site-packages/airflow/example_dags/example_sensor_decorator.py
[2024-10-06T04:54:12.858+0000] {logging_mixin.py:190} INFO - [2024-10-06T04:54:12.858+0000] {dag.py:3239} INFO - Sync 1 DAGs
[2024-10-06T04:54:12.869+0000] {logging_mixin.py:190} INFO - [2024-10-06T04:54:12.869+0000] {dag.py:4180} INFO - Setting next_dagrun for example_sensor_decorator to None, run_after=None
[2024-10-06T04:54:12.884+0000] {processor.py:208} INFO - Processing /home/airflow/.local/lib/python3.12/site-packages/airflow/example_dags/example_sensor_decorator.py took 0.056 seconds
[2024-10-06T04:54:43.129+0000] {processor.py:186} INFO - Started process (PID=3726) to work on /home/airflow/.local/lib/python3.12/site-packages/airflow/example_dags/example_sensor_decorator.py
[2024-10-06T04:54:43.130+0000] {processor.py:914} INFO - Processing file /home/airflow/.local/lib/python3.12/site-packages/airflow/example_dags/example_sensor_decorator.py for tasks to queue
[2024-10-06T04:54:43.132+0000] {logging_mixin.py:190} INFO - [2024-10-06T04:54:43.132+0000] {dagbag.py:588} INFO - Filling up the DagBag from /home/airflow/.local/lib/python3.12/site-packages/airflow/example_dags/example_sensor_decorator.py
[2024-10-06T04:54:43.141+0000] {processor.py:925} INFO - DAG(s) 'example_sensor_decorator' retrieved from /home/airflow/.local/lib/python3.12/site-packages/airflow/example_dags/example_sensor_decorator.py
[2024-10-06T04:54:43.155+0000] {logging_mixin.py:190} INFO - [2024-10-06T04:54:43.155+0000] {dag.py:3239} INFO - Sync 1 DAGs
[2024-10-06T04:54:43.166+0000] {logging_mixin.py:190} INFO - [2024-10-06T04:54:43.166+0000] {dag.py:4180} INFO - Setting next_dagrun for example_sensor_decorator to None, run_after=None
[2024-10-06T04:54:43.184+0000] {processor.py:208} INFO - Processing /home/airflow/.local/lib/python3.12/site-packages/airflow/example_dags/example_sensor_decorator.py took 0.061 seconds
[2024-10-06T04:55:13.496+0000] {processor.py:186} INFO - Started process (PID=3790) to work on /home/airflow/.local/lib/python3.12/site-packages/airflow/example_dags/example_sensor_decorator.py
[2024-10-06T04:55:13.496+0000] {processor.py:914} INFO - Processing file /home/airflow/.local/lib/python3.12/site-packages/airflow/example_dags/example_sensor_decorator.py for tasks to queue
[2024-10-06T04:55:13.497+0000] {logging_mixin.py:190} INFO - [2024-10-06T04:55:13.497+0000] {dagbag.py:588} INFO - Filling up the DagBag from /home/airflow/.local/lib/python3.12/site-packages/airflow/example_dags/example_sensor_decorator.py
[2024-10-06T04:55:13.504+0000] {processor.py:925} INFO - DAG(s) 'example_sensor_decorator' retrieved from /home/airflow/.local/lib/python3.12/site-packages/airflow/example_dags/example_sensor_decorator.py
[2024-10-06T04:55:13.519+0000] {logging_mixin.py:190} INFO - [2024-10-06T04:55:13.519+0000] {dag.py:3239} INFO - Sync 1 DAGs
[2024-10-06T04:55:13.532+0000] {logging_mixin.py:190} INFO - [2024-10-06T04:55:13.532+0000] {dag.py:4180} INFO - Setting next_dagrun for example_sensor_decorator to None, run_after=None
[2024-10-06T04:55:13.549+0000] {processor.py:208} INFO - Processing /home/airflow/.local/lib/python3.12/site-packages/airflow/example_dags/example_sensor_decorator.py took 0.059 seconds
[2024-10-06T04:55:43.843+0000] {processor.py:186} INFO - Started process (PID=3853) to work on /home/airflow/.local/lib/python3.12/site-packages/airflow/example_dags/example_sensor_decorator.py
[2024-10-06T04:55:43.843+0000] {processor.py:914} INFO - Processing file /home/airflow/.local/lib/python3.12/site-packages/airflow/example_dags/example_sensor_decorator.py for tasks to queue
[2024-10-06T04:55:43.844+0000] {logging_mixin.py:190} INFO - [2024-10-06T04:55:43.844+0000] {dagbag.py:588} INFO - Filling up the DagBag from /home/airflow/.local/lib/python3.12/site-packages/airflow/example_dags/example_sensor_decorator.py
[2024-10-06T04:55:43.851+0000] {processor.py:925} INFO - DAG(s) 'example_sensor_decorator' retrieved from /home/airflow/.local/lib/python3.12/site-packages/airflow/example_dags/example_sensor_decorator.py
[2024-10-06T04:55:43.865+0000] {logging_mixin.py:190} INFO - [2024-10-06T04:55:43.865+0000] {dag.py:3239} INFO - Sync 1 DAGs
[2024-10-06T04:55:43.877+0000] {logging_mixin.py:190} INFO - [2024-10-06T04:55:43.877+0000] {dag.py:4180} INFO - Setting next_dagrun for example_sensor_decorator to None, run_after=None
[2024-10-06T04:55:43.896+0000] {processor.py:208} INFO - Processing /home/airflow/.local/lib/python3.12/site-packages/airflow/example_dags/example_sensor_decorator.py took 0.059 seconds
[2024-10-06T04:56:14.242+0000] {processor.py:186} INFO - Started process (PID=3917) to work on /home/airflow/.local/lib/python3.12/site-packages/airflow/example_dags/example_sensor_decorator.py
[2024-10-06T04:56:14.243+0000] {processor.py:914} INFO - Processing file /home/airflow/.local/lib/python3.12/site-packages/airflow/example_dags/example_sensor_decorator.py for tasks to queue
[2024-10-06T04:56:14.244+0000] {logging_mixin.py:190} INFO - [2024-10-06T04:56:14.243+0000] {dagbag.py:588} INFO - Filling up the DagBag from /home/airflow/.local/lib/python3.12/site-packages/airflow/example_dags/example_sensor_decorator.py
[2024-10-06T04:56:14.250+0000] {processor.py:925} INFO - DAG(s) 'example_sensor_decorator' retrieved from /home/airflow/.local/lib/python3.12/site-packages/airflow/example_dags/example_sensor_decorator.py
[2024-10-06T04:56:14.267+0000] {logging_mixin.py:190} INFO - [2024-10-06T04:56:14.267+0000] {dag.py:3239} INFO - Sync 1 DAGs
[2024-10-06T04:56:14.282+0000] {logging_mixin.py:190} INFO - [2024-10-06T04:56:14.282+0000] {dag.py:4180} INFO - Setting next_dagrun for example_sensor_decorator to None, run_after=None
[2024-10-06T04:56:14.302+0000] {processor.py:208} INFO - Processing /home/airflow/.local/lib/python3.12/site-packages/airflow/example_dags/example_sensor_decorator.py took 0.064 seconds
[2024-10-06T04:56:44.702+0000] {processor.py:186} INFO - Started process (PID=3981) to work on /home/airflow/.local/lib/python3.12/site-packages/airflow/example_dags/example_sensor_decorator.py
[2024-10-06T04:56:44.703+0000] {processor.py:914} INFO - Processing file /home/airflow/.local/lib/python3.12/site-packages/airflow/example_dags/example_sensor_decorator.py for tasks to queue
[2024-10-06T04:56:44.704+0000] {logging_mixin.py:190} INFO - [2024-10-06T04:56:44.704+0000] {dagbag.py:588} INFO - Filling up the DagBag from /home/airflow/.local/lib/python3.12/site-packages/airflow/example_dags/example_sensor_decorator.py
[2024-10-06T04:56:44.712+0000] {processor.py:925} INFO - DAG(s) 'example_sensor_decorator' retrieved from /home/airflow/.local/lib/python3.12/site-packages/airflow/example_dags/example_sensor_decorator.py
[2024-10-06T04:56:44.729+0000] {logging_mixin.py:190} INFO - [2024-10-06T04:56:44.729+0000] {dag.py:3239} INFO - Sync 1 DAGs
[2024-10-06T04:56:44.743+0000] {logging_mixin.py:190} INFO - [2024-10-06T04:56:44.743+0000] {dag.py:4180} INFO - Setting next_dagrun for example_sensor_decorator to None, run_after=None
[2024-10-06T04:56:44.761+0000] {processor.py:208} INFO - Processing /home/airflow/.local/lib/python3.12/site-packages/airflow/example_dags/example_sensor_decorator.py took 0.066 seconds
[2024-10-06T04:57:15.282+0000] {processor.py:186} INFO - Started process (PID=4045) to work on /home/airflow/.local/lib/python3.12/site-packages/airflow/example_dags/example_sensor_decorator.py
[2024-10-06T04:57:15.283+0000] {processor.py:914} INFO - Processing file /home/airflow/.local/lib/python3.12/site-packages/airflow/example_dags/example_sensor_decorator.py for tasks to queue
[2024-10-06T04:57:15.284+0000] {logging_mixin.py:190} INFO - [2024-10-06T04:57:15.284+0000] {dagbag.py:588} INFO - Filling up the DagBag from /home/airflow/.local/lib/python3.12/site-packages/airflow/example_dags/example_sensor_decorator.py
[2024-10-06T04:57:15.290+0000] {processor.py:925} INFO - DAG(s) 'example_sensor_decorator' retrieved from /home/airflow/.local/lib/python3.12/site-packages/airflow/example_dags/example_sensor_decorator.py
[2024-10-06T04:57:15.311+0000] {logging_mixin.py:190} INFO - [2024-10-06T04:57:15.311+0000] {dag.py:3239} INFO - Sync 1 DAGs
[2024-10-06T04:57:15.329+0000] {logging_mixin.py:190} INFO - [2024-10-06T04:57:15.329+0000] {dag.py:4180} INFO - Setting next_dagrun for example_sensor_decorator to None, run_after=None
[2024-10-06T04:57:15.350+0000] {processor.py:208} INFO - Processing /home/airflow/.local/lib/python3.12/site-packages/airflow/example_dags/example_sensor_decorator.py took 0.072 seconds
[2024-10-06T04:57:45.684+0000] {processor.py:186} INFO - Started process (PID=4109) to work on /home/airflow/.local/lib/python3.12/site-packages/airflow/example_dags/example_sensor_decorator.py
[2024-10-06T04:57:45.685+0000] {processor.py:914} INFO - Processing file /home/airflow/.local/lib/python3.12/site-packages/airflow/example_dags/example_sensor_decorator.py for tasks to queue
[2024-10-06T04:57:45.686+0000] {logging_mixin.py:190} INFO - [2024-10-06T04:57:45.685+0000] {dagbag.py:588} INFO - Filling up the DagBag from /home/airflow/.local/lib/python3.12/site-packages/airflow/example_dags/example_sensor_decorator.py
[2024-10-06T04:57:45.692+0000] {processor.py:925} INFO - DAG(s) 'example_sensor_decorator' retrieved from /home/airflow/.local/lib/python3.12/site-packages/airflow/example_dags/example_sensor_decorator.py
[2024-10-06T04:57:45.706+0000] {logging_mixin.py:190} INFO - [2024-10-06T04:57:45.706+0000] {dag.py:3239} INFO - Sync 1 DAGs
[2024-10-06T04:57:45.718+0000] {logging_mixin.py:190} INFO - [2024-10-06T04:57:45.717+0000] {dag.py:4180} INFO - Setting next_dagrun for example_sensor_decorator to None, run_after=None
[2024-10-06T04:57:45.734+0000] {processor.py:208} INFO - Processing /home/airflow/.local/lib/python3.12/site-packages/airflow/example_dags/example_sensor_decorator.py took 0.055 seconds
