[2024-10-06T04:25:19.957+0000] {processor.py:186} INFO - Started process (PID=85) to work on /home/airflow/.local/lib/python3.12/site-packages/airflow/example_dags/example_branch_operator.py
[2024-10-06T04:25:19.958+0000] {processor.py:914} INFO - Processing file /home/airflow/.local/lib/python3.12/site-packages/airflow/example_dags/example_branch_operator.py for tasks to queue
[2024-10-06T04:25:19.960+0000] {logging_mixin.py:190} INFO - [2024-10-06T04:25:19.959+0000] {dagbag.py:588} INFO - Filling up the DagBag from /home/airflow/.local/lib/python3.12/site-packages/airflow/example_dags/example_branch_operator.py
[2024-10-06T04:25:19.975+0000] {processor.py:925} INFO - DAG(s) 'example_branch_operator' retrieved from /home/airflow/.local/lib/python3.12/site-packages/airflow/example_dags/example_branch_operator.py
[2024-10-06T04:25:20.084+0000] {logging_mixin.py:190} INFO - [2024-10-06T04:25:20.084+0000] {override.py:1900} INFO - Created Permission View: can edit on DAG:example_branch_operator
[2024-10-06T04:25:20.096+0000] {logging_mixin.py:190} INFO - [2024-10-06T04:25:20.095+0000] {override.py:1900} INFO - Created Permission View: can delete on DAG:example_branch_operator
[2024-10-06T04:25:20.120+0000] {logging_mixin.py:190} INFO - [2024-10-06T04:25:20.119+0000] {override.py:1900} INFO - Created Permission View: can read on DAG:example_branch_operator
[2024-10-06T04:25:20.145+0000] {logging_mixin.py:190} INFO - [2024-10-06T04:25:20.145+0000] {override.py:1900} INFO - Created Permission View: can delete on DAG Run:example_branch_operator
[2024-10-06T04:25:20.158+0000] {logging_mixin.py:190} INFO - [2024-10-06T04:25:20.158+0000] {override.py:1900} INFO - Created Permission View: can create on DAG Run:example_branch_operator
[2024-10-06T04:25:20.170+0000] {logging_mixin.py:190} INFO - [2024-10-06T04:25:20.169+0000] {override.py:1900} INFO - Created Permission View: menu access on DAG Run:example_branch_operator
[2024-10-06T04:25:20.179+0000] {logging_mixin.py:190} INFO - [2024-10-06T04:25:20.179+0000] {override.py:1900} INFO - Created Permission View: can read on DAG Run:example_branch_operator
[2024-10-06T04:25:20.179+0000] {logging_mixin.py:190} INFO - [2024-10-06T04:25:20.179+0000] {dag.py:3239} INFO - Sync 1 DAGs
[2024-10-06T04:25:20.196+0000] {logging_mixin.py:190} INFO - [2024-10-06T04:25:20.195+0000] {dag.py:3262} INFO - Creating ORM DAG for example_branch_operator
[2024-10-06T04:25:20.209+0000] {logging_mixin.py:190} INFO - [2024-10-06T04:25:20.208+0000] {dag.py:4180} INFO - Setting next_dagrun for example_branch_operator to 2024-10-05 00:00:00+00:00, run_after=2024-10-06 00:00:00+00:00
[2024-10-06T04:25:20.231+0000] {processor.py:208} INFO - Processing /home/airflow/.local/lib/python3.12/site-packages/airflow/example_dags/example_branch_operator.py took 0.278 seconds
[2024-10-06T04:25:51.059+0000] {processor.py:186} INFO - Started process (PID=148) to work on /home/airflow/.local/lib/python3.12/site-packages/airflow/example_dags/example_branch_operator.py
[2024-10-06T04:25:51.060+0000] {processor.py:914} INFO - Processing file /home/airflow/.local/lib/python3.12/site-packages/airflow/example_dags/example_branch_operator.py for tasks to queue
[2024-10-06T04:25:51.061+0000] {logging_mixin.py:190} INFO - [2024-10-06T04:25:51.061+0000] {dagbag.py:588} INFO - Filling up the DagBag from /home/airflow/.local/lib/python3.12/site-packages/airflow/example_dags/example_branch_operator.py
[2024-10-06T04:25:51.075+0000] {processor.py:925} INFO - DAG(s) 'example_branch_operator' retrieved from /home/airflow/.local/lib/python3.12/site-packages/airflow/example_dags/example_branch_operator.py
[2024-10-06T04:25:51.104+0000] {logging_mixin.py:190} INFO - [2024-10-06T04:25:51.104+0000] {dag.py:3239} INFO - Sync 1 DAGs
[2024-10-06T04:25:51.128+0000] {logging_mixin.py:190} INFO - [2024-10-06T04:25:51.128+0000] {dag.py:4180} INFO - Setting next_dagrun for example_branch_operator to 2024-10-05 00:00:00+00:00, run_after=2024-10-06 00:00:00+00:00
[2024-10-06T04:25:51.149+0000] {processor.py:208} INFO - Processing /home/airflow/.local/lib/python3.12/site-packages/airflow/example_dags/example_branch_operator.py took 0.094 seconds
[2024-10-06T04:26:21.307+0000] {processor.py:186} INFO - Started process (PID=210) to work on /home/airflow/.local/lib/python3.12/site-packages/airflow/example_dags/example_branch_operator.py
[2024-10-06T04:26:21.308+0000] {processor.py:914} INFO - Processing file /home/airflow/.local/lib/python3.12/site-packages/airflow/example_dags/example_branch_operator.py for tasks to queue
[2024-10-06T04:26:21.310+0000] {logging_mixin.py:190} INFO - [2024-10-06T04:26:21.309+0000] {dagbag.py:588} INFO - Filling up the DagBag from /home/airflow/.local/lib/python3.12/site-packages/airflow/example_dags/example_branch_operator.py
[2024-10-06T04:26:21.329+0000] {processor.py:925} INFO - DAG(s) 'example_branch_operator' retrieved from /home/airflow/.local/lib/python3.12/site-packages/airflow/example_dags/example_branch_operator.py
[2024-10-06T04:26:21.351+0000] {logging_mixin.py:190} INFO - [2024-10-06T04:26:21.351+0000] {dag.py:3239} INFO - Sync 1 DAGs
[2024-10-06T04:26:21.370+0000] {logging_mixin.py:190} INFO - [2024-10-06T04:26:21.370+0000] {dag.py:4180} INFO - Setting next_dagrun for example_branch_operator to 2024-10-05 00:00:00+00:00, run_after=2024-10-06 00:00:00+00:00
[2024-10-06T04:26:21.389+0000] {processor.py:208} INFO - Processing /home/airflow/.local/lib/python3.12/site-packages/airflow/example_dags/example_branch_operator.py took 0.087 seconds
[2024-10-06T04:26:51.581+0000] {processor.py:186} INFO - Started process (PID=272) to work on /home/airflow/.local/lib/python3.12/site-packages/airflow/example_dags/example_branch_operator.py
[2024-10-06T04:26:51.581+0000] {processor.py:914} INFO - Processing file /home/airflow/.local/lib/python3.12/site-packages/airflow/example_dags/example_branch_operator.py for tasks to queue
[2024-10-06T04:26:51.583+0000] {logging_mixin.py:190} INFO - [2024-10-06T04:26:51.583+0000] {dagbag.py:588} INFO - Filling up the DagBag from /home/airflow/.local/lib/python3.12/site-packages/airflow/example_dags/example_branch_operator.py
[2024-10-06T04:26:51.597+0000] {processor.py:925} INFO - DAG(s) 'example_branch_operator' retrieved from /home/airflow/.local/lib/python3.12/site-packages/airflow/example_dags/example_branch_operator.py
[2024-10-06T04:26:51.622+0000] {logging_mixin.py:190} INFO - [2024-10-06T04:26:51.622+0000] {dag.py:3239} INFO - Sync 1 DAGs
[2024-10-06T04:26:51.642+0000] {logging_mixin.py:190} INFO - [2024-10-06T04:26:51.642+0000] {dag.py:4180} INFO - Setting next_dagrun for example_branch_operator to 2024-10-05 00:00:00+00:00, run_after=2024-10-06 00:00:00+00:00
[2024-10-06T04:26:51.663+0000] {processor.py:208} INFO - Processing /home/airflow/.local/lib/python3.12/site-packages/airflow/example_dags/example_branch_operator.py took 0.088 seconds
[2024-10-06T04:27:22.075+0000] {processor.py:186} INFO - Started process (PID=334) to work on /home/airflow/.local/lib/python3.12/site-packages/airflow/example_dags/example_branch_operator.py
[2024-10-06T04:27:22.076+0000] {processor.py:914} INFO - Processing file /home/airflow/.local/lib/python3.12/site-packages/airflow/example_dags/example_branch_operator.py for tasks to queue
[2024-10-06T04:27:22.078+0000] {logging_mixin.py:190} INFO - [2024-10-06T04:27:22.078+0000] {dagbag.py:588} INFO - Filling up the DagBag from /home/airflow/.local/lib/python3.12/site-packages/airflow/example_dags/example_branch_operator.py
[2024-10-06T04:27:22.097+0000] {processor.py:925} INFO - DAG(s) 'example_branch_operator' retrieved from /home/airflow/.local/lib/python3.12/site-packages/airflow/example_dags/example_branch_operator.py
[2024-10-06T04:27:22.126+0000] {logging_mixin.py:190} INFO - [2024-10-06T04:27:22.126+0000] {dag.py:3239} INFO - Sync 1 DAGs
[2024-10-06T04:27:22.145+0000] {logging_mixin.py:190} INFO - [2024-10-06T04:27:22.145+0000] {dag.py:4180} INFO - Setting next_dagrun for example_branch_operator to 2024-10-05 00:00:00+00:00, run_after=2024-10-06 00:00:00+00:00
[2024-10-06T04:27:22.163+0000] {processor.py:208} INFO - Processing /home/airflow/.local/lib/python3.12/site-packages/airflow/example_dags/example_branch_operator.py took 0.094 seconds
[2024-10-06T04:27:52.532+0000] {processor.py:186} INFO - Started process (PID=396) to work on /home/airflow/.local/lib/python3.12/site-packages/airflow/example_dags/example_branch_operator.py
[2024-10-06T04:27:52.533+0000] {processor.py:914} INFO - Processing file /home/airflow/.local/lib/python3.12/site-packages/airflow/example_dags/example_branch_operator.py for tasks to queue
[2024-10-06T04:27:52.535+0000] {logging_mixin.py:190} INFO - [2024-10-06T04:27:52.535+0000] {dagbag.py:588} INFO - Filling up the DagBag from /home/airflow/.local/lib/python3.12/site-packages/airflow/example_dags/example_branch_operator.py
[2024-10-06T04:27:52.554+0000] {processor.py:925} INFO - DAG(s) 'example_branch_operator' retrieved from /home/airflow/.local/lib/python3.12/site-packages/airflow/example_dags/example_branch_operator.py
[2024-10-06T04:27:52.588+0000] {logging_mixin.py:190} INFO - [2024-10-06T04:27:52.588+0000] {dag.py:3239} INFO - Sync 1 DAGs
[2024-10-06T04:27:52.616+0000] {logging_mixin.py:190} INFO - [2024-10-06T04:27:52.616+0000] {dag.py:4180} INFO - Setting next_dagrun for example_branch_operator to 2024-10-05 00:00:00+00:00, run_after=2024-10-06 00:00:00+00:00
[2024-10-06T04:27:52.640+0000] {processor.py:208} INFO - Processing /home/airflow/.local/lib/python3.12/site-packages/airflow/example_dags/example_branch_operator.py took 0.113 seconds
[2024-10-06T04:28:22.738+0000] {processor.py:186} INFO - Started process (PID=459) to work on /home/airflow/.local/lib/python3.12/site-packages/airflow/example_dags/example_branch_operator.py
[2024-10-06T04:28:22.739+0000] {processor.py:914} INFO - Processing file /home/airflow/.local/lib/python3.12/site-packages/airflow/example_dags/example_branch_operator.py for tasks to queue
[2024-10-06T04:28:22.740+0000] {logging_mixin.py:190} INFO - [2024-10-06T04:28:22.740+0000] {dagbag.py:588} INFO - Filling up the DagBag from /home/airflow/.local/lib/python3.12/site-packages/airflow/example_dags/example_branch_operator.py
[2024-10-06T04:28:22.754+0000] {processor.py:925} INFO - DAG(s) 'example_branch_operator' retrieved from /home/airflow/.local/lib/python3.12/site-packages/airflow/example_dags/example_branch_operator.py
[2024-10-06T04:28:22.777+0000] {logging_mixin.py:190} INFO - [2024-10-06T04:28:22.777+0000] {dag.py:3239} INFO - Sync 1 DAGs
[2024-10-06T04:28:22.798+0000] {logging_mixin.py:190} INFO - [2024-10-06T04:28:22.797+0000] {dag.py:4180} INFO - Setting next_dagrun for example_branch_operator to 2024-10-05 00:00:00+00:00, run_after=2024-10-06 00:00:00+00:00
[2024-10-06T04:28:22.826+0000] {processor.py:208} INFO - Processing /home/airflow/.local/lib/python3.12/site-packages/airflow/example_dags/example_branch_operator.py took 0.092 seconds
[2024-10-06T04:28:53.106+0000] {processor.py:186} INFO - Started process (PID=521) to work on /home/airflow/.local/lib/python3.12/site-packages/airflow/example_dags/example_branch_operator.py
[2024-10-06T04:28:53.106+0000] {processor.py:914} INFO - Processing file /home/airflow/.local/lib/python3.12/site-packages/airflow/example_dags/example_branch_operator.py for tasks to queue
[2024-10-06T04:28:53.108+0000] {logging_mixin.py:190} INFO - [2024-10-06T04:28:53.108+0000] {dagbag.py:588} INFO - Filling up the DagBag from /home/airflow/.local/lib/python3.12/site-packages/airflow/example_dags/example_branch_operator.py
[2024-10-06T04:28:53.122+0000] {processor.py:925} INFO - DAG(s) 'example_branch_operator' retrieved from /home/airflow/.local/lib/python3.12/site-packages/airflow/example_dags/example_branch_operator.py
[2024-10-06T04:28:53.144+0000] {logging_mixin.py:190} INFO - [2024-10-06T04:28:53.143+0000] {dag.py:3239} INFO - Sync 1 DAGs
[2024-10-06T04:28:53.162+0000] {logging_mixin.py:190} INFO - [2024-10-06T04:28:53.162+0000] {dag.py:4180} INFO - Setting next_dagrun for example_branch_operator to 2024-10-05 00:00:00+00:00, run_after=2024-10-06 00:00:00+00:00
[2024-10-06T04:28:53.179+0000] {processor.py:208} INFO - Processing /home/airflow/.local/lib/python3.12/site-packages/airflow/example_dags/example_branch_operator.py took 0.077 seconds
[2024-10-06T04:29:23.253+0000] {processor.py:186} INFO - Started process (PID=583) to work on /home/airflow/.local/lib/python3.12/site-packages/airflow/example_dags/example_branch_operator.py
[2024-10-06T04:29:23.254+0000] {processor.py:914} INFO - Processing file /home/airflow/.local/lib/python3.12/site-packages/airflow/example_dags/example_branch_operator.py for tasks to queue
[2024-10-06T04:29:23.255+0000] {logging_mixin.py:190} INFO - [2024-10-06T04:29:23.255+0000] {dagbag.py:588} INFO - Filling up the DagBag from /home/airflow/.local/lib/python3.12/site-packages/airflow/example_dags/example_branch_operator.py
[2024-10-06T04:29:23.268+0000] {processor.py:925} INFO - DAG(s) 'example_branch_operator' retrieved from /home/airflow/.local/lib/python3.12/site-packages/airflow/example_dags/example_branch_operator.py
[2024-10-06T04:29:23.291+0000] {logging_mixin.py:190} INFO - [2024-10-06T04:29:23.290+0000] {dag.py:3239} INFO - Sync 1 DAGs
[2024-10-06T04:29:23.311+0000] {logging_mixin.py:190} INFO - [2024-10-06T04:29:23.311+0000] {dag.py:4180} INFO - Setting next_dagrun for example_branch_operator to 2024-10-05 00:00:00+00:00, run_after=2024-10-06 00:00:00+00:00
[2024-10-06T04:29:23.329+0000] {processor.py:208} INFO - Processing /home/airflow/.local/lib/python3.12/site-packages/airflow/example_dags/example_branch_operator.py took 0.080 seconds
[2024-10-06T04:29:53.430+0000] {processor.py:186} INFO - Started process (PID=645) to work on /home/airflow/.local/lib/python3.12/site-packages/airflow/example_dags/example_branch_operator.py
[2024-10-06T04:29:53.431+0000] {processor.py:914} INFO - Processing file /home/airflow/.local/lib/python3.12/site-packages/airflow/example_dags/example_branch_operator.py for tasks to queue
[2024-10-06T04:29:53.433+0000] {logging_mixin.py:190} INFO - [2024-10-06T04:29:53.432+0000] {dagbag.py:588} INFO - Filling up the DagBag from /home/airflow/.local/lib/python3.12/site-packages/airflow/example_dags/example_branch_operator.py
[2024-10-06T04:29:53.446+0000] {processor.py:925} INFO - DAG(s) 'example_branch_operator' retrieved from /home/airflow/.local/lib/python3.12/site-packages/airflow/example_dags/example_branch_operator.py
[2024-10-06T04:29:53.470+0000] {logging_mixin.py:190} INFO - [2024-10-06T04:29:53.470+0000] {dag.py:3239} INFO - Sync 1 DAGs
[2024-10-06T04:29:53.491+0000] {logging_mixin.py:190} INFO - [2024-10-06T04:29:53.490+0000] {dag.py:4180} INFO - Setting next_dagrun for example_branch_operator to 2024-10-05 00:00:00+00:00, run_after=2024-10-06 00:00:00+00:00
[2024-10-06T04:29:53.509+0000] {processor.py:208} INFO - Processing /home/airflow/.local/lib/python3.12/site-packages/airflow/example_dags/example_branch_operator.py took 0.083 seconds
[2024-10-06T04:30:23.623+0000] {processor.py:186} INFO - Started process (PID=707) to work on /home/airflow/.local/lib/python3.12/site-packages/airflow/example_dags/example_branch_operator.py
[2024-10-06T04:30:23.624+0000] {processor.py:914} INFO - Processing file /home/airflow/.local/lib/python3.12/site-packages/airflow/example_dags/example_branch_operator.py for tasks to queue
[2024-10-06T04:30:23.625+0000] {logging_mixin.py:190} INFO - [2024-10-06T04:30:23.625+0000] {dagbag.py:588} INFO - Filling up the DagBag from /home/airflow/.local/lib/python3.12/site-packages/airflow/example_dags/example_branch_operator.py
[2024-10-06T04:30:23.639+0000] {processor.py:925} INFO - DAG(s) 'example_branch_operator' retrieved from /home/airflow/.local/lib/python3.12/site-packages/airflow/example_dags/example_branch_operator.py
[2024-10-06T04:30:23.661+0000] {logging_mixin.py:190} INFO - [2024-10-06T04:30:23.661+0000] {dag.py:3239} INFO - Sync 1 DAGs
[2024-10-06T04:30:23.682+0000] {logging_mixin.py:190} INFO - [2024-10-06T04:30:23.682+0000] {dag.py:4180} INFO - Setting next_dagrun for example_branch_operator to 2024-10-05 00:00:00+00:00, run_after=2024-10-06 00:00:00+00:00
[2024-10-06T04:30:23.702+0000] {processor.py:208} INFO - Processing /home/airflow/.local/lib/python3.12/site-packages/airflow/example_dags/example_branch_operator.py took 0.083 seconds
[2024-10-06T04:30:53.986+0000] {processor.py:186} INFO - Started process (PID=770) to work on /home/airflow/.local/lib/python3.12/site-packages/airflow/example_dags/example_branch_operator.py
[2024-10-06T04:30:53.986+0000] {processor.py:914} INFO - Processing file /home/airflow/.local/lib/python3.12/site-packages/airflow/example_dags/example_branch_operator.py for tasks to queue
[2024-10-06T04:30:53.988+0000] {logging_mixin.py:190} INFO - [2024-10-06T04:30:53.988+0000] {dagbag.py:588} INFO - Filling up the DagBag from /home/airflow/.local/lib/python3.12/site-packages/airflow/example_dags/example_branch_operator.py
[2024-10-06T04:30:54.002+0000] {processor.py:925} INFO - DAG(s) 'example_branch_operator' retrieved from /home/airflow/.local/lib/python3.12/site-packages/airflow/example_dags/example_branch_operator.py
[2024-10-06T04:30:54.026+0000] {logging_mixin.py:190} INFO - [2024-10-06T04:30:54.026+0000] {dag.py:3239} INFO - Sync 1 DAGs
[2024-10-06T04:30:54.046+0000] {logging_mixin.py:190} INFO - [2024-10-06T04:30:54.046+0000] {dag.py:4180} INFO - Setting next_dagrun for example_branch_operator to 2024-10-05 00:00:00+00:00, run_after=2024-10-06 00:00:00+00:00
[2024-10-06T04:30:54.065+0000] {processor.py:208} INFO - Processing /home/airflow/.local/lib/python3.12/site-packages/airflow/example_dags/example_branch_operator.py took 0.084 seconds
[2024-10-06T04:31:24.330+0000] {processor.py:186} INFO - Started process (PID=834) to work on /home/airflow/.local/lib/python3.12/site-packages/airflow/example_dags/example_branch_operator.py
[2024-10-06T04:31:24.330+0000] {processor.py:914} INFO - Processing file /home/airflow/.local/lib/python3.12/site-packages/airflow/example_dags/example_branch_operator.py for tasks to queue
[2024-10-06T04:31:24.332+0000] {logging_mixin.py:190} INFO - [2024-10-06T04:31:24.332+0000] {dagbag.py:588} INFO - Filling up the DagBag from /home/airflow/.local/lib/python3.12/site-packages/airflow/example_dags/example_branch_operator.py
[2024-10-06T04:31:24.348+0000] {processor.py:925} INFO - DAG(s) 'example_branch_operator' retrieved from /home/airflow/.local/lib/python3.12/site-packages/airflow/example_dags/example_branch_operator.py
[2024-10-06T04:31:24.378+0000] {logging_mixin.py:190} INFO - [2024-10-06T04:31:24.378+0000] {dag.py:3239} INFO - Sync 1 DAGs
[2024-10-06T04:31:24.401+0000] {logging_mixin.py:190} INFO - [2024-10-06T04:31:24.401+0000] {dag.py:4180} INFO - Setting next_dagrun for example_branch_operator to 2024-10-05 00:00:00+00:00, run_after=2024-10-06 00:00:00+00:00
[2024-10-06T04:31:24.421+0000] {processor.py:208} INFO - Processing /home/airflow/.local/lib/python3.12/site-packages/airflow/example_dags/example_branch_operator.py took 0.097 seconds
[2024-10-06T04:31:54.486+0000] {processor.py:186} INFO - Started process (PID=897) to work on /home/airflow/.local/lib/python3.12/site-packages/airflow/example_dags/example_branch_operator.py
[2024-10-06T04:31:54.486+0000] {processor.py:914} INFO - Processing file /home/airflow/.local/lib/python3.12/site-packages/airflow/example_dags/example_branch_operator.py for tasks to queue
[2024-10-06T04:31:54.489+0000] {logging_mixin.py:190} INFO - [2024-10-06T04:31:54.488+0000] {dagbag.py:588} INFO - Filling up the DagBag from /home/airflow/.local/lib/python3.12/site-packages/airflow/example_dags/example_branch_operator.py
[2024-10-06T04:31:54.507+0000] {processor.py:925} INFO - DAG(s) 'example_branch_operator' retrieved from /home/airflow/.local/lib/python3.12/site-packages/airflow/example_dags/example_branch_operator.py
[2024-10-06T04:31:54.532+0000] {logging_mixin.py:190} INFO - [2024-10-06T04:31:54.531+0000] {dag.py:3239} INFO - Sync 1 DAGs
[2024-10-06T04:31:54.556+0000] {logging_mixin.py:190} INFO - [2024-10-06T04:31:54.555+0000] {dag.py:4180} INFO - Setting next_dagrun for example_branch_operator to 2024-10-05 00:00:00+00:00, run_after=2024-10-06 00:00:00+00:00
[2024-10-06T04:31:54.573+0000] {processor.py:208} INFO - Processing /home/airflow/.local/lib/python3.12/site-packages/airflow/example_dags/example_branch_operator.py took 0.093 seconds
[2024-10-06T04:32:24.597+0000] {processor.py:186} INFO - Started process (PID=959) to work on /home/airflow/.local/lib/python3.12/site-packages/airflow/example_dags/example_branch_operator.py
[2024-10-06T04:32:24.598+0000] {processor.py:914} INFO - Processing file /home/airflow/.local/lib/python3.12/site-packages/airflow/example_dags/example_branch_operator.py for tasks to queue
[2024-10-06T04:32:24.599+0000] {logging_mixin.py:190} INFO - [2024-10-06T04:32:24.599+0000] {dagbag.py:588} INFO - Filling up the DagBag from /home/airflow/.local/lib/python3.12/site-packages/airflow/example_dags/example_branch_operator.py
[2024-10-06T04:32:24.614+0000] {processor.py:925} INFO - DAG(s) 'example_branch_operator' retrieved from /home/airflow/.local/lib/python3.12/site-packages/airflow/example_dags/example_branch_operator.py
[2024-10-06T04:32:24.636+0000] {logging_mixin.py:190} INFO - [2024-10-06T04:32:24.635+0000] {dag.py:3239} INFO - Sync 1 DAGs
[2024-10-06T04:32:24.654+0000] {logging_mixin.py:190} INFO - [2024-10-06T04:32:24.653+0000] {dag.py:4180} INFO - Setting next_dagrun for example_branch_operator to 2024-10-05 00:00:00+00:00, run_after=2024-10-06 00:00:00+00:00
[2024-10-06T04:32:24.670+0000] {processor.py:208} INFO - Processing /home/airflow/.local/lib/python3.12/site-packages/airflow/example_dags/example_branch_operator.py took 0.077 seconds
[2024-10-06T04:32:54.896+0000] {processor.py:186} INFO - Started process (PID=1022) to work on /home/airflow/.local/lib/python3.12/site-packages/airflow/example_dags/example_branch_operator.py
[2024-10-06T04:32:54.897+0000] {processor.py:914} INFO - Processing file /home/airflow/.local/lib/python3.12/site-packages/airflow/example_dags/example_branch_operator.py for tasks to queue
[2024-10-06T04:32:54.899+0000] {logging_mixin.py:190} INFO - [2024-10-06T04:32:54.899+0000] {dagbag.py:588} INFO - Filling up the DagBag from /home/airflow/.local/lib/python3.12/site-packages/airflow/example_dags/example_branch_operator.py
[2024-10-06T04:32:54.923+0000] {processor.py:925} INFO - DAG(s) 'example_branch_operator' retrieved from /home/airflow/.local/lib/python3.12/site-packages/airflow/example_dags/example_branch_operator.py
[2024-10-06T04:32:54.948+0000] {logging_mixin.py:190} INFO - [2024-10-06T04:32:54.948+0000] {dag.py:3239} INFO - Sync 1 DAGs
[2024-10-06T04:32:54.972+0000] {logging_mixin.py:190} INFO - [2024-10-06T04:32:54.972+0000] {dag.py:4180} INFO - Setting next_dagrun for example_branch_operator to 2024-10-05 00:00:00+00:00, run_after=2024-10-06 00:00:00+00:00
[2024-10-06T04:32:54.990+0000] {processor.py:208} INFO - Processing /home/airflow/.local/lib/python3.12/site-packages/airflow/example_dags/example_branch_operator.py took 0.101 seconds
[2024-10-06T04:33:25.182+0000] {processor.py:186} INFO - Started process (PID=1085) to work on /home/airflow/.local/lib/python3.12/site-packages/airflow/example_dags/example_branch_operator.py
[2024-10-06T04:33:25.183+0000] {processor.py:914} INFO - Processing file /home/airflow/.local/lib/python3.12/site-packages/airflow/example_dags/example_branch_operator.py for tasks to queue
[2024-10-06T04:33:25.185+0000] {logging_mixin.py:190} INFO - [2024-10-06T04:33:25.184+0000] {dagbag.py:588} INFO - Filling up the DagBag from /home/airflow/.local/lib/python3.12/site-packages/airflow/example_dags/example_branch_operator.py
[2024-10-06T04:33:25.199+0000] {processor.py:925} INFO - DAG(s) 'example_branch_operator' retrieved from /home/airflow/.local/lib/python3.12/site-packages/airflow/example_dags/example_branch_operator.py
[2024-10-06T04:33:25.221+0000] {logging_mixin.py:190} INFO - [2024-10-06T04:33:25.221+0000] {dag.py:3239} INFO - Sync 1 DAGs
[2024-10-06T04:33:25.240+0000] {logging_mixin.py:190} INFO - [2024-10-06T04:33:25.239+0000] {dag.py:4180} INFO - Setting next_dagrun for example_branch_operator to 2024-10-05 00:00:00+00:00, run_after=2024-10-06 00:00:00+00:00
[2024-10-06T04:33:25.256+0000] {processor.py:208} INFO - Processing /home/airflow/.local/lib/python3.12/site-packages/airflow/example_dags/example_branch_operator.py took 0.079 seconds
[2024-10-06T04:33:55.460+0000] {processor.py:186} INFO - Started process (PID=1148) to work on /home/airflow/.local/lib/python3.12/site-packages/airflow/example_dags/example_branch_operator.py
[2024-10-06T04:33:55.461+0000] {processor.py:914} INFO - Processing file /home/airflow/.local/lib/python3.12/site-packages/airflow/example_dags/example_branch_operator.py for tasks to queue
[2024-10-06T04:33:55.463+0000] {logging_mixin.py:190} INFO - [2024-10-06T04:33:55.462+0000] {dagbag.py:588} INFO - Filling up the DagBag from /home/airflow/.local/lib/python3.12/site-packages/airflow/example_dags/example_branch_operator.py
[2024-10-06T04:33:55.478+0000] {processor.py:925} INFO - DAG(s) 'example_branch_operator' retrieved from /home/airflow/.local/lib/python3.12/site-packages/airflow/example_dags/example_branch_operator.py
[2024-10-06T04:33:55.508+0000] {logging_mixin.py:190} INFO - [2024-10-06T04:33:55.507+0000] {dag.py:3239} INFO - Sync 1 DAGs
[2024-10-06T04:33:55.536+0000] {logging_mixin.py:190} INFO - [2024-10-06T04:33:55.535+0000] {dag.py:4180} INFO - Setting next_dagrun for example_branch_operator to 2024-10-05 00:00:00+00:00, run_after=2024-10-06 00:00:00+00:00
[2024-10-06T04:33:55.558+0000] {processor.py:208} INFO - Processing /home/airflow/.local/lib/python3.12/site-packages/airflow/example_dags/example_branch_operator.py took 0.102 seconds
[2024-10-06T04:34:25.848+0000] {processor.py:186} INFO - Started process (PID=1211) to work on /home/airflow/.local/lib/python3.12/site-packages/airflow/example_dags/example_branch_operator.py
[2024-10-06T04:34:25.848+0000] {processor.py:914} INFO - Processing file /home/airflow/.local/lib/python3.12/site-packages/airflow/example_dags/example_branch_operator.py for tasks to queue
[2024-10-06T04:34:25.850+0000] {logging_mixin.py:190} INFO - [2024-10-06T04:34:25.850+0000] {dagbag.py:588} INFO - Filling up the DagBag from /home/airflow/.local/lib/python3.12/site-packages/airflow/example_dags/example_branch_operator.py
[2024-10-06T04:34:25.864+0000] {processor.py:925} INFO - DAG(s) 'example_branch_operator' retrieved from /home/airflow/.local/lib/python3.12/site-packages/airflow/example_dags/example_branch_operator.py
[2024-10-06T04:34:25.885+0000] {logging_mixin.py:190} INFO - [2024-10-06T04:34:25.885+0000] {dag.py:3239} INFO - Sync 1 DAGs
[2024-10-06T04:34:25.904+0000] {logging_mixin.py:190} INFO - [2024-10-06T04:34:25.904+0000] {dag.py:4180} INFO - Setting next_dagrun for example_branch_operator to 2024-10-05 00:00:00+00:00, run_after=2024-10-06 00:00:00+00:00
[2024-10-06T04:34:25.922+0000] {processor.py:208} INFO - Processing /home/airflow/.local/lib/python3.12/site-packages/airflow/example_dags/example_branch_operator.py took 0.078 seconds
[2024-10-06T04:34:56.197+0000] {processor.py:186} INFO - Started process (PID=1274) to work on /home/airflow/.local/lib/python3.12/site-packages/airflow/example_dags/example_branch_operator.py
[2024-10-06T04:34:56.197+0000] {processor.py:914} INFO - Processing file /home/airflow/.local/lib/python3.12/site-packages/airflow/example_dags/example_branch_operator.py for tasks to queue
[2024-10-06T04:34:56.199+0000] {logging_mixin.py:190} INFO - [2024-10-06T04:34:56.199+0000] {dagbag.py:588} INFO - Filling up the DagBag from /home/airflow/.local/lib/python3.12/site-packages/airflow/example_dags/example_branch_operator.py
[2024-10-06T04:34:56.218+0000] {processor.py:925} INFO - DAG(s) 'example_branch_operator' retrieved from /home/airflow/.local/lib/python3.12/site-packages/airflow/example_dags/example_branch_operator.py
[2024-10-06T04:34:56.248+0000] {logging_mixin.py:190} INFO - [2024-10-06T04:34:56.248+0000] {dag.py:3239} INFO - Sync 1 DAGs
[2024-10-06T04:34:56.267+0000] {logging_mixin.py:190} INFO - [2024-10-06T04:34:56.266+0000] {dag.py:4180} INFO - Setting next_dagrun for example_branch_operator to 2024-10-05 00:00:00+00:00, run_after=2024-10-06 00:00:00+00:00
[2024-10-06T04:34:56.286+0000] {processor.py:208} INFO - Processing /home/airflow/.local/lib/python3.12/site-packages/airflow/example_dags/example_branch_operator.py took 0.095 seconds
[2024-10-06T04:35:26.553+0000] {processor.py:186} INFO - Started process (PID=1337) to work on /home/airflow/.local/lib/python3.12/site-packages/airflow/example_dags/example_branch_operator.py
[2024-10-06T04:35:26.554+0000] {processor.py:914} INFO - Processing file /home/airflow/.local/lib/python3.12/site-packages/airflow/example_dags/example_branch_operator.py for tasks to queue
[2024-10-06T04:35:26.556+0000] {logging_mixin.py:190} INFO - [2024-10-06T04:35:26.556+0000] {dagbag.py:588} INFO - Filling up the DagBag from /home/airflow/.local/lib/python3.12/site-packages/airflow/example_dags/example_branch_operator.py
[2024-10-06T04:35:26.578+0000] {processor.py:925} INFO - DAG(s) 'example_branch_operator' retrieved from /home/airflow/.local/lib/python3.12/site-packages/airflow/example_dags/example_branch_operator.py
[2024-10-06T04:35:26.604+0000] {logging_mixin.py:190} INFO - [2024-10-06T04:35:26.604+0000] {dag.py:3239} INFO - Sync 1 DAGs
[2024-10-06T04:35:26.631+0000] {logging_mixin.py:190} INFO - [2024-10-06T04:35:26.631+0000] {dag.py:4180} INFO - Setting next_dagrun for example_branch_operator to 2024-10-05 00:00:00+00:00, run_after=2024-10-06 00:00:00+00:00
[2024-10-06T04:35:26.650+0000] {processor.py:208} INFO - Processing /home/airflow/.local/lib/python3.12/site-packages/airflow/example_dags/example_branch_operator.py took 0.103 seconds
[2024-10-06T04:35:56.945+0000] {processor.py:186} INFO - Started process (PID=1400) to work on /home/airflow/.local/lib/python3.12/site-packages/airflow/example_dags/example_branch_operator.py
[2024-10-06T04:35:56.945+0000] {processor.py:914} INFO - Processing file /home/airflow/.local/lib/python3.12/site-packages/airflow/example_dags/example_branch_operator.py for tasks to queue
[2024-10-06T04:35:56.947+0000] {logging_mixin.py:190} INFO - [2024-10-06T04:35:56.947+0000] {dagbag.py:588} INFO - Filling up the DagBag from /home/airflow/.local/lib/python3.12/site-packages/airflow/example_dags/example_branch_operator.py
[2024-10-06T04:35:56.961+0000] {processor.py:925} INFO - DAG(s) 'example_branch_operator' retrieved from /home/airflow/.local/lib/python3.12/site-packages/airflow/example_dags/example_branch_operator.py
[2024-10-06T04:35:56.982+0000] {logging_mixin.py:190} INFO - [2024-10-06T04:35:56.982+0000] {dag.py:3239} INFO - Sync 1 DAGs
[2024-10-06T04:35:57.000+0000] {logging_mixin.py:190} INFO - [2024-10-06T04:35:57.000+0000] {dag.py:4180} INFO - Setting next_dagrun for example_branch_operator to 2024-10-05 00:00:00+00:00, run_after=2024-10-06 00:00:00+00:00
[2024-10-06T04:35:57.017+0000] {processor.py:208} INFO - Processing /home/airflow/.local/lib/python3.12/site-packages/airflow/example_dags/example_branch_operator.py took 0.077 seconds
[2024-10-06T04:36:27.067+0000] {processor.py:186} INFO - Started process (PID=1464) to work on /home/airflow/.local/lib/python3.12/site-packages/airflow/example_dags/example_branch_operator.py
[2024-10-06T04:36:27.067+0000] {processor.py:914} INFO - Processing file /home/airflow/.local/lib/python3.12/site-packages/airflow/example_dags/example_branch_operator.py for tasks to queue
[2024-10-06T04:36:27.069+0000] {logging_mixin.py:190} INFO - [2024-10-06T04:36:27.069+0000] {dagbag.py:588} INFO - Filling up the DagBag from /home/airflow/.local/lib/python3.12/site-packages/airflow/example_dags/example_branch_operator.py
[2024-10-06T04:36:27.083+0000] {processor.py:925} INFO - DAG(s) 'example_branch_operator' retrieved from /home/airflow/.local/lib/python3.12/site-packages/airflow/example_dags/example_branch_operator.py
[2024-10-06T04:36:27.104+0000] {logging_mixin.py:190} INFO - [2024-10-06T04:36:27.104+0000] {dag.py:3239} INFO - Sync 1 DAGs
[2024-10-06T04:36:27.126+0000] {logging_mixin.py:190} INFO - [2024-10-06T04:36:27.126+0000] {dag.py:4180} INFO - Setting next_dagrun for example_branch_operator to 2024-10-05 00:00:00+00:00, run_after=2024-10-06 00:00:00+00:00
[2024-10-06T04:36:27.151+0000] {processor.py:208} INFO - Processing /home/airflow/.local/lib/python3.12/site-packages/airflow/example_dags/example_branch_operator.py took 0.088 seconds
[2024-10-06T04:36:57.354+0000] {processor.py:186} INFO - Started process (PID=1529) to work on /home/airflow/.local/lib/python3.12/site-packages/airflow/example_dags/example_branch_operator.py
[2024-10-06T04:36:57.354+0000] {processor.py:914} INFO - Processing file /home/airflow/.local/lib/python3.12/site-packages/airflow/example_dags/example_branch_operator.py for tasks to queue
[2024-10-06T04:36:57.356+0000] {logging_mixin.py:190} INFO - [2024-10-06T04:36:57.356+0000] {dagbag.py:588} INFO - Filling up the DagBag from /home/airflow/.local/lib/python3.12/site-packages/airflow/example_dags/example_branch_operator.py
[2024-10-06T04:36:57.373+0000] {processor.py:925} INFO - DAG(s) 'example_branch_operator' retrieved from /home/airflow/.local/lib/python3.12/site-packages/airflow/example_dags/example_branch_operator.py
[2024-10-06T04:36:57.396+0000] {logging_mixin.py:190} INFO - [2024-10-06T04:36:57.396+0000] {dag.py:3239} INFO - Sync 1 DAGs
[2024-10-06T04:36:57.416+0000] {logging_mixin.py:190} INFO - [2024-10-06T04:36:57.415+0000] {dag.py:4180} INFO - Setting next_dagrun for example_branch_operator to 2024-10-05 00:00:00+00:00, run_after=2024-10-06 00:00:00+00:00
[2024-10-06T04:36:57.433+0000] {processor.py:208} INFO - Processing /home/airflow/.local/lib/python3.12/site-packages/airflow/example_dags/example_branch_operator.py took 0.085 seconds
[2024-10-06T04:37:27.889+0000] {processor.py:186} INFO - Started process (PID=1592) to work on /home/airflow/.local/lib/python3.12/site-packages/airflow/example_dags/example_branch_operator.py
[2024-10-06T04:37:27.889+0000] {processor.py:914} INFO - Processing file /home/airflow/.local/lib/python3.12/site-packages/airflow/example_dags/example_branch_operator.py for tasks to queue
[2024-10-06T04:37:27.891+0000] {logging_mixin.py:190} INFO - [2024-10-06T04:37:27.891+0000] {dagbag.py:588} INFO - Filling up the DagBag from /home/airflow/.local/lib/python3.12/site-packages/airflow/example_dags/example_branch_operator.py
[2024-10-06T04:37:27.905+0000] {processor.py:925} INFO - DAG(s) 'example_branch_operator' retrieved from /home/airflow/.local/lib/python3.12/site-packages/airflow/example_dags/example_branch_operator.py
[2024-10-06T04:37:27.935+0000] {logging_mixin.py:190} INFO - [2024-10-06T04:37:27.935+0000] {dag.py:3239} INFO - Sync 1 DAGs
[2024-10-06T04:37:27.955+0000] {logging_mixin.py:190} INFO - [2024-10-06T04:37:27.955+0000] {dag.py:4180} INFO - Setting next_dagrun for example_branch_operator to 2024-10-05 00:00:00+00:00, run_after=2024-10-06 00:00:00+00:00
[2024-10-06T04:37:27.972+0000] {processor.py:208} INFO - Processing /home/airflow/.local/lib/python3.12/site-packages/airflow/example_dags/example_branch_operator.py took 0.088 seconds
[2024-10-06T04:37:58.058+0000] {processor.py:186} INFO - Started process (PID=1654) to work on /home/airflow/.local/lib/python3.12/site-packages/airflow/example_dags/example_branch_operator.py
[2024-10-06T04:37:58.058+0000] {processor.py:914} INFO - Processing file /home/airflow/.local/lib/python3.12/site-packages/airflow/example_dags/example_branch_operator.py for tasks to queue
[2024-10-06T04:37:58.060+0000] {logging_mixin.py:190} INFO - [2024-10-06T04:37:58.060+0000] {dagbag.py:588} INFO - Filling up the DagBag from /home/airflow/.local/lib/python3.12/site-packages/airflow/example_dags/example_branch_operator.py
[2024-10-06T04:37:58.075+0000] {processor.py:925} INFO - DAG(s) 'example_branch_operator' retrieved from /home/airflow/.local/lib/python3.12/site-packages/airflow/example_dags/example_branch_operator.py
[2024-10-06T04:37:58.098+0000] {logging_mixin.py:190} INFO - [2024-10-06T04:37:58.098+0000] {dag.py:3239} INFO - Sync 1 DAGs
[2024-10-06T04:37:58.119+0000] {logging_mixin.py:190} INFO - [2024-10-06T04:37:58.119+0000] {dag.py:4180} INFO - Setting next_dagrun for example_branch_operator to 2024-10-05 00:00:00+00:00, run_after=2024-10-06 00:00:00+00:00
[2024-10-06T04:37:58.137+0000] {processor.py:208} INFO - Processing /home/airflow/.local/lib/python3.12/site-packages/airflow/example_dags/example_branch_operator.py took 0.084 seconds
[2024-10-06T04:38:28.582+0000] {processor.py:186} INFO - Started process (PID=1717) to work on /home/airflow/.local/lib/python3.12/site-packages/airflow/example_dags/example_branch_operator.py
[2024-10-06T04:38:28.582+0000] {processor.py:914} INFO - Processing file /home/airflow/.local/lib/python3.12/site-packages/airflow/example_dags/example_branch_operator.py for tasks to queue
[2024-10-06T04:38:28.583+0000] {logging_mixin.py:190} INFO - [2024-10-06T04:38:28.583+0000] {dagbag.py:588} INFO - Filling up the DagBag from /home/airflow/.local/lib/python3.12/site-packages/airflow/example_dags/example_branch_operator.py
[2024-10-06T04:38:28.598+0000] {processor.py:925} INFO - DAG(s) 'example_branch_operator' retrieved from /home/airflow/.local/lib/python3.12/site-packages/airflow/example_dags/example_branch_operator.py
[2024-10-06T04:38:28.621+0000] {logging_mixin.py:190} INFO - [2024-10-06T04:38:28.620+0000] {dag.py:3239} INFO - Sync 1 DAGs
[2024-10-06T04:38:28.643+0000] {logging_mixin.py:190} INFO - [2024-10-06T04:38:28.642+0000] {dag.py:4180} INFO - Setting next_dagrun for example_branch_operator to 2024-10-05 00:00:00+00:00, run_after=2024-10-06 00:00:00+00:00
[2024-10-06T04:38:28.661+0000] {processor.py:208} INFO - Processing /home/airflow/.local/lib/python3.12/site-packages/airflow/example_dags/example_branch_operator.py took 0.083 seconds
[2024-10-06T04:38:58.873+0000] {processor.py:186} INFO - Started process (PID=1780) to work on /home/airflow/.local/lib/python3.12/site-packages/airflow/example_dags/example_branch_operator.py
[2024-10-06T04:38:58.874+0000] {processor.py:914} INFO - Processing file /home/airflow/.local/lib/python3.12/site-packages/airflow/example_dags/example_branch_operator.py for tasks to queue
[2024-10-06T04:38:58.874+0000] {logging_mixin.py:190} INFO - [2024-10-06T04:38:58.874+0000] {dagbag.py:588} INFO - Filling up the DagBag from /home/airflow/.local/lib/python3.12/site-packages/airflow/example_dags/example_branch_operator.py
[2024-10-06T04:38:58.890+0000] {processor.py:925} INFO - DAG(s) 'example_branch_operator' retrieved from /home/airflow/.local/lib/python3.12/site-packages/airflow/example_dags/example_branch_operator.py
[2024-10-06T04:38:58.919+0000] {logging_mixin.py:190} INFO - [2024-10-06T04:38:58.919+0000] {dag.py:3239} INFO - Sync 1 DAGs
[2024-10-06T04:38:58.942+0000] {logging_mixin.py:190} INFO - [2024-10-06T04:38:58.942+0000] {dag.py:4180} INFO - Setting next_dagrun for example_branch_operator to 2024-10-05 00:00:00+00:00, run_after=2024-10-06 00:00:00+00:00
[2024-10-06T04:38:58.961+0000] {processor.py:208} INFO - Processing /home/airflow/.local/lib/python3.12/site-packages/airflow/example_dags/example_branch_operator.py took 0.093 seconds
[2024-10-06T04:39:30.037+0000] {processor.py:186} INFO - Started process (PID=1844) to work on /home/airflow/.local/lib/python3.12/site-packages/airflow/example_dags/example_branch_operator.py
[2024-10-06T04:39:30.038+0000] {processor.py:914} INFO - Processing file /home/airflow/.local/lib/python3.12/site-packages/airflow/example_dags/example_branch_operator.py for tasks to queue
[2024-10-06T04:39:30.039+0000] {logging_mixin.py:190} INFO - [2024-10-06T04:39:30.039+0000] {dagbag.py:588} INFO - Filling up the DagBag from /home/airflow/.local/lib/python3.12/site-packages/airflow/example_dags/example_branch_operator.py
[2024-10-06T04:39:30.053+0000] {processor.py:925} INFO - DAG(s) 'example_branch_operator' retrieved from /home/airflow/.local/lib/python3.12/site-packages/airflow/example_dags/example_branch_operator.py
[2024-10-06T04:39:30.074+0000] {logging_mixin.py:190} INFO - [2024-10-06T04:39:30.074+0000] {dag.py:3239} INFO - Sync 1 DAGs
[2024-10-06T04:39:30.093+0000] {logging_mixin.py:190} INFO - [2024-10-06T04:39:30.093+0000] {dag.py:4180} INFO - Setting next_dagrun for example_branch_operator to 2024-10-05 00:00:00+00:00, run_after=2024-10-06 00:00:00+00:00
[2024-10-06T04:39:30.110+0000] {processor.py:208} INFO - Processing /home/airflow/.local/lib/python3.12/site-packages/airflow/example_dags/example_branch_operator.py took 0.077 seconds
[2024-10-06T04:40:00.168+0000] {processor.py:186} INFO - Started process (PID=1907) to work on /home/airflow/.local/lib/python3.12/site-packages/airflow/example_dags/example_branch_operator.py
[2024-10-06T04:40:00.168+0000] {processor.py:914} INFO - Processing file /home/airflow/.local/lib/python3.12/site-packages/airflow/example_dags/example_branch_operator.py for tasks to queue
[2024-10-06T04:40:00.169+0000] {logging_mixin.py:190} INFO - [2024-10-06T04:40:00.169+0000] {dagbag.py:588} INFO - Filling up the DagBag from /home/airflow/.local/lib/python3.12/site-packages/airflow/example_dags/example_branch_operator.py
[2024-10-06T04:40:00.186+0000] {processor.py:925} INFO - DAG(s) 'example_branch_operator' retrieved from /home/airflow/.local/lib/python3.12/site-packages/airflow/example_dags/example_branch_operator.py
[2024-10-06T04:40:00.221+0000] {logging_mixin.py:190} INFO - [2024-10-06T04:40:00.220+0000] {dag.py:3239} INFO - Sync 1 DAGs
[2024-10-06T04:40:00.248+0000] {logging_mixin.py:190} INFO - [2024-10-06T04:40:00.248+0000] {dag.py:4180} INFO - Setting next_dagrun for example_branch_operator to 2024-10-05 00:00:00+00:00, run_after=2024-10-06 00:00:00+00:00
[2024-10-06T04:40:00.271+0000] {processor.py:208} INFO - Processing /home/airflow/.local/lib/python3.12/site-packages/airflow/example_dags/example_branch_operator.py took 0.108 seconds
[2024-10-06T04:40:30.339+0000] {processor.py:186} INFO - Started process (PID=1969) to work on /home/airflow/.local/lib/python3.12/site-packages/airflow/example_dags/example_branch_operator.py
[2024-10-06T04:40:30.340+0000] {processor.py:914} INFO - Processing file /home/airflow/.local/lib/python3.12/site-packages/airflow/example_dags/example_branch_operator.py for tasks to queue
[2024-10-06T04:40:30.341+0000] {logging_mixin.py:190} INFO - [2024-10-06T04:40:30.341+0000] {dagbag.py:588} INFO - Filling up the DagBag from /home/airflow/.local/lib/python3.12/site-packages/airflow/example_dags/example_branch_operator.py
[2024-10-06T04:40:30.354+0000] {processor.py:925} INFO - DAG(s) 'example_branch_operator' retrieved from /home/airflow/.local/lib/python3.12/site-packages/airflow/example_dags/example_branch_operator.py
[2024-10-06T04:40:30.376+0000] {logging_mixin.py:190} INFO - [2024-10-06T04:40:30.376+0000] {dag.py:3239} INFO - Sync 1 DAGs
[2024-10-06T04:40:30.395+0000] {logging_mixin.py:190} INFO - [2024-10-06T04:40:30.395+0000] {dag.py:4180} INFO - Setting next_dagrun for example_branch_operator to 2024-10-05 00:00:00+00:00, run_after=2024-10-06 00:00:00+00:00
[2024-10-06T04:40:30.413+0000] {processor.py:208} INFO - Processing /home/airflow/.local/lib/python3.12/site-packages/airflow/example_dags/example_branch_operator.py took 0.078 seconds
[2024-10-06T04:41:01.114+0000] {processor.py:186} INFO - Started process (PID=2033) to work on /home/airflow/.local/lib/python3.12/site-packages/airflow/example_dags/example_branch_operator.py
[2024-10-06T04:41:01.115+0000] {processor.py:914} INFO - Processing file /home/airflow/.local/lib/python3.12/site-packages/airflow/example_dags/example_branch_operator.py for tasks to queue
[2024-10-06T04:41:01.116+0000] {logging_mixin.py:190} INFO - [2024-10-06T04:41:01.115+0000] {dagbag.py:588} INFO - Filling up the DagBag from /home/airflow/.local/lib/python3.12/site-packages/airflow/example_dags/example_branch_operator.py
[2024-10-06T04:41:01.130+0000] {processor.py:925} INFO - DAG(s) 'example_branch_operator' retrieved from /home/airflow/.local/lib/python3.12/site-packages/airflow/example_dags/example_branch_operator.py
[2024-10-06T04:41:01.157+0000] {logging_mixin.py:190} INFO - [2024-10-06T04:41:01.157+0000] {dag.py:3239} INFO - Sync 1 DAGs
[2024-10-06T04:41:01.181+0000] {logging_mixin.py:190} INFO - [2024-10-06T04:41:01.181+0000] {dag.py:4180} INFO - Setting next_dagrun for example_branch_operator to 2024-10-05 00:00:00+00:00, run_after=2024-10-06 00:00:00+00:00
[2024-10-06T04:41:01.204+0000] {processor.py:208} INFO - Processing /home/airflow/.local/lib/python3.12/site-packages/airflow/example_dags/example_branch_operator.py took 0.095 seconds
[2024-10-06T04:41:31.972+0000] {processor.py:186} INFO - Started process (PID=2096) to work on /home/airflow/.local/lib/python3.12/site-packages/airflow/example_dags/example_branch_operator.py
[2024-10-06T04:41:31.972+0000] {processor.py:914} INFO - Processing file /home/airflow/.local/lib/python3.12/site-packages/airflow/example_dags/example_branch_operator.py for tasks to queue
[2024-10-06T04:41:31.974+0000] {logging_mixin.py:190} INFO - [2024-10-06T04:41:31.973+0000] {dagbag.py:588} INFO - Filling up the DagBag from /home/airflow/.local/lib/python3.12/site-packages/airflow/example_dags/example_branch_operator.py
[2024-10-06T04:41:31.992+0000] {processor.py:925} INFO - DAG(s) 'example_branch_operator' retrieved from /home/airflow/.local/lib/python3.12/site-packages/airflow/example_dags/example_branch_operator.py
[2024-10-06T04:41:32.023+0000] {logging_mixin.py:190} INFO - [2024-10-06T04:41:32.023+0000] {dag.py:3239} INFO - Sync 1 DAGs
[2024-10-06T04:41:32.052+0000] {logging_mixin.py:190} INFO - [2024-10-06T04:41:32.052+0000] {dag.py:4180} INFO - Setting next_dagrun for example_branch_operator to 2024-10-05 00:00:00+00:00, run_after=2024-10-06 00:00:00+00:00
[2024-10-06T04:41:32.077+0000] {processor.py:208} INFO - Processing /home/airflow/.local/lib/python3.12/site-packages/airflow/example_dags/example_branch_operator.py took 0.111 seconds
[2024-10-06T04:42:02.551+0000] {processor.py:186} INFO - Started process (PID=2160) to work on /home/airflow/.local/lib/python3.12/site-packages/airflow/example_dags/example_branch_operator.py
[2024-10-06T04:42:02.552+0000] {processor.py:914} INFO - Processing file /home/airflow/.local/lib/python3.12/site-packages/airflow/example_dags/example_branch_operator.py for tasks to queue
[2024-10-06T04:42:02.553+0000] {logging_mixin.py:190} INFO - [2024-10-06T04:42:02.553+0000] {dagbag.py:588} INFO - Filling up the DagBag from /home/airflow/.local/lib/python3.12/site-packages/airflow/example_dags/example_branch_operator.py
[2024-10-06T04:42:02.576+0000] {processor.py:925} INFO - DAG(s) 'example_branch_operator' retrieved from /home/airflow/.local/lib/python3.12/site-packages/airflow/example_dags/example_branch_operator.py
[2024-10-06T04:42:02.618+0000] {logging_mixin.py:190} INFO - [2024-10-06T04:42:02.618+0000] {dag.py:3239} INFO - Sync 1 DAGs
[2024-10-06T04:42:02.649+0000] {logging_mixin.py:190} INFO - [2024-10-06T04:42:02.649+0000] {dag.py:4180} INFO - Setting next_dagrun for example_branch_operator to 2024-10-05 00:00:00+00:00, run_after=2024-10-06 00:00:00+00:00
[2024-10-06T04:42:02.682+0000] {processor.py:208} INFO - Processing /home/airflow/.local/lib/python3.12/site-packages/airflow/example_dags/example_branch_operator.py took 0.138 seconds
[2024-10-06T04:42:33.380+0000] {processor.py:186} INFO - Started process (PID=2223) to work on /home/airflow/.local/lib/python3.12/site-packages/airflow/example_dags/example_branch_operator.py
[2024-10-06T04:42:33.380+0000] {processor.py:914} INFO - Processing file /home/airflow/.local/lib/python3.12/site-packages/airflow/example_dags/example_branch_operator.py for tasks to queue
[2024-10-06T04:42:33.381+0000] {logging_mixin.py:190} INFO - [2024-10-06T04:42:33.381+0000] {dagbag.py:588} INFO - Filling up the DagBag from /home/airflow/.local/lib/python3.12/site-packages/airflow/example_dags/example_branch_operator.py
[2024-10-06T04:42:33.395+0000] {processor.py:925} INFO - DAG(s) 'example_branch_operator' retrieved from /home/airflow/.local/lib/python3.12/site-packages/airflow/example_dags/example_branch_operator.py
[2024-10-06T04:42:33.424+0000] {logging_mixin.py:190} INFO - [2024-10-06T04:42:33.423+0000] {dag.py:3239} INFO - Sync 1 DAGs
[2024-10-06T04:42:33.448+0000] {logging_mixin.py:190} INFO - [2024-10-06T04:42:33.448+0000] {dag.py:4180} INFO - Setting next_dagrun for example_branch_operator to 2024-10-05 00:00:00+00:00, run_after=2024-10-06 00:00:00+00:00
[2024-10-06T04:42:33.476+0000] {processor.py:208} INFO - Processing /home/airflow/.local/lib/python3.12/site-packages/airflow/example_dags/example_branch_operator.py took 0.101 seconds
[2024-10-06T04:43:04.116+0000] {processor.py:186} INFO - Started process (PID=2286) to work on /home/airflow/.local/lib/python3.12/site-packages/airflow/example_dags/example_branch_operator.py
[2024-10-06T04:43:04.117+0000] {processor.py:914} INFO - Processing file /home/airflow/.local/lib/python3.12/site-packages/airflow/example_dags/example_branch_operator.py for tasks to queue
[2024-10-06T04:43:04.118+0000] {logging_mixin.py:190} INFO - [2024-10-06T04:43:04.117+0000] {dagbag.py:588} INFO - Filling up the DagBag from /home/airflow/.local/lib/python3.12/site-packages/airflow/example_dags/example_branch_operator.py
[2024-10-06T04:43:04.131+0000] {processor.py:925} INFO - DAG(s) 'example_branch_operator' retrieved from /home/airflow/.local/lib/python3.12/site-packages/airflow/example_dags/example_branch_operator.py
[2024-10-06T04:43:04.154+0000] {logging_mixin.py:190} INFO - [2024-10-06T04:43:04.154+0000] {dag.py:3239} INFO - Sync 1 DAGs
[2024-10-06T04:43:04.172+0000] {logging_mixin.py:190} INFO - [2024-10-06T04:43:04.172+0000] {dag.py:4180} INFO - Setting next_dagrun for example_branch_operator to 2024-10-05 00:00:00+00:00, run_after=2024-10-06 00:00:00+00:00
[2024-10-06T04:43:04.191+0000] {processor.py:208} INFO - Processing /home/airflow/.local/lib/python3.12/site-packages/airflow/example_dags/example_branch_operator.py took 0.079 seconds
[2024-10-06T04:43:35.054+0000] {processor.py:186} INFO - Started process (PID=2349) to work on /home/airflow/.local/lib/python3.12/site-packages/airflow/example_dags/example_branch_operator.py
[2024-10-06T04:43:35.055+0000] {processor.py:914} INFO - Processing file /home/airflow/.local/lib/python3.12/site-packages/airflow/example_dags/example_branch_operator.py for tasks to queue
[2024-10-06T04:43:35.056+0000] {logging_mixin.py:190} INFO - [2024-10-06T04:43:35.056+0000] {dagbag.py:588} INFO - Filling up the DagBag from /home/airflow/.local/lib/python3.12/site-packages/airflow/example_dags/example_branch_operator.py
[2024-10-06T04:43:35.076+0000] {processor.py:925} INFO - DAG(s) 'example_branch_operator' retrieved from /home/airflow/.local/lib/python3.12/site-packages/airflow/example_dags/example_branch_operator.py
[2024-10-06T04:43:35.107+0000] {logging_mixin.py:190} INFO - [2024-10-06T04:43:35.106+0000] {dag.py:3239} INFO - Sync 1 DAGs
[2024-10-06T04:43:35.131+0000] {logging_mixin.py:190} INFO - [2024-10-06T04:43:35.131+0000] {dag.py:4180} INFO - Setting next_dagrun for example_branch_operator to 2024-10-05 00:00:00+00:00, run_after=2024-10-06 00:00:00+00:00
[2024-10-06T04:43:35.160+0000] {processor.py:208} INFO - Processing /home/airflow/.local/lib/python3.12/site-packages/airflow/example_dags/example_branch_operator.py took 0.112 seconds
[2024-10-06T04:44:05.234+0000] {processor.py:186} INFO - Started process (PID=2412) to work on /home/airflow/.local/lib/python3.12/site-packages/airflow/example_dags/example_branch_operator.py
[2024-10-06T04:44:05.234+0000] {processor.py:914} INFO - Processing file /home/airflow/.local/lib/python3.12/site-packages/airflow/example_dags/example_branch_operator.py for tasks to queue
[2024-10-06T04:44:05.235+0000] {logging_mixin.py:190} INFO - [2024-10-06T04:44:05.235+0000] {dagbag.py:588} INFO - Filling up the DagBag from /home/airflow/.local/lib/python3.12/site-packages/airflow/example_dags/example_branch_operator.py
[2024-10-06T04:44:05.252+0000] {processor.py:925} INFO - DAG(s) 'example_branch_operator' retrieved from /home/airflow/.local/lib/python3.12/site-packages/airflow/example_dags/example_branch_operator.py
[2024-10-06T04:44:05.280+0000] {logging_mixin.py:190} INFO - [2024-10-06T04:44:05.279+0000] {dag.py:3239} INFO - Sync 1 DAGs
[2024-10-06T04:44:05.301+0000] {logging_mixin.py:190} INFO - [2024-10-06T04:44:05.300+0000] {dag.py:4180} INFO - Setting next_dagrun for example_branch_operator to 2024-10-05 00:00:00+00:00, run_after=2024-10-06 00:00:00+00:00
[2024-10-06T04:44:05.320+0000] {processor.py:208} INFO - Processing /home/airflow/.local/lib/python3.12/site-packages/airflow/example_dags/example_branch_operator.py took 0.092 seconds
[2024-10-06T04:44:36.194+0000] {processor.py:186} INFO - Started process (PID=2477) to work on /home/airflow/.local/lib/python3.12/site-packages/airflow/example_dags/example_branch_operator.py
[2024-10-06T04:44:36.195+0000] {processor.py:914} INFO - Processing file /home/airflow/.local/lib/python3.12/site-packages/airflow/example_dags/example_branch_operator.py for tasks to queue
[2024-10-06T04:44:36.196+0000] {logging_mixin.py:190} INFO - [2024-10-06T04:44:36.195+0000] {dagbag.py:588} INFO - Filling up the DagBag from /home/airflow/.local/lib/python3.12/site-packages/airflow/example_dags/example_branch_operator.py
[2024-10-06T04:44:36.209+0000] {processor.py:925} INFO - DAG(s) 'example_branch_operator' retrieved from /home/airflow/.local/lib/python3.12/site-packages/airflow/example_dags/example_branch_operator.py
[2024-10-06T04:44:36.233+0000] {logging_mixin.py:190} INFO - [2024-10-06T04:44:36.233+0000] {dag.py:3239} INFO - Sync 1 DAGs
[2024-10-06T04:44:36.255+0000] {logging_mixin.py:190} INFO - [2024-10-06T04:44:36.255+0000] {dag.py:4180} INFO - Setting next_dagrun for example_branch_operator to 2024-10-05 00:00:00+00:00, run_after=2024-10-06 00:00:00+00:00
[2024-10-06T04:44:36.273+0000] {processor.py:208} INFO - Processing /home/airflow/.local/lib/python3.12/site-packages/airflow/example_dags/example_branch_operator.py took 0.083 seconds
[2024-10-06T04:45:06.724+0000] {processor.py:186} INFO - Started process (PID=2540) to work on /home/airflow/.local/lib/python3.12/site-packages/airflow/example_dags/example_branch_operator.py
[2024-10-06T04:45:06.725+0000] {processor.py:914} INFO - Processing file /home/airflow/.local/lib/python3.12/site-packages/airflow/example_dags/example_branch_operator.py for tasks to queue
[2024-10-06T04:45:06.726+0000] {logging_mixin.py:190} INFO - [2024-10-06T04:45:06.726+0000] {dagbag.py:588} INFO - Filling up the DagBag from /home/airflow/.local/lib/python3.12/site-packages/airflow/example_dags/example_branch_operator.py
[2024-10-06T04:45:06.740+0000] {processor.py:925} INFO - DAG(s) 'example_branch_operator' retrieved from /home/airflow/.local/lib/python3.12/site-packages/airflow/example_dags/example_branch_operator.py
[2024-10-06T04:45:06.763+0000] {logging_mixin.py:190} INFO - [2024-10-06T04:45:06.763+0000] {dag.py:3239} INFO - Sync 1 DAGs
[2024-10-06T04:45:06.784+0000] {logging_mixin.py:190} INFO - [2024-10-06T04:45:06.784+0000] {dag.py:4180} INFO - Setting next_dagrun for example_branch_operator to 2024-10-05 00:00:00+00:00, run_after=2024-10-06 00:00:00+00:00
[2024-10-06T04:45:06.806+0000] {processor.py:208} INFO - Processing /home/airflow/.local/lib/python3.12/site-packages/airflow/example_dags/example_branch_operator.py took 0.086 seconds
[2024-10-06T04:45:37.449+0000] {processor.py:186} INFO - Started process (PID=2603) to work on /home/airflow/.local/lib/python3.12/site-packages/airflow/example_dags/example_branch_operator.py
[2024-10-06T04:45:37.450+0000] {processor.py:914} INFO - Processing file /home/airflow/.local/lib/python3.12/site-packages/airflow/example_dags/example_branch_operator.py for tasks to queue
[2024-10-06T04:45:37.451+0000] {logging_mixin.py:190} INFO - [2024-10-06T04:45:37.451+0000] {dagbag.py:588} INFO - Filling up the DagBag from /home/airflow/.local/lib/python3.12/site-packages/airflow/example_dags/example_branch_operator.py
[2024-10-06T04:45:37.465+0000] {processor.py:925} INFO - DAG(s) 'example_branch_operator' retrieved from /home/airflow/.local/lib/python3.12/site-packages/airflow/example_dags/example_branch_operator.py
[2024-10-06T04:45:37.487+0000] {logging_mixin.py:190} INFO - [2024-10-06T04:45:37.487+0000] {dag.py:3239} INFO - Sync 1 DAGs
[2024-10-06T04:45:37.506+0000] {logging_mixin.py:190} INFO - [2024-10-06T04:45:37.506+0000] {dag.py:4180} INFO - Setting next_dagrun for example_branch_operator to 2024-10-05 00:00:00+00:00, run_after=2024-10-06 00:00:00+00:00
[2024-10-06T04:45:37.522+0000] {processor.py:208} INFO - Processing /home/airflow/.local/lib/python3.12/site-packages/airflow/example_dags/example_branch_operator.py took 0.077 seconds
[2024-10-06T04:46:08.124+0000] {processor.py:186} INFO - Started process (PID=2666) to work on /home/airflow/.local/lib/python3.12/site-packages/airflow/example_dags/example_branch_operator.py
[2024-10-06T04:46:08.124+0000] {processor.py:914} INFO - Processing file /home/airflow/.local/lib/python3.12/site-packages/airflow/example_dags/example_branch_operator.py for tasks to queue
[2024-10-06T04:46:08.126+0000] {logging_mixin.py:190} INFO - [2024-10-06T04:46:08.125+0000] {dagbag.py:588} INFO - Filling up the DagBag from /home/airflow/.local/lib/python3.12/site-packages/airflow/example_dags/example_branch_operator.py
[2024-10-06T04:46:08.145+0000] {processor.py:925} INFO - DAG(s) 'example_branch_operator' retrieved from /home/airflow/.local/lib/python3.12/site-packages/airflow/example_dags/example_branch_operator.py
[2024-10-06T04:46:08.177+0000] {logging_mixin.py:190} INFO - [2024-10-06T04:46:08.177+0000] {dag.py:3239} INFO - Sync 1 DAGs
[2024-10-06T04:46:08.201+0000] {logging_mixin.py:190} INFO - [2024-10-06T04:46:08.201+0000] {dag.py:4180} INFO - Setting next_dagrun for example_branch_operator to 2024-10-05 00:00:00+00:00, run_after=2024-10-06 00:00:00+00:00
[2024-10-06T04:46:08.219+0000] {processor.py:208} INFO - Processing /home/airflow/.local/lib/python3.12/site-packages/airflow/example_dags/example_branch_operator.py took 0.102 seconds
[2024-10-06T04:46:38.812+0000] {processor.py:186} INFO - Started process (PID=2729) to work on /home/airflow/.local/lib/python3.12/site-packages/airflow/example_dags/example_branch_operator.py
[2024-10-06T04:46:38.813+0000] {processor.py:914} INFO - Processing file /home/airflow/.local/lib/python3.12/site-packages/airflow/example_dags/example_branch_operator.py for tasks to queue
[2024-10-06T04:46:38.813+0000] {logging_mixin.py:190} INFO - [2024-10-06T04:46:38.813+0000] {dagbag.py:588} INFO - Filling up the DagBag from /home/airflow/.local/lib/python3.12/site-packages/airflow/example_dags/example_branch_operator.py
[2024-10-06T04:46:38.827+0000] {processor.py:925} INFO - DAG(s) 'example_branch_operator' retrieved from /home/airflow/.local/lib/python3.12/site-packages/airflow/example_dags/example_branch_operator.py
[2024-10-06T04:46:38.849+0000] {logging_mixin.py:190} INFO - [2024-10-06T04:46:38.849+0000] {dag.py:3239} INFO - Sync 1 DAGs
[2024-10-06T04:46:38.869+0000] {logging_mixin.py:190} INFO - [2024-10-06T04:46:38.869+0000] {dag.py:4180} INFO - Setting next_dagrun for example_branch_operator to 2024-10-05 00:00:00+00:00, run_after=2024-10-06 00:00:00+00:00
[2024-10-06T04:46:38.893+0000] {processor.py:208} INFO - Processing /home/airflow/.local/lib/python3.12/site-packages/airflow/example_dags/example_branch_operator.py took 0.085 seconds
[2024-10-06T04:47:09.292+0000] {processor.py:186} INFO - Started process (PID=2792) to work on /home/airflow/.local/lib/python3.12/site-packages/airflow/example_dags/example_branch_operator.py
[2024-10-06T04:47:09.292+0000] {processor.py:914} INFO - Processing file /home/airflow/.local/lib/python3.12/site-packages/airflow/example_dags/example_branch_operator.py for tasks to queue
[2024-10-06T04:47:09.293+0000] {logging_mixin.py:190} INFO - [2024-10-06T04:47:09.293+0000] {dagbag.py:588} INFO - Filling up the DagBag from /home/airflow/.local/lib/python3.12/site-packages/airflow/example_dags/example_branch_operator.py
[2024-10-06T04:47:09.307+0000] {processor.py:925} INFO - DAG(s) 'example_branch_operator' retrieved from /home/airflow/.local/lib/python3.12/site-packages/airflow/example_dags/example_branch_operator.py
[2024-10-06T04:47:09.339+0000] {logging_mixin.py:190} INFO - [2024-10-06T04:47:09.339+0000] {dag.py:3239} INFO - Sync 1 DAGs
[2024-10-06T04:47:09.364+0000] {logging_mixin.py:190} INFO - [2024-10-06T04:47:09.364+0000] {dag.py:4180} INFO - Setting next_dagrun for example_branch_operator to 2024-10-05 00:00:00+00:00, run_after=2024-10-06 00:00:00+00:00
[2024-10-06T04:47:09.389+0000] {processor.py:208} INFO - Processing /home/airflow/.local/lib/python3.12/site-packages/airflow/example_dags/example_branch_operator.py took 0.102 seconds
[2024-10-06T04:47:40.577+0000] {processor.py:186} INFO - Started process (PID=2855) to work on /home/airflow/.local/lib/python3.12/site-packages/airflow/example_dags/example_branch_operator.py
[2024-10-06T04:47:40.578+0000] {processor.py:914} INFO - Processing file /home/airflow/.local/lib/python3.12/site-packages/airflow/example_dags/example_branch_operator.py for tasks to queue
[2024-10-06T04:47:40.579+0000] {logging_mixin.py:190} INFO - [2024-10-06T04:47:40.579+0000] {dagbag.py:588} INFO - Filling up the DagBag from /home/airflow/.local/lib/python3.12/site-packages/airflow/example_dags/example_branch_operator.py
[2024-10-06T04:47:40.598+0000] {processor.py:925} INFO - DAG(s) 'example_branch_operator' retrieved from /home/airflow/.local/lib/python3.12/site-packages/airflow/example_dags/example_branch_operator.py
[2024-10-06T04:47:40.633+0000] {logging_mixin.py:190} INFO - [2024-10-06T04:47:40.633+0000] {dag.py:3239} INFO - Sync 1 DAGs
[2024-10-06T04:47:40.659+0000] {logging_mixin.py:190} INFO - [2024-10-06T04:47:40.659+0000] {dag.py:4180} INFO - Setting next_dagrun for example_branch_operator to 2024-10-05 00:00:00+00:00, run_after=2024-10-06 00:00:00+00:00
[2024-10-06T04:47:40.679+0000] {processor.py:208} INFO - Processing /home/airflow/.local/lib/python3.12/site-packages/airflow/example_dags/example_branch_operator.py took 0.108 seconds
[2024-10-06T04:48:11.108+0000] {processor.py:186} INFO - Started process (PID=2918) to work on /home/airflow/.local/lib/python3.12/site-packages/airflow/example_dags/example_branch_operator.py
[2024-10-06T04:48:11.109+0000] {processor.py:914} INFO - Processing file /home/airflow/.local/lib/python3.12/site-packages/airflow/example_dags/example_branch_operator.py for tasks to queue
[2024-10-06T04:48:11.110+0000] {logging_mixin.py:190} INFO - [2024-10-06T04:48:11.110+0000] {dagbag.py:588} INFO - Filling up the DagBag from /home/airflow/.local/lib/python3.12/site-packages/airflow/example_dags/example_branch_operator.py
[2024-10-06T04:48:11.124+0000] {processor.py:925} INFO - DAG(s) 'example_branch_operator' retrieved from /home/airflow/.local/lib/python3.12/site-packages/airflow/example_dags/example_branch_operator.py
[2024-10-06T04:48:11.147+0000] {logging_mixin.py:190} INFO - [2024-10-06T04:48:11.147+0000] {dag.py:3239} INFO - Sync 1 DAGs
[2024-10-06T04:48:11.166+0000] {logging_mixin.py:190} INFO - [2024-10-06T04:48:11.166+0000] {dag.py:4180} INFO - Setting next_dagrun for example_branch_operator to 2024-10-05 00:00:00+00:00, run_after=2024-10-06 00:00:00+00:00
[2024-10-06T04:48:11.210+0000] {processor.py:208} INFO - Processing /home/airflow/.local/lib/python3.12/site-packages/airflow/example_dags/example_branch_operator.py took 0.106 seconds
[2024-10-06T04:48:41.536+0000] {processor.py:186} INFO - Started process (PID=2982) to work on /home/airflow/.local/lib/python3.12/site-packages/airflow/example_dags/example_branch_operator.py
[2024-10-06T04:48:41.536+0000] {processor.py:914} INFO - Processing file /home/airflow/.local/lib/python3.12/site-packages/airflow/example_dags/example_branch_operator.py for tasks to queue
[2024-10-06T04:48:41.537+0000] {logging_mixin.py:190} INFO - [2024-10-06T04:48:41.537+0000] {dagbag.py:588} INFO - Filling up the DagBag from /home/airflow/.local/lib/python3.12/site-packages/airflow/example_dags/example_branch_operator.py
[2024-10-06T04:48:41.557+0000] {processor.py:925} INFO - DAG(s) 'example_branch_operator' retrieved from /home/airflow/.local/lib/python3.12/site-packages/airflow/example_dags/example_branch_operator.py
[2024-10-06T04:48:41.581+0000] {logging_mixin.py:190} INFO - [2024-10-06T04:48:41.581+0000] {dag.py:3239} INFO - Sync 1 DAGs
[2024-10-06T04:48:41.605+0000] {logging_mixin.py:190} INFO - [2024-10-06T04:48:41.605+0000] {dag.py:4180} INFO - Setting next_dagrun for example_branch_operator to 2024-10-05 00:00:00+00:00, run_after=2024-10-06 00:00:00+00:00
[2024-10-06T04:48:41.625+0000] {processor.py:208} INFO - Processing /home/airflow/.local/lib/python3.12/site-packages/airflow/example_dags/example_branch_operator.py took 0.094 seconds
[2024-10-06T04:49:12.109+0000] {processor.py:186} INFO - Started process (PID=3045) to work on /home/airflow/.local/lib/python3.12/site-packages/airflow/example_dags/example_branch_operator.py
[2024-10-06T04:49:12.110+0000] {processor.py:914} INFO - Processing file /home/airflow/.local/lib/python3.12/site-packages/airflow/example_dags/example_branch_operator.py for tasks to queue
[2024-10-06T04:49:12.111+0000] {logging_mixin.py:190} INFO - [2024-10-06T04:49:12.110+0000] {dagbag.py:588} INFO - Filling up the DagBag from /home/airflow/.local/lib/python3.12/site-packages/airflow/example_dags/example_branch_operator.py
[2024-10-06T04:49:12.124+0000] {processor.py:925} INFO - DAG(s) 'example_branch_operator' retrieved from /home/airflow/.local/lib/python3.12/site-packages/airflow/example_dags/example_branch_operator.py
[2024-10-06T04:49:12.146+0000] {logging_mixin.py:190} INFO - [2024-10-06T04:49:12.146+0000] {dag.py:3239} INFO - Sync 1 DAGs
[2024-10-06T04:49:12.165+0000] {logging_mixin.py:190} INFO - [2024-10-06T04:49:12.164+0000] {dag.py:4180} INFO - Setting next_dagrun for example_branch_operator to 2024-10-05 00:00:00+00:00, run_after=2024-10-06 00:00:00+00:00
[2024-10-06T04:49:12.181+0000] {processor.py:208} INFO - Processing /home/airflow/.local/lib/python3.12/site-packages/airflow/example_dags/example_branch_operator.py took 0.076 seconds
[2024-10-06T04:49:42.418+0000] {processor.py:186} INFO - Started process (PID=3108) to work on /home/airflow/.local/lib/python3.12/site-packages/airflow/example_dags/example_branch_operator.py
[2024-10-06T04:49:42.419+0000] {processor.py:914} INFO - Processing file /home/airflow/.local/lib/python3.12/site-packages/airflow/example_dags/example_branch_operator.py for tasks to queue
[2024-10-06T04:49:42.420+0000] {logging_mixin.py:190} INFO - [2024-10-06T04:49:42.420+0000] {dagbag.py:588} INFO - Filling up the DagBag from /home/airflow/.local/lib/python3.12/site-packages/airflow/example_dags/example_branch_operator.py
[2024-10-06T04:49:42.441+0000] {processor.py:925} INFO - DAG(s) 'example_branch_operator' retrieved from /home/airflow/.local/lib/python3.12/site-packages/airflow/example_dags/example_branch_operator.py
[2024-10-06T04:49:42.477+0000] {logging_mixin.py:190} INFO - [2024-10-06T04:49:42.477+0000] {dag.py:3239} INFO - Sync 1 DAGs
[2024-10-06T04:49:42.506+0000] {logging_mixin.py:190} INFO - [2024-10-06T04:49:42.505+0000] {dag.py:4180} INFO - Setting next_dagrun for example_branch_operator to 2024-10-05 00:00:00+00:00, run_after=2024-10-06 00:00:00+00:00
[2024-10-06T04:49:42.528+0000] {processor.py:208} INFO - Processing /home/airflow/.local/lib/python3.12/site-packages/airflow/example_dags/example_branch_operator.py took 0.119 seconds
[2024-10-06T04:50:12.716+0000] {processor.py:186} INFO - Started process (PID=3170) to work on /home/airflow/.local/lib/python3.12/site-packages/airflow/example_dags/example_branch_operator.py
[2024-10-06T04:50:12.717+0000] {processor.py:914} INFO - Processing file /home/airflow/.local/lib/python3.12/site-packages/airflow/example_dags/example_branch_operator.py for tasks to queue
[2024-10-06T04:50:12.718+0000] {logging_mixin.py:190} INFO - [2024-10-06T04:50:12.718+0000] {dagbag.py:588} INFO - Filling up the DagBag from /home/airflow/.local/lib/python3.12/site-packages/airflow/example_dags/example_branch_operator.py
[2024-10-06T04:50:12.732+0000] {processor.py:925} INFO - DAG(s) 'example_branch_operator' retrieved from /home/airflow/.local/lib/python3.12/site-packages/airflow/example_dags/example_branch_operator.py
[2024-10-06T04:50:12.761+0000] {logging_mixin.py:190} INFO - [2024-10-06T04:50:12.760+0000] {dag.py:3239} INFO - Sync 1 DAGs
[2024-10-06T04:50:12.782+0000] {logging_mixin.py:190} INFO - [2024-10-06T04:50:12.782+0000] {dag.py:4180} INFO - Setting next_dagrun for example_branch_operator to 2024-10-05 00:00:00+00:00, run_after=2024-10-06 00:00:00+00:00
[2024-10-06T04:50:12.828+0000] {processor.py:208} INFO - Processing /home/airflow/.local/lib/python3.12/site-packages/airflow/example_dags/example_branch_operator.py took 0.116 seconds
[2024-10-06T04:50:43.055+0000] {processor.py:186} INFO - Started process (PID=3232) to work on /home/airflow/.local/lib/python3.12/site-packages/airflow/example_dags/example_branch_operator.py
[2024-10-06T04:50:43.056+0000] {processor.py:914} INFO - Processing file /home/airflow/.local/lib/python3.12/site-packages/airflow/example_dags/example_branch_operator.py for tasks to queue
[2024-10-06T04:50:43.057+0000] {logging_mixin.py:190} INFO - [2024-10-06T04:50:43.057+0000] {dagbag.py:588} INFO - Filling up the DagBag from /home/airflow/.local/lib/python3.12/site-packages/airflow/example_dags/example_branch_operator.py
[2024-10-06T04:50:43.071+0000] {processor.py:925} INFO - DAG(s) 'example_branch_operator' retrieved from /home/airflow/.local/lib/python3.12/site-packages/airflow/example_dags/example_branch_operator.py
[2024-10-06T04:50:43.093+0000] {logging_mixin.py:190} INFO - [2024-10-06T04:50:43.093+0000] {dag.py:3239} INFO - Sync 1 DAGs
[2024-10-06T04:50:43.112+0000] {logging_mixin.py:190} INFO - [2024-10-06T04:50:43.112+0000] {dag.py:4180} INFO - Setting next_dagrun for example_branch_operator to 2024-10-05 00:00:00+00:00, run_after=2024-10-06 00:00:00+00:00
[2024-10-06T04:50:43.129+0000] {processor.py:208} INFO - Processing /home/airflow/.local/lib/python3.12/site-packages/airflow/example_dags/example_branch_operator.py took 0.078 seconds
[2024-10-06T04:51:13.784+0000] {processor.py:186} INFO - Started process (PID=3296) to work on /home/airflow/.local/lib/python3.12/site-packages/airflow/example_dags/example_branch_operator.py
[2024-10-06T04:51:13.784+0000] {processor.py:914} INFO - Processing file /home/airflow/.local/lib/python3.12/site-packages/airflow/example_dags/example_branch_operator.py for tasks to queue
[2024-10-06T04:51:13.785+0000] {logging_mixin.py:190} INFO - [2024-10-06T04:51:13.785+0000] {dagbag.py:588} INFO - Filling up the DagBag from /home/airflow/.local/lib/python3.12/site-packages/airflow/example_dags/example_branch_operator.py
[2024-10-06T04:51:13.801+0000] {processor.py:925} INFO - DAG(s) 'example_branch_operator' retrieved from /home/airflow/.local/lib/python3.12/site-packages/airflow/example_dags/example_branch_operator.py
[2024-10-06T04:51:13.824+0000] {logging_mixin.py:190} INFO - [2024-10-06T04:51:13.824+0000] {dag.py:3239} INFO - Sync 1 DAGs
[2024-10-06T04:51:13.842+0000] {logging_mixin.py:190} INFO - [2024-10-06T04:51:13.842+0000] {dag.py:4180} INFO - Setting next_dagrun for example_branch_operator to 2024-10-05 00:00:00+00:00, run_after=2024-10-06 00:00:00+00:00
[2024-10-06T04:51:13.860+0000] {processor.py:208} INFO - Processing /home/airflow/.local/lib/python3.12/site-packages/airflow/example_dags/example_branch_operator.py took 0.082 seconds
[2024-10-06T04:51:43.977+0000] {processor.py:186} INFO - Started process (PID=3359) to work on /home/airflow/.local/lib/python3.12/site-packages/airflow/example_dags/example_branch_operator.py
[2024-10-06T04:51:43.977+0000] {processor.py:914} INFO - Processing file /home/airflow/.local/lib/python3.12/site-packages/airflow/example_dags/example_branch_operator.py for tasks to queue
[2024-10-06T04:51:43.978+0000] {logging_mixin.py:190} INFO - [2024-10-06T04:51:43.978+0000] {dagbag.py:588} INFO - Filling up the DagBag from /home/airflow/.local/lib/python3.12/site-packages/airflow/example_dags/example_branch_operator.py
[2024-10-06T04:51:43.993+0000] {processor.py:925} INFO - DAG(s) 'example_branch_operator' retrieved from /home/airflow/.local/lib/python3.12/site-packages/airflow/example_dags/example_branch_operator.py
[2024-10-06T04:51:44.015+0000] {logging_mixin.py:190} INFO - [2024-10-06T04:51:44.015+0000] {dag.py:3239} INFO - Sync 1 DAGs
[2024-10-06T04:51:44.034+0000] {logging_mixin.py:190} INFO - [2024-10-06T04:51:44.034+0000] {dag.py:4180} INFO - Setting next_dagrun for example_branch_operator to 2024-10-05 00:00:00+00:00, run_after=2024-10-06 00:00:00+00:00
[2024-10-06T04:51:44.052+0000] {processor.py:208} INFO - Processing /home/airflow/.local/lib/python3.12/site-packages/airflow/example_dags/example_branch_operator.py took 0.079 seconds
[2024-10-06T04:52:14.254+0000] {processor.py:186} INFO - Started process (PID=3421) to work on /home/airflow/.local/lib/python3.12/site-packages/airflow/example_dags/example_branch_operator.py
[2024-10-06T04:52:14.255+0000] {processor.py:914} INFO - Processing file /home/airflow/.local/lib/python3.12/site-packages/airflow/example_dags/example_branch_operator.py for tasks to queue
[2024-10-06T04:52:14.256+0000] {logging_mixin.py:190} INFO - [2024-10-06T04:52:14.255+0000] {dagbag.py:588} INFO - Filling up the DagBag from /home/airflow/.local/lib/python3.12/site-packages/airflow/example_dags/example_branch_operator.py
[2024-10-06T04:52:14.275+0000] {processor.py:925} INFO - DAG(s) 'example_branch_operator' retrieved from /home/airflow/.local/lib/python3.12/site-packages/airflow/example_dags/example_branch_operator.py
[2024-10-06T04:52:14.307+0000] {logging_mixin.py:190} INFO - [2024-10-06T04:52:14.306+0000] {dag.py:3239} INFO - Sync 1 DAGs
[2024-10-06T04:52:14.330+0000] {logging_mixin.py:190} INFO - [2024-10-06T04:52:14.330+0000] {dag.py:4180} INFO - Setting next_dagrun for example_branch_operator to 2024-10-05 00:00:00+00:00, run_after=2024-10-06 00:00:00+00:00
[2024-10-06T04:52:14.347+0000] {processor.py:208} INFO - Processing /home/airflow/.local/lib/python3.12/site-packages/airflow/example_dags/example_branch_operator.py took 0.098 seconds
[2024-10-06T04:52:44.546+0000] {processor.py:186} INFO - Started process (PID=3485) to work on /home/airflow/.local/lib/python3.12/site-packages/airflow/example_dags/example_branch_operator.py
[2024-10-06T04:52:44.547+0000] {processor.py:914} INFO - Processing file /home/airflow/.local/lib/python3.12/site-packages/airflow/example_dags/example_branch_operator.py for tasks to queue
[2024-10-06T04:52:44.548+0000] {logging_mixin.py:190} INFO - [2024-10-06T04:52:44.547+0000] {dagbag.py:588} INFO - Filling up the DagBag from /home/airflow/.local/lib/python3.12/site-packages/airflow/example_dags/example_branch_operator.py
[2024-10-06T04:52:44.564+0000] {processor.py:925} INFO - DAG(s) 'example_branch_operator' retrieved from /home/airflow/.local/lib/python3.12/site-packages/airflow/example_dags/example_branch_operator.py
[2024-10-06T04:52:44.587+0000] {logging_mixin.py:190} INFO - [2024-10-06T04:52:44.587+0000] {dag.py:3239} INFO - Sync 1 DAGs
[2024-10-06T04:52:44.606+0000] {logging_mixin.py:190} INFO - [2024-10-06T04:52:44.606+0000] {dag.py:4180} INFO - Setting next_dagrun for example_branch_operator to 2024-10-05 00:00:00+00:00, run_after=2024-10-06 00:00:00+00:00
[2024-10-06T04:52:44.623+0000] {processor.py:208} INFO - Processing /home/airflow/.local/lib/python3.12/site-packages/airflow/example_dags/example_branch_operator.py took 0.082 seconds
[2024-10-06T04:53:14.918+0000] {processor.py:186} INFO - Started process (PID=3548) to work on /home/airflow/.local/lib/python3.12/site-packages/airflow/example_dags/example_branch_operator.py
[2024-10-06T04:53:14.919+0000] {processor.py:914} INFO - Processing file /home/airflow/.local/lib/python3.12/site-packages/airflow/example_dags/example_branch_operator.py for tasks to queue
[2024-10-06T04:53:14.920+0000] {logging_mixin.py:190} INFO - [2024-10-06T04:53:14.919+0000] {dagbag.py:588} INFO - Filling up the DagBag from /home/airflow/.local/lib/python3.12/site-packages/airflow/example_dags/example_branch_operator.py
[2024-10-06T04:53:14.934+0000] {processor.py:925} INFO - DAG(s) 'example_branch_operator' retrieved from /home/airflow/.local/lib/python3.12/site-packages/airflow/example_dags/example_branch_operator.py
[2024-10-06T04:53:14.956+0000] {logging_mixin.py:190} INFO - [2024-10-06T04:53:14.956+0000] {dag.py:3239} INFO - Sync 1 DAGs
[2024-10-06T04:53:14.976+0000] {logging_mixin.py:190} INFO - [2024-10-06T04:53:14.975+0000] {dag.py:4180} INFO - Setting next_dagrun for example_branch_operator to 2024-10-05 00:00:00+00:00, run_after=2024-10-06 00:00:00+00:00
[2024-10-06T04:53:14.994+0000] {processor.py:208} INFO - Processing /home/airflow/.local/lib/python3.12/site-packages/airflow/example_dags/example_branch_operator.py took 0.080 seconds
[2024-10-06T04:53:45.115+0000] {processor.py:186} INFO - Started process (PID=3611) to work on /home/airflow/.local/lib/python3.12/site-packages/airflow/example_dags/example_branch_operator.py
[2024-10-06T04:53:45.116+0000] {processor.py:914} INFO - Processing file /home/airflow/.local/lib/python3.12/site-packages/airflow/example_dags/example_branch_operator.py for tasks to queue
[2024-10-06T04:53:45.117+0000] {logging_mixin.py:190} INFO - [2024-10-06T04:53:45.117+0000] {dagbag.py:588} INFO - Filling up the DagBag from /home/airflow/.local/lib/python3.12/site-packages/airflow/example_dags/example_branch_operator.py
[2024-10-06T04:53:45.131+0000] {processor.py:925} INFO - DAG(s) 'example_branch_operator' retrieved from /home/airflow/.local/lib/python3.12/site-packages/airflow/example_dags/example_branch_operator.py
[2024-10-06T04:53:45.155+0000] {logging_mixin.py:190} INFO - [2024-10-06T04:53:45.154+0000] {dag.py:3239} INFO - Sync 1 DAGs
[2024-10-06T04:53:45.177+0000] {logging_mixin.py:190} INFO - [2024-10-06T04:53:45.177+0000] {dag.py:4180} INFO - Setting next_dagrun for example_branch_operator to 2024-10-05 00:00:00+00:00, run_after=2024-10-06 00:00:00+00:00
[2024-10-06T04:53:45.193+0000] {processor.py:208} INFO - Processing /home/airflow/.local/lib/python3.12/site-packages/airflow/example_dags/example_branch_operator.py took 0.083 seconds
[2024-10-06T04:54:15.403+0000] {processor.py:186} INFO - Started process (PID=3674) to work on /home/airflow/.local/lib/python3.12/site-packages/airflow/example_dags/example_branch_operator.py
[2024-10-06T04:54:15.404+0000] {processor.py:914} INFO - Processing file /home/airflow/.local/lib/python3.12/site-packages/airflow/example_dags/example_branch_operator.py for tasks to queue
[2024-10-06T04:54:15.405+0000] {logging_mixin.py:190} INFO - [2024-10-06T04:54:15.404+0000] {dagbag.py:588} INFO - Filling up the DagBag from /home/airflow/.local/lib/python3.12/site-packages/airflow/example_dags/example_branch_operator.py
[2024-10-06T04:54:15.419+0000] {processor.py:925} INFO - DAG(s) 'example_branch_operator' retrieved from /home/airflow/.local/lib/python3.12/site-packages/airflow/example_dags/example_branch_operator.py
[2024-10-06T04:54:15.442+0000] {logging_mixin.py:190} INFO - [2024-10-06T04:54:15.442+0000] {dag.py:3239} INFO - Sync 1 DAGs
[2024-10-06T04:54:15.461+0000] {logging_mixin.py:190} INFO - [2024-10-06T04:54:15.461+0000] {dag.py:4180} INFO - Setting next_dagrun for example_branch_operator to 2024-10-05 00:00:00+00:00, run_after=2024-10-06 00:00:00+00:00
[2024-10-06T04:54:15.487+0000] {processor.py:208} INFO - Processing /home/airflow/.local/lib/python3.12/site-packages/airflow/example_dags/example_branch_operator.py took 0.088 seconds
[2024-10-06T04:54:45.715+0000] {processor.py:186} INFO - Started process (PID=3737) to work on /home/airflow/.local/lib/python3.12/site-packages/airflow/example_dags/example_branch_operator.py
[2024-10-06T04:54:45.715+0000] {processor.py:914} INFO - Processing file /home/airflow/.local/lib/python3.12/site-packages/airflow/example_dags/example_branch_operator.py for tasks to queue
[2024-10-06T04:54:45.716+0000] {logging_mixin.py:190} INFO - [2024-10-06T04:54:45.716+0000] {dagbag.py:588} INFO - Filling up the DagBag from /home/airflow/.local/lib/python3.12/site-packages/airflow/example_dags/example_branch_operator.py
[2024-10-06T04:54:45.730+0000] {processor.py:925} INFO - DAG(s) 'example_branch_operator' retrieved from /home/airflow/.local/lib/python3.12/site-packages/airflow/example_dags/example_branch_operator.py
[2024-10-06T04:54:45.752+0000] {logging_mixin.py:190} INFO - [2024-10-06T04:54:45.752+0000] {dag.py:3239} INFO - Sync 1 DAGs
[2024-10-06T04:54:45.773+0000] {logging_mixin.py:190} INFO - [2024-10-06T04:54:45.773+0000] {dag.py:4180} INFO - Setting next_dagrun for example_branch_operator to 2024-10-05 00:00:00+00:00, run_after=2024-10-06 00:00:00+00:00
[2024-10-06T04:54:45.793+0000] {processor.py:208} INFO - Processing /home/airflow/.local/lib/python3.12/site-packages/airflow/example_dags/example_branch_operator.py took 0.082 seconds
[2024-10-06T04:55:16.174+0000] {processor.py:186} INFO - Started process (PID=3802) to work on /home/airflow/.local/lib/python3.12/site-packages/airflow/example_dags/example_branch_operator.py
[2024-10-06T04:55:16.174+0000] {processor.py:914} INFO - Processing file /home/airflow/.local/lib/python3.12/site-packages/airflow/example_dags/example_branch_operator.py for tasks to queue
[2024-10-06T04:55:16.176+0000] {logging_mixin.py:190} INFO - [2024-10-06T04:55:16.175+0000] {dagbag.py:588} INFO - Filling up the DagBag from /home/airflow/.local/lib/python3.12/site-packages/airflow/example_dags/example_branch_operator.py
[2024-10-06T04:55:16.190+0000] {processor.py:925} INFO - DAG(s) 'example_branch_operator' retrieved from /home/airflow/.local/lib/python3.12/site-packages/airflow/example_dags/example_branch_operator.py
[2024-10-06T04:55:16.216+0000] {logging_mixin.py:190} INFO - [2024-10-06T04:55:16.216+0000] {dag.py:3239} INFO - Sync 1 DAGs
[2024-10-06T04:55:16.238+0000] {logging_mixin.py:190} INFO - [2024-10-06T04:55:16.238+0000] {dag.py:4180} INFO - Setting next_dagrun for example_branch_operator to 2024-10-05 00:00:00+00:00, run_after=2024-10-06 00:00:00+00:00
[2024-10-06T04:55:16.267+0000] {processor.py:208} INFO - Processing /home/airflow/.local/lib/python3.12/site-packages/airflow/example_dags/example_branch_operator.py took 0.097 seconds
[2024-10-06T04:55:46.549+0000] {processor.py:186} INFO - Started process (PID=3865) to work on /home/airflow/.local/lib/python3.12/site-packages/airflow/example_dags/example_branch_operator.py
[2024-10-06T04:55:46.550+0000] {processor.py:914} INFO - Processing file /home/airflow/.local/lib/python3.12/site-packages/airflow/example_dags/example_branch_operator.py for tasks to queue
[2024-10-06T04:55:46.551+0000] {logging_mixin.py:190} INFO - [2024-10-06T04:55:46.551+0000] {dagbag.py:588} INFO - Filling up the DagBag from /home/airflow/.local/lib/python3.12/site-packages/airflow/example_dags/example_branch_operator.py
[2024-10-06T04:55:46.567+0000] {processor.py:925} INFO - DAG(s) 'example_branch_operator' retrieved from /home/airflow/.local/lib/python3.12/site-packages/airflow/example_dags/example_branch_operator.py
[2024-10-06T04:55:46.600+0000] {logging_mixin.py:190} INFO - [2024-10-06T04:55:46.599+0000] {dag.py:3239} INFO - Sync 1 DAGs
[2024-10-06T04:55:46.627+0000] {logging_mixin.py:190} INFO - [2024-10-06T04:55:46.627+0000] {dag.py:4180} INFO - Setting next_dagrun for example_branch_operator to 2024-10-05 00:00:00+00:00, run_after=2024-10-06 00:00:00+00:00
[2024-10-06T04:55:46.658+0000] {processor.py:208} INFO - Processing /home/airflow/.local/lib/python3.12/site-packages/airflow/example_dags/example_branch_operator.py took 0.113 seconds
[2024-10-06T04:56:16.976+0000] {processor.py:186} INFO - Started process (PID=3929) to work on /home/airflow/.local/lib/python3.12/site-packages/airflow/example_dags/example_branch_operator.py
[2024-10-06T04:56:16.977+0000] {processor.py:914} INFO - Processing file /home/airflow/.local/lib/python3.12/site-packages/airflow/example_dags/example_branch_operator.py for tasks to queue
[2024-10-06T04:56:16.978+0000] {logging_mixin.py:190} INFO - [2024-10-06T04:56:16.978+0000] {dagbag.py:588} INFO - Filling up the DagBag from /home/airflow/.local/lib/python3.12/site-packages/airflow/example_dags/example_branch_operator.py
[2024-10-06T04:56:17.000+0000] {processor.py:925} INFO - DAG(s) 'example_branch_operator' retrieved from /home/airflow/.local/lib/python3.12/site-packages/airflow/example_dags/example_branch_operator.py
[2024-10-06T04:56:17.032+0000] {logging_mixin.py:190} INFO - [2024-10-06T04:56:17.032+0000] {dag.py:3239} INFO - Sync 1 DAGs
[2024-10-06T04:56:17.059+0000] {logging_mixin.py:190} INFO - [2024-10-06T04:56:17.059+0000] {dag.py:4180} INFO - Setting next_dagrun for example_branch_operator to 2024-10-05 00:00:00+00:00, run_after=2024-10-06 00:00:00+00:00
[2024-10-06T04:56:17.082+0000] {processor.py:208} INFO - Processing /home/airflow/.local/lib/python3.12/site-packages/airflow/example_dags/example_branch_operator.py took 0.113 seconds
[2024-10-06T04:56:47.342+0000] {processor.py:186} INFO - Started process (PID=3993) to work on /home/airflow/.local/lib/python3.12/site-packages/airflow/example_dags/example_branch_operator.py
[2024-10-06T04:56:47.343+0000] {processor.py:914} INFO - Processing file /home/airflow/.local/lib/python3.12/site-packages/airflow/example_dags/example_branch_operator.py for tasks to queue
[2024-10-06T04:56:47.344+0000] {logging_mixin.py:190} INFO - [2024-10-06T04:56:47.344+0000] {dagbag.py:588} INFO - Filling up the DagBag from /home/airflow/.local/lib/python3.12/site-packages/airflow/example_dags/example_branch_operator.py
[2024-10-06T04:56:47.359+0000] {processor.py:925} INFO - DAG(s) 'example_branch_operator' retrieved from /home/airflow/.local/lib/python3.12/site-packages/airflow/example_dags/example_branch_operator.py
[2024-10-06T04:56:47.384+0000] {logging_mixin.py:190} INFO - [2024-10-06T04:56:47.384+0000] {dag.py:3239} INFO - Sync 1 DAGs
[2024-10-06T04:56:47.409+0000] {logging_mixin.py:190} INFO - [2024-10-06T04:56:47.408+0000] {dag.py:4180} INFO - Setting next_dagrun for example_branch_operator to 2024-10-05 00:00:00+00:00, run_after=2024-10-06 00:00:00+00:00
[2024-10-06T04:56:47.431+0000] {processor.py:208} INFO - Processing /home/airflow/.local/lib/python3.12/site-packages/airflow/example_dags/example_branch_operator.py took 0.094 seconds
[2024-10-06T04:57:17.924+0000] {processor.py:186} INFO - Started process (PID=4057) to work on /home/airflow/.local/lib/python3.12/site-packages/airflow/example_dags/example_branch_operator.py
[2024-10-06T04:57:17.925+0000] {processor.py:914} INFO - Processing file /home/airflow/.local/lib/python3.12/site-packages/airflow/example_dags/example_branch_operator.py for tasks to queue
[2024-10-06T04:57:17.926+0000] {logging_mixin.py:190} INFO - [2024-10-06T04:57:17.926+0000] {dagbag.py:588} INFO - Filling up the DagBag from /home/airflow/.local/lib/python3.12/site-packages/airflow/example_dags/example_branch_operator.py
[2024-10-06T04:57:17.948+0000] {processor.py:925} INFO - DAG(s) 'example_branch_operator' retrieved from /home/airflow/.local/lib/python3.12/site-packages/airflow/example_dags/example_branch_operator.py
[2024-10-06T04:57:17.988+0000] {logging_mixin.py:190} INFO - [2024-10-06T04:57:17.988+0000] {dag.py:3239} INFO - Sync 1 DAGs
[2024-10-06T04:57:18.020+0000] {logging_mixin.py:190} INFO - [2024-10-06T04:57:18.020+0000] {dag.py:4180} INFO - Setting next_dagrun for example_branch_operator to 2024-10-05 00:00:00+00:00, run_after=2024-10-06 00:00:00+00:00
[2024-10-06T04:57:18.054+0000] {processor.py:208} INFO - Processing /home/airflow/.local/lib/python3.12/site-packages/airflow/example_dags/example_branch_operator.py took 0.141 seconds
[2024-10-06T04:57:48.310+0000] {processor.py:186} INFO - Started process (PID=4121) to work on /home/airflow/.local/lib/python3.12/site-packages/airflow/example_dags/example_branch_operator.py
[2024-10-06T04:57:48.311+0000] {processor.py:914} INFO - Processing file /home/airflow/.local/lib/python3.12/site-packages/airflow/example_dags/example_branch_operator.py for tasks to queue
[2024-10-06T04:57:48.312+0000] {logging_mixin.py:190} INFO - [2024-10-06T04:57:48.312+0000] {dagbag.py:588} INFO - Filling up the DagBag from /home/airflow/.local/lib/python3.12/site-packages/airflow/example_dags/example_branch_operator.py
[2024-10-06T04:57:48.326+0000] {processor.py:925} INFO - DAG(s) 'example_branch_operator' retrieved from /home/airflow/.local/lib/python3.12/site-packages/airflow/example_dags/example_branch_operator.py
[2024-10-06T04:57:48.348+0000] {logging_mixin.py:190} INFO - [2024-10-06T04:57:48.347+0000] {dag.py:3239} INFO - Sync 1 DAGs
[2024-10-06T04:57:48.366+0000] {logging_mixin.py:190} INFO - [2024-10-06T04:57:48.366+0000] {dag.py:4180} INFO - Setting next_dagrun for example_branch_operator to 2024-10-05 00:00:00+00:00, run_after=2024-10-06 00:00:00+00:00
[2024-10-06T04:57:48.383+0000] {processor.py:208} INFO - Processing /home/airflow/.local/lib/python3.12/site-packages/airflow/example_dags/example_branch_operator.py took 0.077 seconds
