[2024-10-06T04:25:24.064+0000] {processor.py:186} INFO - Started process (PID=110) to work on /home/airflow/.local/lib/python3.12/site-packages/airflow/example_dags/tutorial_objectstorage.py
[2024-10-06T04:25:24.065+0000] {processor.py:914} INFO - Processing file /home/airflow/.local/lib/python3.12/site-packages/airflow/example_dags/tutorial_objectstorage.py for tasks to queue
[2024-10-06T04:25:24.066+0000] {logging_mixin.py:190} INFO - [2024-10-06T04:25:24.066+0000] {dagbag.py:588} INFO - Filling up the DagBag from /home/airflow/.local/lib/python3.12/site-packages/airflow/example_dags/tutorial_objectstorage.py
[2024-10-06T04:25:24.074+0000] {processor.py:925} INFO - DAG(s) 'tutorial_objectstorage' retrieved from /home/airflow/.local/lib/python3.12/site-packages/airflow/example_dags/tutorial_objectstorage.py
[2024-10-06T04:25:24.223+0000] {logging_mixin.py:190} INFO - [2024-10-06T04:25:24.223+0000] {override.py:1900} INFO - Created Permission View: can edit on DAG:tutorial_objectstorage
[2024-10-06T04:25:24.244+0000] {logging_mixin.py:190} INFO - [2024-10-06T04:25:24.244+0000] {override.py:1900} INFO - Created Permission View: can delete on DAG:tutorial_objectstorage
[2024-10-06T04:25:24.303+0000] {logging_mixin.py:190} INFO - [2024-10-06T04:25:24.303+0000] {override.py:1900} INFO - Created Permission View: can read on DAG:tutorial_objectstorage
[2024-10-06T04:25:24.392+0000] {logging_mixin.py:190} INFO - [2024-10-06T04:25:24.392+0000] {override.py:1900} INFO - Created Permission View: can delete on DAG Run:tutorial_objectstorage
[2024-10-06T04:25:24.435+0000] {logging_mixin.py:190} INFO - [2024-10-06T04:25:24.435+0000] {override.py:1900} INFO - Created Permission View: can create on DAG Run:tutorial_objectstorage
[2024-10-06T04:25:24.498+0000] {logging_mixin.py:190} INFO - [2024-10-06T04:25:24.498+0000] {override.py:1900} INFO - Created Permission View: menu access on DAG Run:tutorial_objectstorage
[2024-10-06T04:25:24.548+0000] {logging_mixin.py:190} INFO - [2024-10-06T04:25:24.548+0000] {override.py:1900} INFO - Created Permission View: can read on DAG Run:tutorial_objectstorage
[2024-10-06T04:25:24.549+0000] {logging_mixin.py:190} INFO - [2024-10-06T04:25:24.548+0000] {dag.py:3239} INFO - Sync 1 DAGs
[2024-10-06T04:25:24.565+0000] {logging_mixin.py:190} INFO - [2024-10-06T04:25:24.565+0000] {dag.py:3262} INFO - Creating ORM DAG for tutorial_objectstorage
[2024-10-06T04:25:24.566+0000] {logging_mixin.py:190} INFO - [2024-10-06T04:25:24.566+0000] {dag.py:4180} INFO - Setting next_dagrun for tutorial_objectstorage to None, run_after=None
[2024-10-06T04:25:24.620+0000] {processor.py:208} INFO - Processing /home/airflow/.local/lib/python3.12/site-packages/airflow/example_dags/tutorial_objectstorage.py took 0.561 seconds
[2024-10-06T04:25:55.488+0000] {processor.py:186} INFO - Started process (PID=173) to work on /home/airflow/.local/lib/python3.12/site-packages/airflow/example_dags/tutorial_objectstorage.py
[2024-10-06T04:25:55.488+0000] {processor.py:914} INFO - Processing file /home/airflow/.local/lib/python3.12/site-packages/airflow/example_dags/tutorial_objectstorage.py for tasks to queue
[2024-10-06T04:25:55.490+0000] {logging_mixin.py:190} INFO - [2024-10-06T04:25:55.490+0000] {dagbag.py:588} INFO - Filling up the DagBag from /home/airflow/.local/lib/python3.12/site-packages/airflow/example_dags/tutorial_objectstorage.py
[2024-10-06T04:25:55.498+0000] {processor.py:925} INFO - DAG(s) 'tutorial_objectstorage' retrieved from /home/airflow/.local/lib/python3.12/site-packages/airflow/example_dags/tutorial_objectstorage.py
[2024-10-06T04:25:55.514+0000] {logging_mixin.py:190} INFO - [2024-10-06T04:25:55.514+0000] {dag.py:3239} INFO - Sync 1 DAGs
[2024-10-06T04:25:55.528+0000] {logging_mixin.py:190} INFO - [2024-10-06T04:25:55.528+0000] {dag.py:4180} INFO - Setting next_dagrun for tutorial_objectstorage to None, run_after=None
[2024-10-06T04:25:55.550+0000] {processor.py:208} INFO - Processing /home/airflow/.local/lib/python3.12/site-packages/airflow/example_dags/tutorial_objectstorage.py took 0.067 seconds
[2024-10-06T04:26:25.775+0000] {processor.py:186} INFO - Started process (PID=235) to work on /home/airflow/.local/lib/python3.12/site-packages/airflow/example_dags/tutorial_objectstorage.py
[2024-10-06T04:26:25.775+0000] {processor.py:914} INFO - Processing file /home/airflow/.local/lib/python3.12/site-packages/airflow/example_dags/tutorial_objectstorage.py for tasks to queue
[2024-10-06T04:26:25.777+0000] {logging_mixin.py:190} INFO - [2024-10-06T04:26:25.777+0000] {dagbag.py:588} INFO - Filling up the DagBag from /home/airflow/.local/lib/python3.12/site-packages/airflow/example_dags/tutorial_objectstorage.py
[2024-10-06T04:26:25.784+0000] {processor.py:925} INFO - DAG(s) 'tutorial_objectstorage' retrieved from /home/airflow/.local/lib/python3.12/site-packages/airflow/example_dags/tutorial_objectstorage.py
[2024-10-06T04:26:25.802+0000] {logging_mixin.py:190} INFO - [2024-10-06T04:26:25.802+0000] {dag.py:3239} INFO - Sync 1 DAGs
[2024-10-06T04:26:25.817+0000] {logging_mixin.py:190} INFO - [2024-10-06T04:26:25.817+0000] {dag.py:4180} INFO - Setting next_dagrun for tutorial_objectstorage to None, run_after=None
[2024-10-06T04:26:25.843+0000] {processor.py:208} INFO - Processing /home/airflow/.local/lib/python3.12/site-packages/airflow/example_dags/tutorial_objectstorage.py took 0.072 seconds
[2024-10-06T04:26:56.106+0000] {processor.py:186} INFO - Started process (PID=297) to work on /home/airflow/.local/lib/python3.12/site-packages/airflow/example_dags/tutorial_objectstorage.py
[2024-10-06T04:26:56.106+0000] {processor.py:914} INFO - Processing file /home/airflow/.local/lib/python3.12/site-packages/airflow/example_dags/tutorial_objectstorage.py for tasks to queue
[2024-10-06T04:26:56.108+0000] {logging_mixin.py:190} INFO - [2024-10-06T04:26:56.108+0000] {dagbag.py:588} INFO - Filling up the DagBag from /home/airflow/.local/lib/python3.12/site-packages/airflow/example_dags/tutorial_objectstorage.py
[2024-10-06T04:26:56.116+0000] {processor.py:925} INFO - DAG(s) 'tutorial_objectstorage' retrieved from /home/airflow/.local/lib/python3.12/site-packages/airflow/example_dags/tutorial_objectstorage.py
[2024-10-06T04:26:56.133+0000] {logging_mixin.py:190} INFO - [2024-10-06T04:26:56.133+0000] {dag.py:3239} INFO - Sync 1 DAGs
[2024-10-06T04:26:56.149+0000] {logging_mixin.py:190} INFO - [2024-10-06T04:26:56.149+0000] {dag.py:4180} INFO - Setting next_dagrun for tutorial_objectstorage to None, run_after=None
[2024-10-06T04:26:56.170+0000] {processor.py:208} INFO - Processing /home/airflow/.local/lib/python3.12/site-packages/airflow/example_dags/tutorial_objectstorage.py took 0.069 seconds
[2024-10-06T04:27:26.714+0000] {processor.py:186} INFO - Started process (PID=359) to work on /home/airflow/.local/lib/python3.12/site-packages/airflow/example_dags/tutorial_objectstorage.py
[2024-10-06T04:27:26.714+0000] {processor.py:914} INFO - Processing file /home/airflow/.local/lib/python3.12/site-packages/airflow/example_dags/tutorial_objectstorage.py for tasks to queue
[2024-10-06T04:27:26.717+0000] {logging_mixin.py:190} INFO - [2024-10-06T04:27:26.716+0000] {dagbag.py:588} INFO - Filling up the DagBag from /home/airflow/.local/lib/python3.12/site-packages/airflow/example_dags/tutorial_objectstorage.py
[2024-10-06T04:27:26.726+0000] {processor.py:925} INFO - DAG(s) 'tutorial_objectstorage' retrieved from /home/airflow/.local/lib/python3.12/site-packages/airflow/example_dags/tutorial_objectstorage.py
[2024-10-06T04:27:26.756+0000] {logging_mixin.py:190} INFO - [2024-10-06T04:27:26.756+0000] {dag.py:3239} INFO - Sync 1 DAGs
[2024-10-06T04:27:26.772+0000] {logging_mixin.py:190} INFO - [2024-10-06T04:27:26.772+0000] {dag.py:4180} INFO - Setting next_dagrun for tutorial_objectstorage to None, run_after=None
[2024-10-06T04:27:26.794+0000] {processor.py:208} INFO - Processing /home/airflow/.local/lib/python3.12/site-packages/airflow/example_dags/tutorial_objectstorage.py took 0.087 seconds
[2024-10-06T04:27:57.014+0000] {processor.py:186} INFO - Started process (PID=421) to work on /home/airflow/.local/lib/python3.12/site-packages/airflow/example_dags/tutorial_objectstorage.py
[2024-10-06T04:27:57.015+0000] {processor.py:914} INFO - Processing file /home/airflow/.local/lib/python3.12/site-packages/airflow/example_dags/tutorial_objectstorage.py for tasks to queue
[2024-10-06T04:27:57.017+0000] {logging_mixin.py:190} INFO - [2024-10-06T04:27:57.016+0000] {dagbag.py:588} INFO - Filling up the DagBag from /home/airflow/.local/lib/python3.12/site-packages/airflow/example_dags/tutorial_objectstorage.py
[2024-10-06T04:27:57.024+0000] {processor.py:925} INFO - DAG(s) 'tutorial_objectstorage' retrieved from /home/airflow/.local/lib/python3.12/site-packages/airflow/example_dags/tutorial_objectstorage.py
[2024-10-06T04:27:57.040+0000] {logging_mixin.py:190} INFO - [2024-10-06T04:27:57.039+0000] {dag.py:3239} INFO - Sync 1 DAGs
[2024-10-06T04:27:57.052+0000] {logging_mixin.py:190} INFO - [2024-10-06T04:27:57.052+0000] {dag.py:4180} INFO - Setting next_dagrun for tutorial_objectstorage to None, run_after=None
[2024-10-06T04:27:57.071+0000] {processor.py:208} INFO - Processing /home/airflow/.local/lib/python3.12/site-packages/airflow/example_dags/tutorial_objectstorage.py took 0.063 seconds
[2024-10-06T04:28:27.359+0000] {processor.py:186} INFO - Started process (PID=484) to work on /home/airflow/.local/lib/python3.12/site-packages/airflow/example_dags/tutorial_objectstorage.py
[2024-10-06T04:28:27.360+0000] {processor.py:914} INFO - Processing file /home/airflow/.local/lib/python3.12/site-packages/airflow/example_dags/tutorial_objectstorage.py for tasks to queue
[2024-10-06T04:28:27.361+0000] {logging_mixin.py:190} INFO - [2024-10-06T04:28:27.361+0000] {dagbag.py:588} INFO - Filling up the DagBag from /home/airflow/.local/lib/python3.12/site-packages/airflow/example_dags/tutorial_objectstorage.py
[2024-10-06T04:28:27.368+0000] {processor.py:925} INFO - DAG(s) 'tutorial_objectstorage' retrieved from /home/airflow/.local/lib/python3.12/site-packages/airflow/example_dags/tutorial_objectstorage.py
[2024-10-06T04:28:27.384+0000] {logging_mixin.py:190} INFO - [2024-10-06T04:28:27.384+0000] {dag.py:3239} INFO - Sync 1 DAGs
[2024-10-06T04:28:27.400+0000] {logging_mixin.py:190} INFO - [2024-10-06T04:28:27.399+0000] {dag.py:4180} INFO - Setting next_dagrun for tutorial_objectstorage to None, run_after=None
[2024-10-06T04:28:27.421+0000] {processor.py:208} INFO - Processing /home/airflow/.local/lib/python3.12/site-packages/airflow/example_dags/tutorial_objectstorage.py took 0.066 seconds
[2024-10-06T04:28:57.489+0000] {processor.py:186} INFO - Started process (PID=546) to work on /home/airflow/.local/lib/python3.12/site-packages/airflow/example_dags/tutorial_objectstorage.py
[2024-10-06T04:28:57.490+0000] {processor.py:914} INFO - Processing file /home/airflow/.local/lib/python3.12/site-packages/airflow/example_dags/tutorial_objectstorage.py for tasks to queue
[2024-10-06T04:28:57.492+0000] {logging_mixin.py:190} INFO - [2024-10-06T04:28:57.492+0000] {dagbag.py:588} INFO - Filling up the DagBag from /home/airflow/.local/lib/python3.12/site-packages/airflow/example_dags/tutorial_objectstorage.py
[2024-10-06T04:28:57.501+0000] {processor.py:925} INFO - DAG(s) 'tutorial_objectstorage' retrieved from /home/airflow/.local/lib/python3.12/site-packages/airflow/example_dags/tutorial_objectstorage.py
[2024-10-06T04:28:57.520+0000] {logging_mixin.py:190} INFO - [2024-10-06T04:28:57.519+0000] {dag.py:3239} INFO - Sync 1 DAGs
[2024-10-06T04:28:57.533+0000] {logging_mixin.py:190} INFO - [2024-10-06T04:28:57.533+0000] {dag.py:4180} INFO - Setting next_dagrun for tutorial_objectstorage to None, run_after=None
[2024-10-06T04:28:57.556+0000] {processor.py:208} INFO - Processing /home/airflow/.local/lib/python3.12/site-packages/airflow/example_dags/tutorial_objectstorage.py took 0.073 seconds
[2024-10-06T04:29:27.782+0000] {processor.py:186} INFO - Started process (PID=608) to work on /home/airflow/.local/lib/python3.12/site-packages/airflow/example_dags/tutorial_objectstorage.py
[2024-10-06T04:29:27.783+0000] {processor.py:914} INFO - Processing file /home/airflow/.local/lib/python3.12/site-packages/airflow/example_dags/tutorial_objectstorage.py for tasks to queue
[2024-10-06T04:29:27.784+0000] {logging_mixin.py:190} INFO - [2024-10-06T04:29:27.784+0000] {dagbag.py:588} INFO - Filling up the DagBag from /home/airflow/.local/lib/python3.12/site-packages/airflow/example_dags/tutorial_objectstorage.py
[2024-10-06T04:29:27.791+0000] {processor.py:925} INFO - DAG(s) 'tutorial_objectstorage' retrieved from /home/airflow/.local/lib/python3.12/site-packages/airflow/example_dags/tutorial_objectstorage.py
[2024-10-06T04:29:27.808+0000] {logging_mixin.py:190} INFO - [2024-10-06T04:29:27.808+0000] {dag.py:3239} INFO - Sync 1 DAGs
[2024-10-06T04:29:27.821+0000] {logging_mixin.py:190} INFO - [2024-10-06T04:29:27.820+0000] {dag.py:4180} INFO - Setting next_dagrun for tutorial_objectstorage to None, run_after=None
[2024-10-06T04:29:27.842+0000] {processor.py:208} INFO - Processing /home/airflow/.local/lib/python3.12/site-packages/airflow/example_dags/tutorial_objectstorage.py took 0.064 seconds
[2024-10-06T04:29:57.891+0000] {processor.py:186} INFO - Started process (PID=670) to work on /home/airflow/.local/lib/python3.12/site-packages/airflow/example_dags/tutorial_objectstorage.py
[2024-10-06T04:29:57.891+0000] {processor.py:914} INFO - Processing file /home/airflow/.local/lib/python3.12/site-packages/airflow/example_dags/tutorial_objectstorage.py for tasks to queue
[2024-10-06T04:29:57.893+0000] {logging_mixin.py:190} INFO - [2024-10-06T04:29:57.893+0000] {dagbag.py:588} INFO - Filling up the DagBag from /home/airflow/.local/lib/python3.12/site-packages/airflow/example_dags/tutorial_objectstorage.py
[2024-10-06T04:29:57.900+0000] {processor.py:925} INFO - DAG(s) 'tutorial_objectstorage' retrieved from /home/airflow/.local/lib/python3.12/site-packages/airflow/example_dags/tutorial_objectstorage.py
[2024-10-06T04:29:57.914+0000] {logging_mixin.py:190} INFO - [2024-10-06T04:29:57.914+0000] {dag.py:3239} INFO - Sync 1 DAGs
[2024-10-06T04:29:57.926+0000] {logging_mixin.py:190} INFO - [2024-10-06T04:29:57.925+0000] {dag.py:4180} INFO - Setting next_dagrun for tutorial_objectstorage to None, run_after=None
[2024-10-06T04:29:57.944+0000] {processor.py:208} INFO - Processing /home/airflow/.local/lib/python3.12/site-packages/airflow/example_dags/tutorial_objectstorage.py took 0.058 seconds
[2024-10-06T04:30:28.178+0000] {processor.py:186} INFO - Started process (PID=733) to work on /home/airflow/.local/lib/python3.12/site-packages/airflow/example_dags/tutorial_objectstorage.py
[2024-10-06T04:30:28.179+0000] {processor.py:914} INFO - Processing file /home/airflow/.local/lib/python3.12/site-packages/airflow/example_dags/tutorial_objectstorage.py for tasks to queue
[2024-10-06T04:30:28.180+0000] {logging_mixin.py:190} INFO - [2024-10-06T04:30:28.180+0000] {dagbag.py:588} INFO - Filling up the DagBag from /home/airflow/.local/lib/python3.12/site-packages/airflow/example_dags/tutorial_objectstorage.py
[2024-10-06T04:30:28.188+0000] {processor.py:925} INFO - DAG(s) 'tutorial_objectstorage' retrieved from /home/airflow/.local/lib/python3.12/site-packages/airflow/example_dags/tutorial_objectstorage.py
[2024-10-06T04:30:28.205+0000] {logging_mixin.py:190} INFO - [2024-10-06T04:30:28.205+0000] {dag.py:3239} INFO - Sync 1 DAGs
[2024-10-06T04:30:28.221+0000] {logging_mixin.py:190} INFO - [2024-10-06T04:30:28.221+0000] {dag.py:4180} INFO - Setting next_dagrun for tutorial_objectstorage to None, run_after=None
[2024-10-06T04:30:28.246+0000] {processor.py:208} INFO - Processing /home/airflow/.local/lib/python3.12/site-packages/airflow/example_dags/tutorial_objectstorage.py took 0.072 seconds
[2024-10-06T04:30:58.462+0000] {processor.py:186} INFO - Started process (PID=796) to work on /home/airflow/.local/lib/python3.12/site-packages/airflow/example_dags/tutorial_objectstorage.py
[2024-10-06T04:30:58.462+0000] {processor.py:914} INFO - Processing file /home/airflow/.local/lib/python3.12/site-packages/airflow/example_dags/tutorial_objectstorage.py for tasks to queue
[2024-10-06T04:30:58.464+0000] {logging_mixin.py:190} INFO - [2024-10-06T04:30:58.464+0000] {dagbag.py:588} INFO - Filling up the DagBag from /home/airflow/.local/lib/python3.12/site-packages/airflow/example_dags/tutorial_objectstorage.py
[2024-10-06T04:30:58.472+0000] {processor.py:925} INFO - DAG(s) 'tutorial_objectstorage' retrieved from /home/airflow/.local/lib/python3.12/site-packages/airflow/example_dags/tutorial_objectstorage.py
[2024-10-06T04:30:58.490+0000] {logging_mixin.py:190} INFO - [2024-10-06T04:30:58.490+0000] {dag.py:3239} INFO - Sync 1 DAGs
[2024-10-06T04:30:58.505+0000] {logging_mixin.py:190} INFO - [2024-10-06T04:30:58.505+0000] {dag.py:4180} INFO - Setting next_dagrun for tutorial_objectstorage to None, run_after=None
[2024-10-06T04:30:58.526+0000] {processor.py:208} INFO - Processing /home/airflow/.local/lib/python3.12/site-packages/airflow/example_dags/tutorial_objectstorage.py took 0.069 seconds
[2024-10-06T04:31:28.708+0000] {processor.py:186} INFO - Started process (PID=859) to work on /home/airflow/.local/lib/python3.12/site-packages/airflow/example_dags/tutorial_objectstorage.py
[2024-10-06T04:31:28.709+0000] {processor.py:914} INFO - Processing file /home/airflow/.local/lib/python3.12/site-packages/airflow/example_dags/tutorial_objectstorage.py for tasks to queue
[2024-10-06T04:31:28.710+0000] {logging_mixin.py:190} INFO - [2024-10-06T04:31:28.710+0000] {dagbag.py:588} INFO - Filling up the DagBag from /home/airflow/.local/lib/python3.12/site-packages/airflow/example_dags/tutorial_objectstorage.py
[2024-10-06T04:31:28.717+0000] {processor.py:925} INFO - DAG(s) 'tutorial_objectstorage' retrieved from /home/airflow/.local/lib/python3.12/site-packages/airflow/example_dags/tutorial_objectstorage.py
[2024-10-06T04:31:28.732+0000] {logging_mixin.py:190} INFO - [2024-10-06T04:31:28.732+0000] {dag.py:3239} INFO - Sync 1 DAGs
[2024-10-06T04:31:28.743+0000] {logging_mixin.py:190} INFO - [2024-10-06T04:31:28.743+0000] {dag.py:4180} INFO - Setting next_dagrun for tutorial_objectstorage to None, run_after=None
[2024-10-06T04:31:28.766+0000] {processor.py:208} INFO - Processing /home/airflow/.local/lib/python3.12/site-packages/airflow/example_dags/tutorial_objectstorage.py took 0.062 seconds
[2024-10-06T04:31:59.017+0000] {processor.py:186} INFO - Started process (PID=922) to work on /home/airflow/.local/lib/python3.12/site-packages/airflow/example_dags/tutorial_objectstorage.py
[2024-10-06T04:31:59.017+0000] {processor.py:914} INFO - Processing file /home/airflow/.local/lib/python3.12/site-packages/airflow/example_dags/tutorial_objectstorage.py for tasks to queue
[2024-10-06T04:31:59.019+0000] {logging_mixin.py:190} INFO - [2024-10-06T04:31:59.018+0000] {dagbag.py:588} INFO - Filling up the DagBag from /home/airflow/.local/lib/python3.12/site-packages/airflow/example_dags/tutorial_objectstorage.py
[2024-10-06T04:31:59.025+0000] {processor.py:925} INFO - DAG(s) 'tutorial_objectstorage' retrieved from /home/airflow/.local/lib/python3.12/site-packages/airflow/example_dags/tutorial_objectstorage.py
[2024-10-06T04:31:59.041+0000] {logging_mixin.py:190} INFO - [2024-10-06T04:31:59.041+0000] {dag.py:3239} INFO - Sync 1 DAGs
[2024-10-06T04:31:59.057+0000] {logging_mixin.py:190} INFO - [2024-10-06T04:31:59.057+0000] {dag.py:4180} INFO - Setting next_dagrun for tutorial_objectstorage to None, run_after=None
[2024-10-06T04:31:59.078+0000] {processor.py:208} INFO - Processing /home/airflow/.local/lib/python3.12/site-packages/airflow/example_dags/tutorial_objectstorage.py took 0.066 seconds
[2024-10-06T04:32:29.268+0000] {processor.py:186} INFO - Started process (PID=985) to work on /home/airflow/.local/lib/python3.12/site-packages/airflow/example_dags/tutorial_objectstorage.py
[2024-10-06T04:32:29.268+0000] {processor.py:914} INFO - Processing file /home/airflow/.local/lib/python3.12/site-packages/airflow/example_dags/tutorial_objectstorage.py for tasks to queue
[2024-10-06T04:32:29.270+0000] {logging_mixin.py:190} INFO - [2024-10-06T04:32:29.270+0000] {dagbag.py:588} INFO - Filling up the DagBag from /home/airflow/.local/lib/python3.12/site-packages/airflow/example_dags/tutorial_objectstorage.py
[2024-10-06T04:32:29.277+0000] {processor.py:925} INFO - DAG(s) 'tutorial_objectstorage' retrieved from /home/airflow/.local/lib/python3.12/site-packages/airflow/example_dags/tutorial_objectstorage.py
[2024-10-06T04:32:29.290+0000] {logging_mixin.py:190} INFO - [2024-10-06T04:32:29.290+0000] {dag.py:3239} INFO - Sync 1 DAGs
[2024-10-06T04:32:29.302+0000] {logging_mixin.py:190} INFO - [2024-10-06T04:32:29.302+0000] {dag.py:4180} INFO - Setting next_dagrun for tutorial_objectstorage to None, run_after=None
[2024-10-06T04:32:29.321+0000] {processor.py:208} INFO - Processing /home/airflow/.local/lib/python3.12/site-packages/airflow/example_dags/tutorial_objectstorage.py took 0.058 seconds
[2024-10-06T04:32:59.401+0000] {processor.py:186} INFO - Started process (PID=1048) to work on /home/airflow/.local/lib/python3.12/site-packages/airflow/example_dags/tutorial_objectstorage.py
[2024-10-06T04:32:59.402+0000] {processor.py:914} INFO - Processing file /home/airflow/.local/lib/python3.12/site-packages/airflow/example_dags/tutorial_objectstorage.py for tasks to queue
[2024-10-06T04:32:59.403+0000] {logging_mixin.py:190} INFO - [2024-10-06T04:32:59.403+0000] {dagbag.py:588} INFO - Filling up the DagBag from /home/airflow/.local/lib/python3.12/site-packages/airflow/example_dags/tutorial_objectstorage.py
[2024-10-06T04:32:59.410+0000] {processor.py:925} INFO - DAG(s) 'tutorial_objectstorage' retrieved from /home/airflow/.local/lib/python3.12/site-packages/airflow/example_dags/tutorial_objectstorage.py
[2024-10-06T04:32:59.426+0000] {logging_mixin.py:190} INFO - [2024-10-06T04:32:59.426+0000] {dag.py:3239} INFO - Sync 1 DAGs
[2024-10-06T04:32:59.442+0000] {logging_mixin.py:190} INFO - [2024-10-06T04:32:59.442+0000] {dag.py:4180} INFO - Setting next_dagrun for tutorial_objectstorage to None, run_after=None
[2024-10-06T04:32:59.465+0000] {processor.py:208} INFO - Processing /home/airflow/.local/lib/python3.12/site-packages/airflow/example_dags/tutorial_objectstorage.py took 0.068 seconds
[2024-10-06T04:33:29.618+0000] {processor.py:186} INFO - Started process (PID=1111) to work on /home/airflow/.local/lib/python3.12/site-packages/airflow/example_dags/tutorial_objectstorage.py
[2024-10-06T04:33:29.619+0000] {processor.py:914} INFO - Processing file /home/airflow/.local/lib/python3.12/site-packages/airflow/example_dags/tutorial_objectstorage.py for tasks to queue
[2024-10-06T04:33:29.620+0000] {logging_mixin.py:190} INFO - [2024-10-06T04:33:29.620+0000] {dagbag.py:588} INFO - Filling up the DagBag from /home/airflow/.local/lib/python3.12/site-packages/airflow/example_dags/tutorial_objectstorage.py
[2024-10-06T04:33:29.628+0000] {processor.py:925} INFO - DAG(s) 'tutorial_objectstorage' retrieved from /home/airflow/.local/lib/python3.12/site-packages/airflow/example_dags/tutorial_objectstorage.py
[2024-10-06T04:33:29.644+0000] {logging_mixin.py:190} INFO - [2024-10-06T04:33:29.643+0000] {dag.py:3239} INFO - Sync 1 DAGs
[2024-10-06T04:33:29.659+0000] {logging_mixin.py:190} INFO - [2024-10-06T04:33:29.659+0000] {dag.py:4180} INFO - Setting next_dagrun for tutorial_objectstorage to None, run_after=None
[2024-10-06T04:33:29.678+0000] {processor.py:208} INFO - Processing /home/airflow/.local/lib/python3.12/site-packages/airflow/example_dags/tutorial_objectstorage.py took 0.065 seconds
[2024-10-06T04:33:59.908+0000] {processor.py:186} INFO - Started process (PID=1174) to work on /home/airflow/.local/lib/python3.12/site-packages/airflow/example_dags/tutorial_objectstorage.py
[2024-10-06T04:33:59.908+0000] {processor.py:914} INFO - Processing file /home/airflow/.local/lib/python3.12/site-packages/airflow/example_dags/tutorial_objectstorage.py for tasks to queue
[2024-10-06T04:33:59.910+0000] {logging_mixin.py:190} INFO - [2024-10-06T04:33:59.910+0000] {dagbag.py:588} INFO - Filling up the DagBag from /home/airflow/.local/lib/python3.12/site-packages/airflow/example_dags/tutorial_objectstorage.py
[2024-10-06T04:33:59.917+0000] {processor.py:925} INFO - DAG(s) 'tutorial_objectstorage' retrieved from /home/airflow/.local/lib/python3.12/site-packages/airflow/example_dags/tutorial_objectstorage.py
[2024-10-06T04:33:59.933+0000] {logging_mixin.py:190} INFO - [2024-10-06T04:33:59.933+0000] {dag.py:3239} INFO - Sync 1 DAGs
[2024-10-06T04:33:59.949+0000] {logging_mixin.py:190} INFO - [2024-10-06T04:33:59.949+0000] {dag.py:4180} INFO - Setting next_dagrun for tutorial_objectstorage to None, run_after=None
[2024-10-06T04:33:59.976+0000] {processor.py:208} INFO - Processing /home/airflow/.local/lib/python3.12/site-packages/airflow/example_dags/tutorial_objectstorage.py took 0.072 seconds
[2024-10-06T04:34:30.489+0000] {processor.py:186} INFO - Started process (PID=1237) to work on /home/airflow/.local/lib/python3.12/site-packages/airflow/example_dags/tutorial_objectstorage.py
[2024-10-06T04:34:30.490+0000] {processor.py:914} INFO - Processing file /home/airflow/.local/lib/python3.12/site-packages/airflow/example_dags/tutorial_objectstorage.py for tasks to queue
[2024-10-06T04:34:30.491+0000] {logging_mixin.py:190} INFO - [2024-10-06T04:34:30.491+0000] {dagbag.py:588} INFO - Filling up the DagBag from /home/airflow/.local/lib/python3.12/site-packages/airflow/example_dags/tutorial_objectstorage.py
[2024-10-06T04:34:30.498+0000] {processor.py:925} INFO - DAG(s) 'tutorial_objectstorage' retrieved from /home/airflow/.local/lib/python3.12/site-packages/airflow/example_dags/tutorial_objectstorage.py
[2024-10-06T04:34:30.515+0000] {logging_mixin.py:190} INFO - [2024-10-06T04:34:30.515+0000] {dag.py:3239} INFO - Sync 1 DAGs
[2024-10-06T04:34:30.531+0000] {logging_mixin.py:190} INFO - [2024-10-06T04:34:30.531+0000] {dag.py:4180} INFO - Setting next_dagrun for tutorial_objectstorage to None, run_after=None
[2024-10-06T04:34:30.561+0000] {processor.py:208} INFO - Processing /home/airflow/.local/lib/python3.12/site-packages/airflow/example_dags/tutorial_objectstorage.py took 0.076 seconds
[2024-10-06T04:35:00.872+0000] {processor.py:186} INFO - Started process (PID=1300) to work on /home/airflow/.local/lib/python3.12/site-packages/airflow/example_dags/tutorial_objectstorage.py
[2024-10-06T04:35:00.873+0000] {processor.py:914} INFO - Processing file /home/airflow/.local/lib/python3.12/site-packages/airflow/example_dags/tutorial_objectstorage.py for tasks to queue
[2024-10-06T04:35:00.875+0000] {logging_mixin.py:190} INFO - [2024-10-06T04:35:00.875+0000] {dagbag.py:588} INFO - Filling up the DagBag from /home/airflow/.local/lib/python3.12/site-packages/airflow/example_dags/tutorial_objectstorage.py
[2024-10-06T04:35:00.883+0000] {processor.py:925} INFO - DAG(s) 'tutorial_objectstorage' retrieved from /home/airflow/.local/lib/python3.12/site-packages/airflow/example_dags/tutorial_objectstorage.py
[2024-10-06T04:35:00.897+0000] {logging_mixin.py:190} INFO - [2024-10-06T04:35:00.897+0000] {dag.py:3239} INFO - Sync 1 DAGs
[2024-10-06T04:35:00.907+0000] {logging_mixin.py:190} INFO - [2024-10-06T04:35:00.907+0000] {dag.py:4180} INFO - Setting next_dagrun for tutorial_objectstorage to None, run_after=None
[2024-10-06T04:35:00.924+0000] {processor.py:208} INFO - Processing /home/airflow/.local/lib/python3.12/site-packages/airflow/example_dags/tutorial_objectstorage.py took 0.058 seconds
[2024-10-06T04:35:31.250+0000] {processor.py:186} INFO - Started process (PID=1363) to work on /home/airflow/.local/lib/python3.12/site-packages/airflow/example_dags/tutorial_objectstorage.py
[2024-10-06T04:35:31.251+0000] {processor.py:914} INFO - Processing file /home/airflow/.local/lib/python3.12/site-packages/airflow/example_dags/tutorial_objectstorage.py for tasks to queue
[2024-10-06T04:35:31.253+0000] {logging_mixin.py:190} INFO - [2024-10-06T04:35:31.253+0000] {dagbag.py:588} INFO - Filling up the DagBag from /home/airflow/.local/lib/python3.12/site-packages/airflow/example_dags/tutorial_objectstorage.py
[2024-10-06T04:35:31.261+0000] {processor.py:925} INFO - DAG(s) 'tutorial_objectstorage' retrieved from /home/airflow/.local/lib/python3.12/site-packages/airflow/example_dags/tutorial_objectstorage.py
[2024-10-06T04:35:31.275+0000] {logging_mixin.py:190} INFO - [2024-10-06T04:35:31.275+0000] {dag.py:3239} INFO - Sync 1 DAGs
[2024-10-06T04:35:31.286+0000] {logging_mixin.py:190} INFO - [2024-10-06T04:35:31.285+0000] {dag.py:4180} INFO - Setting next_dagrun for tutorial_objectstorage to None, run_after=None
[2024-10-06T04:35:31.305+0000] {processor.py:208} INFO - Processing /home/airflow/.local/lib/python3.12/site-packages/airflow/example_dags/tutorial_objectstorage.py took 0.061 seconds
[2024-10-06T04:36:01.454+0000] {processor.py:186} INFO - Started process (PID=1426) to work on /home/airflow/.local/lib/python3.12/site-packages/airflow/example_dags/tutorial_objectstorage.py
[2024-10-06T04:36:01.455+0000] {processor.py:914} INFO - Processing file /home/airflow/.local/lib/python3.12/site-packages/airflow/example_dags/tutorial_objectstorage.py for tasks to queue
[2024-10-06T04:36:01.457+0000] {logging_mixin.py:190} INFO - [2024-10-06T04:36:01.456+0000] {dagbag.py:588} INFO - Filling up the DagBag from /home/airflow/.local/lib/python3.12/site-packages/airflow/example_dags/tutorial_objectstorage.py
[2024-10-06T04:36:01.466+0000] {processor.py:925} INFO - DAG(s) 'tutorial_objectstorage' retrieved from /home/airflow/.local/lib/python3.12/site-packages/airflow/example_dags/tutorial_objectstorage.py
[2024-10-06T04:36:01.480+0000] {logging_mixin.py:190} INFO - [2024-10-06T04:36:01.480+0000] {dag.py:3239} INFO - Sync 1 DAGs
[2024-10-06T04:36:01.491+0000] {logging_mixin.py:190} INFO - [2024-10-06T04:36:01.491+0000] {dag.py:4180} INFO - Setting next_dagrun for tutorial_objectstorage to None, run_after=None
[2024-10-06T04:36:01.508+0000] {processor.py:208} INFO - Processing /home/airflow/.local/lib/python3.12/site-packages/airflow/example_dags/tutorial_objectstorage.py took 0.059 seconds
[2024-10-06T04:36:31.593+0000] {processor.py:186} INFO - Started process (PID=1490) to work on /home/airflow/.local/lib/python3.12/site-packages/airflow/example_dags/tutorial_objectstorage.py
[2024-10-06T04:36:31.594+0000] {processor.py:914} INFO - Processing file /home/airflow/.local/lib/python3.12/site-packages/airflow/example_dags/tutorial_objectstorage.py for tasks to queue
[2024-10-06T04:36:31.595+0000] {logging_mixin.py:190} INFO - [2024-10-06T04:36:31.595+0000] {dagbag.py:588} INFO - Filling up the DagBag from /home/airflow/.local/lib/python3.12/site-packages/airflow/example_dags/tutorial_objectstorage.py
[2024-10-06T04:36:31.602+0000] {processor.py:925} INFO - DAG(s) 'tutorial_objectstorage' retrieved from /home/airflow/.local/lib/python3.12/site-packages/airflow/example_dags/tutorial_objectstorage.py
[2024-10-06T04:36:31.619+0000] {logging_mixin.py:190} INFO - [2024-10-06T04:36:31.619+0000] {dag.py:3239} INFO - Sync 1 DAGs
[2024-10-06T04:36:31.633+0000] {logging_mixin.py:190} INFO - [2024-10-06T04:36:31.633+0000] {dag.py:4180} INFO - Setting next_dagrun for tutorial_objectstorage to None, run_after=None
[2024-10-06T04:36:31.649+0000] {processor.py:208} INFO - Processing /home/airflow/.local/lib/python3.12/site-packages/airflow/example_dags/tutorial_objectstorage.py took 0.061 seconds
[2024-10-06T04:37:02.168+0000] {processor.py:186} INFO - Started process (PID=1555) to work on /home/airflow/.local/lib/python3.12/site-packages/airflow/example_dags/tutorial_objectstorage.py
[2024-10-06T04:37:02.169+0000] {processor.py:914} INFO - Processing file /home/airflow/.local/lib/python3.12/site-packages/airflow/example_dags/tutorial_objectstorage.py for tasks to queue
[2024-10-06T04:37:02.170+0000] {logging_mixin.py:190} INFO - [2024-10-06T04:37:02.170+0000] {dagbag.py:588} INFO - Filling up the DagBag from /home/airflow/.local/lib/python3.12/site-packages/airflow/example_dags/tutorial_objectstorage.py
[2024-10-06T04:37:02.177+0000] {processor.py:925} INFO - DAG(s) 'tutorial_objectstorage' retrieved from /home/airflow/.local/lib/python3.12/site-packages/airflow/example_dags/tutorial_objectstorage.py
[2024-10-06T04:37:02.193+0000] {logging_mixin.py:190} INFO - [2024-10-06T04:37:02.193+0000] {dag.py:3239} INFO - Sync 1 DAGs
[2024-10-06T04:37:02.204+0000] {logging_mixin.py:190} INFO - [2024-10-06T04:37:02.204+0000] {dag.py:4180} INFO - Setting next_dagrun for tutorial_objectstorage to None, run_after=None
[2024-10-06T04:37:02.223+0000] {processor.py:208} INFO - Processing /home/airflow/.local/lib/python3.12/site-packages/airflow/example_dags/tutorial_objectstorage.py took 0.060 seconds
[2024-10-06T04:37:32.496+0000] {processor.py:186} INFO - Started process (PID=1618) to work on /home/airflow/.local/lib/python3.12/site-packages/airflow/example_dags/tutorial_objectstorage.py
[2024-10-06T04:37:32.496+0000] {processor.py:914} INFO - Processing file /home/airflow/.local/lib/python3.12/site-packages/airflow/example_dags/tutorial_objectstorage.py for tasks to queue
[2024-10-06T04:37:32.498+0000] {logging_mixin.py:190} INFO - [2024-10-06T04:37:32.498+0000] {dagbag.py:588} INFO - Filling up the DagBag from /home/airflow/.local/lib/python3.12/site-packages/airflow/example_dags/tutorial_objectstorage.py
[2024-10-06T04:37:32.505+0000] {processor.py:925} INFO - DAG(s) 'tutorial_objectstorage' retrieved from /home/airflow/.local/lib/python3.12/site-packages/airflow/example_dags/tutorial_objectstorage.py
[2024-10-06T04:37:32.520+0000] {logging_mixin.py:190} INFO - [2024-10-06T04:37:32.519+0000] {dag.py:3239} INFO - Sync 1 DAGs
[2024-10-06T04:37:32.530+0000] {logging_mixin.py:190} INFO - [2024-10-06T04:37:32.530+0000] {dag.py:4180} INFO - Setting next_dagrun for tutorial_objectstorage to None, run_after=None
[2024-10-06T04:37:32.548+0000] {processor.py:208} INFO - Processing /home/airflow/.local/lib/python3.12/site-packages/airflow/example_dags/tutorial_objectstorage.py took 0.057 seconds
[2024-10-06T04:38:02.981+0000] {processor.py:186} INFO - Started process (PID=1681) to work on /home/airflow/.local/lib/python3.12/site-packages/airflow/example_dags/tutorial_objectstorage.py
[2024-10-06T04:38:02.982+0000] {processor.py:914} INFO - Processing file /home/airflow/.local/lib/python3.12/site-packages/airflow/example_dags/tutorial_objectstorage.py for tasks to queue
[2024-10-06T04:38:02.984+0000] {logging_mixin.py:190} INFO - [2024-10-06T04:38:02.983+0000] {dagbag.py:588} INFO - Filling up the DagBag from /home/airflow/.local/lib/python3.12/site-packages/airflow/example_dags/tutorial_objectstorage.py
[2024-10-06T04:38:02.991+0000] {processor.py:925} INFO - DAG(s) 'tutorial_objectstorage' retrieved from /home/airflow/.local/lib/python3.12/site-packages/airflow/example_dags/tutorial_objectstorage.py
[2024-10-06T04:38:03.010+0000] {logging_mixin.py:190} INFO - [2024-10-06T04:38:03.010+0000] {dag.py:3239} INFO - Sync 1 DAGs
[2024-10-06T04:38:03.036+0000] {logging_mixin.py:190} INFO - [2024-10-06T04:38:03.036+0000] {dag.py:4180} INFO - Setting next_dagrun for tutorial_objectstorage to None, run_after=None
[2024-10-06T04:38:03.066+0000] {processor.py:208} INFO - Processing /home/airflow/.local/lib/python3.12/site-packages/airflow/example_dags/tutorial_objectstorage.py took 0.090 seconds
[2024-10-06T04:38:33.371+0000] {processor.py:186} INFO - Started process (PID=1744) to work on /home/airflow/.local/lib/python3.12/site-packages/airflow/example_dags/tutorial_objectstorage.py
[2024-10-06T04:38:33.371+0000] {processor.py:914} INFO - Processing file /home/airflow/.local/lib/python3.12/site-packages/airflow/example_dags/tutorial_objectstorage.py for tasks to queue
[2024-10-06T04:38:33.372+0000] {logging_mixin.py:190} INFO - [2024-10-06T04:38:33.372+0000] {dagbag.py:588} INFO - Filling up the DagBag from /home/airflow/.local/lib/python3.12/site-packages/airflow/example_dags/tutorial_objectstorage.py
[2024-10-06T04:38:33.379+0000] {processor.py:925} INFO - DAG(s) 'tutorial_objectstorage' retrieved from /home/airflow/.local/lib/python3.12/site-packages/airflow/example_dags/tutorial_objectstorage.py
[2024-10-06T04:38:33.394+0000] {logging_mixin.py:190} INFO - [2024-10-06T04:38:33.394+0000] {dag.py:3239} INFO - Sync 1 DAGs
[2024-10-06T04:38:33.405+0000] {logging_mixin.py:190} INFO - [2024-10-06T04:38:33.405+0000] {dag.py:4180} INFO - Setting next_dagrun for tutorial_objectstorage to None, run_after=None
[2024-10-06T04:38:33.423+0000] {processor.py:208} INFO - Processing /home/airflow/.local/lib/python3.12/site-packages/airflow/example_dags/tutorial_objectstorage.py took 0.057 seconds
[2024-10-06T04:39:04.282+0000] {processor.py:186} INFO - Started process (PID=1807) to work on /home/airflow/.local/lib/python3.12/site-packages/airflow/example_dags/tutorial_objectstorage.py
[2024-10-06T04:39:04.282+0000] {processor.py:914} INFO - Processing file /home/airflow/.local/lib/python3.12/site-packages/airflow/example_dags/tutorial_objectstorage.py for tasks to queue
[2024-10-06T04:39:04.283+0000] {logging_mixin.py:190} INFO - [2024-10-06T04:39:04.283+0000] {dagbag.py:588} INFO - Filling up the DagBag from /home/airflow/.local/lib/python3.12/site-packages/airflow/example_dags/tutorial_objectstorage.py
[2024-10-06T04:39:04.291+0000] {processor.py:925} INFO - DAG(s) 'tutorial_objectstorage' retrieved from /home/airflow/.local/lib/python3.12/site-packages/airflow/example_dags/tutorial_objectstorage.py
[2024-10-06T04:39:04.309+0000] {logging_mixin.py:190} INFO - [2024-10-06T04:39:04.309+0000] {dag.py:3239} INFO - Sync 1 DAGs
[2024-10-06T04:39:04.321+0000] {logging_mixin.py:190} INFO - [2024-10-06T04:39:04.321+0000] {dag.py:4180} INFO - Setting next_dagrun for tutorial_objectstorage to None, run_after=None
[2024-10-06T04:39:04.342+0000] {processor.py:208} INFO - Processing /home/airflow/.local/lib/python3.12/site-packages/airflow/example_dags/tutorial_objectstorage.py took 0.065 seconds
[2024-10-06T04:39:34.573+0000] {processor.py:186} INFO - Started process (PID=1870) to work on /home/airflow/.local/lib/python3.12/site-packages/airflow/example_dags/tutorial_objectstorage.py
[2024-10-06T04:39:34.574+0000] {processor.py:914} INFO - Processing file /home/airflow/.local/lib/python3.12/site-packages/airflow/example_dags/tutorial_objectstorage.py for tasks to queue
[2024-10-06T04:39:34.574+0000] {logging_mixin.py:190} INFO - [2024-10-06T04:39:34.574+0000] {dagbag.py:588} INFO - Filling up the DagBag from /home/airflow/.local/lib/python3.12/site-packages/airflow/example_dags/tutorial_objectstorage.py
[2024-10-06T04:39:34.583+0000] {processor.py:925} INFO - DAG(s) 'tutorial_objectstorage' retrieved from /home/airflow/.local/lib/python3.12/site-packages/airflow/example_dags/tutorial_objectstorage.py
[2024-10-06T04:39:34.598+0000] {logging_mixin.py:190} INFO - [2024-10-06T04:39:34.597+0000] {dag.py:3239} INFO - Sync 1 DAGs
[2024-10-06T04:39:34.614+0000] {logging_mixin.py:190} INFO - [2024-10-06T04:39:34.614+0000] {dag.py:4180} INFO - Setting next_dagrun for tutorial_objectstorage to None, run_after=None
[2024-10-06T04:39:34.633+0000] {processor.py:208} INFO - Processing /home/airflow/.local/lib/python3.12/site-packages/airflow/example_dags/tutorial_objectstorage.py took 0.065 seconds
[2024-10-06T04:40:05.622+0000] {processor.py:186} INFO - Started process (PID=1933) to work on /home/airflow/.local/lib/python3.12/site-packages/airflow/example_dags/tutorial_objectstorage.py
[2024-10-06T04:40:05.622+0000] {processor.py:914} INFO - Processing file /home/airflow/.local/lib/python3.12/site-packages/airflow/example_dags/tutorial_objectstorage.py for tasks to queue
[2024-10-06T04:40:05.623+0000] {logging_mixin.py:190} INFO - [2024-10-06T04:40:05.623+0000] {dagbag.py:588} INFO - Filling up the DagBag from /home/airflow/.local/lib/python3.12/site-packages/airflow/example_dags/tutorial_objectstorage.py
[2024-10-06T04:40:05.631+0000] {processor.py:925} INFO - DAG(s) 'tutorial_objectstorage' retrieved from /home/airflow/.local/lib/python3.12/site-packages/airflow/example_dags/tutorial_objectstorage.py
[2024-10-06T04:40:05.647+0000] {logging_mixin.py:190} INFO - [2024-10-06T04:40:05.647+0000] {dag.py:3239} INFO - Sync 1 DAGs
[2024-10-06T04:40:05.662+0000] {logging_mixin.py:190} INFO - [2024-10-06T04:40:05.662+0000] {dag.py:4180} INFO - Setting next_dagrun for tutorial_objectstorage to None, run_after=None
[2024-10-06T04:40:05.680+0000] {processor.py:208} INFO - Processing /home/airflow/.local/lib/python3.12/site-packages/airflow/example_dags/tutorial_objectstorage.py took 0.063 seconds
[2024-10-06T04:40:35.960+0000] {processor.py:186} INFO - Started process (PID=1996) to work on /home/airflow/.local/lib/python3.12/site-packages/airflow/example_dags/tutorial_objectstorage.py
[2024-10-06T04:40:35.960+0000] {processor.py:914} INFO - Processing file /home/airflow/.local/lib/python3.12/site-packages/airflow/example_dags/tutorial_objectstorage.py for tasks to queue
[2024-10-06T04:40:35.961+0000] {logging_mixin.py:190} INFO - [2024-10-06T04:40:35.961+0000] {dagbag.py:588} INFO - Filling up the DagBag from /home/airflow/.local/lib/python3.12/site-packages/airflow/example_dags/tutorial_objectstorage.py
[2024-10-06T04:40:35.968+0000] {processor.py:925} INFO - DAG(s) 'tutorial_objectstorage' retrieved from /home/airflow/.local/lib/python3.12/site-packages/airflow/example_dags/tutorial_objectstorage.py
[2024-10-06T04:40:35.985+0000] {logging_mixin.py:190} INFO - [2024-10-06T04:40:35.985+0000] {dag.py:3239} INFO - Sync 1 DAGs
[2024-10-06T04:40:35.998+0000] {logging_mixin.py:190} INFO - [2024-10-06T04:40:35.998+0000] {dag.py:4180} INFO - Setting next_dagrun for tutorial_objectstorage to None, run_after=None
[2024-10-06T04:40:36.020+0000] {processor.py:208} INFO - Processing /home/airflow/.local/lib/python3.12/site-packages/airflow/example_dags/tutorial_objectstorage.py took 0.065 seconds
[2024-10-06T04:41:06.866+0000] {processor.py:186} INFO - Started process (PID=2059) to work on /home/airflow/.local/lib/python3.12/site-packages/airflow/example_dags/tutorial_objectstorage.py
[2024-10-06T04:41:06.867+0000] {processor.py:914} INFO - Processing file /home/airflow/.local/lib/python3.12/site-packages/airflow/example_dags/tutorial_objectstorage.py for tasks to queue
[2024-10-06T04:41:06.868+0000] {logging_mixin.py:190} INFO - [2024-10-06T04:41:06.867+0000] {dagbag.py:588} INFO - Filling up the DagBag from /home/airflow/.local/lib/python3.12/site-packages/airflow/example_dags/tutorial_objectstorage.py
[2024-10-06T04:41:06.875+0000] {processor.py:925} INFO - DAG(s) 'tutorial_objectstorage' retrieved from /home/airflow/.local/lib/python3.12/site-packages/airflow/example_dags/tutorial_objectstorage.py
[2024-10-06T04:41:06.891+0000] {logging_mixin.py:190} INFO - [2024-10-06T04:41:06.890+0000] {dag.py:3239} INFO - Sync 1 DAGs
[2024-10-06T04:41:06.902+0000] {logging_mixin.py:190} INFO - [2024-10-06T04:41:06.901+0000] {dag.py:4180} INFO - Setting next_dagrun for tutorial_objectstorage to None, run_after=None
[2024-10-06T04:41:06.926+0000] {processor.py:208} INFO - Processing /home/airflow/.local/lib/python3.12/site-packages/airflow/example_dags/tutorial_objectstorage.py took 0.064 seconds
[2024-10-06T04:41:37.787+0000] {processor.py:186} INFO - Started process (PID=2122) to work on /home/airflow/.local/lib/python3.12/site-packages/airflow/example_dags/tutorial_objectstorage.py
[2024-10-06T04:41:37.788+0000] {processor.py:914} INFO - Processing file /home/airflow/.local/lib/python3.12/site-packages/airflow/example_dags/tutorial_objectstorage.py for tasks to queue
[2024-10-06T04:41:37.789+0000] {logging_mixin.py:190} INFO - [2024-10-06T04:41:37.788+0000] {dagbag.py:588} INFO - Filling up the DagBag from /home/airflow/.local/lib/python3.12/site-packages/airflow/example_dags/tutorial_objectstorage.py
[2024-10-06T04:41:37.796+0000] {processor.py:925} INFO - DAG(s) 'tutorial_objectstorage' retrieved from /home/airflow/.local/lib/python3.12/site-packages/airflow/example_dags/tutorial_objectstorage.py
[2024-10-06T04:41:37.811+0000] {logging_mixin.py:190} INFO - [2024-10-06T04:41:37.811+0000] {dag.py:3239} INFO - Sync 1 DAGs
[2024-10-06T04:41:37.823+0000] {logging_mixin.py:190} INFO - [2024-10-06T04:41:37.823+0000] {dag.py:4180} INFO - Setting next_dagrun for tutorial_objectstorage to None, run_after=None
[2024-10-06T04:41:37.838+0000] {processor.py:208} INFO - Processing /home/airflow/.local/lib/python3.12/site-packages/airflow/example_dags/tutorial_objectstorage.py took 0.056 seconds
[2024-10-06T04:42:08.566+0000] {processor.py:186} INFO - Started process (PID=2186) to work on /home/airflow/.local/lib/python3.12/site-packages/airflow/example_dags/tutorial_objectstorage.py
[2024-10-06T04:42:08.566+0000] {processor.py:914} INFO - Processing file /home/airflow/.local/lib/python3.12/site-packages/airflow/example_dags/tutorial_objectstorage.py for tasks to queue
[2024-10-06T04:42:08.567+0000] {logging_mixin.py:190} INFO - [2024-10-06T04:42:08.567+0000] {dagbag.py:588} INFO - Filling up the DagBag from /home/airflow/.local/lib/python3.12/site-packages/airflow/example_dags/tutorial_objectstorage.py
[2024-10-06T04:42:08.575+0000] {processor.py:925} INFO - DAG(s) 'tutorial_objectstorage' retrieved from /home/airflow/.local/lib/python3.12/site-packages/airflow/example_dags/tutorial_objectstorage.py
[2024-10-06T04:42:08.592+0000] {logging_mixin.py:190} INFO - [2024-10-06T04:42:08.592+0000] {dag.py:3239} INFO - Sync 1 DAGs
[2024-10-06T04:42:08.608+0000] {logging_mixin.py:190} INFO - [2024-10-06T04:42:08.607+0000] {dag.py:4180} INFO - Setting next_dagrun for tutorial_objectstorage to None, run_after=None
[2024-10-06T04:42:08.632+0000] {processor.py:208} INFO - Processing /home/airflow/.local/lib/python3.12/site-packages/airflow/example_dags/tutorial_objectstorage.py took 0.071 seconds
[2024-10-06T04:42:39.369+0000] {processor.py:186} INFO - Started process (PID=2249) to work on /home/airflow/.local/lib/python3.12/site-packages/airflow/example_dags/tutorial_objectstorage.py
[2024-10-06T04:42:39.369+0000] {processor.py:914} INFO - Processing file /home/airflow/.local/lib/python3.12/site-packages/airflow/example_dags/tutorial_objectstorage.py for tasks to queue
[2024-10-06T04:42:39.370+0000] {logging_mixin.py:190} INFO - [2024-10-06T04:42:39.370+0000] {dagbag.py:588} INFO - Filling up the DagBag from /home/airflow/.local/lib/python3.12/site-packages/airflow/example_dags/tutorial_objectstorage.py
[2024-10-06T04:42:39.377+0000] {processor.py:925} INFO - DAG(s) 'tutorial_objectstorage' retrieved from /home/airflow/.local/lib/python3.12/site-packages/airflow/example_dags/tutorial_objectstorage.py
[2024-10-06T04:42:39.392+0000] {logging_mixin.py:190} INFO - [2024-10-06T04:42:39.392+0000] {dag.py:3239} INFO - Sync 1 DAGs
[2024-10-06T04:42:39.404+0000] {logging_mixin.py:190} INFO - [2024-10-06T04:42:39.404+0000] {dag.py:4180} INFO - Setting next_dagrun for tutorial_objectstorage to None, run_after=None
[2024-10-06T04:42:39.422+0000] {processor.py:208} INFO - Processing /home/airflow/.local/lib/python3.12/site-packages/airflow/example_dags/tutorial_objectstorage.py took 0.058 seconds
[2024-10-06T04:43:10.037+0000] {processor.py:186} INFO - Started process (PID=2312) to work on /home/airflow/.local/lib/python3.12/site-packages/airflow/example_dags/tutorial_objectstorage.py
[2024-10-06T04:43:10.038+0000] {processor.py:914} INFO - Processing file /home/airflow/.local/lib/python3.12/site-packages/airflow/example_dags/tutorial_objectstorage.py for tasks to queue
[2024-10-06T04:43:10.039+0000] {logging_mixin.py:190} INFO - [2024-10-06T04:43:10.039+0000] {dagbag.py:588} INFO - Filling up the DagBag from /home/airflow/.local/lib/python3.12/site-packages/airflow/example_dags/tutorial_objectstorage.py
[2024-10-06T04:43:10.049+0000] {processor.py:925} INFO - DAG(s) 'tutorial_objectstorage' retrieved from /home/airflow/.local/lib/python3.12/site-packages/airflow/example_dags/tutorial_objectstorage.py
[2024-10-06T04:43:10.069+0000] {logging_mixin.py:190} INFO - [2024-10-06T04:43:10.068+0000] {dag.py:3239} INFO - Sync 1 DAGs
[2024-10-06T04:43:10.086+0000] {logging_mixin.py:190} INFO - [2024-10-06T04:43:10.086+0000] {dag.py:4180} INFO - Setting next_dagrun for tutorial_objectstorage to None, run_after=None
[2024-10-06T04:43:10.113+0000] {processor.py:208} INFO - Processing /home/airflow/.local/lib/python3.12/site-packages/airflow/example_dags/tutorial_objectstorage.py took 0.083 seconds
[2024-10-06T04:43:40.878+0000] {processor.py:186} INFO - Started process (PID=2375) to work on /home/airflow/.local/lib/python3.12/site-packages/airflow/example_dags/tutorial_objectstorage.py
[2024-10-06T04:43:40.879+0000] {processor.py:914} INFO - Processing file /home/airflow/.local/lib/python3.12/site-packages/airflow/example_dags/tutorial_objectstorage.py for tasks to queue
[2024-10-06T04:43:40.880+0000] {logging_mixin.py:190} INFO - [2024-10-06T04:43:40.880+0000] {dagbag.py:588} INFO - Filling up the DagBag from /home/airflow/.local/lib/python3.12/site-packages/airflow/example_dags/tutorial_objectstorage.py
[2024-10-06T04:43:40.887+0000] {processor.py:925} INFO - DAG(s) 'tutorial_objectstorage' retrieved from /home/airflow/.local/lib/python3.12/site-packages/airflow/example_dags/tutorial_objectstorage.py
[2024-10-06T04:43:40.905+0000] {logging_mixin.py:190} INFO - [2024-10-06T04:43:40.905+0000] {dag.py:3239} INFO - Sync 1 DAGs
[2024-10-06T04:43:40.920+0000] {logging_mixin.py:190} INFO - [2024-10-06T04:43:40.920+0000] {dag.py:4180} INFO - Setting next_dagrun for tutorial_objectstorage to None, run_after=None
[2024-10-06T04:43:40.941+0000] {processor.py:208} INFO - Processing /home/airflow/.local/lib/python3.12/site-packages/airflow/example_dags/tutorial_objectstorage.py took 0.067 seconds
[2024-10-06T04:44:11.274+0000] {processor.py:186} INFO - Started process (PID=2439) to work on /home/airflow/.local/lib/python3.12/site-packages/airflow/example_dags/tutorial_objectstorage.py
[2024-10-06T04:44:11.275+0000] {processor.py:914} INFO - Processing file /home/airflow/.local/lib/python3.12/site-packages/airflow/example_dags/tutorial_objectstorage.py for tasks to queue
[2024-10-06T04:44:11.275+0000] {logging_mixin.py:190} INFO - [2024-10-06T04:44:11.275+0000] {dagbag.py:588} INFO - Filling up the DagBag from /home/airflow/.local/lib/python3.12/site-packages/airflow/example_dags/tutorial_objectstorage.py
[2024-10-06T04:44:11.283+0000] {processor.py:925} INFO - DAG(s) 'tutorial_objectstorage' retrieved from /home/airflow/.local/lib/python3.12/site-packages/airflow/example_dags/tutorial_objectstorage.py
[2024-10-06T04:44:11.301+0000] {logging_mixin.py:190} INFO - [2024-10-06T04:44:11.301+0000] {dag.py:3239} INFO - Sync 1 DAGs
[2024-10-06T04:44:11.315+0000] {logging_mixin.py:190} INFO - [2024-10-06T04:44:11.315+0000] {dag.py:4180} INFO - Setting next_dagrun for tutorial_objectstorage to None, run_after=None
[2024-10-06T04:44:11.333+0000] {processor.py:208} INFO - Processing /home/airflow/.local/lib/python3.12/site-packages/airflow/example_dags/tutorial_objectstorage.py took 0.065 seconds
[2024-10-06T04:44:41.899+0000] {processor.py:186} INFO - Started process (PID=2503) to work on /home/airflow/.local/lib/python3.12/site-packages/airflow/example_dags/tutorial_objectstorage.py
[2024-10-06T04:44:41.900+0000] {processor.py:914} INFO - Processing file /home/airflow/.local/lib/python3.12/site-packages/airflow/example_dags/tutorial_objectstorage.py for tasks to queue
[2024-10-06T04:44:41.901+0000] {logging_mixin.py:190} INFO - [2024-10-06T04:44:41.900+0000] {dagbag.py:588} INFO - Filling up the DagBag from /home/airflow/.local/lib/python3.12/site-packages/airflow/example_dags/tutorial_objectstorage.py
[2024-10-06T04:44:41.908+0000] {processor.py:925} INFO - DAG(s) 'tutorial_objectstorage' retrieved from /home/airflow/.local/lib/python3.12/site-packages/airflow/example_dags/tutorial_objectstorage.py
[2024-10-06T04:44:41.926+0000] {logging_mixin.py:190} INFO - [2024-10-06T04:44:41.926+0000] {dag.py:3239} INFO - Sync 1 DAGs
[2024-10-06T04:44:41.941+0000] {logging_mixin.py:190} INFO - [2024-10-06T04:44:41.941+0000] {dag.py:4180} INFO - Setting next_dagrun for tutorial_objectstorage to None, run_after=None
[2024-10-06T04:44:41.978+0000] {processor.py:208} INFO - Processing /home/airflow/.local/lib/python3.12/site-packages/airflow/example_dags/tutorial_objectstorage.py took 0.084 seconds
[2024-10-06T04:45:12.499+0000] {processor.py:186} INFO - Started process (PID=2566) to work on /home/airflow/.local/lib/python3.12/site-packages/airflow/example_dags/tutorial_objectstorage.py
[2024-10-06T04:45:12.500+0000] {processor.py:914} INFO - Processing file /home/airflow/.local/lib/python3.12/site-packages/airflow/example_dags/tutorial_objectstorage.py for tasks to queue
[2024-10-06T04:45:12.501+0000] {logging_mixin.py:190} INFO - [2024-10-06T04:45:12.500+0000] {dagbag.py:588} INFO - Filling up the DagBag from /home/airflow/.local/lib/python3.12/site-packages/airflow/example_dags/tutorial_objectstorage.py
[2024-10-06T04:45:12.508+0000] {processor.py:925} INFO - DAG(s) 'tutorial_objectstorage' retrieved from /home/airflow/.local/lib/python3.12/site-packages/airflow/example_dags/tutorial_objectstorage.py
[2024-10-06T04:45:12.525+0000] {logging_mixin.py:190} INFO - [2024-10-06T04:45:12.525+0000] {dag.py:3239} INFO - Sync 1 DAGs
[2024-10-06T04:45:12.540+0000] {logging_mixin.py:190} INFO - [2024-10-06T04:45:12.540+0000] {dag.py:4180} INFO - Setting next_dagrun for tutorial_objectstorage to None, run_after=None
[2024-10-06T04:45:12.559+0000] {processor.py:208} INFO - Processing /home/airflow/.local/lib/python3.12/site-packages/airflow/example_dags/tutorial_objectstorage.py took 0.064 seconds
[2024-10-06T04:45:43.237+0000] {processor.py:186} INFO - Started process (PID=2629) to work on /home/airflow/.local/lib/python3.12/site-packages/airflow/example_dags/tutorial_objectstorage.py
[2024-10-06T04:45:43.238+0000] {processor.py:914} INFO - Processing file /home/airflow/.local/lib/python3.12/site-packages/airflow/example_dags/tutorial_objectstorage.py for tasks to queue
[2024-10-06T04:45:43.239+0000] {logging_mixin.py:190} INFO - [2024-10-06T04:45:43.239+0000] {dagbag.py:588} INFO - Filling up the DagBag from /home/airflow/.local/lib/python3.12/site-packages/airflow/example_dags/tutorial_objectstorage.py
[2024-10-06T04:45:43.249+0000] {processor.py:925} INFO - DAG(s) 'tutorial_objectstorage' retrieved from /home/airflow/.local/lib/python3.12/site-packages/airflow/example_dags/tutorial_objectstorage.py
[2024-10-06T04:45:43.264+0000] {logging_mixin.py:190} INFO - [2024-10-06T04:45:43.264+0000] {dag.py:3239} INFO - Sync 1 DAGs
[2024-10-06T04:45:43.275+0000] {logging_mixin.py:190} INFO - [2024-10-06T04:45:43.275+0000] {dag.py:4180} INFO - Setting next_dagrun for tutorial_objectstorage to None, run_after=None
[2024-10-06T04:45:43.292+0000] {processor.py:208} INFO - Processing /home/airflow/.local/lib/python3.12/site-packages/airflow/example_dags/tutorial_objectstorage.py took 0.061 seconds
[2024-10-06T04:46:13.845+0000] {processor.py:186} INFO - Started process (PID=2692) to work on /home/airflow/.local/lib/python3.12/site-packages/airflow/example_dags/tutorial_objectstorage.py
[2024-10-06T04:46:13.846+0000] {processor.py:914} INFO - Processing file /home/airflow/.local/lib/python3.12/site-packages/airflow/example_dags/tutorial_objectstorage.py for tasks to queue
[2024-10-06T04:46:13.847+0000] {logging_mixin.py:190} INFO - [2024-10-06T04:46:13.846+0000] {dagbag.py:588} INFO - Filling up the DagBag from /home/airflow/.local/lib/python3.12/site-packages/airflow/example_dags/tutorial_objectstorage.py
[2024-10-06T04:46:13.854+0000] {processor.py:925} INFO - DAG(s) 'tutorial_objectstorage' retrieved from /home/airflow/.local/lib/python3.12/site-packages/airflow/example_dags/tutorial_objectstorage.py
[2024-10-06T04:46:13.868+0000] {logging_mixin.py:190} INFO - [2024-10-06T04:46:13.868+0000] {dag.py:3239} INFO - Sync 1 DAGs
[2024-10-06T04:46:13.880+0000] {logging_mixin.py:190} INFO - [2024-10-06T04:46:13.880+0000] {dag.py:4180} INFO - Setting next_dagrun for tutorial_objectstorage to None, run_after=None
[2024-10-06T04:46:13.898+0000] {processor.py:208} INFO - Processing /home/airflow/.local/lib/python3.12/site-packages/airflow/example_dags/tutorial_objectstorage.py took 0.059 seconds
[2024-10-06T04:46:44.680+0000] {processor.py:186} INFO - Started process (PID=2755) to work on /home/airflow/.local/lib/python3.12/site-packages/airflow/example_dags/tutorial_objectstorage.py
[2024-10-06T04:46:44.680+0000] {processor.py:914} INFO - Processing file /home/airflow/.local/lib/python3.12/site-packages/airflow/example_dags/tutorial_objectstorage.py for tasks to queue
[2024-10-06T04:46:44.681+0000] {logging_mixin.py:190} INFO - [2024-10-06T04:46:44.681+0000] {dagbag.py:588} INFO - Filling up the DagBag from /home/airflow/.local/lib/python3.12/site-packages/airflow/example_dags/tutorial_objectstorage.py
[2024-10-06T04:46:44.689+0000] {processor.py:925} INFO - DAG(s) 'tutorial_objectstorage' retrieved from /home/airflow/.local/lib/python3.12/site-packages/airflow/example_dags/tutorial_objectstorage.py
[2024-10-06T04:46:44.703+0000] {logging_mixin.py:190} INFO - [2024-10-06T04:46:44.703+0000] {dag.py:3239} INFO - Sync 1 DAGs
[2024-10-06T04:46:44.714+0000] {logging_mixin.py:190} INFO - [2024-10-06T04:46:44.714+0000] {dag.py:4180} INFO - Setting next_dagrun for tutorial_objectstorage to None, run_after=None
[2024-10-06T04:46:44.736+0000] {processor.py:208} INFO - Processing /home/airflow/.local/lib/python3.12/site-packages/airflow/example_dags/tutorial_objectstorage.py took 0.061 seconds
[2024-10-06T04:47:15.117+0000] {processor.py:186} INFO - Started process (PID=2818) to work on /home/airflow/.local/lib/python3.12/site-packages/airflow/example_dags/tutorial_objectstorage.py
[2024-10-06T04:47:15.117+0000] {processor.py:914} INFO - Processing file /home/airflow/.local/lib/python3.12/site-packages/airflow/example_dags/tutorial_objectstorage.py for tasks to queue
[2024-10-06T04:47:15.118+0000] {logging_mixin.py:190} INFO - [2024-10-06T04:47:15.118+0000] {dagbag.py:588} INFO - Filling up the DagBag from /home/airflow/.local/lib/python3.12/site-packages/airflow/example_dags/tutorial_objectstorage.py
[2024-10-06T04:47:15.126+0000] {processor.py:925} INFO - DAG(s) 'tutorial_objectstorage' retrieved from /home/airflow/.local/lib/python3.12/site-packages/airflow/example_dags/tutorial_objectstorage.py
[2024-10-06T04:47:15.142+0000] {logging_mixin.py:190} INFO - [2024-10-06T04:47:15.142+0000] {dag.py:3239} INFO - Sync 1 DAGs
[2024-10-06T04:47:15.155+0000] {logging_mixin.py:190} INFO - [2024-10-06T04:47:15.155+0000] {dag.py:4180} INFO - Setting next_dagrun for tutorial_objectstorage to None, run_after=None
[2024-10-06T04:47:15.174+0000] {processor.py:208} INFO - Processing /home/airflow/.local/lib/python3.12/site-packages/airflow/example_dags/tutorial_objectstorage.py took 0.062 seconds
[2024-10-06T04:47:45.493+0000] {processor.py:186} INFO - Started process (PID=2881) to work on /home/airflow/.local/lib/python3.12/site-packages/airflow/example_dags/tutorial_objectstorage.py
[2024-10-06T04:47:45.494+0000] {processor.py:914} INFO - Processing file /home/airflow/.local/lib/python3.12/site-packages/airflow/example_dags/tutorial_objectstorage.py for tasks to queue
[2024-10-06T04:47:45.494+0000] {logging_mixin.py:190} INFO - [2024-10-06T04:47:45.494+0000] {dagbag.py:588} INFO - Filling up the DagBag from /home/airflow/.local/lib/python3.12/site-packages/airflow/example_dags/tutorial_objectstorage.py
[2024-10-06T04:47:45.502+0000] {processor.py:925} INFO - DAG(s) 'tutorial_objectstorage' retrieved from /home/airflow/.local/lib/python3.12/site-packages/airflow/example_dags/tutorial_objectstorage.py
[2024-10-06T04:47:45.517+0000] {logging_mixin.py:190} INFO - [2024-10-06T04:47:45.517+0000] {dag.py:3239} INFO - Sync 1 DAGs
[2024-10-06T04:47:45.530+0000] {logging_mixin.py:190} INFO - [2024-10-06T04:47:45.530+0000] {dag.py:4180} INFO - Setting next_dagrun for tutorial_objectstorage to None, run_after=None
[2024-10-06T04:47:45.549+0000] {processor.py:208} INFO - Processing /home/airflow/.local/lib/python3.12/site-packages/airflow/example_dags/tutorial_objectstorage.py took 0.061 seconds
[2024-10-06T04:48:15.638+0000] {processor.py:186} INFO - Started process (PID=2944) to work on /home/airflow/.local/lib/python3.12/site-packages/airflow/example_dags/tutorial_objectstorage.py
[2024-10-06T04:48:15.639+0000] {processor.py:914} INFO - Processing file /home/airflow/.local/lib/python3.12/site-packages/airflow/example_dags/tutorial_objectstorage.py for tasks to queue
[2024-10-06T04:48:15.640+0000] {logging_mixin.py:190} INFO - [2024-10-06T04:48:15.640+0000] {dagbag.py:588} INFO - Filling up the DagBag from /home/airflow/.local/lib/python3.12/site-packages/airflow/example_dags/tutorial_objectstorage.py
[2024-10-06T04:48:15.650+0000] {processor.py:925} INFO - DAG(s) 'tutorial_objectstorage' retrieved from /home/airflow/.local/lib/python3.12/site-packages/airflow/example_dags/tutorial_objectstorage.py
[2024-10-06T04:48:15.666+0000] {logging_mixin.py:190} INFO - [2024-10-06T04:48:15.666+0000] {dag.py:3239} INFO - Sync 1 DAGs
[2024-10-06T04:48:15.678+0000] {logging_mixin.py:190} INFO - [2024-10-06T04:48:15.678+0000] {dag.py:4180} INFO - Setting next_dagrun for tutorial_objectstorage to None, run_after=None
[2024-10-06T04:48:15.697+0000] {processor.py:208} INFO - Processing /home/airflow/.local/lib/python3.12/site-packages/airflow/example_dags/tutorial_objectstorage.py took 0.064 seconds
[2024-10-06T04:48:46.073+0000] {processor.py:186} INFO - Started process (PID=3007) to work on /home/airflow/.local/lib/python3.12/site-packages/airflow/example_dags/tutorial_objectstorage.py
[2024-10-06T04:48:46.074+0000] {processor.py:914} INFO - Processing file /home/airflow/.local/lib/python3.12/site-packages/airflow/example_dags/tutorial_objectstorage.py for tasks to queue
[2024-10-06T04:48:46.075+0000] {logging_mixin.py:190} INFO - [2024-10-06T04:48:46.075+0000] {dagbag.py:588} INFO - Filling up the DagBag from /home/airflow/.local/lib/python3.12/site-packages/airflow/example_dags/tutorial_objectstorage.py
[2024-10-06T04:48:46.083+0000] {processor.py:925} INFO - DAG(s) 'tutorial_objectstorage' retrieved from /home/airflow/.local/lib/python3.12/site-packages/airflow/example_dags/tutorial_objectstorage.py
[2024-10-06T04:48:46.099+0000] {logging_mixin.py:190} INFO - [2024-10-06T04:48:46.099+0000] {dag.py:3239} INFO - Sync 1 DAGs
[2024-10-06T04:48:46.110+0000] {logging_mixin.py:190} INFO - [2024-10-06T04:48:46.110+0000] {dag.py:4180} INFO - Setting next_dagrun for tutorial_objectstorage to None, run_after=None
[2024-10-06T04:48:46.132+0000] {processor.py:208} INFO - Processing /home/airflow/.local/lib/python3.12/site-packages/airflow/example_dags/tutorial_objectstorage.py took 0.063 seconds
[2024-10-06T04:49:16.704+0000] {processor.py:186} INFO - Started process (PID=3071) to work on /home/airflow/.local/lib/python3.12/site-packages/airflow/example_dags/tutorial_objectstorage.py
[2024-10-06T04:49:16.705+0000] {processor.py:914} INFO - Processing file /home/airflow/.local/lib/python3.12/site-packages/airflow/example_dags/tutorial_objectstorage.py for tasks to queue
[2024-10-06T04:49:16.705+0000] {logging_mixin.py:190} INFO - [2024-10-06T04:49:16.705+0000] {dagbag.py:588} INFO - Filling up the DagBag from /home/airflow/.local/lib/python3.12/site-packages/airflow/example_dags/tutorial_objectstorage.py
[2024-10-06T04:49:16.713+0000] {processor.py:925} INFO - DAG(s) 'tutorial_objectstorage' retrieved from /home/airflow/.local/lib/python3.12/site-packages/airflow/example_dags/tutorial_objectstorage.py
[2024-10-06T04:49:16.729+0000] {logging_mixin.py:190} INFO - [2024-10-06T04:49:16.729+0000] {dag.py:3239} INFO - Sync 1 DAGs
[2024-10-06T04:49:16.741+0000] {logging_mixin.py:190} INFO - [2024-10-06T04:49:16.740+0000] {dag.py:4180} INFO - Setting next_dagrun for tutorial_objectstorage to None, run_after=None
[2024-10-06T04:49:16.764+0000] {processor.py:208} INFO - Processing /home/airflow/.local/lib/python3.12/site-packages/airflow/example_dags/tutorial_objectstorage.py took 0.065 seconds
[2024-10-06T04:49:47.171+0000] {processor.py:186} INFO - Started process (PID=3134) to work on /home/airflow/.local/lib/python3.12/site-packages/airflow/example_dags/tutorial_objectstorage.py
[2024-10-06T04:49:47.171+0000] {processor.py:914} INFO - Processing file /home/airflow/.local/lib/python3.12/site-packages/airflow/example_dags/tutorial_objectstorage.py for tasks to queue
[2024-10-06T04:49:47.172+0000] {logging_mixin.py:190} INFO - [2024-10-06T04:49:47.172+0000] {dagbag.py:588} INFO - Filling up the DagBag from /home/airflow/.local/lib/python3.12/site-packages/airflow/example_dags/tutorial_objectstorage.py
[2024-10-06T04:49:47.180+0000] {processor.py:925} INFO - DAG(s) 'tutorial_objectstorage' retrieved from /home/airflow/.local/lib/python3.12/site-packages/airflow/example_dags/tutorial_objectstorage.py
[2024-10-06T04:49:47.195+0000] {logging_mixin.py:190} INFO - [2024-10-06T04:49:47.194+0000] {dag.py:3239} INFO - Sync 1 DAGs
[2024-10-06T04:49:47.206+0000] {logging_mixin.py:190} INFO - [2024-10-06T04:49:47.205+0000] {dag.py:4180} INFO - Setting next_dagrun for tutorial_objectstorage to None, run_after=None
[2024-10-06T04:49:47.221+0000] {processor.py:208} INFO - Processing /home/airflow/.local/lib/python3.12/site-packages/airflow/example_dags/tutorial_objectstorage.py took 0.055 seconds
[2024-10-06T04:50:17.622+0000] {processor.py:186} INFO - Started process (PID=3197) to work on /home/airflow/.local/lib/python3.12/site-packages/airflow/example_dags/tutorial_objectstorage.py
[2024-10-06T04:50:17.622+0000] {processor.py:914} INFO - Processing file /home/airflow/.local/lib/python3.12/site-packages/airflow/example_dags/tutorial_objectstorage.py for tasks to queue
[2024-10-06T04:50:17.623+0000] {logging_mixin.py:190} INFO - [2024-10-06T04:50:17.623+0000] {dagbag.py:588} INFO - Filling up the DagBag from /home/airflow/.local/lib/python3.12/site-packages/airflow/example_dags/tutorial_objectstorage.py
[2024-10-06T04:50:17.631+0000] {processor.py:925} INFO - DAG(s) 'tutorial_objectstorage' retrieved from /home/airflow/.local/lib/python3.12/site-packages/airflow/example_dags/tutorial_objectstorage.py
[2024-10-06T04:50:17.646+0000] {logging_mixin.py:190} INFO - [2024-10-06T04:50:17.646+0000] {dag.py:3239} INFO - Sync 1 DAGs
[2024-10-06T04:50:17.657+0000] {logging_mixin.py:190} INFO - [2024-10-06T04:50:17.657+0000] {dag.py:4180} INFO - Setting next_dagrun for tutorial_objectstorage to None, run_after=None
[2024-10-06T04:50:17.678+0000] {processor.py:208} INFO - Processing /home/airflow/.local/lib/python3.12/site-packages/airflow/example_dags/tutorial_objectstorage.py took 0.061 seconds
[2024-10-06T04:50:47.993+0000] {processor.py:186} INFO - Started process (PID=3259) to work on /home/airflow/.local/lib/python3.12/site-packages/airflow/example_dags/tutorial_objectstorage.py
[2024-10-06T04:50:47.994+0000] {processor.py:914} INFO - Processing file /home/airflow/.local/lib/python3.12/site-packages/airflow/example_dags/tutorial_objectstorage.py for tasks to queue
[2024-10-06T04:50:47.995+0000] {logging_mixin.py:190} INFO - [2024-10-06T04:50:47.994+0000] {dagbag.py:588} INFO - Filling up the DagBag from /home/airflow/.local/lib/python3.12/site-packages/airflow/example_dags/tutorial_objectstorage.py
[2024-10-06T04:50:48.005+0000] {processor.py:925} INFO - DAG(s) 'tutorial_objectstorage' retrieved from /home/airflow/.local/lib/python3.12/site-packages/airflow/example_dags/tutorial_objectstorage.py
[2024-10-06T04:50:48.026+0000] {logging_mixin.py:190} INFO - [2024-10-06T04:50:48.026+0000] {dag.py:3239} INFO - Sync 1 DAGs
[2024-10-06T04:50:48.043+0000] {logging_mixin.py:190} INFO - [2024-10-06T04:50:48.043+0000] {dag.py:4180} INFO - Setting next_dagrun for tutorial_objectstorage to None, run_after=None
[2024-10-06T04:50:48.078+0000] {processor.py:208} INFO - Processing /home/airflow/.local/lib/python3.12/site-packages/airflow/example_dags/tutorial_objectstorage.py took 0.092 seconds
[2024-10-06T04:51:18.423+0000] {processor.py:186} INFO - Started process (PID=3322) to work on /home/airflow/.local/lib/python3.12/site-packages/airflow/example_dags/tutorial_objectstorage.py
[2024-10-06T04:51:18.424+0000] {processor.py:914} INFO - Processing file /home/airflow/.local/lib/python3.12/site-packages/airflow/example_dags/tutorial_objectstorage.py for tasks to queue
[2024-10-06T04:51:18.425+0000] {logging_mixin.py:190} INFO - [2024-10-06T04:51:18.425+0000] {dagbag.py:588} INFO - Filling up the DagBag from /home/airflow/.local/lib/python3.12/site-packages/airflow/example_dags/tutorial_objectstorage.py
[2024-10-06T04:51:18.435+0000] {processor.py:925} INFO - DAG(s) 'tutorial_objectstorage' retrieved from /home/airflow/.local/lib/python3.12/site-packages/airflow/example_dags/tutorial_objectstorage.py
[2024-10-06T04:51:18.454+0000] {logging_mixin.py:190} INFO - [2024-10-06T04:51:18.454+0000] {dag.py:3239} INFO - Sync 1 DAGs
[2024-10-06T04:51:18.468+0000] {logging_mixin.py:190} INFO - [2024-10-06T04:51:18.468+0000] {dag.py:4180} INFO - Setting next_dagrun for tutorial_objectstorage to None, run_after=None
[2024-10-06T04:51:18.487+0000] {processor.py:208} INFO - Processing /home/airflow/.local/lib/python3.12/site-packages/airflow/example_dags/tutorial_objectstorage.py took 0.070 seconds
[2024-10-06T04:51:48.750+0000] {processor.py:186} INFO - Started process (PID=3385) to work on /home/airflow/.local/lib/python3.12/site-packages/airflow/example_dags/tutorial_objectstorage.py
[2024-10-06T04:51:48.751+0000] {processor.py:914} INFO - Processing file /home/airflow/.local/lib/python3.12/site-packages/airflow/example_dags/tutorial_objectstorage.py for tasks to queue
[2024-10-06T04:51:48.752+0000] {logging_mixin.py:190} INFO - [2024-10-06T04:51:48.751+0000] {dagbag.py:588} INFO - Filling up the DagBag from /home/airflow/.local/lib/python3.12/site-packages/airflow/example_dags/tutorial_objectstorage.py
[2024-10-06T04:51:48.760+0000] {processor.py:925} INFO - DAG(s) 'tutorial_objectstorage' retrieved from /home/airflow/.local/lib/python3.12/site-packages/airflow/example_dags/tutorial_objectstorage.py
[2024-10-06T04:51:48.776+0000] {logging_mixin.py:190} INFO - [2024-10-06T04:51:48.776+0000] {dag.py:3239} INFO - Sync 1 DAGs
[2024-10-06T04:51:48.789+0000] {logging_mixin.py:190} INFO - [2024-10-06T04:51:48.789+0000] {dag.py:4180} INFO - Setting next_dagrun for tutorial_objectstorage to None, run_after=None
[2024-10-06T04:51:48.827+0000] {processor.py:208} INFO - Processing /home/airflow/.local/lib/python3.12/site-packages/airflow/example_dags/tutorial_objectstorage.py took 0.081 seconds
[2024-10-06T04:52:18.984+0000] {processor.py:186} INFO - Started process (PID=3448) to work on /home/airflow/.local/lib/python3.12/site-packages/airflow/example_dags/tutorial_objectstorage.py
[2024-10-06T04:52:18.985+0000] {processor.py:914} INFO - Processing file /home/airflow/.local/lib/python3.12/site-packages/airflow/example_dags/tutorial_objectstorage.py for tasks to queue
[2024-10-06T04:52:18.985+0000] {logging_mixin.py:190} INFO - [2024-10-06T04:52:18.985+0000] {dagbag.py:588} INFO - Filling up the DagBag from /home/airflow/.local/lib/python3.12/site-packages/airflow/example_dags/tutorial_objectstorage.py
[2024-10-06T04:52:18.993+0000] {processor.py:925} INFO - DAG(s) 'tutorial_objectstorage' retrieved from /home/airflow/.local/lib/python3.12/site-packages/airflow/example_dags/tutorial_objectstorage.py
[2024-10-06T04:52:19.010+0000] {logging_mixin.py:190} INFO - [2024-10-06T04:52:19.010+0000] {dag.py:3239} INFO - Sync 1 DAGs
[2024-10-06T04:52:19.024+0000] {logging_mixin.py:190} INFO - [2024-10-06T04:52:19.024+0000] {dag.py:4180} INFO - Setting next_dagrun for tutorial_objectstorage to None, run_after=None
[2024-10-06T04:52:19.049+0000] {processor.py:208} INFO - Processing /home/airflow/.local/lib/python3.12/site-packages/airflow/example_dags/tutorial_objectstorage.py took 0.070 seconds
[2024-10-06T04:52:49.255+0000] {processor.py:186} INFO - Started process (PID=3512) to work on /home/airflow/.local/lib/python3.12/site-packages/airflow/example_dags/tutorial_objectstorage.py
[2024-10-06T04:52:49.255+0000] {processor.py:914} INFO - Processing file /home/airflow/.local/lib/python3.12/site-packages/airflow/example_dags/tutorial_objectstorage.py for tasks to queue
[2024-10-06T04:52:49.256+0000] {logging_mixin.py:190} INFO - [2024-10-06T04:52:49.256+0000] {dagbag.py:588} INFO - Filling up the DagBag from /home/airflow/.local/lib/python3.12/site-packages/airflow/example_dags/tutorial_objectstorage.py
[2024-10-06T04:52:49.264+0000] {processor.py:925} INFO - DAG(s) 'tutorial_objectstorage' retrieved from /home/airflow/.local/lib/python3.12/site-packages/airflow/example_dags/tutorial_objectstorage.py
[2024-10-06T04:52:49.281+0000] {logging_mixin.py:190} INFO - [2024-10-06T04:52:49.281+0000] {dag.py:3239} INFO - Sync 1 DAGs
[2024-10-06T04:52:49.295+0000] {logging_mixin.py:190} INFO - [2024-10-06T04:52:49.295+0000] {dag.py:4180} INFO - Setting next_dagrun for tutorial_objectstorage to None, run_after=None
[2024-10-06T04:52:49.314+0000] {processor.py:208} INFO - Processing /home/airflow/.local/lib/python3.12/site-packages/airflow/example_dags/tutorial_objectstorage.py took 0.064 seconds
[2024-10-06T04:53:19.629+0000] {processor.py:186} INFO - Started process (PID=3581) to work on /home/airflow/.local/lib/python3.12/site-packages/airflow/example_dags/tutorial_objectstorage.py
[2024-10-06T04:53:19.630+0000] {processor.py:914} INFO - Processing file /home/airflow/.local/lib/python3.12/site-packages/airflow/example_dags/tutorial_objectstorage.py for tasks to queue
[2024-10-06T04:53:19.632+0000] {logging_mixin.py:190} INFO - [2024-10-06T04:53:19.631+0000] {dagbag.py:588} INFO - Filling up the DagBag from /home/airflow/.local/lib/python3.12/site-packages/airflow/example_dags/tutorial_objectstorage.py
[2024-10-06T04:53:19.640+0000] {processor.py:925} INFO - DAG(s) 'tutorial_objectstorage' retrieved from /home/airflow/.local/lib/python3.12/site-packages/airflow/example_dags/tutorial_objectstorage.py
[2024-10-06T04:53:19.654+0000] {logging_mixin.py:190} INFO - [2024-10-06T04:53:19.654+0000] {dag.py:3239} INFO - Sync 1 DAGs
[2024-10-06T04:53:19.665+0000] {logging_mixin.py:190} INFO - [2024-10-06T04:53:19.664+0000] {dag.py:4180} INFO - Setting next_dagrun for tutorial_objectstorage to None, run_after=None
[2024-10-06T04:53:19.687+0000] {processor.py:208} INFO - Processing /home/airflow/.local/lib/python3.12/site-packages/airflow/example_dags/tutorial_objectstorage.py took 0.065 seconds
[2024-10-06T04:53:49.973+0000] {processor.py:186} INFO - Started process (PID=3644) to work on /home/airflow/.local/lib/python3.12/site-packages/airflow/example_dags/tutorial_objectstorage.py
[2024-10-06T04:53:49.973+0000] {processor.py:914} INFO - Processing file /home/airflow/.local/lib/python3.12/site-packages/airflow/example_dags/tutorial_objectstorage.py for tasks to queue
[2024-10-06T04:53:49.974+0000] {logging_mixin.py:190} INFO - [2024-10-06T04:53:49.974+0000] {dagbag.py:588} INFO - Filling up the DagBag from /home/airflow/.local/lib/python3.12/site-packages/airflow/example_dags/tutorial_objectstorage.py
[2024-10-06T04:53:49.982+0000] {processor.py:925} INFO - DAG(s) 'tutorial_objectstorage' retrieved from /home/airflow/.local/lib/python3.12/site-packages/airflow/example_dags/tutorial_objectstorage.py
[2024-10-06T04:53:49.997+0000] {logging_mixin.py:190} INFO - [2024-10-06T04:53:49.997+0000] {dag.py:3239} INFO - Sync 1 DAGs
[2024-10-06T04:53:50.008+0000] {logging_mixin.py:190} INFO - [2024-10-06T04:53:50.008+0000] {dag.py:4180} INFO - Setting next_dagrun for tutorial_objectstorage to None, run_after=None
[2024-10-06T04:53:50.029+0000] {processor.py:208} INFO - Processing /home/airflow/.local/lib/python3.12/site-packages/airflow/example_dags/tutorial_objectstorage.py took 0.061 seconds
[2024-10-06T04:54:20.986+0000] {processor.py:186} INFO - Started process (PID=3707) to work on /home/airflow/.local/lib/python3.12/site-packages/airflow/example_dags/tutorial_objectstorage.py
[2024-10-06T04:54:20.987+0000] {processor.py:914} INFO - Processing file /home/airflow/.local/lib/python3.12/site-packages/airflow/example_dags/tutorial_objectstorage.py for tasks to queue
[2024-10-06T04:54:20.989+0000] {logging_mixin.py:190} INFO - [2024-10-06T04:54:20.988+0000] {dagbag.py:588} INFO - Filling up the DagBag from /home/airflow/.local/lib/python3.12/site-packages/airflow/example_dags/tutorial_objectstorage.py
[2024-10-06T04:54:21.004+0000] {processor.py:925} INFO - DAG(s) 'tutorial_objectstorage' retrieved from /home/airflow/.local/lib/python3.12/site-packages/airflow/example_dags/tutorial_objectstorage.py
[2024-10-06T04:54:21.032+0000] {logging_mixin.py:190} INFO - [2024-10-06T04:54:21.031+0000] {dag.py:3239} INFO - Sync 1 DAGs
[2024-10-06T04:54:21.048+0000] {logging_mixin.py:190} INFO - [2024-10-06T04:54:21.047+0000] {dag.py:4180} INFO - Setting next_dagrun for tutorial_objectstorage to None, run_after=None
[2024-10-06T04:54:21.086+0000] {processor.py:208} INFO - Processing /home/airflow/.local/lib/python3.12/site-packages/airflow/example_dags/tutorial_objectstorage.py took 0.107 seconds
[2024-10-06T04:54:51.289+0000] {processor.py:186} INFO - Started process (PID=3771) to work on /home/airflow/.local/lib/python3.12/site-packages/airflow/example_dags/tutorial_objectstorage.py
[2024-10-06T04:54:51.290+0000] {processor.py:914} INFO - Processing file /home/airflow/.local/lib/python3.12/site-packages/airflow/example_dags/tutorial_objectstorage.py for tasks to queue
[2024-10-06T04:54:51.291+0000] {logging_mixin.py:190} INFO - [2024-10-06T04:54:51.291+0000] {dagbag.py:588} INFO - Filling up the DagBag from /home/airflow/.local/lib/python3.12/site-packages/airflow/example_dags/tutorial_objectstorage.py
[2024-10-06T04:54:51.298+0000] {processor.py:925} INFO - DAG(s) 'tutorial_objectstorage' retrieved from /home/airflow/.local/lib/python3.12/site-packages/airflow/example_dags/tutorial_objectstorage.py
[2024-10-06T04:54:51.315+0000] {logging_mixin.py:190} INFO - [2024-10-06T04:54:51.315+0000] {dag.py:3239} INFO - Sync 1 DAGs
[2024-10-06T04:54:51.330+0000] {logging_mixin.py:190} INFO - [2024-10-06T04:54:51.329+0000] {dag.py:4180} INFO - Setting next_dagrun for tutorial_objectstorage to None, run_after=None
[2024-10-06T04:54:51.347+0000] {processor.py:208} INFO - Processing /home/airflow/.local/lib/python3.12/site-packages/airflow/example_dags/tutorial_objectstorage.py took 0.063 seconds
[2024-10-06T04:55:21.730+0000] {processor.py:186} INFO - Started process (PID=3834) to work on /home/airflow/.local/lib/python3.12/site-packages/airflow/example_dags/tutorial_objectstorage.py
[2024-10-06T04:55:21.731+0000] {processor.py:914} INFO - Processing file /home/airflow/.local/lib/python3.12/site-packages/airflow/example_dags/tutorial_objectstorage.py for tasks to queue
[2024-10-06T04:55:21.732+0000] {logging_mixin.py:190} INFO - [2024-10-06T04:55:21.732+0000] {dagbag.py:588} INFO - Filling up the DagBag from /home/airflow/.local/lib/python3.12/site-packages/airflow/example_dags/tutorial_objectstorage.py
[2024-10-06T04:55:21.739+0000] {processor.py:925} INFO - DAG(s) 'tutorial_objectstorage' retrieved from /home/airflow/.local/lib/python3.12/site-packages/airflow/example_dags/tutorial_objectstorage.py
[2024-10-06T04:55:21.754+0000] {logging_mixin.py:190} INFO - [2024-10-06T04:55:21.754+0000] {dag.py:3239} INFO - Sync 1 DAGs
[2024-10-06T04:55:21.766+0000] {logging_mixin.py:190} INFO - [2024-10-06T04:55:21.766+0000] {dag.py:4180} INFO - Setting next_dagrun for tutorial_objectstorage to None, run_after=None
[2024-10-06T04:55:21.787+0000] {processor.py:208} INFO - Processing /home/airflow/.local/lib/python3.12/site-packages/airflow/example_dags/tutorial_objectstorage.py took 0.061 seconds
[2024-10-06T04:55:52.340+0000] {processor.py:186} INFO - Started process (PID=3898) to work on /home/airflow/.local/lib/python3.12/site-packages/airflow/example_dags/tutorial_objectstorage.py
[2024-10-06T04:55:52.341+0000] {processor.py:914} INFO - Processing file /home/airflow/.local/lib/python3.12/site-packages/airflow/example_dags/tutorial_objectstorage.py for tasks to queue
[2024-10-06T04:55:52.342+0000] {logging_mixin.py:190} INFO - [2024-10-06T04:55:52.341+0000] {dagbag.py:588} INFO - Filling up the DagBag from /home/airflow/.local/lib/python3.12/site-packages/airflow/example_dags/tutorial_objectstorage.py
[2024-10-06T04:55:52.351+0000] {processor.py:925} INFO - DAG(s) 'tutorial_objectstorage' retrieved from /home/airflow/.local/lib/python3.12/site-packages/airflow/example_dags/tutorial_objectstorage.py
[2024-10-06T04:55:52.368+0000] {logging_mixin.py:190} INFO - [2024-10-06T04:55:52.367+0000] {dag.py:3239} INFO - Sync 1 DAGs
[2024-10-06T04:55:52.379+0000] {logging_mixin.py:190} INFO - [2024-10-06T04:55:52.379+0000] {dag.py:4180} INFO - Setting next_dagrun for tutorial_objectstorage to None, run_after=None
[2024-10-06T04:55:52.400+0000] {processor.py:208} INFO - Processing /home/airflow/.local/lib/python3.12/site-packages/airflow/example_dags/tutorial_objectstorage.py took 0.064 seconds
[2024-10-06T04:56:22.701+0000] {processor.py:186} INFO - Started process (PID=3962) to work on /home/airflow/.local/lib/python3.12/site-packages/airflow/example_dags/tutorial_objectstorage.py
[2024-10-06T04:56:22.702+0000] {processor.py:914} INFO - Processing file /home/airflow/.local/lib/python3.12/site-packages/airflow/example_dags/tutorial_objectstorage.py for tasks to queue
[2024-10-06T04:56:22.703+0000] {logging_mixin.py:190} INFO - [2024-10-06T04:56:22.703+0000] {dagbag.py:588} INFO - Filling up the DagBag from /home/airflow/.local/lib/python3.12/site-packages/airflow/example_dags/tutorial_objectstorage.py
[2024-10-06T04:56:22.711+0000] {processor.py:925} INFO - DAG(s) 'tutorial_objectstorage' retrieved from /home/airflow/.local/lib/python3.12/site-packages/airflow/example_dags/tutorial_objectstorage.py
[2024-10-06T04:56:22.727+0000] {logging_mixin.py:190} INFO - [2024-10-06T04:56:22.726+0000] {dag.py:3239} INFO - Sync 1 DAGs
[2024-10-06T04:56:22.739+0000] {logging_mixin.py:190} INFO - [2024-10-06T04:56:22.739+0000] {dag.py:4180} INFO - Setting next_dagrun for tutorial_objectstorage to None, run_after=None
[2024-10-06T04:56:22.756+0000] {processor.py:208} INFO - Processing /home/airflow/.local/lib/python3.12/site-packages/airflow/example_dags/tutorial_objectstorage.py took 0.060 seconds
[2024-10-06T04:56:53.219+0000] {processor.py:186} INFO - Started process (PID=4026) to work on /home/airflow/.local/lib/python3.12/site-packages/airflow/example_dags/tutorial_objectstorage.py
[2024-10-06T04:56:53.219+0000] {processor.py:914} INFO - Processing file /home/airflow/.local/lib/python3.12/site-packages/airflow/example_dags/tutorial_objectstorage.py for tasks to queue
[2024-10-06T04:56:53.221+0000] {logging_mixin.py:190} INFO - [2024-10-06T04:56:53.220+0000] {dagbag.py:588} INFO - Filling up the DagBag from /home/airflow/.local/lib/python3.12/site-packages/airflow/example_dags/tutorial_objectstorage.py
[2024-10-06T04:56:53.232+0000] {processor.py:925} INFO - DAG(s) 'tutorial_objectstorage' retrieved from /home/airflow/.local/lib/python3.12/site-packages/airflow/example_dags/tutorial_objectstorage.py
[2024-10-06T04:56:53.250+0000] {logging_mixin.py:190} INFO - [2024-10-06T04:56:53.250+0000] {dag.py:3239} INFO - Sync 1 DAGs
[2024-10-06T04:56:53.272+0000] {logging_mixin.py:190} INFO - [2024-10-06T04:56:53.272+0000] {dag.py:4180} INFO - Setting next_dagrun for tutorial_objectstorage to None, run_after=None
[2024-10-06T04:56:53.304+0000] {processor.py:208} INFO - Processing /home/airflow/.local/lib/python3.12/site-packages/airflow/example_dags/tutorial_objectstorage.py took 0.093 seconds
[2024-10-06T04:57:23.775+0000] {processor.py:186} INFO - Started process (PID=4090) to work on /home/airflow/.local/lib/python3.12/site-packages/airflow/example_dags/tutorial_objectstorage.py
[2024-10-06T04:57:23.775+0000] {processor.py:914} INFO - Processing file /home/airflow/.local/lib/python3.12/site-packages/airflow/example_dags/tutorial_objectstorage.py for tasks to queue
[2024-10-06T04:57:23.777+0000] {logging_mixin.py:190} INFO - [2024-10-06T04:57:23.776+0000] {dagbag.py:588} INFO - Filling up the DagBag from /home/airflow/.local/lib/python3.12/site-packages/airflow/example_dags/tutorial_objectstorage.py
[2024-10-06T04:57:23.786+0000] {processor.py:925} INFO - DAG(s) 'tutorial_objectstorage' retrieved from /home/airflow/.local/lib/python3.12/site-packages/airflow/example_dags/tutorial_objectstorage.py
[2024-10-06T04:57:23.802+0000] {logging_mixin.py:190} INFO - [2024-10-06T04:57:23.802+0000] {dag.py:3239} INFO - Sync 1 DAGs
[2024-10-06T04:57:23.814+0000] {logging_mixin.py:190} INFO - [2024-10-06T04:57:23.814+0000] {dag.py:4180} INFO - Setting next_dagrun for tutorial_objectstorage to None, run_after=None
[2024-10-06T04:57:23.834+0000] {processor.py:208} INFO - Processing /home/airflow/.local/lib/python3.12/site-packages/airflow/example_dags/tutorial_objectstorage.py took 0.066 seconds
