[2024-10-06T04:25:19.708+0000] {processor.py:186} INFO - Started process (PID=83) to work on /home/airflow/.local/lib/python3.12/site-packages/airflow/example_dags/tutorial.py
[2024-10-06T04:25:19.709+0000] {processor.py:914} INFO - Processing file /home/airflow/.local/lib/python3.12/site-packages/airflow/example_dags/tutorial.py for tasks to queue
[2024-10-06T04:25:19.710+0000] {logging_mixin.py:190} INFO - [2024-10-06T04:25:19.710+0000] {dagbag.py:588} INFO - Filling up the DagBag from /home/airflow/.local/lib/python3.12/site-packages/airflow/example_dags/tutorial.py
[2024-10-06T04:25:19.718+0000] {processor.py:925} INFO - DAG(s) 'tutorial' retrieved from /home/airflow/.local/lib/python3.12/site-packages/airflow/example_dags/tutorial.py
[2024-10-06T04:25:19.827+0000] {logging_mixin.py:190} INFO - [2024-10-06T04:25:19.827+0000] {override.py:1900} INFO - Created Permission View: can edit on DAG:tutorial
[2024-10-06T04:25:19.839+0000] {logging_mixin.py:190} INFO - [2024-10-06T04:25:19.839+0000] {override.py:1900} INFO - Created Permission View: can delete on DAG:tutorial
[2024-10-06T04:25:19.848+0000] {logging_mixin.py:190} INFO - [2024-10-06T04:25:19.848+0000] {override.py:1900} INFO - Created Permission View: can read on DAG:tutorial
[2024-10-06T04:25:19.867+0000] {logging_mixin.py:190} INFO - [2024-10-06T04:25:19.867+0000] {override.py:1900} INFO - Created Permission View: can delete on DAG Run:tutorial
[2024-10-06T04:25:19.879+0000] {logging_mixin.py:190} INFO - [2024-10-06T04:25:19.879+0000] {override.py:1900} INFO - Created Permission View: can create on DAG Run:tutorial
[2024-10-06T04:25:19.888+0000] {logging_mixin.py:190} INFO - [2024-10-06T04:25:19.888+0000] {override.py:1900} INFO - Created Permission View: menu access on DAG Run:tutorial
[2024-10-06T04:25:19.896+0000] {logging_mixin.py:190} INFO - [2024-10-06T04:25:19.896+0000] {override.py:1900} INFO - Created Permission View: can read on DAG Run:tutorial
[2024-10-06T04:25:19.896+0000] {logging_mixin.py:190} INFO - [2024-10-06T04:25:19.896+0000] {dag.py:3239} INFO - Sync 1 DAGs
[2024-10-06T04:25:19.907+0000] {logging_mixin.py:190} INFO - [2024-10-06T04:25:19.907+0000] {dag.py:3262} INFO - Creating ORM DAG for tutorial
[2024-10-06T04:25:19.915+0000] {logging_mixin.py:190} INFO - [2024-10-06T04:25:19.915+0000] {dag.py:4180} INFO - Setting next_dagrun for tutorial to 2024-10-05 00:00:00+00:00, run_after=2024-10-06 00:00:00+00:00
[2024-10-06T04:25:19.931+0000] {processor.py:208} INFO - Processing /home/airflow/.local/lib/python3.12/site-packages/airflow/example_dags/tutorial.py took 0.227 seconds
[2024-10-06T04:25:50.747+0000] {processor.py:186} INFO - Started process (PID=146) to work on /home/airflow/.local/lib/python3.12/site-packages/airflow/example_dags/tutorial.py
[2024-10-06T04:25:50.747+0000] {processor.py:914} INFO - Processing file /home/airflow/.local/lib/python3.12/site-packages/airflow/example_dags/tutorial.py for tasks to queue
[2024-10-06T04:25:50.749+0000] {logging_mixin.py:190} INFO - [2024-10-06T04:25:50.749+0000] {dagbag.py:588} INFO - Filling up the DagBag from /home/airflow/.local/lib/python3.12/site-packages/airflow/example_dags/tutorial.py
[2024-10-06T04:25:50.754+0000] {processor.py:925} INFO - DAG(s) 'tutorial' retrieved from /home/airflow/.local/lib/python3.12/site-packages/airflow/example_dags/tutorial.py
[2024-10-06T04:25:50.769+0000] {logging_mixin.py:190} INFO - [2024-10-06T04:25:50.769+0000] {dag.py:3239} INFO - Sync 1 DAGs
[2024-10-06T04:25:50.789+0000] {logging_mixin.py:190} INFO - [2024-10-06T04:25:50.789+0000] {dag.py:4180} INFO - Setting next_dagrun for tutorial to 2024-10-05 00:00:00+00:00, run_after=2024-10-06 00:00:00+00:00
[2024-10-06T04:25:50.964+0000] {processor.py:208} INFO - Processing /home/airflow/.local/lib/python3.12/site-packages/airflow/example_dags/tutorial.py took 0.222 seconds
[2024-10-06T04:26:21.150+0000] {processor.py:186} INFO - Started process (PID=208) to work on /home/airflow/.local/lib/python3.12/site-packages/airflow/example_dags/tutorial.py
[2024-10-06T04:26:21.150+0000] {processor.py:914} INFO - Processing file /home/airflow/.local/lib/python3.12/site-packages/airflow/example_dags/tutorial.py for tasks to queue
[2024-10-06T04:26:21.152+0000] {logging_mixin.py:190} INFO - [2024-10-06T04:26:21.152+0000] {dagbag.py:588} INFO - Filling up the DagBag from /home/airflow/.local/lib/python3.12/site-packages/airflow/example_dags/tutorial.py
[2024-10-06T04:26:21.157+0000] {processor.py:925} INFO - DAG(s) 'tutorial' retrieved from /home/airflow/.local/lib/python3.12/site-packages/airflow/example_dags/tutorial.py
[2024-10-06T04:26:21.174+0000] {logging_mixin.py:190} INFO - [2024-10-06T04:26:21.173+0000] {dag.py:3239} INFO - Sync 1 DAGs
[2024-10-06T04:26:21.197+0000] {logging_mixin.py:190} INFO - [2024-10-06T04:26:21.197+0000] {dag.py:4180} INFO - Setting next_dagrun for tutorial to 2024-10-05 00:00:00+00:00, run_after=2024-10-06 00:00:00+00:00
[2024-10-06T04:26:21.215+0000] {processor.py:208} INFO - Processing /home/airflow/.local/lib/python3.12/site-packages/airflow/example_dags/tutorial.py took 0.070 seconds
[2024-10-06T04:26:51.397+0000] {processor.py:186} INFO - Started process (PID=270) to work on /home/airflow/.local/lib/python3.12/site-packages/airflow/example_dags/tutorial.py
[2024-10-06T04:26:51.397+0000] {processor.py:914} INFO - Processing file /home/airflow/.local/lib/python3.12/site-packages/airflow/example_dags/tutorial.py for tasks to queue
[2024-10-06T04:26:51.399+0000] {logging_mixin.py:190} INFO - [2024-10-06T04:26:51.399+0000] {dagbag.py:588} INFO - Filling up the DagBag from /home/airflow/.local/lib/python3.12/site-packages/airflow/example_dags/tutorial.py
[2024-10-06T04:26:51.407+0000] {processor.py:925} INFO - DAG(s) 'tutorial' retrieved from /home/airflow/.local/lib/python3.12/site-packages/airflow/example_dags/tutorial.py
[2024-10-06T04:26:51.427+0000] {logging_mixin.py:190} INFO - [2024-10-06T04:26:51.427+0000] {dag.py:3239} INFO - Sync 1 DAGs
[2024-10-06T04:26:51.446+0000] {logging_mixin.py:190} INFO - [2024-10-06T04:26:51.446+0000] {dag.py:4180} INFO - Setting next_dagrun for tutorial to 2024-10-05 00:00:00+00:00, run_after=2024-10-06 00:00:00+00:00
[2024-10-06T04:26:51.468+0000] {processor.py:208} INFO - Processing /home/airflow/.local/lib/python3.12/site-packages/airflow/example_dags/tutorial.py took 0.078 seconds
[2024-10-06T04:27:21.906+0000] {processor.py:186} INFO - Started process (PID=332) to work on /home/airflow/.local/lib/python3.12/site-packages/airflow/example_dags/tutorial.py
[2024-10-06T04:27:21.907+0000] {processor.py:914} INFO - Processing file /home/airflow/.local/lib/python3.12/site-packages/airflow/example_dags/tutorial.py for tasks to queue
[2024-10-06T04:27:21.908+0000] {logging_mixin.py:190} INFO - [2024-10-06T04:27:21.908+0000] {dagbag.py:588} INFO - Filling up the DagBag from /home/airflow/.local/lib/python3.12/site-packages/airflow/example_dags/tutorial.py
[2024-10-06T04:27:21.914+0000] {processor.py:925} INFO - DAG(s) 'tutorial' retrieved from /home/airflow/.local/lib/python3.12/site-packages/airflow/example_dags/tutorial.py
[2024-10-06T04:27:21.931+0000] {logging_mixin.py:190} INFO - [2024-10-06T04:27:21.931+0000] {dag.py:3239} INFO - Sync 1 DAGs
[2024-10-06T04:27:21.951+0000] {logging_mixin.py:190} INFO - [2024-10-06T04:27:21.951+0000] {dag.py:4180} INFO - Setting next_dagrun for tutorial to 2024-10-05 00:00:00+00:00, run_after=2024-10-06 00:00:00+00:00
[2024-10-06T04:27:21.972+0000] {processor.py:208} INFO - Processing /home/airflow/.local/lib/python3.12/site-packages/airflow/example_dags/tutorial.py took 0.070 seconds
[2024-10-06T04:27:52.424+0000] {processor.py:186} INFO - Started process (PID=394) to work on /home/airflow/.local/lib/python3.12/site-packages/airflow/example_dags/tutorial.py
[2024-10-06T04:27:52.425+0000] {processor.py:914} INFO - Processing file /home/airflow/.local/lib/python3.12/site-packages/airflow/example_dags/tutorial.py for tasks to queue
[2024-10-06T04:27:52.427+0000] {logging_mixin.py:190} INFO - [2024-10-06T04:27:52.427+0000] {dagbag.py:588} INFO - Filling up the DagBag from /home/airflow/.local/lib/python3.12/site-packages/airflow/example_dags/tutorial.py
[2024-10-06T04:27:52.435+0000] {processor.py:925} INFO - DAG(s) 'tutorial' retrieved from /home/airflow/.local/lib/python3.12/site-packages/airflow/example_dags/tutorial.py
[2024-10-06T04:27:52.454+0000] {logging_mixin.py:190} INFO - [2024-10-06T04:27:52.454+0000] {dag.py:3239} INFO - Sync 1 DAGs
[2024-10-06T04:27:52.477+0000] {logging_mixin.py:190} INFO - [2024-10-06T04:27:52.477+0000] {dag.py:4180} INFO - Setting next_dagrun for tutorial to 2024-10-05 00:00:00+00:00, run_after=2024-10-06 00:00:00+00:00
[2024-10-06T04:27:52.500+0000] {processor.py:208} INFO - Processing /home/airflow/.local/lib/python3.12/site-packages/airflow/example_dags/tutorial.py took 0.082 seconds
[2024-10-06T04:28:22.602+0000] {processor.py:186} INFO - Started process (PID=457) to work on /home/airflow/.local/lib/python3.12/site-packages/airflow/example_dags/tutorial.py
[2024-10-06T04:28:22.602+0000] {processor.py:914} INFO - Processing file /home/airflow/.local/lib/python3.12/site-packages/airflow/example_dags/tutorial.py for tasks to queue
[2024-10-06T04:28:22.604+0000] {logging_mixin.py:190} INFO - [2024-10-06T04:28:22.604+0000] {dagbag.py:588} INFO - Filling up the DagBag from /home/airflow/.local/lib/python3.12/site-packages/airflow/example_dags/tutorial.py
[2024-10-06T04:28:22.611+0000] {processor.py:925} INFO - DAG(s) 'tutorial' retrieved from /home/airflow/.local/lib/python3.12/site-packages/airflow/example_dags/tutorial.py
[2024-10-06T04:28:22.628+0000] {logging_mixin.py:190} INFO - [2024-10-06T04:28:22.628+0000] {dag.py:3239} INFO - Sync 1 DAGs
[2024-10-06T04:28:22.646+0000] {logging_mixin.py:190} INFO - [2024-10-06T04:28:22.646+0000] {dag.py:4180} INFO - Setting next_dagrun for tutorial to 2024-10-05 00:00:00+00:00, run_after=2024-10-06 00:00:00+00:00
[2024-10-06T04:28:22.674+0000] {processor.py:208} INFO - Processing /home/airflow/.local/lib/python3.12/site-packages/airflow/example_dags/tutorial.py took 0.077 seconds
[2024-10-06T04:28:52.928+0000] {processor.py:186} INFO - Started process (PID=519) to work on /home/airflow/.local/lib/python3.12/site-packages/airflow/example_dags/tutorial.py
[2024-10-06T04:28:52.928+0000] {processor.py:914} INFO - Processing file /home/airflow/.local/lib/python3.12/site-packages/airflow/example_dags/tutorial.py for tasks to queue
[2024-10-06T04:28:52.930+0000] {logging_mixin.py:190} INFO - [2024-10-06T04:28:52.929+0000] {dagbag.py:588} INFO - Filling up the DagBag from /home/airflow/.local/lib/python3.12/site-packages/airflow/example_dags/tutorial.py
[2024-10-06T04:28:52.935+0000] {processor.py:925} INFO - DAG(s) 'tutorial' retrieved from /home/airflow/.local/lib/python3.12/site-packages/airflow/example_dags/tutorial.py
[2024-10-06T04:28:52.953+0000] {logging_mixin.py:190} INFO - [2024-10-06T04:28:52.953+0000] {dag.py:3239} INFO - Sync 1 DAGs
[2024-10-06T04:28:52.975+0000] {logging_mixin.py:190} INFO - [2024-10-06T04:28:52.975+0000] {dag.py:4180} INFO - Setting next_dagrun for tutorial to 2024-10-05 00:00:00+00:00, run_after=2024-10-06 00:00:00+00:00
[2024-10-06T04:28:52.993+0000] {processor.py:208} INFO - Processing /home/airflow/.local/lib/python3.12/site-packages/airflow/example_dags/tutorial.py took 0.070 seconds
[2024-10-06T04:29:23.090+0000] {processor.py:186} INFO - Started process (PID=580) to work on /home/airflow/.local/lib/python3.12/site-packages/airflow/example_dags/tutorial.py
[2024-10-06T04:29:23.091+0000] {processor.py:914} INFO - Processing file /home/airflow/.local/lib/python3.12/site-packages/airflow/example_dags/tutorial.py for tasks to queue
[2024-10-06T04:29:23.093+0000] {logging_mixin.py:190} INFO - [2024-10-06T04:29:23.092+0000] {dagbag.py:588} INFO - Filling up the DagBag from /home/airflow/.local/lib/python3.12/site-packages/airflow/example_dags/tutorial.py
[2024-10-06T04:29:23.099+0000] {processor.py:925} INFO - DAG(s) 'tutorial' retrieved from /home/airflow/.local/lib/python3.12/site-packages/airflow/example_dags/tutorial.py
[2024-10-06T04:29:23.114+0000] {logging_mixin.py:190} INFO - [2024-10-06T04:29:23.114+0000] {dag.py:3239} INFO - Sync 1 DAGs
[2024-10-06T04:29:23.132+0000] {logging_mixin.py:190} INFO - [2024-10-06T04:29:23.132+0000] {dag.py:4180} INFO - Setting next_dagrun for tutorial to 2024-10-05 00:00:00+00:00, run_after=2024-10-06 00:00:00+00:00
[2024-10-06T04:29:23.149+0000] {processor.py:208} INFO - Processing /home/airflow/.local/lib/python3.12/site-packages/airflow/example_dags/tutorial.py took 0.064 seconds
[2024-10-06T04:29:53.259+0000] {processor.py:186} INFO - Started process (PID=642) to work on /home/airflow/.local/lib/python3.12/site-packages/airflow/example_dags/tutorial.py
[2024-10-06T04:29:53.259+0000] {processor.py:914} INFO - Processing file /home/airflow/.local/lib/python3.12/site-packages/airflow/example_dags/tutorial.py for tasks to queue
[2024-10-06T04:29:53.261+0000] {logging_mixin.py:190} INFO - [2024-10-06T04:29:53.261+0000] {dagbag.py:588} INFO - Filling up the DagBag from /home/airflow/.local/lib/python3.12/site-packages/airflow/example_dags/tutorial.py
[2024-10-06T04:29:53.267+0000] {processor.py:925} INFO - DAG(s) 'tutorial' retrieved from /home/airflow/.local/lib/python3.12/site-packages/airflow/example_dags/tutorial.py
[2024-10-06T04:29:53.284+0000] {logging_mixin.py:190} INFO - [2024-10-06T04:29:53.283+0000] {dag.py:3239} INFO - Sync 1 DAGs
[2024-10-06T04:29:53.306+0000] {logging_mixin.py:190} INFO - [2024-10-06T04:29:53.306+0000] {dag.py:4180} INFO - Setting next_dagrun for tutorial to 2024-10-05 00:00:00+00:00, run_after=2024-10-06 00:00:00+00:00
[2024-10-06T04:29:53.326+0000] {processor.py:208} INFO - Processing /home/airflow/.local/lib/python3.12/site-packages/airflow/example_dags/tutorial.py took 0.071 seconds
[2024-10-06T04:30:23.463+0000] {processor.py:186} INFO - Started process (PID=705) to work on /home/airflow/.local/lib/python3.12/site-packages/airflow/example_dags/tutorial.py
[2024-10-06T04:30:23.463+0000] {processor.py:914} INFO - Processing file /home/airflow/.local/lib/python3.12/site-packages/airflow/example_dags/tutorial.py for tasks to queue
[2024-10-06T04:30:23.465+0000] {logging_mixin.py:190} INFO - [2024-10-06T04:30:23.465+0000] {dagbag.py:588} INFO - Filling up the DagBag from /home/airflow/.local/lib/python3.12/site-packages/airflow/example_dags/tutorial.py
[2024-10-06T04:30:23.471+0000] {processor.py:925} INFO - DAG(s) 'tutorial' retrieved from /home/airflow/.local/lib/python3.12/site-packages/airflow/example_dags/tutorial.py
[2024-10-06T04:30:23.488+0000] {logging_mixin.py:190} INFO - [2024-10-06T04:30:23.488+0000] {dag.py:3239} INFO - Sync 1 DAGs
[2024-10-06T04:30:23.511+0000] {logging_mixin.py:190} INFO - [2024-10-06T04:30:23.510+0000] {dag.py:4180} INFO - Setting next_dagrun for tutorial to 2024-10-05 00:00:00+00:00, run_after=2024-10-06 00:00:00+00:00
[2024-10-06T04:30:23.529+0000] {processor.py:208} INFO - Processing /home/airflow/.local/lib/python3.12/site-packages/airflow/example_dags/tutorial.py took 0.071 seconds
[2024-10-06T04:30:53.814+0000] {processor.py:186} INFO - Started process (PID=768) to work on /home/airflow/.local/lib/python3.12/site-packages/airflow/example_dags/tutorial.py
[2024-10-06T04:30:53.815+0000] {processor.py:914} INFO - Processing file /home/airflow/.local/lib/python3.12/site-packages/airflow/example_dags/tutorial.py for tasks to queue
[2024-10-06T04:30:53.816+0000] {logging_mixin.py:190} INFO - [2024-10-06T04:30:53.816+0000] {dagbag.py:588} INFO - Filling up the DagBag from /home/airflow/.local/lib/python3.12/site-packages/airflow/example_dags/tutorial.py
[2024-10-06T04:30:53.823+0000] {processor.py:925} INFO - DAG(s) 'tutorial' retrieved from /home/airflow/.local/lib/python3.12/site-packages/airflow/example_dags/tutorial.py
[2024-10-06T04:30:53.839+0000] {logging_mixin.py:190} INFO - [2024-10-06T04:30:53.839+0000] {dag.py:3239} INFO - Sync 1 DAGs
[2024-10-06T04:30:53.862+0000] {logging_mixin.py:190} INFO - [2024-10-06T04:30:53.861+0000] {dag.py:4180} INFO - Setting next_dagrun for tutorial to 2024-10-05 00:00:00+00:00, run_after=2024-10-06 00:00:00+00:00
[2024-10-06T04:30:53.884+0000] {processor.py:208} INFO - Processing /home/airflow/.local/lib/python3.12/site-packages/airflow/example_dags/tutorial.py took 0.074 seconds
[2024-10-06T04:31:24.087+0000] {processor.py:186} INFO - Started process (PID=831) to work on /home/airflow/.local/lib/python3.12/site-packages/airflow/example_dags/tutorial.py
[2024-10-06T04:31:24.088+0000] {processor.py:914} INFO - Processing file /home/airflow/.local/lib/python3.12/site-packages/airflow/example_dags/tutorial.py for tasks to queue
[2024-10-06T04:31:24.091+0000] {logging_mixin.py:190} INFO - [2024-10-06T04:31:24.090+0000] {dagbag.py:588} INFO - Filling up the DagBag from /home/airflow/.local/lib/python3.12/site-packages/airflow/example_dags/tutorial.py
[2024-10-06T04:31:24.099+0000] {processor.py:925} INFO - DAG(s) 'tutorial' retrieved from /home/airflow/.local/lib/python3.12/site-packages/airflow/example_dags/tutorial.py
[2024-10-06T04:31:24.116+0000] {logging_mixin.py:190} INFO - [2024-10-06T04:31:24.115+0000] {dag.py:3239} INFO - Sync 1 DAGs
[2024-10-06T04:31:24.133+0000] {logging_mixin.py:190} INFO - [2024-10-06T04:31:24.133+0000] {dag.py:4180} INFO - Setting next_dagrun for tutorial to 2024-10-05 00:00:00+00:00, run_after=2024-10-06 00:00:00+00:00
[2024-10-06T04:31:24.159+0000] {processor.py:208} INFO - Processing /home/airflow/.local/lib/python3.12/site-packages/airflow/example_dags/tutorial.py took 0.077 seconds
[2024-10-06T04:31:54.221+0000] {processor.py:186} INFO - Started process (PID=894) to work on /home/airflow/.local/lib/python3.12/site-packages/airflow/example_dags/tutorial.py
[2024-10-06T04:31:54.221+0000] {processor.py:914} INFO - Processing file /home/airflow/.local/lib/python3.12/site-packages/airflow/example_dags/tutorial.py for tasks to queue
[2024-10-06T04:31:54.223+0000] {logging_mixin.py:190} INFO - [2024-10-06T04:31:54.223+0000] {dagbag.py:588} INFO - Filling up the DagBag from /home/airflow/.local/lib/python3.12/site-packages/airflow/example_dags/tutorial.py
[2024-10-06T04:31:54.229+0000] {processor.py:925} INFO - DAG(s) 'tutorial' retrieved from /home/airflow/.local/lib/python3.12/site-packages/airflow/example_dags/tutorial.py
[2024-10-06T04:31:54.244+0000] {logging_mixin.py:190} INFO - [2024-10-06T04:31:54.244+0000] {dag.py:3239} INFO - Sync 1 DAGs
[2024-10-06T04:31:54.264+0000] {logging_mixin.py:190} INFO - [2024-10-06T04:31:54.264+0000] {dag.py:4180} INFO - Setting next_dagrun for tutorial to 2024-10-05 00:00:00+00:00, run_after=2024-10-06 00:00:00+00:00
[2024-10-06T04:31:54.284+0000] {processor.py:208} INFO - Processing /home/airflow/.local/lib/python3.12/site-packages/airflow/example_dags/tutorial.py took 0.067 seconds
[2024-10-06T04:32:24.434+0000] {processor.py:186} INFO - Started process (PID=957) to work on /home/airflow/.local/lib/python3.12/site-packages/airflow/example_dags/tutorial.py
[2024-10-06T04:32:24.435+0000] {processor.py:914} INFO - Processing file /home/airflow/.local/lib/python3.12/site-packages/airflow/example_dags/tutorial.py for tasks to queue
[2024-10-06T04:32:24.439+0000] {logging_mixin.py:190} INFO - [2024-10-06T04:32:24.439+0000] {dagbag.py:588} INFO - Filling up the DagBag from /home/airflow/.local/lib/python3.12/site-packages/airflow/example_dags/tutorial.py
[2024-10-06T04:32:24.445+0000] {processor.py:925} INFO - DAG(s) 'tutorial' retrieved from /home/airflow/.local/lib/python3.12/site-packages/airflow/example_dags/tutorial.py
[2024-10-06T04:32:24.465+0000] {logging_mixin.py:190} INFO - [2024-10-06T04:32:24.464+0000] {dag.py:3239} INFO - Sync 1 DAGs
[2024-10-06T04:32:24.488+0000] {logging_mixin.py:190} INFO - [2024-10-06T04:32:24.488+0000] {dag.py:4180} INFO - Setting next_dagrun for tutorial to 2024-10-05 00:00:00+00:00, run_after=2024-10-06 00:00:00+00:00
[2024-10-06T04:32:24.505+0000] {processor.py:208} INFO - Processing /home/airflow/.local/lib/python3.12/site-packages/airflow/example_dags/tutorial.py took 0.077 seconds
[2024-10-06T04:32:54.785+0000] {processor.py:186} INFO - Started process (PID=1020) to work on /home/airflow/.local/lib/python3.12/site-packages/airflow/example_dags/tutorial.py
[2024-10-06T04:32:54.786+0000] {processor.py:914} INFO - Processing file /home/airflow/.local/lib/python3.12/site-packages/airflow/example_dags/tutorial.py for tasks to queue
[2024-10-06T04:32:54.788+0000] {logging_mixin.py:190} INFO - [2024-10-06T04:32:54.787+0000] {dagbag.py:588} INFO - Filling up the DagBag from /home/airflow/.local/lib/python3.12/site-packages/airflow/example_dags/tutorial.py
[2024-10-06T04:32:54.793+0000] {processor.py:925} INFO - DAG(s) 'tutorial' retrieved from /home/airflow/.local/lib/python3.12/site-packages/airflow/example_dags/tutorial.py
[2024-10-06T04:32:54.808+0000] {logging_mixin.py:190} INFO - [2024-10-06T04:32:54.808+0000] {dag.py:3239} INFO - Sync 1 DAGs
[2024-10-06T04:32:54.826+0000] {logging_mixin.py:190} INFO - [2024-10-06T04:32:54.826+0000] {dag.py:4180} INFO - Setting next_dagrun for tutorial to 2024-10-05 00:00:00+00:00, run_after=2024-10-06 00:00:00+00:00
[2024-10-06T04:32:54.858+0000] {processor.py:208} INFO - Processing /home/airflow/.local/lib/python3.12/site-packages/airflow/example_dags/tutorial.py took 0.077 seconds
[2024-10-06T04:33:25.094+0000] {processor.py:186} INFO - Started process (PID=1083) to work on /home/airflow/.local/lib/python3.12/site-packages/airflow/example_dags/tutorial.py
[2024-10-06T04:33:25.094+0000] {processor.py:914} INFO - Processing file /home/airflow/.local/lib/python3.12/site-packages/airflow/example_dags/tutorial.py for tasks to queue
[2024-10-06T04:33:25.096+0000] {logging_mixin.py:190} INFO - [2024-10-06T04:33:25.096+0000] {dagbag.py:588} INFO - Filling up the DagBag from /home/airflow/.local/lib/python3.12/site-packages/airflow/example_dags/tutorial.py
[2024-10-06T04:33:25.102+0000] {processor.py:925} INFO - DAG(s) 'tutorial' retrieved from /home/airflow/.local/lib/python3.12/site-packages/airflow/example_dags/tutorial.py
[2024-10-06T04:33:25.117+0000] {logging_mixin.py:190} INFO - [2024-10-06T04:33:25.116+0000] {dag.py:3239} INFO - Sync 1 DAGs
[2024-10-06T04:33:25.134+0000] {logging_mixin.py:190} INFO - [2024-10-06T04:33:25.133+0000] {dag.py:4180} INFO - Setting next_dagrun for tutorial to 2024-10-05 00:00:00+00:00, run_after=2024-10-06 00:00:00+00:00
[2024-10-06T04:33:25.154+0000] {processor.py:208} INFO - Processing /home/airflow/.local/lib/python3.12/site-packages/airflow/example_dags/tutorial.py took 0.064 seconds
[2024-10-06T04:33:55.353+0000] {processor.py:186} INFO - Started process (PID=1146) to work on /home/airflow/.local/lib/python3.12/site-packages/airflow/example_dags/tutorial.py
[2024-10-06T04:33:55.354+0000] {processor.py:914} INFO - Processing file /home/airflow/.local/lib/python3.12/site-packages/airflow/example_dags/tutorial.py for tasks to queue
[2024-10-06T04:33:55.356+0000] {logging_mixin.py:190} INFO - [2024-10-06T04:33:55.356+0000] {dagbag.py:588} INFO - Filling up the DagBag from /home/airflow/.local/lib/python3.12/site-packages/airflow/example_dags/tutorial.py
[2024-10-06T04:33:55.364+0000] {processor.py:925} INFO - DAG(s) 'tutorial' retrieved from /home/airflow/.local/lib/python3.12/site-packages/airflow/example_dags/tutorial.py
[2024-10-06T04:33:55.385+0000] {logging_mixin.py:190} INFO - [2024-10-06T04:33:55.385+0000] {dag.py:3239} INFO - Sync 1 DAGs
[2024-10-06T04:33:55.411+0000] {logging_mixin.py:190} INFO - [2024-10-06T04:33:55.411+0000] {dag.py:4180} INFO - Setting next_dagrun for tutorial to 2024-10-05 00:00:00+00:00, run_after=2024-10-06 00:00:00+00:00
[2024-10-06T04:33:55.431+0000] {processor.py:208} INFO - Processing /home/airflow/.local/lib/python3.12/site-packages/airflow/example_dags/tutorial.py took 0.084 seconds
[2024-10-06T04:34:25.743+0000] {processor.py:186} INFO - Started process (PID=1209) to work on /home/airflow/.local/lib/python3.12/site-packages/airflow/example_dags/tutorial.py
[2024-10-06T04:34:25.743+0000] {processor.py:914} INFO - Processing file /home/airflow/.local/lib/python3.12/site-packages/airflow/example_dags/tutorial.py for tasks to queue
[2024-10-06T04:34:25.745+0000] {logging_mixin.py:190} INFO - [2024-10-06T04:34:25.745+0000] {dagbag.py:588} INFO - Filling up the DagBag from /home/airflow/.local/lib/python3.12/site-packages/airflow/example_dags/tutorial.py
[2024-10-06T04:34:25.750+0000] {processor.py:925} INFO - DAG(s) 'tutorial' retrieved from /home/airflow/.local/lib/python3.12/site-packages/airflow/example_dags/tutorial.py
[2024-10-06T04:34:25.768+0000] {logging_mixin.py:190} INFO - [2024-10-06T04:34:25.767+0000] {dag.py:3239} INFO - Sync 1 DAGs
[2024-10-06T04:34:25.794+0000] {logging_mixin.py:190} INFO - [2024-10-06T04:34:25.794+0000] {dag.py:4180} INFO - Setting next_dagrun for tutorial to 2024-10-05 00:00:00+00:00, run_after=2024-10-06 00:00:00+00:00
[2024-10-06T04:34:25.813+0000] {processor.py:208} INFO - Processing /home/airflow/.local/lib/python3.12/site-packages/airflow/example_dags/tutorial.py took 0.074 seconds
[2024-10-06T04:34:56.093+0000] {processor.py:186} INFO - Started process (PID=1272) to work on /home/airflow/.local/lib/python3.12/site-packages/airflow/example_dags/tutorial.py
[2024-10-06T04:34:56.093+0000] {processor.py:914} INFO - Processing file /home/airflow/.local/lib/python3.12/site-packages/airflow/example_dags/tutorial.py for tasks to queue
[2024-10-06T04:34:56.095+0000] {logging_mixin.py:190} INFO - [2024-10-06T04:34:56.095+0000] {dagbag.py:588} INFO - Filling up the DagBag from /home/airflow/.local/lib/python3.12/site-packages/airflow/example_dags/tutorial.py
[2024-10-06T04:34:56.102+0000] {processor.py:925} INFO - DAG(s) 'tutorial' retrieved from /home/airflow/.local/lib/python3.12/site-packages/airflow/example_dags/tutorial.py
[2024-10-06T04:34:56.122+0000] {logging_mixin.py:190} INFO - [2024-10-06T04:34:56.121+0000] {dag.py:3239} INFO - Sync 1 DAGs
[2024-10-06T04:34:56.146+0000] {logging_mixin.py:190} INFO - [2024-10-06T04:34:56.146+0000] {dag.py:4180} INFO - Setting next_dagrun for tutorial to 2024-10-05 00:00:00+00:00, run_after=2024-10-06 00:00:00+00:00
[2024-10-06T04:34:56.165+0000] {processor.py:208} INFO - Processing /home/airflow/.local/lib/python3.12/site-packages/airflow/example_dags/tutorial.py took 0.078 seconds
[2024-10-06T04:35:26.387+0000] {processor.py:186} INFO - Started process (PID=1335) to work on /home/airflow/.local/lib/python3.12/site-packages/airflow/example_dags/tutorial.py
[2024-10-06T04:35:26.387+0000] {processor.py:914} INFO - Processing file /home/airflow/.local/lib/python3.12/site-packages/airflow/example_dags/tutorial.py for tasks to queue
[2024-10-06T04:35:26.389+0000] {logging_mixin.py:190} INFO - [2024-10-06T04:35:26.388+0000] {dagbag.py:588} INFO - Filling up the DagBag from /home/airflow/.local/lib/python3.12/site-packages/airflow/example_dags/tutorial.py
[2024-10-06T04:35:26.394+0000] {processor.py:925} INFO - DAG(s) 'tutorial' retrieved from /home/airflow/.local/lib/python3.12/site-packages/airflow/example_dags/tutorial.py
[2024-10-06T04:35:26.411+0000] {logging_mixin.py:190} INFO - [2024-10-06T04:35:26.411+0000] {dag.py:3239} INFO - Sync 1 DAGs
[2024-10-06T04:35:26.432+0000] {logging_mixin.py:190} INFO - [2024-10-06T04:35:26.432+0000] {dag.py:4180} INFO - Setting next_dagrun for tutorial to 2024-10-05 00:00:00+00:00, run_after=2024-10-06 00:00:00+00:00
[2024-10-06T04:35:26.458+0000] {processor.py:208} INFO - Processing /home/airflow/.local/lib/python3.12/site-packages/airflow/example_dags/tutorial.py took 0.075 seconds
[2024-10-06T04:35:56.792+0000] {processor.py:186} INFO - Started process (PID=1398) to work on /home/airflow/.local/lib/python3.12/site-packages/airflow/example_dags/tutorial.py
[2024-10-06T04:35:56.793+0000] {processor.py:914} INFO - Processing file /home/airflow/.local/lib/python3.12/site-packages/airflow/example_dags/tutorial.py for tasks to queue
[2024-10-06T04:35:56.794+0000] {logging_mixin.py:190} INFO - [2024-10-06T04:35:56.794+0000] {dagbag.py:588} INFO - Filling up the DagBag from /home/airflow/.local/lib/python3.12/site-packages/airflow/example_dags/tutorial.py
[2024-10-06T04:35:56.800+0000] {processor.py:925} INFO - DAG(s) 'tutorial' retrieved from /home/airflow/.local/lib/python3.12/site-packages/airflow/example_dags/tutorial.py
[2024-10-06T04:35:56.816+0000] {logging_mixin.py:190} INFO - [2024-10-06T04:35:56.816+0000] {dag.py:3239} INFO - Sync 1 DAGs
[2024-10-06T04:35:56.834+0000] {logging_mixin.py:190} INFO - [2024-10-06T04:35:56.834+0000] {dag.py:4180} INFO - Setting next_dagrun for tutorial to 2024-10-05 00:00:00+00:00, run_after=2024-10-06 00:00:00+00:00
[2024-10-06T04:35:56.852+0000] {processor.py:208} INFO - Processing /home/airflow/.local/lib/python3.12/site-packages/airflow/example_dags/tutorial.py took 0.064 seconds
[2024-10-06T04:36:26.897+0000] {processor.py:186} INFO - Started process (PID=1462) to work on /home/airflow/.local/lib/python3.12/site-packages/airflow/example_dags/tutorial.py
[2024-10-06T04:36:26.898+0000] {processor.py:914} INFO - Processing file /home/airflow/.local/lib/python3.12/site-packages/airflow/example_dags/tutorial.py for tasks to queue
[2024-10-06T04:36:26.899+0000] {logging_mixin.py:190} INFO - [2024-10-06T04:36:26.899+0000] {dagbag.py:588} INFO - Filling up the DagBag from /home/airflow/.local/lib/python3.12/site-packages/airflow/example_dags/tutorial.py
[2024-10-06T04:36:26.905+0000] {processor.py:925} INFO - DAG(s) 'tutorial' retrieved from /home/airflow/.local/lib/python3.12/site-packages/airflow/example_dags/tutorial.py
[2024-10-06T04:36:26.922+0000] {logging_mixin.py:190} INFO - [2024-10-06T04:36:26.922+0000] {dag.py:3239} INFO - Sync 1 DAGs
[2024-10-06T04:36:26.945+0000] {logging_mixin.py:190} INFO - [2024-10-06T04:36:26.945+0000] {dag.py:4180} INFO - Setting next_dagrun for tutorial to 2024-10-05 00:00:00+00:00, run_after=2024-10-06 00:00:00+00:00
[2024-10-06T04:36:26.974+0000] {processor.py:208} INFO - Processing /home/airflow/.local/lib/python3.12/site-packages/airflow/example_dags/tutorial.py took 0.081 seconds
[2024-10-06T04:36:57.164+0000] {processor.py:186} INFO - Started process (PID=1527) to work on /home/airflow/.local/lib/python3.12/site-packages/airflow/example_dags/tutorial.py
[2024-10-06T04:36:57.164+0000] {processor.py:914} INFO - Processing file /home/airflow/.local/lib/python3.12/site-packages/airflow/example_dags/tutorial.py for tasks to queue
[2024-10-06T04:36:57.166+0000] {logging_mixin.py:190} INFO - [2024-10-06T04:36:57.166+0000] {dagbag.py:588} INFO - Filling up the DagBag from /home/airflow/.local/lib/python3.12/site-packages/airflow/example_dags/tutorial.py
[2024-10-06T04:36:57.172+0000] {processor.py:925} INFO - DAG(s) 'tutorial' retrieved from /home/airflow/.local/lib/python3.12/site-packages/airflow/example_dags/tutorial.py
[2024-10-06T04:36:57.189+0000] {logging_mixin.py:190} INFO - [2024-10-06T04:36:57.189+0000] {dag.py:3239} INFO - Sync 1 DAGs
[2024-10-06T04:36:57.211+0000] {logging_mixin.py:190} INFO - [2024-10-06T04:36:57.210+0000] {dag.py:4180} INFO - Setting next_dagrun for tutorial to 2024-10-05 00:00:00+00:00, run_after=2024-10-06 00:00:00+00:00
[2024-10-06T04:36:57.229+0000] {processor.py:208} INFO - Processing /home/airflow/.local/lib/python3.12/site-packages/airflow/example_dags/tutorial.py took 0.070 seconds
[2024-10-06T04:37:27.706+0000] {processor.py:186} INFO - Started process (PID=1590) to work on /home/airflow/.local/lib/python3.12/site-packages/airflow/example_dags/tutorial.py
[2024-10-06T04:37:27.706+0000] {processor.py:914} INFO - Processing file /home/airflow/.local/lib/python3.12/site-packages/airflow/example_dags/tutorial.py for tasks to queue
[2024-10-06T04:37:27.708+0000] {logging_mixin.py:190} INFO - [2024-10-06T04:37:27.708+0000] {dagbag.py:588} INFO - Filling up the DagBag from /home/airflow/.local/lib/python3.12/site-packages/airflow/example_dags/tutorial.py
[2024-10-06T04:37:27.713+0000] {processor.py:925} INFO - DAG(s) 'tutorial' retrieved from /home/airflow/.local/lib/python3.12/site-packages/airflow/example_dags/tutorial.py
[2024-10-06T04:37:27.731+0000] {logging_mixin.py:190} INFO - [2024-10-06T04:37:27.731+0000] {dag.py:3239} INFO - Sync 1 DAGs
[2024-10-06T04:37:27.753+0000] {logging_mixin.py:190} INFO - [2024-10-06T04:37:27.752+0000] {dag.py:4180} INFO - Setting next_dagrun for tutorial to 2024-10-05 00:00:00+00:00, run_after=2024-10-06 00:00:00+00:00
[2024-10-06T04:37:27.770+0000] {processor.py:208} INFO - Processing /home/airflow/.local/lib/python3.12/site-packages/airflow/example_dags/tutorial.py took 0.069 seconds
[2024-10-06T04:37:57.946+0000] {processor.py:186} INFO - Started process (PID=1652) to work on /home/airflow/.local/lib/python3.12/site-packages/airflow/example_dags/tutorial.py
[2024-10-06T04:37:57.946+0000] {processor.py:914} INFO - Processing file /home/airflow/.local/lib/python3.12/site-packages/airflow/example_dags/tutorial.py for tasks to queue
[2024-10-06T04:37:57.948+0000] {logging_mixin.py:190} INFO - [2024-10-06T04:37:57.948+0000] {dagbag.py:588} INFO - Filling up the DagBag from /home/airflow/.local/lib/python3.12/site-packages/airflow/example_dags/tutorial.py
[2024-10-06T04:37:57.953+0000] {processor.py:925} INFO - DAG(s) 'tutorial' retrieved from /home/airflow/.local/lib/python3.12/site-packages/airflow/example_dags/tutorial.py
[2024-10-06T04:37:57.967+0000] {logging_mixin.py:190} INFO - [2024-10-06T04:37:57.967+0000] {dag.py:3239} INFO - Sync 1 DAGs
[2024-10-06T04:37:57.985+0000] {logging_mixin.py:190} INFO - [2024-10-06T04:37:57.985+0000] {dag.py:4180} INFO - Setting next_dagrun for tutorial to 2024-10-05 00:00:00+00:00, run_after=2024-10-06 00:00:00+00:00
[2024-10-06T04:37:58.032+0000] {processor.py:208} INFO - Processing /home/airflow/.local/lib/python3.12/site-packages/airflow/example_dags/tutorial.py took 0.091 seconds
[2024-10-06T04:38:28.425+0000] {processor.py:186} INFO - Started process (PID=1715) to work on /home/airflow/.local/lib/python3.12/site-packages/airflow/example_dags/tutorial.py
[2024-10-06T04:38:28.426+0000] {processor.py:914} INFO - Processing file /home/airflow/.local/lib/python3.12/site-packages/airflow/example_dags/tutorial.py for tasks to queue
[2024-10-06T04:38:28.427+0000] {logging_mixin.py:190} INFO - [2024-10-06T04:38:28.426+0000] {dagbag.py:588} INFO - Filling up the DagBag from /home/airflow/.local/lib/python3.12/site-packages/airflow/example_dags/tutorial.py
[2024-10-06T04:38:28.433+0000] {processor.py:925} INFO - DAG(s) 'tutorial' retrieved from /home/airflow/.local/lib/python3.12/site-packages/airflow/example_dags/tutorial.py
[2024-10-06T04:38:28.448+0000] {logging_mixin.py:190} INFO - [2024-10-06T04:38:28.448+0000] {dag.py:3239} INFO - Sync 1 DAGs
[2024-10-06T04:38:28.466+0000] {logging_mixin.py:190} INFO - [2024-10-06T04:38:28.465+0000] {dag.py:4180} INFO - Setting next_dagrun for tutorial to 2024-10-05 00:00:00+00:00, run_after=2024-10-06 00:00:00+00:00
[2024-10-06T04:38:28.484+0000] {processor.py:208} INFO - Processing /home/airflow/.local/lib/python3.12/site-packages/airflow/example_dags/tutorial.py took 0.063 seconds
[2024-10-06T04:38:58.727+0000] {processor.py:186} INFO - Started process (PID=1778) to work on /home/airflow/.local/lib/python3.12/site-packages/airflow/example_dags/tutorial.py
[2024-10-06T04:38:58.727+0000] {processor.py:914} INFO - Processing file /home/airflow/.local/lib/python3.12/site-packages/airflow/example_dags/tutorial.py for tasks to queue
[2024-10-06T04:38:58.728+0000] {logging_mixin.py:190} INFO - [2024-10-06T04:38:58.728+0000] {dagbag.py:588} INFO - Filling up the DagBag from /home/airflow/.local/lib/python3.12/site-packages/airflow/example_dags/tutorial.py
[2024-10-06T04:38:58.735+0000] {processor.py:925} INFO - DAG(s) 'tutorial' retrieved from /home/airflow/.local/lib/python3.12/site-packages/airflow/example_dags/tutorial.py
[2024-10-06T04:38:58.748+0000] {logging_mixin.py:190} INFO - [2024-10-06T04:38:58.748+0000] {dag.py:3239} INFO - Sync 1 DAGs
[2024-10-06T04:38:58.765+0000] {logging_mixin.py:190} INFO - [2024-10-06T04:38:58.765+0000] {dag.py:4180} INFO - Setting next_dagrun for tutorial to 2024-10-05 00:00:00+00:00, run_after=2024-10-06 00:00:00+00:00
[2024-10-06T04:38:58.784+0000] {processor.py:208} INFO - Processing /home/airflow/.local/lib/python3.12/site-packages/airflow/example_dags/tutorial.py took 0.062 seconds
[2024-10-06T04:39:29.838+0000] {processor.py:186} INFO - Started process (PID=1842) to work on /home/airflow/.local/lib/python3.12/site-packages/airflow/example_dags/tutorial.py
[2024-10-06T04:39:29.839+0000] {processor.py:914} INFO - Processing file /home/airflow/.local/lib/python3.12/site-packages/airflow/example_dags/tutorial.py for tasks to queue
[2024-10-06T04:39:29.840+0000] {logging_mixin.py:190} INFO - [2024-10-06T04:39:29.840+0000] {dagbag.py:588} INFO - Filling up the DagBag from /home/airflow/.local/lib/python3.12/site-packages/airflow/example_dags/tutorial.py
[2024-10-06T04:39:29.850+0000] {processor.py:925} INFO - DAG(s) 'tutorial' retrieved from /home/airflow/.local/lib/python3.12/site-packages/airflow/example_dags/tutorial.py
[2024-10-06T04:39:29.867+0000] {logging_mixin.py:190} INFO - [2024-10-06T04:39:29.867+0000] {dag.py:3239} INFO - Sync 1 DAGs
[2024-10-06T04:39:29.888+0000] {logging_mixin.py:190} INFO - [2024-10-06T04:39:29.888+0000] {dag.py:4180} INFO - Setting next_dagrun for tutorial to 2024-10-05 00:00:00+00:00, run_after=2024-10-06 00:00:00+00:00
[2024-10-06T04:39:29.909+0000] {processor.py:208} INFO - Processing /home/airflow/.local/lib/python3.12/site-packages/airflow/example_dags/tutorial.py took 0.081 seconds
[2024-10-06T04:39:59.978+0000] {processor.py:186} INFO - Started process (PID=1904) to work on /home/airflow/.local/lib/python3.12/site-packages/airflow/example_dags/tutorial.py
[2024-10-06T04:39:59.978+0000] {processor.py:914} INFO - Processing file /home/airflow/.local/lib/python3.12/site-packages/airflow/example_dags/tutorial.py for tasks to queue
[2024-10-06T04:39:59.979+0000] {logging_mixin.py:190} INFO - [2024-10-06T04:39:59.979+0000] {dagbag.py:588} INFO - Filling up the DagBag from /home/airflow/.local/lib/python3.12/site-packages/airflow/example_dags/tutorial.py
[2024-10-06T04:39:59.986+0000] {processor.py:925} INFO - DAG(s) 'tutorial' retrieved from /home/airflow/.local/lib/python3.12/site-packages/airflow/example_dags/tutorial.py
[2024-10-06T04:40:00.004+0000] {logging_mixin.py:190} INFO - [2024-10-06T04:40:00.004+0000] {dag.py:3239} INFO - Sync 1 DAGs
[2024-10-06T04:40:00.022+0000] {logging_mixin.py:190} INFO - [2024-10-06T04:40:00.022+0000] {dag.py:4180} INFO - Setting next_dagrun for tutorial to 2024-10-05 00:00:00+00:00, run_after=2024-10-06 00:00:00+00:00
[2024-10-06T04:40:00.040+0000] {processor.py:208} INFO - Processing /home/airflow/.local/lib/python3.12/site-packages/airflow/example_dags/tutorial.py took 0.067 seconds
[2024-10-06T04:40:30.183+0000] {processor.py:186} INFO - Started process (PID=1967) to work on /home/airflow/.local/lib/python3.12/site-packages/airflow/example_dags/tutorial.py
[2024-10-06T04:40:30.184+0000] {processor.py:914} INFO - Processing file /home/airflow/.local/lib/python3.12/site-packages/airflow/example_dags/tutorial.py for tasks to queue
[2024-10-06T04:40:30.184+0000] {logging_mixin.py:190} INFO - [2024-10-06T04:40:30.184+0000] {dagbag.py:588} INFO - Filling up the DagBag from /home/airflow/.local/lib/python3.12/site-packages/airflow/example_dags/tutorial.py
[2024-10-06T04:40:30.191+0000] {processor.py:925} INFO - DAG(s) 'tutorial' retrieved from /home/airflow/.local/lib/python3.12/site-packages/airflow/example_dags/tutorial.py
[2024-10-06T04:40:30.209+0000] {logging_mixin.py:190} INFO - [2024-10-06T04:40:30.209+0000] {dag.py:3239} INFO - Sync 1 DAGs
[2024-10-06T04:40:30.233+0000] {logging_mixin.py:190} INFO - [2024-10-06T04:40:30.233+0000] {dag.py:4180} INFO - Setting next_dagrun for tutorial to 2024-10-05 00:00:00+00:00, run_after=2024-10-06 00:00:00+00:00
[2024-10-06T04:40:30.252+0000] {processor.py:208} INFO - Processing /home/airflow/.local/lib/python3.12/site-packages/airflow/example_dags/tutorial.py took 0.073 seconds
[2024-10-06T04:41:00.933+0000] {processor.py:186} INFO - Started process (PID=2031) to work on /home/airflow/.local/lib/python3.12/site-packages/airflow/example_dags/tutorial.py
[2024-10-06T04:41:00.934+0000] {processor.py:914} INFO - Processing file /home/airflow/.local/lib/python3.12/site-packages/airflow/example_dags/tutorial.py for tasks to queue
[2024-10-06T04:41:00.935+0000] {logging_mixin.py:190} INFO - [2024-10-06T04:41:00.935+0000] {dagbag.py:588} INFO - Filling up the DagBag from /home/airflow/.local/lib/python3.12/site-packages/airflow/example_dags/tutorial.py
[2024-10-06T04:41:00.941+0000] {processor.py:925} INFO - DAG(s) 'tutorial' retrieved from /home/airflow/.local/lib/python3.12/site-packages/airflow/example_dags/tutorial.py
[2024-10-06T04:41:00.960+0000] {logging_mixin.py:190} INFO - [2024-10-06T04:41:00.959+0000] {dag.py:3239} INFO - Sync 1 DAGs
[2024-10-06T04:41:00.981+0000] {logging_mixin.py:190} INFO - [2024-10-06T04:41:00.981+0000] {dag.py:4180} INFO - Setting next_dagrun for tutorial to 2024-10-05 00:00:00+00:00, run_after=2024-10-06 00:00:00+00:00
[2024-10-06T04:41:00.997+0000] {processor.py:208} INFO - Processing /home/airflow/.local/lib/python3.12/site-packages/airflow/example_dags/tutorial.py took 0.068 seconds
[2024-10-06T04:41:31.728+0000] {processor.py:186} INFO - Started process (PID=2094) to work on /home/airflow/.local/lib/python3.12/site-packages/airflow/example_dags/tutorial.py
[2024-10-06T04:41:31.729+0000] {processor.py:914} INFO - Processing file /home/airflow/.local/lib/python3.12/site-packages/airflow/example_dags/tutorial.py for tasks to queue
[2024-10-06T04:41:31.730+0000] {logging_mixin.py:190} INFO - [2024-10-06T04:41:31.730+0000] {dagbag.py:588} INFO - Filling up the DagBag from /home/airflow/.local/lib/python3.12/site-packages/airflow/example_dags/tutorial.py
[2024-10-06T04:41:31.756+0000] {processor.py:925} INFO - DAG(s) 'tutorial' retrieved from /home/airflow/.local/lib/python3.12/site-packages/airflow/example_dags/tutorial.py
[2024-10-06T04:41:31.779+0000] {logging_mixin.py:190} INFO - [2024-10-06T04:41:31.779+0000] {dag.py:3239} INFO - Sync 1 DAGs
[2024-10-06T04:41:31.806+0000] {logging_mixin.py:190} INFO - [2024-10-06T04:41:31.806+0000] {dag.py:4180} INFO - Setting next_dagrun for tutorial to 2024-10-05 00:00:00+00:00, run_after=2024-10-06 00:00:00+00:00
[2024-10-06T04:41:31.826+0000] {processor.py:208} INFO - Processing /home/airflow/.local/lib/python3.12/site-packages/airflow/example_dags/tutorial.py took 0.104 seconds
[2024-10-06T04:42:02.327+0000] {processor.py:186} INFO - Started process (PID=2158) to work on /home/airflow/.local/lib/python3.12/site-packages/airflow/example_dags/tutorial.py
[2024-10-06T04:42:02.327+0000] {processor.py:914} INFO - Processing file /home/airflow/.local/lib/python3.12/site-packages/airflow/example_dags/tutorial.py for tasks to queue
[2024-10-06T04:42:02.328+0000] {logging_mixin.py:190} INFO - [2024-10-06T04:42:02.328+0000] {dagbag.py:588} INFO - Filling up the DagBag from /home/airflow/.local/lib/python3.12/site-packages/airflow/example_dags/tutorial.py
[2024-10-06T04:42:02.335+0000] {processor.py:925} INFO - DAG(s) 'tutorial' retrieved from /home/airflow/.local/lib/python3.12/site-packages/airflow/example_dags/tutorial.py
[2024-10-06T04:42:02.353+0000] {logging_mixin.py:190} INFO - [2024-10-06T04:42:02.353+0000] {dag.py:3239} INFO - Sync 1 DAGs
[2024-10-06T04:42:02.378+0000] {logging_mixin.py:190} INFO - [2024-10-06T04:42:02.378+0000] {dag.py:4180} INFO - Setting next_dagrun for tutorial to 2024-10-05 00:00:00+00:00, run_after=2024-10-06 00:00:00+00:00
[2024-10-06T04:42:02.409+0000] {processor.py:208} INFO - Processing /home/airflow/.local/lib/python3.12/site-packages/airflow/example_dags/tutorial.py took 0.088 seconds
[2024-10-06T04:42:33.185+0000] {processor.py:186} INFO - Started process (PID=2221) to work on /home/airflow/.local/lib/python3.12/site-packages/airflow/example_dags/tutorial.py
[2024-10-06T04:42:33.185+0000] {processor.py:914} INFO - Processing file /home/airflow/.local/lib/python3.12/site-packages/airflow/example_dags/tutorial.py for tasks to queue
[2024-10-06T04:42:33.186+0000] {logging_mixin.py:190} INFO - [2024-10-06T04:42:33.186+0000] {dagbag.py:588} INFO - Filling up the DagBag from /home/airflow/.local/lib/python3.12/site-packages/airflow/example_dags/tutorial.py
[2024-10-06T04:42:33.193+0000] {processor.py:925} INFO - DAG(s) 'tutorial' retrieved from /home/airflow/.local/lib/python3.12/site-packages/airflow/example_dags/tutorial.py
[2024-10-06T04:42:33.211+0000] {logging_mixin.py:190} INFO - [2024-10-06T04:42:33.211+0000] {dag.py:3239} INFO - Sync 1 DAGs
[2024-10-06T04:42:33.236+0000] {logging_mixin.py:190} INFO - [2024-10-06T04:42:33.235+0000] {dag.py:4180} INFO - Setting next_dagrun for tutorial to 2024-10-05 00:00:00+00:00, run_after=2024-10-06 00:00:00+00:00
[2024-10-06T04:42:33.257+0000] {processor.py:208} INFO - Processing /home/airflow/.local/lib/python3.12/site-packages/airflow/example_dags/tutorial.py took 0.076 seconds
[2024-10-06T04:43:03.923+0000] {processor.py:186} INFO - Started process (PID=2284) to work on /home/airflow/.local/lib/python3.12/site-packages/airflow/example_dags/tutorial.py
[2024-10-06T04:43:03.924+0000] {processor.py:914} INFO - Processing file /home/airflow/.local/lib/python3.12/site-packages/airflow/example_dags/tutorial.py for tasks to queue
[2024-10-06T04:43:03.925+0000] {logging_mixin.py:190} INFO - [2024-10-06T04:43:03.924+0000] {dagbag.py:588} INFO - Filling up the DagBag from /home/airflow/.local/lib/python3.12/site-packages/airflow/example_dags/tutorial.py
[2024-10-06T04:43:03.931+0000] {processor.py:925} INFO - DAG(s) 'tutorial' retrieved from /home/airflow/.local/lib/python3.12/site-packages/airflow/example_dags/tutorial.py
[2024-10-06T04:43:03.950+0000] {logging_mixin.py:190} INFO - [2024-10-06T04:43:03.950+0000] {dag.py:3239} INFO - Sync 1 DAGs
[2024-10-06T04:43:03.973+0000] {logging_mixin.py:190} INFO - [2024-10-06T04:43:03.973+0000] {dag.py:4180} INFO - Setting next_dagrun for tutorial to 2024-10-05 00:00:00+00:00, run_after=2024-10-06 00:00:00+00:00
[2024-10-06T04:43:03.998+0000] {processor.py:208} INFO - Processing /home/airflow/.local/lib/python3.12/site-packages/airflow/example_dags/tutorial.py took 0.079 seconds
[2024-10-06T04:43:34.859+0000] {processor.py:186} INFO - Started process (PID=2347) to work on /home/airflow/.local/lib/python3.12/site-packages/airflow/example_dags/tutorial.py
[2024-10-06T04:43:34.859+0000] {processor.py:914} INFO - Processing file /home/airflow/.local/lib/python3.12/site-packages/airflow/example_dags/tutorial.py for tasks to queue
[2024-10-06T04:43:34.861+0000] {logging_mixin.py:190} INFO - [2024-10-06T04:43:34.861+0000] {dagbag.py:588} INFO - Filling up the DagBag from /home/airflow/.local/lib/python3.12/site-packages/airflow/example_dags/tutorial.py
[2024-10-06T04:43:34.870+0000] {processor.py:925} INFO - DAG(s) 'tutorial' retrieved from /home/airflow/.local/lib/python3.12/site-packages/airflow/example_dags/tutorial.py
[2024-10-06T04:43:34.895+0000] {logging_mixin.py:190} INFO - [2024-10-06T04:43:34.894+0000] {dag.py:3239} INFO - Sync 1 DAGs
[2024-10-06T04:43:34.914+0000] {logging_mixin.py:190} INFO - [2024-10-06T04:43:34.914+0000] {dag.py:4180} INFO - Setting next_dagrun for tutorial to 2024-10-05 00:00:00+00:00, run_after=2024-10-06 00:00:00+00:00
[2024-10-06T04:43:34.933+0000] {processor.py:208} INFO - Processing /home/airflow/.local/lib/python3.12/site-packages/airflow/example_dags/tutorial.py took 0.080 seconds
[2024-10-06T04:44:05.075+0000] {processor.py:186} INFO - Started process (PID=2410) to work on /home/airflow/.local/lib/python3.12/site-packages/airflow/example_dags/tutorial.py
[2024-10-06T04:44:05.076+0000] {processor.py:914} INFO - Processing file /home/airflow/.local/lib/python3.12/site-packages/airflow/example_dags/tutorial.py for tasks to queue
[2024-10-06T04:44:05.076+0000] {logging_mixin.py:190} INFO - [2024-10-06T04:44:05.076+0000] {dagbag.py:588} INFO - Filling up the DagBag from /home/airflow/.local/lib/python3.12/site-packages/airflow/example_dags/tutorial.py
[2024-10-06T04:44:05.083+0000] {processor.py:925} INFO - DAG(s) 'tutorial' retrieved from /home/airflow/.local/lib/python3.12/site-packages/airflow/example_dags/tutorial.py
[2024-10-06T04:44:05.098+0000] {logging_mixin.py:190} INFO - [2024-10-06T04:44:05.097+0000] {dag.py:3239} INFO - Sync 1 DAGs
[2024-10-06T04:44:05.122+0000] {logging_mixin.py:190} INFO - [2024-10-06T04:44:05.121+0000] {dag.py:4180} INFO - Setting next_dagrun for tutorial to 2024-10-05 00:00:00+00:00, run_after=2024-10-06 00:00:00+00:00
[2024-10-06T04:44:05.141+0000] {processor.py:208} INFO - Processing /home/airflow/.local/lib/python3.12/site-packages/airflow/example_dags/tutorial.py took 0.070 seconds
[2024-10-06T04:44:36.018+0000] {processor.py:186} INFO - Started process (PID=2475) to work on /home/airflow/.local/lib/python3.12/site-packages/airflow/example_dags/tutorial.py
[2024-10-06T04:44:36.018+0000] {processor.py:914} INFO - Processing file /home/airflow/.local/lib/python3.12/site-packages/airflow/example_dags/tutorial.py for tasks to queue
[2024-10-06T04:44:36.019+0000] {logging_mixin.py:190} INFO - [2024-10-06T04:44:36.019+0000] {dagbag.py:588} INFO - Filling up the DagBag from /home/airflow/.local/lib/python3.12/site-packages/airflow/example_dags/tutorial.py
[2024-10-06T04:44:36.026+0000] {processor.py:925} INFO - DAG(s) 'tutorial' retrieved from /home/airflow/.local/lib/python3.12/site-packages/airflow/example_dags/tutorial.py
[2024-10-06T04:44:36.043+0000] {logging_mixin.py:190} INFO - [2024-10-06T04:44:36.042+0000] {dag.py:3239} INFO - Sync 1 DAGs
[2024-10-06T04:44:36.062+0000] {logging_mixin.py:190} INFO - [2024-10-06T04:44:36.062+0000] {dag.py:4180} INFO - Setting next_dagrun for tutorial to 2024-10-05 00:00:00+00:00, run_after=2024-10-06 00:00:00+00:00
[2024-10-06T04:44:36.080+0000] {processor.py:208} INFO - Processing /home/airflow/.local/lib/python3.12/site-packages/airflow/example_dags/tutorial.py took 0.068 seconds
[2024-10-06T04:45:06.525+0000] {processor.py:186} INFO - Started process (PID=2538) to work on /home/airflow/.local/lib/python3.12/site-packages/airflow/example_dags/tutorial.py
[2024-10-06T04:45:06.525+0000] {processor.py:914} INFO - Processing file /home/airflow/.local/lib/python3.12/site-packages/airflow/example_dags/tutorial.py for tasks to queue
[2024-10-06T04:45:06.526+0000] {logging_mixin.py:190} INFO - [2024-10-06T04:45:06.526+0000] {dagbag.py:588} INFO - Filling up the DagBag from /home/airflow/.local/lib/python3.12/site-packages/airflow/example_dags/tutorial.py
[2024-10-06T04:45:06.534+0000] {processor.py:925} INFO - DAG(s) 'tutorial' retrieved from /home/airflow/.local/lib/python3.12/site-packages/airflow/example_dags/tutorial.py
[2024-10-06T04:45:06.554+0000] {logging_mixin.py:190} INFO - [2024-10-06T04:45:06.553+0000] {dag.py:3239} INFO - Sync 1 DAGs
[2024-10-06T04:45:06.577+0000] {logging_mixin.py:190} INFO - [2024-10-06T04:45:06.576+0000] {dag.py:4180} INFO - Setting next_dagrun for tutorial to 2024-10-05 00:00:00+00:00, run_after=2024-10-06 00:00:00+00:00
[2024-10-06T04:45:06.607+0000] {processor.py:208} INFO - Processing /home/airflow/.local/lib/python3.12/site-packages/airflow/example_dags/tutorial.py took 0.087 seconds
[2024-10-06T04:45:37.286+0000] {processor.py:186} INFO - Started process (PID=2601) to work on /home/airflow/.local/lib/python3.12/site-packages/airflow/example_dags/tutorial.py
[2024-10-06T04:45:37.286+0000] {processor.py:914} INFO - Processing file /home/airflow/.local/lib/python3.12/site-packages/airflow/example_dags/tutorial.py for tasks to queue
[2024-10-06T04:45:37.287+0000] {logging_mixin.py:190} INFO - [2024-10-06T04:45:37.287+0000] {dagbag.py:588} INFO - Filling up the DagBag from /home/airflow/.local/lib/python3.12/site-packages/airflow/example_dags/tutorial.py
[2024-10-06T04:45:37.294+0000] {processor.py:925} INFO - DAG(s) 'tutorial' retrieved from /home/airflow/.local/lib/python3.12/site-packages/airflow/example_dags/tutorial.py
[2024-10-06T04:45:37.311+0000] {logging_mixin.py:190} INFO - [2024-10-06T04:45:37.311+0000] {dag.py:3239} INFO - Sync 1 DAGs
[2024-10-06T04:45:37.330+0000] {logging_mixin.py:190} INFO - [2024-10-06T04:45:37.330+0000] {dag.py:4180} INFO - Setting next_dagrun for tutorial to 2024-10-05 00:00:00+00:00, run_after=2024-10-06 00:00:00+00:00
[2024-10-06T04:45:37.348+0000] {processor.py:208} INFO - Processing /home/airflow/.local/lib/python3.12/site-packages/airflow/example_dags/tutorial.py took 0.067 seconds
[2024-10-06T04:46:07.955+0000] {processor.py:186} INFO - Started process (PID=2664) to work on /home/airflow/.local/lib/python3.12/site-packages/airflow/example_dags/tutorial.py
[2024-10-06T04:46:07.956+0000] {processor.py:914} INFO - Processing file /home/airflow/.local/lib/python3.12/site-packages/airflow/example_dags/tutorial.py for tasks to queue
[2024-10-06T04:46:07.957+0000] {logging_mixin.py:190} INFO - [2024-10-06T04:46:07.957+0000] {dagbag.py:588} INFO - Filling up the DagBag from /home/airflow/.local/lib/python3.12/site-packages/airflow/example_dags/tutorial.py
[2024-10-06T04:46:07.965+0000] {processor.py:925} INFO - DAG(s) 'tutorial' retrieved from /home/airflow/.local/lib/python3.12/site-packages/airflow/example_dags/tutorial.py
[2024-10-06T04:46:07.980+0000] {logging_mixin.py:190} INFO - [2024-10-06T04:46:07.980+0000] {dag.py:3239} INFO - Sync 1 DAGs
[2024-10-06T04:46:08.001+0000] {logging_mixin.py:190} INFO - [2024-10-06T04:46:08.001+0000] {dag.py:4180} INFO - Setting next_dagrun for tutorial to 2024-10-05 00:00:00+00:00, run_after=2024-10-06 00:00:00+00:00
[2024-10-06T04:46:08.018+0000] {processor.py:208} INFO - Processing /home/airflow/.local/lib/python3.12/site-packages/airflow/example_dags/tutorial.py took 0.068 seconds
[2024-10-06T04:46:38.634+0000] {processor.py:186} INFO - Started process (PID=2727) to work on /home/airflow/.local/lib/python3.12/site-packages/airflow/example_dags/tutorial.py
[2024-10-06T04:46:38.634+0000] {processor.py:914} INFO - Processing file /home/airflow/.local/lib/python3.12/site-packages/airflow/example_dags/tutorial.py for tasks to queue
[2024-10-06T04:46:38.635+0000] {logging_mixin.py:190} INFO - [2024-10-06T04:46:38.635+0000] {dagbag.py:588} INFO - Filling up the DagBag from /home/airflow/.local/lib/python3.12/site-packages/airflow/example_dags/tutorial.py
[2024-10-06T04:46:38.643+0000] {processor.py:925} INFO - DAG(s) 'tutorial' retrieved from /home/airflow/.local/lib/python3.12/site-packages/airflow/example_dags/tutorial.py
[2024-10-06T04:46:38.664+0000] {logging_mixin.py:190} INFO - [2024-10-06T04:46:38.663+0000] {dag.py:3239} INFO - Sync 1 DAGs
[2024-10-06T04:46:38.688+0000] {logging_mixin.py:190} INFO - [2024-10-06T04:46:38.688+0000] {dag.py:4180} INFO - Setting next_dagrun for tutorial to 2024-10-05 00:00:00+00:00, run_after=2024-10-06 00:00:00+00:00
[2024-10-06T04:46:38.710+0000] {processor.py:208} INFO - Processing /home/airflow/.local/lib/python3.12/site-packages/airflow/example_dags/tutorial.py took 0.081 seconds
[2024-10-06T04:47:09.106+0000] {processor.py:186} INFO - Started process (PID=2790) to work on /home/airflow/.local/lib/python3.12/site-packages/airflow/example_dags/tutorial.py
[2024-10-06T04:47:09.106+0000] {processor.py:914} INFO - Processing file /home/airflow/.local/lib/python3.12/site-packages/airflow/example_dags/tutorial.py for tasks to queue
[2024-10-06T04:47:09.107+0000] {logging_mixin.py:190} INFO - [2024-10-06T04:47:09.107+0000] {dagbag.py:588} INFO - Filling up the DagBag from /home/airflow/.local/lib/python3.12/site-packages/airflow/example_dags/tutorial.py
[2024-10-06T04:47:09.113+0000] {processor.py:925} INFO - DAG(s) 'tutorial' retrieved from /home/airflow/.local/lib/python3.12/site-packages/airflow/example_dags/tutorial.py
[2024-10-06T04:47:09.131+0000] {logging_mixin.py:190} INFO - [2024-10-06T04:47:09.131+0000] {dag.py:3239} INFO - Sync 1 DAGs
[2024-10-06T04:47:09.154+0000] {logging_mixin.py:190} INFO - [2024-10-06T04:47:09.154+0000] {dag.py:4180} INFO - Setting next_dagrun for tutorial to 2024-10-05 00:00:00+00:00, run_after=2024-10-06 00:00:00+00:00
[2024-10-06T04:47:09.175+0000] {processor.py:208} INFO - Processing /home/airflow/.local/lib/python3.12/site-packages/airflow/example_dags/tutorial.py took 0.073 seconds
[2024-10-06T04:47:40.159+0000] {processor.py:186} INFO - Started process (PID=2853) to work on /home/airflow/.local/lib/python3.12/site-packages/airflow/example_dags/tutorial.py
[2024-10-06T04:47:40.159+0000] {processor.py:914} INFO - Processing file /home/airflow/.local/lib/python3.12/site-packages/airflow/example_dags/tutorial.py for tasks to queue
[2024-10-06T04:47:40.160+0000] {logging_mixin.py:190} INFO - [2024-10-06T04:47:40.160+0000] {dagbag.py:588} INFO - Filling up the DagBag from /home/airflow/.local/lib/python3.12/site-packages/airflow/example_dags/tutorial.py
[2024-10-06T04:47:40.338+0000] {processor.py:925} INFO - DAG(s) 'tutorial' retrieved from /home/airflow/.local/lib/python3.12/site-packages/airflow/example_dags/tutorial.py
[2024-10-06T04:47:40.353+0000] {logging_mixin.py:190} INFO - [2024-10-06T04:47:40.352+0000] {dag.py:3239} INFO - Sync 1 DAGs
[2024-10-06T04:47:40.371+0000] {logging_mixin.py:190} INFO - [2024-10-06T04:47:40.371+0000] {dag.py:4180} INFO - Setting next_dagrun for tutorial to 2024-10-05 00:00:00+00:00, run_after=2024-10-06 00:00:00+00:00
[2024-10-06T04:47:40.389+0000] {processor.py:208} INFO - Processing /home/airflow/.local/lib/python3.12/site-packages/airflow/example_dags/tutorial.py took 0.235 seconds
[2024-10-06T04:48:10.923+0000] {processor.py:186} INFO - Started process (PID=2916) to work on /home/airflow/.local/lib/python3.12/site-packages/airflow/example_dags/tutorial.py
[2024-10-06T04:48:10.924+0000] {processor.py:914} INFO - Processing file /home/airflow/.local/lib/python3.12/site-packages/airflow/example_dags/tutorial.py for tasks to queue
[2024-10-06T04:48:10.925+0000] {logging_mixin.py:190} INFO - [2024-10-06T04:48:10.925+0000] {dagbag.py:588} INFO - Filling up the DagBag from /home/airflow/.local/lib/python3.12/site-packages/airflow/example_dags/tutorial.py
[2024-10-06T04:48:10.932+0000] {processor.py:925} INFO - DAG(s) 'tutorial' retrieved from /home/airflow/.local/lib/python3.12/site-packages/airflow/example_dags/tutorial.py
[2024-10-06T04:48:10.948+0000] {logging_mixin.py:190} INFO - [2024-10-06T04:48:10.947+0000] {dag.py:3239} INFO - Sync 1 DAGs
[2024-10-06T04:48:10.965+0000] {logging_mixin.py:190} INFO - [2024-10-06T04:48:10.965+0000] {dag.py:4180} INFO - Setting next_dagrun for tutorial to 2024-10-05 00:00:00+00:00, run_after=2024-10-06 00:00:00+00:00
[2024-10-06T04:48:10.999+0000] {processor.py:208} INFO - Processing /home/airflow/.local/lib/python3.12/site-packages/airflow/example_dags/tutorial.py took 0.080 seconds
[2024-10-06T04:48:41.326+0000] {processor.py:186} INFO - Started process (PID=2979) to work on /home/airflow/.local/lib/python3.12/site-packages/airflow/example_dags/tutorial.py
[2024-10-06T04:48:41.327+0000] {processor.py:914} INFO - Processing file /home/airflow/.local/lib/python3.12/site-packages/airflow/example_dags/tutorial.py for tasks to queue
[2024-10-06T04:48:41.328+0000] {logging_mixin.py:190} INFO - [2024-10-06T04:48:41.328+0000] {dagbag.py:588} INFO - Filling up the DagBag from /home/airflow/.local/lib/python3.12/site-packages/airflow/example_dags/tutorial.py
[2024-10-06T04:48:41.337+0000] {processor.py:925} INFO - DAG(s) 'tutorial' retrieved from /home/airflow/.local/lib/python3.12/site-packages/airflow/example_dags/tutorial.py
[2024-10-06T04:48:41.358+0000] {logging_mixin.py:190} INFO - [2024-10-06T04:48:41.357+0000] {dag.py:3239} INFO - Sync 1 DAGs
[2024-10-06T04:48:41.381+0000] {logging_mixin.py:190} INFO - [2024-10-06T04:48:41.381+0000] {dag.py:4180} INFO - Setting next_dagrun for tutorial to 2024-10-05 00:00:00+00:00, run_after=2024-10-06 00:00:00+00:00
[2024-10-06T04:48:41.403+0000] {processor.py:208} INFO - Processing /home/airflow/.local/lib/python3.12/site-packages/airflow/example_dags/tutorial.py took 0.083 seconds
[2024-10-06T04:49:11.946+0000] {processor.py:186} INFO - Started process (PID=3043) to work on /home/airflow/.local/lib/python3.12/site-packages/airflow/example_dags/tutorial.py
[2024-10-06T04:49:11.946+0000] {processor.py:914} INFO - Processing file /home/airflow/.local/lib/python3.12/site-packages/airflow/example_dags/tutorial.py for tasks to queue
[2024-10-06T04:49:11.947+0000] {logging_mixin.py:190} INFO - [2024-10-06T04:49:11.947+0000] {dagbag.py:588} INFO - Filling up the DagBag from /home/airflow/.local/lib/python3.12/site-packages/airflow/example_dags/tutorial.py
[2024-10-06T04:49:11.953+0000] {processor.py:925} INFO - DAG(s) 'tutorial' retrieved from /home/airflow/.local/lib/python3.12/site-packages/airflow/example_dags/tutorial.py
[2024-10-06T04:49:11.969+0000] {logging_mixin.py:190} INFO - [2024-10-06T04:49:11.969+0000] {dag.py:3239} INFO - Sync 1 DAGs
[2024-10-06T04:49:11.986+0000] {logging_mixin.py:190} INFO - [2024-10-06T04:49:11.986+0000] {dag.py:4180} INFO - Setting next_dagrun for tutorial to 2024-10-05 00:00:00+00:00, run_after=2024-10-06 00:00:00+00:00
[2024-10-06T04:49:12.005+0000] {processor.py:208} INFO - Processing /home/airflow/.local/lib/python3.12/site-packages/airflow/example_dags/tutorial.py took 0.063 seconds
[2024-10-06T04:49:42.155+0000] {processor.py:186} INFO - Started process (PID=3105) to work on /home/airflow/.local/lib/python3.12/site-packages/airflow/example_dags/tutorial.py
[2024-10-06T04:49:42.156+0000] {processor.py:914} INFO - Processing file /home/airflow/.local/lib/python3.12/site-packages/airflow/example_dags/tutorial.py for tasks to queue
[2024-10-06T04:49:42.157+0000] {logging_mixin.py:190} INFO - [2024-10-06T04:49:42.156+0000] {dagbag.py:588} INFO - Filling up the DagBag from /home/airflow/.local/lib/python3.12/site-packages/airflow/example_dags/tutorial.py
[2024-10-06T04:49:42.166+0000] {processor.py:925} INFO - DAG(s) 'tutorial' retrieved from /home/airflow/.local/lib/python3.12/site-packages/airflow/example_dags/tutorial.py
[2024-10-06T04:49:42.189+0000] {logging_mixin.py:190} INFO - [2024-10-06T04:49:42.189+0000] {dag.py:3239} INFO - Sync 1 DAGs
[2024-10-06T04:49:42.224+0000] {logging_mixin.py:190} INFO - [2024-10-06T04:49:42.223+0000] {dag.py:4180} INFO - Setting next_dagrun for tutorial to 2024-10-05 00:00:00+00:00, run_after=2024-10-06 00:00:00+00:00
[2024-10-06T04:49:42.268+0000] {processor.py:208} INFO - Processing /home/airflow/.local/lib/python3.12/site-packages/airflow/example_dags/tutorial.py took 0.119 seconds
[2024-10-06T04:50:12.615+0000] {processor.py:186} INFO - Started process (PID=3168) to work on /home/airflow/.local/lib/python3.12/site-packages/airflow/example_dags/tutorial.py
[2024-10-06T04:50:12.616+0000] {processor.py:914} INFO - Processing file /home/airflow/.local/lib/python3.12/site-packages/airflow/example_dags/tutorial.py for tasks to queue
[2024-10-06T04:50:12.617+0000] {logging_mixin.py:190} INFO - [2024-10-06T04:50:12.617+0000] {dagbag.py:588} INFO - Filling up the DagBag from /home/airflow/.local/lib/python3.12/site-packages/airflow/example_dags/tutorial.py
[2024-10-06T04:50:12.626+0000] {processor.py:925} INFO - DAG(s) 'tutorial' retrieved from /home/airflow/.local/lib/python3.12/site-packages/airflow/example_dags/tutorial.py
[2024-10-06T04:50:12.647+0000] {logging_mixin.py:190} INFO - [2024-10-06T04:50:12.647+0000] {dag.py:3239} INFO - Sync 1 DAGs
[2024-10-06T04:50:12.668+0000] {logging_mixin.py:190} INFO - [2024-10-06T04:50:12.668+0000] {dag.py:4180} INFO - Setting next_dagrun for tutorial to 2024-10-05 00:00:00+00:00, run_after=2024-10-06 00:00:00+00:00
[2024-10-06T04:50:12.687+0000] {processor.py:208} INFO - Processing /home/airflow/.local/lib/python3.12/site-packages/airflow/example_dags/tutorial.py took 0.078 seconds
[2024-10-06T04:50:42.879+0000] {processor.py:186} INFO - Started process (PID=3230) to work on /home/airflow/.local/lib/python3.12/site-packages/airflow/example_dags/tutorial.py
[2024-10-06T04:50:42.880+0000] {processor.py:914} INFO - Processing file /home/airflow/.local/lib/python3.12/site-packages/airflow/example_dags/tutorial.py for tasks to queue
[2024-10-06T04:50:42.880+0000] {logging_mixin.py:190} INFO - [2024-10-06T04:50:42.880+0000] {dagbag.py:588} INFO - Filling up the DagBag from /home/airflow/.local/lib/python3.12/site-packages/airflow/example_dags/tutorial.py
[2024-10-06T04:50:42.887+0000] {processor.py:925} INFO - DAG(s) 'tutorial' retrieved from /home/airflow/.local/lib/python3.12/site-packages/airflow/example_dags/tutorial.py
[2024-10-06T04:50:42.905+0000] {logging_mixin.py:190} INFO - [2024-10-06T04:50:42.904+0000] {dag.py:3239} INFO - Sync 1 DAGs
[2024-10-06T04:50:42.929+0000] {logging_mixin.py:190} INFO - [2024-10-06T04:50:42.929+0000] {dag.py:4180} INFO - Setting next_dagrun for tutorial to 2024-10-05 00:00:00+00:00, run_after=2024-10-06 00:00:00+00:00
[2024-10-06T04:50:42.948+0000] {processor.py:208} INFO - Processing /home/airflow/.local/lib/python3.12/site-packages/airflow/example_dags/tutorial.py took 0.073 seconds
[2024-10-06T04:51:13.618+0000] {processor.py:186} INFO - Started process (PID=3294) to work on /home/airflow/.local/lib/python3.12/site-packages/airflow/example_dags/tutorial.py
[2024-10-06T04:51:13.618+0000] {processor.py:914} INFO - Processing file /home/airflow/.local/lib/python3.12/site-packages/airflow/example_dags/tutorial.py for tasks to queue
[2024-10-06T04:51:13.619+0000] {logging_mixin.py:190} INFO - [2024-10-06T04:51:13.619+0000] {dagbag.py:588} INFO - Filling up the DagBag from /home/airflow/.local/lib/python3.12/site-packages/airflow/example_dags/tutorial.py
[2024-10-06T04:51:13.626+0000] {processor.py:925} INFO - DAG(s) 'tutorial' retrieved from /home/airflow/.local/lib/python3.12/site-packages/airflow/example_dags/tutorial.py
[2024-10-06T04:51:13.642+0000] {logging_mixin.py:190} INFO - [2024-10-06T04:51:13.641+0000] {dag.py:3239} INFO - Sync 1 DAGs
[2024-10-06T04:51:13.659+0000] {logging_mixin.py:190} INFO - [2024-10-06T04:51:13.659+0000] {dag.py:4180} INFO - Setting next_dagrun for tutorial to 2024-10-05 00:00:00+00:00, run_after=2024-10-06 00:00:00+00:00
[2024-10-06T04:51:13.677+0000] {processor.py:208} INFO - Processing /home/airflow/.local/lib/python3.12/site-packages/airflow/example_dags/tutorial.py took 0.064 seconds
[2024-10-06T04:51:43.800+0000] {processor.py:186} INFO - Started process (PID=3356) to work on /home/airflow/.local/lib/python3.12/site-packages/airflow/example_dags/tutorial.py
[2024-10-06T04:51:43.800+0000] {processor.py:914} INFO - Processing file /home/airflow/.local/lib/python3.12/site-packages/airflow/example_dags/tutorial.py for tasks to queue
[2024-10-06T04:51:43.801+0000] {logging_mixin.py:190} INFO - [2024-10-06T04:51:43.801+0000] {dagbag.py:588} INFO - Filling up the DagBag from /home/airflow/.local/lib/python3.12/site-packages/airflow/example_dags/tutorial.py
[2024-10-06T04:51:43.808+0000] {processor.py:925} INFO - DAG(s) 'tutorial' retrieved from /home/airflow/.local/lib/python3.12/site-packages/airflow/example_dags/tutorial.py
[2024-10-06T04:51:43.826+0000] {logging_mixin.py:190} INFO - [2024-10-06T04:51:43.826+0000] {dag.py:3239} INFO - Sync 1 DAGs
[2024-10-06T04:51:43.845+0000] {logging_mixin.py:190} INFO - [2024-10-06T04:51:43.844+0000] {dag.py:4180} INFO - Setting next_dagrun for tutorial to 2024-10-05 00:00:00+00:00, run_after=2024-10-06 00:00:00+00:00
[2024-10-06T04:51:43.865+0000] {processor.py:208} INFO - Processing /home/airflow/.local/lib/python3.12/site-packages/airflow/example_dags/tutorial.py took 0.069 seconds
[2024-10-06T04:52:14.101+0000] {processor.py:186} INFO - Started process (PID=3419) to work on /home/airflow/.local/lib/python3.12/site-packages/airflow/example_dags/tutorial.py
[2024-10-06T04:52:14.102+0000] {processor.py:914} INFO - Processing file /home/airflow/.local/lib/python3.12/site-packages/airflow/example_dags/tutorial.py for tasks to queue
[2024-10-06T04:52:14.103+0000] {logging_mixin.py:190} INFO - [2024-10-06T04:52:14.102+0000] {dagbag.py:588} INFO - Filling up the DagBag from /home/airflow/.local/lib/python3.12/site-packages/airflow/example_dags/tutorial.py
[2024-10-06T04:52:14.110+0000] {processor.py:925} INFO - DAG(s) 'tutorial' retrieved from /home/airflow/.local/lib/python3.12/site-packages/airflow/example_dags/tutorial.py
[2024-10-06T04:52:14.125+0000] {logging_mixin.py:190} INFO - [2024-10-06T04:52:14.125+0000] {dag.py:3239} INFO - Sync 1 DAGs
[2024-10-06T04:52:14.142+0000] {logging_mixin.py:190} INFO - [2024-10-06T04:52:14.142+0000] {dag.py:4180} INFO - Setting next_dagrun for tutorial to 2024-10-05 00:00:00+00:00, run_after=2024-10-06 00:00:00+00:00
[2024-10-06T04:52:14.163+0000] {processor.py:208} INFO - Processing /home/airflow/.local/lib/python3.12/site-packages/airflow/example_dags/tutorial.py took 0.067 seconds
[2024-10-06T04:52:44.394+0000] {processor.py:186} INFO - Started process (PID=3483) to work on /home/airflow/.local/lib/python3.12/site-packages/airflow/example_dags/tutorial.py
[2024-10-06T04:52:44.395+0000] {processor.py:914} INFO - Processing file /home/airflow/.local/lib/python3.12/site-packages/airflow/example_dags/tutorial.py for tasks to queue
[2024-10-06T04:52:44.396+0000] {logging_mixin.py:190} INFO - [2024-10-06T04:52:44.396+0000] {dagbag.py:588} INFO - Filling up the DagBag from /home/airflow/.local/lib/python3.12/site-packages/airflow/example_dags/tutorial.py
[2024-10-06T04:52:44.402+0000] {processor.py:925} INFO - DAG(s) 'tutorial' retrieved from /home/airflow/.local/lib/python3.12/site-packages/airflow/example_dags/tutorial.py
[2024-10-06T04:52:44.422+0000] {logging_mixin.py:190} INFO - [2024-10-06T04:52:44.421+0000] {dag.py:3239} INFO - Sync 1 DAGs
[2024-10-06T04:52:44.439+0000] {logging_mixin.py:190} INFO - [2024-10-06T04:52:44.439+0000] {dag.py:4180} INFO - Setting next_dagrun for tutorial to 2024-10-05 00:00:00+00:00, run_after=2024-10-06 00:00:00+00:00
[2024-10-06T04:52:44.457+0000] {processor.py:208} INFO - Processing /home/airflow/.local/lib/python3.12/site-packages/airflow/example_dags/tutorial.py took 0.066 seconds
[2024-10-06T04:53:14.724+0000] {processor.py:186} INFO - Started process (PID=3546) to work on /home/airflow/.local/lib/python3.12/site-packages/airflow/example_dags/tutorial.py
[2024-10-06T04:53:14.724+0000] {processor.py:914} INFO - Processing file /home/airflow/.local/lib/python3.12/site-packages/airflow/example_dags/tutorial.py for tasks to queue
[2024-10-06T04:53:14.725+0000] {logging_mixin.py:190} INFO - [2024-10-06T04:53:14.725+0000] {dagbag.py:588} INFO - Filling up the DagBag from /home/airflow/.local/lib/python3.12/site-packages/airflow/example_dags/tutorial.py
[2024-10-06T04:53:14.732+0000] {processor.py:925} INFO - DAG(s) 'tutorial' retrieved from /home/airflow/.local/lib/python3.12/site-packages/airflow/example_dags/tutorial.py
[2024-10-06T04:53:14.748+0000] {logging_mixin.py:190} INFO - [2024-10-06T04:53:14.748+0000] {dag.py:3239} INFO - Sync 1 DAGs
[2024-10-06T04:53:14.769+0000] {logging_mixin.py:190} INFO - [2024-10-06T04:53:14.769+0000] {dag.py:4180} INFO - Setting next_dagrun for tutorial to 2024-10-05 00:00:00+00:00, run_after=2024-10-06 00:00:00+00:00
[2024-10-06T04:53:14.798+0000] {processor.py:208} INFO - Processing /home/airflow/.local/lib/python3.12/site-packages/airflow/example_dags/tutorial.py took 0.079 seconds
[2024-10-06T04:53:45.008+0000] {processor.py:186} INFO - Started process (PID=3609) to work on /home/airflow/.local/lib/python3.12/site-packages/airflow/example_dags/tutorial.py
[2024-10-06T04:53:45.008+0000] {processor.py:914} INFO - Processing file /home/airflow/.local/lib/python3.12/site-packages/airflow/example_dags/tutorial.py for tasks to queue
[2024-10-06T04:53:45.009+0000] {logging_mixin.py:190} INFO - [2024-10-06T04:53:45.009+0000] {dagbag.py:588} INFO - Filling up the DagBag from /home/airflow/.local/lib/python3.12/site-packages/airflow/example_dags/tutorial.py
[2024-10-06T04:53:45.015+0000] {processor.py:925} INFO - DAG(s) 'tutorial' retrieved from /home/airflow/.local/lib/python3.12/site-packages/airflow/example_dags/tutorial.py
[2024-10-06T04:53:45.030+0000] {logging_mixin.py:190} INFO - [2024-10-06T04:53:45.030+0000] {dag.py:3239} INFO - Sync 1 DAGs
[2024-10-06T04:53:45.050+0000] {logging_mixin.py:190} INFO - [2024-10-06T04:53:45.050+0000] {dag.py:4180} INFO - Setting next_dagrun for tutorial to 2024-10-05 00:00:00+00:00, run_after=2024-10-06 00:00:00+00:00
[2024-10-06T04:53:45.087+0000] {processor.py:208} INFO - Processing /home/airflow/.local/lib/python3.12/site-packages/airflow/example_dags/tutorial.py took 0.084 seconds
[2024-10-06T04:54:15.220+0000] {processor.py:186} INFO - Started process (PID=3672) to work on /home/airflow/.local/lib/python3.12/site-packages/airflow/example_dags/tutorial.py
[2024-10-06T04:54:15.221+0000] {processor.py:914} INFO - Processing file /home/airflow/.local/lib/python3.12/site-packages/airflow/example_dags/tutorial.py for tasks to queue
[2024-10-06T04:54:15.221+0000] {logging_mixin.py:190} INFO - [2024-10-06T04:54:15.221+0000] {dagbag.py:588} INFO - Filling up the DagBag from /home/airflow/.local/lib/python3.12/site-packages/airflow/example_dags/tutorial.py
[2024-10-06T04:54:15.228+0000] {processor.py:925} INFO - DAG(s) 'tutorial' retrieved from /home/airflow/.local/lib/python3.12/site-packages/airflow/example_dags/tutorial.py
[2024-10-06T04:54:15.245+0000] {logging_mixin.py:190} INFO - [2024-10-06T04:54:15.245+0000] {dag.py:3239} INFO - Sync 1 DAGs
[2024-10-06T04:54:15.269+0000] {logging_mixin.py:190} INFO - [2024-10-06T04:54:15.269+0000] {dag.py:4180} INFO - Setting next_dagrun for tutorial to 2024-10-05 00:00:00+00:00, run_after=2024-10-06 00:00:00+00:00
[2024-10-06T04:54:15.288+0000] {processor.py:208} INFO - Processing /home/airflow/.local/lib/python3.12/site-packages/airflow/example_dags/tutorial.py took 0.072 seconds
[2024-10-06T04:54:45.540+0000] {processor.py:186} INFO - Started process (PID=3735) to work on /home/airflow/.local/lib/python3.12/site-packages/airflow/example_dags/tutorial.py
[2024-10-06T04:54:45.541+0000] {processor.py:914} INFO - Processing file /home/airflow/.local/lib/python3.12/site-packages/airflow/example_dags/tutorial.py for tasks to queue
[2024-10-06T04:54:45.542+0000] {logging_mixin.py:190} INFO - [2024-10-06T04:54:45.541+0000] {dagbag.py:588} INFO - Filling up the DagBag from /home/airflow/.local/lib/python3.12/site-packages/airflow/example_dags/tutorial.py
[2024-10-06T04:54:45.550+0000] {processor.py:925} INFO - DAG(s) 'tutorial' retrieved from /home/airflow/.local/lib/python3.12/site-packages/airflow/example_dags/tutorial.py
[2024-10-06T04:54:45.568+0000] {logging_mixin.py:190} INFO - [2024-10-06T04:54:45.568+0000] {dag.py:3239} INFO - Sync 1 DAGs
[2024-10-06T04:54:45.592+0000] {logging_mixin.py:190} INFO - [2024-10-06T04:54:45.592+0000] {dag.py:4180} INFO - Setting next_dagrun for tutorial to 2024-10-05 00:00:00+00:00, run_after=2024-10-06 00:00:00+00:00
[2024-10-06T04:54:45.609+0000] {processor.py:208} INFO - Processing /home/airflow/.local/lib/python3.12/site-packages/airflow/example_dags/tutorial.py took 0.074 seconds
[2024-10-06T04:55:16.004+0000] {processor.py:186} INFO - Started process (PID=3800) to work on /home/airflow/.local/lib/python3.12/site-packages/airflow/example_dags/tutorial.py
[2024-10-06T04:55:16.005+0000] {processor.py:914} INFO - Processing file /home/airflow/.local/lib/python3.12/site-packages/airflow/example_dags/tutorial.py for tasks to queue
[2024-10-06T04:55:16.006+0000] {logging_mixin.py:190} INFO - [2024-10-06T04:55:16.006+0000] {dagbag.py:588} INFO - Filling up the DagBag from /home/airflow/.local/lib/python3.12/site-packages/airflow/example_dags/tutorial.py
[2024-10-06T04:55:16.015+0000] {processor.py:925} INFO - DAG(s) 'tutorial' retrieved from /home/airflow/.local/lib/python3.12/site-packages/airflow/example_dags/tutorial.py
[2024-10-06T04:55:16.031+0000] {logging_mixin.py:190} INFO - [2024-10-06T04:55:16.031+0000] {dag.py:3239} INFO - Sync 1 DAGs
[2024-10-06T04:55:16.054+0000] {logging_mixin.py:190} INFO - [2024-10-06T04:55:16.054+0000] {dag.py:4180} INFO - Setting next_dagrun for tutorial to 2024-10-05 00:00:00+00:00, run_after=2024-10-06 00:00:00+00:00
[2024-10-06T04:55:16.079+0000] {processor.py:208} INFO - Processing /home/airflow/.local/lib/python3.12/site-packages/airflow/example_dags/tutorial.py took 0.081 seconds
[2024-10-06T04:55:46.358+0000] {processor.py:186} INFO - Started process (PID=3863) to work on /home/airflow/.local/lib/python3.12/site-packages/airflow/example_dags/tutorial.py
[2024-10-06T04:55:46.359+0000] {processor.py:914} INFO - Processing file /home/airflow/.local/lib/python3.12/site-packages/airflow/example_dags/tutorial.py for tasks to queue
[2024-10-06T04:55:46.360+0000] {logging_mixin.py:190} INFO - [2024-10-06T04:55:46.360+0000] {dagbag.py:588} INFO - Filling up the DagBag from /home/airflow/.local/lib/python3.12/site-packages/airflow/example_dags/tutorial.py
[2024-10-06T04:55:46.368+0000] {processor.py:925} INFO - DAG(s) 'tutorial' retrieved from /home/airflow/.local/lib/python3.12/site-packages/airflow/example_dags/tutorial.py
[2024-10-06T04:55:46.386+0000] {logging_mixin.py:190} INFO - [2024-10-06T04:55:46.386+0000] {dag.py:3239} INFO - Sync 1 DAGs
[2024-10-06T04:55:46.410+0000] {logging_mixin.py:190} INFO - [2024-10-06T04:55:46.410+0000] {dag.py:4180} INFO - Setting next_dagrun for tutorial to 2024-10-05 00:00:00+00:00, run_after=2024-10-06 00:00:00+00:00
[2024-10-06T04:55:46.431+0000] {processor.py:208} INFO - Processing /home/airflow/.local/lib/python3.12/site-packages/airflow/example_dags/tutorial.py took 0.078 seconds
[2024-10-06T04:56:16.843+0000] {processor.py:186} INFO - Started process (PID=3927) to work on /home/airflow/.local/lib/python3.12/site-packages/airflow/example_dags/tutorial.py
[2024-10-06T04:56:16.843+0000] {processor.py:914} INFO - Processing file /home/airflow/.local/lib/python3.12/site-packages/airflow/example_dags/tutorial.py for tasks to queue
[2024-10-06T04:56:16.845+0000] {logging_mixin.py:190} INFO - [2024-10-06T04:56:16.844+0000] {dagbag.py:588} INFO - Filling up the DagBag from /home/airflow/.local/lib/python3.12/site-packages/airflow/example_dags/tutorial.py
[2024-10-06T04:56:16.853+0000] {processor.py:925} INFO - DAG(s) 'tutorial' retrieved from /home/airflow/.local/lib/python3.12/site-packages/airflow/example_dags/tutorial.py
[2024-10-06T04:56:16.875+0000] {logging_mixin.py:190} INFO - [2024-10-06T04:56:16.874+0000] {dag.py:3239} INFO - Sync 1 DAGs
[2024-10-06T04:56:16.902+0000] {logging_mixin.py:190} INFO - [2024-10-06T04:56:16.902+0000] {dag.py:4180} INFO - Setting next_dagrun for tutorial to 2024-10-05 00:00:00+00:00, run_after=2024-10-06 00:00:00+00:00
[2024-10-06T04:56:16.938+0000] {processor.py:208} INFO - Processing /home/airflow/.local/lib/python3.12/site-packages/airflow/example_dags/tutorial.py took 0.104 seconds
[2024-10-06T04:56:47.249+0000] {processor.py:186} INFO - Started process (PID=3991) to work on /home/airflow/.local/lib/python3.12/site-packages/airflow/example_dags/tutorial.py
[2024-10-06T04:56:47.250+0000] {processor.py:914} INFO - Processing file /home/airflow/.local/lib/python3.12/site-packages/airflow/example_dags/tutorial.py for tasks to queue
[2024-10-06T04:56:47.251+0000] {logging_mixin.py:190} INFO - [2024-10-06T04:56:47.251+0000] {dagbag.py:588} INFO - Filling up the DagBag from /home/airflow/.local/lib/python3.12/site-packages/airflow/example_dags/tutorial.py
[2024-10-06T04:56:47.258+0000] {processor.py:925} INFO - DAG(s) 'tutorial' retrieved from /home/airflow/.local/lib/python3.12/site-packages/airflow/example_dags/tutorial.py
[2024-10-06T04:56:47.273+0000] {logging_mixin.py:190} INFO - [2024-10-06T04:56:47.273+0000] {dag.py:3239} INFO - Sync 1 DAGs
[2024-10-06T04:56:47.291+0000] {logging_mixin.py:190} INFO - [2024-10-06T04:56:47.291+0000] {dag.py:4180} INFO - Setting next_dagrun for tutorial to 2024-10-05 00:00:00+00:00, run_after=2024-10-06 00:00:00+00:00
[2024-10-06T04:56:47.309+0000] {processor.py:208} INFO - Processing /home/airflow/.local/lib/python3.12/site-packages/airflow/example_dags/tutorial.py took 0.064 seconds
[2024-10-06T04:57:17.807+0000] {processor.py:186} INFO - Started process (PID=4055) to work on /home/airflow/.local/lib/python3.12/site-packages/airflow/example_dags/tutorial.py
[2024-10-06T04:57:17.808+0000] {processor.py:914} INFO - Processing file /home/airflow/.local/lib/python3.12/site-packages/airflow/example_dags/tutorial.py for tasks to queue
[2024-10-06T04:57:17.809+0000] {logging_mixin.py:190} INFO - [2024-10-06T04:57:17.809+0000] {dagbag.py:588} INFO - Filling up the DagBag from /home/airflow/.local/lib/python3.12/site-packages/airflow/example_dags/tutorial.py
[2024-10-06T04:57:17.816+0000] {processor.py:925} INFO - DAG(s) 'tutorial' retrieved from /home/airflow/.local/lib/python3.12/site-packages/airflow/example_dags/tutorial.py
[2024-10-06T04:57:17.833+0000] {logging_mixin.py:190} INFO - [2024-10-06T04:57:17.833+0000] {dag.py:3239} INFO - Sync 1 DAGs
[2024-10-06T04:57:17.858+0000] {logging_mixin.py:190} INFO - [2024-10-06T04:57:17.858+0000] {dag.py:4180} INFO - Setting next_dagrun for tutorial to 2024-10-05 00:00:00+00:00, run_after=2024-10-06 00:00:00+00:00
[2024-10-06T04:57:17.880+0000] {processor.py:208} INFO - Processing /home/airflow/.local/lib/python3.12/site-packages/airflow/example_dags/tutorial.py took 0.078 seconds
[2024-10-06T04:57:48.218+0000] {processor.py:186} INFO - Started process (PID=4119) to work on /home/airflow/.local/lib/python3.12/site-packages/airflow/example_dags/tutorial.py
[2024-10-06T04:57:48.218+0000] {processor.py:914} INFO - Processing file /home/airflow/.local/lib/python3.12/site-packages/airflow/example_dags/tutorial.py for tasks to queue
[2024-10-06T04:57:48.219+0000] {logging_mixin.py:190} INFO - [2024-10-06T04:57:48.219+0000] {dagbag.py:588} INFO - Filling up the DagBag from /home/airflow/.local/lib/python3.12/site-packages/airflow/example_dags/tutorial.py
[2024-10-06T04:57:48.226+0000] {processor.py:925} INFO - DAG(s) 'tutorial' retrieved from /home/airflow/.local/lib/python3.12/site-packages/airflow/example_dags/tutorial.py
[2024-10-06T04:57:48.243+0000] {logging_mixin.py:190} INFO - [2024-10-06T04:57:48.243+0000] {dag.py:3239} INFO - Sync 1 DAGs
[2024-10-06T04:57:48.264+0000] {logging_mixin.py:190} INFO - [2024-10-06T04:57:48.264+0000] {dag.py:4180} INFO - Setting next_dagrun for tutorial to 2024-10-05 00:00:00+00:00, run_after=2024-10-06 00:00:00+00:00
[2024-10-06T04:57:48.285+0000] {processor.py:208} INFO - Processing /home/airflow/.local/lib/python3.12/site-packages/airflow/example_dags/tutorial.py took 0.071 seconds
